0.0,998
0.001,997
0.002,996
0.002,995
0.002,994
0.002,993
0.002,992
0.003,991
0.003,990
0.003,989
0.003,988
0.003,987
0.003,986
0.003,985
0.003,984
0.003,983
0.004,982
0.004,981
0.004,980
0.004,979
0.004,978
0.004,977
0.004,976
0.004,975
0.004,974
0.004,973
0.004,972
0.004,971
0.004,970
0.005,969
0.005,968
0.005,967
0.005,966
0.005,965
0.005,964
0.005,963
0.005,962
0.005,961
0.005,960
0.005,959
0.005,958
0.005,957
0.005,956
0.005,955
0.005,954
0.006,953
0.006,952
0.006,951
0.006,950
0.006,949
0.006,948
0.006,947
0.006,946
0.006,945
0.006,944
0.006,943
0.006,942
0.006,941
0.006,940
0.006,939
0.006,938
0.006,937
0.007,936
0.007,935
0.007,934
0.007,933
0.007,932
0.007,931
0.007,930
0.007,929
0.007,928
0.007,927
0.007,926
0.007,925
0.007,924
0.007,923
0.008,922
0.008,921
0.008,920
0.008,919
0.008,918
0.008,917
0.008,916
0.008,915
0.008,914
0.008,913
0.008,912
0.008,911
0.008,910
0.01,909
0.01,908
0.011,907
0.011,906
0.011,905
0.011,904
0.011,903
0.011,902
0.011,901
0.011,900
0.011,899
0.011,898
0.011,897
0.011,896
0.011,895
0.011,894
0.011,893
0.011,892
0.011,891
0.011,890
0.011,889
0.011,888
0.011,887
0.011,886
0.011,885
0.011,884
0.011,883
0.011,882
0.012,881
0.012,880
0.012,879
0.012,878
0.012,877
0.012,876
0.012,875
0.012,874
0.012,873
0.012,872
0.012,871
0.012,870
0.012,869
0.012,868
0.012,867
0.012,866
0.012,865
0.012,864
0.012,863
0.012,862
0.012,861
0.012,860
0.012,859
0.012,858
0.013,857
0.013,856
0.013,855
0.013,854
0.013,853
0.013,852
0.013,851
0.013,850
0.013,849
0.013,848
0.013,847
0.013,846
0.013,845
0.013,844
0.013,843
0.013,842
0.013,841
0.013,840
0.013,839
0.013,838
0.013,837
0.013,836
0.013,835
0.013,834
0.013,833
0.014,832
0.014,831
0.014,830
0.014,829
0.014,828
0.014,827
0.014,826
0.014,825
0.014,824
0.014,823
0.014,822
0.014,821
0.014,820
0.014,819
0.014,818
0.014,817
0.014,816
0.014,815
0.014,814
0.014,813
0.015,812
0.015,811
0.015,810
0.015,809
0.015,808
0.015,807
0.015,806
0.015,805
0.015,804
0.015,803
0.015,802
0.015,801
0.015,800
0.015,799
0.015,798
0.015,797
0.016,796
0.016,795
0.016,794
0.016,793
0.016,792
0.016,791
0.016,790
0.016,789
0.016,788
0.016,787
0.016,786
0.016,785
0.017,784
0.017,783
0.017,782
0.017,781
0.017,780
0.018,779
0.018,778
0.018,777
0.018,776
0.019,775
0.019,774
0.019,773
0.019,772
0.02,771
0.02,770
0.021,769
0.021,768
0.023,767
0.025,766
