0.0,998
0.0,997
0.001,996
0.001,995
0.001,994
0.002,993
0.002,992
0.002,991
0.002,990
0.002,989
0.002,988
0.003,987
0.003,986
0.003,985
0.003,984
0.003,983
0.003,982
0.003,981
0.004,980
0.004,979
0.004,978
0.004,977
0.004,976
0.004,975
0.004,974
0.004,973
0.004,972
0.004,971
0.004,970
0.004,969
0.004,968
0.004,967
0.004,966
0.004,965
0.004,964
0.004,963
0.005,962
0.005,961
0.005,960
0.005,959
0.005,958
0.005,957
0.005,956
0.005,955
0.005,954
0.005,953
0.005,952
0.005,951
0.005,950
0.005,949
0.005,948
0.005,947
0.006,946
0.006,945
0.006,944
0.006,943
0.006,942
0.006,941
0.006,940
0.006,939
0.006,938
0.006,937
0.006,936
0.006,935
0.006,934
0.006,933
0.006,932
0.006,931
0.007,930
0.007,929
0.007,928
0.007,927
0.007,926
0.007,925
0.007,924
0.007,923
0.007,922
0.007,921
0.007,920
0.007,919
0.007,918
0.008,917
0.008,916
0.008,915
0.008,914
0.008,913
0.008,912
0.01,911
0.01,910
0.01,909
0.01,908
0.01,907
0.01,906
0.01,905
0.01,904
0.01,903
0.01,902
0.01,901
0.01,900
0.01,899
0.01,898
0.011,897
0.011,896
0.011,895
0.011,894
0.011,893
0.011,892
0.011,891
0.011,890
0.011,889
0.011,888
0.011,887
0.011,886
0.011,885
0.011,884
0.011,883
0.011,882
0.011,881
0.011,880
0.011,879
0.011,878
0.011,877
0.011,876
0.011,875
0.011,874
0.011,873
0.011,872
0.011,871
0.011,870
0.011,869
0.011,868
0.011,867
0.011,866
0.011,865
0.011,864
0.011,863
0.012,862
0.012,861
0.012,860
0.012,859
0.012,858
0.012,857
0.012,856
0.012,855
0.012,854
0.012,853
0.012,852
0.012,851
0.012,850
0.012,849
0.012,848
0.012,847
0.012,846
0.012,845
0.012,844
0.012,843
0.012,842
0.012,841
0.012,840
0.012,839
0.012,838
0.012,837
0.012,836
0.012,835
0.012,834
0.012,833
0.012,832
0.012,831
0.013,830
0.013,829
0.013,828
0.013,827
0.013,826
0.013,825
0.013,824
0.013,823
0.013,822
0.013,821
0.013,820
0.013,819
0.013,818
0.013,817
0.013,816
0.013,815
0.013,814
0.013,813
0.013,812
0.013,811
0.013,810
0.013,809
0.013,808
0.013,807
0.013,806
0.014,805
0.014,804
0.014,803
0.014,802
0.014,801
0.014,800
0.014,799
0.014,798
0.014,797
0.014,796
0.014,795
0.014,794
0.014,793
0.015,792
0.015,791
0.015,790
0.015,789
0.015,788
0.015,787
0.015,786
0.015,785
0.015,784
0.015,783
0.015,782
0.015,781
0.015,780
0.015,779
0.015,778
0.016,777
0.016,776
0.016,775
0.017,774
0.018,773
0.018,772
0.018,771
0.018,770
0.018,769
0.019,768
0.019,767
0.021,766
