0.0,998
0.001,997
0.002,996
0.002,995
0.002,994
0.002,993
0.003,992
0.003,991
0.003,990
0.003,989
0.003,988
0.003,987
0.003,986
0.004,985
0.004,984
0.004,983
0.004,982
0.004,981
0.004,980
0.004,979
0.004,978
0.005,977
0.005,976
0.005,975
0.005,974
0.005,973
0.005,972
0.005,971
0.005,970
0.005,969
0.005,968
0.005,967
0.005,966
0.006,965
0.006,964
0.006,963
0.006,962
0.006,961
0.006,960
0.006,959
0.006,958
0.006,957
0.006,956
0.006,955
0.007,954
0.007,953
0.007,952
0.007,951
0.007,950
0.007,949
0.007,948
0.007,947
0.007,946
0.007,945
0.007,944
0.007,943
0.007,942
0.007,941
0.007,940
0.007,939
0.008,938
0.008,937
0.008,936
0.008,935
0.008,934
0.008,933
0.008,932
0.008,931
0.008,930
0.008,929
0.008,928
0.008,927
0.008,926
0.008,925
0.008,924
0.009,923
0.009,922
0.009,921
0.009,920
0.009,919
0.009,918
0.009,917
0.009,916
0.009,915
0.01,914
0.012,913
0.012,912
0.012,911
0.012,910
0.012,909
0.012,908
0.012,907
0.012,906
0.012,905
0.012,904
0.012,903
0.012,902
0.012,901
0.012,900
0.012,899
0.012,898
0.012,897
0.012,896
0.012,895
0.012,894
0.012,893
0.012,892
0.012,891
0.012,890
0.012,889
0.012,888
0.012,887
0.013,886
0.013,885
0.013,884
0.013,883
0.013,882
0.013,881
0.013,880
0.013,879
0.013,878
0.013,877
0.013,876
0.013,875
0.013,874
0.013,873
0.013,872
0.013,871
0.013,870
0.013,869
0.013,868
0.013,867
0.013,866
0.013,865
0.013,864
0.013,863
0.013,862
0.013,861
0.013,860
0.013,859
0.013,858
0.013,857
0.014,856
0.014,855
0.014,854
0.014,853
0.014,852
0.014,851
0.014,850
0.014,849
0.014,848
0.014,847
0.014,846
0.014,845
0.014,844
0.014,843
0.014,842
0.014,841
0.014,840
0.014,839
0.014,838
0.014,837
0.014,836
0.014,835
0.014,834
0.014,833
0.014,832
0.014,831
0.014,830
0.014,829
0.014,828
0.014,827
0.015,826
0.015,825
0.015,824
0.015,823
0.015,822
0.015,821
0.015,820
0.015,819
0.015,818
0.015,817
0.015,816
0.015,815
0.015,814
0.015,813
0.015,812
0.015,811
0.015,810
0.015,809
0.015,808
0.015,807
0.015,806
0.015,805
0.015,804
0.015,803
0.015,802
0.015,801
0.016,800
0.016,799
0.016,798
0.016,797
0.016,796
0.016,795
0.016,794
0.016,793
0.016,792
0.016,791
0.017,790
0.017,789
0.017,788
0.017,787
0.017,786
0.017,785
0.017,784
0.017,783
0.017,782
0.017,781
0.018,780
0.018,779
0.018,778
0.018,777
0.018,776
0.018,775
0.018,774
0.018,773
0.018,772
0.019,771
0.019,770
0.019,769
0.019,768
0.02,767
0.02,766
0.02,765
0.021,764
0.022,763
0.023,762
0.023,761
0.024,760
