0.0,998
0.001,997
0.002,996
0.002,995
0.002,994
0.002,993
0.002,992
0.002,991
0.002,990
0.003,989
0.003,988
0.003,987
0.003,986
0.003,985
0.003,984
0.003,983
0.004,982
0.004,981
0.004,980
0.004,979
0.004,978
0.004,977
0.004,976
0.004,975
0.004,974
0.004,973
0.004,972
0.004,971
0.004,970
0.004,969
0.004,968
0.005,967
0.005,966
0.005,965
0.005,964
0.005,963
0.005,962
0.005,961
0.005,960
0.005,959
0.005,958
0.005,957
0.006,956
0.006,955
0.006,954
0.006,953
0.006,952
0.006,951
0.006,950
0.006,949
0.006,948
0.006,947
0.006,946
0.006,945
0.006,944
0.007,943
0.007,942
0.007,941
0.007,940
0.007,939
0.007,938
0.007,937
0.007,936
0.007,935
0.008,934
0.008,933
0.008,932
0.008,931
0.008,930
0.008,929
0.008,928
0.008,927
0.008,926
0.008,925
0.008,924
0.008,923
0.009,922
0.009,921
0.009,920
0.009,919
0.009,918
0.009,917
0.009,916
0.009,915
0.009,914
0.009,913
0.012,912
0.012,911
0.012,910
0.012,909
0.012,908
0.012,907
0.012,906
0.012,905
0.012,904
0.012,903
0.012,902
0.012,901
0.012,900
0.012,899
0.012,898
0.012,897
0.012,896
0.012,895
0.013,894
0.013,893
0.013,892
0.013,891
0.013,890
0.013,889
0.013,888
0.013,887
0.013,886
0.013,885
0.013,884
0.013,883
0.013,882
0.013,881
0.013,880
0.013,879
0.013,878
0.013,877
0.013,876
0.013,875
0.014,874
0.014,873
0.014,872
0.014,871
0.014,870
0.014,869
0.014,868
0.014,867
0.014,866
0.014,865
0.014,864
0.014,863
0.014,862
0.014,861
0.014,860
0.014,859
0.014,858
0.014,857
0.014,856
0.014,855
0.015,854
0.015,853
0.015,852
0.015,851
0.015,850
0.015,849
0.015,848
0.015,847
0.015,846
0.015,845
0.015,844
0.015,843
0.015,842
0.015,841
0.015,840
0.015,839
0.015,838
0.015,837
0.015,836
0.015,835
0.016,834
0.016,833
0.016,832
0.016,831
0.016,830
0.016,829
0.016,828
0.016,827
0.016,826
0.016,825
0.016,824
0.016,823
0.016,822
0.016,821
0.016,820
0.016,819
0.016,818
0.016,817
0.016,816
0.016,815
0.016,814
0.017,813
0.017,812
0.017,811
0.017,810
0.017,809
0.017,808
0.017,807
0.017,806
0.017,805
0.017,804
0.018,803
0.018,802
0.018,801
0.018,800
0.018,799
0.018,798
0.018,797
0.018,796
0.018,795
0.019,794
0.019,793
0.019,792
0.019,791
0.02,790
0.02,789
0.02,788
0.02,787
0.021,786
0.021,785
0.021,784
0.021,783
0.021,782
0.022,781
0.022,780
0.022,779
0.022,778
0.023,777
0.023,776
0.023,775
0.024,774
0.025,773
0.027,772
