0.001,998
0.002,997
0.002,996
0.002,995
0.002,994
0.002,993
0.002,992
0.003,991
0.003,990
0.003,989
0.003,988
0.003,987
0.003,986
0.003,985
0.004,984
0.004,983
0.004,982
0.004,981
0.004,980
0.004,979
0.004,978
0.004,977
0.004,976
0.004,975
0.004,974
0.004,973
0.005,972
0.005,971
0.005,970
0.005,969
0.005,968
0.005,967
0.005,966
0.005,965
0.005,964
0.005,963
0.005,962
0.005,961
0.005,960
0.005,959
0.005,958
0.005,957
0.005,956
0.006,955
0.006,954
0.006,953
0.006,952
0.006,951
0.006,950
0.006,949
0.006,948
0.006,947
0.007,946
0.007,945
0.007,944
0.007,943
0.007,942
0.007,941
0.007,940
0.007,939
0.007,938
0.007,937
0.008,936
0.008,935
0.008,934
0.008,933
0.008,932
0.008,931
0.008,930
0.008,929
0.008,928
0.008,927
0.008,926
0.008,925
0.008,924
0.009,923
0.009,922
0.009,921
0.009,920
0.009,919
0.009,918
0.009,917
0.009,916
0.009,915
0.009,914
0.009,913
0.009,912
0.009,911
0.01,910
0.012,909
0.012,908
0.012,907
0.012,906
0.012,905
0.012,904
0.012,903
0.012,902
0.012,901
0.012,900
0.012,899
0.012,898
0.012,897
0.012,896
0.012,895
0.012,894
0.012,893
0.012,892
0.012,891
0.012,890
0.012,889
0.012,888
0.012,887
0.012,886
0.012,885
0.012,884
0.012,883
0.012,882
0.012,881
0.012,880
0.012,879
0.012,878
0.012,877
0.012,876
0.013,875
0.013,874
0.013,873
0.013,872
0.013,871
0.013,870
0.013,869
0.013,868
0.013,867
0.013,866
0.013,865
0.013,864
0.013,863
0.013,862
0.013,861
0.013,860
0.013,859
0.013,858
0.013,857
0.013,856
0.013,855
0.013,854
0.013,853
0.013,852
0.013,851
0.013,850
0.013,849
0.013,848
0.013,847
0.013,846
0.013,845
0.014,844
0.014,843
0.014,842
0.014,841
0.014,840
0.014,839
0.014,838
0.014,837
0.014,836
0.014,835
0.014,834
0.014,833
0.014,832
0.014,831
0.014,830
0.014,829
0.014,828
0.014,827
0.014,826
0.014,825
0.014,824
0.014,823
0.014,822
0.014,821
0.014,820
0.014,819
0.014,818
0.015,817
0.015,816
0.015,815
0.015,814
0.015,813
0.015,812
0.015,811
0.015,810
0.015,809
0.015,808
0.015,807
0.015,806
0.015,805
0.015,804
0.015,803
0.016,802
0.016,801
0.016,800
0.016,799
0.016,798
0.016,797
0.016,796
0.016,795
0.016,794
0.017,793
0.017,792
0.017,791
0.017,790
0.017,789
0.017,788
0.018,787
0.018,786
0.018,785
0.018,784
0.019,783
0.019,782
0.019,781
0.019,780
0.019,779
0.021,778
0.021,777
0.022,776
0.024,775
0.026,774
0.026,773
0.035,772
