0.0,978
0.001,977
0.002,976
0.002,975
0.002,974
0.002,973
0.003,972
0.003,971
0.003,970
0.003,969
0.003,968
0.003,967
0.003,966
0.004,965
0.004,964
0.004,963
0.004,962
0.004,961
0.004,960
0.004,959
0.004,958
0.004,957
0.004,956
0.004,955
0.005,954
0.005,953
0.005,952
0.005,951
0.005,950
0.005,949
0.005,948
0.005,947
0.005,946
0.005,945
0.005,944
0.005,943
0.006,942
0.006,941
0.006,940
0.006,939
0.006,938
0.006,937
0.006,936
0.006,935
0.006,934
0.007,933
0.007,932
0.007,931
0.007,930
0.007,929
0.007,928
0.007,927
0.007,926
0.007,925
0.007,924
0.007,923
0.008,922
0.008,921
0.008,920
0.008,919
0.008,918
0.008,917
0.008,916
0.008,915
0.009,914
0.009,913
0.009,912
0.009,911
0.009,910
0.009,909
0.009,908
0.009,907
0.01,906
0.01,905
0.01,904
0.01,903
0.01,902
0.01,901
0.01,900
0.01,899
0.011,898
0.011,897
0.011,896
0.011,895
0.011,894
0.011,893
0.011,892
0.013,891
0.013,890
0.013,889
0.013,888
0.013,887
0.013,886
0.013,885
0.013,884
0.013,883
0.013,882
0.013,881
0.013,880
0.013,879
0.014,878
0.014,877
0.014,876
0.014,875
0.014,874
0.014,873
0.014,872
0.014,871
0.014,870
0.014,869
0.014,868
0.014,867
0.014,866
0.014,865
0.014,864
0.014,863
0.014,862
0.014,861
0.014,860
0.014,859
0.014,858
0.014,857
0.014,856
0.015,855
0.015,854
0.015,853
0.015,852
0.015,851
0.015,850
0.015,849
0.015,848
0.015,847
0.015,846
0.015,845
0.015,844
0.015,843
0.015,842
0.015,841
0.015,840
0.016,839
0.016,838
0.016,837
0.016,836
0.016,835
0.016,834
0.016,833
0.016,832
0.016,831
0.016,830
0.016,829
0.016,828
0.016,827
0.016,826
0.016,825
0.016,824
0.016,823
0.016,822
0.016,821
0.016,820
0.016,819
0.016,818
0.016,817
0.016,816
0.017,815
0.017,814
0.017,813
0.017,812
0.017,811
0.017,810
0.017,809
0.017,808
0.017,807
0.017,806
0.017,805
0.017,804
0.017,803
0.017,802
0.017,801
0.017,800
0.017,799
0.017,798
0.017,797
0.017,796
0.017,795
0.017,794
0.017,793
0.017,792
0.018,791
0.018,790
0.018,789
0.018,788
0.018,787
0.018,786
0.018,785
0.018,784
0.018,783
0.018,782
0.018,781
0.018,780
0.018,779
0.018,778
0.018,777
0.018,776
0.018,775
0.018,774
0.018,773
0.018,772
0.018,771
0.018,770
0.018,769
0.018,768
0.018,767
0.018,766
0.018,765
0.018,764
0.018,763
0.018,762
0.018,761
0.019,760
0.019,759
0.019,758
0.019,757
0.019,756
0.019,755
0.019,754
0.019,753
0.019,752
0.019,751
0.019,750
0.019,749
0.019,748
0.019,747
0.019,746
0.019,745
0.019,744
0.019,743
0.019,742
0.019,741
0.019,740
0.019,739
0.019,738
0.019,737
0.019,736
0.019,735
0.019,734
0.019,733
0.019,732
0.019,731
0.019,730
0.019,729
0.019,728
0.019,727
0.02,726
0.02,725
0.02,724
0.02,723
0.02,722
0.02,721
0.02,720
0.02,719
0.02,718
0.02,717
0.02,716
0.02,715
0.02,714
0.02,713
0.02,712
0.02,711
0.021,710
0.021,709
0.021,708
0.021,707
0.021,706
0.021,705
0.021,704
0.021,703
0.021,702
0.021,701
0.021,700
0.021,699
0.022,698
0.022,697
0.022,696
0.022,695
0.022,694
0.022,693
0.022,692
0.022,691
0.022,690
0.023,689
0.023,688
0.023,687
0.023,686
0.023,685
0.023,684
0.023,683
0.023,682
0.023,681
0.024,680
0.024,679
0.024,678
0.024,677
0.024,676
0.024,675
0.025,674
0.025,673
0.025,672
0.026,671
0.026,670
0.027,669
0.027,668
0.027,667
0.027,666
0.027,665
0.027,664
0.028,663
0.028,662
0.028,661
0.029,660
0.029,659
0.03,658
0.03,657
0.031,656
0.031,655
0.031,654
