0.0,978
0.0,977
0.001,976
0.001,975
0.001,974
0.002,973
0.002,972
0.002,971
0.003,970
0.003,969
0.003,968
0.003,967
0.003,966
0.003,965
0.003,964
0.003,963
0.003,962
0.003,961
0.004,960
0.004,959
0.004,958
0.004,957
0.004,956
0.004,955
0.004,954
0.004,953
0.004,952
0.004,951
0.004,950
0.004,949
0.004,948
0.004,947
0.005,946
0.005,945
0.005,944
0.005,943
0.005,942
0.005,941
0.005,940
0.005,939
0.005,938
0.005,937
0.005,936
0.005,935
0.005,934
0.006,933
0.006,932
0.006,931
0.006,930
0.006,929
0.006,928
0.006,927
0.006,926
0.006,925
0.006,924
0.006,923
0.007,922
0.007,921
0.007,920
0.007,919
0.007,918
0.007,917
0.007,916
0.008,915
0.008,914
0.008,913
0.008,912
0.008,911
0.008,910
0.008,909
0.008,908
0.008,907
0.008,906
0.009,905
0.009,904
0.009,903
0.009,902
0.009,901
0.009,900
0.009,899
0.009,898
0.009,897
0.01,896
0.01,895
0.011,894
0.012,893
0.012,892
0.012,891
0.012,890
0.012,889
0.012,888
0.012,887
0.012,886
0.012,885
0.012,884
0.012,883
0.012,882
0.012,881
0.012,880
0.012,879
0.012,878
0.012,877
0.012,876
0.012,875
0.012,874
0.012,873
0.012,872
0.012,871
0.012,870
0.012,869
0.012,868
0.012,867
0.013,866
0.013,865
0.013,864
0.013,863
0.013,862
0.013,861
0.013,860
0.013,859
0.013,858
0.013,857
0.013,856
0.013,855
0.013,854
0.013,853
0.013,852
0.013,851
0.013,850
0.013,849
0.013,848
0.013,847
0.013,846
0.013,845
0.014,844
0.014,843
0.014,842
0.014,841
0.014,840
0.014,839
0.014,838
0.014,837
0.014,836
0.014,835
0.014,834
0.014,833
0.014,832
0.014,831
0.014,830
0.014,829
0.014,828
0.014,827
0.014,826
0.014,825
0.014,824
0.015,823
0.015,822
0.015,821
0.015,820
0.015,819
0.015,818
0.015,817
0.015,816
0.015,815
0.015,814
0.015,813
0.015,812
0.015,811
0.015,810
0.015,809
0.015,808
0.015,807
0.015,806
0.015,805
0.015,804
0.015,803
0.015,802
0.015,801
0.015,800
0.015,799
0.015,798
0.015,797
0.015,796
0.016,795
0.016,794
0.016,793
0.016,792
0.016,791
0.016,790
0.016,789
0.016,788
0.016,787
0.016,786
0.016,785
0.016,784
0.016,783
0.016,782
0.016,781
0.016,780
0.016,779
0.016,778
0.016,777
0.016,776
0.016,775
0.016,774
0.016,773
0.016,772
0.016,771
0.016,770
0.016,769
0.016,768
0.016,767
0.016,766
0.016,765
0.016,764
0.016,763
0.016,762
0.017,761
0.017,760
0.017,759
0.017,758
0.017,757
0.017,756
0.017,755
0.017,754
0.017,753
0.017,752
0.017,751
0.017,750
0.017,749
0.017,748
0.017,747
0.017,746
0.017,745
0.017,744
0.017,743
0.017,742
0.017,741
0.017,740
0.017,739
0.017,738
0.017,737
0.017,736
0.017,735
0.017,734
0.017,733
0.017,732
0.018,731
0.018,730
0.018,729
0.018,728
0.018,727
0.018,726
0.018,725
0.018,724
0.018,723
0.018,722
0.018,721
0.018,720
0.018,719
0.018,718
0.018,717
0.018,716
0.018,715
0.018,714
0.018,713
0.018,712
0.018,711
0.018,710
0.018,709
0.018,708
0.018,707
0.018,706
0.018,705
0.019,704
0.019,703
0.019,702
0.019,701
0.019,700
0.019,699
0.019,698
0.019,697
0.019,696
0.019,695
0.019,694
0.019,693
0.019,692
0.019,691
0.019,690
0.019,689
0.019,688
0.019,687
0.02,686
0.02,685
0.02,684
0.02,683
0.02,682
0.02,681
0.021,680
0.021,679
0.021,678
0.021,677
0.021,676
0.021,675
0.021,674
0.021,673
0.021,672
0.021,671
0.022,670
0.022,669
0.022,668
0.022,667
0.022,666
0.022,665
0.022,664
0.022,663
0.022,662
0.023,661
0.023,660
0.023,659
0.023,658
0.023,657
0.024,656
0.024,655
0.024,654
0.024,653
0.027,652
0.027,651
0.029,650
