0.0,978
0.001,977
0.002,976
0.002,975
0.002,974
0.003,973
0.003,972
0.003,971
0.004,970
0.004,969
0.004,968
0.004,967
0.004,966
0.004,965
0.004,964
0.004,963
0.005,962
0.005,961
0.005,960
0.005,959
0.005,958
0.005,957
0.005,956
0.005,955
0.005,954
0.005,953
0.005,952
0.005,951
0.005,950
0.006,949
0.006,948
0.006,947
0.006,946
0.006,945
0.006,944
0.006,943
0.006,942
0.006,941
0.006,940
0.006,939
0.007,938
0.007,937
0.007,936
0.007,935
0.007,934
0.007,933
0.007,932
0.007,931
0.007,930
0.007,929
0.007,928
0.007,927
0.008,926
0.008,925
0.008,924
0.008,923
0.008,922
0.008,921
0.009,920
0.009,919
0.009,918
0.009,917
0.009,916
0.009,915
0.009,914
0.009,913
0.009,912
0.009,911
0.009,910
0.009,909
0.009,908
0.009,907
0.01,906
0.01,905
0.01,904
0.01,903
0.01,902
0.01,901
0.01,900
0.01,899
0.01,898
0.01,897
0.01,896
0.01,895
0.01,894
0.012,893
0.012,892
0.012,891
0.012,890
0.013,889
0.013,888
0.013,887
0.013,886
0.013,885
0.013,884
0.013,883
0.013,882
0.013,881
0.013,880
0.013,879
0.013,878
0.013,877
0.013,876
0.013,875
0.013,874
0.013,873
0.013,872
0.013,871
0.013,870
0.013,869
0.013,868
0.013,867
0.013,866
0.014,865
0.014,864
0.014,863
0.014,862
0.014,861
0.014,860
0.014,859
0.014,858
0.014,857
0.014,856
0.014,855
0.014,854
0.014,853
0.014,852
0.014,851
0.014,850
0.014,849
0.014,848
0.014,847
0.014,846
0.014,845
0.014,844
0.014,843
0.014,842
0.014,841
0.015,840
0.015,839
0.015,838
0.015,837
0.015,836
0.015,835
0.015,834
0.015,833
0.015,832
0.015,831
0.015,830
0.015,829
0.015,828
0.015,827
0.015,826
0.015,825
0.015,824
0.015,823
0.015,822
0.015,821
0.015,820
0.015,819
0.015,818
0.015,817
0.016,816
0.016,815
0.016,814
0.016,813
0.016,812
0.016,811
0.016,810
0.016,809
0.016,808
0.016,807
0.016,806
0.016,805
0.016,804
0.016,803
0.016,802
0.016,801
0.016,800
0.016,799
0.016,798
0.016,797
0.016,796
0.016,795
0.016,794
0.016,793
0.016,792
0.016,791
0.016,790
0.016,789
0.016,788
0.016,787
0.016,786
0.016,785
0.016,784
0.017,783
0.017,782
0.017,781
0.017,780
0.017,779
0.017,778
0.017,777
0.017,776
0.017,775
0.017,774
0.017,773
0.017,772
0.017,771
0.017,770
0.017,769
0.017,768
0.017,767
0.017,766
0.017,765
0.017,764
0.017,763
0.017,762
0.017,761
0.017,760
0.017,759
0.017,758
0.017,757
0.017,756
0.018,755
0.018,754
0.018,753
0.018,752
0.018,751
0.018,750
0.018,749
0.018,748
0.018,747
0.018,746
0.018,745
0.018,744
0.018,743
0.018,742
0.018,741
0.018,740
0.018,739
0.018,738
0.018,737
0.018,736
0.018,735
0.018,734
0.018,733
0.018,732
0.018,731
0.018,730
0.018,729
0.018,728
0.019,727
0.019,726
0.019,725
0.019,724
0.019,723
0.019,722
0.019,721
0.019,720
0.019,719
0.019,718
0.019,717
0.019,716
0.019,715
0.019,714
0.019,713
0.02,712
0.02,711
0.02,710
0.02,709
0.02,708
0.02,707
0.021,706
0.021,705
0.021,704
0.021,703
0.021,702
0.021,701
0.021,700
0.021,699
0.021,698
0.021,697
0.021,696
0.021,695
0.021,694
0.022,693
0.022,692
0.022,691
0.022,690
0.022,689
0.022,688
0.022,687
0.023,686
0.023,685
0.023,684
0.023,683
0.024,682
0.024,681
0.024,680
0.025,679
0.025,678
0.025,677
0.025,676
0.025,675
0.026,674
0.026,673
0.026,672
0.026,671
0.027,670
0.027,669
0.027,668
0.028,667
