0.0,978
0.001,977
0.002,976
0.003,975
0.003,974
0.004,973
0.004,972
0.004,971
0.004,970
0.004,969
0.004,968
0.005,967
0.005,966
0.005,965
0.005,964
0.005,963
0.005,962
0.005,961
0.005,960
0.005,959
0.005,958
0.006,957
0.006,956
0.006,955
0.006,954
0.006,953
0.006,952
0.006,951
0.006,950
0.006,949
0.006,948
0.006,947
0.006,946
0.007,945
0.007,944
0.007,943
0.007,942
0.007,941
0.007,940
0.007,939
0.007,938
0.007,937
0.007,936
0.007,935
0.008,934
0.008,933
0.008,932
0.008,931
0.008,930
0.008,929
0.008,928
0.008,927
0.008,926
0.008,925
0.008,924
0.009,923
0.009,922
0.009,921
0.009,920
0.009,919
0.009,918
0.009,917
0.009,916
0.009,915
0.01,914
0.01,913
0.01,912
0.01,911
0.01,910
0.01,909
0.01,908
0.01,907
0.01,906
0.01,905
0.011,904
0.011,903
0.011,902
0.011,901
0.011,900
0.011,899
0.011,898
0.011,897
0.011,896
0.013,895
0.013,894
0.013,893
0.013,892
0.013,891
0.014,890
0.014,889
0.014,888
0.014,887
0.014,886
0.014,885
0.014,884
0.014,883
0.014,882
0.014,881
0.014,880
0.014,879
0.014,878
0.014,877
0.014,876
0.014,875
0.014,874
0.014,873
0.014,872
0.014,871
0.014,870
0.014,869
0.015,868
0.015,867
0.015,866
0.015,865
0.015,864
0.015,863
0.015,862
0.015,861
0.015,860
0.015,859
0.015,858
0.015,857
0.015,856
0.015,855
0.015,854
0.015,853
0.015,852
0.015,851
0.015,850
0.016,849
0.016,848
0.016,847
0.016,846
0.016,845
0.016,844
0.016,843
0.016,842
0.016,841
0.016,840
0.016,839
0.016,838
0.016,837
0.016,836
0.016,835
0.016,834
0.016,833
0.016,832
0.016,831
0.016,830
0.016,829
0.016,828
0.017,827
0.017,826
0.017,825
0.017,824
0.017,823
0.017,822
0.017,821
0.017,820
0.017,819
0.017,818
0.017,817
0.017,816
0.017,815
0.017,814
0.017,813
0.017,812
0.017,811
0.017,810
0.017,809
0.017,808
0.017,807
0.017,806
0.017,805
0.017,804
0.018,803
0.018,802
0.018,801
0.018,800
0.018,799
0.018,798
0.018,797
0.018,796
0.018,795
0.018,794
0.018,793
0.018,792
0.018,791
0.018,790
0.018,789
0.018,788
0.018,787
0.018,786
0.018,785
0.018,784
0.018,783
0.018,782
0.018,781
0.018,780
0.018,779
0.018,778
0.018,777
0.018,776
0.018,775
0.018,774
0.018,773
0.018,772
0.018,771
0.018,770
0.018,769
0.019,768
0.019,767
0.019,766
0.019,765
0.019,764
0.019,763
0.019,762
0.019,761
0.019,760
0.019,759
0.019,758
0.019,757
0.019,756
0.019,755
0.019,754
0.019,753
0.019,752
0.019,751
0.019,750
0.019,749
0.019,748
0.019,747
0.019,746
0.019,745
0.019,744
0.019,743
0.019,742
0.019,741
0.019,740
0.019,739
0.019,738
0.019,737
0.019,736
0.02,735
0.02,734
0.02,733
0.02,732
0.02,731
0.02,730
0.02,729
0.02,728
0.02,727
0.02,726
0.02,725
0.02,724
0.02,723
0.02,722
0.02,721
0.02,720
0.02,719
0.02,718
0.02,717
0.02,716
0.02,715
0.02,714
0.02,713
0.02,712
0.021,711
0.021,710
0.021,709
0.021,708
0.021,707
0.021,706
0.021,705
0.021,704
0.021,703
0.021,702
0.021,701
0.021,700
0.021,699
0.021,698
0.021,697
0.021,696
0.022,695
0.022,694
0.022,693
0.022,692
0.022,691
0.022,690
0.022,689
0.022,688
0.022,687
0.022,686
0.022,685
0.022,684
0.022,683
0.022,682
0.022,681
0.022,680
0.022,679
0.023,678
0.023,677
0.023,676
0.023,675
0.023,674
0.023,673
0.023,672
0.023,671
0.023,670
0.023,669
0.023,668
0.024,667
0.024,666
0.024,665
0.024,664
0.024,663
0.024,662
0.025,661
0.025,660
0.025,659
0.026,658
0.029,657
0.035,656
