0.0,978
0.001,977
0.001,976
0.001,975
0.002,974
0.002,973
0.002,972
0.002,971
0.003,970
0.003,969
0.003,968
0.003,967
0.004,966
0.004,965
0.004,964
0.004,963
0.004,962
0.004,961
0.004,960
0.004,959
0.004,958
0.005,957
0.005,956
0.005,955
0.005,954
0.005,953
0.005,952
0.005,951
0.005,950
0.005,949
0.005,948
0.005,947
0.005,946
0.006,945
0.006,944
0.006,943
0.006,942
0.006,941
0.006,940
0.006,939
0.006,938
0.006,937
0.006,936
0.007,935
0.007,934
0.007,933
0.007,932
0.007,931
0.007,930
0.007,929
0.007,928
0.007,927
0.007,926
0.008,925
0.008,924
0.008,923
0.008,922
0.008,921
0.008,920
0.008,919
0.008,918
0.009,917
0.009,916
0.009,915
0.009,914
0.009,913
0.009,912
0.009,911
0.009,910
0.009,909
0.009,908
0.009,907
0.01,906
0.01,905
0.01,904
0.01,903
0.01,902
0.01,901
0.01,900
0.012,899
0.012,898
0.012,897
0.012,896
0.012,895
0.012,894
0.012,893
0.012,892
0.012,891
0.012,890
0.012,889
0.012,888
0.012,887
0.012,886
0.012,885
0.012,884
0.012,883
0.012,882
0.013,881
0.013,880
0.013,879
0.013,878
0.013,877
0.013,876
0.013,875
0.013,874
0.013,873
0.013,872
0.013,871
0.013,870
0.013,869
0.013,868
0.013,867
0.013,866
0.013,865
0.013,864
0.013,863
0.013,862
0.013,861
0.013,860
0.013,859
0.014,858
0.014,857
0.014,856
0.014,855
0.014,854
0.014,853
0.014,852
0.014,851
0.014,850
0.014,849
0.014,848
0.014,847
0.014,846
0.014,845
0.014,844
0.014,843
0.015,842
0.015,841
0.015,840
0.015,839
0.015,838
0.015,837
0.015,836
0.015,835
0.015,834
0.015,833
0.015,832
0.015,831
0.015,830
0.015,829
0.015,828
0.015,827
0.015,826
0.015,825
0.015,824
0.015,823
0.015,822
0.015,821
0.016,820
0.016,819
0.016,818
0.016,817
0.016,816
0.016,815
0.016,814
0.016,813
0.016,812
0.016,811
0.016,810
0.016,809
0.016,808
0.016,807
0.017,806
0.017,805
0.017,804
0.017,803
0.017,802
0.017,801
0.017,800
0.017,799
0.017,798
0.017,797
0.017,796
0.017,795
0.017,794
0.017,793
0.017,792
0.017,791
0.017,790
0.017,789
0.017,788
0.017,787
0.017,786
0.017,785
0.017,784
0.017,783
0.017,782
0.017,781
0.017,780
0.017,779
0.017,778
0.017,777
0.018,776
0.018,775
0.018,774
0.018,773
0.018,772
0.018,771
0.018,770
0.018,769
0.018,768
0.018,767
0.018,766
0.018,765
0.018,764
0.018,763
0.018,762
0.018,761
0.018,760
0.018,759
0.018,758
0.018,757
0.018,756
0.018,755
0.018,754
0.018,753
0.018,752
0.019,751
0.019,750
0.019,749
0.019,748
0.019,747
0.019,746
0.019,745
0.019,744
0.019,743
0.019,742
0.019,741
0.019,740
0.019,739
0.019,738
0.019,737
0.019,736
0.019,735
0.019,734
0.019,733
0.019,732
0.02,731
0.02,730
0.02,729
0.02,728
0.02,727
0.02,726
0.02,725
0.02,724
0.02,723
0.02,722
0.02,721
0.02,720
0.02,719
0.02,718
0.02,717
0.02,716
0.02,715
0.02,714
0.02,713
0.02,712
0.02,711
0.02,710
0.02,709
0.02,708
0.02,707
0.02,706
0.021,705
0.021,704
0.021,703
0.021,702
0.021,701
0.021,700
0.021,699
0.021,698
0.021,697
0.021,696
0.021,695
0.021,694
0.021,693
0.022,692
0.022,691
0.022,690
0.022,689
0.022,688
0.022,687
0.022,686
0.022,685
0.022,684
0.022,683
0.022,682
0.022,681
0.022,680
0.022,679
0.022,678
0.022,677
0.023,676
0.023,675
0.023,674
0.023,673
0.023,672
0.023,671
0.023,670
0.023,669
0.023,668
0.024,667
0.024,666
0.024,665
0.024,664
0.025,663
0.025,662
0.026,661
0.026,660
0.026,659
0.028,658
0.028,657
0.032,656
0.035,655
