0.0,978
0.001,977
0.002,976
0.002,975
0.002,974
0.003,973
0.003,972
0.003,971
0.003,970
0.003,969
0.003,968
0.003,967
0.003,966
0.004,965
0.004,964
0.004,963
0.004,962
0.004,961
0.004,960
0.004,959
0.004,958
0.004,957
0.004,956
0.004,955
0.004,954
0.004,953
0.004,952
0.005,951
0.005,950
0.005,949
0.005,948
0.005,947
0.005,946
0.005,945
0.005,944
0.005,943
0.005,942
0.006,941
0.006,940
0.006,939
0.006,938
0.006,937
0.006,936
0.006,935
0.006,934
0.006,933
0.006,932
0.006,931
0.007,930
0.007,929
0.007,928
0.007,927
0.007,926
0.007,925
0.007,924
0.007,923
0.007,922
0.007,921
0.008,920
0.008,919
0.008,918
0.008,917
0.008,916
0.008,915
0.008,914
0.008,913
0.008,912
0.008,911
0.008,910
0.008,909
0.009,908
0.009,907
0.009,906
0.009,905
0.009,904
0.009,903
0.009,902
0.009,901
0.009,900
0.009,899
0.009,898
0.009,897
0.009,896
0.01,895
0.01,894
0.01,893
0.01,892
0.01,891
0.012,890
0.012,889
0.012,888
0.012,887
0.012,886
0.012,885
0.012,884
0.012,883
0.012,882
0.012,881
0.012,880
0.012,879
0.012,878
0.012,877
0.012,876
0.012,875
0.013,874
0.013,873
0.013,872
0.013,871
0.013,870
0.013,869
0.013,868
0.013,867
0.013,866
0.013,865
0.013,864
0.013,863
0.013,862
0.013,861
0.013,860
0.013,859
0.013,858
0.013,857
0.013,856
0.013,855
0.013,854
0.013,853
0.013,852
0.013,851
0.014,850
0.014,849
0.014,848
0.014,847
0.014,846
0.014,845
0.014,844
0.014,843
0.014,842
0.014,841
0.014,840
0.014,839
0.014,838
0.014,837
0.014,836
0.014,835
0.014,834
0.014,833
0.014,832
0.014,831
0.014,830
0.014,829
0.015,828
0.015,827
0.015,826
0.015,825
0.015,824
0.015,823
0.015,822
0.015,821
0.015,820
0.015,819
0.015,818
0.015,817
0.015,816
0.015,815
0.015,814
0.015,813
0.015,812
0.015,811
0.015,810
0.015,809
0.015,808
0.015,807
0.015,806
0.015,805
0.015,804
0.016,803
0.016,802
0.016,801
0.016,800
0.016,799
0.016,798
0.016,797
0.016,796
0.016,795
0.016,794
0.016,793
0.016,792
0.016,791
0.016,790
0.016,789
0.016,788
0.016,787
0.016,786
0.016,785
0.016,784
0.016,783
0.016,782
0.016,781
0.016,780
0.016,779
0.017,778
0.017,777
0.017,776
0.017,775
0.017,774
0.017,773
0.017,772
0.017,771
0.017,770
0.017,769
0.017,768
0.017,767
0.017,766
0.017,765
0.017,764
0.017,763
0.017,762
0.017,761
0.017,760
0.017,759
0.017,758
0.017,757
0.017,756
0.017,755
0.017,754
0.018,753
0.018,752
0.018,751
0.018,750
0.018,749
0.018,748
0.018,747
0.018,746
0.018,745
0.018,744
0.018,743
0.018,742
0.018,741
0.018,740
0.018,739
0.018,738
0.018,737
0.018,736
0.018,735
0.019,734
0.019,733
0.019,732
0.019,731
0.019,730
0.019,729
0.019,728
0.019,727
0.019,726
0.019,725
0.019,724
0.019,723
0.019,722
0.019,721
0.019,720
0.019,719
0.019,718
0.019,717
0.019,716
0.019,715
0.019,714
0.019,713
0.019,712
0.019,711
0.02,710
0.02,709
0.02,708
0.02,707
0.02,706
0.02,705
0.02,704
0.02,703
0.02,702
0.02,701
0.02,700
0.02,699
0.02,698
0.02,697
0.02,696
0.02,695
0.02,694
0.02,693
0.02,692
0.02,691
0.02,690
0.02,689
0.02,688
0.02,687
0.021,686
0.021,685
0.021,684
0.021,683
0.021,682
0.021,681
0.021,680
0.021,679
0.021,678
0.021,677
0.021,676
0.021,675
0.022,674
0.022,673
0.022,672
0.022,671
0.022,670
0.022,669
0.022,668
0.022,667
0.022,666
0.023,665
0.023,664
0.023,663
0.023,662
0.023,661
0.023,660
0.023,659
0.023,658
0.023,657
0.024,656
0.024,655
0.024,654
0.024,653
0.025,652
0.025,651
0.025,650
0.025,649
0.025,648
0.026,647
0.026,646
0.029,645
