0.0,978
0.001,977
0.002,976
0.002,975
0.002,974
0.002,973
0.003,972
0.003,971
0.003,970
0.003,969
0.003,968
0.004,967
0.004,966
0.004,965
0.004,964
0.004,963
0.004,962
0.004,961
0.004,960
0.004,959
0.004,958
0.004,957
0.004,956
0.005,955
0.005,954
0.005,953
0.005,952
0.005,951
0.005,950
0.005,949
0.005,948
0.005,947
0.005,946
0.006,945
0.006,944
0.006,943
0.006,942
0.006,941
0.006,940
0.006,939
0.006,938
0.006,937
0.006,936
0.006,935
0.006,934
0.007,933
0.007,932
0.007,931
0.007,930
0.007,929
0.007,928
0.007,927
0.007,926
0.007,925
0.008,924
0.008,923
0.008,922
0.008,921
0.008,920
0.008,919
0.008,918
0.008,917
0.008,916
0.008,915
0.009,914
0.009,913
0.009,912
0.009,911
0.009,910
0.009,909
0.009,908
0.009,907
0.009,906
0.01,905
0.01,904
0.01,903
0.01,902
0.01,901
0.01,900
0.01,899
0.011,898
0.011,897
0.011,896
0.011,895
0.011,894
0.011,893
0.011,892
0.011,891
0.011,890
0.013,889
0.013,888
0.013,887
0.014,886
0.014,885
0.014,884
0.014,883
0.014,882
0.014,881
0.014,880
0.014,879
0.014,878
0.014,877
0.014,876
0.014,875
0.014,874
0.014,873
0.014,872
0.014,871
0.014,870
0.014,869
0.014,868
0.014,867
0.014,866
0.014,865
0.015,864
0.015,863
0.015,862
0.015,861
0.015,860
0.015,859
0.015,858
0.015,857
0.015,856
0.015,855
0.015,854
0.015,853
0.015,852
0.015,851
0.015,850
0.015,849
0.015,848
0.015,847
0.015,846
0.016,845
0.016,844
0.016,843
0.016,842
0.016,841
0.016,840
0.016,839
0.016,838
0.016,837
0.016,836
0.016,835
0.016,834
0.016,833
0.016,832
0.016,831
0.016,830
0.016,829
0.016,828
0.016,827
0.016,826
0.017,825
0.017,824
0.017,823
0.017,822
0.017,821
0.017,820
0.017,819
0.017,818
0.017,817
0.017,816
0.017,815
0.017,814
0.017,813
0.017,812
0.017,811
0.017,810
0.017,809
0.017,808
0.017,807
0.017,806
0.017,805
0.017,804
0.017,803
0.017,802
0.018,801
0.018,800
0.018,799
0.018,798
0.018,797
0.018,796
0.018,795
0.018,794
0.018,793
0.018,792
0.018,791
0.018,790
0.018,789
0.018,788
0.018,787
0.018,786
0.018,785
0.018,784
0.018,783
0.018,782
0.018,781
0.018,780
0.018,779
0.018,778
0.018,777
0.018,776
0.019,775
0.019,774
0.019,773
0.019,772
0.019,771
0.019,770
0.019,769
0.019,768
0.019,767
0.019,766
0.019,765
0.019,764
0.019,763
0.019,762
0.019,761
0.019,760
0.019,759
0.019,758
0.019,757
0.019,756
0.019,755
0.019,754
0.019,753
0.019,752
0.019,751
0.019,750
0.019,749
0.019,748
0.019,747
0.02,746
0.02,745
0.02,744
0.02,743
0.02,742
0.02,741
0.02,740
0.02,739
0.02,738
0.02,737
0.02,736
0.02,735
0.02,734
0.02,733
0.02,732
0.02,731
0.02,730
0.02,729
0.02,728
0.02,727
0.02,726
0.02,725
0.02,724
0.02,723
0.02,722
0.02,721
0.02,720
0.02,719
0.021,718
0.021,717
0.021,716
0.021,715
0.021,714
0.021,713
0.021,712
0.021,711
0.021,710
0.021,709
0.021,708
0.021,707
0.021,706
0.021,705
0.021,704
0.021,703
0.021,702
0.021,701
0.021,700
0.021,699
0.021,698
0.022,697
0.022,696
0.022,695
0.022,694
0.022,693
0.022,692
0.022,691
0.022,690
0.022,689
0.022,688
0.022,687
0.022,686
0.022,685
0.022,684
0.022,683
0.022,682
0.022,681
0.022,680
0.022,679
0.022,678
0.022,677
0.022,676
0.023,675
0.023,674
0.023,673
0.023,672
0.023,671
0.023,670
0.023,669
0.023,668
0.023,667
0.023,666
0.023,665
0.023,664
0.023,663
0.023,662
0.024,661
0.024,660
0.024,659
0.024,658
0.024,657
0.024,656
0.024,655
0.024,654
0.024,653
0.025,652
0.025,651
0.025,650
0.025,649
0.025,648
0.026,647
0.027,646
0.03,645
