0.0,978
0.001,977
0.002,976
0.002,975
0.003,974
0.004,973
0.004,972
0.004,971
0.004,970
0.004,969
0.005,968
0.005,967
0.005,966
0.005,965
0.005,964
0.005,963
0.005,962
0.005,961
0.006,960
0.006,959
0.006,958
0.006,957
0.006,956
0.006,955
0.006,954
0.007,953
0.007,952
0.007,951
0.007,950
0.007,949
0.007,948
0.007,947
0.007,946
0.007,945
0.008,944
0.008,943
0.008,942
0.008,941
0.008,940
0.008,939
0.008,938
0.008,937
0.009,936
0.009,935
0.009,934
0.01,933
0.01,932
0.01,931
0.01,930
0.01,929
0.011,928
0.011,927
0.011,926
0.011,925
0.011,924
0.011,923
0.011,922
0.011,921
0.011,920
0.011,919
0.011,918
0.012,917
0.012,916
0.012,915
0.012,914
0.012,913
0.012,912
0.012,911
0.012,910
0.012,909
0.012,908
0.012,907
0.012,906
0.012,905
0.012,904
0.012,903
0.012,902
0.012,901
0.012,900
0.012,899
0.012,898
0.013,897
0.013,896
0.013,895
0.013,894
0.013,893
0.013,892
0.013,891
0.013,890
0.015,889
0.015,888
0.015,887
0.015,886
0.015,885
0.015,884
0.015,883
0.015,882
0.015,881
0.015,880
0.015,879
0.015,878
0.015,877
0.015,876
0.015,875
0.015,874
0.015,873
0.015,872
0.015,871
0.016,870
0.016,869
0.016,868
0.016,867
0.016,866
0.016,865
0.016,864
0.016,863
0.016,862
0.016,861
0.016,860
0.016,859
0.016,858
0.016,857
0.016,856
0.016,855
0.016,854
0.016,853
0.017,852
0.017,851
0.017,850
0.017,849
0.017,848
0.017,847
0.017,846
0.017,845
0.017,844
0.017,843
0.017,842
0.018,841
0.018,840
0.018,839
0.018,838
0.018,837
0.018,836
0.018,835
0.018,834
0.018,833
0.018,832
0.018,831
0.018,830
0.018,829
0.018,828
0.018,827
0.018,826
0.018,825
0.018,824
0.018,823
0.018,822
0.018,821
0.018,820
0.019,819
0.019,818
0.019,817
0.019,816
0.019,815
0.019,814
0.019,813
0.019,812
0.019,811
0.019,810
0.019,809
0.019,808
0.019,807
0.019,806
0.019,805
0.019,804
0.019,803
0.019,802
0.019,801
0.019,800
0.019,799
0.02,798
0.02,797
0.02,796
0.02,795
0.02,794
0.02,793
0.02,792
0.02,791
0.02,790
0.02,789
0.02,788
0.02,787
0.02,786
0.02,785
0.02,784
0.02,783
0.02,782
0.02,781
0.02,780
0.02,779
0.02,778
0.02,777
0.02,776
0.02,775
0.021,774
0.021,773
0.021,772
0.021,771
0.021,770
0.021,769
0.021,768
0.021,767
0.021,766
0.021,765
0.021,764
0.021,763
0.021,762
0.021,761
0.021,760
0.021,759
0.021,758
0.021,757
0.021,756
0.021,755
0.021,754
0.021,753
0.021,752
0.021,751
0.021,750
0.021,749
0.021,748
0.021,747
0.021,746
0.021,745
0.021,744
0.021,743
0.021,742
0.021,741
0.021,740
0.022,739
0.022,738
0.022,737
0.022,736
0.022,735
0.022,734
0.022,733
0.022,732
0.022,731
0.022,730
0.022,729
0.022,728
0.022,727
0.022,726
0.022,725
0.022,724
0.022,723
0.022,722
0.022,721
0.022,720
0.022,719
0.022,718
0.022,717
0.022,716
0.022,715
0.023,714
0.023,713
0.023,712
0.023,711
0.023,710
0.023,709
0.023,708
0.023,707
0.023,706
0.023,705
0.023,704
0.023,703
0.023,702
0.023,701
0.023,700
0.023,699
0.023,698
0.023,697
0.023,696
0.023,695
0.023,694
0.024,693
0.024,692
0.024,691
0.024,690
0.024,689
0.024,688
0.024,687
0.024,686
0.024,685
0.024,684
0.024,683
0.024,682
0.024,681
0.024,680
0.025,679
0.025,678
0.025,677
0.025,676
0.025,675
0.025,674
0.025,673
0.025,672
0.025,671
0.025,670
0.025,669
0.026,668
0.026,667
0.026,666
0.026,665
0.026,664
0.026,663
0.026,662
0.026,661
0.026,660
0.027,659
0.027,658
0.027,657
0.027,656
0.027,655
0.027,654
0.028,653
0.029,652
0.029,651
0.029,650
0.029,649
0.03,648
0.03,647
0.031,646
0.031,645
0.033,644
