0.0,978
0.0,977
0.001,976
0.002,975
0.002,974
0.002,973
0.002,972
0.003,971
0.003,970
0.003,969
0.003,968
0.004,967
0.004,966
0.004,965
0.004,964
0.004,963
0.004,962
0.004,961
0.004,960
0.004,959
0.004,958
0.004,957
0.004,956
0.005,955
0.005,954
0.005,953
0.005,952
0.005,951
0.005,950
0.005,949
0.005,948
0.005,947
0.005,946
0.005,945
0.006,944
0.006,943
0.006,942
0.006,941
0.006,940
0.006,939
0.006,938
0.006,937
0.006,936
0.006,935
0.006,934
0.006,933
0.006,932
0.007,931
0.007,930
0.007,929
0.007,928
0.007,927
0.007,926
0.007,925
0.007,924
0.007,923
0.007,922
0.007,921
0.008,920
0.008,919
0.008,918
0.008,917
0.008,916
0.008,915
0.008,914
0.008,913
0.008,912
0.008,911
0.008,910
0.008,909
0.008,908
0.008,907
0.009,906
0.009,905
0.009,904
0.009,903
0.009,902
0.009,901
0.009,900
0.009,899
0.009,898
0.01,897
0.01,896
0.01,895
0.01,894
0.01,893
0.012,892
0.012,891
0.012,890
0.012,889
0.012,888
0.012,887
0.012,886
0.012,885
0.012,884
0.012,883
0.012,882
0.012,881
0.012,880
0.012,879
0.012,878
0.012,877
0.012,876
0.012,875
0.013,874
0.013,873
0.013,872
0.013,871
0.013,870
0.013,869
0.013,868
0.013,867
0.013,866
0.013,865
0.013,864
0.013,863
0.013,862
0.013,861
0.013,860
0.013,859
0.013,858
0.013,857
0.013,856
0.013,855
0.013,854
0.013,853
0.013,852
0.013,851
0.014,850
0.014,849
0.014,848
0.014,847
0.014,846
0.014,845
0.014,844
0.014,843
0.014,842
0.014,841
0.014,840
0.014,839
0.014,838
0.014,837
0.014,836
0.014,835
0.014,834
0.014,833
0.014,832
0.015,831
0.015,830
0.015,829
0.015,828
0.015,827
0.015,826
0.015,825
0.015,824
0.015,823
0.015,822
0.015,821
0.015,820
0.015,819
0.015,818
0.015,817
0.015,816
0.015,815
0.015,814
0.015,813
0.016,812
0.016,811
0.016,810
0.016,809
0.016,808
0.016,807
0.016,806
0.016,805
0.016,804
0.016,803
0.016,802
0.016,801
0.016,800
0.016,799
0.016,798
0.016,797
0.016,796
0.016,795
0.016,794
0.016,793
0.016,792
0.016,791
0.016,790
0.016,789
0.016,788
0.016,787
0.016,786
0.016,785
0.016,784
0.016,783
0.016,782
0.016,781
0.016,780
0.016,779
0.017,778
0.017,777
0.017,776
0.017,775
0.017,774
0.017,773
0.017,772
0.017,771
0.017,770
0.017,769
0.017,768
0.017,767
0.017,766
0.017,765
0.017,764
0.017,763
0.017,762
0.017,761
0.017,760
0.017,759
0.017,758
0.017,757
0.017,756
0.017,755
0.017,754
0.017,753
0.017,752
0.017,751
0.017,750
0.017,749
0.017,748
0.017,747
0.017,746
0.017,745
0.018,744
0.018,743
0.018,742
0.018,741
0.018,740
0.018,739
0.018,738
0.018,737
0.018,736
0.018,735
0.018,734
0.018,733
0.018,732
0.018,731
0.018,730
0.018,729
0.018,728
0.018,727
0.018,726
0.018,725
0.018,724
0.018,723
0.018,722
0.018,721
0.018,720
0.019,719
0.019,718
0.019,717
0.019,716
0.019,715
0.019,714
0.019,713
0.019,712
0.019,711
0.019,710
0.019,709
0.019,708
0.019,707
0.019,706
0.019,705
0.019,704
0.019,703
0.02,702
0.02,701
0.02,700
0.02,699
0.02,698
0.02,697
0.02,696
0.02,695
0.02,694
0.02,693
0.02,692
0.02,691
0.02,690
0.021,689
0.021,688
0.021,687
0.021,686
0.021,685
0.021,684
0.021,683
0.021,682
0.021,681
0.022,680
0.022,679
0.022,678
0.022,677
0.022,676
0.022,675
0.022,674
0.022,673
0.022,672
0.022,671
0.022,670
0.023,669
0.023,668
0.023,667
0.023,666
0.023,665
0.023,664
0.025,663
0.025,662
0.025,661
0.026,660
0.026,659
0.027,658
0.028,657
0.028,656
