0.0,978
0.0,977
0.001,976
0.002,975
0.002,974
0.002,973
0.002,972
0.002,971
0.002,970
0.003,969
0.003,968
0.003,967
0.003,966
0.003,965
0.003,964
0.003,963
0.004,962
0.004,961
0.004,960
0.004,959
0.004,958
0.004,957
0.004,956
0.004,955
0.004,954
0.004,953
0.004,952
0.004,951
0.004,950
0.004,949
0.004,948
0.004,947
0.005,946
0.005,945
0.005,944
0.005,943
0.005,942
0.005,941
0.005,940
0.005,939
0.005,938
0.005,937
0.005,936
0.005,935
0.006,934
0.006,933
0.006,932
0.006,931
0.006,930
0.006,929
0.006,928
0.006,927
0.006,926
0.006,925
0.007,924
0.007,923
0.007,922
0.007,921
0.007,920
0.007,919
0.007,918
0.007,917
0.007,916
0.007,915
0.007,914
0.007,913
0.008,912
0.008,911
0.008,910
0.008,909
0.008,908
0.008,907
0.008,906
0.008,905
0.008,904
0.008,903
0.008,902
0.008,901
0.009,900
0.009,899
0.009,898
0.009,897
0.009,896
0.009,895
0.009,894
0.009,893
0.011,892
0.012,891
0.012,890
0.012,889
0.012,888
0.012,887
0.012,886
0.012,885
0.012,884
0.012,883
0.012,882
0.012,881
0.012,880
0.012,879
0.012,878
0.012,877
0.012,876
0.012,875
0.012,874
0.012,873
0.012,872
0.012,871
0.013,870
0.013,869
0.013,868
0.013,867
0.013,866
0.013,865
0.013,864
0.013,863
0.013,862
0.013,861
0.013,860
0.013,859
0.013,858
0.013,857
0.013,856
0.013,855
0.013,854
0.013,853
0.013,852
0.013,851
0.013,850
0.013,849
0.014,848
0.014,847
0.014,846
0.014,845
0.014,844
0.014,843
0.014,842
0.014,841
0.014,840
0.014,839
0.014,838
0.014,837
0.014,836
0.014,835
0.014,834
0.014,833
0.014,832
0.014,831
0.014,830
0.014,829
0.014,828
0.014,827
0.015,826
0.015,825
0.015,824
0.015,823
0.015,822
0.015,821
0.015,820
0.015,819
0.015,818
0.015,817
0.015,816
0.015,815
0.015,814
0.015,813
0.015,812
0.015,811
0.015,810
0.015,809
0.015,808
0.015,807
0.015,806
0.015,805
0.015,804
0.016,803
0.016,802
0.016,801
0.016,800
0.016,799
0.016,798
0.016,797
0.016,796
0.016,795
0.016,794
0.016,793
0.016,792
0.016,791
0.016,790
0.016,789
0.016,788
0.016,787
0.016,786
0.016,785
0.016,784
0.016,783
0.016,782
0.016,781
0.016,780
0.016,779
0.016,778
0.016,777
0.016,776
0.016,775
0.016,774
0.016,773
0.016,772
0.016,771
0.016,770
0.017,769
0.017,768
0.017,767
0.017,766
0.017,765
0.017,764
0.017,763
0.017,762
0.017,761
0.017,760
0.017,759
0.017,758
0.017,757
0.017,756
0.017,755
0.017,754
0.017,753
0.017,752
0.017,751
0.017,750
0.017,749
0.017,748
0.017,747
0.018,746
0.018,745
0.018,744
0.018,743
0.018,742
0.018,741
0.018,740
0.018,739
0.018,738
0.018,737
0.018,736
0.018,735
0.018,734
0.018,733
0.018,732
0.018,731
0.018,730
0.018,729
0.018,728
0.018,727
0.018,726
0.018,725
0.018,724
0.019,723
0.019,722
0.02,721
0.02,720
0.02,719
0.02,718
0.02,717
0.02,716
0.02,715
0.02,714
0.02,713
0.02,712
0.02,711
0.02,710
0.02,709
0.02,708
0.021,707
0.021,706
0.021,705
0.021,704
0.021,703
0.021,702
0.021,701
0.021,700
0.021,699
0.021,698
0.021,697
0.021,696
0.021,695
0.022,694
0.022,693
0.022,692
0.022,691
0.022,690
0.022,689
0.022,688
0.022,687
0.022,686
0.023,685
0.023,684
0.023,683
0.023,682
0.023,681
0.023,680
0.023,679
0.023,678
0.023,677
0.024,676
0.024,675
0.025,674
0.025,673
0.025,672
0.026,671
0.026,670
0.026,669
0.026,668
0.026,667
0.027,666
0.027,665
0.028,664
