0.001,7604
0.003,7603
0.003,7602
0.004,7601
0.004,7600
0.004,7599
0.005,7598
0.005,7597
0.005,7596
0.006,7595
0.006,7594
0.007,7593
0.007,7592
0.008,7591
0.008,7590
0.008,7589
0.009,7588
0.009,7587
0.009,7586
0.009,7585
0.01,7584
0.01,7583
0.01,7582
0.011,7581
0.011,7580
0.012,7579
0.012,7578
0.012,7577
0.013,7576
0.013,7575
0.013,7574
0.013,7573
0.013,7572
0.013,7571
0.013,7570
0.014,7569
0.014,7568
0.014,7567
0.014,7566
0.014,7565
0.015,7564
0.015,7563
0.015,7562
0.015,7561
0.015,7560
0.016,7559
0.016,7558
0.016,7557
0.016,7556
0.017,7555
0.017,7554
0.017,7553
0.017,7552
0.017,7551
0.017,7550
0.017,7549
0.017,7548
0.017,7547
0.017,7546
0.018,7545
0.018,7544
0.018,7543
0.018,7542
0.018,7541
0.018,7540
0.018,7539
0.018,7538
0.018,7537
0.018,7536
0.018,7535
0.018,7534
0.018,7533
0.018,7532
0.018,7531
0.019,7530
0.019,7529
0.019,7528
0.019,7527
0.019,7526
0.019,7525
0.019,7524
0.019,7523
0.019,7522
0.019,7521
0.019,7520
0.019,7519
0.019,7518
0.019,7517
0.019,7516
0.019,7515
0.019,7514
0.019,7513
0.019,7512
0.019,7511
0.019,7510
0.02,7509
0.02,7508
0.02,7507
0.02,7506
0.02,7505
0.02,7504
0.02,7503
0.02,7502
0.02,7501
0.02,7500
0.02,7499
0.02,7498
0.02,7497
0.02,7496
0.02,7495
0.022,7494
0.022,7493
0.022,7492
0.022,7491
0.022,7490
0.023,7489
0.023,7488
0.023,7487
0.023,7486
0.023,7485
0.023,7484
0.023,7483
0.023,7482
0.023,7481
0.023,7480
0.023,7479
0.023,7478
0.023,7477
0.023,7476
0.023,7475
0.023,7474
0.024,7473
0.024,7472
0.024,7471
0.024,7470
0.024,7469
0.024,7468
0.024,7467
0.024,7466
0.024,7465
0.024,7464
0.024,7463
0.024,7462
0.024,7461
0.024,7460
0.024,7459
0.024,7458
0.024,7457
0.024,7456
0.025,7455
0.025,7454
0.025,7453
0.025,7452
0.025,7451
0.025,7450
0.025,7449
0.025,7448
0.025,7447
0.025,7446
0.025,7445
0.025,7444
0.025,7443
0.025,7442
0.025,7441
0.025,7440
0.025,7439
0.025,7438
0.026,7437
0.026,7436
0.026,7435
0.026,7434
0.026,7433
0.026,7432
0.026,7431
0.026,7430
0.026,7429
0.026,7428
0.026,7427
0.026,7426
0.026,7425
0.026,7424
0.026,7423
0.026,7422
0.026,7421
0.027,7420
0.027,7419
0.027,7418
0.027,7417
0.027,7416
0.027,7415
0.027,7414
0.027,7413
0.027,7412
0.027,7411
0.027,7410
0.027,7409
0.027,7408
0.027,7407
0.027,7406
0.027,7405
0.027,7404
0.027,7403
0.027,7402
0.028,7401
0.028,7400
0.028,7399
0.028,7398
0.028,7397
0.028,7396
0.028,7395
0.028,7394
0.028,7393
0.028,7392
0.028,7391
0.028,7390
0.028,7389
0.028,7388
0.028,7387
0.029,7386
0.029,7385
0.029,7384
0.029,7383
0.029,7382
0.029,7381
0.029,7380
0.029,7379
0.029,7378
0.029,7377
0.029,7376
0.029,7375
0.029,7374
0.03,7373
0.03,7372
0.03,7371
0.03,7370
0.03,7369
0.03,7368
0.03,7367
0.03,7366
0.03,7365
0.03,7364
0.03,7363
0.03,7362
0.03,7361
0.03,7360
0.031,7359
0.031,7358
0.031,7357
0.031,7356
0.031,7355
0.031,7354
0.031,7353
0.031,7352
0.031,7351
0.032,7350
0.035,7349
0.035,7348
0.035,7347
0.035,7346
0.035,7345
0.035,7344
0.035,7343
0.035,7342
0.035,7341
0.035,7340
0.035,7339
0.035,7338
0.036,7337
0.036,7336
0.036,7335
0.036,7334
0.036,7333
0.036,7332
0.036,7331
0.036,7330
0.036,7329
0.036,7328
0.036,7327
0.036,7326
0.036,7325
0.036,7324
0.036,7323
0.036,7322
0.036,7321
0.036,7320
0.036,7319
0.036,7318
0.036,7317
0.036,7316
0.037,7315
0.037,7314
0.037,7313
0.037,7312
0.037,7311
0.037,7310
0.037,7309
0.037,7308
0.037,7307
0.037,7306
0.037,7305
0.037,7304
0.037,7303
0.037,7302
0.037,7301
0.037,7300
0.037,7299
0.037,7298
0.037,7297
0.037,7296
0.037,7295
0.038,7294
0.038,7293
0.038,7292
0.038,7291
0.038,7290
0.038,7289
0.038,7288
0.038,7287
0.038,7286
0.038,7285
0.038,7284
0.038,7283
0.038,7282
0.038,7281
0.038,7280
0.038,7279
0.038,7278
0.038,7277
0.038,7276
0.038,7275
0.038,7274
0.039,7273
0.039,7272
0.039,7271
0.039,7270
0.039,7269
0.039,7268
0.039,7267
0.039,7266
0.039,7265
0.039,7264
0.039,7263
0.039,7262
0.039,7261
0.039,7260
0.039,7259
0.039,7258
0.039,7257
0.039,7256
0.039,7255
0.039,7254
0.039,7253
0.039,7252
0.039,7251
0.039,7250
0.04,7249
0.04,7248
0.04,7247
0.04,7246
0.04,7245
0.04,7244
0.04,7243
0.04,7242
0.04,7241
0.04,7240
0.04,7239
0.04,7238
0.04,7237
0.04,7236
0.041,7235
0.041,7234
0.041,7233
0.041,7232
0.041,7231
0.041,7230
0.041,7229
0.041,7228
0.041,7227
0.041,7226
0.041,7225
0.041,7224
0.041,7223
0.041,7222
0.041,7221
0.041,7220
0.042,7219
0.042,7218
0.042,7217
0.042,7216
0.042,7215
0.042,7214
0.042,7213
0.042,7212
0.042,7211
0.042,7210
0.042,7209
0.042,7208
0.042,7207
0.042,7206
0.042,7205
0.042,7204
0.042,7203
0.042,7202
0.043,7201
0.043,7200
0.043,7199
0.043,7198
0.043,7197
0.043,7196
0.043,7195
0.043,7194
0.043,7193
0.043,7192
0.043,7191
0.043,7190
0.043,7189
0.043,7188
0.043,7187
0.043,7186
0.043,7185
0.043,7184
0.044,7183
0.044,7182
0.044,7181
0.044,7180
0.044,7179
0.044,7178
0.044,7177
0.044,7176
0.044,7175
0.044,7174
0.044,7173
0.044,7172
0.044,7171
0.044,7170
0.044,7169
0.044,7168
0.044,7167
0.044,7166
0.045,7165
0.045,7164
0.045,7163
0.045,7162
0.045,7161
0.045,7160
0.045,7159
0.045,7158
0.045,7157
0.045,7156
0.045,7155
0.045,7154
0.045,7153
0.045,7152
0.045,7151
0.045,7150
0.045,7149
0.045,7148
0.045,7147
0.045,7146
0.045,7145
0.045,7144
0.045,7143
0.045,7142
0.046,7141
0.046,7140
0.046,7139
0.046,7138
0.046,7137
0.046,7136
0.046,7135
0.046,7134
0.046,7133
0.046,7132
0.046,7131
0.046,7130
0.046,7129
0.046,7128
0.046,7127
0.046,7126
0.046,7125
0.046,7124
0.046,7123
0.046,7122
0.046,7121
0.046,7120
0.046,7119
0.046,7118
0.046,7117
0.047,7116
0.047,7115
0.047,7114
0.047,7113
0.047,7112
0.047,7111
0.047,7110
0.047,7109
0.047,7108
0.047,7107
0.047,7106
0.047,7105
0.047,7104
0.047,7103
0.047,7102
0.047,7101
0.047,7100
0.047,7099
0.047,7098
0.047,7097
0.047,7096
0.047,7095
0.047,7094
0.048,7093
0.048,7092
0.048,7091
0.048,7090
0.048,7089
0.048,7088
0.048,7087
0.048,7086
0.048,7085
0.048,7084
0.048,7083
0.048,7082
0.048,7081
0.048,7080
0.048,7079
0.048,7078
0.048,7077
0.048,7076
0.048,7075
0.048,7074
0.048,7073
0.048,7072
0.049,7071
0.049,7070
0.049,7069
0.049,7068
0.049,7067
0.049,7066
0.049,7065
0.049,7064
0.049,7063
0.049,7062
0.049,7061
0.049,7060
0.049,7059
0.049,7058
0.049,7057
0.049,7056
0.049,7055
0.049,7054
0.049,7053
0.049,7052
0.049,7051
0.05,7050
0.05,7049
0.05,7048
0.05,7047
0.05,7046
0.05,7045
0.05,7044
0.05,7043
0.05,7042
0.05,7041
0.05,7040
0.05,7039
0.05,7038
0.05,7037
0.05,7036
0.05,7035
0.05,7034
0.05,7033
0.05,7032
0.05,7031
0.05,7030
0.05,7029
0.05,7028
0.051,7027
0.051,7026
0.051,7025
0.051,7024
0.051,7023
0.051,7022
0.051,7021
0.051,7020
0.051,7019
0.051,7018
0.051,7017
0.051,7016
0.051,7015
0.051,7014
0.051,7013
0.051,7012
0.051,7011
0.052,7010
0.052,7009
0.052,7008
0.052,7007
0.052,7006
0.052,7005
0.052,7004
0.052,7003
0.052,7002
0.052,7001
0.052,7000
0.052,6999
0.052,6998
0.052,6997
0.052,6996
0.052,6995
0.052,6994
0.052,6993
0.052,6992
0.052,6991
0.053,6990
0.053,6989
0.053,6988
0.053,6987
0.053,6986
0.053,6985
0.053,6984
0.053,6983
0.053,6982
0.053,6981
0.053,6980
0.053,6979
0.053,6978
0.053,6977
0.053,6976
0.053,6975
0.053,6974
0.054,6973
0.054,6972
0.054,6971
0.054,6970
0.054,6969
0.054,6968
0.054,6967
0.054,6966
0.054,6965
0.054,6964
0.054,6963
0.054,6962
0.054,6961
0.054,6960
0.054,6959
0.054,6958
0.054,6957
0.054,6956
0.054,6955
0.054,6954
0.054,6953
0.054,6952
0.054,6951
0.055,6950
0.055,6949
0.055,6948
0.055,6947
0.055,6946
0.055,6945
0.055,6944
0.055,6943
0.055,6942
0.055,6941
0.055,6940
0.055,6939
0.055,6938
0.055,6937
0.055,6936
0.056,6935
0.056,6934
0.056,6933
0.056,6932
0.056,6931
0.056,6930
0.056,6929
0.056,6928
0.056,6927
0.056,6926
0.056,6925
0.056,6924
0.056,6923
0.056,6922
0.056,6921
0.056,6920
0.056,6919
0.056,6918
0.056,6917
0.056,6916
0.056,6915
0.056,6914
0.056,6913
0.057,6912
0.057,6911
0.057,6910
0.057,6909
0.057,6908
0.057,6907
0.057,6906
0.057,6905
0.057,6904
0.057,6903
0.057,6902
0.057,6901
0.057,6900
0.057,6899
0.057,6898
0.057,6897
0.057,6896
0.057,6895
0.057,6894
0.057,6893
0.058,6892
0.058,6891
0.058,6890
0.058,6889
0.058,6888
0.058,6887
0.058,6886
0.058,6885
0.058,6884
0.058,6883
0.058,6882
0.058,6881
0.058,6880
0.058,6879
0.058,6878
0.058,6877
0.058,6876
0.058,6875
0.058,6874
0.058,6873
0.058,6872
0.059,6871
0.059,6870
0.059,6869
0.059,6868
0.059,6867
0.059,6866
0.059,6865
0.059,6864
0.059,6863
0.059,6862
0.059,6861
0.059,6860
0.059,6859
0.059,6858
0.059,6857
0.059,6856
0.059,6855
0.059,6854
0.06,6853
0.06,6852
0.06,6851
0.06,6850
0.06,6849
0.06,6848
0.06,6847
0.06,6846
0.06,6845
0.06,6844
0.06,6843
0.06,6842
0.06,6841
0.06,6840
0.06,6839
0.06,6838
0.06,6837
0.061,6836
0.061,6835
0.061,6834
0.061,6833
0.061,6832
0.061,6831
0.061,6830
0.061,6829
0.061,6828
0.061,6827
0.061,6826
0.061,6825
0.061,6824
0.061,6823
0.061,6822
0.061,6821
0.061,6820
0.061,6819
0.061,6818
0.061,6817
0.061,6816
0.062,6815
0.062,6814
0.062,6813
0.062,6812
0.062,6811
0.062,6810
0.062,6809
0.062,6808
0.062,6807
0.062,6806
0.062,6805
0.062,6804
0.062,6803
0.062,6802
0.062,6801
0.062,6800
0.062,6799
0.063,6798
0.063,6797
0.063,6796
0.063,6795
0.063,6794
0.063,6793
0.063,6792
0.063,6791
0.063,6790
0.063,6789
0.063,6788
0.063,6787
0.063,6786
0.063,6785
0.063,6784
0.063,6783
0.063,6782
0.063,6781
0.064,6780
0.064,6779
0.064,6778
0.064,6777
0.064,6776
0.064,6775
0.064,6774
0.064,6773
0.064,6772
0.064,6771
0.064,6770
0.064,6769
0.064,6768
0.064,6767
0.064,6766
0.065,6765
0.065,6764
0.065,6763
0.065,6762
0.065,6761
0.065,6760
0.065,6759
0.065,6758
0.065,6757
0.065,6756
0.065,6755
0.065,6754
0.065,6753
0.065,6752
0.065,6751
0.065,6750
0.065,6749
0.066,6748
0.066,6747
0.066,6746
0.066,6745
0.066,6744
0.066,6743
0.066,6742
0.066,6741
0.066,6740
0.066,6739
0.066,6738
0.066,6737
0.066,6736
0.066,6735
0.066,6734
0.066,6733
0.066,6732
0.067,6731
0.067,6730
0.067,6729
0.067,6728
0.067,6727
0.067,6726
0.067,6725
0.067,6724
0.067,6723
0.067,6722
0.067,6721
0.067,6720
0.067,6719
0.067,6718
0.068,6717
0.068,6716
0.068,6715
0.068,6714
0.068,6713
0.068,6712
0.068,6711
0.068,6710
0.068,6709
0.068,6708
0.068,6707
0.068,6706
0.068,6705
0.068,6704
0.069,6703
0.069,6702
0.069,6701
0.069,6700
0.069,6699
0.069,6698
0.069,6697
0.069,6696
0.069,6695
0.069,6694
0.069,6693
0.069,6692
0.069,6691
0.069,6690
0.069,6689
0.07,6688
0.07,6687
0.07,6686
0.07,6685
0.07,6684
0.07,6683
0.07,6682
0.07,6681
0.07,6680
0.07,6679
0.07,6678
0.07,6677
0.07,6676
0.07,6675
0.071,6674
0.071,6673
0.071,6672
0.071,6671
0.071,6670
0.071,6669
0.071,6668
0.071,6667
0.071,6666
0.071,6665
0.071,6664
0.071,6663
0.071,6662
0.071,6661
0.071,6660
0.071,6659
0.071,6658
0.071,6657
0.071,6656
0.071,6655
0.071,6654
0.071,6653
0.071,6652
0.072,6651
0.072,6650
0.072,6649
0.072,6648
0.072,6647
0.072,6646
0.072,6645
0.072,6644
0.072,6643
0.072,6642
0.072,6641
0.072,6640
0.072,6639
0.072,6638
0.072,6637
0.072,6636
0.072,6635
0.072,6634
0.072,6633
0.072,6632
0.072,6631
0.072,6630
0.073,6629
0.073,6628
0.073,6627
0.073,6626
0.073,6625
0.073,6624
0.073,6623
0.073,6622
0.073,6621
0.073,6620
0.073,6619
0.073,6618
0.073,6617
0.073,6616
0.073,6615
0.073,6614
0.073,6613
0.074,6612
0.074,6611
0.074,6610
0.074,6609
0.074,6608
0.074,6607
0.074,6606
0.074,6605
0.074,6604
0.074,6603
0.074,6602
0.074,6601
0.074,6600
0.075,6599
0.075,6598
0.075,6597
0.075,6596
0.075,6595
0.075,6594
0.075,6593
0.075,6592
0.075,6591
0.075,6590
0.075,6589
0.075,6588
0.075,6587
0.075,6586
0.075,6585
0.076,6584
0.076,6583
0.076,6582
0.076,6581
0.076,6580
0.076,6579
0.076,6578
0.076,6577
0.076,6576
0.076,6575
0.076,6574
0.076,6573
0.076,6572
0.076,6571
0.077,6570
0.077,6569
0.077,6568
0.077,6567
0.077,6566
0.077,6565
0.077,6564
0.077,6563
0.078,6562
0.078,6561
0.078,6560
0.078,6559
0.078,6558
0.078,6557
0.078,6556
0.078,6555
0.078,6554
0.078,6553
0.078,6552
0.078,6551
0.078,6550
0.078,6549
0.079,6548
0.079,6547
0.079,6546
0.079,6545
0.079,6544
0.079,6543
0.079,6542
0.079,6541
0.079,6540
0.079,6539
0.079,6538
0.079,6537
0.08,6536
0.08,6535
0.08,6534
0.08,6533
0.08,6532
0.08,6531
0.08,6530
0.08,6529
0.08,6528
0.08,6527
0.08,6526
0.081,6525
0.081,6524
0.081,6523
0.081,6522
0.081,6521
0.081,6520
0.081,6519
0.081,6518
0.081,6517
0.081,6516
0.081,6515
0.081,6514
0.081,6513
0.082,6512
0.082,6511
0.082,6510
0.082,6509
0.082,6508
0.082,6507
0.082,6506
0.082,6505
0.082,6504
0.082,6503
0.082,6502
0.083,6501
0.083,6500
0.083,6499
0.083,6498
0.083,6497
0.083,6496
0.083,6495
0.083,6494
0.083,6493
0.083,6492
0.083,6491
0.083,6490
0.083,6489
0.083,6488
0.083,6487
0.083,6486
0.083,6485
0.083,6484
0.084,6483
0.084,6482
0.084,6481
0.084,6480
0.084,6479
0.084,6478
0.084,6477
0.084,6476
0.084,6475
0.084,6474
0.084,6473
0.084,6472
0.084,6471
0.085,6470
0.085,6469
0.085,6468
0.085,6467
0.085,6466
0.085,6465
0.085,6464
0.085,6463
0.085,6462
0.085,6461
0.085,6460
0.085,6459
0.085,6458
0.085,6457
0.085,6456
0.085,6455
0.085,6454
0.085,6453
0.086,6452
0.086,6451
0.086,6450
0.086,6449
0.086,6448
0.086,6447
0.086,6446
0.086,6445
0.086,6444
0.086,6443
0.086,6442
0.086,6441
0.086,6440
0.086,6439
0.086,6438
0.086,6437
0.086,6436
0.086,6435
0.087,6434
0.087,6433
0.087,6432
0.087,6431
0.087,6430
0.087,6429
0.087,6428
0.087,6427
0.087,6426
0.087,6425
0.087,6424
0.087,6423
0.087,6422
0.087,6421
0.087,6420
0.087,6419
0.088,6418
0.088,6417
0.088,6416
0.088,6415
0.088,6414
0.088,6413
0.088,6412
0.088,6411
0.088,6410
0.088,6409
0.088,6408
0.088,6407
0.088,6406
0.088,6405
0.088,6404
0.088,6403
0.088,6402
0.088,6401
0.088,6400
0.088,6399
0.089,6398
0.089,6397
0.089,6396
0.089,6395
0.089,6394
0.089,6393
0.089,6392
0.089,6391
0.089,6390
0.089,6389
0.089,6388
0.089,6387
0.089,6386
0.089,6385
0.089,6384
0.089,6383
0.089,6382
0.089,6381
0.09,6380
0.09,6379
0.09,6378
0.09,6377
0.09,6376
0.09,6375
0.09,6374
0.09,6373
0.09,6372
0.09,6371
0.09,6370
0.09,6369
0.09,6368
0.09,6367
0.09,6366
0.09,6365
0.09,6364
0.09,6363
0.091,6362
0.091,6361
0.091,6360
0.091,6359
0.091,6358
0.091,6357
0.091,6356
0.091,6355
0.091,6354
0.091,6353
0.091,6352
0.091,6351
0.091,6350
0.091,6349
0.091,6348
0.091,6347
0.091,6346
0.091,6345
0.092,6344
0.092,6343
0.092,6342
0.092,6341
0.092,6340
0.092,6339
0.092,6338
0.092,6337
0.092,6336
0.092,6335
0.092,6334
0.092,6333
0.092,6332
0.092,6331
0.092,6330
0.092,6329
0.092,6328
0.092,6327
0.092,6326
0.093,6325
0.093,6324
0.093,6323
0.093,6322
0.093,6321
0.093,6320
0.093,6319
0.093,6318
0.093,6317
0.093,6316
0.093,6315
0.093,6314
0.093,6313
0.093,6312
0.093,6311
0.093,6310
0.093,6309
0.093,6308
0.094,6307
0.094,6306
0.094,6305
0.094,6304
0.094,6303
0.094,6302
0.094,6301
0.094,6300
0.094,6299
0.094,6298
0.094,6297
0.094,6296
0.094,6295
0.094,6294
0.094,6293
0.094,6292
0.094,6291
0.094,6290
0.094,6289
0.094,6288
0.094,6287
0.095,6286
0.095,6285
0.095,6284
0.095,6283
0.095,6282
0.095,6281
0.095,6280
0.095,6279
0.095,6278
0.095,6277
0.095,6276
0.095,6275
0.095,6274
0.095,6273
0.095,6272
0.096,6271
0.096,6270
0.096,6269
0.096,6268
0.096,6267
0.096,6266
0.096,6265
0.096,6264
0.099,6263
0.099,6262
0.099,6261
0.099,6260
0.099,6259
0.099,6258
0.099,6257
0.099,6256
0.099,6255
0.099,6254
0.1,6253
0.1,6252
0.1,6251
0.1,6250
0.1,6249
0.1,6248
0.1,6247
0.1,6246
0.1,6245
0.1,6244
0.1,6243
0.1,6242
0.1,6241
0.1,6240
0.1,6239
0.1,6238
0.1,6237
0.1,6236
0.1,6235
0.1,6234
0.1,6233
0.1,6232
0.1,6231
0.1,6230
0.101,6229
0.101,6228
0.101,6227
0.101,6226
0.101,6225
0.101,6224
0.101,6223
0.101,6222
0.101,6221
0.101,6220
0.101,6219
0.101,6218
0.101,6217
0.101,6216
0.101,6215
0.101,6214
0.101,6213
0.101,6212
0.101,6211
0.101,6210
0.101,6209
0.101,6208
0.102,6207
0.102,6206
0.102,6205
0.102,6204
0.102,6203
0.102,6202
0.102,6201
0.102,6200
0.102,6199
0.102,6198
0.102,6197
0.102,6196
0.102,6195
0.102,6194
0.102,6193
0.102,6192
0.102,6191
0.102,6190
0.102,6189
0.102,6188
0.103,6187
0.103,6186
0.103,6185
0.103,6184
0.103,6183
0.103,6182
0.103,6181
0.103,6180
0.103,6179
0.103,6178
0.103,6177
0.103,6176
0.103,6175
0.103,6174
0.103,6173
0.103,6172
0.103,6171
0.103,6170
0.103,6169
0.103,6168
0.103,6167
0.103,6166
0.103,6165
0.104,6164
0.104,6163
0.104,6162
0.104,6161
0.104,6160
0.104,6159
0.104,6158
0.104,6157
0.104,6156
0.104,6155
0.104,6154
0.104,6153
0.104,6152
0.104,6151
0.104,6150
0.104,6149
0.104,6148
0.104,6147
0.104,6146
0.104,6145
0.104,6144
0.104,6143
0.104,6142
0.104,6141
0.104,6140
0.104,6139
0.104,6138
0.104,6137
0.104,6136
0.104,6135
0.104,6134
0.104,6133
0.104,6132
0.104,6131
0.104,6130
0.104,6129
0.104,6128
0.105,6127
0.105,6126
0.105,6125
0.105,6124
0.105,6123
0.105,6122
0.105,6121
0.105,6120
0.105,6119
0.105,6118
0.105,6117
0.105,6116
0.105,6115
0.105,6114
0.105,6113
0.105,6112
0.105,6111
0.105,6110
0.105,6109
0.105,6108
0.105,6107
0.105,6106
0.105,6105
0.105,6104
0.105,6103
0.105,6102
0.105,6101
0.105,6100
0.105,6099
0.106,6098
0.106,6097
0.106,6096
0.106,6095
0.106,6094
0.106,6093
0.106,6092
0.106,6091
0.106,6090
0.106,6089
0.106,6088
0.106,6087
0.106,6086
0.106,6085
0.106,6084
0.106,6083
0.106,6082
0.106,6081
0.106,6080
0.107,6079
0.107,6078
0.107,6077
0.107,6076
0.107,6075
0.107,6074
0.107,6073
0.107,6072
0.107,6071
0.107,6070
0.107,6069
0.107,6068
0.107,6067
0.107,6066
0.107,6065
0.107,6064
0.107,6063
0.107,6062
0.107,6061
0.108,6060
0.108,6059
0.108,6058
0.108,6057
0.108,6056
0.108,6055
0.108,6054
0.108,6053
0.108,6052
0.108,6051
0.108,6050
0.108,6049
0.108,6048
0.108,6047
0.108,6046
0.108,6045
0.108,6044
0.108,6043
0.108,6042
0.108,6041
0.108,6040
0.108,6039
0.108,6038
0.108,6037
0.108,6036
0.109,6035
0.109,6034
0.109,6033
0.109,6032
0.109,6031
0.109,6030
0.109,6029
0.109,6028
0.109,6027
0.109,6026
0.109,6025
0.109,6024
0.109,6023
0.109,6022
0.109,6021
0.109,6020
0.109,6019
0.109,6018
0.109,6017
0.109,6016
0.109,6015
0.109,6014
0.109,6013
0.109,6012
0.11,6011
0.11,6010
0.11,6009
0.11,6008
0.11,6007
0.11,6006
0.11,6005
0.11,6004
0.11,6003
0.11,6002
0.11,6001
0.11,6000
0.11,5999
0.11,5998
0.11,5997
0.11,5996
0.11,5995
0.111,5994
0.111,5993
0.111,5992
0.111,5991
0.111,5990
0.111,5989
0.111,5988
0.111,5987
0.111,5986
0.111,5985
0.111,5984
0.111,5983
0.112,5982
0.112,5981
0.112,5980
0.112,5979
0.112,5978
0.112,5977
0.112,5976
0.112,5975
0.112,5974
0.112,5973
0.112,5972
0.112,5971
0.112,5970
0.112,5969
0.112,5968
0.112,5967
0.112,5966
0.112,5965
0.112,5964
0.112,5963
0.112,5962
0.112,5961
0.112,5960
0.113,5959
0.113,5958
0.113,5957
0.113,5956
0.113,5955
0.113,5954
0.113,5953
0.113,5952
0.113,5951
0.113,5950
0.113,5949
0.113,5948
0.113,5947
0.113,5946
0.113,5945
0.113,5944
0.113,5943
0.113,5942
0.114,5941
0.114,5940
0.114,5939
0.114,5938
0.114,5937
0.114,5936
0.114,5935
0.114,5934
0.114,5933
0.114,5932
0.114,5931
0.114,5930
0.114,5929
0.114,5928
0.114,5927
0.114,5926
0.114,5925
0.114,5924
0.114,5923
0.114,5922
0.115,5921
0.115,5920
0.115,5919
0.115,5918
0.115,5917
0.115,5916
0.115,5915
0.115,5914
0.115,5913
0.115,5912
0.115,5911
0.115,5910
0.115,5909
0.115,5908
0.115,5907
0.115,5906
0.115,5905
0.115,5904
0.115,5903
0.115,5902
0.115,5901
0.115,5900
0.115,5899
0.115,5898
0.116,5897
0.116,5896
0.116,5895
0.116,5894
0.116,5893
0.116,5892
0.116,5891
0.116,5890
0.116,5889
0.116,5888
0.116,5887
0.116,5886
0.116,5885
0.116,5884
0.116,5883
0.116,5882
0.116,5881
0.116,5880
0.117,5879
0.117,5878
0.117,5877
0.117,5876
0.117,5875
0.117,5874
0.117,5873
0.117,5872
0.117,5871
0.117,5870
0.117,5869
0.117,5868
0.117,5867
0.117,5866
0.117,5865
0.117,5864
0.117,5863
0.117,5862
0.117,5861
0.117,5860
0.118,5859
0.118,5858
0.118,5857
0.118,5856
0.118,5855
0.118,5854
0.118,5853
0.118,5852
0.118,5851
0.118,5850
0.118,5849
0.118,5848
0.118,5847
0.118,5846
0.118,5845
0.118,5844
0.118,5843
0.118,5842
0.118,5841
0.118,5840
0.118,5839
0.118,5838
0.119,5837
0.119,5836
0.119,5835
0.119,5834
0.119,5833
0.119,5832
0.119,5831
0.119,5830
0.119,5829
0.119,5828
0.119,5827
0.119,5826
0.119,5825
0.119,5824
0.119,5823
0.12,5822
0.12,5821
0.12,5820
0.12,5819
0.12,5818
0.12,5817
0.12,5816
0.12,5815
0.12,5814
0.12,5813
0.12,5812
0.12,5811
0.12,5810
0.12,5809
0.12,5808
0.12,5807
0.12,5806
0.12,5805
0.12,5804
0.12,5803
0.12,5802
0.121,5801
0.121,5800
0.121,5799
0.121,5798
0.121,5797
0.121,5796
0.121,5795
0.121,5794
0.121,5793
0.121,5792
0.121,5791
0.121,5790
0.121,5789
0.121,5788
0.121,5787
0.121,5786
0.121,5785
0.121,5784
0.122,5783
0.122,5782
0.122,5781
0.122,5780
0.122,5779
0.122,5778
0.122,5777
0.122,5776
0.122,5775
0.122,5774
0.122,5773
0.122,5772
0.122,5771
0.122,5770
0.122,5769
0.122,5768
0.122,5767
0.122,5766
0.122,5765
0.122,5764
0.122,5763
0.122,5762
0.123,5761
0.123,5760
0.123,5759
0.123,5758
0.123,5757
0.123,5756
0.123,5755
0.123,5754
0.123,5753
0.123,5752
0.123,5751
0.123,5750
0.123,5749
0.123,5748
0.123,5747
0.123,5746
0.123,5745
0.123,5744
0.123,5743
0.123,5742
0.123,5741
0.124,5740
0.124,5739
0.124,5738
0.124,5737
0.124,5736
0.124,5735
0.124,5734
0.124,5733
0.124,5732
0.124,5731
0.124,5730
0.124,5729
0.124,5728
0.124,5727
0.124,5726
0.124,5725
0.124,5724
0.124,5723
0.124,5722
0.124,5721
0.124,5720
0.124,5719
0.124,5718
0.124,5717
0.124,5716
0.125,5715
0.125,5714
0.125,5713
0.125,5712
0.125,5711
0.125,5710
0.125,5709
0.125,5708
0.125,5707
0.125,5706
0.125,5705
0.125,5704
0.125,5703
0.125,5702
0.125,5701
0.125,5700
0.125,5699
0.125,5698
0.126,5697
0.126,5696
0.126,5695
0.126,5694
0.126,5693
0.126,5692
0.126,5691
0.126,5690
0.126,5689
0.126,5688
0.126,5687
0.126,5686
0.126,5685
0.126,5684
0.126,5683
0.127,5682
0.127,5681
0.127,5680
0.127,5679
0.127,5678
0.127,5677
0.127,5676
0.127,5675
0.127,5674
0.127,5673
0.127,5672
0.127,5671
0.127,5670
0.127,5669
0.127,5668
0.127,5667
0.127,5666
0.127,5665
0.127,5664
0.127,5663
0.127,5662
0.127,5661
0.127,5660
0.128,5659
0.128,5658
0.128,5657
0.128,5656
0.128,5655
0.128,5654
0.128,5653
0.128,5652
0.128,5651
0.128,5650
0.128,5649
0.128,5648
0.128,5647
0.128,5646
0.128,5645
0.128,5644
0.129,5643
0.129,5642
0.129,5641
0.129,5640
0.129,5639
0.129,5638
0.129,5637
0.129,5636
0.129,5635
0.129,5634
0.129,5633
0.129,5632
0.129,5631
0.129,5630
0.129,5629
0.129,5628
0.129,5627
0.129,5626
0.129,5625
0.129,5624
0.129,5623
0.129,5622
0.129,5621
0.129,5620
0.13,5619
0.13,5618
0.13,5617
0.13,5616
0.13,5615
0.13,5614
0.13,5613
0.13,5612
0.13,5611
0.13,5610
0.13,5609
0.13,5608
0.13,5607
0.13,5606
0.13,5605
0.13,5604
0.13,5603
0.13,5602
0.13,5601
0.131,5600
0.131,5599
0.131,5598
0.131,5597
0.131,5596
0.131,5595
0.131,5594
0.131,5593
0.131,5592
0.131,5591
0.131,5590
0.131,5589
0.131,5588
0.131,5587
0.131,5586
0.131,5585
0.131,5584
0.131,5583
0.132,5582
0.132,5581
0.132,5580
0.132,5579
0.132,5578
0.132,5577
0.132,5576
0.132,5575
0.132,5574
0.132,5573
0.132,5572
0.132,5571
0.132,5570
0.132,5569
0.132,5568
0.132,5567
0.132,5566
0.132,5565
0.133,5564
0.133,5563
0.133,5562
0.133,5561
0.133,5560
0.133,5559
0.133,5558
0.133,5557
0.133,5556
0.133,5555
0.133,5554
0.133,5553
0.133,5552
0.133,5551
0.133,5550
0.133,5549
0.133,5548
0.133,5547
0.133,5546
0.133,5545
0.133,5544
0.133,5543
0.134,5542
0.134,5541
0.134,5540
0.134,5539
0.134,5538
0.134,5537
0.134,5536
0.134,5535
0.134,5534
0.134,5533
0.134,5532
0.134,5531
0.134,5530
0.134,5529
0.134,5528
0.134,5527
0.134,5526
0.134,5525
0.134,5524
0.134,5523
0.134,5522
0.135,5521
0.135,5520
0.135,5519
0.135,5518
0.135,5517
0.135,5516
0.135,5515
0.135,5514
0.135,5513
0.135,5512
0.135,5511
0.135,5510
0.135,5509
0.135,5508
0.135,5507
0.135,5506
0.135,5505
0.136,5504
0.136,5503
0.136,5502
0.136,5501
0.136,5500
0.136,5499
0.136,5498
0.136,5497
0.136,5496
0.136,5495
0.136,5494
0.136,5493
0.136,5492
0.136,5491
0.136,5490
0.136,5489
0.136,5488
0.136,5487
0.136,5486
0.136,5485
0.136,5484
0.136,5483
0.137,5482
0.137,5481
0.137,5480
0.137,5479
0.137,5478
0.137,5477
0.137,5476
0.137,5475
0.137,5474
0.137,5473
0.137,5472
0.137,5471
0.137,5470
0.137,5469
0.137,5468
0.137,5467
0.137,5466
0.137,5465
0.137,5464
0.137,5463
0.137,5462
0.137,5461
0.138,5460
0.138,5459
0.138,5458
0.138,5457
0.138,5456
0.138,5455
0.138,5454
0.138,5453
0.138,5452
0.138,5451
0.138,5450
0.138,5449
0.138,5448
0.138,5447
0.138,5446
0.138,5445
0.138,5444
0.138,5443
0.138,5442
0.138,5441
0.138,5440
0.138,5439
0.139,5438
0.139,5437
0.139,5436
0.139,5435
0.139,5434
0.139,5433
0.139,5432
0.139,5431
0.139,5430
0.139,5429
0.139,5428
0.139,5427
0.139,5426
0.139,5425
0.139,5424
0.139,5423
0.14,5422
0.14,5421
0.14,5420
0.14,5419
0.14,5418
0.14,5417
0.14,5416
0.14,5415
0.14,5414
0.14,5413
0.14,5412
0.14,5411
0.14,5410
0.14,5409
0.14,5408
0.141,5407
0.141,5406
0.141,5405
0.141,5404
0.141,5403
0.141,5402
0.141,5401
0.141,5400
0.141,5399
0.141,5398
0.141,5397
0.141,5396
0.141,5395
0.141,5394
0.141,5393
0.141,5392
0.141,5391
0.141,5390
0.141,5389
0.141,5388
0.141,5387
0.141,5386
0.141,5385
0.142,5384
0.142,5383
0.142,5382
0.142,5381
0.142,5380
0.142,5379
0.142,5378
0.142,5377
0.142,5376
0.142,5375
0.142,5374
0.142,5373
0.142,5372
0.142,5371
0.143,5370
0.143,5369
0.143,5368
0.143,5367
0.143,5366
0.143,5365
0.143,5364
0.143,5363
0.143,5362
0.143,5361
0.143,5360
0.143,5359
0.143,5358
0.143,5357
0.143,5356
0.143,5355
0.144,5354
0.144,5353
0.144,5352
0.144,5351
0.144,5350
0.144,5349
0.144,5348
0.144,5347
0.144,5346
0.144,5345
0.144,5344
0.144,5343
0.145,5342
0.145,5341
0.145,5340
0.145,5339
0.145,5338
0.145,5337
0.145,5336
0.145,5335
0.145,5334
0.145,5333
0.145,5332
0.145,5331
0.145,5330
0.145,5329
0.145,5328
0.145,5327
0.145,5326
0.145,5325
0.145,5324
0.146,5323
0.146,5322
0.146,5321
0.146,5320
0.146,5319
0.146,5318
0.146,5317
0.146,5316
0.146,5315
0.146,5314
0.146,5313
0.146,5312
0.146,5311
0.147,5310
0.147,5309
0.147,5308
0.147,5307
0.147,5306
0.147,5305
0.147,5304
0.147,5303
0.147,5302
0.147,5301
0.147,5300
0.147,5299
0.147,5298
0.147,5297
0.147,5296
0.147,5295
0.147,5294
0.147,5293
0.147,5292
0.148,5291
0.148,5290
0.148,5289
0.148,5288
0.148,5287
0.149,5286
0.149,5285
0.149,5284
0.149,5283
0.149,5282
0.149,5281
0.149,5280
0.149,5279
0.149,5278
0.149,5277
0.153,5276
0.153,5275
0.153,5274
0.153,5273
0.153,5272
0.153,5271
0.153,5270
0.153,5269
0.153,5268
0.153,5267
0.153,5266
0.153,5265
0.153,5264
0.153,5263
0.154,5262
0.154,5261
0.154,5260
0.154,5259
0.154,5258
0.154,5257
0.154,5256
0.154,5255
0.154,5254
0.154,5253
0.154,5252
0.154,5251
0.154,5250
0.154,5249
0.154,5248
0.154,5247
0.154,5246
0.155,5245
0.155,5244
0.155,5243
0.155,5242
0.155,5241
0.155,5240
0.155,5239
0.155,5238
0.155,5237
0.155,5236
0.155,5235
0.155,5234
0.155,5233
0.155,5232
0.155,5231
0.156,5230
0.156,5229
0.156,5228
0.156,5227
0.156,5226
0.156,5225
0.156,5224
0.156,5223
0.156,5222
0.156,5221
0.156,5220
0.156,5219
0.156,5218
0.156,5217
0.156,5216
0.157,5215
0.157,5214
0.157,5213
0.157,5212
0.157,5211
0.157,5210
0.157,5209
0.157,5208
0.157,5207
0.157,5206
0.157,5205
0.157,5204
0.157,5203
0.157,5202
0.158,5201
0.158,5200
0.158,5199
0.158,5198
0.158,5197
0.158,5196
0.158,5195
0.158,5194
0.158,5193
0.158,5192
0.158,5191
0.158,5190
0.158,5189
0.158,5188
0.158,5187
0.158,5186
0.158,5185
0.159,5184
0.159,5183
0.159,5182
0.159,5181
0.159,5180
0.159,5179
0.159,5178
0.159,5177
0.159,5176
0.159,5175
0.159,5174
0.159,5173
0.159,5172
0.16,5171
0.16,5170
0.16,5169
0.16,5168
0.16,5167
0.16,5166
0.16,5165
0.16,5164
0.16,5163
0.16,5162
0.16,5161
0.16,5160
0.16,5159
0.16,5158
0.16,5157
0.161,5156
0.161,5155
0.161,5154
0.161,5153
0.161,5152
0.161,5151
0.161,5150
0.161,5149
0.161,5148
0.161,5147
0.161,5146
0.161,5145
0.161,5144
0.162,5143
0.162,5142
0.162,5141
0.162,5140
0.162,5139
0.162,5138
0.162,5137
0.162,5136
0.162,5135
0.162,5134
0.162,5133
0.162,5132
0.162,5131
0.163,5130
0.163,5129
0.163,5128
0.163,5127
0.163,5126
0.163,5125
0.163,5124
0.163,5123
0.163,5122
0.163,5121
0.163,5120
0.163,5119
0.163,5118
0.163,5117
0.163,5116
0.163,5115
0.163,5114
0.163,5113
0.163,5112
0.163,5111
0.163,5110
0.163,5109
0.163,5108
0.163,5107
0.164,5106
0.164,5105
0.164,5104
0.164,5103
0.164,5102
0.164,5101
0.164,5100
0.164,5099
0.164,5098
0.164,5097
0.164,5096
0.165,5095
0.165,5094
0.165,5093
0.165,5092
0.165,5091
0.165,5090
0.165,5089
0.165,5088
0.165,5087
0.165,5086
0.166,5085
0.166,5084
0.166,5083
0.166,5082
0.166,5081
0.166,5080
0.166,5079
0.166,5078
0.166,5077
0.167,5076
0.167,5075
0.167,5074
0.167,5073
0.167,5072
0.167,5071
0.167,5070
0.167,5069
0.167,5068
0.167,5067
0.167,5066
0.167,5065
0.167,5064
0.168,5063
0.168,5062
0.168,5061
0.168,5060
0.168,5059
0.168,5058
0.168,5057
0.168,5056
0.168,5055
0.168,5054
0.168,5053
0.168,5052
0.169,5051
0.169,5050
0.169,5049
0.169,5048
0.169,5047
0.169,5046
0.169,5045
0.169,5044
0.169,5043
0.169,5042
0.169,5041
0.169,5040
0.169,5039
0.169,5038
0.169,5037
0.169,5036
0.169,5035
0.169,5034
0.17,5033
0.17,5032
0.17,5031
0.17,5030
0.17,5029
0.17,5028
0.17,5027
0.17,5026
0.171,5025
0.171,5024
0.171,5023
0.171,5022
0.171,5021
0.171,5020
0.171,5019
0.171,5018
0.171,5017
0.171,5016
0.171,5015
0.171,5014
0.171,5013
0.172,5012
0.172,5011
0.172,5010
0.172,5009
0.172,5008
0.172,5007
0.172,5006
0.172,5005
0.172,5004
0.172,5003
0.172,5002
0.172,5001
0.172,5000
0.172,4999
0.172,4998
0.172,4997
0.173,4996
0.173,4995
0.173,4994
0.173,4993
0.173,4992
0.173,4991
0.173,4990
0.173,4989
0.173,4988
0.173,4987
0.173,4986
0.173,4985
0.173,4984
0.173,4983
0.173,4982
0.173,4981
0.173,4980
0.173,4979
0.174,4978
0.174,4977
0.174,4976
0.174,4975
0.174,4974
0.174,4973
0.174,4972
0.174,4971
0.174,4970
0.174,4969
0.175,4968
0.175,4967
0.175,4966
0.175,4965
0.175,4964
0.175,4963
0.175,4962
0.175,4961
0.175,4960
0.175,4959
0.175,4958
0.175,4957
0.175,4956
0.175,4955
0.175,4954
0.175,4953
0.175,4952
0.175,4951
0.175,4950
0.175,4949
0.176,4948
0.176,4947
0.176,4946
0.176,4945
0.176,4944
0.176,4943
0.176,4942
0.176,4941
0.176,4940
0.176,4939
0.177,4938
0.177,4937
0.177,4936
0.177,4935
0.177,4934
0.177,4933
0.177,4932
0.177,4931
0.178,4930
0.178,4929
0.178,4928
0.178,4927
0.178,4926
0.178,4925
0.178,4924
0.178,4923
0.178,4922
0.178,4921
0.179,4920
0.179,4919
0.179,4918
0.179,4917
0.179,4916
0.179,4915
0.179,4914
0.179,4913
0.179,4912
0.179,4911
0.179,4910
0.18,4909
0.18,4908
0.18,4907
0.18,4906
0.18,4905
0.18,4904
0.18,4903
0.18,4902
0.18,4901
0.18,4900
0.18,4899
0.18,4898
0.18,4897
0.18,4896
0.18,4895
0.181,4894
0.181,4893
0.181,4892
0.181,4891
0.181,4890
0.181,4889
0.181,4888
0.181,4887
0.181,4886
0.181,4885
0.182,4884
0.182,4883
0.182,4882
0.182,4881
0.182,4880
0.182,4879
0.182,4878
0.182,4877
0.182,4876
0.182,4875
0.182,4874
0.182,4873
0.183,4872
0.183,4871
0.183,4870
0.183,4869
0.183,4868
0.183,4867
0.184,4866
0.184,4865
0.184,4864
0.184,4863
0.184,4862
0.184,4861
0.184,4860
0.185,4859
0.185,4858
0.185,4857
0.185,4856
0.185,4855
0.185,4854
0.185,4853
0.185,4852
0.186,4851
0.186,4850
0.186,4849
0.186,4848
0.186,4847
0.186,4846
0.186,4845
0.186,4844
0.186,4843
0.186,4842
0.186,4841
0.187,4840
0.187,4839
0.187,4838
0.187,4837
0.187,4836
0.187,4835
0.188,4834
0.188,4833
0.188,4832
0.188,4831
0.188,4830
0.188,4829
0.188,4828
0.189,4827
0.189,4826
0.189,4825
0.189,4824
0.189,4823
0.189,4822
0.189,4821
0.189,4820
0.19,4819
0.19,4818
0.19,4817
0.19,4816
0.19,4815
0.19,4814
0.19,4813
0.19,4812
0.19,4811
0.191,4810
0.191,4809
0.191,4808
0.191,4807
0.191,4806
0.191,4805
0.191,4804
0.191,4803
0.191,4802
0.191,4801
0.192,4800
0.192,4799
0.192,4798
0.192,4797
0.192,4796
0.192,4795
0.192,4794
0.192,4793
0.192,4792
0.192,4791
0.192,4790
0.192,4789
0.192,4788
0.193,4787
0.193,4786
0.193,4785
0.193,4784
0.196,4783
0.196,4782
0.196,4781
0.196,4780
0.196,4779
0.196,4778
0.197,4777
0.197,4776
0.197,4775
0.197,4774
0.197,4773
0.197,4772
0.197,4771
0.197,4770
0.198,4769
0.198,4768
0.198,4767
0.199,4766
0.199,4765
0.199,4764
0.199,4763
0.199,4762
0.199,4761
0.199,4760
0.199,4759
0.199,4758
0.2,4757
0.2,4756
0.2,4755
0.2,4754
0.2,4753
0.201,4752
0.201,4751
0.201,4750
0.201,4749
0.201,4748
0.202,4747
0.202,4746
0.202,4745
0.202,4744
0.203,4743
0.203,4742
0.203,4741
0.203,4740
0.203,4739
0.203,4738
0.204,4737
0.204,4736
0.204,4735
0.204,4734
0.204,4733
0.204,4732
0.205,4731
0.205,4730
0.205,4729
0.205,4728
0.205,4727
0.205,4726
0.206,4725
0.206,4724
0.206,4723
0.207,4722
0.207,4721
0.207,4720
0.207,4719
0.207,4718
0.207,4717
0.208,4716
0.208,4715
0.208,4714
0.208,4713
0.208,4712
0.208,4711
0.208,4710
0.208,4709
0.208,4708
0.209,4707
0.209,4706
0.209,4705
0.209,4704
0.209,4703
0.209,4702
0.209,4701
0.21,4700
0.21,4699
0.21,4698
0.21,4697
0.21,4696
0.21,4695
0.21,4694
0.21,4693
0.21,4692
0.211,4691
0.211,4690
0.212,4689
0.212,4688
0.212,4687
0.212,4686
0.212,4685
0.212,4684
0.213,4683
0.213,4682
0.213,4681
0.213,4680
0.214,4679
0.214,4678
0.214,4677
0.214,4676
0.214,4675
0.214,4674
0.215,4673
0.215,4672
0.215,4671
0.215,4670
0.215,4669
0.215,4668
0.215,4667
0.216,4666
0.216,4665
0.216,4664
0.217,4663
0.217,4662
0.217,4661
0.218,4660
0.218,4659
0.218,4658
0.218,4657
0.218,4656
0.218,4655
0.218,4654
0.218,4653
0.218,4652
0.219,4651
0.219,4650
0.219,4649
0.219,4648
0.219,4647
0.219,4646
0.219,4645
0.22,4644
0.22,4643
0.22,4642
0.22,4641
0.221,4640
0.221,4639
0.221,4638
0.221,4637
0.221,4636
0.221,4635
0.221,4634
0.222,4633
0.222,4632
0.222,4631
0.222,4630
0.222,4629
0.222,4628
0.223,4627
0.223,4626
0.223,4625
0.223,4624
0.223,4623
0.224,4622
0.224,4621
0.224,4620
0.224,4619
0.224,4618
0.224,4617
0.224,4616
0.225,4615
0.225,4614
0.225,4613
0.225,4612
0.225,4611
0.226,4610
0.226,4609
0.227,4608
0.227,4607
0.227,4606
0.227,4605
0.227,4604
0.227,4603
0.228,4602
0.228,4601
0.228,4600
0.228,4599
0.228,4598
0.228,4597
0.229,4596
0.229,4595
0.229,4594
0.229,4593
0.23,4592
0.23,4591
0.23,4590
0.23,4589
0.23,4588
0.23,4587
0.231,4586
0.231,4585
0.231,4584
0.231,4583
0.231,4582
0.232,4581
0.232,4580
0.233,4579
0.233,4578
0.233,4577
0.233,4576
0.234,4575
0.234,4574
0.234,4573
0.234,4572
0.234,4571
0.234,4570
0.234,4569
0.235,4568
0.235,4567
0.235,4566
0.235,4565
0.235,4564
0.235,4563
0.235,4562
0.236,4561
0.236,4560
0.236,4559
0.236,4558
0.237,4557
0.237,4556
0.237,4555
0.237,4554
0.238,4553
0.238,4552
0.24,4551
0.24,4550
0.24,4549
0.24,4548
0.24,4547
0.241,4546
0.246,4545
0.246,4544
0.246,4543
0.246,4542
0.246,4541
0.246,4540
0.246,4539
0.246,4538
0.246,4537
0.247,4536
0.247,4535
0.247,4534
0.247,4533
0.247,4532
0.248,4531
0.248,4530
0.249,4529
0.249,4528
0.249,4527
0.249,4526
0.249,4525
0.25,4524
0.25,4523
0.25,4522
0.251,4521
0.251,4520
0.251,4519
0.252,4518
0.252,4517
0.252,4516
0.252,4515
0.253,4514
0.253,4513
0.253,4512
0.253,4511
0.253,4510
0.254,4509
0.255,4508
0.255,4507
0.256,4506
0.256,4505
0.256,4504
0.256,4503
0.257,4502
0.257,4501
0.257,4500
0.258,4499
0.258,4498
0.258,4497
0.258,4496
0.258,4495
0.258,4494
0.258,4493
0.258,4492
0.26,4491
0.26,4490
0.26,4489
0.261,4488
0.261,4487
0.261,4486
0.261,4485
0.262,4484
0.262,4483
0.262,4482
0.264,4481
0.264,4480
0.264,4479
0.264,4478
0.266,4477
0.267,4476
0.267,4475
0.267,4474
0.268,4473
0.268,4472
0.269,4471
0.269,4470
0.27,4469
0.271,4468
0.271,4467
0.272,4466
0.272,4465
0.273,4464
0.273,4463
0.274,4462
0.274,4461
0.274,4460
0.274,4459
0.275,4458
0.275,4457
0.276,4456
0.277,4455
0.278,4454
0.278,4453
0.279,4452
0.28,4451
0.28,4450
0.28,4449
0.281,4448
0.281,4447
0.282,4446
0.282,4445
0.282,4444
0.282,4443
0.283,4442
0.283,4441
0.284,4440
0.285,4439
0.285,4438
0.285,4437
0.287,4436
0.288,4435
0.291,4434
0.294,4433
0.296,4432
0.297,4431
0.298,4430
0.303,4429
0.305,4428
0.306,4427
0.31,4426
0.311,4425
0.314,4424
0.316,4423
0.318,4422
0.319,4421
0.321,4420
0.323,4419
0.323,4418
0.325,4417
0.329,4416
0.332,4415
0.336,4414
0.336,4413
0.337,4412
0.337,4411
0.338,4410
0.35,4409
0.366,4408
0.367,4407
0.368,4406
0.369,4405
0.373,4404
0.378,4403
0.38,4402
0.385,4401
0.385,4400
0.389,4399
0.39,4398
0.392,4397
0.399,4396
0.401,4395
0.402,4394
0.412,4393
0.431,4392
0.447,4391
0.46,4390
0.469,4389
0.478,4388
0.507,4387
