0.001,7604
0.002,7603
0.003,7602
0.003,7601
0.003,7600
0.004,7599
0.005,7598
0.005,7597
0.006,7596
0.006,7595
0.006,7594
0.006,7593
0.006,7592
0.007,7591
0.007,7590
0.007,7589
0.008,7588
0.008,7587
0.009,7586
0.009,7585
0.009,7584
0.009,7583
0.009,7582
0.01,7581
0.01,7580
0.01,7579
0.011,7578
0.011,7577
0.011,7576
0.011,7575
0.011,7574
0.011,7573
0.012,7572
0.012,7571
0.012,7570
0.012,7569
0.012,7568
0.013,7567
0.013,7566
0.013,7565
0.014,7564
0.014,7563
0.014,7562
0.015,7561
0.016,7560
0.016,7559
0.016,7558
0.016,7557
0.017,7556
0.017,7555
0.017,7554
0.017,7553
0.017,7552
0.017,7551
0.017,7550
0.017,7549
0.017,7548
0.017,7547
0.017,7546
0.017,7545
0.018,7544
0.018,7543
0.018,7542
0.018,7541
0.018,7540
0.018,7539
0.018,7538
0.018,7537
0.018,7536
0.018,7535
0.018,7534
0.018,7533
0.018,7532
0.018,7531
0.018,7530
0.018,7529
0.018,7528
0.018,7527
0.018,7526
0.019,7525
0.019,7524
0.019,7523
0.019,7522
0.019,7521
0.019,7520
0.019,7519
0.019,7518
0.019,7517
0.019,7516
0.019,7515
0.019,7514
0.019,7513
0.019,7512
0.019,7511
0.019,7510
0.02,7509
0.02,7508
0.02,7507
0.02,7506
0.02,7505
0.02,7504
0.02,7503
0.02,7502
0.02,7501
0.02,7500
0.02,7499
0.02,7498
0.02,7497
0.02,7496
0.02,7495
0.022,7494
0.022,7493
0.022,7492
0.022,7491
0.022,7490
0.022,7489
0.023,7488
0.023,7487
0.023,7486
0.023,7485
0.023,7484
0.023,7483
0.023,7482
0.023,7481
0.023,7480
0.023,7479
0.023,7478
0.023,7477
0.023,7476
0.023,7475
0.023,7474
0.023,7473
0.024,7472
0.024,7471
0.024,7470
0.024,7469
0.024,7468
0.024,7467
0.024,7466
0.024,7465
0.024,7464
0.024,7463
0.024,7462
0.024,7461
0.024,7460
0.024,7459
0.024,7458
0.024,7457
0.024,7456
0.024,7455
0.024,7454
0.025,7453
0.025,7452
0.025,7451
0.025,7450
0.025,7449
0.025,7448
0.025,7447
0.025,7446
0.025,7445
0.025,7444
0.025,7443
0.025,7442
0.025,7441
0.025,7440
0.025,7439
0.025,7438
0.025,7437
0.025,7436
0.025,7435
0.025,7434
0.025,7433
0.026,7432
0.026,7431
0.026,7430
0.026,7429
0.026,7428
0.026,7427
0.026,7426
0.026,7425
0.026,7424
0.026,7423
0.026,7422
0.026,7421
0.026,7420
0.026,7419
0.026,7418
0.026,7417
0.026,7416
0.026,7415
0.026,7414
0.026,7413
0.026,7412
0.027,7411
0.027,7410
0.027,7409
0.027,7408
0.027,7407
0.027,7406
0.027,7405
0.027,7404
0.027,7403
0.027,7402
0.027,7401
0.027,7400
0.027,7399
0.027,7398
0.027,7397
0.027,7396
0.027,7395
0.027,7394
0.027,7393
0.027,7392
0.027,7391
0.028,7390
0.028,7389
0.028,7388
0.028,7387
0.028,7386
0.028,7385
0.028,7384
0.028,7383
0.028,7382
0.028,7381
0.028,7380
0.028,7379
0.028,7378
0.028,7377
0.028,7376
0.028,7375
0.028,7374
0.028,7373
0.028,7372
0.028,7371
0.028,7370
0.028,7369
0.028,7368
0.028,7367
0.029,7366
0.029,7365
0.029,7364
0.029,7363
0.029,7362
0.029,7361
0.029,7360
0.029,7359
0.029,7358
0.029,7357
0.029,7356
0.029,7355
0.029,7354
0.029,7353
0.029,7352
0.029,7351
0.031,7350
0.033,7349
0.033,7348
0.033,7347
0.033,7346
0.033,7345
0.033,7344
0.033,7343
0.033,7342
0.034,7341
0.034,7340
0.034,7339
0.034,7338
0.034,7337
0.034,7336
0.034,7335
0.034,7334
0.034,7333
0.034,7332
0.034,7331
0.034,7330
0.034,7329
0.034,7328
0.034,7327
0.034,7326
0.034,7325
0.034,7324
0.035,7323
0.035,7322
0.035,7321
0.035,7320
0.035,7319
0.035,7318
0.035,7317
0.035,7316
0.035,7315
0.035,7314
0.035,7313
0.035,7312
0.035,7311
0.035,7310
0.035,7309
0.035,7308
0.035,7307
0.035,7306
0.035,7305
0.035,7304
0.036,7303
0.036,7302
0.036,7301
0.036,7300
0.036,7299
0.036,7298
0.036,7297
0.036,7296
0.036,7295
0.036,7294
0.036,7293
0.036,7292
0.036,7291
0.036,7290
0.036,7289
0.036,7288
0.036,7287
0.036,7286
0.037,7285
0.037,7284
0.037,7283
0.037,7282
0.037,7281
0.037,7280
0.037,7279
0.037,7278
0.037,7277
0.037,7276
0.037,7275
0.037,7274
0.037,7273
0.037,7272
0.037,7271
0.037,7270
0.037,7269
0.037,7268
0.037,7267
0.038,7266
0.038,7265
0.038,7264
0.038,7263
0.038,7262
0.038,7261
0.038,7260
0.038,7259
0.038,7258
0.038,7257
0.038,7256
0.038,7255
0.038,7254
0.038,7253
0.038,7252
0.038,7251
0.038,7250
0.039,7249
0.039,7248
0.039,7247
0.039,7246
0.039,7245
0.039,7244
0.039,7243
0.039,7242
0.039,7241
0.039,7240
0.039,7239
0.039,7238
0.039,7237
0.039,7236
0.039,7235
0.039,7234
0.039,7233
0.04,7232
0.04,7231
0.04,7230
0.04,7229
0.04,7228
0.04,7227
0.04,7226
0.04,7225
0.04,7224
0.04,7223
0.04,7222
0.04,7221
0.04,7220
0.04,7219
0.04,7218
0.04,7217
0.04,7216
0.04,7215
0.04,7214
0.04,7213
0.04,7212
0.04,7211
0.041,7210
0.041,7209
0.041,7208
0.041,7207
0.041,7206
0.041,7205
0.041,7204
0.041,7203
0.041,7202
0.041,7201
0.041,7200
0.041,7199
0.041,7198
0.041,7197
0.041,7196
0.041,7195
0.041,7194
0.041,7193
0.041,7192
0.041,7191
0.042,7190
0.042,7189
0.042,7188
0.042,7187
0.042,7186
0.042,7185
0.042,7184
0.042,7183
0.042,7182
0.042,7181
0.042,7180
0.042,7179
0.042,7178
0.042,7177
0.042,7176
0.042,7175
0.042,7174
0.042,7173
0.043,7172
0.043,7171
0.043,7170
0.043,7169
0.043,7168
0.043,7167
0.043,7166
0.043,7165
0.043,7164
0.043,7163
0.043,7162
0.043,7161
0.043,7160
0.043,7159
0.043,7158
0.043,7157
0.043,7156
0.043,7155
0.043,7154
0.044,7153
0.044,7152
0.044,7151
0.044,7150
0.044,7149
0.044,7148
0.044,7147
0.044,7146
0.044,7145
0.044,7144
0.044,7143
0.044,7142
0.044,7141
0.044,7140
0.044,7139
0.044,7138
0.044,7137
0.044,7136
0.044,7135
0.044,7134
0.044,7133
0.045,7132
0.045,7131
0.045,7130
0.045,7129
0.045,7128
0.045,7127
0.045,7126
0.045,7125
0.045,7124
0.045,7123
0.045,7122
0.045,7121
0.045,7120
0.045,7119
0.045,7118
0.045,7117
0.045,7116
0.045,7115
0.045,7114
0.045,7113
0.045,7112
0.045,7111
0.046,7110
0.046,7109
0.046,7108
0.046,7107
0.046,7106
0.046,7105
0.046,7104
0.046,7103
0.046,7102
0.046,7101
0.046,7100
0.046,7099
0.046,7098
0.046,7097
0.046,7096
0.046,7095
0.046,7094
0.046,7093
0.046,7092
0.046,7091
0.046,7090
0.046,7089
0.046,7088
0.047,7087
0.047,7086
0.047,7085
0.047,7084
0.047,7083
0.047,7082
0.047,7081
0.047,7080
0.047,7079
0.047,7078
0.047,7077
0.047,7076
0.047,7075
0.047,7074
0.047,7073
0.047,7072
0.047,7071
0.047,7070
0.047,7069
0.048,7068
0.048,7067
0.048,7066
0.048,7065
0.048,7064
0.048,7063
0.048,7062
0.048,7061
0.048,7060
0.048,7059
0.048,7058
0.048,7057
0.048,7056
0.048,7055
0.048,7054
0.048,7053
0.048,7052
0.048,7051
0.048,7050
0.048,7049
0.048,7048
0.048,7047
0.048,7046
0.048,7045
0.049,7044
0.049,7043
0.049,7042
0.049,7041
0.049,7040
0.049,7039
0.049,7038
0.049,7037
0.049,7036
0.049,7035
0.049,7034
0.049,7033
0.049,7032
0.049,7031
0.049,7030
0.049,7029
0.049,7028
0.049,7027
0.049,7026
0.049,7025
0.049,7024
0.049,7023
0.049,7022
0.049,7021
0.049,7020
0.05,7019
0.05,7018
0.05,7017
0.05,7016
0.05,7015
0.05,7014
0.05,7013
0.05,7012
0.05,7011
0.05,7010
0.05,7009
0.05,7008
0.05,7007
0.05,7006
0.05,7005
0.05,7004
0.05,7003
0.05,7002
0.05,7001
0.051,7000
0.051,6999
0.051,6998
0.051,6997
0.051,6996
0.051,6995
0.051,6994
0.051,6993
0.051,6992
0.051,6991
0.051,6990
0.051,6989
0.051,6988
0.051,6987
0.051,6986
0.051,6985
0.051,6984
0.051,6983
0.051,6982
0.051,6981
0.051,6980
0.051,6979
0.051,6978
0.051,6977
0.052,6976
0.052,6975
0.052,6974
0.052,6973
0.052,6972
0.052,6971
0.052,6970
0.052,6969
0.052,6968
0.052,6967
0.052,6966
0.052,6965
0.052,6964
0.052,6963
0.052,6962
0.052,6961
0.053,6960
0.053,6959
0.053,6958
0.053,6957
0.053,6956
0.053,6955
0.053,6954
0.053,6953
0.053,6952
0.053,6951
0.053,6950
0.053,6949
0.053,6948
0.053,6947
0.053,6946
0.053,6945
0.053,6944
0.053,6943
0.053,6942
0.053,6941
0.053,6940
0.053,6939
0.053,6938
0.053,6937
0.054,6936
0.054,6935
0.054,6934
0.054,6933
0.054,6932
0.054,6931
0.054,6930
0.054,6929
0.054,6928
0.054,6927
0.054,6926
0.054,6925
0.054,6924
0.054,6923
0.054,6922
0.054,6921
0.054,6920
0.054,6919
0.054,6918
0.054,6917
0.054,6916
0.054,6915
0.055,6914
0.055,6913
0.055,6912
0.055,6911
0.055,6910
0.055,6909
0.055,6908
0.055,6907
0.055,6906
0.055,6905
0.055,6904
0.055,6903
0.055,6902
0.055,6901
0.055,6900
0.055,6899
0.055,6898
0.055,6897
0.055,6896
0.055,6895
0.055,6894
0.056,6893
0.056,6892
0.056,6891
0.056,6890
0.056,6889
0.056,6888
0.056,6887
0.056,6886
0.056,6885
0.056,6884
0.056,6883
0.056,6882
0.056,6881
0.056,6880
0.056,6879
0.056,6878
0.056,6877
0.056,6876
0.056,6875
0.056,6874
0.056,6873
0.056,6872
0.056,6871
0.056,6870
0.056,6869
0.056,6868
0.057,6867
0.057,6866
0.057,6865
0.057,6864
0.057,6863
0.057,6862
0.057,6861
0.057,6860
0.057,6859
0.057,6858
0.057,6857
0.057,6856
0.057,6855
0.057,6854
0.058,6853
0.058,6852
0.058,6851
0.058,6850
0.058,6849
0.058,6848
0.058,6847
0.058,6846
0.058,6845
0.058,6844
0.058,6843
0.058,6842
0.058,6841
0.058,6840
0.058,6839
0.058,6838
0.058,6837
0.058,6836
0.058,6835
0.058,6834
0.058,6833
0.058,6832
0.058,6831
0.058,6830
0.058,6829
0.058,6828
0.058,6827
0.058,6826
0.059,6825
0.059,6824
0.059,6823
0.059,6822
0.059,6821
0.059,6820
0.059,6819
0.059,6818
0.059,6817
0.059,6816
0.059,6815
0.059,6814
0.059,6813
0.059,6812
0.059,6811
0.059,6810
0.059,6809
0.059,6808
0.059,6807
0.06,6806
0.06,6805
0.06,6804
0.06,6803
0.06,6802
0.06,6801
0.06,6800
0.06,6799
0.06,6798
0.06,6797
0.06,6796
0.06,6795
0.06,6794
0.06,6793
0.06,6792
0.06,6791
0.06,6790
0.06,6789
0.06,6788
0.061,6787
0.061,6786
0.061,6785
0.061,6784
0.061,6783
0.061,6782
0.061,6781
0.061,6780
0.061,6779
0.061,6778
0.061,6777
0.061,6776
0.061,6775
0.061,6774
0.061,6773
0.061,6772
0.061,6771
0.061,6770
0.062,6769
0.062,6768
0.062,6767
0.062,6766
0.062,6765
0.062,6764
0.062,6763
0.062,6762
0.062,6761
0.062,6760
0.062,6759
0.062,6758
0.062,6757
0.062,6756
0.062,6755
0.062,6754
0.062,6753
0.062,6752
0.062,6751
0.062,6750
0.062,6749
0.062,6748
0.063,6747
0.063,6746
0.063,6745
0.063,6744
0.063,6743
0.063,6742
0.063,6741
0.063,6740
0.063,6739
0.063,6738
0.063,6737
0.063,6736
0.063,6735
0.063,6734
0.063,6733
0.063,6732
0.063,6731
0.064,6730
0.064,6729
0.064,6728
0.064,6727
0.064,6726
0.064,6725
0.064,6724
0.064,6723
0.064,6722
0.064,6721
0.064,6720
0.064,6719
0.064,6718
0.065,6717
0.065,6716
0.065,6715
0.065,6714
0.065,6713
0.065,6712
0.065,6711
0.065,6710
0.065,6709
0.065,6708
0.065,6707
0.065,6706
0.065,6705
0.065,6704
0.065,6703
0.065,6702
0.065,6701
0.065,6700
0.065,6699
0.065,6698
0.066,6697
0.066,6696
0.066,6695
0.066,6694
0.066,6693
0.066,6692
0.066,6691
0.066,6690
0.066,6689
0.066,6688
0.066,6687
0.066,6686
0.066,6685
0.066,6684
0.066,6683
0.066,6682
0.066,6681
0.066,6680
0.066,6679
0.066,6678
0.066,6677
0.066,6676
0.067,6675
0.067,6674
0.067,6673
0.067,6672
0.067,6671
0.067,6670
0.067,6669
0.067,6668
0.067,6667
0.067,6666
0.067,6665
0.067,6664
0.067,6663
0.067,6662
0.067,6661
0.068,6660
0.068,6659
0.068,6658
0.068,6657
0.068,6656
0.068,6655
0.068,6654
0.068,6653
0.068,6652
0.068,6651
0.068,6650
0.068,6649
0.068,6648
0.068,6647
0.068,6646
0.068,6645
0.068,6644
0.068,6643
0.068,6642
0.068,6641
0.068,6640
0.068,6639
0.068,6638
0.068,6637
0.069,6636
0.069,6635
0.069,6634
0.069,6633
0.069,6632
0.069,6631
0.069,6630
0.069,6629
0.069,6628
0.069,6627
0.069,6626
0.069,6625
0.069,6624
0.069,6623
0.069,6622
0.069,6621
0.07,6620
0.07,6619
0.07,6618
0.07,6617
0.07,6616
0.07,6615
0.07,6614
0.07,6613
0.07,6612
0.07,6611
0.07,6610
0.07,6609
0.07,6608
0.07,6607
0.07,6606
0.07,6605
0.071,6604
0.071,6603
0.071,6602
0.071,6601
0.071,6600
0.071,6599
0.071,6598
0.071,6597
0.071,6596
0.071,6595
0.071,6594
0.071,6593
0.071,6592
0.071,6591
0.071,6590
0.071,6589
0.071,6588
0.072,6587
0.072,6586
0.072,6585
0.072,6584
0.072,6583
0.072,6582
0.072,6581
0.072,6580
0.072,6579
0.072,6578
0.072,6577
0.072,6576
0.072,6575
0.072,6574
0.072,6573
0.072,6572
0.073,6571
0.073,6570
0.073,6569
0.073,6568
0.073,6567
0.073,6566
0.073,6565
0.073,6564
0.073,6563
0.073,6562
0.073,6561
0.073,6560
0.073,6559
0.073,6558
0.073,6557
0.073,6556
0.073,6555
0.073,6554
0.073,6553
0.074,6552
0.074,6551
0.074,6550
0.074,6549
0.074,6548
0.074,6547
0.074,6546
0.074,6545
0.074,6544
0.074,6543
0.074,6542
0.074,6541
0.074,6540
0.075,6539
0.075,6538
0.075,6537
0.075,6536
0.075,6535
0.075,6534
0.075,6533
0.075,6532
0.075,6531
0.075,6530
0.075,6529
0.075,6528
0.075,6527
0.075,6526
0.075,6525
0.075,6524
0.076,6523
0.076,6522
0.076,6521
0.076,6520
0.076,6519
0.076,6518
0.076,6517
0.076,6516
0.076,6515
0.076,6514
0.076,6513
0.076,6512
0.076,6511
0.076,6510
0.077,6509
0.077,6508
0.077,6507
0.077,6506
0.077,6505
0.077,6504
0.077,6503
0.077,6502
0.077,6501
0.077,6500
0.077,6499
0.077,6498
0.077,6497
0.077,6496
0.077,6495
0.077,6494
0.077,6493
0.077,6492
0.077,6491
0.078,6490
0.078,6489
0.078,6488
0.078,6487
0.078,6486
0.078,6485
0.078,6484
0.078,6483
0.078,6482
0.078,6481
0.078,6480
0.078,6479
0.078,6478
0.078,6477
0.078,6476
0.079,6475
0.079,6474
0.079,6473
0.079,6472
0.079,6471
0.079,6470
0.079,6469
0.079,6468
0.079,6467
0.079,6466
0.079,6465
0.079,6464
0.079,6463
0.079,6462
0.079,6461
0.079,6460
0.079,6459
0.08,6458
0.08,6457
0.08,6456
0.08,6455
0.08,6454
0.08,6453
0.08,6452
0.08,6451
0.08,6450
0.08,6449
0.08,6448
0.08,6447
0.08,6446
0.08,6445
0.081,6444
0.081,6443
0.081,6442
0.081,6441
0.081,6440
0.081,6439
0.081,6438
0.081,6437
0.081,6436
0.081,6435
0.081,6434
0.081,6433
0.081,6432
0.081,6431
0.081,6430
0.081,6429
0.082,6428
0.082,6427
0.082,6426
0.082,6425
0.082,6424
0.082,6423
0.082,6422
0.082,6421
0.082,6420
0.082,6419
0.082,6418
0.082,6417
0.082,6416
0.082,6415
0.082,6414
0.082,6413
0.082,6412
0.083,6411
0.083,6410
0.083,6409
0.083,6408
0.083,6407
0.083,6406
0.083,6405
0.083,6404
0.083,6403
0.083,6402
0.083,6401
0.083,6400
0.083,6399
0.083,6398
0.083,6397
0.083,6396
0.083,6395
0.083,6394
0.083,6393
0.084,6392
0.084,6391
0.084,6390
0.084,6389
0.084,6388
0.084,6387
0.084,6386
0.084,6385
0.084,6384
0.084,6383
0.084,6382
0.084,6381
0.084,6380
0.084,6379
0.084,6378
0.085,6377
0.085,6376
0.085,6375
0.085,6374
0.085,6373
0.085,6372
0.085,6371
0.085,6370
0.085,6369
0.085,6368
0.085,6367
0.085,6366
0.085,6365
0.085,6364
0.085,6363
0.085,6362
0.085,6361
0.086,6360
0.086,6359
0.086,6358
0.086,6357
0.086,6356
0.086,6355
0.086,6354
0.086,6353
0.086,6352
0.086,6351
0.086,6350
0.086,6349
0.086,6348
0.086,6347
0.086,6346
0.086,6345
0.086,6344
0.086,6343
0.086,6342
0.086,6341
0.086,6340
0.086,6339
0.087,6338
0.087,6337
0.087,6336
0.087,6335
0.087,6334
0.087,6333
0.087,6332
0.087,6331
0.087,6330
0.087,6329
0.087,6328
0.087,6327
0.087,6326
0.087,6325
0.087,6324
0.087,6323
0.088,6322
0.088,6321
0.088,6320
0.088,6319
0.088,6318
0.088,6317
0.088,6316
0.088,6315
0.088,6314
0.088,6313
0.088,6312
0.088,6311
0.089,6310
0.089,6309
0.089,6308
0.089,6307
0.089,6306
0.089,6305
0.089,6304
0.089,6303
0.089,6302
0.089,6301
0.089,6300
0.089,6299
0.089,6298
0.089,6297
0.089,6296
0.09,6295
0.09,6294
0.09,6293
0.09,6292
0.09,6291
0.09,6290
0.09,6289
0.09,6288
0.09,6287
0.09,6286
0.09,6285
0.09,6284
0.09,6283
0.091,6282
0.091,6281
0.091,6280
0.091,6279
0.091,6278
0.091,6277
0.091,6276
0.091,6275
0.091,6274
0.091,6273
0.091,6272
0.091,6271
0.091,6270
0.091,6269
0.091,6268
0.091,6267
0.091,6266
0.091,6265
0.091,6264
0.092,6263
0.092,6262
0.092,6261
0.092,6260
0.095,6259
0.095,6258
0.095,6257
0.095,6256
0.095,6255
0.095,6254
0.095,6253
0.095,6252
0.095,6251
0.095,6250
0.095,6249
0.095,6248
0.095,6247
0.095,6246
0.096,6245
0.096,6244
0.096,6243
0.096,6242
0.096,6241
0.096,6240
0.096,6239
0.096,6238
0.096,6237
0.096,6236
0.096,6235
0.096,6234
0.096,6233
0.096,6232
0.096,6231
0.096,6230
0.096,6229
0.096,6228
0.096,6227
0.096,6226
0.096,6225
0.096,6224
0.097,6223
0.097,6222
0.097,6221
0.097,6220
0.097,6219
0.097,6218
0.097,6217
0.097,6216
0.097,6215
0.097,6214
0.097,6213
0.097,6212
0.097,6211
0.097,6210
0.098,6209
0.098,6208
0.098,6207
0.098,6206
0.098,6205
0.098,6204
0.098,6203
0.098,6202
0.098,6201
0.098,6200
0.098,6199
0.098,6198
0.098,6197
0.098,6196
0.098,6195
0.098,6194
0.098,6193
0.098,6192
0.098,6191
0.098,6190
0.098,6189
0.098,6188
0.098,6187
0.098,6186
0.098,6185
0.098,6184
0.098,6183
0.099,6182
0.099,6181
0.099,6180
0.099,6179
0.099,6178
0.099,6177
0.099,6176
0.099,6175
0.099,6174
0.099,6173
0.099,6172
0.099,6171
0.099,6170
0.099,6169
0.099,6168
0.099,6167
0.099,6166
0.099,6165
0.099,6164
0.099,6163
0.099,6162
0.099,6161
0.099,6160
0.1,6159
0.1,6158
0.1,6157
0.1,6156
0.1,6155
0.1,6154
0.1,6153
0.1,6152
0.1,6151
0.1,6150
0.1,6149
0.1,6148
0.1,6147
0.1,6146
0.1,6145
0.1,6144
0.1,6143
0.1,6142
0.1,6141
0.1,6140
0.1,6139
0.1,6138
0.1,6137
0.101,6136
0.101,6135
0.101,6134
0.101,6133
0.101,6132
0.101,6131
0.101,6130
0.101,6129
0.101,6128
0.101,6127
0.101,6126
0.101,6125
0.101,6124
0.101,6123
0.101,6122
0.101,6121
0.101,6120
0.101,6119
0.102,6118
0.102,6117
0.102,6116
0.102,6115
0.102,6114
0.102,6113
0.102,6112
0.102,6111
0.102,6110
0.102,6109
0.102,6108
0.102,6107
0.102,6106
0.102,6105
0.102,6104
0.102,6103
0.102,6102
0.102,6101
0.102,6100
0.103,6099
0.103,6098
0.103,6097
0.103,6096
0.103,6095
0.103,6094
0.103,6093
0.103,6092
0.103,6091
0.103,6090
0.103,6089
0.103,6088
0.103,6087
0.103,6086
0.103,6085
0.103,6084
0.103,6083
0.103,6082
0.103,6081
0.103,6080
0.103,6079
0.104,6078
0.104,6077
0.104,6076
0.104,6075
0.104,6074
0.104,6073
0.104,6072
0.104,6071
0.104,6070
0.104,6069
0.104,6068
0.104,6067
0.104,6066
0.104,6065
0.104,6064
0.104,6063
0.104,6062
0.104,6061
0.104,6060
0.104,6059
0.104,6058
0.104,6057
0.104,6056
0.104,6055
0.104,6054
0.105,6053
0.105,6052
0.105,6051
0.105,6050
0.105,6049
0.105,6048
0.105,6047
0.105,6046
0.105,6045
0.105,6044
0.105,6043
0.105,6042
0.105,6041
0.105,6040
0.105,6039
0.105,6038
0.105,6037
0.105,6036
0.105,6035
0.105,6034
0.105,6033
0.106,6032
0.106,6031
0.106,6030
0.106,6029
0.106,6028
0.106,6027
0.106,6026
0.106,6025
0.106,6024
0.106,6023
0.106,6022
0.106,6021
0.106,6020
0.106,6019
0.106,6018
0.106,6017
0.106,6016
0.106,6015
0.106,6014
0.106,6013
0.106,6012
0.106,6011
0.106,6010
0.106,6009
0.106,6008
0.106,6007
0.107,6006
0.107,6005
0.107,6004
0.107,6003
0.107,6002
0.107,6001
0.107,6000
0.107,5999
0.107,5998
0.107,5997
0.107,5996
0.107,5995
0.107,5994
0.107,5993
0.107,5992
0.107,5991
0.107,5990
0.107,5989
0.107,5988
0.107,5987
0.107,5986
0.107,5985
0.108,5984
0.108,5983
0.108,5982
0.108,5981
0.108,5980
0.108,5979
0.108,5978
0.108,5977
0.108,5976
0.108,5975
0.108,5974
0.108,5973
0.108,5972
0.108,5971
0.108,5970
0.108,5969
0.108,5968
0.108,5967
0.108,5966
0.109,5965
0.109,5964
0.109,5963
0.109,5962
0.109,5961
0.109,5960
0.109,5959
0.109,5958
0.109,5957
0.109,5956
0.109,5955
0.109,5954
0.109,5953
0.109,5952
0.109,5951
0.109,5950
0.109,5949
0.109,5948
0.109,5947
0.109,5946
0.109,5945
0.109,5944
0.11,5943
0.11,5942
0.11,5941
0.11,5940
0.11,5939
0.11,5938
0.11,5937
0.11,5936
0.11,5935
0.11,5934
0.11,5933
0.11,5932
0.11,5931
0.11,5930
0.11,5929
0.11,5928
0.11,5927
0.11,5926
0.11,5925
0.11,5924
0.11,5923
0.11,5922
0.11,5921
0.111,5920
0.111,5919
0.111,5918
0.111,5917
0.111,5916
0.111,5915
0.111,5914
0.111,5913
0.111,5912
0.111,5911
0.111,5910
0.111,5909
0.111,5908
0.111,5907
0.111,5906
0.111,5905
0.111,5904
0.111,5903
0.111,5902
0.111,5901
0.112,5900
0.112,5899
0.112,5898
0.112,5897
0.112,5896
0.112,5895
0.112,5894
0.112,5893
0.112,5892
0.112,5891
0.112,5890
0.112,5889
0.112,5888
0.112,5887
0.112,5886
0.112,5885
0.112,5884
0.113,5883
0.113,5882
0.113,5881
0.113,5880
0.113,5879
0.113,5878
0.113,5877
0.113,5876
0.113,5875
0.113,5874
0.113,5873
0.113,5872
0.113,5871
0.114,5870
0.114,5869
0.114,5868
0.114,5867
0.114,5866
0.114,5865
0.114,5864
0.114,5863
0.114,5862
0.114,5861
0.114,5860
0.114,5859
0.114,5858
0.114,5857
0.114,5856
0.114,5855
0.114,5854
0.114,5853
0.114,5852
0.114,5851
0.114,5850
0.114,5849
0.115,5848
0.115,5847
0.115,5846
0.115,5845
0.115,5844
0.115,5843
0.115,5842
0.115,5841
0.115,5840
0.115,5839
0.115,5838
0.115,5837
0.115,5836
0.115,5835
0.115,5834
0.115,5833
0.115,5832
0.115,5831
0.115,5830
0.115,5829
0.115,5828
0.115,5827
0.115,5826
0.116,5825
0.116,5824
0.116,5823
0.116,5822
0.116,5821
0.116,5820
0.116,5819
0.116,5818
0.116,5817
0.116,5816
0.116,5815
0.116,5814
0.116,5813
0.116,5812
0.116,5811
0.116,5810
0.116,5809
0.116,5808
0.116,5807
0.116,5806
0.117,5805
0.117,5804
0.117,5803
0.117,5802
0.117,5801
0.117,5800
0.117,5799
0.117,5798
0.117,5797
0.117,5796
0.117,5795
0.117,5794
0.117,5793
0.117,5792
0.117,5791
0.118,5790
0.118,5789
0.118,5788
0.118,5787
0.118,5786
0.118,5785
0.118,5784
0.118,5783
0.118,5782
0.118,5781
0.118,5780
0.118,5779
0.118,5778
0.118,5777
0.118,5776
0.118,5775
0.119,5774
0.119,5773
0.119,5772
0.119,5771
0.119,5770
0.119,5769
0.119,5768
0.119,5767
0.119,5766
0.119,5765
0.119,5764
0.119,5763
0.119,5762
0.119,5761
0.119,5760
0.119,5759
0.119,5758
0.119,5757
0.119,5756
0.119,5755
0.119,5754
0.119,5753
0.119,5752
0.119,5751
0.12,5750
0.12,5749
0.12,5748
0.12,5747
0.12,5746
0.12,5745
0.12,5744
0.12,5743
0.12,5742
0.12,5741
0.12,5740
0.12,5739
0.12,5738
0.12,5737
0.12,5736
0.121,5735
0.121,5734
0.121,5733
0.121,5732
0.121,5731
0.121,5730
0.121,5729
0.121,5728
0.121,5727
0.121,5726
0.121,5725
0.121,5724
0.121,5723
0.121,5722
0.121,5721
0.121,5720
0.121,5719
0.121,5718
0.121,5717
0.121,5716
0.121,5715
0.121,5714
0.121,5713
0.122,5712
0.122,5711
0.122,5710
0.122,5709
0.122,5708
0.122,5707
0.122,5706
0.122,5705
0.122,5704
0.122,5703
0.122,5702
0.122,5701
0.122,5700
0.122,5699
0.122,5698
0.122,5697
0.122,5696
0.122,5695
0.122,5694
0.122,5693
0.123,5692
0.123,5691
0.123,5690
0.123,5689
0.123,5688
0.123,5687
0.123,5686
0.123,5685
0.123,5684
0.123,5683
0.123,5682
0.123,5681
0.123,5680
0.123,5679
0.123,5678
0.123,5677
0.123,5676
0.123,5675
0.123,5674
0.123,5673
0.123,5672
0.123,5671
0.123,5670
0.123,5669
0.124,5668
0.124,5667
0.124,5666
0.124,5665
0.124,5664
0.124,5663
0.124,5662
0.124,5661
0.124,5660
0.124,5659
0.124,5658
0.124,5657
0.124,5656
0.124,5655
0.124,5654
0.124,5653
0.124,5652
0.124,5651
0.124,5650
0.124,5649
0.124,5648
0.124,5647
0.124,5646
0.124,5645
0.124,5644
0.124,5643
0.125,5642
0.125,5641
0.125,5640
0.125,5639
0.125,5638
0.125,5637
0.125,5636
0.125,5635
0.125,5634
0.125,5633
0.125,5632
0.125,5631
0.125,5630
0.125,5629
0.125,5628
0.125,5627
0.125,5626
0.125,5625
0.125,5624
0.125,5623
0.125,5622
0.125,5621
0.125,5620
0.125,5619
0.125,5618
0.126,5617
0.126,5616
0.126,5615
0.126,5614
0.126,5613
0.126,5612
0.126,5611
0.126,5610
0.127,5609
0.127,5608
0.127,5607
0.127,5606
0.127,5605
0.128,5604
0.128,5603
0.128,5602
0.128,5601
0.128,5600
0.128,5599
0.128,5598
0.128,5597
0.128,5596
0.128,5595
0.128,5594
0.128,5593
0.128,5592
0.128,5591
0.128,5590
0.128,5589
0.128,5588
0.128,5587
0.129,5586
0.129,5585
0.129,5584
0.129,5583
0.129,5582
0.129,5581
0.129,5580
0.129,5579
0.129,5578
0.129,5577
0.129,5576
0.129,5575
0.129,5574
0.129,5573
0.129,5572
0.13,5571
0.13,5570
0.13,5569
0.13,5568
0.13,5567
0.13,5566
0.13,5565
0.13,5564
0.13,5563
0.13,5562
0.13,5561
0.13,5560
0.13,5559
0.13,5558
0.13,5557
0.13,5556
0.13,5555
0.13,5554
0.131,5553
0.131,5552
0.131,5551
0.131,5550
0.131,5549
0.131,5548
0.131,5547
0.131,5546
0.131,5545
0.131,5544
0.131,5543
0.131,5542
0.131,5541
0.131,5540
0.131,5539
0.131,5538
0.131,5537
0.131,5536
0.132,5535
0.132,5534
0.132,5533
0.132,5532
0.132,5531
0.132,5530
0.132,5529
0.132,5528
0.132,5527
0.132,5526
0.132,5525
0.132,5524
0.133,5523
0.133,5522
0.133,5521
0.133,5520
0.133,5519
0.133,5518
0.133,5517
0.133,5516
0.133,5515
0.133,5514
0.133,5513
0.133,5512
0.134,5511
0.134,5510
0.134,5509
0.134,5508
0.134,5507
0.134,5506
0.134,5505
0.134,5504
0.134,5503
0.134,5502
0.134,5501
0.134,5500
0.134,5499
0.135,5498
0.135,5497
0.135,5496
0.135,5495
0.135,5494
0.135,5493
0.135,5492
0.135,5491
0.135,5490
0.135,5489
0.135,5488
0.135,5487
0.135,5486
0.135,5485
0.135,5484
0.135,5483
0.135,5482
0.135,5481
0.135,5480
0.136,5479
0.136,5478
0.136,5477
0.136,5476
0.136,5475
0.136,5474
0.136,5473
0.136,5472
0.136,5471
0.136,5470
0.136,5469
0.136,5468
0.136,5467
0.136,5466
0.136,5465
0.136,5464
0.136,5463
0.136,5462
0.136,5461
0.137,5460
0.137,5459
0.137,5458
0.137,5457
0.137,5456
0.137,5455
0.137,5454
0.137,5453
0.137,5452
0.137,5451
0.137,5450
0.137,5449
0.137,5448
0.137,5447
0.137,5446
0.137,5445
0.137,5444
0.137,5443
0.137,5442
0.138,5441
0.138,5440
0.138,5439
0.138,5438
0.138,5437
0.138,5436
0.138,5435
0.138,5434
0.138,5433
0.139,5432
0.139,5431
0.139,5430
0.139,5429
0.139,5428
0.139,5427
0.139,5426
0.139,5425
0.139,5424
0.139,5423
0.14,5422
0.14,5421
0.14,5420
0.14,5419
0.14,5418
0.14,5417
0.14,5416
0.14,5415
0.14,5414
0.14,5413
0.14,5412
0.14,5411
0.14,5410
0.14,5409
0.14,5408
0.14,5407
0.14,5406
0.141,5405
0.141,5404
0.141,5403
0.141,5402
0.141,5401
0.141,5400
0.141,5399
0.141,5398
0.141,5397
0.141,5396
0.141,5395
0.141,5394
0.141,5393
0.141,5392
0.141,5391
0.142,5390
0.142,5389
0.142,5388
0.142,5387
0.142,5386
0.142,5385
0.142,5384
0.142,5383
0.142,5382
0.142,5381
0.142,5380
0.142,5379
0.142,5378
0.142,5377
0.142,5376
0.142,5375
0.142,5374
0.142,5373
0.142,5372
0.143,5371
0.143,5370
0.143,5369
0.143,5368
0.143,5367
0.143,5366
0.143,5365
0.143,5364
0.143,5363
0.143,5362
0.143,5361
0.143,5360
0.143,5359
0.143,5358
0.143,5357
0.143,5356
0.143,5355
0.144,5354
0.144,5353
0.144,5352
0.144,5351
0.144,5350
0.144,5349
0.144,5348
0.144,5347
0.144,5346
0.144,5345
0.144,5344
0.144,5343
0.145,5342
0.145,5341
0.145,5340
0.145,5339
0.145,5338
0.145,5337
0.145,5336
0.145,5335
0.145,5334
0.145,5333
0.145,5332
0.145,5331
0.145,5330
0.145,5329
0.145,5328
0.145,5327
0.146,5326
0.146,5325
0.146,5324
0.146,5323
0.146,5322
0.146,5321
0.146,5320
0.146,5319
0.146,5318
0.146,5317
0.146,5316
0.146,5315
0.146,5314
0.146,5313
0.146,5312
0.146,5311
0.146,5310
0.147,5309
0.147,5308
0.147,5307
0.147,5306
0.147,5305
0.147,5304
0.147,5303
0.147,5302
0.147,5301
0.147,5300
0.148,5299
0.148,5298
0.148,5297
0.148,5296
0.148,5295
0.148,5294
0.148,5293
0.148,5292
0.148,5291
0.148,5290
0.148,5289
0.148,5288
0.148,5287
0.148,5286
0.148,5285
0.148,5284
0.149,5283
0.149,5282
0.149,5281
0.149,5280
0.149,5279
0.149,5278
0.149,5277
0.149,5276
0.152,5275
0.152,5274
0.153,5273
0.153,5272
0.153,5271
0.153,5270
0.153,5269
0.153,5268
0.153,5267
0.153,5266
0.153,5265
0.153,5264
0.153,5263
0.153,5262
0.153,5261
0.153,5260
0.153,5259
0.153,5258
0.153,5257
0.153,5256
0.153,5255
0.154,5254
0.154,5253
0.154,5252
0.154,5251
0.154,5250
0.154,5249
0.154,5248
0.154,5247
0.154,5246
0.154,5245
0.154,5244
0.154,5243
0.154,5242
0.154,5241
0.155,5240
0.155,5239
0.155,5238
0.155,5237
0.155,5236
0.155,5235
0.155,5234
0.155,5233
0.155,5232
0.155,5231
0.156,5230
0.156,5229
0.156,5228
0.156,5227
0.156,5226
0.156,5225
0.156,5224
0.156,5223
0.156,5222
0.156,5221
0.156,5220
0.156,5219
0.156,5218
0.156,5217
0.156,5216
0.157,5215
0.157,5214
0.157,5213
0.157,5212
0.157,5211
0.157,5210
0.157,5209
0.157,5208
0.158,5207
0.158,5206
0.158,5205
0.158,5204
0.158,5203
0.158,5202
0.158,5201
0.158,5200
0.158,5199
0.158,5198
0.158,5197
0.158,5196
0.159,5195
0.159,5194
0.159,5193
0.159,5192
0.159,5191
0.159,5190
0.159,5189
0.159,5188
0.159,5187
0.159,5186
0.159,5185
0.16,5184
0.16,5183
0.16,5182
0.16,5181
0.16,5180
0.16,5179
0.16,5178
0.16,5177
0.16,5176
0.16,5175
0.161,5174
0.161,5173
0.161,5172
0.161,5171
0.161,5170
0.161,5169
0.161,5168
0.161,5167
0.161,5166
0.161,5165
0.161,5164
0.162,5163
0.162,5162
0.162,5161
0.162,5160
0.162,5159
0.162,5158
0.162,5157
0.162,5156
0.162,5155
0.163,5154
0.163,5153
0.163,5152
0.163,5151
0.163,5150
0.163,5149
0.163,5148
0.163,5147
0.163,5146
0.163,5145
0.163,5144
0.163,5143
0.163,5142
0.163,5141
0.163,5140
0.164,5139
0.164,5138
0.164,5137
0.164,5136
0.164,5135
0.164,5134
0.164,5133
0.164,5132
0.164,5131
0.164,5130
0.164,5129
0.164,5128
0.164,5127
0.165,5126
0.165,5125
0.165,5124
0.165,5123
0.165,5122
0.165,5121
0.165,5120
0.165,5119
0.165,5118
0.165,5117
0.165,5116
0.165,5115
0.165,5114
0.165,5113
0.165,5112
0.166,5111
0.166,5110
0.166,5109
0.166,5108
0.166,5107
0.166,5106
0.166,5105
0.167,5104
0.167,5103
0.167,5102
0.167,5101
0.167,5100
0.167,5099
0.167,5098
0.167,5097
0.167,5096
0.167,5095
0.167,5094
0.168,5093
0.168,5092
0.168,5091
0.168,5090
0.168,5089
0.168,5088
0.168,5087
0.168,5086
0.169,5085
0.169,5084
0.169,5083
0.169,5082
0.169,5081
0.169,5080
0.169,5079
0.17,5078
0.17,5077
0.17,5076
0.17,5075
0.17,5074
0.17,5073
0.17,5072
0.17,5071
0.17,5070
0.171,5069
0.171,5068
0.171,5067
0.171,5066
0.171,5065
0.171,5064
0.171,5063
0.171,5062
0.171,5061
0.171,5060
0.171,5059
0.171,5058
0.172,5057
0.172,5056
0.172,5055
0.172,5054
0.172,5053
0.172,5052
0.172,5051
0.172,5050
0.172,5049
0.172,5048
0.173,5047
0.173,5046
0.173,5045
0.173,5044
0.173,5043
0.173,5042
0.173,5041
0.173,5040
0.173,5039
0.173,5038
0.173,5037
0.173,5036
0.174,5035
0.174,5034
0.174,5033
0.174,5032
0.174,5031
0.174,5030
0.174,5029
0.174,5028
0.174,5027
0.174,5026
0.174,5025
0.175,5024
0.175,5023
0.175,5022
0.175,5021
0.175,5020
0.175,5019
0.175,5018
0.175,5017
0.175,5016
0.176,5015
0.176,5014
0.176,5013
0.176,5012
0.176,5011
0.176,5010
0.176,5009
0.176,5008
0.176,5007
0.176,5006
0.176,5005
0.177,5004
0.177,5003
0.177,5002
0.177,5001
0.178,5000
0.178,4999
0.178,4998
0.178,4997
0.178,4996
0.178,4995
0.178,4994
0.178,4993
0.178,4992
0.178,4991
0.179,4990
0.179,4989
0.179,4988
0.179,4987
0.179,4986
0.179,4985
0.179,4984
0.179,4983
0.179,4982
0.179,4981
0.179,4980
0.18,4979
0.18,4978
0.18,4977
0.18,4976
0.18,4975
0.18,4974
0.18,4973
0.18,4972
0.18,4971
0.18,4970
0.181,4969
0.181,4968
0.181,4967
0.181,4966
0.181,4965
0.181,4964
0.181,4963
0.182,4962
0.182,4961
0.182,4960
0.182,4959
0.182,4958
0.182,4957
0.182,4956
0.183,4955
0.183,4954
0.183,4953
0.183,4952
0.183,4951
0.183,4950
0.183,4949
0.183,4948
0.183,4947
0.183,4946
0.183,4945
0.183,4944
0.183,4943
0.183,4942
0.183,4941
0.183,4940
0.183,4939
0.184,4938
0.184,4937
0.184,4936
0.184,4935
0.184,4934
0.184,4933
0.184,4932
0.184,4931
0.184,4930
0.184,4929
0.184,4928
0.185,4927
0.185,4926
0.185,4925
0.185,4924
0.185,4923
0.186,4922
0.186,4921
0.186,4920
0.186,4919
0.186,4918
0.186,4917
0.186,4916
0.186,4915
0.186,4914
0.187,4913
0.187,4912
0.187,4911
0.187,4910
0.187,4909
0.187,4908
0.187,4907
0.187,4906
0.187,4905
0.188,4904
0.188,4903
0.188,4902
0.188,4901
0.188,4900
0.188,4899
0.188,4898
0.188,4897
0.188,4896
0.188,4895
0.188,4894
0.189,4893
0.189,4892
0.189,4891
0.189,4890
0.189,4889
0.19,4888
0.19,4887
0.19,4886
0.19,4885
0.19,4884
0.19,4883
0.19,4882
0.19,4881
0.19,4880
0.19,4879
0.191,4878
0.191,4877
0.191,4876
0.191,4875
0.191,4874
0.191,4873
0.191,4872
0.191,4871
0.191,4870
0.191,4869
0.191,4868
0.191,4867
0.191,4866
0.191,4865
0.191,4864
0.191,4863
0.191,4862
0.192,4861
0.192,4860
0.192,4859
0.192,4858
0.192,4857
0.192,4856
0.192,4855
0.192,4854
0.193,4853
0.193,4852
0.193,4851
0.193,4850
0.193,4849
0.193,4848
0.193,4847
0.193,4846
0.194,4845
0.194,4844
0.194,4843
0.194,4842
0.194,4841
0.194,4840
0.194,4839
0.194,4838
0.194,4837
0.194,4836
0.194,4835
0.194,4834
0.194,4833
0.195,4832
0.195,4831
0.195,4830
0.195,4829
0.195,4828
0.195,4827
0.196,4826
0.196,4825
0.196,4824
0.196,4823
0.196,4822
0.196,4821
0.197,4820
0.197,4819
0.197,4818
0.197,4817
0.197,4816
0.197,4815
0.197,4814
0.197,4813
0.197,4812
0.198,4811
0.198,4810
0.198,4809
0.198,4808
0.198,4807
0.198,4806
0.198,4805
0.199,4804
0.199,4803
0.199,4802
0.199,4801
0.199,4800
0.201,4799
0.201,4798
0.201,4797
0.201,4796
0.202,4795
0.202,4794
0.202,4793
0.202,4792
0.202,4791
0.202,4790
0.203,4789
0.203,4788
0.203,4787
0.203,4786
0.203,4785
0.203,4784
0.203,4783
0.204,4782
0.204,4781
0.204,4780
0.204,4779
0.205,4778
0.205,4777
0.205,4776
0.205,4775
0.205,4774
0.205,4773
0.205,4772
0.205,4771
0.205,4770
0.205,4769
0.205,4768
0.206,4767
0.206,4766
0.206,4765
0.206,4764
0.206,4763
0.206,4762
0.207,4761
0.207,4760
0.207,4759
0.207,4758
0.207,4757
0.208,4756
0.208,4755
0.208,4754
0.208,4753
0.208,4752
0.208,4751
0.208,4750
0.209,4749
0.209,4748
0.209,4747
0.209,4746
0.209,4745
0.21,4744
0.21,4743
0.21,4742
0.21,4741
0.21,4740
0.211,4739
0.211,4738
0.211,4737
0.211,4736
0.212,4735
0.212,4734
0.212,4733
0.212,4732
0.212,4731
0.212,4730
0.213,4729
0.214,4728
0.214,4727
0.214,4726
0.214,4725
0.214,4724
0.214,4723
0.214,4722
0.214,4721
0.215,4720
0.215,4719
0.215,4718
0.215,4717
0.216,4716
0.216,4715
0.216,4714
0.216,4713
0.217,4712
0.217,4711
0.217,4710
0.217,4709
0.217,4708
0.218,4707
0.218,4706
0.218,4705
0.218,4704
0.218,4703
0.218,4702
0.219,4701
0.219,4700
0.219,4699
0.219,4698
0.219,4697
0.219,4696
0.219,4695
0.219,4694
0.22,4693
0.22,4692
0.22,4691
0.22,4690
0.22,4689
0.22,4688
0.22,4687
0.221,4686
0.221,4685
0.221,4684
0.222,4683
0.222,4682
0.223,4681
0.223,4680
0.223,4679
0.224,4678
0.224,4677
0.224,4676
0.224,4675
0.224,4674
0.225,4673
0.225,4672
0.225,4671
0.225,4670
0.225,4669
0.226,4668
0.226,4667
0.226,4666
0.226,4665
0.226,4664
0.227,4663
0.227,4662
0.227,4661
0.227,4660
0.228,4659
0.228,4658
0.228,4657
0.228,4656
0.228,4655
0.228,4654
0.229,4653
0.229,4652
0.229,4651
0.229,4650
0.229,4649
0.229,4648
0.229,4647
0.23,4646
0.23,4645
0.23,4644
0.23,4643
0.23,4642
0.23,4641
0.231,4640
0.231,4639
0.231,4638
0.231,4637
0.231,4636
0.231,4635
0.231,4634
0.232,4633
0.232,4632
0.232,4631
0.232,4630
0.233,4629
0.233,4628
0.233,4627
0.233,4626
0.234,4625
0.234,4624
0.234,4623
0.234,4622
0.234,4621
0.234,4620
0.235,4619
0.235,4618
0.235,4617
0.236,4616
0.236,4615
0.236,4614
0.237,4613
0.237,4612
0.237,4611
0.237,4610
0.237,4609
0.237,4608
0.238,4607
0.238,4606
0.238,4605
0.238,4604
0.239,4603
0.239,4602
0.239,4601
0.239,4600
0.239,4599
0.24,4598
0.24,4597
0.24,4596
0.241,4595
0.241,4594
0.241,4593
0.241,4592
0.242,4591
0.242,4590
0.242,4589
0.243,4588
0.243,4587
0.243,4586
0.246,4585
0.246,4584
0.246,4583
0.246,4582
0.247,4581
0.247,4580
0.247,4579
0.247,4578
0.248,4577
0.248,4576
0.248,4575
0.248,4574
0.248,4573
0.249,4572
0.249,4571
0.249,4570
0.249,4569
0.249,4568
0.25,4567
0.25,4566
0.251,4565
0.251,4564
0.252,4563
0.252,4562
0.253,4561
0.253,4560
0.253,4559
0.253,4558
0.253,4557
0.253,4556
0.253,4555
0.254,4554
0.254,4553
0.255,4552
0.255,4551
0.256,4550
0.256,4549
0.256,4548
0.257,4547
0.257,4546
0.257,4545
0.259,4544
0.259,4543
0.26,4542
0.26,4541
0.261,4540
0.261,4539
0.262,4538
0.262,4537
0.262,4536
0.262,4535
0.263,4534
0.263,4533
0.263,4532
0.264,4531
0.264,4530
0.264,4529
0.264,4528
0.265,4527
0.266,4526
0.266,4525
0.266,4524
0.266,4523
0.267,4522
0.268,4521
0.268,4520
0.268,4519
0.269,4518
0.269,4517
0.271,4516
0.271,4515
0.271,4514
0.272,4513
0.272,4512
0.273,4511
0.274,4510
0.275,4509
0.275,4508
0.276,4507
0.276,4506
0.277,4505
0.277,4504
0.278,4503
0.279,4502
0.279,4501
0.279,4500
0.279,4499
0.28,4498
0.28,4497
0.28,4496
0.281,4495
0.281,4494
0.282,4493
0.284,4492
0.284,4491
0.284,4490
0.284,4489
0.284,4488
0.286,4487
0.286,4486
0.287,4485
0.29,4484
0.29,4483
0.29,4482
0.29,4481
0.292,4480
0.292,4479
0.294,4478
0.294,4477
0.295,4476
0.295,4475
0.297,4474
0.299,4473
0.299,4472
0.306,4471
0.306,4470
0.306,4469
0.308,4468
0.313,4467
0.318,4466
0.319,4465
0.319,4464
0.319,4463
0.319,4462
0.325,4461
0.328,4460
0.331,4459
0.331,4458
0.332,4457
0.333,4456
0.334,4455
0.335,4454
0.341,4453
0.342,4452
0.342,4451
0.344,4450
0.35,4449
0.353,4448
0.358,4447
0.358,4446
0.358,4445
0.36,4444
0.36,4443
0.361,4442
0.361,4441
0.361,4440
0.362,4439
0.362,4438
0.368,4437
0.37,4436
0.37,4435
0.372,4434
0.373,4433
0.375,4432
0.379,4431
0.388,4430
0.4,4429
0.4,4428
0.402,4427
0.407,4426
0.421,4425
0.433,4424
0.436,4423
0.444,4422
0.502,4421
