0.001,7604
0.003,7603
0.004,7602
0.004,7601
0.004,7600
0.005,7599
0.005,7598
0.006,7597
0.006,7596
0.006,7595
0.006,7594
0.007,7593
0.007,7592
0.007,7591
0.007,7590
0.008,7589
0.008,7588
0.009,7587
0.009,7586
0.01,7585
0.01,7584
0.01,7583
0.011,7582
0.011,7581
0.011,7580
0.011,7579
0.012,7578
0.012,7577
0.012,7576
0.013,7575
0.013,7574
0.013,7573
0.013,7572
0.014,7571
0.014,7570
0.014,7569
0.014,7568
0.014,7567
0.014,7566
0.014,7565
0.014,7564
0.015,7563
0.015,7562
0.015,7561
0.015,7560
0.015,7559
0.015,7558
0.015,7557
0.015,7556
0.016,7555
0.016,7554
0.016,7553
0.016,7552
0.017,7551
0.017,7550
0.017,7549
0.017,7548
0.017,7547
0.018,7546
0.018,7545
0.018,7544
0.018,7543
0.018,7542
0.019,7541
0.019,7540
0.019,7539
0.02,7538
0.02,7537
0.02,7536
0.02,7535
0.02,7534
0.02,7533
0.02,7532
0.02,7531
0.02,7530
0.02,7529
0.02,7528
0.02,7527
0.02,7526
0.02,7525
0.021,7524
0.021,7523
0.021,7522
0.021,7521
0.021,7520
0.021,7519
0.021,7518
0.021,7517
0.021,7516
0.021,7515
0.021,7514
0.021,7513
0.021,7512
0.021,7511
0.021,7510
0.021,7509
0.021,7508
0.021,7507
0.022,7506
0.022,7505
0.022,7504
0.022,7503
0.022,7502
0.022,7501
0.022,7500
0.022,7499
0.022,7498
0.022,7497
0.022,7496
0.022,7495
0.022,7494
0.022,7493
0.024,7492
0.024,7491
0.024,7490
0.025,7489
0.025,7488
0.025,7487
0.025,7486
0.025,7485
0.025,7484
0.025,7483
0.025,7482
0.025,7481
0.025,7480
0.025,7479
0.025,7478
0.025,7477
0.026,7476
0.026,7475
0.026,7474
0.026,7473
0.026,7472
0.026,7471
0.026,7470
0.026,7469
0.026,7468
0.026,7467
0.026,7466
0.026,7465
0.026,7464
0.026,7463
0.026,7462
0.027,7461
0.027,7460
0.027,7459
0.027,7458
0.027,7457
0.027,7456
0.027,7455
0.027,7454
0.027,7453
0.027,7452
0.027,7451
0.027,7450
0.027,7449
0.027,7448
0.027,7447
0.027,7446
0.027,7445
0.027,7444
0.027,7443
0.027,7442
0.027,7441
0.027,7440
0.028,7439
0.028,7438
0.028,7437
0.028,7436
0.028,7435
0.028,7434
0.028,7433
0.028,7432
0.028,7431
0.028,7430
0.028,7429
0.028,7428
0.028,7427
0.028,7426
0.029,7425
0.029,7424
0.029,7423
0.029,7422
0.029,7421
0.029,7420
0.029,7419
0.029,7418
0.029,7417
0.029,7416
0.029,7415
0.029,7414
0.029,7413
0.029,7412
0.029,7411
0.029,7410
0.029,7409
0.029,7408
0.03,7407
0.03,7406
0.03,7405
0.03,7404
0.03,7403
0.03,7402
0.03,7401
0.03,7400
0.03,7399
0.03,7398
0.03,7397
0.03,7396
0.03,7395
0.03,7394
0.03,7393
0.03,7392
0.03,7391
0.03,7390
0.03,7389
0.03,7388
0.031,7387
0.031,7386
0.031,7385
0.031,7384
0.031,7383
0.031,7382
0.031,7381
0.031,7380
0.031,7379
0.031,7378
0.031,7377
0.031,7376
0.031,7375
0.031,7374
0.031,7373
0.031,7372
0.031,7371
0.031,7370
0.032,7369
0.032,7368
0.032,7367
0.032,7366
0.032,7365
0.032,7364
0.032,7363
0.032,7362
0.032,7361
0.032,7360
0.032,7359
0.032,7358
0.032,7357
0.032,7356
0.032,7355
0.032,7354
0.032,7353
0.032,7352
0.033,7351
0.034,7350
0.036,7349
0.036,7348
0.036,7347
0.036,7346
0.036,7345
0.036,7344
0.036,7343
0.036,7342
0.036,7341
0.036,7340
0.036,7339
0.036,7338
0.036,7337
0.037,7336
0.037,7335
0.037,7334
0.037,7333
0.037,7332
0.037,7331
0.037,7330
0.037,7329
0.037,7328
0.037,7327
0.037,7326
0.037,7325
0.037,7324
0.037,7323
0.037,7322
0.037,7321
0.037,7320
0.037,7319
0.037,7318
0.037,7317
0.038,7316
0.038,7315
0.038,7314
0.038,7313
0.038,7312
0.038,7311
0.038,7310
0.038,7309
0.038,7308
0.038,7307
0.038,7306
0.038,7305
0.038,7304
0.038,7303
0.038,7302
0.038,7301
0.038,7300
0.038,7299
0.038,7298
0.038,7297
0.038,7296
0.039,7295
0.039,7294
0.039,7293
0.039,7292
0.039,7291
0.039,7290
0.039,7289
0.039,7288
0.039,7287
0.039,7286
0.039,7285
0.039,7284
0.039,7283
0.039,7282
0.039,7281
0.039,7280
0.039,7279
0.039,7278
0.039,7277
0.039,7276
0.04,7275
0.04,7274
0.04,7273
0.04,7272
0.04,7271
0.04,7270
0.04,7269
0.04,7268
0.04,7267
0.04,7266
0.04,7265
0.04,7264
0.04,7263
0.04,7262
0.04,7261
0.04,7260
0.04,7259
0.04,7258
0.04,7257
0.04,7256
0.041,7255
0.041,7254
0.041,7253
0.041,7252
0.041,7251
0.041,7250
0.041,7249
0.041,7248
0.041,7247
0.041,7246
0.041,7245
0.041,7244
0.041,7243
0.041,7242
0.041,7241
0.041,7240
0.041,7239
0.042,7238
0.042,7237
0.042,7236
0.042,7235
0.042,7234
0.042,7233
0.042,7232
0.042,7231
0.042,7230
0.042,7229
0.042,7228
0.042,7227
0.042,7226
0.042,7225
0.042,7224
0.042,7223
0.042,7222
0.042,7221
0.043,7220
0.043,7219
0.043,7218
0.043,7217
0.043,7216
0.043,7215
0.043,7214
0.043,7213
0.043,7212
0.043,7211
0.043,7210
0.043,7209
0.043,7208
0.043,7207
0.043,7206
0.043,7205
0.043,7204
0.043,7203
0.043,7202
0.044,7201
0.044,7200
0.044,7199
0.044,7198
0.044,7197
0.044,7196
0.044,7195
0.044,7194
0.044,7193
0.044,7192
0.044,7191
0.044,7190
0.044,7189
0.044,7188
0.044,7187
0.044,7186
0.044,7185
0.044,7184
0.044,7183
0.044,7182
0.044,7181
0.044,7180
0.044,7179
0.045,7178
0.045,7177
0.045,7176
0.045,7175
0.045,7174
0.045,7173
0.045,7172
0.045,7171
0.045,7170
0.045,7169
0.045,7168
0.045,7167
0.045,7166
0.045,7165
0.045,7164
0.045,7163
0.045,7162
0.046,7161
0.046,7160
0.046,7159
0.046,7158
0.046,7157
0.046,7156
0.046,7155
0.046,7154
0.046,7153
0.046,7152
0.046,7151
0.046,7150
0.046,7149
0.046,7148
0.046,7147
0.046,7146
0.046,7145
0.047,7144
0.047,7143
0.047,7142
0.047,7141
0.047,7140
0.047,7139
0.047,7138
0.047,7137
0.047,7136
0.047,7135
0.047,7134
0.047,7133
0.047,7132
0.047,7131
0.047,7130
0.047,7129
0.047,7128
0.047,7127
0.048,7126
0.048,7125
0.048,7124
0.048,7123
0.048,7122
0.048,7121
0.048,7120
0.048,7119
0.048,7118
0.048,7117
0.048,7116
0.048,7115
0.048,7114
0.048,7113
0.048,7112
0.048,7111
0.048,7110
0.048,7109
0.048,7108
0.048,7107
0.049,7106
0.049,7105
0.049,7104
0.049,7103
0.049,7102
0.049,7101
0.049,7100
0.049,7099
0.049,7098
0.049,7097
0.049,7096
0.049,7095
0.049,7094
0.049,7093
0.049,7092
0.049,7091
0.049,7090
0.049,7089
0.049,7088
0.05,7087
0.05,7086
0.05,7085
0.05,7084
0.05,7083
0.05,7082
0.05,7081
0.05,7080
0.05,7079
0.05,7078
0.05,7077
0.05,7076
0.05,7075
0.05,7074
0.05,7073
0.05,7072
0.05,7071
0.051,7070
0.051,7069
0.051,7068
0.051,7067
0.051,7066
0.051,7065
0.051,7064
0.051,7063
0.051,7062
0.051,7061
0.051,7060
0.051,7059
0.051,7058
0.051,7057
0.051,7056
0.051,7055
0.051,7054
0.051,7053
0.051,7052
0.051,7051
0.052,7050
0.052,7049
0.052,7048
0.052,7047
0.052,7046
0.052,7045
0.052,7044
0.052,7043
0.052,7042
0.052,7041
0.052,7040
0.052,7039
0.052,7038
0.052,7037
0.052,7036
0.052,7035
0.052,7034
0.052,7033
0.053,7032
0.053,7031
0.053,7030
0.053,7029
0.053,7028
0.053,7027
0.053,7026
0.053,7025
0.053,7024
0.053,7023
0.053,7022
0.053,7021
0.053,7020
0.053,7019
0.053,7018
0.053,7017
0.053,7016
0.053,7015
0.053,7014
0.053,7013
0.053,7012
0.054,7011
0.054,7010
0.054,7009
0.054,7008
0.054,7007
0.054,7006
0.054,7005
0.054,7004
0.054,7003
0.054,7002
0.054,7001
0.054,7000
0.054,6999
0.054,6998
0.054,6997
0.054,6996
0.054,6995
0.054,6994
0.054,6993
0.054,6992
0.054,6991
0.054,6990
0.054,6989
0.055,6988
0.055,6987
0.055,6986
0.055,6985
0.055,6984
0.055,6983
0.055,6982
0.055,6981
0.055,6980
0.055,6979
0.055,6978
0.055,6977
0.055,6976
0.055,6975
0.055,6974
0.055,6973
0.055,6972
0.055,6971
0.055,6970
0.055,6969
0.055,6968
0.055,6967
0.055,6966
0.055,6965
0.055,6964
0.055,6963
0.055,6962
0.056,6961
0.056,6960
0.056,6959
0.056,6958
0.056,6957
0.056,6956
0.056,6955
0.056,6954
0.056,6953
0.056,6952
0.056,6951
0.056,6950
0.056,6949
0.056,6948
0.056,6947
0.056,6946
0.056,6945
0.056,6944
0.057,6943
0.057,6942
0.057,6941
0.057,6940
0.057,6939
0.057,6938
0.057,6937
0.057,6936
0.057,6935
0.057,6934
0.057,6933
0.057,6932
0.057,6931
0.057,6930
0.057,6929
0.057,6928
0.057,6927
0.057,6926
0.058,6925
0.058,6924
0.058,6923
0.058,6922
0.058,6921
0.058,6920
0.058,6919
0.058,6918
0.058,6917
0.058,6916
0.058,6915
0.058,6914
0.058,6913
0.058,6912
0.058,6911
0.058,6910
0.058,6909
0.058,6908
0.058,6907
0.058,6906
0.058,6905
0.059,6904
0.059,6903
0.059,6902
0.059,6901
0.059,6900
0.059,6899
0.059,6898
0.059,6897
0.059,6896
0.059,6895
0.059,6894
0.059,6893
0.059,6892
0.059,6891
0.059,6890
0.059,6889
0.059,6888
0.06,6887
0.06,6886
0.06,6885
0.06,6884
0.06,6883
0.06,6882
0.06,6881
0.06,6880
0.06,6879
0.06,6878
0.06,6877
0.06,6876
0.06,6875
0.06,6874
0.06,6873
0.06,6872
0.06,6871
0.06,6870
0.06,6869
0.06,6868
0.06,6867
0.06,6866
0.06,6865
0.061,6864
0.061,6863
0.061,6862
0.061,6861
0.061,6860
0.061,6859
0.061,6858
0.061,6857
0.061,6856
0.061,6855
0.061,6854
0.061,6853
0.061,6852
0.061,6851
0.062,6850
0.062,6849
0.062,6848
0.062,6847
0.062,6846
0.062,6845
0.062,6844
0.062,6843
0.062,6842
0.062,6841
0.062,6840
0.062,6839
0.062,6838
0.062,6837
0.062,6836
0.062,6835
0.062,6834
0.062,6833
0.062,6832
0.063,6831
0.063,6830
0.063,6829
0.063,6828
0.063,6827
0.063,6826
0.063,6825
0.063,6824
0.063,6823
0.063,6822
0.063,6821
0.063,6820
0.063,6819
0.063,6818
0.064,6817
0.064,6816
0.064,6815
0.064,6814
0.064,6813
0.064,6812
0.064,6811
0.064,6810
0.064,6809
0.064,6808
0.064,6807
0.064,6806
0.064,6805
0.064,6804
0.064,6803
0.064,6802
0.064,6801
0.064,6800
0.064,6799
0.064,6798
0.064,6797
0.064,6796
0.064,6795
0.064,6794
0.065,6793
0.065,6792
0.065,6791
0.065,6790
0.065,6789
0.065,6788
0.065,6787
0.065,6786
0.065,6785
0.065,6784
0.065,6783
0.065,6782
0.065,6781
0.065,6780
0.065,6779
0.065,6778
0.065,6777
0.065,6776
0.065,6775
0.065,6774
0.065,6773
0.065,6772
0.065,6771
0.065,6770
0.065,6769
0.066,6768
0.066,6767
0.066,6766
0.066,6765
0.066,6764
0.066,6763
0.066,6762
0.066,6761
0.066,6760
0.066,6759
0.066,6758
0.066,6757
0.066,6756
0.066,6755
0.066,6754
0.066,6753
0.066,6752
0.066,6751
0.066,6750
0.066,6749
0.066,6748
0.066,6747
0.066,6746
0.067,6745
0.067,6744
0.067,6743
0.067,6742
0.067,6741
0.067,6740
0.067,6739
0.067,6738
0.067,6737
0.067,6736
0.067,6735
0.067,6734
0.067,6733
0.067,6732
0.067,6731
0.067,6730
0.067,6729
0.067,6728
0.067,6727
0.067,6726
0.067,6725
0.067,6724
0.067,6723
0.067,6722
0.067,6721
0.068,6720
0.068,6719
0.068,6718
0.068,6717
0.068,6716
0.068,6715
0.068,6714
0.068,6713
0.068,6712
0.068,6711
0.068,6710
0.068,6709
0.068,6708
0.068,6707
0.068,6706
0.068,6705
0.068,6704
0.068,6703
0.068,6702
0.068,6701
0.068,6700
0.068,6699
0.068,6698
0.068,6697
0.069,6696
0.069,6695
0.069,6694
0.069,6693
0.069,6692
0.069,6691
0.069,6690
0.069,6689
0.069,6688
0.069,6687
0.069,6686
0.069,6685
0.069,6684
0.069,6683
0.069,6682
0.069,6681
0.069,6680
0.069,6679
0.069,6678
0.069,6677
0.069,6676
0.07,6675
0.07,6674
0.07,6673
0.07,6672
0.07,6671
0.07,6670
0.07,6669
0.07,6668
0.07,6667
0.07,6666
0.07,6665
0.07,6664
0.07,6663
0.07,6662
0.07,6661
0.07,6660
0.07,6659
0.07,6658
0.071,6657
0.071,6656
0.071,6655
0.071,6654
0.071,6653
0.071,6652
0.071,6651
0.071,6650
0.071,6649
0.071,6648
0.071,6647
0.071,6646
0.071,6645
0.071,6644
0.071,6643
0.071,6642
0.071,6641
0.071,6640
0.072,6639
0.072,6638
0.072,6637
0.072,6636
0.072,6635
0.072,6634
0.072,6633
0.072,6632
0.072,6631
0.072,6630
0.072,6629
0.072,6628
0.073,6627
0.073,6626
0.073,6625
0.073,6624
0.073,6623
0.073,6622
0.073,6621
0.073,6620
0.073,6619
0.073,6618
0.074,6617
0.074,6616
0.074,6615
0.074,6614
0.074,6613
0.074,6612
0.074,6611
0.074,6610
0.074,6609
0.074,6608
0.074,6607
0.075,6606
0.075,6605
0.075,6604
0.075,6603
0.075,6602
0.075,6601
0.076,6600
0.076,6599
0.076,6598
0.076,6597
0.076,6596
0.076,6595
0.076,6594
0.076,6593
0.076,6592
0.076,6591
0.076,6590
0.076,6589
0.076,6588
0.076,6587
0.076,6586
0.077,6585
0.077,6584
0.077,6583
0.077,6582
0.077,6581
0.077,6580
0.077,6579
0.077,6578
0.078,6577
0.078,6576
0.078,6575
0.078,6574
0.078,6573
0.078,6572
0.078,6571
0.078,6570
0.078,6569
0.078,6568
0.078,6567
0.079,6566
0.079,6565
0.079,6564
0.079,6563
0.079,6562
0.079,6561
0.079,6560
0.079,6559
0.079,6558
0.079,6557
0.079,6556
0.079,6555
0.079,6554
0.079,6553
0.079,6552
0.079,6551
0.079,6550
0.08,6549
0.08,6548
0.08,6547
0.08,6546
0.08,6545
0.08,6544
0.08,6543
0.08,6542
0.08,6541
0.081,6540
0.081,6539
0.081,6538
0.081,6537
0.081,6536
0.081,6535
0.081,6534
0.081,6533
0.081,6532
0.081,6531
0.081,6530
0.081,6529
0.081,6528
0.082,6527
0.082,6526
0.082,6525
0.082,6524
0.082,6523
0.082,6522
0.082,6521
0.082,6520
0.082,6519
0.082,6518
0.082,6517
0.083,6516
0.083,6515
0.083,6514
0.083,6513
0.083,6512
0.083,6511
0.083,6510
0.083,6509
0.083,6508
0.083,6507
0.083,6506
0.083,6505
0.083,6504
0.083,6503
0.083,6502
0.083,6501
0.083,6500
0.084,6499
0.084,6498
0.084,6497
0.084,6496
0.084,6495
0.084,6494
0.084,6493
0.084,6492
0.084,6491
0.084,6490
0.084,6489
0.084,6488
0.084,6487
0.084,6486
0.085,6485
0.085,6484
0.085,6483
0.085,6482
0.085,6481
0.085,6480
0.085,6479
0.085,6478
0.085,6477
0.085,6476
0.085,6475
0.085,6474
0.085,6473
0.085,6472
0.085,6471
0.085,6470
0.085,6469
0.085,6468
0.085,6467
0.085,6466
0.086,6465
0.086,6464
0.086,6463
0.086,6462
0.086,6461
0.086,6460
0.086,6459
0.086,6458
0.086,6457
0.086,6456
0.086,6455
0.086,6454
0.086,6453
0.086,6452
0.086,6451
0.087,6450
0.087,6449
0.087,6448
0.087,6447
0.087,6446
0.087,6445
0.087,6444
0.087,6443
0.087,6442
0.087,6441
0.087,6440
0.087,6439
0.087,6438
0.087,6437
0.087,6436
0.087,6435
0.087,6434
0.087,6433
0.087,6432
0.088,6431
0.088,6430
0.088,6429
0.088,6428
0.088,6427
0.088,6426
0.088,6425
0.088,6424
0.088,6423
0.088,6422
0.088,6421
0.088,6420
0.088,6419
0.088,6418
0.088,6417
0.088,6416
0.088,6415
0.088,6414
0.089,6413
0.089,6412
0.089,6411
0.089,6410
0.089,6409
0.089,6408
0.089,6407
0.089,6406
0.089,6405
0.089,6404
0.089,6403
0.089,6402
0.089,6401
0.089,6400
0.089,6399
0.09,6398
0.09,6397
0.09,6396
0.09,6395
0.09,6394
0.09,6393
0.09,6392
0.09,6391
0.09,6390
0.09,6389
0.09,6388
0.09,6387
0.09,6386
0.09,6385
0.09,6384
0.09,6383
0.09,6382
0.09,6381
0.091,6380
0.091,6379
0.091,6378
0.091,6377
0.091,6376
0.091,6375
0.091,6374
0.091,6373
0.091,6372
0.091,6371
0.091,6370
0.091,6369
0.091,6368
0.091,6367
0.091,6366
0.091,6365
0.091,6364
0.092,6363
0.092,6362
0.092,6361
0.092,6360
0.092,6359
0.092,6358
0.092,6357
0.092,6356
0.092,6355
0.092,6354
0.092,6353
0.092,6352
0.092,6351
0.092,6350
0.092,6349
0.092,6348
0.092,6347
0.092,6346
0.092,6345
0.093,6344
0.093,6343
0.093,6342
0.093,6341
0.093,6340
0.093,6339
0.093,6338
0.093,6337
0.093,6336
0.093,6335
0.093,6334
0.093,6333
0.093,6332
0.093,6331
0.093,6330
0.093,6329
0.093,6328
0.093,6327
0.094,6326
0.094,6325
0.094,6324
0.094,6323
0.094,6322
0.094,6321
0.094,6320
0.094,6319
0.094,6318
0.094,6317
0.094,6316
0.094,6315
0.094,6314
0.095,6313
0.095,6312
0.095,6311
0.095,6310
0.095,6309
0.095,6308
0.095,6307
0.095,6306
0.095,6305
0.095,6304
0.095,6303
0.095,6302
0.095,6301
0.096,6300
0.096,6299
0.096,6298
0.096,6297
0.096,6296
0.096,6295
0.096,6294
0.096,6293
0.096,6292
0.096,6291
0.096,6290
0.097,6289
0.097,6288
0.097,6287
0.097,6286
0.097,6285
0.097,6284
0.097,6283
0.097,6282
0.097,6281
0.097,6280
0.097,6279
0.097,6278
0.097,6277
0.097,6276
0.097,6275
0.097,6274
0.097,6273
0.097,6272
0.098,6271
0.098,6270
0.098,6269
0.098,6268
0.098,6267
0.098,6266
0.098,6265
0.098,6264
0.098,6263
0.098,6262
0.098,6261
0.098,6260
0.099,6259
0.099,6258
0.099,6257
0.099,6256
0.099,6255
0.099,6254
0.099,6253
0.099,6252
0.099,6251
0.1,6250
0.1,6249
0.1,6248
0.1,6247
0.1,6246
0.1,6245
0.1,6244
0.1,6243
0.1,6242
0.1,6241
0.103,6240
0.103,6239
0.103,6238
0.103,6237
0.103,6236
0.103,6235
0.103,6234
0.103,6233
0.103,6232
0.103,6231
0.103,6230
0.103,6229
0.104,6228
0.104,6227
0.104,6226
0.104,6225
0.104,6224
0.104,6223
0.104,6222
0.104,6221
0.104,6220
0.104,6219
0.104,6218
0.104,6217
0.104,6216
0.104,6215
0.104,6214
0.104,6213
0.104,6212
0.105,6211
0.105,6210
0.105,6209
0.105,6208
0.105,6207
0.105,6206
0.105,6205
0.105,6204
0.105,6203
0.105,6202
0.105,6201
0.105,6200
0.105,6199
0.105,6198
0.105,6197
0.105,6196
0.105,6195
0.105,6194
0.105,6193
0.105,6192
0.105,6191
0.106,6190
0.106,6189
0.106,6188
0.106,6187
0.106,6186
0.106,6185
0.106,6184
0.106,6183
0.106,6182
0.106,6181
0.106,6180
0.106,6179
0.106,6178
0.106,6177
0.106,6176
0.106,6175
0.106,6174
0.106,6173
0.106,6172
0.106,6171
0.106,6170
0.106,6169
0.106,6168
0.106,6167
0.106,6166
0.106,6165
0.106,6164
0.106,6163
0.106,6162
0.106,6161
0.106,6160
0.106,6159
0.106,6158
0.106,6157
0.107,6156
0.107,6155
0.107,6154
0.107,6153
0.107,6152
0.107,6151
0.107,6150
0.107,6149
0.107,6148
0.107,6147
0.107,6146
0.107,6145
0.107,6144
0.107,6143
0.107,6142
0.107,6141
0.107,6140
0.107,6139
0.107,6138
0.107,6137
0.107,6136
0.107,6135
0.107,6134
0.107,6133
0.107,6132
0.107,6131
0.108,6130
0.108,6129
0.108,6128
0.108,6127
0.108,6126
0.108,6125
0.108,6124
0.108,6123
0.108,6122
0.108,6121
0.108,6120
0.108,6119
0.108,6118
0.108,6117
0.108,6116
0.108,6115
0.108,6114
0.108,6113
0.108,6112
0.108,6111
0.108,6110
0.108,6109
0.108,6108
0.108,6107
0.109,6106
0.109,6105
0.109,6104
0.109,6103
0.109,6102
0.109,6101
0.109,6100
0.109,6099
0.109,6098
0.109,6097
0.109,6096
0.109,6095
0.109,6094
0.109,6093
0.109,6092
0.109,6091
0.109,6090
0.109,6089
0.109,6088
0.109,6087
0.109,6086
0.109,6085
0.109,6084
0.109,6083
0.11,6082
0.11,6081
0.11,6080
0.11,6079
0.11,6078
0.11,6077
0.11,6076
0.11,6075
0.11,6074
0.11,6073
0.11,6072
0.11,6071
0.11,6070
0.11,6069
0.11,6068
0.11,6067
0.11,6066
0.11,6065
0.11,6064
0.11,6063
0.11,6062
0.11,6061
0.11,6060
0.11,6059
0.11,6058
0.11,6057
0.11,6056
0.111,6055
0.111,6054
0.111,6053
0.111,6052
0.111,6051
0.111,6050
0.111,6049
0.111,6048
0.111,6047
0.111,6046
0.111,6045
0.111,6044
0.111,6043
0.111,6042
0.111,6041
0.111,6040
0.112,6039
0.112,6038
0.112,6037
0.112,6036
0.112,6035
0.112,6034
0.112,6033
0.112,6032
0.112,6031
0.112,6030
0.112,6029
0.112,6028
0.112,6027
0.112,6026
0.112,6025
0.112,6024
0.112,6023
0.113,6022
0.113,6021
0.113,6020
0.113,6019
0.113,6018
0.113,6017
0.113,6016
0.113,6015
0.113,6014
0.113,6013
0.113,6012
0.113,6011
0.113,6010
0.113,6009
0.113,6008
0.113,6007
0.113,6006
0.113,6005
0.113,6004
0.113,6003
0.113,6002
0.113,6001
0.113,6000
0.113,5999
0.113,5998
0.113,5997
0.113,5996
0.113,5995
0.114,5994
0.114,5993
0.114,5992
0.114,5991
0.114,5990
0.114,5989
0.114,5988
0.114,5987
0.114,5986
0.114,5985
0.114,5984
0.114,5983
0.114,5982
0.114,5981
0.114,5980
0.114,5979
0.114,5978
0.114,5977
0.114,5976
0.114,5975
0.114,5974
0.114,5973
0.114,5972
0.114,5971
0.114,5970
0.114,5969
0.115,5968
0.115,5967
0.115,5966
0.115,5965
0.115,5964
0.115,5963
0.115,5962
0.115,5961
0.115,5960
0.115,5959
0.115,5958
0.115,5957
0.115,5956
0.115,5955
0.115,5954
0.115,5953
0.115,5952
0.115,5951
0.115,5950
0.115,5949
0.115,5948
0.115,5947
0.115,5946
0.115,5945
0.115,5944
0.116,5943
0.116,5942
0.116,5941
0.116,5940
0.116,5939
0.116,5938
0.116,5937
0.116,5936
0.116,5935
0.116,5934
0.116,5933
0.116,5932
0.116,5931
0.116,5930
0.116,5929
0.116,5928
0.116,5927
0.116,5926
0.116,5925
0.116,5924
0.116,5923
0.116,5922
0.116,5921
0.116,5920
0.116,5919
0.116,5918
0.116,5917
0.116,5916
0.116,5915
0.116,5914
0.117,5913
0.117,5912
0.117,5911
0.117,5910
0.117,5909
0.117,5908
0.117,5907
0.117,5906
0.117,5905
0.117,5904
0.117,5903
0.117,5902
0.117,5901
0.117,5900
0.117,5899
0.117,5898
0.117,5897
0.117,5896
0.117,5895
0.117,5894
0.117,5893
0.117,5892
0.118,5891
0.118,5890
0.118,5889
0.118,5888
0.118,5887
0.118,5886
0.118,5885
0.118,5884
0.118,5883
0.118,5882
0.118,5881
0.118,5880
0.118,5879
0.118,5878
0.118,5877
0.118,5876
0.118,5875
0.118,5874
0.118,5873
0.118,5872
0.118,5871
0.118,5870
0.118,5869
0.118,5868
0.118,5867
0.119,5866
0.119,5865
0.119,5864
0.119,5863
0.119,5862
0.119,5861
0.119,5860
0.119,5859
0.119,5858
0.119,5857
0.119,5856
0.119,5855
0.119,5854
0.119,5853
0.119,5852
0.119,5851
0.119,5850
0.119,5849
0.119,5848
0.119,5847
0.119,5846
0.119,5845
0.119,5844
0.119,5843
0.119,5842
0.119,5841
0.12,5840
0.12,5839
0.12,5838
0.12,5837
0.12,5836
0.12,5835
0.12,5834
0.12,5833
0.12,5832
0.12,5831
0.12,5830
0.12,5829
0.12,5828
0.12,5827
0.12,5826
0.12,5825
0.12,5824
0.12,5823
0.12,5822
0.12,5821
0.12,5820
0.12,5819
0.12,5818
0.12,5817
0.12,5816
0.12,5815
0.12,5814
0.121,5813
0.121,5812
0.121,5811
0.121,5810
0.121,5809
0.121,5808
0.121,5807
0.121,5806
0.121,5805
0.121,5804
0.121,5803
0.121,5802
0.121,5801
0.121,5800
0.121,5799
0.121,5798
0.121,5797
0.121,5796
0.121,5795
0.121,5794
0.121,5793
0.121,5792
0.121,5791
0.121,5790
0.121,5789
0.121,5788
0.121,5787
0.121,5786
0.122,5785
0.122,5784
0.122,5783
0.122,5782
0.122,5781
0.122,5780
0.122,5779
0.122,5778
0.122,5777
0.122,5776
0.122,5775
0.122,5774
0.122,5773
0.122,5772
0.122,5771
0.122,5770
0.122,5769
0.122,5768
0.122,5767
0.122,5766
0.122,5765
0.122,5764
0.122,5763
0.122,5762
0.122,5761
0.122,5760
0.122,5759
0.122,5758
0.123,5757
0.123,5756
0.123,5755
0.123,5754
0.123,5753
0.123,5752
0.123,5751
0.123,5750
0.123,5749
0.123,5748
0.123,5747
0.123,5746
0.123,5745
0.123,5744
0.123,5743
0.123,5742
0.123,5741
0.123,5740
0.124,5739
0.124,5738
0.124,5737
0.124,5736
0.124,5735
0.124,5734
0.124,5733
0.124,5732
0.124,5731
0.124,5730
0.124,5729
0.124,5728
0.124,5727
0.124,5726
0.124,5725
0.124,5724
0.124,5723
0.124,5722
0.124,5721
0.124,5720
0.125,5719
0.125,5718
0.125,5717
0.125,5716
0.125,5715
0.125,5714
0.125,5713
0.125,5712
0.125,5711
0.125,5710
0.125,5709
0.125,5708
0.125,5707
0.125,5706
0.125,5705
0.125,5704
0.125,5703
0.125,5702
0.125,5701
0.125,5700
0.125,5699
0.125,5698
0.125,5697
0.125,5696
0.125,5695
0.125,5694
0.125,5693
0.126,5692
0.126,5691
0.126,5690
0.126,5689
0.126,5688
0.126,5687
0.126,5686
0.126,5685
0.126,5684
0.126,5683
0.126,5682
0.126,5681
0.126,5680
0.126,5679
0.127,5678
0.127,5677
0.127,5676
0.127,5675
0.127,5674
0.127,5673
0.127,5672
0.127,5671
0.127,5670
0.127,5669
0.127,5668
0.127,5667
0.127,5666
0.127,5665
0.127,5664
0.127,5663
0.127,5662
0.127,5661
0.127,5660
0.128,5659
0.128,5658
0.128,5657
0.128,5656
0.128,5655
0.128,5654
0.128,5653
0.128,5652
0.128,5651
0.128,5650
0.128,5649
0.128,5648
0.128,5647
0.129,5646
0.129,5645
0.129,5644
0.129,5643
0.129,5642
0.129,5641
0.129,5640
0.129,5639
0.129,5638
0.129,5637
0.129,5636
0.129,5635
0.129,5634
0.129,5633
0.129,5632
0.129,5631
0.129,5630
0.129,5629
0.129,5628
0.129,5627
0.129,5626
0.129,5625
0.129,5624
0.129,5623
0.129,5622
0.129,5621
0.129,5620
0.129,5619
0.129,5618
0.129,5617
0.129,5616
0.129,5615
0.13,5614
0.13,5613
0.13,5612
0.13,5611
0.13,5610
0.13,5609
0.13,5608
0.13,5607
0.13,5606
0.13,5605
0.13,5604
0.13,5603
0.13,5602
0.13,5601
0.13,5600
0.13,5599
0.13,5598
0.13,5597
0.13,5596
0.13,5595
0.13,5594
0.13,5593
0.131,5592
0.131,5591
0.131,5590
0.131,5589
0.131,5588
0.131,5587
0.131,5586
0.131,5585
0.131,5584
0.131,5583
0.131,5582
0.131,5581
0.131,5580
0.132,5579
0.132,5578
0.132,5577
0.132,5576
0.132,5575
0.132,5574
0.132,5573
0.132,5572
0.132,5571
0.132,5570
0.132,5569
0.132,5568
0.132,5567
0.132,5566
0.132,5565
0.132,5564
0.132,5563
0.132,5562
0.132,5561
0.132,5560
0.132,5559
0.132,5558
0.132,5557
0.132,5556
0.132,5555
0.133,5554
0.133,5553
0.133,5552
0.133,5551
0.133,5550
0.133,5549
0.133,5548
0.133,5547
0.133,5546
0.133,5545
0.133,5544
0.133,5543
0.133,5542
0.133,5541
0.133,5540
0.133,5539
0.133,5538
0.133,5537
0.133,5536
0.133,5535
0.133,5534
0.134,5533
0.134,5532
0.134,5531
0.134,5530
0.134,5529
0.134,5528
0.134,5527
0.134,5526
0.134,5525
0.134,5524
0.134,5523
0.134,5522
0.134,5521
0.134,5520
0.134,5519
0.134,5518
0.134,5517
0.134,5516
0.135,5515
0.135,5514
0.135,5513
0.135,5512
0.135,5511
0.135,5510
0.135,5509
0.135,5508
0.135,5507
0.136,5506
0.136,5505
0.136,5504
0.136,5503
0.136,5502
0.136,5501
0.136,5500
0.137,5499
0.137,5498
0.137,5497
0.137,5496
0.137,5495
0.137,5494
0.137,5493
0.138,5492
0.138,5491
0.138,5490
0.138,5489
0.138,5488
0.138,5487
0.138,5486
0.138,5485
0.138,5484
0.138,5483
0.138,5482
0.138,5481
0.138,5480
0.139,5479
0.139,5478
0.139,5477
0.139,5476
0.139,5475
0.139,5474
0.139,5473
0.139,5472
0.139,5471
0.139,5470
0.139,5469
0.139,5468
0.139,5467
0.14,5466
0.14,5465
0.14,5464
0.14,5463
0.14,5462
0.14,5461
0.14,5460
0.14,5459
0.14,5458
0.14,5457
0.14,5456
0.14,5455
0.14,5454
0.14,5453
0.14,5452
0.141,5451
0.141,5450
0.141,5449
0.141,5448
0.141,5447
0.141,5446
0.141,5445
0.141,5444
0.141,5443
0.141,5442
0.141,5441
0.141,5440
0.141,5439
0.142,5438
0.142,5437
0.142,5436
0.142,5435
0.142,5434
0.142,5433
0.142,5432
0.142,5431
0.142,5430
0.142,5429
0.142,5428
0.142,5427
0.142,5426
0.143,5425
0.143,5424
0.143,5423
0.143,5422
0.143,5421
0.143,5420
0.143,5419
0.143,5418
0.143,5417
0.143,5416
0.143,5415
0.143,5414
0.143,5413
0.143,5412
0.143,5411
0.143,5410
0.143,5409
0.144,5408
0.144,5407
0.144,5406
0.144,5405
0.144,5404
0.144,5403
0.144,5402
0.144,5401
0.144,5400
0.144,5399
0.145,5398
0.145,5397
0.145,5396
0.145,5395
0.145,5394
0.145,5393
0.145,5392
0.145,5391
0.145,5390
0.145,5389
0.145,5388
0.146,5387
0.146,5386
0.146,5385
0.146,5384
0.146,5383
0.146,5382
0.146,5381
0.146,5380
0.146,5379
0.146,5378
0.147,5377
0.147,5376
0.147,5375
0.147,5374
0.147,5373
0.147,5372
0.147,5371
0.147,5370
0.147,5369
0.147,5368
0.147,5367
0.147,5366
0.148,5365
0.148,5364
0.148,5363
0.148,5362
0.148,5361
0.148,5360
0.148,5359
0.148,5358
0.148,5357
0.148,5356
0.148,5355
0.148,5354
0.148,5353
0.149,5352
0.149,5351
0.149,5350
0.149,5349
0.149,5348
0.149,5347
0.149,5346
0.149,5345
0.15,5344
0.15,5343
0.15,5342
0.15,5341
0.15,5340
0.15,5339
0.15,5338
0.15,5337
0.15,5336
0.15,5335
0.15,5334
0.15,5333
0.15,5332
0.15,5331
0.15,5330
0.15,5329
0.15,5328
0.15,5327
0.151,5326
0.151,5325
0.151,5324
0.151,5323
0.151,5322
0.151,5321
0.151,5320
0.151,5319
0.151,5318
0.151,5317
0.151,5316
0.151,5315
0.151,5314
0.151,5313
0.151,5312
0.151,5311
0.151,5310
0.151,5309
0.151,5308
0.151,5307
0.151,5306
0.151,5305
0.151,5304
0.152,5303
0.152,5302
0.152,5301
0.152,5300
0.152,5299
0.152,5298
0.152,5297
0.152,5296
0.152,5295
0.152,5294
0.152,5293
0.152,5292
0.152,5291
0.152,5290
0.152,5289
0.153,5288
0.153,5287
0.153,5286
0.153,5285
0.153,5284
0.153,5283
0.153,5282
0.153,5281
0.153,5280
0.153,5279
0.153,5278
0.153,5277
0.154,5276
0.154,5275
0.154,5274
0.154,5273
0.154,5272
0.154,5271
0.154,5270
0.154,5269
0.154,5268
0.154,5267
0.154,5266
0.154,5265
0.154,5264
0.154,5263
0.154,5262
0.154,5261
0.154,5260
0.154,5259
0.154,5258
0.154,5257
0.154,5256
0.154,5255
0.155,5254
0.157,5253
0.157,5252
0.157,5251
0.157,5250
0.157,5249
0.157,5248
0.157,5247
0.157,5246
0.157,5245
0.157,5244
0.158,5243
0.158,5242
0.158,5241
0.158,5240
0.158,5239
0.158,5238
0.158,5237
0.158,5236
0.158,5235
0.158,5234
0.158,5233
0.158,5232
0.158,5231
0.158,5230
0.158,5229
0.158,5228
0.158,5227
0.159,5226
0.159,5225
0.159,5224
0.159,5223
0.159,5222
0.159,5221
0.159,5220
0.159,5219
0.159,5218
0.16,5217
0.16,5216
0.16,5215
0.16,5214
0.16,5213
0.16,5212
0.16,5211
0.16,5210
0.16,5209
0.16,5208
0.161,5207
0.161,5206
0.161,5205
0.161,5204
0.161,5203
0.161,5202
0.161,5201
0.161,5200
0.161,5199
0.161,5198
0.161,5197
0.161,5196
0.161,5195
0.161,5194
0.161,5193
0.161,5192
0.161,5191
0.161,5190
0.162,5189
0.162,5188
0.162,5187
0.162,5186
0.162,5185
0.162,5184
0.162,5183
0.162,5182
0.162,5181
0.162,5180
0.163,5179
0.163,5178
0.163,5177
0.163,5176
0.163,5175
0.163,5174
0.163,5173
0.163,5172
0.164,5171
0.164,5170
0.164,5169
0.164,5168
0.164,5167
0.164,5166
0.164,5165
0.164,5164
0.164,5163
0.164,5162
0.164,5161
0.164,5160
0.164,5159
0.164,5158
0.165,5157
0.165,5156
0.165,5155
0.165,5154
0.165,5153
0.165,5152
0.165,5151
0.165,5150
0.165,5149
0.165,5148
0.165,5147
0.165,5146
0.165,5145
0.165,5144
0.166,5143
0.166,5142
0.166,5141
0.166,5140
0.166,5139
0.166,5138
0.166,5137
0.166,5136
0.166,5135
0.166,5134
0.166,5133
0.166,5132
0.166,5131
0.166,5130
0.166,5129
0.167,5128
0.167,5127
0.167,5126
0.167,5125
0.167,5124
0.167,5123
0.167,5122
0.167,5121
0.167,5120
0.167,5119
0.167,5118
0.167,5117
0.167,5116
0.167,5115
0.167,5114
0.167,5113
0.167,5112
0.168,5111
0.168,5110
0.168,5109
0.168,5108
0.168,5107
0.168,5106
0.168,5105
0.169,5104
0.169,5103
0.169,5102
0.169,5101
0.169,5100
0.169,5099
0.169,5098
0.169,5097
0.169,5096
0.17,5095
0.17,5094
0.17,5093
0.17,5092
0.17,5091
0.17,5090
0.17,5089
0.17,5088
0.17,5087
0.17,5086
0.17,5085
0.17,5084
0.17,5083
0.17,5082
0.17,5081
0.17,5080
0.17,5079
0.17,5078
0.171,5077
0.171,5076
0.171,5075
0.171,5074
0.171,5073
0.171,5072
0.171,5071
0.171,5070
0.171,5069
0.171,5068
0.171,5067
0.171,5066
0.171,5065
0.171,5064
0.171,5063
0.171,5062
0.172,5061
0.172,5060
0.172,5059
0.172,5058
0.172,5057
0.172,5056
0.172,5055
0.172,5054
0.172,5053
0.172,5052
0.172,5051
0.172,5050
0.172,5049
0.172,5048
0.172,5047
0.173,5046
0.173,5045
0.173,5044
0.173,5043
0.173,5042
0.173,5041
0.173,5040
0.173,5039
0.173,5038
0.173,5037
0.174,5036
0.174,5035
0.174,5034
0.174,5033
0.174,5032
0.174,5031
0.174,5030
0.174,5029
0.174,5028
0.174,5027
0.175,5026
0.175,5025
0.175,5024
0.175,5023
0.175,5022
0.175,5021
0.175,5020
0.175,5019
0.175,5018
0.175,5017
0.175,5016
0.175,5015
0.175,5014
0.175,5013
0.175,5012
0.176,5011
0.176,5010
0.176,5009
0.176,5008
0.176,5007
0.176,5006
0.176,5005
0.176,5004
0.176,5003
0.176,5002
0.176,5001
0.176,5000
0.177,4999
0.177,4998
0.177,4997
0.178,4996
0.178,4995
0.178,4994
0.178,4993
0.178,4992
0.179,4991
0.179,4990
0.179,4989
0.179,4988
0.179,4987
0.179,4986
0.179,4985
0.179,4984
0.179,4983
0.18,4982
0.18,4981
0.18,4980
0.18,4979
0.18,4978
0.18,4977
0.18,4976
0.18,4975
0.18,4974
0.181,4973
0.181,4972
0.181,4971
0.181,4970
0.181,4969
0.181,4968
0.181,4967
0.181,4966
0.181,4965
0.181,4964
0.181,4963
0.181,4962
0.181,4961
0.181,4960
0.182,4959
0.182,4958
0.182,4957
0.182,4956
0.182,4955
0.182,4954
0.182,4953
0.182,4952
0.182,4951
0.182,4950
0.182,4949
0.182,4948
0.182,4947
0.182,4946
0.183,4945
0.183,4944
0.183,4943
0.183,4942
0.183,4941
0.183,4940
0.183,4939
0.183,4938
0.183,4937
0.183,4936
0.183,4935
0.184,4934
0.184,4933
0.184,4932
0.184,4931
0.184,4930
0.184,4929
0.184,4928
0.184,4927
0.184,4926
0.184,4925
0.185,4924
0.185,4923
0.185,4922
0.185,4921
0.185,4920
0.185,4919
0.185,4918
0.185,4917
0.185,4916
0.185,4915
0.185,4914
0.185,4913
0.186,4912
0.186,4911
0.186,4910
0.186,4909
0.186,4908
0.186,4907
0.186,4906
0.186,4905
0.187,4904
0.187,4903
0.187,4902
0.187,4901
0.187,4900
0.187,4899
0.187,4898
0.187,4897
0.187,4896
0.187,4895
0.187,4894
0.188,4893
0.188,4892
0.188,4891
0.188,4890
0.188,4889
0.188,4888
0.188,4887
0.188,4886
0.188,4885
0.188,4884
0.189,4883
0.189,4882
0.189,4881
0.189,4880
0.189,4879
0.189,4878
0.189,4877
0.189,4876
0.189,4875
0.19,4874
0.19,4873
0.19,4872
0.19,4871
0.19,4870
0.19,4869
0.19,4868
0.19,4867
0.19,4866
0.191,4865
0.191,4864
0.191,4863
0.191,4862
0.191,4861
0.191,4860
0.191,4859
0.191,4858
0.192,4857
0.192,4856
0.192,4855
0.192,4854
0.192,4853
0.193,4852
0.193,4851
0.193,4850
0.193,4849
0.193,4848
0.193,4847
0.193,4846
0.194,4845
0.194,4844
0.194,4843
0.194,4842
0.194,4841
0.194,4840
0.194,4839
0.194,4838
0.195,4837
0.195,4836
0.195,4835
0.195,4834
0.195,4833
0.195,4832
0.195,4831
0.195,4830
0.196,4829
0.196,4828
0.196,4827
0.196,4826
0.196,4825
0.196,4824
0.196,4823
0.196,4822
0.196,4821
0.196,4820
0.197,4819
0.197,4818
0.197,4817
0.197,4816
0.197,4815
0.197,4814
0.197,4813
0.197,4812
0.197,4811
0.198,4810
0.198,4809
0.198,4808
0.198,4807
0.198,4806
0.198,4805
0.198,4804
0.198,4803
0.198,4802
0.199,4801
0.199,4800
0.199,4799
0.199,4798
0.199,4797
0.199,4796
0.199,4795
0.199,4794
0.2,4793
0.2,4792
0.2,4791
0.2,4790
0.2,4789
0.2,4788
0.201,4787
0.201,4786
0.201,4785
0.201,4784
0.201,4783
0.201,4782
0.201,4781
0.201,4780
0.201,4779
0.201,4778
0.201,4777
0.201,4776
0.201,4775
0.202,4774
0.202,4773
0.202,4772
0.202,4771
0.202,4770
0.202,4769
0.202,4768
0.202,4767
0.202,4766
0.202,4765
0.202,4764
0.204,4763
0.204,4762
0.205,4761
0.205,4760
0.205,4759
0.205,4758
0.205,4757
0.205,4756
0.205,4755
0.205,4754
0.205,4753
0.206,4752
0.206,4751
0.206,4750
0.206,4749
0.206,4748
0.206,4747
0.206,4746
0.206,4745
0.206,4744
0.206,4743
0.207,4742
0.207,4741
0.208,4740
0.208,4739
0.208,4738
0.208,4737
0.208,4736
0.208,4735
0.208,4734
0.208,4733
0.208,4732
0.208,4731
0.209,4730
0.209,4729
0.209,4728
0.209,4727
0.209,4726
0.209,4725
0.209,4724
0.21,4723
0.21,4722
0.21,4721
0.21,4720
0.21,4719
0.21,4718
0.21,4717
0.211,4716
0.211,4715
0.211,4714
0.211,4713
0.211,4712
0.212,4711
0.212,4710
0.212,4709
0.212,4708
0.212,4707
0.213,4706
0.213,4705
0.213,4704
0.213,4703
0.213,4702
0.213,4701
0.214,4700
0.214,4699
0.214,4698
0.214,4697
0.215,4696
0.215,4695
0.215,4694
0.216,4693
0.216,4692
0.216,4691
0.216,4690
0.216,4689
0.216,4688
0.217,4687
0.217,4686
0.217,4685
0.217,4684
0.217,4683
0.218,4682
0.218,4681
0.218,4680
0.218,4679
0.218,4678
0.219,4677
0.219,4676
0.22,4675
0.22,4674
0.22,4673
0.22,4672
0.22,4671
0.221,4670
0.221,4669
0.222,4668
0.223,4667
0.223,4666
0.223,4665
0.223,4664
0.223,4663
0.223,4662
0.223,4661
0.223,4660
0.223,4659
0.223,4658
0.224,4657
0.224,4656
0.224,4655
0.224,4654
0.224,4653
0.224,4652
0.224,4651
0.225,4650
0.225,4649
0.225,4648
0.225,4647
0.225,4646
0.225,4645
0.226,4644
0.226,4643
0.226,4642
0.226,4641
0.227,4640
0.227,4639
0.227,4638
0.227,4637
0.227,4636
0.228,4635
0.228,4634
0.228,4633
0.228,4632
0.228,4631
0.229,4630
0.229,4629
0.229,4628
0.229,4627
0.23,4626
0.23,4625
0.23,4624
0.23,4623
0.23,4622
0.23,4621
0.231,4620
0.231,4619
0.231,4618
0.231,4617
0.231,4616
0.231,4615
0.231,4614
0.231,4613
0.232,4612
0.232,4611
0.232,4610
0.233,4609
0.233,4608
0.233,4607
0.234,4606
0.235,4605
0.235,4604
0.236,4603
0.236,4602
0.236,4601
0.236,4600
0.236,4599
0.236,4598
0.236,4597
0.237,4596
0.237,4595
0.237,4594
0.238,4593
0.239,4592
0.239,4591
0.239,4590
0.239,4589
0.24,4588
0.24,4587
0.24,4586
0.24,4585
0.241,4584
0.241,4583
0.241,4582
0.241,4581
0.241,4580
0.241,4579
0.242,4578
0.242,4577
0.242,4576
0.243,4575
0.243,4574
0.244,4573
0.244,4572
0.245,4571
0.245,4570
0.245,4569
0.246,4568
0.246,4567
0.246,4566
0.246,4565
0.246,4564
0.246,4563
0.247,4562
0.248,4561
0.248,4560
0.248,4559
0.248,4558
0.249,4557
0.249,4556
0.249,4555
0.249,4554
0.249,4553
0.249,4552
0.249,4551
0.249,4550
0.25,4549
0.25,4548
0.25,4547
0.25,4546
0.251,4545
0.251,4544
0.251,4543
0.252,4542
0.252,4541
0.253,4540
0.253,4539
0.256,4538
0.256,4537
0.256,4536
0.257,4535
0.257,4534
0.257,4533
0.257,4532
0.257,4531
0.257,4530
0.257,4529
0.258,4528
0.258,4527
0.258,4526
0.258,4525
0.259,4524
0.259,4523
0.259,4522
0.259,4521
0.259,4520
0.259,4519
0.26,4518
0.26,4517
0.26,4516
0.26,4515
0.26,4514
0.261,4513
0.261,4512
0.261,4511
0.261,4510
0.262,4509
0.262,4508
0.263,4507
0.263,4506
0.263,4505
0.263,4504
0.264,4503
0.264,4502
0.264,4501
0.265,4500
0.265,4499
0.266,4498
0.266,4497
0.266,4496
0.266,4495
0.266,4494
0.266,4493
0.266,4492
0.266,4491
0.267,4490
0.267,4489
0.267,4488
0.267,4487
0.267,4486
0.268,4485
0.268,4484
0.269,4483
0.269,4482
0.269,4481
0.27,4480
0.271,4479
0.271,4478
0.271,4477
0.271,4476
0.271,4475
0.273,4474
0.273,4473
0.273,4472
0.273,4471
0.274,4470
0.274,4469
0.275,4468
0.275,4467
0.275,4466
0.276,4465
0.276,4464
0.276,4463
0.276,4462
0.276,4461
0.276,4460
0.277,4459
0.277,4458
0.277,4457
0.277,4456
0.278,4455
0.278,4454
0.278,4453
0.279,4452
0.279,4451
0.282,4450
0.282,4449
0.282,4448
0.283,4447
0.284,4446
0.284,4445
0.284,4444
0.285,4443
0.285,4442
0.286,4441
0.286,4440
0.286,4439
0.286,4438
0.287,4437
0.287,4436
0.287,4435
0.288,4434
0.289,4433
0.29,4432
0.29,4431
0.29,4430
0.292,4429
0.292,4428
0.292,4427
0.292,4426
0.293,4425
0.293,4424
0.293,4423
0.293,4422
0.294,4421
0.294,4420
0.294,4419
0.295,4418
0.299,4417
0.299,4416
0.3,4415
0.3,4414
0.303,4413
0.303,4412
0.304,4411
0.305,4410
0.308,4409
0.31,4408
0.31,4407
0.311,4406
0.312,4405
0.312,4404
0.312,4403
0.312,4402
0.313,4401
0.315,4400
0.315,4399
0.316,4398
0.323,4397
0.329,4396
0.33,4395
0.33,4394
0.331,4393
0.334,4392
0.337,4391
0.337,4390
0.337,4389
0.338,4388
0.339,4387
0.342,4386
0.343,4385
0.344,4384
0.348,4383
0.348,4382
0.35,4381
0.351,4380
0.353,4379
0.356,4378
0.356,4377
0.357,4376
0.363,4375
0.365,4374
0.37,4373
0.374,4372
0.375,4371
0.378,4370
0.379,4369
0.38,4368
0.382,4367
0.383,4366
0.384,4365
0.385,4364
0.387,4363
0.389,4362
0.391,4361
0.393,4360
0.393,4359
0.394,4358
0.394,4357
0.396,4356
0.399,4355
0.401,4354
0.401,4353
0.406,4352
0.406,4351
0.419,4350
0.431,4349
0.493,4348
0.564,4347
0.623,4346
