0.001,7604
0.003,7603
0.005,7602
0.005,7601
0.006,7600
0.007,7599
0.007,7598
0.007,7597
0.007,7596
0.008,7595
0.008,7594
0.008,7593
0.009,7592
0.009,7591
0.009,7590
0.01,7589
0.01,7588
0.01,7587
0.011,7586
0.012,7585
0.012,7584
0.012,7583
0.013,7582
0.013,7581
0.013,7580
0.014,7579
0.014,7578
0.014,7577
0.014,7576
0.015,7575
0.015,7574
0.015,7573
0.016,7572
0.016,7571
0.016,7570
0.016,7569
0.017,7568
0.017,7567
0.017,7566
0.017,7565
0.017,7564
0.017,7563
0.017,7562
0.017,7561
0.017,7560
0.018,7559
0.018,7558
0.018,7557
0.018,7556
0.018,7555
0.018,7554
0.018,7553
0.018,7552
0.018,7551
0.018,7550
0.018,7549
0.018,7548
0.018,7547
0.018,7546
0.018,7545
0.018,7544
0.018,7543
0.018,7542
0.018,7541
0.018,7540
0.018,7539
0.019,7538
0.019,7537
0.019,7536
0.019,7535
0.019,7534
0.019,7533
0.019,7532
0.019,7531
0.019,7530
0.019,7529
0.019,7528
0.019,7527
0.019,7526
0.019,7525
0.019,7524
0.019,7523
0.019,7522
0.019,7521
0.02,7520
0.02,7519
0.02,7518
0.02,7517
0.02,7516
0.02,7515
0.02,7514
0.02,7513
0.02,7512
0.02,7511
0.02,7510
0.02,7509
0.02,7508
0.02,7507
0.02,7506
0.02,7505
0.02,7504
0.02,7503
0.021,7502
0.021,7501
0.021,7500
0.021,7499
0.021,7498
0.021,7497
0.021,7496
0.021,7495
0.023,7494
0.023,7493
0.023,7492
0.023,7491
0.023,7490
0.023,7489
0.023,7488
0.023,7487
0.023,7486
0.023,7485
0.023,7484
0.023,7483
0.023,7482
0.024,7481
0.024,7480
0.024,7479
0.024,7478
0.024,7477
0.024,7476
0.024,7475
0.024,7474
0.024,7473
0.024,7472
0.024,7471
0.024,7470
0.024,7469
0.024,7468
0.024,7467
0.024,7466
0.024,7465
0.024,7464
0.024,7463
0.024,7462
0.024,7461
0.025,7460
0.025,7459
0.025,7458
0.025,7457
0.025,7456
0.025,7455
0.025,7454
0.025,7453
0.025,7452
0.025,7451
0.025,7450
0.025,7449
0.025,7448
0.025,7447
0.025,7446
0.025,7445
0.025,7444
0.025,7443
0.025,7442
0.025,7441
0.025,7440
0.026,7439
0.026,7438
0.026,7437
0.026,7436
0.026,7435
0.026,7434
0.026,7433
0.026,7432
0.026,7431
0.026,7430
0.026,7429
0.026,7428
0.026,7427
0.026,7426
0.026,7425
0.026,7424
0.026,7423
0.026,7422
0.026,7421
0.026,7420
0.026,7419
0.027,7418
0.027,7417
0.027,7416
0.027,7415
0.027,7414
0.027,7413
0.027,7412
0.027,7411
0.027,7410
0.027,7409
0.027,7408
0.027,7407
0.027,7406
0.027,7405
0.027,7404
0.027,7403
0.027,7402
0.027,7401
0.027,7400
0.027,7399
0.028,7398
0.028,7397
0.028,7396
0.028,7395
0.028,7394
0.028,7393
0.028,7392
0.028,7391
0.028,7390
0.028,7389
0.028,7388
0.028,7387
0.028,7386
0.028,7385
0.028,7384
0.028,7383
0.029,7382
0.029,7381
0.029,7380
0.029,7379
0.029,7378
0.029,7377
0.029,7376
0.029,7375
0.029,7374
0.029,7373
0.029,7372
0.029,7371
0.029,7370
0.029,7369
0.029,7368
0.029,7367
0.029,7366
0.03,7365
0.03,7364
0.03,7363
0.03,7362
0.03,7361
0.03,7360
0.03,7359
0.03,7358
0.03,7357
0.03,7356
0.03,7355
0.03,7354
0.03,7353
0.03,7352
0.03,7351
0.032,7350
0.034,7349
0.034,7348
0.034,7347
0.034,7346
0.034,7345
0.034,7344
0.034,7343
0.034,7342
0.034,7341
0.034,7340
0.034,7339
0.034,7338
0.034,7337
0.034,7336
0.034,7335
0.034,7334
0.034,7333
0.035,7332
0.035,7331
0.035,7330
0.035,7329
0.035,7328
0.035,7327
0.035,7326
0.035,7325
0.035,7324
0.035,7323
0.035,7322
0.035,7321
0.035,7320
0.035,7319
0.035,7318
0.035,7317
0.036,7316
0.036,7315
0.036,7314
0.036,7313
0.036,7312
0.036,7311
0.036,7310
0.036,7309
0.036,7308
0.036,7307
0.036,7306
0.036,7305
0.036,7304
0.036,7303
0.036,7302
0.036,7301
0.036,7300
0.036,7299
0.036,7298
0.036,7297
0.037,7296
0.037,7295
0.037,7294
0.037,7293
0.037,7292
0.037,7291
0.037,7290
0.037,7289
0.037,7288
0.037,7287
0.037,7286
0.037,7285
0.037,7284
0.037,7283
0.037,7282
0.037,7281
0.037,7280
0.037,7279
0.037,7278
0.038,7277
0.038,7276
0.038,7275
0.038,7274
0.038,7273
0.038,7272
0.038,7271
0.038,7270
0.038,7269
0.038,7268
0.038,7267
0.038,7266
0.038,7265
0.038,7264
0.038,7263
0.038,7262
0.038,7261
0.038,7260
0.038,7259
0.038,7258
0.038,7257
0.038,7256
0.039,7255
0.039,7254
0.039,7253
0.039,7252
0.039,7251
0.039,7250
0.039,7249
0.039,7248
0.039,7247
0.039,7246
0.039,7245
0.039,7244
0.039,7243
0.039,7242
0.039,7241
0.039,7240
0.039,7239
0.039,7238
0.039,7237
0.04,7236
0.04,7235
0.04,7234
0.04,7233
0.04,7232
0.04,7231
0.04,7230
0.04,7229
0.04,7228
0.04,7227
0.04,7226
0.04,7225
0.04,7224
0.04,7223
0.04,7222
0.04,7221
0.04,7220
0.04,7219
0.04,7218
0.04,7217
0.04,7216
0.041,7215
0.041,7214
0.041,7213
0.041,7212
0.041,7211
0.041,7210
0.041,7209
0.041,7208
0.041,7207
0.041,7206
0.041,7205
0.041,7204
0.041,7203
0.041,7202
0.041,7201
0.041,7200
0.041,7199
0.041,7198
0.041,7197
0.042,7196
0.042,7195
0.042,7194
0.042,7193
0.042,7192
0.042,7191
0.042,7190
0.042,7189
0.042,7188
0.042,7187
0.042,7186
0.042,7185
0.042,7184
0.042,7183
0.042,7182
0.042,7181
0.043,7180
0.043,7179
0.043,7178
0.043,7177
0.043,7176
0.043,7175
0.043,7174
0.043,7173
0.043,7172
0.043,7171
0.043,7170
0.043,7169
0.043,7168
0.043,7167
0.043,7166
0.043,7165
0.043,7164
0.043,7163
0.043,7162
0.043,7161
0.043,7160
0.043,7159
0.044,7158
0.044,7157
0.044,7156
0.044,7155
0.044,7154
0.044,7153
0.044,7152
0.044,7151
0.044,7150
0.044,7149
0.044,7148
0.044,7147
0.044,7146
0.044,7145
0.044,7144
0.044,7143
0.045,7142
0.045,7141
0.045,7140
0.045,7139
0.045,7138
0.045,7137
0.045,7136
0.045,7135
0.045,7134
0.045,7133
0.045,7132
0.045,7131
0.045,7130
0.045,7129
0.045,7128
0.045,7127
0.046,7126
0.046,7125
0.046,7124
0.046,7123
0.046,7122
0.046,7121
0.046,7120
0.046,7119
0.046,7118
0.046,7117
0.046,7116
0.046,7115
0.046,7114
0.046,7113
0.046,7112
0.046,7111
0.046,7110
0.046,7109
0.046,7108
0.046,7107
0.046,7106
0.046,7105
0.046,7104
0.046,7103
0.046,7102
0.046,7101
0.047,7100
0.047,7099
0.047,7098
0.047,7097
0.047,7096
0.047,7095
0.047,7094
0.047,7093
0.047,7092
0.047,7091
0.047,7090
0.047,7089
0.047,7088
0.047,7087
0.047,7086
0.047,7085
0.047,7084
0.047,7083
0.047,7082
0.047,7081
0.047,7080
0.047,7079
0.048,7078
0.048,7077
0.048,7076
0.048,7075
0.048,7074
0.048,7073
0.048,7072
0.048,7071
0.048,7070
0.048,7069
0.048,7068
0.048,7067
0.048,7066
0.048,7065
0.048,7064
0.048,7063
0.048,7062
0.048,7061
0.048,7060
0.048,7059
0.048,7058
0.049,7057
0.049,7056
0.049,7055
0.049,7054
0.049,7053
0.049,7052
0.049,7051
0.049,7050
0.049,7049
0.049,7048
0.049,7047
0.049,7046
0.049,7045
0.049,7044
0.049,7043
0.049,7042
0.049,7041
0.049,7040
0.049,7039
0.049,7038
0.049,7037
0.049,7036
0.05,7035
0.05,7034
0.05,7033
0.05,7032
0.05,7031
0.05,7030
0.05,7029
0.05,7028
0.05,7027
0.05,7026
0.05,7025
0.05,7024
0.05,7023
0.05,7022
0.05,7021
0.051,7020
0.051,7019
0.051,7018
0.051,7017
0.051,7016
0.051,7015
0.051,7014
0.051,7013
0.051,7012
0.051,7011
0.051,7010
0.051,7009
0.051,7008
0.051,7007
0.051,7006
0.051,7005
0.051,7004
0.051,7003
0.052,7002
0.052,7001
0.052,7000
0.052,6999
0.052,6998
0.052,6997
0.052,6996
0.052,6995
0.052,6994
0.052,6993
0.052,6992
0.052,6991
0.052,6990
0.052,6989
0.052,6988
0.052,6987
0.052,6986
0.053,6985
0.053,6984
0.053,6983
0.053,6982
0.053,6981
0.053,6980
0.053,6979
0.053,6978
0.053,6977
0.053,6976
0.053,6975
0.053,6974
0.053,6973
0.053,6972
0.053,6971
0.053,6970
0.053,6969
0.053,6968
0.053,6967
0.053,6966
0.053,6965
0.054,6964
0.054,6963
0.054,6962
0.054,6961
0.054,6960
0.054,6959
0.054,6958
0.054,6957
0.054,6956
0.054,6955
0.054,6954
0.054,6953
0.054,6952
0.054,6951
0.054,6950
0.054,6949
0.054,6948
0.054,6947
0.054,6946
0.054,6945
0.054,6944
0.054,6943
0.054,6942
0.054,6941
0.055,6940
0.055,6939
0.055,6938
0.055,6937
0.055,6936
0.055,6935
0.055,6934
0.055,6933
0.055,6932
0.055,6931
0.055,6930
0.055,6929
0.055,6928
0.055,6927
0.055,6926
0.055,6925
0.055,6924
0.056,6923
0.056,6922
0.056,6921
0.056,6920
0.056,6919
0.056,6918
0.056,6917
0.056,6916
0.056,6915
0.056,6914
0.056,6913
0.056,6912
0.056,6911
0.056,6910
0.056,6909
0.056,6908
0.056,6907
0.056,6906
0.056,6905
0.056,6904
0.056,6903
0.056,6902
0.056,6901
0.056,6900
0.057,6899
0.057,6898
0.057,6897
0.057,6896
0.057,6895
0.057,6894
0.057,6893
0.057,6892
0.057,6891
0.057,6890
0.057,6889
0.057,6888
0.057,6887
0.057,6886
0.057,6885
0.057,6884
0.057,6883
0.057,6882
0.057,6881
0.057,6880
0.057,6879
0.057,6878
0.058,6877
0.058,6876
0.058,6875
0.058,6874
0.058,6873
0.058,6872
0.058,6871
0.058,6870
0.058,6869
0.058,6868
0.058,6867
0.058,6866
0.058,6865
0.058,6864
0.058,6863
0.058,6862
0.058,6861
0.058,6860
0.058,6859
0.058,6858
0.058,6857
0.059,6856
0.059,6855
0.059,6854
0.059,6853
0.059,6852
0.059,6851
0.059,6850
0.059,6849
0.059,6848
0.059,6847
0.059,6846
0.059,6845
0.059,6844
0.06,6843
0.06,6842
0.06,6841
0.06,6840
0.06,6839
0.06,6838
0.06,6837
0.06,6836
0.06,6835
0.06,6834
0.06,6833
0.06,6832
0.06,6831
0.06,6830
0.06,6829
0.06,6828
0.06,6827
0.06,6826
0.06,6825
0.06,6824
0.06,6823
0.061,6822
0.061,6821
0.061,6820
0.061,6819
0.061,6818
0.061,6817
0.061,6816
0.061,6815
0.061,6814
0.061,6813
0.061,6812
0.061,6811
0.061,6810
0.061,6809
0.061,6808
0.061,6807
0.061,6806
0.061,6805
0.061,6804
0.062,6803
0.062,6802
0.062,6801
0.062,6800
0.062,6799
0.062,6798
0.062,6797
0.062,6796
0.062,6795
0.062,6794
0.062,6793
0.062,6792
0.062,6791
0.062,6790
0.062,6789
0.062,6788
0.062,6787
0.062,6786
0.062,6785
0.062,6784
0.062,6783
0.063,6782
0.063,6781
0.063,6780
0.063,6779
0.063,6778
0.063,6777
0.063,6776
0.063,6775
0.063,6774
0.063,6773
0.063,6772
0.063,6771
0.063,6770
0.063,6769
0.063,6768
0.063,6767
0.063,6766
0.063,6765
0.064,6764
0.064,6763
0.064,6762
0.064,6761
0.064,6760
0.064,6759
0.064,6758
0.064,6757
0.064,6756
0.064,6755
0.064,6754
0.064,6753
0.064,6752
0.064,6751
0.064,6750
0.064,6749
0.064,6748
0.064,6747
0.064,6746
0.064,6745
0.064,6744
0.064,6743
0.064,6742
0.065,6741
0.065,6740
0.065,6739
0.065,6738
0.065,6737
0.065,6736
0.065,6735
0.065,6734
0.065,6733
0.065,6732
0.065,6731
0.065,6730
0.065,6729
0.065,6728
0.065,6727
0.065,6726
0.065,6725
0.065,6724
0.065,6723
0.065,6722
0.066,6721
0.066,6720
0.066,6719
0.066,6718
0.066,6717
0.066,6716
0.066,6715
0.066,6714
0.066,6713
0.066,6712
0.066,6711
0.066,6710
0.066,6709
0.066,6708
0.066,6707
0.066,6706
0.066,6705
0.066,6704
0.066,6703
0.066,6702
0.066,6701
0.066,6700
0.066,6699
0.066,6698
0.066,6697
0.067,6696
0.067,6695
0.067,6694
0.067,6693
0.067,6692
0.067,6691
0.067,6690
0.067,6689
0.067,6688
0.067,6687
0.067,6686
0.067,6685
0.067,6684
0.067,6683
0.067,6682
0.067,6681
0.067,6680
0.067,6679
0.067,6678
0.068,6677
0.068,6676
0.068,6675
0.068,6674
0.068,6673
0.068,6672
0.068,6671
0.068,6670
0.068,6669
0.068,6668
0.068,6667
0.068,6666
0.068,6665
0.068,6664
0.068,6663
0.068,6662
0.068,6661
0.068,6660
0.068,6659
0.068,6658
0.068,6657
0.068,6656
0.069,6655
0.069,6654
0.069,6653
0.069,6652
0.069,6651
0.069,6650
0.069,6649
0.069,6648
0.069,6647
0.069,6646
0.069,6645
0.069,6644
0.069,6643
0.07,6642
0.07,6641
0.07,6640
0.07,6639
0.07,6638
0.07,6637
0.07,6636
0.07,6635
0.07,6634
0.07,6633
0.07,6632
0.07,6631
0.07,6630
0.07,6629
0.07,6628
0.07,6627
0.07,6626
0.071,6625
0.071,6624
0.071,6623
0.071,6622
0.071,6621
0.071,6620
0.071,6619
0.071,6618
0.071,6617
0.071,6616
0.071,6615
0.071,6614
0.071,6613
0.071,6612
0.071,6611
0.071,6610
0.071,6609
0.071,6608
0.071,6607
0.071,6606
0.071,6605
0.071,6604
0.072,6603
0.072,6602
0.072,6601
0.072,6600
0.072,6599
0.072,6598
0.072,6597
0.072,6596
0.072,6595
0.072,6594
0.072,6593
0.072,6592
0.072,6591
0.072,6590
0.072,6589
0.072,6588
0.072,6587
0.072,6586
0.072,6585
0.072,6584
0.072,6583
0.073,6582
0.073,6581
0.073,6580
0.073,6579
0.073,6578
0.073,6577
0.073,6576
0.073,6575
0.073,6574
0.073,6573
0.073,6572
0.073,6571
0.073,6570
0.073,6569
0.073,6568
0.073,6567
0.073,6566
0.073,6565
0.073,6564
0.073,6563
0.073,6562
0.073,6561
0.074,6560
0.074,6559
0.074,6558
0.074,6557
0.074,6556
0.074,6555
0.074,6554
0.074,6553
0.074,6552
0.074,6551
0.074,6550
0.074,6549
0.074,6548
0.074,6547
0.074,6546
0.074,6545
0.074,6544
0.074,6543
0.075,6542
0.075,6541
0.075,6540
0.075,6539
0.075,6538
0.075,6537
0.075,6536
0.075,6535
0.075,6534
0.075,6533
0.075,6532
0.075,6531
0.075,6530
0.075,6529
0.075,6528
0.075,6527
0.075,6526
0.075,6525
0.075,6524
0.075,6523
0.075,6522
0.076,6521
0.076,6520
0.076,6519
0.076,6518
0.076,6517
0.076,6516
0.076,6515
0.076,6514
0.076,6513
0.076,6512
0.076,6511
0.076,6510
0.076,6509
0.076,6508
0.076,6507
0.076,6506
0.076,6505
0.076,6504
0.076,6503
0.076,6502
0.076,6501
0.076,6500
0.076,6499
0.076,6498
0.077,6497
0.077,6496
0.077,6495
0.077,6494
0.077,6493
0.077,6492
0.077,6491
0.077,6490
0.077,6489
0.077,6488
0.077,6487
0.077,6486
0.077,6485
0.077,6484
0.077,6483
0.078,6482
0.078,6481
0.078,6480
0.078,6479
0.078,6478
0.078,6477
0.078,6476
0.078,6475
0.078,6474
0.078,6473
0.078,6472
0.078,6471
0.078,6470
0.078,6469
0.078,6468
0.078,6467
0.078,6466
0.078,6465
0.078,6464
0.079,6463
0.079,6462
0.079,6461
0.079,6460
0.079,6459
0.079,6458
0.079,6457
0.079,6456
0.079,6455
0.079,6454
0.079,6453
0.079,6452
0.079,6451
0.079,6450
0.079,6449
0.079,6448
0.079,6447
0.079,6446
0.079,6445
0.079,6444
0.079,6443
0.079,6442
0.08,6441
0.08,6440
0.08,6439
0.08,6438
0.08,6437
0.08,6436
0.08,6435
0.08,6434
0.08,6433
0.08,6432
0.08,6431
0.08,6430
0.08,6429
0.08,6428
0.08,6427
0.08,6426
0.08,6425
0.08,6424
0.081,6423
0.081,6422
0.081,6421
0.081,6420
0.081,6419
0.081,6418
0.081,6417
0.081,6416
0.081,6415
0.081,6414
0.081,6413
0.081,6412
0.081,6411
0.081,6410
0.081,6409
0.081,6408
0.081,6407
0.081,6406
0.081,6405
0.081,6404
0.081,6403
0.081,6402
0.082,6401
0.082,6400
0.082,6399
0.082,6398
0.082,6397
0.082,6396
0.082,6395
0.082,6394
0.082,6393
0.082,6392
0.082,6391
0.082,6390
0.082,6389
0.082,6388
0.082,6387
0.082,6386
0.082,6385
0.082,6384
0.082,6383
0.082,6382
0.082,6381
0.082,6380
0.082,6379
0.082,6378
0.082,6377
0.083,6376
0.083,6375
0.083,6374
0.083,6373
0.083,6372
0.083,6371
0.083,6370
0.083,6369
0.083,6368
0.083,6367
0.083,6366
0.083,6365
0.083,6364
0.083,6363
0.083,6362
0.083,6361
0.083,6360
0.083,6359
0.083,6358
0.083,6357
0.083,6356
0.083,6355
0.084,6354
0.084,6353
0.084,6352
0.084,6351
0.084,6350
0.084,6349
0.084,6348
0.084,6347
0.084,6346
0.084,6345
0.084,6344
0.084,6343
0.084,6342
0.084,6341
0.084,6340
0.084,6339
0.085,6338
0.085,6337
0.085,6336
0.085,6335
0.085,6334
0.085,6333
0.085,6332
0.085,6331
0.085,6330
0.085,6329
0.085,6328
0.085,6327
0.085,6326
0.085,6325
0.086,6324
0.086,6323
0.086,6322
0.086,6321
0.086,6320
0.086,6319
0.086,6318
0.086,6317
0.087,6316
0.087,6315
0.087,6314
0.087,6313
0.087,6312
0.087,6311
0.087,6310
0.087,6309
0.087,6308
0.087,6307
0.087,6306
0.087,6305
0.087,6304
0.087,6303
0.087,6302
0.087,6301
0.087,6300
0.087,6299
0.087,6298
0.088,6297
0.088,6296
0.088,6295
0.088,6294
0.088,6293
0.088,6292
0.088,6291
0.088,6290
0.088,6289
0.088,6288
0.088,6287
0.088,6286
0.088,6285
0.088,6284
0.088,6283
0.089,6282
0.089,6281
0.089,6280
0.089,6279
0.089,6278
0.089,6277
0.089,6276
0.089,6275
0.089,6274
0.089,6273
0.089,6272
0.089,6271
0.089,6270
0.089,6269
0.089,6268
0.089,6267
0.089,6266
0.089,6265
0.089,6264
0.09,6263
0.09,6262
0.09,6261
0.09,6260
0.09,6259
0.09,6258
0.09,6257
0.09,6256
0.09,6255
0.09,6254
0.09,6253
0.09,6252
0.09,6251
0.09,6250
0.09,6249
0.09,6248
0.09,6247
0.09,6246
0.091,6245
0.091,6244
0.091,6243
0.091,6242
0.091,6241
0.091,6240
0.091,6239
0.091,6238
0.091,6237
0.091,6236
0.091,6235
0.091,6234
0.091,6233
0.091,6232
0.091,6231
0.091,6230
0.091,6229
0.091,6228
0.091,6227
0.091,6226
0.092,6225
0.092,6224
0.092,6223
0.092,6222
0.092,6221
0.092,6220
0.092,6219
0.092,6218
0.092,6217
0.092,6216
0.092,6215
0.092,6214
0.092,6213
0.092,6212
0.093,6211
0.093,6210
0.093,6209
0.093,6208
0.096,6207
0.096,6206
0.096,6205
0.096,6204
0.096,6203
0.096,6202
0.096,6201
0.096,6200
0.096,6199
0.096,6198
0.096,6197
0.096,6196
0.096,6195
0.096,6194
0.096,6193
0.097,6192
0.097,6191
0.097,6190
0.097,6189
0.097,6188
0.097,6187
0.097,6186
0.097,6185
0.097,6184
0.097,6183
0.097,6182
0.097,6181
0.097,6180
0.097,6179
0.097,6178
0.097,6177
0.097,6176
0.097,6175
0.097,6174
0.098,6173
0.098,6172
0.098,6171
0.098,6170
0.098,6169
0.098,6168
0.098,6167
0.098,6166
0.098,6165
0.098,6164
0.098,6163
0.098,6162
0.098,6161
0.098,6160
0.098,6159
0.098,6158
0.098,6157
0.098,6156
0.099,6155
0.099,6154
0.099,6153
0.099,6152
0.099,6151
0.099,6150
0.099,6149
0.099,6148
0.099,6147
0.099,6146
0.099,6145
0.099,6144
0.099,6143
0.099,6142
0.099,6141
0.099,6140
0.099,6139
0.099,6138
0.099,6137
0.099,6136
0.099,6135
0.099,6134
0.099,6133
0.099,6132
0.099,6131
0.1,6130
0.1,6129
0.1,6128
0.1,6127
0.1,6126
0.1,6125
0.1,6124
0.1,6123
0.1,6122
0.1,6121
0.1,6120
0.1,6119
0.1,6118
0.1,6117
0.1,6116
0.1,6115
0.1,6114
0.1,6113
0.1,6112
0.1,6111
0.101,6110
0.101,6109
0.101,6108
0.101,6107
0.101,6106
0.101,6105
0.101,6104
0.101,6103
0.101,6102
0.101,6101
0.101,6100
0.101,6099
0.101,6098
0.101,6097
0.101,6096
0.101,6095
0.102,6094
0.102,6093
0.102,6092
0.102,6091
0.102,6090
0.102,6089
0.102,6088
0.102,6087
0.102,6086
0.102,6085
0.102,6084
0.102,6083
0.102,6082
0.102,6081
0.102,6080
0.102,6079
0.102,6078
0.102,6077
0.102,6076
0.102,6075
0.102,6074
0.102,6073
0.102,6072
0.102,6071
0.102,6070
0.102,6069
0.103,6068
0.103,6067
0.103,6066
0.103,6065
0.103,6064
0.103,6063
0.103,6062
0.103,6061
0.103,6060
0.103,6059
0.103,6058
0.103,6057
0.103,6056
0.103,6055
0.103,6054
0.103,6053
0.103,6052
0.103,6051
0.103,6050
0.103,6049
0.103,6048
0.103,6047
0.103,6046
0.103,6045
0.103,6044
0.103,6043
0.103,6042
0.103,6041
0.103,6040
0.104,6039
0.104,6038
0.104,6037
0.104,6036
0.104,6035
0.104,6034
0.104,6033
0.104,6032
0.104,6031
0.104,6030
0.104,6029
0.104,6028
0.104,6027
0.104,6026
0.104,6025
0.104,6024
0.104,6023
0.104,6022
0.104,6021
0.104,6020
0.104,6019
0.104,6018
0.104,6017
0.104,6016
0.104,6015
0.104,6014
0.104,6013
0.104,6012
0.104,6011
0.104,6010
0.105,6009
0.105,6008
0.105,6007
0.105,6006
0.105,6005
0.105,6004
0.105,6003
0.105,6002
0.105,6001
0.105,6000
0.105,5999
0.105,5998
0.105,5997
0.105,5996
0.105,5995
0.105,5994
0.105,5993
0.105,5992
0.105,5991
0.105,5990
0.105,5989
0.105,5988
0.105,5987
0.105,5986
0.105,5985
0.105,5984
0.105,5983
0.105,5982
0.105,5981
0.105,5980
0.105,5979
0.106,5978
0.106,5977
0.106,5976
0.106,5975
0.106,5974
0.106,5973
0.106,5972
0.106,5971
0.107,5970
0.107,5969
0.107,5968
0.107,5967
0.107,5966
0.107,5965
0.107,5964
0.107,5963
0.107,5962
0.107,5961
0.107,5960
0.107,5959
0.107,5958
0.107,5957
0.107,5956
0.107,5955
0.107,5954
0.107,5953
0.107,5952
0.107,5951
0.108,5950
0.108,5949
0.108,5948
0.108,5947
0.108,5946
0.108,5945
0.108,5944
0.108,5943
0.108,5942
0.108,5941
0.108,5940
0.108,5939
0.108,5938
0.108,5937
0.108,5936
0.108,5935
0.108,5934
0.108,5933
0.108,5932
0.109,5931
0.109,5930
0.109,5929
0.109,5928
0.109,5927
0.109,5926
0.109,5925
0.109,5924
0.109,5923
0.109,5922
0.109,5921
0.109,5920
0.109,5919
0.109,5918
0.109,5917
0.109,5916
0.109,5915
0.109,5914
0.109,5913
0.109,5912
0.11,5911
0.11,5910
0.11,5909
0.11,5908
0.11,5907
0.11,5906
0.11,5905
0.11,5904
0.11,5903
0.11,5902
0.11,5901
0.11,5900
0.11,5899
0.11,5898
0.11,5897
0.11,5896
0.11,5895
0.11,5894
0.11,5893
0.11,5892
0.11,5891
0.11,5890
0.11,5889
0.11,5888
0.11,5887
0.11,5886
0.11,5885
0.111,5884
0.111,5883
0.111,5882
0.111,5881
0.111,5880
0.111,5879
0.111,5878
0.111,5877
0.111,5876
0.111,5875
0.111,5874
0.111,5873
0.111,5872
0.111,5871
0.111,5870
0.111,5869
0.111,5868
0.111,5867
0.111,5866
0.111,5865
0.111,5864
0.111,5863
0.111,5862
0.111,5861
0.112,5860
0.112,5859
0.112,5858
0.112,5857
0.112,5856
0.112,5855
0.112,5854
0.112,5853
0.112,5852
0.112,5851
0.112,5850
0.112,5849
0.112,5848
0.112,5847
0.112,5846
0.112,5845
0.112,5844
0.112,5843
0.112,5842
0.112,5841
0.112,5840
0.112,5839
0.112,5838
0.112,5837
0.113,5836
0.113,5835
0.113,5834
0.113,5833
0.113,5832
0.113,5831
0.113,5830
0.113,5829
0.113,5828
0.113,5827
0.113,5826
0.113,5825
0.113,5824
0.113,5823
0.113,5822
0.113,5821
0.113,5820
0.113,5819
0.113,5818
0.113,5817
0.113,5816
0.113,5815
0.113,5814
0.113,5813
0.113,5812
0.113,5811
0.113,5810
0.113,5809
0.114,5808
0.114,5807
0.114,5806
0.114,5805
0.114,5804
0.114,5803
0.114,5802
0.114,5801
0.114,5800
0.114,5799
0.114,5798
0.114,5797
0.114,5796
0.114,5795
0.114,5794
0.114,5793
0.114,5792
0.114,5791
0.114,5790
0.114,5789
0.115,5788
0.115,5787
0.115,5786
0.115,5785
0.115,5784
0.115,5783
0.115,5782
0.115,5781
0.115,5780
0.115,5779
0.115,5778
0.115,5777
0.115,5776
0.115,5775
0.115,5774
0.115,5773
0.115,5772
0.115,5771
0.115,5770
0.115,5769
0.115,5768
0.115,5767
0.115,5766
0.115,5765
0.115,5764
0.115,5763
0.115,5762
0.115,5761
0.115,5760
0.116,5759
0.116,5758
0.116,5757
0.116,5756
0.116,5755
0.116,5754
0.116,5753
0.116,5752
0.116,5751
0.116,5750
0.116,5749
0.116,5748
0.116,5747
0.116,5746
0.116,5745
0.116,5744
0.116,5743
0.116,5742
0.116,5741
0.116,5740
0.116,5739
0.116,5738
0.116,5737
0.116,5736
0.116,5735
0.116,5734
0.116,5733
0.117,5732
0.117,5731
0.117,5730
0.117,5729
0.117,5728
0.117,5727
0.117,5726
0.117,5725
0.117,5724
0.117,5723
0.117,5722
0.117,5721
0.117,5720
0.118,5719
0.118,5718
0.118,5717
0.118,5716
0.118,5715
0.118,5714
0.118,5713
0.118,5712
0.118,5711
0.118,5710
0.118,5709
0.118,5708
0.118,5707
0.118,5706
0.118,5705
0.118,5704
0.118,5703
0.118,5702
0.118,5701
0.118,5700
0.118,5699
0.118,5698
0.118,5697
0.118,5696
0.118,5695
0.118,5694
0.119,5693
0.119,5692
0.119,5691
0.119,5690
0.119,5689
0.119,5688
0.119,5687
0.119,5686
0.119,5685
0.119,5684
0.119,5683
0.119,5682
0.119,5681
0.119,5680
0.119,5679
0.119,5678
0.119,5677
0.119,5676
0.119,5675
0.119,5674
0.119,5673
0.119,5672
0.119,5671
0.12,5670
0.12,5669
0.12,5668
0.12,5667
0.12,5666
0.12,5665
0.12,5664
0.12,5663
0.12,5662
0.12,5661
0.12,5660
0.12,5659
0.12,5658
0.12,5657
0.12,5656
0.12,5655
0.121,5654
0.121,5653
0.121,5652
0.121,5651
0.121,5650
0.121,5649
0.121,5648
0.121,5647
0.121,5646
0.121,5645
0.121,5644
0.121,5643
0.121,5642
0.121,5641
0.121,5640
0.121,5639
0.121,5638
0.121,5637
0.121,5636
0.121,5635
0.121,5634
0.121,5633
0.121,5632
0.121,5631
0.121,5630
0.122,5629
0.122,5628
0.122,5627
0.122,5626
0.122,5625
0.122,5624
0.122,5623
0.122,5622
0.122,5621
0.122,5620
0.122,5619
0.122,5618
0.122,5617
0.122,5616
0.122,5615
0.122,5614
0.122,5613
0.123,5612
0.123,5611
0.123,5610
0.123,5609
0.123,5608
0.123,5607
0.123,5606
0.123,5605
0.123,5604
0.123,5603
0.123,5602
0.123,5601
0.123,5600
0.123,5599
0.123,5598
0.123,5597
0.123,5596
0.123,5595
0.123,5594
0.123,5593
0.123,5592
0.123,5591
0.123,5590
0.123,5589
0.123,5588
0.124,5587
0.124,5586
0.124,5585
0.124,5584
0.124,5583
0.124,5582
0.124,5581
0.124,5580
0.124,5579
0.124,5578
0.124,5577
0.124,5576
0.124,5575
0.124,5574
0.124,5573
0.125,5572
0.125,5571
0.125,5570
0.125,5569
0.125,5568
0.125,5567
0.125,5566
0.125,5565
0.125,5564
0.125,5563
0.125,5562
0.125,5561
0.125,5560
0.125,5559
0.125,5558
0.125,5557
0.125,5556
0.125,5555
0.125,5554
0.125,5553
0.125,5552
0.125,5551
0.126,5550
0.126,5549
0.126,5548
0.126,5547
0.126,5546
0.126,5545
0.126,5544
0.126,5543
0.126,5542
0.126,5541
0.126,5540
0.126,5539
0.126,5538
0.126,5537
0.126,5536
0.126,5535
0.126,5534
0.126,5533
0.126,5532
0.126,5531
0.126,5530
0.126,5529
0.126,5528
0.126,5527
0.126,5526
0.127,5525
0.127,5524
0.127,5523
0.127,5522
0.127,5521
0.127,5520
0.127,5519
0.127,5518
0.127,5517
0.127,5516
0.127,5515
0.127,5514
0.128,5513
0.128,5512
0.128,5511
0.128,5510
0.128,5509
0.128,5508
0.128,5507
0.128,5506
0.128,5505
0.128,5504
0.128,5503
0.128,5502
0.128,5501
0.128,5500
0.128,5499
0.128,5498
0.128,5497
0.128,5496
0.128,5495
0.128,5494
0.128,5493
0.128,5492
0.129,5491
0.129,5490
0.129,5489
0.129,5488
0.129,5487
0.129,5486
0.129,5485
0.129,5484
0.129,5483
0.129,5482
0.129,5481
0.129,5480
0.129,5479
0.129,5478
0.129,5477
0.13,5476
0.13,5475
0.13,5474
0.13,5473
0.13,5472
0.13,5471
0.13,5470
0.13,5469
0.13,5468
0.13,5467
0.13,5466
0.13,5465
0.13,5464
0.13,5463
0.13,5462
0.13,5461
0.13,5460
0.13,5459
0.13,5458
0.131,5457
0.131,5456
0.131,5455
0.131,5454
0.131,5453
0.131,5452
0.131,5451
0.131,5450
0.131,5449
0.131,5448
0.131,5447
0.131,5446
0.131,5445
0.131,5444
0.131,5443
0.131,5442
0.131,5441
0.131,5440
0.131,5439
0.131,5438
0.131,5437
0.131,5436
0.132,5435
0.132,5434
0.132,5433
0.132,5432
0.132,5431
0.132,5430
0.132,5429
0.132,5428
0.132,5427
0.132,5426
0.132,5425
0.132,5424
0.132,5423
0.132,5422
0.132,5421
0.132,5420
0.132,5419
0.132,5418
0.132,5417
0.133,5416
0.133,5415
0.133,5414
0.133,5413
0.133,5412
0.133,5411
0.133,5410
0.133,5409
0.134,5408
0.134,5407
0.134,5406
0.134,5405
0.134,5404
0.134,5403
0.134,5402
0.134,5401
0.134,5400
0.134,5399
0.134,5398
0.134,5397
0.134,5396
0.134,5395
0.134,5394
0.135,5393
0.135,5392
0.135,5391
0.135,5390
0.135,5389
0.135,5388
0.135,5387
0.135,5386
0.135,5385
0.135,5384
0.135,5383
0.135,5382
0.135,5381
0.135,5380
0.135,5379
0.135,5378
0.136,5377
0.136,5376
0.136,5375
0.136,5374
0.136,5373
0.136,5372
0.136,5371
0.136,5370
0.136,5369
0.136,5368
0.136,5367
0.136,5366
0.136,5365
0.136,5364
0.136,5363
0.136,5362
0.136,5361
0.136,5360
0.137,5359
0.137,5358
0.137,5357
0.137,5356
0.137,5355
0.137,5354
0.137,5353
0.137,5352
0.137,5351
0.137,5350
0.137,5349
0.137,5348
0.137,5347
0.138,5346
0.138,5345
0.138,5344
0.138,5343
0.138,5342
0.138,5341
0.138,5340
0.138,5339
0.138,5338
0.138,5337
0.138,5336
0.138,5335
0.138,5334
0.138,5333
0.139,5332
0.139,5331
0.139,5330
0.139,5329
0.139,5328
0.139,5327
0.139,5326
0.139,5325
0.139,5324
0.139,5323
0.139,5322
0.139,5321
0.139,5320
0.139,5319
0.139,5318
0.139,5317
0.14,5316
0.14,5315
0.14,5314
0.14,5313
0.14,5312
0.14,5311
0.14,5310
0.14,5309
0.14,5308
0.14,5307
0.14,5306
0.14,5305
0.14,5304
0.14,5303
0.14,5302
0.14,5301
0.14,5300
0.14,5299
0.14,5298
0.14,5297
0.14,5296
0.14,5295
0.14,5294
0.14,5293
0.141,5292
0.141,5291
0.141,5290
0.141,5289
0.141,5288
0.141,5287
0.141,5286
0.141,5285
0.141,5284
0.141,5283
0.141,5282
0.141,5281
0.141,5280
0.142,5279
0.142,5278
0.142,5277
0.142,5276
0.142,5275
0.142,5274
0.142,5273
0.142,5272
0.142,5271
0.142,5270
0.142,5269
0.142,5268
0.142,5267
0.142,5266
0.142,5265
0.143,5264
0.143,5263
0.143,5262
0.143,5261
0.143,5260
0.143,5259
0.143,5258
0.146,5257
0.146,5256
0.146,5255
0.146,5254
0.146,5253
0.146,5252
0.146,5251
0.147,5250
0.147,5249
0.147,5248
0.147,5247
0.147,5246
0.147,5245
0.147,5244
0.147,5243
0.147,5242
0.147,5241
0.147,5240
0.147,5239
0.147,5238
0.148,5237
0.148,5236
0.148,5235
0.148,5234
0.148,5233
0.148,5232
0.149,5231
0.149,5230
0.149,5229
0.149,5228
0.149,5227
0.149,5226
0.149,5225
0.149,5224
0.149,5223
0.149,5222
0.149,5221
0.149,5220
0.149,5219
0.149,5218
0.149,5217
0.149,5216
0.149,5215
0.149,5214
0.15,5213
0.15,5212
0.15,5211
0.15,5210
0.15,5209
0.15,5208
0.15,5207
0.15,5206
0.15,5205
0.15,5204
0.15,5203
0.15,5202
0.151,5201
0.151,5200
0.151,5199
0.151,5198
0.151,5197
0.151,5196
0.151,5195
0.151,5194
0.151,5193
0.151,5192
0.151,5191
0.151,5190
0.152,5189
0.152,5188
0.152,5187
0.152,5186
0.152,5185
0.152,5184
0.152,5183
0.152,5182
0.152,5181
0.152,5180
0.152,5179
0.152,5178
0.152,5177
0.152,5176
0.152,5175
0.152,5174
0.152,5173
0.152,5172
0.153,5171
0.153,5170
0.153,5169
0.153,5168
0.153,5167
0.153,5166
0.153,5165
0.153,5164
0.153,5163
0.153,5162
0.153,5161
0.153,5160
0.153,5159
0.153,5158
0.153,5157
0.153,5156
0.153,5155
0.154,5154
0.154,5153
0.154,5152
0.154,5151
0.154,5150
0.154,5149
0.154,5148
0.154,5147
0.154,5146
0.154,5145
0.154,5144
0.154,5143
0.154,5142
0.154,5141
0.154,5140
0.154,5139
0.155,5138
0.155,5137
0.155,5136
0.155,5135
0.155,5134
0.155,5133
0.155,5132
0.155,5131
0.155,5130
0.155,5129
0.155,5128
0.155,5127
0.155,5126
0.155,5125
0.155,5124
0.155,5123
0.156,5122
0.156,5121
0.156,5120
0.156,5119
0.156,5118
0.156,5117
0.156,5116
0.156,5115
0.156,5114
0.156,5113
0.156,5112
0.156,5111
0.157,5110
0.157,5109
0.157,5108
0.157,5107
0.157,5106
0.157,5105
0.157,5104
0.157,5103
0.157,5102
0.157,5101
0.157,5100
0.157,5099
0.157,5098
0.157,5097
0.157,5096
0.157,5095
0.158,5094
0.158,5093
0.158,5092
0.158,5091
0.158,5090
0.158,5089
0.158,5088
0.158,5087
0.158,5086
0.158,5085
0.158,5084
0.159,5083
0.159,5082
0.159,5081
0.159,5080
0.159,5079
0.159,5078
0.159,5077
0.159,5076
0.159,5075
0.159,5074
0.159,5073
0.159,5072
0.159,5071
0.159,5070
0.159,5069
0.159,5068
0.16,5067
0.16,5066
0.16,5065
0.16,5064
0.16,5063
0.16,5062
0.16,5061
0.16,5060
0.16,5059
0.16,5058
0.16,5057
0.161,5056
0.161,5055
0.161,5054
0.161,5053
0.161,5052
0.161,5051
0.161,5050
0.161,5049
0.161,5048
0.161,5047
0.161,5046
0.162,5045
0.162,5044
0.162,5043
0.162,5042
0.162,5041
0.162,5040
0.162,5039
0.162,5038
0.162,5037
0.162,5036
0.163,5035
0.163,5034
0.163,5033
0.163,5032
0.163,5031
0.163,5030
0.163,5029
0.163,5028
0.163,5027
0.163,5026
0.163,5025
0.163,5024
0.163,5023
0.163,5022
0.164,5021
0.164,5020
0.164,5019
0.164,5018
0.164,5017
0.164,5016
0.164,5015
0.165,5014
0.165,5013
0.166,5012
0.166,5011
0.166,5010
0.166,5009
0.166,5008
0.166,5007
0.167,5006
0.167,5005
0.167,5004
0.167,5003
0.167,5002
0.167,5001
0.167,5000
0.168,4999
0.168,4998
0.168,4997
0.168,4996
0.168,4995
0.168,4994
0.168,4993
0.168,4992
0.169,4991
0.169,4990
0.169,4989
0.169,4988
0.169,4987
0.169,4986
0.169,4985
0.169,4984
0.169,4983
0.169,4982
0.169,4981
0.17,4980
0.17,4979
0.17,4978
0.17,4977
0.17,4976
0.17,4975
0.17,4974
0.17,4973
0.17,4972
0.171,4971
0.171,4970
0.171,4969
0.171,4968
0.171,4967
0.171,4966
0.171,4965
0.171,4964
0.171,4963
0.171,4962
0.171,4961
0.171,4960
0.171,4959
0.171,4958
0.172,4957
0.172,4956
0.172,4955
0.172,4954
0.172,4953
0.172,4952
0.172,4951
0.172,4950
0.172,4949
0.172,4948
0.172,4947
0.172,4946
0.173,4945
0.173,4944
0.173,4943
0.173,4942
0.173,4941
0.173,4940
0.173,4939
0.173,4938
0.173,4937
0.173,4936
0.173,4935
0.173,4934
0.173,4933
0.174,4932
0.174,4931
0.174,4930
0.174,4929
0.174,4928
0.174,4927
0.174,4926
0.174,4925
0.174,4924
0.174,4923
0.174,4922
0.174,4921
0.175,4920
0.175,4919
0.175,4918
0.175,4917
0.175,4916
0.175,4915
0.175,4914
0.175,4913
0.175,4912
0.176,4911
0.176,4910
0.176,4909
0.176,4908
0.176,4907
0.176,4906
0.176,4905
0.176,4904
0.176,4903
0.177,4902
0.177,4901
0.177,4900
0.177,4899
0.177,4898
0.177,4897
0.177,4896
0.177,4895
0.177,4894
0.177,4893
0.177,4892
0.177,4891
0.178,4890
0.178,4889
0.178,4888
0.178,4887
0.178,4886
0.179,4885
0.179,4884
0.179,4883
0.179,4882
0.179,4881
0.179,4880
0.179,4879
0.179,4878
0.179,4877
0.179,4876
0.18,4875
0.18,4874
0.18,4873
0.18,4872
0.18,4871
0.18,4870
0.18,4869
0.181,4868
0.181,4867
0.181,4866
0.181,4865
0.181,4864
0.181,4863
0.181,4862
0.181,4861
0.181,4860
0.181,4859
0.182,4858
0.182,4857
0.182,4856
0.182,4855
0.182,4854
0.182,4853
0.182,4852
0.182,4851
0.182,4850
0.182,4849
0.182,4848
0.183,4847
0.183,4846
0.183,4845
0.183,4844
0.183,4843
0.183,4842
0.183,4841
0.183,4840
0.183,4839
0.184,4838
0.184,4837
0.184,4836
0.184,4835
0.185,4834
0.185,4833
0.185,4832
0.185,4831
0.185,4830
0.185,4829
0.185,4828
0.185,4827
0.185,4826
0.185,4825
0.186,4824
0.186,4823
0.186,4822
0.186,4821
0.186,4820
0.186,4819
0.186,4818
0.187,4817
0.187,4816
0.187,4815
0.187,4814
0.188,4813
0.188,4812
0.188,4811
0.188,4810
0.188,4809
0.188,4808
0.188,4807
0.189,4806
0.189,4805
0.189,4804
0.189,4803
0.189,4802
0.189,4801
0.189,4800
0.189,4799
0.191,4798
0.191,4797
0.191,4796
0.192,4795
0.192,4794
0.192,4793
0.192,4792
0.192,4791
0.192,4790
0.192,4789
0.192,4788
0.193,4787
0.193,4786
0.193,4785
0.193,4784
0.193,4783
0.193,4782
0.193,4781
0.193,4780
0.193,4779
0.193,4778
0.193,4777
0.193,4776
0.194,4775
0.194,4774
0.194,4773
0.194,4772
0.194,4771
0.194,4770
0.194,4769
0.194,4768
0.194,4767
0.194,4766
0.194,4765
0.195,4764
0.195,4763
0.195,4762
0.195,4761
0.195,4760
0.195,4759
0.196,4758
0.196,4757
0.196,4756
0.196,4755
0.196,4754
0.196,4753
0.196,4752
0.196,4751
0.196,4750
0.197,4749
0.197,4748
0.197,4747
0.197,4746
0.197,4745
0.198,4744
0.198,4743
0.198,4742
0.198,4741
0.199,4740
0.199,4739
0.199,4738
0.199,4737
0.199,4736
0.199,4735
0.2,4734
0.2,4733
0.2,4732
0.2,4731
0.2,4730
0.2,4729
0.2,4728
0.2,4727
0.201,4726
0.201,4725
0.201,4724
0.201,4723
0.201,4722
0.201,4721
0.201,4720
0.201,4719
0.201,4718
0.202,4717
0.202,4716
0.202,4715
0.202,4714
0.202,4713
0.202,4712
0.203,4711
0.203,4710
0.203,4709
0.203,4708
0.203,4707
0.203,4706
0.203,4705
0.203,4704
0.204,4703
0.204,4702
0.204,4701
0.204,4700
0.204,4699
0.205,4698
0.205,4697
0.205,4696
0.205,4695
0.205,4694
0.205,4693
0.205,4692
0.206,4691
0.207,4690
0.207,4689
0.207,4688
0.207,4687
0.207,4686
0.207,4685
0.207,4684
0.207,4683
0.207,4682
0.207,4681
0.208,4680
0.208,4679
0.208,4678
0.208,4677
0.208,4676
0.208,4675
0.208,4674
0.208,4673
0.208,4672
0.209,4671
0.21,4670
0.21,4669
0.21,4668
0.211,4667
0.211,4666
0.212,4665
0.212,4664
0.212,4663
0.213,4662
0.213,4661
0.213,4660
0.213,4659
0.214,4658
0.214,4657
0.214,4656
0.214,4655
0.215,4654
0.215,4653
0.215,4652
0.215,4651
0.216,4650
0.216,4649
0.216,4648
0.216,4647
0.216,4646
0.216,4645
0.216,4644
0.216,4643
0.217,4642
0.217,4641
0.217,4640
0.217,4639
0.217,4638
0.217,4637
0.217,4636
0.217,4635
0.217,4634
0.218,4633
0.218,4632
0.218,4631
0.219,4630
0.219,4629
0.219,4628
0.219,4627
0.219,4626
0.219,4625
0.219,4624
0.22,4623
0.22,4622
0.22,4621
0.22,4620
0.22,4619
0.22,4618
0.221,4617
0.221,4616
0.221,4615
0.222,4614
0.222,4613
0.222,4612
0.223,4611
0.223,4610
0.223,4609
0.223,4608
0.223,4607
0.223,4606
0.224,4605
0.224,4604
0.224,4603
0.224,4602
0.225,4601
0.225,4600
0.225,4599
0.225,4598
0.225,4597
0.225,4596
0.226,4595
0.227,4594
0.227,4593
0.227,4592
0.227,4591
0.227,4590
0.227,4589
0.227,4588
0.227,4587
0.227,4586
0.227,4585
0.228,4584
0.228,4583
0.229,4582
0.229,4581
0.229,4580
0.229,4579
0.229,4578
0.229,4577
0.229,4576
0.23,4575
0.23,4574
0.23,4573
0.23,4572
0.231,4571
0.231,4570
0.231,4569
0.231,4568
0.231,4567
0.232,4566
0.232,4565
0.232,4564
0.232,4563
0.233,4562
0.233,4561
0.233,4560
0.234,4559
0.234,4558
0.234,4557
0.235,4556
0.238,4555
0.238,4554
0.238,4553
0.238,4552
0.238,4551
0.238,4550
0.239,4549
0.239,4548
0.239,4547
0.239,4546
0.239,4545
0.239,4544
0.24,4543
0.24,4542
0.24,4541
0.24,4540
0.24,4539
0.241,4538
0.241,4537
0.242,4536
0.242,4535
0.242,4534
0.242,4533
0.242,4532
0.243,4531
0.244,4530
0.245,4529
0.245,4528
0.245,4527
0.245,4526
0.246,4525
0.246,4524
0.246,4523
0.246,4522
0.247,4521
0.247,4520
0.247,4519
0.248,4518
0.248,4517
0.249,4516
0.25,4515
0.25,4514
0.25,4513
0.25,4512
0.251,4511
0.251,4510
0.251,4509
0.251,4508
0.252,4507
0.252,4506
0.253,4505
0.253,4504
0.253,4503
0.254,4502
0.254,4501
0.255,4500
0.256,4499
0.256,4498
0.257,4497
0.257,4496
0.257,4495
0.257,4494
0.258,4493
0.259,4492
0.259,4491
0.259,4490
0.259,4489
0.26,4488
0.26,4487
0.26,4486
0.261,4485
0.262,4484
0.262,4483
0.263,4482
0.263,4481
0.264,4480
0.264,4479
0.264,4478
0.265,4477
0.265,4476
0.265,4475
0.265,4474
0.267,4473
0.267,4472
0.269,4471
0.269,4470
0.269,4469
0.27,4468
0.271,4467
0.272,4466
0.273,4465
0.273,4464
0.273,4463
0.274,4462
0.275,4461
0.277,4460
0.277,4459
0.277,4458
0.277,4457
0.278,4456
0.279,4455
0.281,4454
0.281,4453
0.282,4452
0.282,4451
0.282,4450
0.283,4449
0.283,4448
0.284,4447
0.284,4446
0.284,4445
0.286,4444
0.288,4443
0.289,4442
0.289,4441
0.289,4440
0.292,4439
0.292,4438
0.294,4437
0.295,4436
0.299,4435
0.299,4434
0.301,4433
0.304,4432
0.306,4431
0.307,4430
0.308,4429
0.308,4428
0.308,4427
0.31,4426
0.31,4425
0.311,4424
0.312,4423
0.313,4422
0.317,4421
0.319,4420
0.321,4419
0.321,4418
0.325,4417
0.326,4416
0.326,4415
0.326,4414
0.327,4413
0.329,4412
0.331,4411
0.334,4410
0.335,4409
0.338,4408
0.339,4407
0.34,4406
0.341,4405
0.343,4404
0.348,4403
0.353,4402
0.354,4401
0.355,4400
0.356,4399
0.364,4398
0.366,4397
0.368,4396
0.369,4395
0.38,4394
0.386,4393
0.389,4392
0.392,4391
0.394,4390
0.394,4389
0.395,4388
0.395,4387
0.402,4386
0.416,4385
0.425,4384
0.426,4383
0.427,4382
0.443,4381
0.443,4380
0.461,4379
0.781,4378
