0.0,7604
0.001,7603
0.002,7602
0.003,7601
0.004,7600
0.004,7599
0.004,7598
0.005,7597
0.005,7596
0.005,7595
0.006,7594
0.006,7593
0.006,7592
0.006,7591
0.007,7590
0.007,7589
0.007,7588
0.007,7587
0.007,7586
0.007,7585
0.007,7584
0.008,7583
0.008,7582
0.008,7581
0.008,7580
0.008,7579
0.009,7578
0.009,7577
0.009,7576
0.009,7575
0.01,7574
0.01,7573
0.01,7572
0.011,7571
0.011,7570
0.011,7569
0.011,7568
0.011,7567
0.011,7566
0.012,7565
0.012,7564
0.012,7563
0.012,7562
0.013,7561
0.013,7560
0.013,7559
0.013,7558
0.014,7557
0.014,7556
0.014,7555
0.014,7554
0.014,7553
0.015,7552
0.015,7551
0.015,7550
0.015,7549
0.015,7548
0.015,7547
0.015,7546
0.015,7545
0.015,7544
0.016,7543
0.016,7542
0.016,7541
0.016,7540
0.016,7539
0.016,7538
0.016,7537
0.016,7536
0.016,7535
0.016,7534
0.016,7533
0.016,7532
0.017,7531
0.017,7530
0.017,7529
0.017,7528
0.017,7527
0.017,7526
0.017,7525
0.017,7524
0.018,7523
0.018,7522
0.018,7521
0.018,7520
0.019,7519
0.019,7518
0.019,7517
0.019,7516
0.019,7515
0.019,7514
0.019,7513
0.019,7512
0.019,7511
0.02,7510
0.02,7509
0.02,7508
0.02,7507
0.02,7506
0.02,7505
0.02,7504
0.02,7503
0.02,7502
0.021,7501
0.021,7500
0.021,7499
0.021,7498
0.021,7497
0.021,7496
0.021,7495
0.021,7494
0.021,7493
0.023,7492
0.023,7491
0.023,7490
0.023,7489
0.023,7488
0.023,7487
0.023,7486
0.023,7485
0.023,7484
0.023,7483
0.023,7482
0.023,7481
0.023,7480
0.023,7479
0.023,7478
0.024,7477
0.024,7476
0.024,7475
0.024,7474
0.024,7473
0.024,7472
0.024,7471
0.024,7470
0.024,7469
0.024,7468
0.024,7467
0.024,7466
0.024,7465
0.024,7464
0.024,7463
0.025,7462
0.025,7461
0.025,7460
0.025,7459
0.025,7458
0.025,7457
0.025,7456
0.025,7455
0.025,7454
0.025,7453
0.025,7452
0.025,7451
0.025,7450
0.025,7449
0.025,7448
0.025,7447
0.025,7446
0.026,7445
0.026,7444
0.026,7443
0.026,7442
0.026,7441
0.026,7440
0.026,7439
0.026,7438
0.026,7437
0.026,7436
0.026,7435
0.026,7434
0.026,7433
0.026,7432
0.026,7431
0.026,7430
0.026,7429
0.026,7428
0.026,7427
0.027,7426
0.027,7425
0.027,7424
0.027,7423
0.027,7422
0.027,7421
0.027,7420
0.027,7419
0.027,7418
0.027,7417
0.027,7416
0.027,7415
0.027,7414
0.027,7413
0.027,7412
0.027,7411
0.027,7410
0.027,7409
0.027,7408
0.027,7407
0.028,7406
0.028,7405
0.028,7404
0.028,7403
0.028,7402
0.028,7401
0.028,7400
0.028,7399
0.028,7398
0.028,7397
0.028,7396
0.028,7395
0.028,7394
0.028,7393
0.028,7392
0.029,7391
0.029,7390
0.029,7389
0.029,7388
0.029,7387
0.029,7386
0.029,7385
0.029,7384
0.029,7383
0.029,7382
0.029,7381
0.029,7380
0.029,7379
0.029,7378
0.029,7377
0.029,7376
0.029,7375
0.03,7374
0.03,7373
0.03,7372
0.03,7371
0.03,7370
0.03,7369
0.03,7368
0.03,7367
0.03,7366
0.03,7365
0.03,7364
0.03,7363
0.03,7362
0.03,7361
0.03,7360
0.03,7359
0.03,7358
0.03,7357
0.03,7356
0.03,7355
0.031,7354
0.031,7353
0.031,7352
0.031,7351
0.031,7350
0.031,7349
0.031,7348
0.031,7347
0.031,7346
0.031,7345
0.031,7344
0.031,7343
0.031,7342
0.031,7341
0.031,7340
0.031,7339
0.032,7338
0.032,7337
0.032,7336
0.032,7335
0.032,7334
0.032,7333
0.032,7332
0.032,7331
0.032,7330
0.032,7329
0.032,7328
0.032,7327
0.032,7326
0.032,7325
0.032,7324
0.032,7323
0.032,7322
0.032,7321
0.032,7320
0.033,7319
0.033,7318
0.033,7317
0.033,7316
0.033,7315
0.033,7314
0.033,7313
0.033,7312
0.033,7311
0.033,7310
0.033,7309
0.033,7308
0.033,7307
0.033,7306
0.033,7305
0.033,7304
0.033,7303
0.033,7302
0.034,7301
0.034,7300
0.034,7299
0.034,7298
0.034,7297
0.034,7296
0.034,7295
0.034,7294
0.034,7293
0.034,7292
0.034,7291
0.034,7290
0.034,7289
0.034,7288
0.034,7287
0.034,7286
0.034,7285
0.034,7284
0.034,7283
0.034,7282
0.034,7281
0.034,7280
0.034,7279
0.035,7278
0.035,7277
0.035,7276
0.035,7275
0.035,7274
0.035,7273
0.035,7272
0.035,7271
0.035,7270
0.035,7269
0.035,7268
0.035,7267
0.035,7266
0.035,7265
0.035,7264
0.035,7263
0.035,7262
0.035,7261
0.035,7260
0.035,7259
0.035,7258
0.035,7257
0.036,7256
0.036,7255
0.036,7254
0.036,7253
0.036,7252
0.036,7251
0.036,7250
0.036,7249
0.036,7248
0.036,7247
0.036,7246
0.036,7245
0.036,7244
0.036,7243
0.036,7242
0.036,7241
0.036,7240
0.037,7239
0.037,7238
0.037,7237
0.037,7236
0.037,7235
0.037,7234
0.037,7233
0.037,7232
0.037,7231
0.037,7230
0.037,7229
0.037,7228
0.037,7227
0.037,7226
0.037,7225
0.037,7224
0.037,7223
0.037,7222
0.04,7221
0.041,7220
0.041,7219
0.041,7218
0.041,7217
0.041,7216
0.041,7215
0.041,7214
0.041,7213
0.041,7212
0.041,7211
0.041,7210
0.041,7209
0.041,7208
0.041,7207
0.041,7206
0.041,7205
0.041,7204
0.042,7203
0.042,7202
0.042,7201
0.042,7200
0.042,7199
0.042,7198
0.042,7197
0.042,7196
0.042,7195
0.042,7194
0.042,7193
0.042,7192
0.042,7191
0.042,7190
0.042,7189
0.042,7188
0.042,7187
0.042,7186
0.042,7185
0.042,7184
0.043,7183
0.043,7182
0.043,7181
0.043,7180
0.043,7179
0.043,7178
0.043,7177
0.043,7176
0.043,7175
0.043,7174
0.043,7173
0.043,7172
0.043,7171
0.043,7170
0.043,7169
0.043,7168
0.043,7167
0.043,7166
0.043,7165
0.044,7164
0.044,7163
0.044,7162
0.044,7161
0.044,7160
0.044,7159
0.044,7158
0.044,7157
0.044,7156
0.044,7155
0.044,7154
0.044,7153
0.044,7152
0.044,7151
0.044,7150
0.044,7149
0.044,7148
0.044,7147
0.044,7146
0.044,7145
0.044,7144
0.044,7143
0.045,7142
0.045,7141
0.045,7140
0.045,7139
0.045,7138
0.045,7137
0.045,7136
0.045,7135
0.045,7134
0.045,7133
0.045,7132
0.045,7131
0.045,7130
0.045,7129
0.045,7128
0.045,7127
0.045,7126
0.045,7125
0.046,7124
0.046,7123
0.046,7122
0.046,7121
0.046,7120
0.046,7119
0.046,7118
0.046,7117
0.046,7116
0.046,7115
0.046,7114
0.046,7113
0.046,7112
0.046,7111
0.046,7110
0.046,7109
0.046,7108
0.046,7107
0.047,7106
0.047,7105
0.047,7104
0.047,7103
0.047,7102
0.047,7101
0.047,7100
0.047,7099
0.047,7098
0.047,7097
0.047,7096
0.047,7095
0.047,7094
0.047,7093
0.047,7092
0.047,7091
0.047,7090
0.048,7089
0.048,7088
0.048,7087
0.048,7086
0.048,7085
0.048,7084
0.048,7083
0.048,7082
0.048,7081
0.048,7080
0.048,7079
0.048,7078
0.048,7077
0.048,7076
0.048,7075
0.048,7074
0.048,7073
0.048,7072
0.048,7071
0.048,7070
0.048,7069
0.049,7068
0.049,7067
0.049,7066
0.049,7065
0.049,7064
0.049,7063
0.049,7062
0.049,7061
0.049,7060
0.049,7059
0.049,7058
0.049,7057
0.049,7056
0.049,7055
0.049,7054
0.049,7053
0.049,7052
0.049,7051
0.049,7050
0.049,7049
0.05,7048
0.05,7047
0.05,7046
0.05,7045
0.05,7044
0.05,7043
0.05,7042
0.05,7041
0.05,7040
0.05,7039
0.05,7038
0.05,7037
0.05,7036
0.05,7035
0.05,7034
0.05,7033
0.05,7032
0.05,7031
0.05,7030
0.051,7029
0.051,7028
0.051,7027
0.051,7026
0.051,7025
0.051,7024
0.051,7023
0.051,7022
0.051,7021
0.051,7020
0.051,7019
0.051,7018
0.051,7017
0.051,7016
0.051,7015
0.051,7014
0.051,7013
0.051,7012
0.051,7011
0.051,7010
0.051,7009
0.052,7008
0.052,7007
0.052,7006
0.052,7005
0.052,7004
0.052,7003
0.052,7002
0.052,7001
0.052,7000
0.052,6999
0.052,6998
0.052,6997
0.052,6996
0.052,6995
0.052,6994
0.052,6993
0.052,6992
0.052,6991
0.052,6990
0.052,6989
0.052,6988
0.052,6987
0.053,6986
0.053,6985
0.053,6984
0.053,6983
0.053,6982
0.053,6981
0.053,6980
0.053,6979
0.053,6978
0.053,6977
0.053,6976
0.053,6975
0.053,6974
0.053,6973
0.053,6972
0.053,6971
0.053,6970
0.053,6969
0.053,6968
0.053,6967
0.053,6966
0.053,6965
0.053,6964
0.053,6963
0.053,6962
0.053,6961
0.054,6960
0.054,6959
0.054,6958
0.054,6957
0.054,6956
0.054,6955
0.054,6954
0.054,6953
0.054,6952
0.054,6951
0.054,6950
0.054,6949
0.054,6948
0.054,6947
0.054,6946
0.054,6945
0.054,6944
0.054,6943
0.054,6942
0.054,6941
0.055,6940
0.055,6939
0.055,6938
0.055,6937
0.055,6936
0.055,6935
0.055,6934
0.055,6933
0.055,6932
0.055,6931
0.055,6930
0.055,6929
0.055,6928
0.055,6927
0.055,6926
0.055,6925
0.056,6924
0.056,6923
0.056,6922
0.056,6921
0.056,6920
0.056,6919
0.056,6918
0.056,6917
0.056,6916
0.056,6915
0.056,6914
0.056,6913
0.056,6912
0.056,6911
0.056,6910
0.056,6909
0.056,6908
0.056,6907
0.056,6906
0.057,6905
0.057,6904
0.057,6903
0.057,6902
0.057,6901
0.057,6900
0.057,6899
0.057,6898
0.057,6897
0.057,6896
0.057,6895
0.057,6894
0.057,6893
0.057,6892
0.057,6891
0.057,6890
0.057,6889
0.057,6888
0.057,6887
0.057,6886
0.058,6885
0.058,6884
0.058,6883
0.058,6882
0.058,6881
0.058,6880
0.058,6879
0.058,6878
0.058,6877
0.058,6876
0.058,6875
0.058,6874
0.058,6873
0.058,6872
0.058,6871
0.058,6870
0.058,6869
0.058,6868
0.058,6867
0.058,6866
0.058,6865
0.058,6864
0.058,6863
0.059,6862
0.059,6861
0.059,6860
0.059,6859
0.059,6858
0.059,6857
0.059,6856
0.059,6855
0.059,6854
0.059,6853
0.059,6852
0.059,6851
0.059,6850
0.059,6849
0.059,6848
0.059,6847
0.06,6846
0.06,6845
0.06,6844
0.06,6843
0.06,6842
0.06,6841
0.06,6840
0.06,6839
0.06,6838
0.06,6837
0.06,6836
0.06,6835
0.06,6834
0.06,6833
0.06,6832
0.06,6831
0.06,6830
0.06,6829
0.06,6828
0.06,6827
0.06,6826
0.061,6825
0.061,6824
0.061,6823
0.061,6822
0.061,6821
0.061,6820
0.061,6819
0.061,6818
0.061,6817
0.061,6816
0.061,6815
0.061,6814
0.061,6813
0.061,6812
0.061,6811
0.061,6810
0.061,6809
0.062,6808
0.062,6807
0.062,6806
0.062,6805
0.062,6804
0.062,6803
0.062,6802
0.062,6801
0.062,6800
0.062,6799
0.062,6798
0.062,6797
0.062,6796
0.062,6795
0.062,6794
0.062,6793
0.062,6792
0.062,6791
0.062,6790
0.063,6789
0.063,6788
0.063,6787
0.063,6786
0.063,6785
0.063,6784
0.063,6783
0.063,6782
0.063,6781
0.063,6780
0.063,6779
0.063,6778
0.063,6777
0.063,6776
0.063,6775
0.063,6774
0.063,6773
0.063,6772
0.064,6771
0.064,6770
0.064,6769
0.064,6768
0.064,6767
0.064,6766
0.064,6765
0.064,6764
0.064,6763
0.064,6762
0.064,6761
0.064,6760
0.064,6759
0.064,6758
0.064,6757
0.064,6756
0.064,6755
0.064,6754
0.064,6753
0.065,6752
0.065,6751
0.065,6750
0.065,6749
0.065,6748
0.065,6747
0.065,6746
0.065,6745
0.065,6744
0.065,6743
0.065,6742
0.065,6741
0.065,6740
0.065,6739
0.065,6738
0.065,6737
0.065,6736
0.065,6735
0.065,6734
0.065,6733
0.066,6732
0.066,6731
0.066,6730
0.066,6729
0.066,6728
0.066,6727
0.066,6726
0.066,6725
0.066,6724
0.066,6723
0.066,6722
0.066,6721
0.066,6720
0.066,6719
0.066,6718
0.066,6717
0.066,6716
0.066,6715
0.066,6714
0.066,6713
0.066,6712
0.066,6711
0.067,6710
0.067,6709
0.067,6708
0.067,6707
0.067,6706
0.067,6705
0.067,6704
0.067,6703
0.067,6702
0.067,6701
0.067,6700
0.067,6699
0.067,6698
0.067,6697
0.067,6696
0.067,6695
0.067,6694
0.068,6693
0.068,6692
0.068,6691
0.068,6690
0.068,6689
0.068,6688
0.068,6687
0.068,6686
0.068,6685
0.068,6684
0.068,6683
0.068,6682
0.068,6681
0.068,6680
0.068,6679
0.068,6678
0.068,6677
0.068,6676
0.068,6675
0.068,6674
0.068,6673
0.068,6672
0.068,6671
0.068,6670
0.069,6669
0.069,6668
0.069,6667
0.069,6666
0.069,6665
0.069,6664
0.069,6663
0.069,6662
0.069,6661
0.069,6660
0.069,6659
0.069,6658
0.069,6657
0.069,6656
0.069,6655
0.069,6654
0.069,6653
0.069,6652
0.069,6651
0.069,6650
0.069,6649
0.069,6648
0.069,6647
0.069,6646
0.069,6645
0.069,6644
0.07,6643
0.07,6642
0.07,6641
0.07,6640
0.07,6639
0.07,6638
0.07,6637
0.07,6636
0.07,6635
0.07,6634
0.07,6633
0.07,6632
0.07,6631
0.07,6630
0.07,6629
0.07,6628
0.07,6627
0.07,6626
0.07,6625
0.071,6624
0.071,6623
0.071,6622
0.071,6621
0.071,6620
0.071,6619
0.071,6618
0.071,6617
0.071,6616
0.071,6615
0.071,6614
0.071,6613
0.071,6612
0.071,6611
0.071,6610
0.071,6609
0.071,6608
0.072,6607
0.072,6606
0.072,6605
0.072,6604
0.072,6603
0.072,6602
0.072,6601
0.072,6600
0.072,6599
0.072,6598
0.073,6597
0.073,6596
0.073,6595
0.073,6594
0.073,6593
0.073,6592
0.073,6591
0.073,6590
0.073,6589
0.073,6588
0.074,6587
0.074,6586
0.074,6585
0.074,6584
0.074,6583
0.074,6582
0.074,6581
0.074,6580
0.075,6579
0.075,6578
0.075,6577
0.075,6576
0.075,6575
0.075,6574
0.075,6573
0.075,6572
0.076,6571
0.076,6570
0.076,6569
0.076,6568
0.076,6567
0.076,6566
0.076,6565
0.076,6564
0.076,6563
0.076,6562
0.076,6561
0.077,6560
0.077,6559
0.077,6558
0.077,6557
0.077,6556
0.077,6555
0.077,6554
0.077,6553
0.077,6552
0.077,6551
0.078,6550
0.078,6549
0.078,6548
0.078,6547
0.078,6546
0.078,6545
0.078,6544
0.078,6543
0.078,6542
0.078,6541
0.078,6540
0.078,6539
0.078,6538
0.078,6537
0.078,6536
0.079,6535
0.079,6534
0.079,6533
0.079,6532
0.079,6531
0.079,6530
0.079,6529
0.079,6528
0.079,6527
0.079,6526
0.079,6525
0.079,6524
0.08,6523
0.08,6522
0.08,6521
0.08,6520
0.08,6519
0.08,6518
0.08,6517
0.08,6516
0.08,6515
0.08,6514
0.08,6513
0.081,6512
0.081,6511
0.081,6510
0.081,6509
0.081,6508
0.081,6507
0.081,6506
0.081,6505
0.081,6504
0.081,6503
0.081,6502
0.081,6501
0.081,6500
0.081,6499
0.082,6498
0.082,6497
0.082,6496
0.082,6495
0.082,6494
0.082,6493
0.082,6492
0.082,6491
0.082,6490
0.082,6489
0.082,6488
0.082,6487
0.082,6486
0.082,6485
0.082,6484
0.083,6483
0.083,6482
0.083,6481
0.083,6480
0.083,6479
0.083,6478
0.083,6477
0.083,6476
0.083,6475
0.083,6474
0.083,6473
0.083,6472
0.083,6471
0.084,6470
0.084,6469
0.084,6468
0.084,6467
0.084,6466
0.084,6465
0.084,6464
0.084,6463
0.084,6462
0.084,6461
0.084,6460
0.084,6459
0.084,6458
0.084,6457
0.084,6456
0.084,6455
0.085,6454
0.085,6453
0.085,6452
0.085,6451
0.085,6450
0.085,6449
0.085,6448
0.085,6447
0.085,6446
0.085,6445
0.085,6444
0.085,6443
0.085,6442
0.085,6441
0.085,6440
0.085,6439
0.085,6438
0.085,6437
0.085,6436
0.085,6435
0.085,6434
0.086,6433
0.086,6432
0.086,6431
0.086,6430
0.086,6429
0.086,6428
0.086,6427
0.086,6426
0.086,6425
0.086,6424
0.086,6423
0.086,6422
0.086,6421
0.086,6420
0.086,6419
0.086,6418
0.086,6417
0.086,6416
0.086,6415
0.086,6414
0.086,6413
0.086,6412
0.087,6411
0.087,6410
0.087,6409
0.087,6408
0.087,6407
0.087,6406
0.087,6405
0.087,6404
0.087,6403
0.087,6402
0.087,6401
0.087,6400
0.087,6399
0.087,6398
0.087,6397
0.087,6396
0.087,6395
0.087,6394
0.087,6393
0.087,6392
0.087,6391
0.088,6390
0.088,6389
0.088,6388
0.088,6387
0.088,6386
0.088,6385
0.088,6384
0.088,6383
0.088,6382
0.088,6381
0.088,6380
0.088,6379
0.088,6378
0.088,6377
0.088,6376
0.088,6375
0.088,6374
0.088,6373
0.088,6372
0.088,6371
0.089,6370
0.089,6369
0.089,6368
0.089,6367
0.089,6366
0.089,6365
0.089,6364
0.089,6363
0.089,6362
0.089,6361
0.089,6360
0.089,6359
0.089,6358
0.089,6357
0.089,6356
0.089,6355
0.089,6354
0.089,6353
0.089,6352
0.09,6351
0.09,6350
0.09,6349
0.09,6348
0.09,6347
0.09,6346
0.09,6345
0.09,6344
0.09,6343
0.09,6342
0.09,6341
0.09,6340
0.091,6339
0.091,6338
0.091,6337
0.091,6336
0.091,6335
0.091,6334
0.091,6333
0.091,6332
0.091,6331
0.091,6330
0.091,6329
0.091,6328
0.091,6327
0.091,6326
0.091,6325
0.091,6324
0.091,6323
0.092,6322
0.092,6321
0.092,6320
0.092,6319
0.092,6318
0.092,6317
0.092,6316
0.092,6315
0.092,6314
0.092,6313
0.092,6312
0.092,6311
0.092,6310
0.092,6309
0.092,6308
0.092,6307
0.092,6306
0.092,6305
0.092,6304
0.093,6303
0.093,6302
0.093,6301
0.093,6300
0.093,6299
0.093,6298
0.093,6297
0.093,6296
0.093,6295
0.093,6294
0.093,6293
0.093,6292
0.093,6291
0.093,6290
0.094,6289
0.094,6288
0.094,6287
0.094,6286
0.094,6285
0.094,6284
0.094,6283
0.094,6282
0.094,6281
0.094,6280
0.094,6279
0.094,6278
0.094,6277
0.094,6276
0.094,6275
0.094,6274
0.094,6273
0.094,6272
0.094,6271
0.095,6270
0.095,6269
0.095,6268
0.095,6267
0.095,6266
0.095,6265
0.095,6264
0.095,6263
0.095,6262
0.095,6261
0.095,6260
0.095,6259
0.098,6258
0.098,6257
0.098,6256
0.098,6255
0.098,6254
0.098,6253
0.098,6252
0.098,6251
0.098,6250
0.099,6249
0.099,6248
0.099,6247
0.099,6246
0.099,6245
0.099,6244
0.099,6243
0.099,6242
0.099,6241
0.099,6240
0.099,6239
0.099,6238
0.099,6237
0.099,6236
0.099,6235
0.099,6234
0.099,6233
0.099,6232
0.099,6231
0.099,6230
0.099,6229
0.099,6228
0.099,6227
0.099,6226
0.099,6225
0.099,6224
0.099,6223
0.099,6222
0.099,6221
0.1,6220
0.1,6219
0.1,6218
0.1,6217
0.1,6216
0.1,6215
0.1,6214
0.1,6213
0.1,6212
0.1,6211
0.1,6210
0.1,6209
0.1,6208
0.1,6207
0.1,6206
0.1,6205
0.101,6204
0.101,6203
0.101,6202
0.101,6201
0.101,6200
0.101,6199
0.101,6198
0.101,6197
0.101,6196
0.101,6195
0.101,6194
0.101,6193
0.101,6192
0.101,6191
0.101,6190
0.101,6189
0.101,6188
0.101,6187
0.101,6186
0.101,6185
0.101,6184
0.101,6183
0.101,6182
0.101,6181
0.101,6180
0.102,6179
0.102,6178
0.102,6177
0.102,6176
0.102,6175
0.102,6174
0.102,6173
0.102,6172
0.102,6171
0.102,6170
0.102,6169
0.102,6168
0.102,6167
0.102,6166
0.102,6165
0.102,6164
0.102,6163
0.102,6162
0.102,6161
0.102,6160
0.102,6159
0.103,6158
0.103,6157
0.103,6156
0.103,6155
0.103,6154
0.103,6153
0.103,6152
0.103,6151
0.103,6150
0.103,6149
0.103,6148
0.103,6147
0.103,6146
0.103,6145
0.103,6144
0.103,6143
0.103,6142
0.103,6141
0.103,6140
0.103,6139
0.103,6138
0.103,6137
0.103,6136
0.103,6135
0.103,6134
0.103,6133
0.104,6132
0.104,6131
0.104,6130
0.104,6129
0.104,6128
0.104,6127
0.104,6126
0.104,6125
0.104,6124
0.104,6123
0.104,6122
0.104,6121
0.104,6120
0.104,6119
0.104,6118
0.104,6117
0.104,6116
0.104,6115
0.104,6114
0.104,6113
0.104,6112
0.104,6111
0.104,6110
0.105,6109
0.105,6108
0.105,6107
0.105,6106
0.105,6105
0.105,6104
0.105,6103
0.105,6102
0.105,6101
0.105,6100
0.105,6099
0.105,6098
0.105,6097
0.105,6096
0.105,6095
0.105,6094
0.105,6093
0.105,6092
0.105,6091
0.105,6090
0.105,6089
0.105,6088
0.105,6087
0.105,6086
0.106,6085
0.106,6084
0.106,6083
0.106,6082
0.106,6081
0.106,6080
0.106,6079
0.106,6078
0.106,6077
0.106,6076
0.106,6075
0.106,6074
0.106,6073
0.106,6072
0.106,6071
0.106,6070
0.106,6069
0.106,6068
0.106,6067
0.106,6066
0.106,6065
0.106,6064
0.106,6063
0.106,6062
0.106,6061
0.106,6060
0.107,6059
0.107,6058
0.107,6057
0.107,6056
0.107,6055
0.107,6054
0.107,6053
0.107,6052
0.107,6051
0.107,6050
0.107,6049
0.107,6048
0.107,6047
0.107,6046
0.107,6045
0.107,6044
0.107,6043
0.107,6042
0.107,6041
0.107,6040
0.107,6039
0.107,6038
0.107,6037
0.107,6036
0.108,6035
0.108,6034
0.108,6033
0.108,6032
0.108,6031
0.108,6030
0.108,6029
0.108,6028
0.108,6027
0.108,6026
0.108,6025
0.108,6024
0.108,6023
0.108,6022
0.108,6021
0.108,6020
0.108,6019
0.108,6018
0.108,6017
0.108,6016
0.109,6015
0.109,6014
0.109,6013
0.109,6012
0.109,6011
0.109,6010
0.109,6009
0.109,6008
0.109,6007
0.109,6006
0.109,6005
0.109,6004
0.109,6003
0.109,6002
0.109,6001
0.109,6000
0.109,5999
0.109,5998
0.109,5997
0.109,5996
0.109,5995
0.109,5994
0.109,5993
0.109,5992
0.109,5991
0.109,5990
0.109,5989
0.109,5988
0.11,5987
0.11,5986
0.11,5985
0.11,5984
0.11,5983
0.11,5982
0.11,5981
0.11,5980
0.11,5979
0.11,5978
0.11,5977
0.11,5976
0.11,5975
0.11,5974
0.11,5973
0.11,5972
0.11,5971
0.11,5970
0.11,5969
0.11,5968
0.11,5967
0.11,5966
0.111,5965
0.111,5964
0.111,5963
0.111,5962
0.111,5961
0.111,5960
0.111,5959
0.111,5958
0.111,5957
0.111,5956
0.111,5955
0.111,5954
0.111,5953
0.111,5952
0.111,5951
0.111,5950
0.111,5949
0.111,5948
0.111,5947
0.111,5946
0.111,5945
0.111,5944
0.111,5943
0.111,5942
0.111,5941
0.111,5940
0.111,5939
0.112,5938
0.112,5937
0.112,5936
0.112,5935
0.112,5934
0.112,5933
0.112,5932
0.112,5931
0.112,5930
0.112,5929
0.112,5928
0.112,5927
0.112,5926
0.112,5925
0.112,5924
0.112,5923
0.112,5922
0.112,5921
0.112,5920
0.112,5919
0.112,5918
0.112,5917
0.112,5916
0.112,5915
0.112,5914
0.112,5913
0.112,5912
0.113,5911
0.113,5910
0.113,5909
0.113,5908
0.113,5907
0.113,5906
0.113,5905
0.113,5904
0.113,5903
0.113,5902
0.113,5901
0.113,5900
0.113,5899
0.113,5898
0.113,5897
0.113,5896
0.113,5895
0.113,5894
0.113,5893
0.113,5892
0.113,5891
0.113,5890
0.113,5889
0.113,5888
0.113,5887
0.114,5886
0.114,5885
0.114,5884
0.114,5883
0.114,5882
0.114,5881
0.114,5880
0.114,5879
0.114,5878
0.114,5877
0.114,5876
0.114,5875
0.114,5874
0.114,5873
0.114,5872
0.114,5871
0.114,5870
0.114,5869
0.114,5868
0.114,5867
0.115,5866
0.115,5865
0.115,5864
0.115,5863
0.115,5862
0.115,5861
0.115,5860
0.115,5859
0.115,5858
0.115,5857
0.115,5856
0.115,5855
0.116,5854
0.116,5853
0.116,5852
0.116,5851
0.116,5850
0.116,5849
0.116,5848
0.116,5847
0.116,5846
0.116,5845
0.116,5844
0.116,5843
0.116,5842
0.117,5841
0.117,5840
0.117,5839
0.117,5838
0.117,5837
0.117,5836
0.117,5835
0.117,5834
0.117,5833
0.117,5832
0.117,5831
0.117,5830
0.117,5829
0.117,5828
0.117,5827
0.117,5826
0.117,5825
0.117,5824
0.118,5823
0.118,5822
0.118,5821
0.118,5820
0.118,5819
0.118,5818
0.118,5817
0.118,5816
0.118,5815
0.118,5814
0.118,5813
0.118,5812
0.118,5811
0.118,5810
0.118,5809
0.118,5808
0.118,5807
0.118,5806
0.119,5805
0.119,5804
0.119,5803
0.119,5802
0.119,5801
0.119,5800
0.119,5799
0.119,5798
0.119,5797
0.119,5796
0.119,5795
0.119,5794
0.119,5793
0.119,5792
0.119,5791
0.119,5790
0.119,5789
0.119,5788
0.12,5787
0.12,5786
0.12,5785
0.12,5784
0.12,5783
0.12,5782
0.12,5781
0.12,5780
0.12,5779
0.12,5778
0.12,5777
0.12,5776
0.12,5775
0.12,5774
0.12,5773
0.12,5772
0.12,5771
0.12,5770
0.121,5769
0.121,5768
0.121,5767
0.121,5766
0.121,5765
0.121,5764
0.121,5763
0.121,5762
0.121,5761
0.121,5760
0.121,5759
0.121,5758
0.121,5757
0.121,5756
0.121,5755
0.121,5754
0.121,5753
0.122,5752
0.122,5751
0.122,5750
0.122,5749
0.122,5748
0.122,5747
0.122,5746
0.122,5745
0.122,5744
0.122,5743
0.122,5742
0.122,5741
0.122,5740
0.122,5739
0.122,5738
0.122,5737
0.122,5736
0.122,5735
0.122,5734
0.122,5733
0.122,5732
0.122,5731
0.122,5730
0.122,5729
0.122,5728
0.122,5727
0.122,5726
0.122,5725
0.123,5724
0.123,5723
0.123,5722
0.123,5721
0.123,5720
0.123,5719
0.123,5718
0.123,5717
0.123,5716
0.123,5715
0.123,5714
0.123,5713
0.123,5712
0.123,5711
0.123,5710
0.123,5709
0.123,5708
0.123,5707
0.123,5706
0.123,5705
0.123,5704
0.123,5703
0.123,5702
0.123,5701
0.124,5700
0.124,5699
0.124,5698
0.124,5697
0.124,5696
0.124,5695
0.124,5694
0.124,5693
0.124,5692
0.124,5691
0.124,5690
0.124,5689
0.124,5688
0.124,5687
0.124,5686
0.124,5685
0.124,5684
0.124,5683
0.124,5682
0.124,5681
0.124,5680
0.125,5679
0.125,5678
0.125,5677
0.125,5676
0.125,5675
0.125,5674
0.125,5673
0.125,5672
0.125,5671
0.125,5670
0.125,5669
0.125,5668
0.125,5667
0.125,5666
0.125,5665
0.125,5664
0.125,5663
0.125,5662
0.125,5661
0.125,5660
0.125,5659
0.125,5658
0.125,5657
0.125,5656
0.126,5655
0.126,5654
0.126,5653
0.126,5652
0.126,5651
0.126,5650
0.126,5649
0.126,5648
0.126,5647
0.126,5646
0.126,5645
0.126,5644
0.126,5643
0.126,5642
0.126,5641
0.126,5640
0.126,5639
0.126,5638
0.126,5637
0.126,5636
0.126,5635
0.127,5634
0.127,5633
0.127,5632
0.127,5631
0.127,5630
0.127,5629
0.127,5628
0.127,5627
0.127,5626
0.127,5625
0.127,5624
0.127,5623
0.127,5622
0.127,5621
0.127,5620
0.127,5619
0.127,5618
0.127,5617
0.127,5616
0.127,5615
0.127,5614
0.127,5613
0.128,5612
0.128,5611
0.128,5610
0.128,5609
0.128,5608
0.128,5607
0.128,5606
0.128,5605
0.128,5604
0.128,5603
0.128,5602
0.128,5601
0.128,5600
0.128,5599
0.128,5598
0.128,5597
0.128,5596
0.128,5595
0.128,5594
0.128,5593
0.128,5592
0.128,5591
0.128,5590
0.128,5589
0.128,5588
0.128,5587
0.129,5586
0.129,5585
0.129,5584
0.129,5583
0.129,5582
0.129,5581
0.129,5580
0.129,5579
0.129,5578
0.129,5577
0.129,5576
0.129,5575
0.129,5574
0.129,5573
0.129,5572
0.129,5571
0.129,5570
0.129,5569
0.129,5568
0.129,5567
0.129,5566
0.13,5565
0.13,5564
0.13,5563
0.13,5562
0.13,5561
0.13,5560
0.13,5559
0.13,5558
0.13,5557
0.13,5556
0.13,5555
0.13,5554
0.13,5553
0.13,5552
0.13,5551
0.13,5550
0.13,5549
0.131,5548
0.131,5547
0.131,5546
0.131,5545
0.131,5544
0.131,5543
0.131,5542
0.131,5541
0.131,5540
0.131,5539
0.131,5538
0.131,5537
0.131,5536
0.131,5535
0.131,5534
0.131,5533
0.131,5532
0.131,5531
0.131,5530
0.131,5529
0.132,5528
0.132,5527
0.132,5526
0.132,5525
0.132,5524
0.132,5523
0.132,5522
0.132,5521
0.132,5520
0.132,5519
0.132,5518
0.132,5517
0.132,5516
0.132,5515
0.132,5514
0.132,5513
0.132,5512
0.133,5511
0.133,5510
0.133,5509
0.133,5508
0.133,5507
0.133,5506
0.133,5505
0.133,5504
0.133,5503
0.133,5502
0.133,5501
0.133,5500
0.133,5499
0.133,5498
0.133,5497
0.133,5496
0.133,5495
0.133,5494
0.133,5493
0.134,5492
0.134,5491
0.134,5490
0.134,5489
0.134,5488
0.134,5487
0.134,5486
0.134,5485
0.134,5484
0.134,5483
0.134,5482
0.134,5481
0.134,5480
0.134,5479
0.134,5478
0.134,5477
0.134,5476
0.134,5475
0.134,5474
0.134,5473
0.134,5472
0.134,5471
0.135,5470
0.135,5469
0.135,5468
0.135,5467
0.135,5466
0.135,5465
0.135,5464
0.135,5463
0.135,5462
0.135,5461
0.135,5460
0.135,5459
0.135,5458
0.135,5457
0.135,5456
0.135,5455
0.135,5454
0.135,5453
0.135,5452
0.136,5451
0.136,5450
0.136,5449
0.136,5448
0.136,5447
0.136,5446
0.136,5445
0.136,5444
0.136,5443
0.136,5442
0.136,5441
0.136,5440
0.136,5439
0.136,5438
0.136,5437
0.136,5436
0.136,5435
0.136,5434
0.137,5433
0.137,5432
0.137,5431
0.137,5430
0.137,5429
0.137,5428
0.137,5427
0.137,5426
0.137,5425
0.137,5424
0.137,5423
0.137,5422
0.137,5421
0.137,5420
0.137,5419
0.137,5418
0.137,5417
0.137,5416
0.137,5415
0.137,5414
0.137,5413
0.137,5412
0.137,5411
0.137,5410
0.137,5409
0.138,5408
0.138,5407
0.138,5406
0.138,5405
0.138,5404
0.138,5403
0.138,5402
0.138,5401
0.138,5400
0.138,5399
0.138,5398
0.138,5397
0.138,5396
0.138,5395
0.138,5394
0.138,5393
0.138,5392
0.138,5391
0.138,5390
0.138,5389
0.139,5388
0.139,5387
0.139,5386
0.139,5385
0.139,5384
0.139,5383
0.139,5382
0.139,5381
0.139,5380
0.139,5379
0.139,5378
0.139,5377
0.139,5376
0.14,5375
0.14,5374
0.14,5373
0.14,5372
0.14,5371
0.14,5370
0.14,5369
0.14,5368
0.14,5367
0.14,5366
0.14,5365
0.14,5364
0.14,5363
0.141,5362
0.141,5361
0.141,5360
0.141,5359
0.141,5358
0.141,5357
0.141,5356
0.141,5355
0.141,5354
0.141,5353
0.141,5352
0.141,5351
0.141,5350
0.141,5349
0.141,5348
0.141,5347
0.141,5346
0.141,5345
0.141,5344
0.141,5343
0.141,5342
0.142,5341
0.142,5340
0.142,5339
0.142,5338
0.142,5337
0.142,5336
0.142,5335
0.142,5334
0.142,5333
0.142,5332
0.142,5331
0.142,5330
0.143,5329
0.143,5328
0.143,5327
0.143,5326
0.143,5325
0.143,5324
0.143,5323
0.143,5322
0.143,5321
0.143,5320
0.143,5319
0.143,5318
0.143,5317
0.143,5316
0.143,5315
0.143,5314
0.143,5313
0.143,5312
0.143,5311
0.144,5310
0.144,5309
0.144,5308
0.144,5307
0.144,5306
0.144,5305
0.144,5304
0.144,5303
0.144,5302
0.144,5301
0.147,5300
0.147,5299
0.147,5298
0.147,5297
0.147,5296
0.147,5295
0.147,5294
0.147,5293
0.147,5292
0.147,5291
0.147,5290
0.148,5289
0.148,5288
0.148,5287
0.148,5286
0.148,5285
0.148,5284
0.148,5283
0.148,5282
0.148,5281
0.148,5280
0.148,5279
0.148,5278
0.148,5277
0.148,5276
0.149,5275
0.149,5274
0.149,5273
0.149,5272
0.149,5271
0.149,5270
0.149,5269
0.149,5268
0.149,5267
0.149,5266
0.149,5265
0.149,5264
0.149,5263
0.149,5262
0.149,5261
0.149,5260
0.149,5259
0.149,5258
0.149,5257
0.149,5256
0.149,5255
0.15,5254
0.15,5253
0.15,5252
0.15,5251
0.15,5250
0.15,5249
0.15,5248
0.15,5247
0.15,5246
0.15,5245
0.15,5244
0.15,5243
0.15,5242
0.15,5241
0.15,5240
0.15,5239
0.15,5238
0.151,5237
0.151,5236
0.151,5235
0.151,5234
0.151,5233
0.151,5232
0.151,5231
0.151,5230
0.151,5229
0.151,5228
0.151,5227
0.151,5226
0.151,5225
0.152,5224
0.152,5223
0.152,5222
0.152,5221
0.152,5220
0.152,5219
0.152,5218
0.152,5217
0.152,5216
0.152,5215
0.152,5214
0.152,5213
0.153,5212
0.153,5211
0.153,5210
0.153,5209
0.153,5208
0.153,5207
0.153,5206
0.153,5205
0.153,5204
0.153,5203
0.153,5202
0.154,5201
0.154,5200
0.154,5199
0.154,5198
0.154,5197
0.154,5196
0.154,5195
0.154,5194
0.154,5193
0.155,5192
0.155,5191
0.155,5190
0.155,5189
0.155,5188
0.155,5187
0.155,5186
0.155,5185
0.155,5184
0.155,5183
0.155,5182
0.155,5181
0.155,5180
0.155,5179
0.156,5178
0.156,5177
0.156,5176
0.156,5175
0.156,5174
0.156,5173
0.156,5172
0.156,5171
0.156,5170
0.157,5169
0.157,5168
0.157,5167
0.157,5166
0.157,5165
0.157,5164
0.157,5163
0.157,5162
0.157,5161
0.157,5160
0.157,5159
0.157,5158
0.158,5157
0.158,5156
0.158,5155
0.158,5154
0.158,5153
0.158,5152
0.158,5151
0.158,5150
0.158,5149
0.158,5148
0.158,5147
0.158,5146
0.158,5145
0.159,5144
0.159,5143
0.159,5142
0.159,5141
0.159,5140
0.159,5139
0.159,5138
0.159,5137
0.159,5136
0.159,5135
0.159,5134
0.159,5133
0.16,5132
0.16,5131
0.16,5130
0.16,5129
0.16,5128
0.16,5127
0.16,5126
0.16,5125
0.16,5124
0.16,5123
0.16,5122
0.16,5121
0.16,5120
0.16,5119
0.161,5118
0.161,5117
0.161,5116
0.161,5115
0.161,5114
0.161,5113
0.161,5112
0.161,5111
0.161,5110
0.161,5109
0.161,5108
0.161,5107
0.161,5106
0.161,5105
0.161,5104
0.161,5103
0.161,5102
0.161,5101
0.161,5100
0.161,5099
0.162,5098
0.162,5097
0.162,5096
0.162,5095
0.162,5094
0.162,5093
0.162,5092
0.162,5091
0.162,5090
0.162,5089
0.162,5088
0.162,5087
0.162,5086
0.163,5085
0.163,5084
0.163,5083
0.163,5082
0.163,5081
0.163,5080
0.163,5079
0.163,5078
0.163,5077
0.163,5076
0.163,5075
0.163,5074
0.163,5073
0.163,5072
0.163,5071
0.163,5070
0.163,5069
0.164,5068
0.164,5067
0.164,5066
0.164,5065
0.164,5064
0.164,5063
0.164,5062
0.164,5061
0.164,5060
0.164,5059
0.164,5058
0.164,5057
0.165,5056
0.165,5055
0.165,5054
0.165,5053
0.165,5052
0.166,5051
0.166,5050
0.166,5049
0.166,5048
0.166,5047
0.166,5046
0.166,5045
0.166,5044
0.166,5043
0.166,5042
0.166,5041
0.166,5040
0.166,5039
0.167,5038
0.167,5037
0.167,5036
0.167,5035
0.167,5034
0.167,5033
0.167,5032
0.167,5031
0.167,5030
0.167,5029
0.167,5028
0.167,5027
0.168,5026
0.168,5025
0.168,5024
0.168,5023
0.168,5022
0.168,5021
0.168,5020
0.168,5019
0.168,5018
0.168,5017
0.168,5016
0.168,5015
0.168,5014
0.168,5013
0.168,5012
0.168,5011
0.169,5010
0.169,5009
0.169,5008
0.169,5007
0.169,5006
0.169,5005
0.169,5004
0.169,5003
0.169,5002
0.169,5001
0.169,5000
0.169,4999
0.169,4998
0.17,4997
0.17,4996
0.17,4995
0.17,4994
0.17,4993
0.17,4992
0.17,4991
0.17,4990
0.17,4989
0.17,4988
0.17,4987
0.17,4986
0.17,4985
0.17,4984
0.17,4983
0.17,4982
0.17,4981
0.17,4980
0.171,4979
0.171,4978
0.171,4977
0.171,4976
0.171,4975
0.171,4974
0.171,4973
0.171,4972
0.171,4971
0.171,4970
0.171,4969
0.171,4968
0.171,4967
0.171,4966
0.172,4965
0.172,4964
0.172,4963
0.172,4962
0.172,4961
0.172,4960
0.172,4959
0.172,4958
0.172,4957
0.173,4956
0.173,4955
0.173,4954
0.173,4953
0.173,4952
0.173,4951
0.173,4950
0.173,4949
0.173,4948
0.173,4947
0.173,4946
0.173,4945
0.173,4944
0.173,4943
0.174,4942
0.174,4941
0.174,4940
0.174,4939
0.174,4938
0.174,4937
0.174,4936
0.174,4935
0.174,4934
0.174,4933
0.174,4932
0.174,4931
0.175,4930
0.175,4929
0.175,4928
0.175,4927
0.175,4926
0.175,4925
0.175,4924
0.175,4923
0.175,4922
0.175,4921
0.176,4920
0.176,4919
0.176,4918
0.176,4917
0.176,4916
0.176,4915
0.176,4914
0.176,4913
0.177,4912
0.177,4911
0.177,4910
0.177,4909
0.177,4908
0.177,4907
0.177,4906
0.177,4905
0.177,4904
0.177,4903
0.178,4902
0.178,4901
0.178,4900
0.178,4899
0.178,4898
0.178,4897
0.178,4896
0.178,4895
0.178,4894
0.178,4893
0.178,4892
0.178,4891
0.179,4890
0.179,4889
0.179,4888
0.179,4887
0.179,4886
0.179,4885
0.179,4884
0.179,4883
0.179,4882
0.179,4881
0.179,4880
0.179,4879
0.179,4878
0.179,4877
0.179,4876
0.179,4875
0.18,4874
0.18,4873
0.18,4872
0.18,4871
0.18,4870
0.18,4869
0.18,4868
0.18,4867
0.18,4866
0.18,4865
0.181,4864
0.181,4863
0.181,4862
0.181,4861
0.181,4860
0.181,4859
0.181,4858
0.181,4857
0.181,4856
0.181,4855
0.181,4854
0.181,4853
0.181,4852
0.181,4851
0.182,4850
0.182,4849
0.182,4848
0.182,4847
0.182,4846
0.182,4845
0.183,4844
0.183,4843
0.183,4842
0.183,4841
0.183,4840
0.183,4839
0.183,4838
0.183,4837
0.183,4836
0.183,4835
0.183,4834
0.184,4833
0.184,4832
0.184,4831
0.184,4830
0.184,4829
0.184,4828
0.184,4827
0.184,4826
0.185,4825
0.185,4824
0.185,4823
0.185,4822
0.185,4821
0.185,4820
0.186,4819
0.186,4818
0.186,4817
0.186,4816
0.186,4815
0.186,4814
0.186,4813
0.186,4812
0.186,4811
0.186,4810
0.186,4809
0.187,4808
0.187,4807
0.187,4806
0.187,4805
0.187,4804
0.188,4803
0.188,4802
0.188,4801
0.188,4800
0.188,4799
0.189,4798
0.189,4797
0.189,4796
0.189,4795
0.189,4794
0.189,4793
0.189,4792
0.19,4791
0.19,4790
0.19,4789
0.19,4788
0.19,4787
0.191,4786
0.191,4785
0.191,4784
0.191,4783
0.191,4782
0.191,4781
0.191,4780
0.191,4779
0.194,4778
0.194,4777
0.194,4776
0.194,4775
0.195,4774
0.195,4773
0.195,4772
0.195,4771
0.195,4770
0.195,4769
0.195,4768
0.195,4767
0.195,4766
0.196,4765
0.196,4764
0.196,4763
0.196,4762
0.196,4761
0.196,4760
0.197,4759
0.197,4758
0.197,4757
0.198,4756
0.198,4755
0.198,4754
0.198,4753
0.198,4752
0.199,4751
0.199,4750
0.199,4749
0.199,4748
0.199,4747
0.2,4746
0.2,4745
0.2,4744
0.2,4743
0.2,4742
0.2,4741
0.2,4740
0.2,4739
0.2,4738
0.201,4737
0.201,4736
0.201,4735
0.201,4734
0.201,4733
0.201,4732
0.201,4731
0.201,4730
0.202,4729
0.202,4728
0.202,4727
0.202,4726
0.202,4725
0.202,4724
0.203,4723
0.203,4722
0.203,4721
0.203,4720
0.203,4719
0.203,4718
0.203,4717
0.203,4716
0.203,4715
0.204,4714
0.204,4713
0.204,4712
0.204,4711
0.204,4710
0.205,4709
0.205,4708
0.205,4707
0.206,4706
0.206,4705
0.206,4704
0.206,4703
0.206,4702
0.206,4701
0.206,4700
0.206,4699
0.206,4698
0.207,4697
0.207,4696
0.207,4695
0.207,4694
0.207,4693
0.207,4692
0.207,4691
0.208,4690
0.208,4689
0.208,4688
0.208,4687
0.208,4686
0.208,4685
0.208,4684
0.208,4683
0.209,4682
0.209,4681
0.209,4680
0.209,4679
0.21,4678
0.21,4677
0.21,4676
0.21,4675
0.21,4674
0.21,4673
0.21,4672
0.21,4671
0.211,4670
0.211,4669
0.211,4668
0.211,4667
0.211,4666
0.211,4665
0.212,4664
0.212,4663
0.212,4662
0.212,4661
0.212,4660
0.213,4659
0.213,4658
0.213,4657
0.214,4656
0.214,4655
0.214,4654
0.214,4653
0.214,4652
0.215,4651
0.215,4650
0.215,4649
0.215,4648
0.215,4647
0.215,4646
0.215,4645
0.216,4644
0.216,4643
0.216,4642
0.216,4641
0.216,4640
0.217,4639
0.217,4638
0.217,4637
0.218,4636
0.218,4635
0.218,4634
0.218,4633
0.218,4632
0.219,4631
0.219,4630
0.219,4629
0.219,4628
0.22,4627
0.22,4626
0.22,4625
0.22,4624
0.22,4623
0.221,4622
0.221,4621
0.221,4620
0.221,4619
0.221,4618
0.221,4617
0.221,4616
0.222,4615
0.222,4614
0.222,4613
0.223,4612
0.223,4611
0.223,4610
0.224,4609
0.224,4608
0.225,4607
0.225,4606
0.225,4605
0.225,4604
0.226,4603
0.226,4602
0.226,4601
0.226,4600
0.226,4599
0.226,4598
0.227,4597
0.228,4596
0.228,4595
0.229,4594
0.229,4593
0.229,4592
0.229,4591
0.229,4590
0.229,4589
0.23,4588
0.23,4587
0.23,4586
0.231,4585
0.231,4584
0.232,4583
0.232,4582
0.233,4581
0.233,4580
0.233,4579
0.234,4578
0.234,4577
0.235,4576
0.235,4575
0.235,4574
0.235,4573
0.236,4572
0.236,4571
0.236,4570
0.236,4569
0.237,4568
0.237,4567
0.238,4566
0.238,4565
0.241,4564
0.241,4563
0.241,4562
0.241,4561
0.242,4560
0.243,4559
0.243,4558
0.243,4557
0.243,4556
0.243,4555
0.244,4554
0.244,4553
0.244,4552
0.244,4551
0.244,4550
0.244,4549
0.245,4548
0.245,4547
0.245,4546
0.245,4545
0.246,4544
0.246,4543
0.246,4542
0.246,4541
0.246,4540
0.247,4539
0.247,4538
0.247,4537
0.248,4536
0.249,4535
0.249,4534
0.249,4533
0.249,4532
0.249,4531
0.249,4530
0.249,4529
0.249,4528
0.25,4527
0.25,4526
0.25,4525
0.25,4524
0.25,4523
0.251,4522
0.253,4521
0.253,4520
0.253,4519
0.254,4518
0.254,4517
0.254,4516
0.255,4515
0.255,4514
0.257,4513
0.257,4512
0.258,4511
0.259,4510
0.26,4509
0.261,4508
0.262,4507
0.263,4506
0.264,4505
0.264,4504
0.264,4503
0.265,4502
0.265,4501
0.266,4500
0.267,4499
0.269,4498
0.269,4497
0.27,4496
0.27,4495
0.27,4494
0.27,4493
0.27,4492
0.271,4491
0.271,4490
0.272,4489
0.273,4488
0.273,4487
0.273,4486
0.274,4485
0.275,4484
0.275,4483
0.276,4482
0.276,4481
0.276,4480
0.277,4479
0.278,4478
0.278,4477
0.279,4476
0.279,4475
0.279,4474
0.28,4473
0.28,4472
0.282,4471
0.283,4470
0.283,4469
0.286,4468
0.287,4467
0.288,4466
0.289,4465
0.289,4464
0.289,4463
0.289,4462
0.29,4461
0.291,4460
0.292,4459
0.293,4458
0.293,4457
0.295,4456
0.296,4455
0.301,4454
0.301,4453
0.304,4452
0.305,4451
0.307,4450
0.308,4449
0.31,4448
0.313,4447
0.315,4446
0.318,4445
0.319,4444
0.322,4443
0.33,4442
0.331,4441
0.334,4440
0.337,4439
0.337,4438
0.344,4437
0.344,4436
0.345,4435
0.347,4434
0.349,4433
0.35,4432
0.352,4431
0.354,4430
0.355,4429
0.356,4428
0.358,4427
0.36,4426
0.362,4425
0.365,4424
0.365,4423
0.374,4422
0.375,4421
0.375,4420
0.377,4419
0.383,4418
0.384,4417
0.385,4416
0.389,4415
0.398,4414
0.401,4413
0.401,4412
0.402,4411
0.404,4410
0.404,4409
0.409,4408
0.415,4407
0.456,4406
0.465,4405
0.479,4404
