0.0,7604
0.001,7603
0.003,7602
0.003,7601
0.004,7600
0.004,7599
0.004,7598
0.005,7597
0.005,7596
0.005,7595
0.005,7594
0.006,7593
0.006,7592
0.006,7591
0.006,7590
0.007,7589
0.008,7588
0.008,7587
0.009,7586
0.009,7585
0.009,7584
0.009,7583
0.01,7582
0.01,7581
0.01,7580
0.011,7579
0.011,7578
0.011,7577
0.011,7576
0.011,7575
0.011,7574
0.012,7573
0.012,7572
0.012,7571
0.012,7570
0.013,7569
0.013,7568
0.013,7567
0.013,7566
0.013,7565
0.013,7564
0.013,7563
0.014,7562
0.014,7561
0.014,7560
0.014,7559
0.014,7558
0.014,7557
0.014,7556
0.014,7555
0.014,7554
0.014,7553
0.014,7552
0.014,7551
0.015,7550
0.015,7549
0.015,7548
0.015,7547
0.015,7546
0.015,7545
0.015,7544
0.015,7543
0.015,7542
0.015,7541
0.015,7540
0.015,7539
0.015,7538
0.015,7537
0.015,7536
0.015,7535
0.015,7534
0.015,7533
0.016,7532
0.016,7531
0.016,7530
0.016,7529
0.016,7528
0.016,7527
0.016,7526
0.016,7525
0.016,7524
0.016,7523
0.016,7522
0.016,7521
0.016,7520
0.016,7519
0.016,7518
0.016,7517
0.016,7516
0.016,7515
0.016,7514
0.016,7513
0.016,7512
0.016,7511
0.017,7510
0.017,7509
0.017,7508
0.017,7507
0.017,7506
0.017,7505
0.017,7504
0.017,7503
0.017,7502
0.017,7501
0.017,7500
0.017,7499
0.017,7498
0.017,7497
0.017,7496
0.017,7495
0.017,7494
0.019,7493
0.019,7492
0.019,7491
0.019,7490
0.019,7489
0.02,7488
0.02,7487
0.02,7486
0.02,7485
0.02,7484
0.02,7483
0.02,7482
0.02,7481
0.02,7480
0.02,7479
0.02,7478
0.02,7477
0.02,7476
0.02,7475
0.02,7474
0.021,7473
0.021,7472
0.021,7471
0.021,7470
0.021,7469
0.021,7468
0.021,7467
0.021,7466
0.021,7465
0.021,7464
0.021,7463
0.021,7462
0.021,7461
0.021,7460
0.021,7459
0.022,7458
0.022,7457
0.022,7456
0.022,7455
0.022,7454
0.022,7453
0.022,7452
0.022,7451
0.022,7450
0.022,7449
0.022,7448
0.022,7447
0.022,7446
0.022,7445
0.022,7444
0.022,7443
0.022,7442
0.022,7441
0.022,7440
0.023,7439
0.023,7438
0.023,7437
0.023,7436
0.023,7435
0.023,7434
0.023,7433
0.023,7432
0.023,7431
0.023,7430
0.023,7429
0.023,7428
0.023,7427
0.023,7426
0.023,7425
0.023,7424
0.023,7423
0.023,7422
0.023,7421
0.023,7420
0.023,7419
0.024,7418
0.024,7417
0.024,7416
0.024,7415
0.024,7414
0.024,7413
0.024,7412
0.024,7411
0.024,7410
0.024,7409
0.024,7408
0.024,7407
0.024,7406
0.024,7405
0.024,7404
0.024,7403
0.024,7402
0.024,7401
0.024,7400
0.024,7399
0.024,7398
0.024,7397
0.024,7396
0.025,7395
0.025,7394
0.025,7393
0.025,7392
0.025,7391
0.025,7390
0.025,7389
0.025,7388
0.025,7387
0.025,7386
0.025,7385
0.025,7384
0.025,7383
0.025,7382
0.025,7381
0.025,7380
0.025,7379
0.025,7378
0.025,7377
0.026,7376
0.026,7375
0.026,7374
0.026,7373
0.026,7372
0.026,7371
0.026,7370
0.026,7369
0.026,7368
0.026,7367
0.026,7366
0.026,7365
0.026,7364
0.026,7363
0.026,7362
0.026,7361
0.026,7360
0.026,7359
0.026,7358
0.026,7357
0.026,7356
0.026,7355
0.026,7354
0.027,7353
0.027,7352
0.027,7351
0.027,7350
0.027,7349
0.027,7348
0.027,7347
0.027,7346
0.027,7345
0.027,7344
0.027,7343
0.027,7342
0.027,7341
0.027,7340
0.027,7339
0.027,7338
0.027,7337
0.027,7336
0.028,7335
0.028,7334
0.028,7333
0.028,7332
0.028,7331
0.028,7330
0.028,7329
0.028,7328
0.028,7327
0.028,7326
0.028,7325
0.028,7324
0.028,7323
0.028,7322
0.028,7321
0.028,7320
0.028,7319
0.028,7318
0.029,7317
0.029,7316
0.029,7315
0.029,7314
0.029,7313
0.029,7312
0.029,7311
0.029,7310
0.029,7309
0.029,7308
0.029,7307
0.029,7306
0.029,7305
0.029,7304
0.029,7303
0.029,7302
0.029,7301
0.029,7300
0.029,7299
0.029,7298
0.029,7297
0.029,7296
0.03,7295
0.03,7294
0.03,7293
0.03,7292
0.03,7291
0.03,7290
0.03,7289
0.03,7288
0.03,7287
0.03,7286
0.03,7285
0.03,7284
0.03,7283
0.03,7282
0.03,7281
0.03,7280
0.03,7279
0.03,7278
0.03,7277
0.031,7276
0.031,7275
0.031,7274
0.031,7273
0.031,7272
0.031,7271
0.031,7270
0.031,7269
0.031,7268
0.031,7267
0.031,7266
0.031,7265
0.031,7264
0.031,7263
0.031,7262
0.031,7261
0.031,7260
0.031,7259
0.031,7258
0.031,7257
0.032,7256
0.032,7255
0.032,7254
0.032,7253
0.032,7252
0.032,7251
0.032,7250
0.032,7249
0.032,7248
0.032,7247
0.032,7246
0.032,7245
0.032,7244
0.032,7243
0.032,7242
0.032,7241
0.032,7240
0.032,7239
0.032,7238
0.032,7237
0.033,7236
0.033,7235
0.033,7234
0.033,7233
0.033,7232
0.033,7231
0.033,7230
0.033,7229
0.033,7228
0.033,7227
0.033,7226
0.033,7225
0.033,7224
0.033,7223
0.033,7222
0.036,7221
0.037,7220
0.037,7219
0.037,7218
0.037,7217
0.037,7216
0.037,7215
0.037,7214
0.037,7213
0.037,7212
0.037,7211
0.037,7210
0.037,7209
0.037,7208
0.037,7207
0.037,7206
0.037,7205
0.037,7204
0.037,7203
0.038,7202
0.038,7201
0.038,7200
0.038,7199
0.038,7198
0.038,7197
0.038,7196
0.038,7195
0.038,7194
0.038,7193
0.038,7192
0.038,7191
0.038,7190
0.038,7189
0.038,7188
0.038,7187
0.038,7186
0.038,7185
0.038,7184
0.038,7183
0.038,7182
0.038,7181
0.038,7180
0.038,7179
0.038,7178
0.039,7177
0.039,7176
0.039,7175
0.039,7174
0.039,7173
0.039,7172
0.039,7171
0.039,7170
0.039,7169
0.039,7168
0.039,7167
0.039,7166
0.039,7165
0.039,7164
0.039,7163
0.039,7162
0.039,7161
0.039,7160
0.039,7159
0.039,7158
0.039,7157
0.039,7156
0.039,7155
0.04,7154
0.04,7153
0.04,7152
0.04,7151
0.04,7150
0.04,7149
0.04,7148
0.04,7147
0.04,7146
0.04,7145
0.04,7144
0.04,7143
0.04,7142
0.04,7141
0.04,7140
0.04,7139
0.04,7138
0.04,7137
0.04,7136
0.04,7135
0.04,7134
0.04,7133
0.04,7132
0.041,7131
0.041,7130
0.041,7129
0.041,7128
0.041,7127
0.041,7126
0.041,7125
0.041,7124
0.041,7123
0.041,7122
0.041,7121
0.041,7120
0.041,7119
0.041,7118
0.041,7117
0.041,7116
0.041,7115
0.041,7114
0.041,7113
0.041,7112
0.041,7111
0.042,7110
0.042,7109
0.042,7108
0.042,7107
0.042,7106
0.042,7105
0.042,7104
0.042,7103
0.042,7102
0.042,7101
0.042,7100
0.042,7099
0.042,7098
0.042,7097
0.042,7096
0.042,7095
0.042,7094
0.042,7093
0.042,7092
0.042,7091
0.043,7090
0.043,7089
0.043,7088
0.043,7087
0.043,7086
0.043,7085
0.043,7084
0.043,7083
0.043,7082
0.043,7081
0.043,7080
0.043,7079
0.043,7078
0.043,7077
0.043,7076
0.043,7075
0.043,7074
0.043,7073
0.043,7072
0.043,7071
0.044,7070
0.044,7069
0.044,7068
0.044,7067
0.044,7066
0.044,7065
0.044,7064
0.044,7063
0.044,7062
0.044,7061
0.044,7060
0.044,7059
0.044,7058
0.044,7057
0.044,7056
0.044,7055
0.044,7054
0.044,7053
0.044,7052
0.044,7051
0.044,7050
0.044,7049
0.044,7048
0.045,7047
0.045,7046
0.045,7045
0.045,7044
0.045,7043
0.045,7042
0.045,7041
0.045,7040
0.045,7039
0.045,7038
0.045,7037
0.045,7036
0.045,7035
0.045,7034
0.045,7033
0.045,7032
0.045,7031
0.045,7030
0.045,7029
0.045,7028
0.045,7027
0.045,7026
0.046,7025
0.046,7024
0.046,7023
0.046,7022
0.046,7021
0.046,7020
0.046,7019
0.046,7018
0.046,7017
0.046,7016
0.046,7015
0.046,7014
0.046,7013
0.046,7012
0.046,7011
0.046,7010
0.046,7009
0.046,7008
0.046,7007
0.046,7006
0.046,7005
0.047,7004
0.047,7003
0.047,7002
0.047,7001
0.047,7000
0.047,6999
0.047,6998
0.047,6997
0.047,6996
0.047,6995
0.047,6994
0.047,6993
0.047,6992
0.047,6991
0.047,6990
0.047,6989
0.047,6988
0.047,6987
0.047,6986
0.047,6985
0.047,6984
0.047,6983
0.048,6982
0.048,6981
0.048,6980
0.048,6979
0.048,6978
0.048,6977
0.048,6976
0.048,6975
0.048,6974
0.048,6973
0.048,6972
0.048,6971
0.048,6970
0.048,6969
0.048,6968
0.048,6967
0.048,6966
0.048,6965
0.048,6964
0.048,6963
0.048,6962
0.049,6961
0.049,6960
0.049,6959
0.049,6958
0.049,6957
0.049,6956
0.049,6955
0.049,6954
0.049,6953
0.049,6952
0.049,6951
0.049,6950
0.049,6949
0.049,6948
0.049,6947
0.049,6946
0.049,6945
0.049,6944
0.049,6943
0.049,6942
0.049,6941
0.049,6940
0.049,6939
0.049,6938
0.049,6937
0.05,6936
0.05,6935
0.05,6934
0.05,6933
0.05,6932
0.05,6931
0.05,6930
0.05,6929
0.05,6928
0.05,6927
0.05,6926
0.05,6925
0.05,6924
0.05,6923
0.05,6922
0.05,6921
0.05,6920
0.05,6919
0.05,6918
0.05,6917
0.05,6916
0.05,6915
0.05,6914
0.05,6913
0.051,6912
0.051,6911
0.051,6910
0.051,6909
0.051,6908
0.051,6907
0.051,6906
0.051,6905
0.051,6904
0.051,6903
0.051,6902
0.051,6901
0.052,6900
0.052,6899
0.052,6898
0.052,6897
0.052,6896
0.052,6895
0.052,6894
0.052,6893
0.052,6892
0.052,6891
0.052,6890
0.052,6889
0.052,6888
0.052,6887
0.052,6886
0.053,6885
0.053,6884
0.053,6883
0.053,6882
0.053,6881
0.053,6880
0.053,6879
0.053,6878
0.053,6877
0.053,6876
0.053,6875
0.053,6874
0.053,6873
0.053,6872
0.053,6871
0.053,6870
0.053,6869
0.053,6868
0.054,6867
0.054,6866
0.054,6865
0.054,6864
0.054,6863
0.054,6862
0.054,6861
0.054,6860
0.054,6859
0.054,6858
0.054,6857
0.054,6856
0.054,6855
0.054,6854
0.054,6853
0.054,6852
0.054,6851
0.054,6850
0.054,6849
0.055,6848
0.055,6847
0.055,6846
0.055,6845
0.055,6844
0.055,6843
0.055,6842
0.055,6841
0.055,6840
0.055,6839
0.055,6838
0.055,6837
0.055,6836
0.055,6835
0.055,6834
0.055,6833
0.055,6832
0.055,6831
0.055,6830
0.055,6829
0.055,6828
0.056,6827
0.056,6826
0.056,6825
0.056,6824
0.056,6823
0.056,6822
0.056,6821
0.056,6820
0.056,6819
0.056,6818
0.056,6817
0.056,6816
0.056,6815
0.056,6814
0.056,6813
0.056,6812
0.056,6811
0.056,6810
0.056,6809
0.056,6808
0.056,6807
0.056,6806
0.056,6805
0.057,6804
0.057,6803
0.057,6802
0.057,6801
0.057,6800
0.057,6799
0.057,6798
0.057,6797
0.057,6796
0.057,6795
0.057,6794
0.057,6793
0.057,6792
0.057,6791
0.057,6790
0.057,6789
0.057,6788
0.057,6787
0.057,6786
0.057,6785
0.057,6784
0.057,6783
0.057,6782
0.057,6781
0.057,6780
0.057,6779
0.057,6778
0.057,6777
0.057,6776
0.058,6775
0.058,6774
0.058,6773
0.058,6772
0.058,6771
0.058,6770
0.058,6769
0.058,6768
0.058,6767
0.058,6766
0.058,6765
0.058,6764
0.058,6763
0.058,6762
0.059,6761
0.059,6760
0.059,6759
0.059,6758
0.059,6757
0.059,6756
0.059,6755
0.059,6754
0.059,6753
0.059,6752
0.059,6751
0.059,6750
0.059,6749
0.059,6748
0.059,6747
0.059,6746
0.059,6745
0.059,6744
0.059,6743
0.06,6742
0.06,6741
0.06,6740
0.06,6739
0.06,6738
0.06,6737
0.06,6736
0.06,6735
0.06,6734
0.06,6733
0.06,6732
0.06,6731
0.06,6730
0.06,6729
0.06,6728
0.06,6727
0.06,6726
0.06,6725
0.06,6724
0.06,6723
0.061,6722
0.061,6721
0.061,6720
0.061,6719
0.061,6718
0.061,6717
0.061,6716
0.061,6715
0.061,6714
0.061,6713
0.061,6712
0.061,6711
0.061,6710
0.061,6709
0.061,6708
0.061,6707
0.061,6706
0.061,6705
0.062,6704
0.062,6703
0.062,6702
0.062,6701
0.062,6700
0.062,6699
0.062,6698
0.062,6697
0.062,6696
0.062,6695
0.062,6694
0.062,6693
0.062,6692
0.062,6691
0.062,6690
0.062,6689
0.062,6688
0.062,6687
0.063,6686
0.063,6685
0.063,6684
0.063,6683
0.063,6682
0.063,6681
0.063,6680
0.063,6679
0.063,6678
0.063,6677
0.063,6676
0.063,6675
0.063,6674
0.063,6673
0.063,6672
0.063,6671
0.063,6670
0.063,6669
0.063,6668
0.063,6667
0.064,6666
0.064,6665
0.064,6664
0.064,6663
0.064,6662
0.064,6661
0.064,6660
0.064,6659
0.064,6658
0.064,6657
0.064,6656
0.064,6655
0.064,6654
0.064,6653
0.064,6652
0.064,6651
0.064,6650
0.065,6649
0.065,6648
0.065,6647
0.065,6646
0.065,6645
0.065,6644
0.065,6643
0.065,6642
0.065,6641
0.065,6640
0.065,6639
0.065,6638
0.065,6637
0.065,6636
0.065,6635
0.065,6634
0.065,6633
0.065,6632
0.065,6631
0.065,6630
0.065,6629
0.065,6628
0.065,6627
0.065,6626
0.065,6625
0.066,6624
0.066,6623
0.066,6622
0.066,6621
0.066,6620
0.066,6619
0.066,6618
0.066,6617
0.066,6616
0.066,6615
0.066,6614
0.066,6613
0.066,6612
0.066,6611
0.066,6610
0.066,6609
0.066,6608
0.066,6607
0.066,6606
0.066,6605
0.066,6604
0.066,6603
0.066,6602
0.066,6601
0.066,6600
0.067,6599
0.067,6598
0.067,6597
0.067,6596
0.067,6595
0.067,6594
0.067,6593
0.067,6592
0.067,6591
0.067,6590
0.067,6589
0.067,6588
0.067,6587
0.067,6586
0.067,6585
0.067,6584
0.067,6583
0.067,6582
0.067,6581
0.068,6580
0.068,6579
0.068,6578
0.068,6577
0.068,6576
0.068,6575
0.068,6574
0.068,6573
0.068,6572
0.068,6571
0.068,6570
0.068,6569
0.068,6568
0.068,6567
0.068,6566
0.068,6565
0.068,6564
0.068,6563
0.068,6562
0.068,6561
0.068,6560
0.068,6559
0.068,6558
0.069,6557
0.069,6556
0.069,6555
0.069,6554
0.069,6553
0.069,6552
0.069,6551
0.069,6550
0.069,6549
0.069,6548
0.069,6547
0.069,6546
0.069,6545
0.069,6544
0.069,6543
0.069,6542
0.069,6541
0.069,6540
0.069,6539
0.069,6538
0.069,6537
0.07,6536
0.07,6535
0.07,6534
0.07,6533
0.07,6532
0.07,6531
0.07,6530
0.07,6529
0.07,6528
0.07,6527
0.07,6526
0.07,6525
0.07,6524
0.07,6523
0.07,6522
0.07,6521
0.07,6520
0.071,6519
0.071,6518
0.071,6517
0.071,6516
0.071,6515
0.071,6514
0.071,6513
0.071,6512
0.071,6511
0.071,6510
0.071,6509
0.071,6508
0.071,6507
0.071,6506
0.071,6505
0.071,6504
0.071,6503
0.071,6502
0.071,6501
0.071,6500
0.072,6499
0.072,6498
0.072,6497
0.072,6496
0.072,6495
0.072,6494
0.072,6493
0.072,6492
0.072,6491
0.072,6490
0.072,6489
0.072,6488
0.072,6487
0.072,6486
0.072,6485
0.073,6484
0.073,6483
0.073,6482
0.073,6481
0.073,6480
0.073,6479
0.073,6478
0.073,6477
0.073,6476
0.073,6475
0.073,6474
0.073,6473
0.073,6472
0.074,6471
0.074,6470
0.074,6469
0.074,6468
0.074,6467
0.074,6466
0.074,6465
0.074,6464
0.074,6463
0.074,6462
0.074,6461
0.074,6460
0.074,6459
0.074,6458
0.074,6457
0.074,6456
0.074,6455
0.074,6454
0.074,6453
0.074,6452
0.075,6451
0.075,6450
0.075,6449
0.075,6448
0.075,6447
0.075,6446
0.075,6445
0.075,6444
0.075,6443
0.075,6442
0.075,6441
0.075,6440
0.075,6439
0.075,6438
0.075,6437
0.075,6436
0.076,6435
0.076,6434
0.076,6433
0.076,6432
0.076,6431
0.076,6430
0.076,6429
0.076,6428
0.076,6427
0.076,6426
0.076,6425
0.076,6424
0.076,6423
0.076,6422
0.076,6421
0.076,6420
0.076,6419
0.076,6418
0.077,6417
0.077,6416
0.077,6415
0.077,6414
0.077,6413
0.077,6412
0.077,6411
0.077,6410
0.077,6409
0.077,6408
0.077,6407
0.077,6406
0.077,6405
0.077,6404
0.077,6403
0.077,6402
0.077,6401
0.077,6400
0.077,6399
0.078,6398
0.078,6397
0.078,6396
0.078,6395
0.078,6394
0.078,6393
0.078,6392
0.078,6391
0.078,6390
0.078,6389
0.078,6388
0.078,6387
0.078,6386
0.078,6385
0.078,6384
0.078,6383
0.079,6382
0.079,6381
0.079,6380
0.079,6379
0.079,6378
0.079,6377
0.079,6376
0.079,6375
0.079,6374
0.079,6373
0.079,6372
0.079,6371
0.079,6370
0.079,6369
0.079,6368
0.079,6367
0.079,6366
0.079,6365
0.08,6364
0.08,6363
0.08,6362
0.08,6361
0.08,6360
0.08,6359
0.08,6358
0.08,6357
0.08,6356
0.08,6355
0.08,6354
0.08,6353
0.08,6352
0.08,6351
0.08,6350
0.08,6349
0.08,6348
0.08,6347
0.08,6346
0.08,6345
0.08,6344
0.08,6343
0.08,6342
0.081,6341
0.081,6340
0.081,6339
0.081,6338
0.081,6337
0.081,6336
0.081,6335
0.081,6334
0.081,6333
0.081,6332
0.081,6331
0.081,6330
0.081,6329
0.081,6328
0.081,6327
0.081,6326
0.081,6325
0.081,6324
0.081,6323
0.081,6322
0.081,6321
0.081,6320
0.081,6319
0.082,6318
0.082,6317
0.082,6316
0.082,6315
0.082,6314
0.082,6313
0.082,6312
0.082,6311
0.082,6310
0.082,6309
0.082,6308
0.082,6307
0.082,6306
0.082,6305
0.082,6304
0.082,6303
0.082,6302
0.083,6301
0.083,6300
0.083,6299
0.083,6298
0.083,6297
0.083,6296
0.083,6295
0.083,6294
0.083,6293
0.083,6292
0.083,6291
0.083,6290
0.083,6289
0.084,6288
0.084,6287
0.084,6286
0.084,6285
0.084,6284
0.084,6283
0.084,6282
0.084,6281
0.084,6280
0.084,6279
0.084,6278
0.084,6277
0.084,6276
0.084,6275
0.084,6274
0.084,6273
0.084,6272
0.085,6271
0.085,6270
0.085,6269
0.085,6268
0.085,6267
0.085,6266
0.085,6265
0.085,6264
0.085,6263
0.085,6262
0.085,6261
0.085,6260
0.085,6259
0.085,6258
0.085,6257
0.085,6256
0.085,6255
0.085,6254
0.086,6253
0.086,6252
0.086,6251
0.086,6250
0.086,6249
0.086,6248
0.086,6247
0.086,6246
0.086,6245
0.086,6244
0.089,6243
0.089,6242
0.089,6241
0.089,6240
0.089,6239
0.089,6238
0.089,6237
0.089,6236
0.089,6235
0.089,6234
0.089,6233
0.089,6232
0.089,6231
0.089,6230
0.089,6229
0.089,6228
0.089,6227
0.089,6226
0.089,6225
0.089,6224
0.089,6223
0.089,6222
0.09,6221
0.09,6220
0.09,6219
0.09,6218
0.09,6217
0.09,6216
0.09,6215
0.09,6214
0.09,6213
0.09,6212
0.09,6211
0.09,6210
0.09,6209
0.09,6208
0.091,6207
0.091,6206
0.091,6205
0.091,6204
0.091,6203
0.091,6202
0.091,6201
0.091,6200
0.091,6199
0.091,6198
0.091,6197
0.091,6196
0.091,6195
0.091,6194
0.091,6193
0.091,6192
0.091,6191
0.091,6190
0.091,6189
0.091,6188
0.091,6187
0.091,6186
0.091,6185
0.092,6184
0.092,6183
0.092,6182
0.092,6181
0.092,6180
0.092,6179
0.092,6178
0.092,6177
0.092,6176
0.092,6175
0.092,6174
0.092,6173
0.092,6172
0.092,6171
0.092,6170
0.092,6169
0.092,6168
0.092,6167
0.092,6166
0.092,6165
0.092,6164
0.092,6163
0.092,6162
0.092,6161
0.092,6160
0.092,6159
0.092,6158
0.092,6157
0.092,6156
0.092,6155
0.092,6154
0.092,6153
0.093,6152
0.093,6151
0.093,6150
0.093,6149
0.093,6148
0.093,6147
0.093,6146
0.093,6145
0.093,6144
0.093,6143
0.093,6142
0.093,6141
0.093,6140
0.093,6139
0.093,6138
0.093,6137
0.093,6136
0.093,6135
0.093,6134
0.093,6133
0.093,6132
0.093,6131
0.093,6130
0.093,6129
0.093,6128
0.093,6127
0.093,6126
0.093,6125
0.093,6124
0.093,6123
0.094,6122
0.094,6121
0.094,6120
0.094,6119
0.094,6118
0.094,6117
0.094,6116
0.094,6115
0.094,6114
0.094,6113
0.094,6112
0.094,6111
0.094,6110
0.094,6109
0.094,6108
0.094,6107
0.094,6106
0.094,6105
0.094,6104
0.095,6103
0.095,6102
0.095,6101
0.095,6100
0.095,6099
0.095,6098
0.095,6097
0.095,6096
0.095,6095
0.095,6094
0.095,6093
0.095,6092
0.095,6091
0.095,6090
0.095,6089
0.095,6088
0.096,6087
0.096,6086
0.096,6085
0.096,6084
0.096,6083
0.096,6082
0.096,6081
0.096,6080
0.096,6079
0.096,6078
0.096,6077
0.096,6076
0.096,6075
0.096,6074
0.096,6073
0.096,6072
0.096,6071
0.096,6070
0.096,6069
0.096,6068
0.096,6067
0.096,6066
0.096,6065
0.096,6064
0.096,6063
0.096,6062
0.097,6061
0.097,6060
0.097,6059
0.097,6058
0.097,6057
0.097,6056
0.097,6055
0.097,6054
0.097,6053
0.097,6052
0.097,6051
0.097,6050
0.097,6049
0.097,6048
0.097,6047
0.097,6046
0.097,6045
0.097,6044
0.097,6043
0.097,6042
0.097,6041
0.097,6040
0.097,6039
0.097,6038
0.098,6037
0.098,6036
0.098,6035
0.098,6034
0.098,6033
0.098,6032
0.098,6031
0.098,6030
0.098,6029
0.098,6028
0.098,6027
0.098,6026
0.098,6025
0.098,6024
0.098,6023
0.098,6022
0.098,6021
0.098,6020
0.098,6019
0.098,6018
0.098,6017
0.098,6016
0.098,6015
0.098,6014
0.098,6013
0.098,6012
0.098,6011
0.098,6010
0.099,6009
0.099,6008
0.099,6007
0.099,6006
0.099,6005
0.099,6004
0.099,6003
0.099,6002
0.099,6001
0.099,6000
0.099,5999
0.099,5998
0.099,5997
0.099,5996
0.099,5995
0.099,5994
0.099,5993
0.099,5992
0.099,5991
0.099,5990
0.099,5989
0.099,5988
0.099,5987
0.099,5986
0.099,5985
0.1,5984
0.1,5983
0.1,5982
0.1,5981
0.1,5980
0.1,5979
0.1,5978
0.1,5977
0.1,5976
0.1,5975
0.1,5974
0.1,5973
0.1,5972
0.1,5971
0.1,5970
0.1,5969
0.1,5968
0.1,5967
0.1,5966
0.1,5965
0.1,5964
0.1,5963
0.1,5962
0.1,5961
0.1,5960
0.1,5959
0.101,5958
0.101,5957
0.101,5956
0.101,5955
0.101,5954
0.101,5953
0.101,5952
0.101,5951
0.101,5950
0.101,5949
0.101,5948
0.101,5947
0.101,5946
0.101,5945
0.101,5944
0.101,5943
0.101,5942
0.101,5941
0.101,5940
0.101,5939
0.102,5938
0.102,5937
0.102,5936
0.102,5935
0.102,5934
0.102,5933
0.102,5932
0.102,5931
0.102,5930
0.102,5929
0.102,5928
0.102,5927
0.102,5926
0.102,5925
0.102,5924
0.102,5923
0.103,5922
0.103,5921
0.103,5920
0.103,5919
0.103,5918
0.103,5917
0.103,5916
0.103,5915
0.103,5914
0.103,5913
0.103,5912
0.104,5911
0.104,5910
0.104,5909
0.104,5908
0.104,5907
0.104,5906
0.104,5905
0.104,5904
0.104,5903
0.104,5902
0.104,5901
0.104,5900
0.104,5899
0.104,5898
0.104,5897
0.104,5896
0.104,5895
0.104,5894
0.104,5893
0.104,5892
0.104,5891
0.105,5890
0.105,5889
0.105,5888
0.105,5887
0.105,5886
0.105,5885
0.105,5884
0.105,5883
0.105,5882
0.105,5881
0.105,5880
0.105,5879
0.105,5878
0.106,5877
0.106,5876
0.106,5875
0.106,5874
0.106,5873
0.106,5872
0.106,5871
0.106,5870
0.106,5869
0.106,5868
0.106,5867
0.106,5866
0.106,5865
0.106,5864
0.106,5863
0.106,5862
0.106,5861
0.106,5860
0.106,5859
0.106,5858
0.107,5857
0.107,5856
0.107,5855
0.107,5854
0.107,5853
0.107,5852
0.107,5851
0.107,5850
0.107,5849
0.107,5848
0.107,5847
0.107,5846
0.107,5845
0.107,5844
0.107,5843
0.107,5842
0.107,5841
0.107,5840
0.107,5839
0.107,5838
0.107,5837
0.108,5836
0.108,5835
0.108,5834
0.108,5833
0.108,5832
0.108,5831
0.108,5830
0.108,5829
0.108,5828
0.108,5827
0.108,5826
0.108,5825
0.108,5824
0.108,5823
0.108,5822
0.108,5821
0.108,5820
0.108,5819
0.108,5818
0.108,5817
0.109,5816
0.109,5815
0.109,5814
0.109,5813
0.109,5812
0.109,5811
0.109,5810
0.109,5809
0.109,5808
0.109,5807
0.109,5806
0.109,5805
0.109,5804
0.109,5803
0.109,5802
0.109,5801
0.109,5800
0.109,5799
0.109,5798
0.109,5797
0.109,5796
0.109,5795
0.109,5794
0.109,5793
0.109,5792
0.109,5791
0.11,5790
0.11,5789
0.11,5788
0.11,5787
0.11,5786
0.11,5785
0.11,5784
0.11,5783
0.11,5782
0.11,5781
0.11,5780
0.11,5779
0.11,5778
0.11,5777
0.11,5776
0.11,5775
0.11,5774
0.11,5773
0.11,5772
0.11,5771
0.11,5770
0.11,5769
0.11,5768
0.11,5767
0.11,5766
0.11,5765
0.11,5764
0.111,5763
0.111,5762
0.111,5761
0.111,5760
0.111,5759
0.111,5758
0.111,5757
0.111,5756
0.111,5755
0.111,5754
0.111,5753
0.111,5752
0.111,5751
0.111,5750
0.111,5749
0.111,5748
0.111,5747
0.111,5746
0.111,5745
0.111,5744
0.111,5743
0.111,5742
0.111,5741
0.111,5740
0.111,5739
0.112,5738
0.112,5737
0.112,5736
0.112,5735
0.112,5734
0.112,5733
0.112,5732
0.112,5731
0.112,5730
0.112,5729
0.112,5728
0.112,5727
0.112,5726
0.112,5725
0.112,5724
0.112,5723
0.112,5722
0.112,5721
0.112,5720
0.112,5719
0.112,5718
0.112,5717
0.113,5716
0.113,5715
0.113,5714
0.113,5713
0.113,5712
0.113,5711
0.113,5710
0.113,5709
0.113,5708
0.113,5707
0.113,5706
0.113,5705
0.113,5704
0.113,5703
0.113,5702
0.113,5701
0.113,5700
0.113,5699
0.113,5698
0.113,5697
0.113,5696
0.114,5695
0.114,5694
0.114,5693
0.114,5692
0.114,5691
0.114,5690
0.114,5689
0.114,5688
0.114,5687
0.114,5686
0.114,5685
0.114,5684
0.114,5683
0.114,5682
0.114,5681
0.114,5680
0.114,5679
0.114,5678
0.114,5677
0.114,5676
0.115,5675
0.115,5674
0.115,5673
0.115,5672
0.115,5671
0.115,5670
0.115,5669
0.115,5668
0.115,5667
0.115,5666
0.115,5665
0.115,5664
0.115,5663
0.115,5662
0.115,5661
0.115,5660
0.115,5659
0.115,5658
0.115,5657
0.115,5656
0.115,5655
0.115,5654
0.115,5653
0.115,5652
0.116,5651
0.116,5650
0.116,5649
0.116,5648
0.116,5647
0.116,5646
0.116,5645
0.116,5644
0.116,5643
0.116,5642
0.116,5641
0.116,5640
0.117,5639
0.117,5638
0.117,5637
0.117,5636
0.117,5635
0.117,5634
0.117,5633
0.117,5632
0.117,5631
0.117,5630
0.117,5629
0.117,5628
0.117,5627
0.118,5626
0.118,5625
0.118,5624
0.118,5623
0.118,5622
0.118,5621
0.118,5620
0.119,5619
0.119,5618
0.119,5617
0.119,5616
0.119,5615
0.119,5614
0.119,5613
0.119,5612
0.119,5611
0.119,5610
0.119,5609
0.119,5608
0.119,5607
0.119,5606
0.119,5605
0.119,5604
0.12,5603
0.12,5602
0.12,5601
0.12,5600
0.12,5599
0.12,5598
0.12,5597
0.12,5596
0.12,5595
0.12,5594
0.12,5593
0.12,5592
0.12,5591
0.12,5590
0.12,5589
0.12,5588
0.121,5587
0.121,5586
0.121,5585
0.121,5584
0.121,5583
0.121,5582
0.121,5581
0.121,5580
0.122,5579
0.122,5578
0.122,5577
0.122,5576
0.122,5575
0.122,5574
0.122,5573
0.122,5572
0.122,5571
0.122,5570
0.122,5569
0.123,5568
0.123,5567
0.123,5566
0.123,5565
0.123,5564
0.123,5563
0.123,5562
0.123,5561
0.123,5560
0.123,5559
0.123,5558
0.124,5557
0.124,5556
0.124,5555
0.124,5554
0.124,5553
0.124,5552
0.124,5551
0.124,5550
0.124,5549
0.124,5548
0.125,5547
0.125,5546
0.125,5545
0.125,5544
0.125,5543
0.125,5542
0.125,5541
0.125,5540
0.125,5539
0.125,5538
0.125,5537
0.125,5536
0.126,5535
0.126,5534
0.126,5533
0.126,5532
0.126,5531
0.126,5530
0.126,5529
0.126,5528
0.126,5527
0.126,5526
0.126,5525
0.126,5524
0.126,5523
0.126,5522
0.126,5521
0.126,5520
0.126,5519
0.126,5518
0.126,5517
0.126,5516
0.126,5515
0.126,5514
0.127,5513
0.127,5512
0.127,5511
0.127,5510
0.127,5509
0.127,5508
0.127,5507
0.127,5506
0.127,5505
0.127,5504
0.127,5503
0.128,5502
0.128,5501
0.128,5500
0.128,5499
0.128,5498
0.128,5497
0.128,5496
0.128,5495
0.128,5494
0.128,5493
0.128,5492
0.128,5491
0.128,5490
0.128,5489
0.128,5488
0.128,5487
0.128,5486
0.128,5485
0.128,5484
0.128,5483
0.129,5482
0.129,5481
0.129,5480
0.129,5479
0.129,5478
0.129,5477
0.129,5476
0.129,5475
0.129,5474
0.129,5473
0.129,5472
0.129,5471
0.129,5470
0.129,5469
0.129,5468
0.129,5467
0.129,5466
0.129,5465
0.129,5464
0.13,5463
0.13,5462
0.13,5461
0.13,5460
0.13,5459
0.13,5458
0.13,5457
0.13,5456
0.13,5455
0.13,5454
0.13,5453
0.13,5452
0.13,5451
0.13,5450
0.13,5449
0.131,5448
0.131,5447
0.131,5446
0.131,5445
0.131,5444
0.131,5443
0.131,5442
0.131,5441
0.131,5440
0.131,5439
0.131,5438
0.131,5437
0.131,5436
0.131,5435
0.131,5434
0.131,5433
0.131,5432
0.132,5431
0.132,5430
0.132,5429
0.132,5428
0.132,5427
0.132,5426
0.132,5425
0.132,5424
0.132,5423
0.132,5422
0.132,5421
0.132,5420
0.132,5419
0.132,5418
0.133,5417
0.133,5416
0.133,5415
0.133,5414
0.133,5413
0.133,5412
0.133,5411
0.133,5410
0.133,5409
0.133,5408
0.133,5407
0.133,5406
0.133,5405
0.133,5404
0.133,5403
0.133,5402
0.133,5401
0.133,5400
0.133,5399
0.134,5398
0.134,5397
0.134,5396
0.134,5395
0.134,5394
0.134,5393
0.134,5392
0.134,5391
0.135,5390
0.135,5389
0.135,5388
0.135,5387
0.135,5386
0.135,5385
0.135,5384
0.135,5383
0.135,5382
0.135,5381
0.135,5380
0.135,5379
0.135,5378
0.135,5377
0.136,5376
0.136,5375
0.136,5374
0.136,5373
0.136,5372
0.136,5371
0.136,5370
0.136,5369
0.136,5368
0.136,5367
0.136,5366
0.136,5365
0.136,5364
0.136,5363
0.136,5362
0.136,5361
0.136,5360
0.136,5359
0.137,5358
0.137,5357
0.137,5356
0.137,5355
0.137,5354
0.137,5353
0.137,5352
0.137,5351
0.137,5350
0.137,5349
0.137,5348
0.137,5347
0.137,5346
0.138,5345
0.138,5344
0.138,5343
0.138,5342
0.138,5341
0.138,5340
0.138,5339
0.139,5338
0.139,5337
0.139,5336
0.139,5335
0.139,5334
0.139,5333
0.139,5332
0.139,5331
0.139,5330
0.139,5329
0.139,5328
0.14,5327
0.14,5326
0.14,5325
0.14,5324
0.14,5323
0.14,5322
0.14,5321
0.14,5320
0.14,5319
0.14,5318
0.14,5317
0.141,5316
0.141,5315
0.141,5314
0.141,5313
0.141,5312
0.141,5311
0.141,5310
0.141,5309
0.141,5308
0.141,5307
0.141,5306
0.141,5305
0.141,5304
0.141,5303
0.141,5302
0.141,5301
0.142,5300
0.142,5299
0.142,5298
0.142,5297
0.142,5296
0.142,5295
0.142,5294
0.142,5293
0.142,5292
0.142,5291
0.142,5290
0.142,5289
0.142,5288
0.142,5287
0.142,5286
0.142,5285
0.143,5284
0.143,5283
0.143,5282
0.143,5281
0.143,5280
0.143,5279
0.143,5278
0.143,5277
0.143,5276
0.143,5275
0.143,5274
0.143,5273
0.143,5272
0.143,5271
0.143,5270
0.143,5269
0.143,5268
0.143,5267
0.143,5266
0.143,5265
0.146,5264
0.146,5263
0.146,5262
0.146,5261
0.147,5260
0.147,5259
0.147,5258
0.147,5257
0.147,5256
0.147,5255
0.147,5254
0.147,5253
0.147,5252
0.147,5251
0.147,5250
0.147,5249
0.147,5248
0.147,5247
0.147,5246
0.147,5245
0.147,5244
0.147,5243
0.147,5242
0.148,5241
0.148,5240
0.148,5239
0.148,5238
0.148,5237
0.148,5236
0.148,5235
0.148,5234
0.148,5233
0.148,5232
0.148,5231
0.148,5230
0.148,5229
0.148,5228
0.149,5227
0.149,5226
0.149,5225
0.149,5224
0.149,5223
0.149,5222
0.149,5221
0.149,5220
0.149,5219
0.149,5218
0.149,5217
0.149,5216
0.149,5215
0.149,5214
0.149,5213
0.149,5212
0.149,5211
0.15,5210
0.15,5209
0.15,5208
0.15,5207
0.15,5206
0.15,5205
0.15,5204
0.15,5203
0.15,5202
0.15,5201
0.15,5200
0.15,5199
0.15,5198
0.151,5197
0.151,5196
0.151,5195
0.151,5194
0.151,5193
0.151,5192
0.151,5191
0.151,5190
0.151,5189
0.151,5188
0.151,5187
0.152,5186
0.152,5185
0.152,5184
0.152,5183
0.152,5182
0.152,5181
0.152,5180
0.152,5179
0.152,5178
0.152,5177
0.152,5176
0.152,5175
0.152,5174
0.152,5173
0.152,5172
0.152,5171
0.153,5170
0.153,5169
0.153,5168
0.153,5167
0.153,5166
0.153,5165
0.153,5164
0.153,5163
0.153,5162
0.153,5161
0.153,5160
0.153,5159
0.153,5158
0.154,5157
0.154,5156
0.154,5155
0.154,5154
0.154,5153
0.155,5152
0.155,5151
0.155,5150
0.155,5149
0.155,5148
0.155,5147
0.155,5146
0.155,5145
0.155,5144
0.156,5143
0.156,5142
0.156,5141
0.156,5140
0.156,5139
0.156,5138
0.156,5137
0.156,5136
0.156,5135
0.156,5134
0.156,5133
0.156,5132
0.156,5131
0.157,5130
0.157,5129
0.157,5128
0.157,5127
0.157,5126
0.157,5125
0.157,5124
0.157,5123
0.157,5122
0.157,5121
0.157,5120
0.157,5119
0.157,5118
0.157,5117
0.157,5116
0.157,5115
0.158,5114
0.158,5113
0.158,5112
0.158,5111
0.158,5110
0.158,5109
0.158,5108
0.158,5107
0.158,5106
0.158,5105
0.158,5104
0.158,5103
0.158,5102
0.159,5101
0.159,5100
0.159,5099
0.159,5098
0.159,5097
0.159,5096
0.159,5095
0.159,5094
0.159,5093
0.159,5092
0.159,5091
0.16,5090
0.16,5089
0.16,5088
0.16,5087
0.16,5086
0.16,5085
0.16,5084
0.16,5083
0.16,5082
0.16,5081
0.16,5080
0.16,5079
0.16,5078
0.161,5077
0.161,5076
0.161,5075
0.161,5074
0.162,5073
0.162,5072
0.162,5071
0.162,5070
0.162,5069
0.162,5068
0.162,5067
0.162,5066
0.162,5065
0.162,5064
0.162,5063
0.162,5062
0.163,5061
0.163,5060
0.163,5059
0.163,5058
0.163,5057
0.163,5056
0.163,5055
0.163,5054
0.163,5053
0.163,5052
0.163,5051
0.163,5050
0.164,5049
0.164,5048
0.164,5047
0.164,5046
0.164,5045
0.164,5044
0.164,5043
0.164,5042
0.164,5041
0.164,5040
0.164,5039
0.164,5038
0.164,5037
0.165,5036
0.165,5035
0.165,5034
0.165,5033
0.165,5032
0.165,5031
0.165,5030
0.165,5029
0.165,5028
0.165,5027
0.165,5026
0.165,5025
0.165,5024
0.165,5023
0.165,5022
0.166,5021
0.166,5020
0.166,5019
0.166,5018
0.166,5017
0.166,5016
0.166,5015
0.166,5014
0.167,5013
0.167,5012
0.167,5011
0.167,5010
0.167,5009
0.167,5008
0.167,5007
0.167,5006
0.167,5005
0.167,5004
0.167,5003
0.167,5002
0.167,5001
0.167,5000
0.168,4999
0.168,4998
0.168,4997
0.168,4996
0.168,4995
0.168,4994
0.169,4993
0.169,4992
0.169,4991
0.169,4990
0.169,4989
0.169,4988
0.169,4987
0.169,4986
0.169,4985
0.17,4984
0.17,4983
0.17,4982
0.17,4981
0.17,4980
0.17,4979
0.17,4978
0.17,4977
0.171,4976
0.171,4975
0.171,4974
0.171,4973
0.171,4972
0.171,4971
0.171,4970
0.171,4969
0.172,4968
0.172,4967
0.172,4966
0.172,4965
0.172,4964
0.172,4963
0.172,4962
0.172,4961
0.172,4960
0.172,4959
0.172,4958
0.172,4957
0.172,4956
0.173,4955
0.173,4954
0.173,4953
0.173,4952
0.173,4951
0.173,4950
0.173,4949
0.173,4948
0.173,4947
0.173,4946
0.173,4945
0.173,4944
0.174,4943
0.174,4942
0.174,4941
0.174,4940
0.174,4939
0.174,4938
0.174,4937
0.174,4936
0.174,4935
0.174,4934
0.174,4933
0.174,4932
0.174,4931
0.175,4930
0.175,4929
0.175,4928
0.175,4927
0.175,4926
0.175,4925
0.175,4924
0.175,4923
0.175,4922
0.175,4921
0.176,4920
0.176,4919
0.176,4918
0.176,4917
0.176,4916
0.176,4915
0.176,4914
0.176,4913
0.176,4912
0.176,4911
0.176,4910
0.176,4909
0.176,4908
0.176,4907
0.176,4906
0.177,4905
0.177,4904
0.177,4903
0.177,4902
0.177,4901
0.177,4900
0.177,4899
0.177,4898
0.177,4897
0.177,4896
0.177,4895
0.177,4894
0.177,4893
0.177,4892
0.177,4891
0.177,4890
0.177,4889
0.178,4888
0.178,4887
0.178,4886
0.178,4885
0.178,4884
0.178,4883
0.178,4882
0.178,4881
0.178,4880
0.179,4879
0.179,4878
0.179,4877
0.179,4876
0.179,4875
0.179,4874
0.179,4873
0.179,4872
0.18,4871
0.18,4870
0.18,4869
0.18,4868
0.18,4867
0.18,4866
0.18,4865
0.18,4864
0.181,4863
0.181,4862
0.181,4861
0.181,4860
0.181,4859
0.181,4858
0.181,4857
0.182,4856
0.182,4855
0.182,4854
0.182,4853
0.182,4852
0.182,4851
0.182,4850
0.183,4849
0.183,4848
0.183,4847
0.183,4846
0.183,4845
0.183,4844
0.183,4843
0.183,4842
0.183,4841
0.184,4840
0.184,4839
0.184,4838
0.184,4837
0.184,4836
0.184,4835
0.184,4834
0.184,4833
0.184,4832
0.184,4831
0.185,4830
0.185,4829
0.185,4828
0.185,4827
0.185,4826
0.185,4825
0.186,4824
0.186,4823
0.186,4822
0.186,4821
0.186,4820
0.186,4819
0.186,4818
0.186,4817
0.186,4816
0.186,4815
0.187,4814
0.187,4813
0.187,4812
0.187,4811
0.187,4810
0.187,4809
0.188,4808
0.188,4807
0.188,4806
0.188,4805
0.189,4804
0.189,4803
0.189,4802
0.189,4801
0.189,4800
0.19,4799
0.19,4798
0.19,4797
0.19,4796
0.19,4795
0.19,4794
0.19,4793
0.19,4792
0.19,4791
0.19,4790
0.19,4789
0.19,4788
0.191,4787
0.191,4786
0.193,4785
0.193,4784
0.193,4783
0.193,4782
0.193,4781
0.193,4780
0.194,4779
0.194,4778
0.194,4777
0.194,4776
0.194,4775
0.194,4774
0.194,4773
0.195,4772
0.195,4771
0.195,4770
0.195,4769
0.195,4768
0.195,4767
0.195,4766
0.195,4765
0.195,4764
0.195,4763
0.195,4762
0.195,4761
0.196,4760
0.196,4759
0.196,4758
0.196,4757
0.196,4756
0.196,4755
0.197,4754
0.197,4753
0.197,4752
0.197,4751
0.197,4750
0.197,4749
0.198,4748
0.198,4747
0.198,4746
0.198,4745
0.198,4744
0.198,4743
0.198,4742
0.198,4741
0.198,4740
0.199,4739
0.199,4738
0.199,4737
0.199,4736
0.199,4735
0.2,4734
0.2,4733
0.2,4732
0.2,4731
0.2,4730
0.2,4729
0.2,4728
0.201,4727
0.201,4726
0.201,4725
0.201,4724
0.201,4723
0.202,4722
0.203,4721
0.203,4720
0.203,4719
0.203,4718
0.203,4717
0.203,4716
0.203,4715
0.203,4714
0.203,4713
0.203,4712
0.204,4711
0.204,4710
0.204,4709
0.204,4708
0.204,4707
0.204,4706
0.204,4705
0.205,4704
0.205,4703
0.205,4702
0.205,4701
0.205,4700
0.205,4699
0.205,4698
0.205,4697
0.206,4696
0.206,4695
0.206,4694
0.207,4693
0.207,4692
0.207,4691
0.207,4690
0.208,4689
0.208,4688
0.208,4687
0.208,4686
0.209,4685
0.209,4684
0.209,4683
0.209,4682
0.209,4681
0.209,4680
0.209,4679
0.209,4678
0.21,4677
0.21,4676
0.21,4675
0.21,4674
0.21,4673
0.21,4672
0.21,4671
0.211,4670
0.211,4669
0.211,4668
0.211,4667
0.211,4666
0.211,4665
0.211,4664
0.211,4663
0.212,4662
0.213,4661
0.213,4660
0.213,4659
0.213,4658
0.214,4657
0.214,4656
0.214,4655
0.214,4654
0.215,4653
0.215,4652
0.215,4651
0.215,4650
0.215,4649
0.215,4648
0.216,4647
0.216,4646
0.217,4645
0.217,4644
0.217,4643
0.217,4642
0.217,4641
0.218,4640
0.218,4639
0.219,4638
0.22,4637
0.22,4636
0.22,4635
0.22,4634
0.22,4633
0.221,4632
0.221,4631
0.221,4630
0.221,4629
0.222,4628
0.222,4627
0.222,4626
0.222,4625
0.222,4624
0.223,4623
0.223,4622
0.223,4621
0.223,4620
0.224,4619
0.224,4618
0.225,4617
0.225,4616
0.225,4615
0.225,4614
0.226,4613
0.227,4612
0.227,4611
0.227,4610
0.227,4609
0.228,4608
0.228,4607
0.228,4606
0.23,4605
0.23,4604
0.23,4603
0.23,4602
0.231,4601
0.231,4600
0.231,4599
0.231,4598
0.231,4597
0.232,4596
0.232,4595
0.232,4594
0.233,4593
0.233,4592
0.233,4591
0.234,4590
0.234,4589
0.235,4588
0.235,4587
0.235,4586
0.236,4585
0.236,4584
0.236,4583
0.237,4582
0.237,4581
0.237,4580
0.237,4579
0.237,4578
0.237,4577
0.238,4576
0.238,4575
0.238,4574
0.239,4573
0.239,4572
0.239,4571
0.239,4570
0.239,4569
0.24,4568
0.24,4567
0.24,4566
0.24,4565
0.24,4564
0.24,4563
0.241,4562
0.242,4561
0.242,4560
0.242,4559
0.242,4558
0.245,4557
0.245,4556
0.245,4555
0.245,4554
0.245,4553
0.246,4552
0.246,4551
0.247,4550
0.247,4549
0.247,4548
0.247,4547
0.247,4546
0.247,4545
0.247,4544
0.248,4543
0.248,4542
0.249,4541
0.249,4540
0.25,4539
0.25,4538
0.25,4537
0.25,4536
0.25,4535
0.25,4534
0.251,4533
0.252,4532
0.252,4531
0.253,4530
0.253,4529
0.254,4528
0.254,4527
0.254,4526
0.256,4525
0.256,4524
0.257,4523
0.257,4522
0.257,4521
0.258,4520
0.258,4519
0.258,4518
0.258,4517
0.258,4516
0.258,4515
0.259,4514
0.259,4513
0.26,4512
0.261,4511
0.261,4510
0.262,4509
0.262,4508
0.263,4507
0.263,4506
0.263,4505
0.263,4504
0.264,4503
0.264,4502
0.264,4501
0.264,4500
0.265,4499
0.265,4498
0.266,4497
0.266,4496
0.266,4495
0.266,4494
0.266,4493
0.267,4492
0.268,4491
0.268,4490
0.268,4489
0.268,4488
0.27,4487
0.27,4486
0.27,4485
0.27,4484
0.271,4483
0.271,4482
0.271,4481
0.272,4480
0.272,4479
0.272,4478
0.272,4477
0.272,4476
0.273,4475
0.273,4474
0.274,4473
0.274,4472
0.274,4471
0.274,4470
0.275,4469
0.275,4468
0.275,4467
0.276,4466
0.276,4465
0.276,4464
0.277,4463
0.277,4462
0.278,4461
0.278,4460
0.278,4459
0.278,4458
0.279,4457
0.279,4456
0.279,4455
0.279,4454
0.28,4453
0.28,4452
0.281,4451
0.281,4450
0.281,4449
0.281,4448
0.282,4447
0.283,4446
0.283,4445
0.283,4444
0.283,4443
0.284,4442
0.285,4441
0.285,4440
0.285,4439
0.285,4438
0.285,4437
0.285,4436
0.287,4435
0.287,4434
0.287,4433
0.288,4432
0.288,4431
0.289,4430
0.292,4429
0.292,4428
0.293,4427
0.293,4426
0.295,4425
0.297,4424
0.297,4423
0.298,4422
0.3,4421
0.3,4420
0.301,4419
0.303,4418
0.305,4417
0.308,4416
0.31,4415
0.311,4414
0.315,4413
0.32,4412
0.32,4411
0.326,4410
0.326,4409
0.33,4408
0.33,4407
0.335,4406
0.339,4405
0.34,4404
0.342,4403
0.342,4402
0.347,4401
0.352,4400
0.355,4399
0.357,4398
0.359,4397
0.359,4396
0.36,4395
0.361,4394
0.364,4393
0.377,4392
0.378,4391
0.383,4390
0.388,4389
0.39,4388
0.405,4387
0.406,4386
0.407,4385
0.408,4384
0.41,4383
0.417,4382
0.417,4381
0.419,4380
0.436,4379
0.439,4378
0.439,4377
0.448,4376
0.554,4375
