0.0,7604
0.001,7603
0.002,7602
0.003,7601
0.003,7600
0.003,7599
0.004,7598
0.004,7597
0.005,7596
0.005,7595
0.006,7594
0.006,7593
0.006,7592
0.007,7591
0.007,7590
0.007,7589
0.007,7588
0.008,7587
0.008,7586
0.009,7585
0.009,7584
0.009,7583
0.01,7582
0.01,7581
0.01,7580
0.01,7579
0.011,7578
0.011,7577
0.011,7576
0.011,7575
0.011,7574
0.011,7573
0.011,7572
0.012,7571
0.012,7570
0.012,7569
0.012,7568
0.012,7567
0.012,7566
0.013,7565
0.013,7564
0.013,7563
0.013,7562
0.013,7561
0.014,7560
0.014,7559
0.014,7558
0.014,7557
0.014,7556
0.014,7555
0.014,7554
0.014,7553
0.015,7552
0.015,7551
0.015,7550
0.015,7549
0.015,7548
0.015,7547
0.015,7546
0.015,7545
0.015,7544
0.015,7543
0.015,7542
0.015,7541
0.015,7540
0.016,7539
0.016,7538
0.016,7537
0.016,7536
0.016,7535
0.016,7534
0.016,7533
0.016,7532
0.016,7531
0.017,7530
0.018,7529
0.018,7528
0.018,7527
0.018,7526
0.018,7525
0.019,7524
0.019,7523
0.019,7522
0.019,7521
0.019,7520
0.019,7519
0.019,7518
0.019,7517
0.019,7516
0.019,7515
0.019,7514
0.019,7513
0.019,7512
0.019,7511
0.019,7510
0.019,7509
0.019,7508
0.02,7507
0.02,7506
0.02,7505
0.02,7504
0.02,7503
0.02,7502
0.02,7501
0.02,7500
0.02,7499
0.02,7498
0.02,7497
0.02,7496
0.02,7495
0.022,7494
0.023,7493
0.023,7492
0.023,7491
0.023,7490
0.023,7489
0.023,7488
0.023,7487
0.023,7486
0.023,7485
0.023,7484
0.023,7483
0.023,7482
0.023,7481
0.023,7480
0.023,7479
0.023,7478
0.023,7477
0.024,7476
0.024,7475
0.024,7474
0.024,7473
0.024,7472
0.024,7471
0.024,7470
0.024,7469
0.024,7468
0.024,7467
0.024,7466
0.024,7465
0.024,7464
0.024,7463
0.024,7462
0.024,7461
0.025,7460
0.025,7459
0.025,7458
0.025,7457
0.025,7456
0.025,7455
0.025,7454
0.025,7453
0.025,7452
0.025,7451
0.025,7450
0.025,7449
0.025,7448
0.025,7447
0.025,7446
0.025,7445
0.025,7444
0.025,7443
0.025,7442
0.026,7441
0.026,7440
0.026,7439
0.026,7438
0.026,7437
0.026,7436
0.026,7435
0.026,7434
0.026,7433
0.026,7432
0.026,7431
0.026,7430
0.026,7429
0.026,7428
0.026,7427
0.026,7426
0.026,7425
0.026,7424
0.026,7423
0.026,7422
0.026,7421
0.027,7420
0.027,7419
0.027,7418
0.027,7417
0.027,7416
0.027,7415
0.027,7414
0.027,7413
0.027,7412
0.027,7411
0.027,7410
0.027,7409
0.027,7408
0.027,7407
0.027,7406
0.027,7405
0.027,7404
0.027,7403
0.027,7402
0.028,7401
0.028,7400
0.028,7399
0.028,7398
0.028,7397
0.028,7396
0.028,7395
0.028,7394
0.028,7393
0.028,7392
0.028,7391
0.028,7390
0.028,7389
0.028,7388
0.028,7387
0.028,7386
0.028,7385
0.028,7384
0.028,7383
0.028,7382
0.029,7381
0.029,7380
0.029,7379
0.029,7378
0.029,7377
0.029,7376
0.029,7375
0.029,7374
0.029,7373
0.029,7372
0.029,7371
0.029,7370
0.029,7369
0.029,7368
0.029,7367
0.029,7366
0.029,7365
0.029,7364
0.029,7363
0.03,7362
0.03,7361
0.03,7360
0.03,7359
0.03,7358
0.03,7357
0.03,7356
0.03,7355
0.03,7354
0.03,7353
0.03,7352
0.03,7351
0.03,7350
0.03,7349
0.03,7348
0.03,7347
0.03,7346
0.031,7345
0.031,7344
0.031,7343
0.031,7342
0.031,7341
0.031,7340
0.031,7339
0.031,7338
0.031,7337
0.031,7336
0.031,7335
0.031,7334
0.031,7333
0.031,7332
0.031,7331
0.031,7330
0.031,7329
0.031,7328
0.031,7327
0.031,7326
0.031,7325
0.032,7324
0.032,7323
0.032,7322
0.032,7321
0.032,7320
0.032,7319
0.032,7318
0.032,7317
0.032,7316
0.032,7315
0.032,7314
0.032,7313
0.032,7312
0.032,7311
0.032,7310
0.032,7309
0.032,7308
0.032,7307
0.032,7306
0.032,7305
0.033,7304
0.033,7303
0.033,7302
0.033,7301
0.033,7300
0.033,7299
0.033,7298
0.033,7297
0.033,7296
0.033,7295
0.033,7294
0.033,7293
0.033,7292
0.033,7291
0.033,7290
0.033,7289
0.033,7288
0.033,7287
0.033,7286
0.033,7285
0.034,7284
0.034,7283
0.034,7282
0.034,7281
0.034,7280
0.034,7279
0.034,7278
0.034,7277
0.034,7276
0.034,7275
0.034,7274
0.034,7273
0.034,7272
0.034,7271
0.034,7270
0.034,7269
0.034,7268
0.034,7267
0.034,7266
0.034,7265
0.034,7264
0.034,7263
0.035,7262
0.035,7261
0.035,7260
0.035,7259
0.035,7258
0.035,7257
0.035,7256
0.035,7255
0.035,7254
0.035,7253
0.035,7252
0.035,7251
0.035,7250
0.035,7249
0.035,7248
0.035,7247
0.035,7246
0.036,7245
0.036,7244
0.036,7243
0.036,7242
0.036,7241
0.036,7240
0.036,7239
0.036,7238
0.036,7237
0.036,7236
0.036,7235
0.036,7234
0.036,7233
0.036,7232
0.036,7231
0.036,7230
0.036,7229
0.036,7228
0.036,7227
0.036,7226
0.036,7225
0.036,7224
0.036,7223
0.037,7222
0.039,7221
0.039,7220
0.039,7219
0.039,7218
0.039,7217
0.039,7216
0.039,7215
0.039,7214
0.04,7213
0.04,7212
0.04,7211
0.04,7210
0.04,7209
0.04,7208
0.04,7207
0.04,7206
0.04,7205
0.04,7204
0.04,7203
0.04,7202
0.04,7201
0.04,7200
0.04,7199
0.041,7198
0.041,7197
0.041,7196
0.041,7195
0.041,7194
0.041,7193
0.041,7192
0.041,7191
0.041,7190
0.041,7189
0.041,7188
0.041,7187
0.041,7186
0.041,7185
0.041,7184
0.041,7183
0.041,7182
0.041,7181
0.041,7180
0.041,7179
0.041,7178
0.041,7177
0.041,7176
0.042,7175
0.042,7174
0.042,7173
0.042,7172
0.042,7171
0.042,7170
0.042,7169
0.042,7168
0.042,7167
0.042,7166
0.042,7165
0.042,7164
0.042,7163
0.042,7162
0.042,7161
0.042,7160
0.042,7159
0.042,7158
0.043,7157
0.043,7156
0.043,7155
0.043,7154
0.043,7153
0.043,7152
0.043,7151
0.043,7150
0.043,7149
0.043,7148
0.043,7147
0.043,7146
0.043,7145
0.043,7144
0.043,7143
0.043,7142
0.043,7141
0.043,7140
0.043,7139
0.043,7138
0.043,7137
0.043,7136
0.043,7135
0.044,7134
0.044,7133
0.044,7132
0.044,7131
0.044,7130
0.044,7129
0.044,7128
0.044,7127
0.044,7126
0.044,7125
0.044,7124
0.044,7123
0.044,7122
0.044,7121
0.044,7120
0.044,7119
0.044,7118
0.044,7117
0.044,7116
0.044,7115
0.044,7114
0.044,7113
0.045,7112
0.045,7111
0.045,7110
0.045,7109
0.045,7108
0.045,7107
0.045,7106
0.045,7105
0.045,7104
0.045,7103
0.045,7102
0.045,7101
0.045,7100
0.045,7099
0.045,7098
0.046,7097
0.046,7096
0.046,7095
0.046,7094
0.046,7093
0.047,7092
0.047,7091
0.047,7090
0.047,7089
0.047,7088
0.047,7087
0.048,7086
0.048,7085
0.048,7084
0.048,7083
0.048,7082
0.048,7081
0.048,7080
0.048,7079
0.048,7078
0.048,7077
0.048,7076
0.048,7075
0.048,7074
0.048,7073
0.048,7072
0.048,7071
0.048,7070
0.048,7069
0.049,7068
0.049,7067
0.049,7066
0.049,7065
0.049,7064
0.049,7063
0.049,7062
0.049,7061
0.049,7060
0.049,7059
0.049,7058
0.049,7057
0.049,7056
0.049,7055
0.049,7054
0.049,7053
0.049,7052
0.049,7051
0.05,7050
0.05,7049
0.05,7048
0.05,7047
0.05,7046
0.05,7045
0.05,7044
0.05,7043
0.05,7042
0.05,7041
0.05,7040
0.05,7039
0.05,7038
0.05,7037
0.05,7036
0.05,7035
0.05,7034
0.05,7033
0.05,7032
0.05,7031
0.05,7030
0.051,7029
0.051,7028
0.051,7027
0.051,7026
0.051,7025
0.051,7024
0.051,7023
0.051,7022
0.051,7021
0.051,7020
0.051,7019
0.051,7018
0.051,7017
0.051,7016
0.051,7015
0.051,7014
0.051,7013
0.051,7012
0.051,7011
0.051,7010
0.052,7009
0.052,7008
0.052,7007
0.052,7006
0.052,7005
0.052,7004
0.052,7003
0.052,7002
0.052,7001
0.052,7000
0.052,6999
0.052,6998
0.052,6997
0.052,6996
0.052,6995
0.052,6994
0.052,6993
0.052,6992
0.052,6991
0.052,6990
0.053,6989
0.053,6988
0.053,6987
0.053,6986
0.053,6985
0.053,6984
0.053,6983
0.053,6982
0.053,6981
0.053,6980
0.053,6979
0.053,6978
0.053,6977
0.053,6976
0.053,6975
0.053,6974
0.053,6973
0.053,6972
0.053,6971
0.053,6970
0.053,6969
0.054,6968
0.054,6967
0.054,6966
0.054,6965
0.054,6964
0.054,6963
0.054,6962
0.054,6961
0.054,6960
0.054,6959
0.054,6958
0.054,6957
0.054,6956
0.054,6955
0.054,6954
0.054,6953
0.054,6952
0.054,6951
0.054,6950
0.054,6949
0.054,6948
0.055,6947
0.055,6946
0.055,6945
0.055,6944
0.055,6943
0.055,6942
0.055,6941
0.055,6940
0.055,6939
0.055,6938
0.055,6937
0.055,6936
0.055,6935
0.055,6934
0.055,6933
0.055,6932
0.055,6931
0.055,6930
0.055,6929
0.055,6928
0.055,6927
0.055,6926
0.056,6925
0.056,6924
0.056,6923
0.056,6922
0.056,6921
0.056,6920
0.056,6919
0.056,6918
0.056,6917
0.056,6916
0.056,6915
0.056,6914
0.056,6913
0.056,6912
0.056,6911
0.056,6910
0.056,6909
0.056,6908
0.056,6907
0.056,6906
0.056,6905
0.056,6904
0.056,6903
0.056,6902
0.056,6901
0.057,6900
0.057,6899
0.057,6898
0.057,6897
0.057,6896
0.057,6895
0.057,6894
0.057,6893
0.057,6892
0.057,6891
0.057,6890
0.057,6889
0.057,6888
0.057,6887
0.057,6886
0.057,6885
0.057,6884
0.057,6883
0.057,6882
0.057,6881
0.057,6880
0.057,6879
0.057,6878
0.058,6877
0.058,6876
0.058,6875
0.058,6874
0.058,6873
0.058,6872
0.058,6871
0.058,6870
0.058,6869
0.058,6868
0.058,6867
0.058,6866
0.058,6865
0.058,6864
0.058,6863
0.058,6862
0.058,6861
0.058,6860
0.058,6859
0.058,6858
0.058,6857
0.058,6856
0.058,6855
0.058,6854
0.058,6853
0.059,6852
0.059,6851
0.059,6850
0.059,6849
0.059,6848
0.059,6847
0.059,6846
0.059,6845
0.059,6844
0.059,6843
0.059,6842
0.059,6841
0.059,6840
0.059,6839
0.059,6838
0.059,6837
0.059,6836
0.059,6835
0.059,6834
0.059,6833
0.06,6832
0.06,6831
0.06,6830
0.06,6829
0.06,6828
0.06,6827
0.06,6826
0.06,6825
0.06,6824
0.06,6823
0.06,6822
0.06,6821
0.06,6820
0.06,6819
0.06,6818
0.06,6817
0.06,6816
0.06,6815
0.06,6814
0.06,6813
0.06,6812
0.06,6811
0.061,6810
0.061,6809
0.061,6808
0.061,6807
0.061,6806
0.061,6805
0.061,6804
0.061,6803
0.061,6802
0.061,6801
0.061,6800
0.061,6799
0.061,6798
0.061,6797
0.061,6796
0.061,6795
0.061,6794
0.061,6793
0.061,6792
0.061,6791
0.061,6790
0.061,6789
0.061,6788
0.061,6787
0.062,6786
0.062,6785
0.062,6784
0.062,6783
0.062,6782
0.062,6781
0.062,6780
0.062,6779
0.062,6778
0.062,6777
0.062,6776
0.062,6775
0.062,6774
0.062,6773
0.062,6772
0.062,6771
0.062,6770
0.062,6769
0.062,6768
0.062,6767
0.063,6766
0.063,6765
0.063,6764
0.063,6763
0.063,6762
0.063,6761
0.063,6760
0.063,6759
0.063,6758
0.063,6757
0.063,6756
0.063,6755
0.063,6754
0.063,6753
0.063,6752
0.063,6751
0.063,6750
0.063,6749
0.063,6748
0.063,6747
0.064,6746
0.064,6745
0.064,6744
0.064,6743
0.064,6742
0.064,6741
0.064,6740
0.064,6739
0.064,6738
0.064,6737
0.064,6736
0.064,6735
0.064,6734
0.064,6733
0.064,6732
0.064,6731
0.064,6730
0.064,6729
0.064,6728
0.064,6727
0.064,6726
0.064,6725
0.065,6724
0.065,6723
0.065,6722
0.065,6721
0.065,6720
0.065,6719
0.065,6718
0.065,6717
0.065,6716
0.065,6715
0.065,6714
0.065,6713
0.065,6712
0.065,6711
0.065,6710
0.065,6709
0.065,6708
0.065,6707
0.065,6706
0.066,6705
0.066,6704
0.066,6703
0.066,6702
0.066,6701
0.066,6700
0.066,6699
0.066,6698
0.066,6697
0.066,6696
0.066,6695
0.066,6694
0.066,6693
0.066,6692
0.066,6691
0.066,6690
0.066,6689
0.066,6688
0.066,6687
0.066,6686
0.066,6685
0.066,6684
0.066,6683
0.067,6682
0.067,6681
0.067,6680
0.067,6679
0.067,6678
0.067,6677
0.067,6676
0.067,6675
0.067,6674
0.067,6673
0.067,6672
0.067,6671
0.067,6670
0.067,6669
0.067,6668
0.067,6667
0.067,6666
0.067,6665
0.067,6664
0.067,6663
0.067,6662
0.068,6661
0.068,6660
0.068,6659
0.068,6658
0.068,6657
0.068,6656
0.068,6655
0.068,6654
0.068,6653
0.068,6652
0.068,6651
0.068,6650
0.068,6649
0.068,6648
0.068,6647
0.068,6646
0.068,6645
0.068,6644
0.068,6643
0.068,6642
0.068,6641
0.068,6640
0.068,6639
0.068,6638
0.068,6637
0.068,6636
0.069,6635
0.069,6634
0.069,6633
0.069,6632
0.069,6631
0.069,6630
0.069,6629
0.069,6628
0.069,6627
0.069,6626
0.069,6625
0.069,6624
0.069,6623
0.069,6622
0.069,6621
0.069,6620
0.069,6619
0.069,6618
0.069,6617
0.069,6616
0.069,6615
0.069,6614
0.069,6613
0.069,6612
0.069,6611
0.069,6610
0.069,6609
0.07,6608
0.07,6607
0.07,6606
0.07,6605
0.07,6604
0.07,6603
0.07,6602
0.07,6601
0.07,6600
0.07,6599
0.07,6598
0.07,6597
0.07,6596
0.07,6595
0.07,6594
0.07,6593
0.07,6592
0.07,6591
0.07,6590
0.07,6589
0.07,6588
0.07,6587
0.07,6586
0.071,6585
0.071,6584
0.071,6583
0.071,6582
0.071,6581
0.071,6580
0.071,6579
0.071,6578
0.071,6577
0.071,6576
0.071,6575
0.071,6574
0.071,6573
0.071,6572
0.071,6571
0.071,6570
0.071,6569
0.072,6568
0.072,6567
0.072,6566
0.072,6565
0.072,6564
0.072,6563
0.072,6562
0.072,6561
0.072,6560
0.072,6559
0.072,6558
0.072,6557
0.072,6556
0.072,6555
0.072,6554
0.072,6553
0.072,6552
0.072,6551
0.072,6550
0.072,6549
0.072,6548
0.072,6547
0.072,6546
0.073,6545
0.073,6544
0.073,6543
0.073,6542
0.073,6541
0.073,6540
0.073,6539
0.073,6538
0.073,6537
0.073,6536
0.073,6535
0.073,6534
0.073,6533
0.073,6532
0.073,6531
0.073,6530
0.073,6529
0.073,6528
0.073,6527
0.073,6526
0.073,6525
0.073,6524
0.074,6523
0.074,6522
0.074,6521
0.074,6520
0.074,6519
0.074,6518
0.074,6517
0.074,6516
0.074,6515
0.074,6514
0.074,6513
0.074,6512
0.074,6511
0.074,6510
0.074,6509
0.074,6508
0.074,6507
0.074,6506
0.074,6505
0.074,6504
0.074,6503
0.074,6502
0.075,6501
0.075,6500
0.075,6499
0.075,6498
0.075,6497
0.075,6496
0.075,6495
0.075,6494
0.075,6493
0.075,6492
0.075,6491
0.075,6490
0.075,6489
0.075,6488
0.075,6487
0.075,6486
0.075,6485
0.075,6484
0.075,6483
0.075,6482
0.075,6481
0.075,6480
0.075,6479
0.075,6478
0.076,6477
0.076,6476
0.076,6475
0.076,6474
0.076,6473
0.076,6472
0.076,6471
0.076,6470
0.076,6469
0.076,6468
0.076,6467
0.076,6466
0.076,6465
0.076,6464
0.076,6463
0.076,6462
0.076,6461
0.076,6460
0.076,6459
0.076,6458
0.076,6457
0.077,6456
0.077,6455
0.077,6454
0.077,6453
0.077,6452
0.077,6451
0.077,6450
0.077,6449
0.077,6448
0.077,6447
0.077,6446
0.077,6445
0.077,6444
0.077,6443
0.077,6442
0.077,6441
0.078,6440
0.078,6439
0.078,6438
0.078,6437
0.078,6436
0.078,6435
0.078,6434
0.078,6433
0.078,6432
0.078,6431
0.078,6430
0.078,6429
0.078,6428
0.078,6427
0.078,6426
0.079,6425
0.079,6424
0.079,6423
0.079,6422
0.079,6421
0.079,6420
0.079,6419
0.079,6418
0.079,6417
0.079,6416
0.079,6415
0.079,6414
0.079,6413
0.079,6412
0.079,6411
0.079,6410
0.079,6409
0.079,6408
0.079,6407
0.079,6406
0.079,6405
0.079,6404
0.079,6403
0.079,6402
0.079,6401
0.08,6400
0.08,6399
0.08,6398
0.08,6397
0.08,6396
0.08,6395
0.08,6394
0.08,6393
0.08,6392
0.08,6391
0.08,6390
0.08,6389
0.08,6388
0.08,6387
0.08,6386
0.08,6385
0.08,6384
0.08,6383
0.08,6382
0.08,6381
0.08,6380
0.08,6379
0.08,6378
0.08,6377
0.08,6376
0.081,6375
0.081,6374
0.081,6373
0.081,6372
0.081,6371
0.081,6370
0.081,6369
0.081,6368
0.081,6367
0.081,6366
0.081,6365
0.081,6364
0.081,6363
0.081,6362
0.081,6361
0.081,6360
0.081,6359
0.081,6358
0.081,6357
0.081,6356
0.082,6355
0.082,6354
0.082,6353
0.082,6352
0.082,6351
0.082,6350
0.082,6349
0.082,6348
0.082,6347
0.082,6346
0.082,6345
0.082,6344
0.082,6343
0.082,6342
0.082,6341
0.082,6340
0.082,6339
0.082,6338
0.082,6337
0.082,6336
0.082,6335
0.082,6334
0.082,6333
0.083,6332
0.083,6331
0.083,6330
0.083,6329
0.083,6328
0.083,6327
0.083,6326
0.083,6325
0.083,6324
0.083,6323
0.083,6322
0.083,6321
0.083,6320
0.083,6319
0.083,6318
0.083,6317
0.083,6316
0.083,6315
0.083,6314
0.083,6313
0.083,6312
0.083,6311
0.084,6310
0.084,6309
0.084,6308
0.084,6307
0.084,6306
0.084,6305
0.084,6304
0.084,6303
0.084,6302
0.084,6301
0.084,6300
0.084,6299
0.084,6298
0.084,6297
0.084,6296
0.084,6295
0.084,6294
0.084,6293
0.084,6292
0.084,6291
0.084,6290
0.085,6289
0.085,6288
0.085,6287
0.085,6286
0.085,6285
0.085,6284
0.085,6283
0.085,6282
0.085,6281
0.085,6280
0.085,6279
0.085,6278
0.085,6277
0.085,6276
0.085,6275
0.086,6274
0.086,6273
0.086,6272
0.086,6271
0.086,6270
0.086,6269
0.086,6268
0.086,6267
0.086,6266
0.086,6265
0.086,6264
0.086,6263
0.086,6262
0.086,6261
0.086,6260
0.086,6259
0.086,6258
0.087,6257
0.087,6256
0.087,6255
0.087,6254
0.087,6253
0.087,6252
0.087,6251
0.087,6250
0.087,6249
0.087,6248
0.087,6247
0.087,6246
0.087,6245
0.087,6244
0.087,6243
0.087,6242
0.087,6241
0.087,6240
0.088,6239
0.088,6238
0.088,6237
0.088,6236
0.088,6235
0.088,6234
0.088,6233
0.088,6232
0.088,6231
0.088,6230
0.088,6229
0.088,6228
0.088,6227
0.088,6226
0.088,6225
0.088,6224
0.088,6223
0.088,6222
0.088,6221
0.089,6220
0.089,6219
0.089,6218
0.089,6217
0.089,6216
0.089,6215
0.089,6214
0.089,6213
0.092,6212
0.092,6211
0.092,6210
0.092,6209
0.092,6208
0.092,6207
0.092,6206
0.092,6205
0.092,6204
0.092,6203
0.092,6202
0.092,6201
0.092,6200
0.092,6199
0.092,6198
0.092,6197
0.092,6196
0.092,6195
0.092,6194
0.092,6193
0.092,6192
0.092,6191
0.093,6190
0.093,6189
0.093,6188
0.093,6187
0.093,6186
0.093,6185
0.093,6184
0.093,6183
0.093,6182
0.093,6181
0.093,6180
0.093,6179
0.093,6178
0.093,6177
0.093,6176
0.093,6175
0.093,6174
0.093,6173
0.094,6172
0.094,6171
0.094,6170
0.094,6169
0.094,6168
0.094,6167
0.094,6166
0.094,6165
0.094,6164
0.094,6163
0.094,6162
0.094,6161
0.094,6160
0.094,6159
0.094,6158
0.094,6157
0.094,6156
0.094,6155
0.094,6154
0.094,6153
0.094,6152
0.094,6151
0.094,6150
0.094,6149
0.094,6148
0.094,6147
0.094,6146
0.094,6145
0.094,6144
0.095,6143
0.095,6142
0.095,6141
0.095,6140
0.095,6139
0.095,6138
0.095,6137
0.095,6136
0.095,6135
0.095,6134
0.095,6133
0.095,6132
0.095,6131
0.095,6130
0.095,6129
0.095,6128
0.095,6127
0.095,6126
0.095,6125
0.095,6124
0.095,6123
0.095,6122
0.095,6121
0.095,6120
0.095,6119
0.096,6118
0.096,6117
0.096,6116
0.096,6115
0.096,6114
0.096,6113
0.096,6112
0.096,6111
0.096,6110
0.096,6109
0.096,6108
0.096,6107
0.096,6106
0.096,6105
0.096,6104
0.096,6103
0.096,6102
0.096,6101
0.096,6100
0.097,6099
0.097,6098
0.097,6097
0.097,6096
0.097,6095
0.097,6094
0.097,6093
0.097,6092
0.097,6091
0.097,6090
0.097,6089
0.097,6088
0.097,6087
0.097,6086
0.097,6085
0.097,6084
0.097,6083
0.097,6082
0.097,6081
0.097,6080
0.097,6079
0.097,6078
0.097,6077
0.098,6076
0.098,6075
0.098,6074
0.098,6073
0.098,6072
0.098,6071
0.098,6070
0.098,6069
0.098,6068
0.098,6067
0.098,6066
0.098,6065
0.098,6064
0.098,6063
0.098,6062
0.098,6061
0.098,6060
0.098,6059
0.098,6058
0.098,6057
0.098,6056
0.098,6055
0.098,6054
0.098,6053
0.098,6052
0.098,6051
0.098,6050
0.098,6049
0.098,6048
0.099,6047
0.099,6046
0.099,6045
0.099,6044
0.099,6043
0.099,6042
0.099,6041
0.099,6040
0.099,6039
0.099,6038
0.099,6037
0.099,6036
0.099,6035
0.099,6034
0.099,6033
0.099,6032
0.099,6031
0.099,6030
0.099,6029
0.099,6028
0.099,6027
0.099,6026
0.099,6025
0.099,6024
0.099,6023
0.1,6022
0.1,6021
0.1,6020
0.1,6019
0.1,6018
0.1,6017
0.1,6016
0.1,6015
0.1,6014
0.1,6013
0.1,6012
0.1,6011
0.1,6010
0.1,6009
0.1,6008
0.1,6007
0.1,6006
0.1,6005
0.1,6004
0.1,6003
0.1,6002
0.1,6001
0.1,6000
0.1,5999
0.101,5998
0.101,5997
0.101,5996
0.101,5995
0.101,5994
0.101,5993
0.101,5992
0.101,5991
0.101,5990
0.101,5989
0.101,5988
0.101,5987
0.101,5986
0.101,5985
0.101,5984
0.101,5983
0.101,5982
0.101,5981
0.101,5980
0.101,5979
0.102,5978
0.102,5977
0.102,5976
0.102,5975
0.102,5974
0.102,5973
0.102,5972
0.102,5971
0.102,5970
0.102,5969
0.102,5968
0.102,5967
0.102,5966
0.102,5965
0.102,5964
0.102,5963
0.102,5962
0.102,5961
0.102,5960
0.102,5959
0.102,5958
0.102,5957
0.102,5956
0.102,5955
0.102,5954
0.102,5953
0.102,5952
0.102,5951
0.102,5950
0.103,5949
0.103,5948
0.103,5947
0.103,5946
0.103,5945
0.103,5944
0.103,5943
0.103,5942
0.103,5941
0.103,5940
0.103,5939
0.103,5938
0.103,5937
0.103,5936
0.103,5935
0.103,5934
0.103,5933
0.103,5932
0.103,5931
0.104,5930
0.104,5929
0.104,5928
0.104,5927
0.104,5926
0.104,5925
0.104,5924
0.104,5923
0.104,5922
0.104,5921
0.104,5920
0.104,5919
0.104,5918
0.104,5917
0.104,5916
0.104,5915
0.104,5914
0.104,5913
0.104,5912
0.104,5911
0.104,5910
0.104,5909
0.104,5908
0.104,5907
0.104,5906
0.104,5905
0.105,5904
0.105,5903
0.105,5902
0.105,5901
0.105,5900
0.105,5899
0.105,5898
0.105,5897
0.105,5896
0.105,5895
0.105,5894
0.105,5893
0.105,5892
0.105,5891
0.105,5890
0.105,5889
0.105,5888
0.105,5887
0.105,5886
0.105,5885
0.105,5884
0.105,5883
0.105,5882
0.105,5881
0.105,5880
0.105,5879
0.105,5878
0.105,5877
0.105,5876
0.105,5875
0.105,5874
0.105,5873
0.105,5872
0.105,5871
0.105,5870
0.106,5869
0.106,5868
0.106,5867
0.106,5866
0.106,5865
0.106,5864
0.106,5863
0.106,5862
0.106,5861
0.106,5860
0.106,5859
0.106,5858
0.106,5857
0.106,5856
0.106,5855
0.106,5854
0.106,5853
0.106,5852
0.106,5851
0.106,5850
0.106,5849
0.106,5848
0.106,5847
0.106,5846
0.106,5845
0.106,5844
0.107,5843
0.107,5842
0.107,5841
0.107,5840
0.107,5839
0.107,5838
0.107,5837
0.107,5836
0.107,5835
0.107,5834
0.107,5833
0.107,5832
0.107,5831
0.107,5830
0.107,5829
0.107,5828
0.107,5827
0.108,5826
0.108,5825
0.108,5824
0.108,5823
0.108,5822
0.108,5821
0.108,5820
0.108,5819
0.108,5818
0.108,5817
0.108,5816
0.108,5815
0.108,5814
0.108,5813
0.108,5812
0.108,5811
0.108,5810
0.108,5809
0.109,5808
0.109,5807
0.109,5806
0.109,5805
0.109,5804
0.109,5803
0.109,5802
0.109,5801
0.109,5800
0.109,5799
0.109,5798
0.109,5797
0.109,5796
0.109,5795
0.109,5794
0.109,5793
0.109,5792
0.109,5791
0.109,5790
0.109,5789
0.109,5788
0.109,5787
0.109,5786
0.11,5785
0.11,5784
0.11,5783
0.11,5782
0.11,5781
0.11,5780
0.11,5779
0.11,5778
0.11,5777
0.11,5776
0.11,5775
0.11,5774
0.11,5773
0.11,5772
0.11,5771
0.11,5770
0.11,5769
0.11,5768
0.11,5767
0.11,5766
0.11,5765
0.11,5764
0.111,5763
0.111,5762
0.111,5761
0.111,5760
0.111,5759
0.111,5758
0.111,5757
0.111,5756
0.111,5755
0.111,5754
0.111,5753
0.111,5752
0.111,5751
0.111,5750
0.111,5749
0.112,5748
0.112,5747
0.112,5746
0.112,5745
0.112,5744
0.112,5743
0.112,5742
0.112,5741
0.112,5740
0.112,5739
0.112,5738
0.112,5737
0.112,5736
0.112,5735
0.112,5734
0.112,5733
0.112,5732
0.112,5731
0.112,5730
0.112,5729
0.112,5728
0.113,5727
0.113,5726
0.113,5725
0.113,5724
0.113,5723
0.113,5722
0.113,5721
0.113,5720
0.113,5719
0.113,5718
0.113,5717
0.113,5716
0.113,5715
0.113,5714
0.113,5713
0.113,5712
0.113,5711
0.113,5710
0.113,5709
0.113,5708
0.114,5707
0.114,5706
0.114,5705
0.114,5704
0.114,5703
0.114,5702
0.114,5701
0.114,5700
0.114,5699
0.114,5698
0.114,5697
0.114,5696
0.114,5695
0.114,5694
0.114,5693
0.114,5692
0.114,5691
0.114,5690
0.114,5689
0.114,5688
0.114,5687
0.114,5686
0.114,5685
0.114,5684
0.115,5683
0.115,5682
0.115,5681
0.115,5680
0.115,5679
0.115,5678
0.115,5677
0.115,5676
0.115,5675
0.115,5674
0.115,5673
0.115,5672
0.115,5671
0.115,5670
0.115,5669
0.115,5668
0.115,5667
0.115,5666
0.115,5665
0.115,5664
0.115,5663
0.116,5662
0.116,5661
0.116,5660
0.116,5659
0.116,5658
0.116,5657
0.116,5656
0.116,5655
0.116,5654
0.116,5653
0.116,5652
0.116,5651
0.116,5650
0.116,5649
0.116,5648
0.116,5647
0.116,5646
0.116,5645
0.116,5644
0.116,5643
0.117,5642
0.117,5641
0.117,5640
0.117,5639
0.117,5638
0.117,5637
0.117,5636
0.117,5635
0.117,5634
0.117,5633
0.117,5632
0.117,5631
0.117,5630
0.117,5629
0.117,5628
0.117,5627
0.117,5626
0.117,5625
0.117,5624
0.117,5623
0.117,5622
0.117,5621
0.117,5620
0.117,5619
0.117,5618
0.117,5617
0.117,5616
0.117,5615
0.117,5614
0.117,5613
0.117,5612
0.117,5611
0.118,5610
0.118,5609
0.118,5608
0.118,5607
0.118,5606
0.118,5605
0.118,5604
0.118,5603
0.118,5602
0.118,5601
0.118,5600
0.118,5599
0.118,5598
0.118,5597
0.118,5596
0.118,5595
0.118,5594
0.118,5593
0.118,5592
0.118,5591
0.118,5590
0.118,5589
0.118,5588
0.118,5587
0.118,5586
0.118,5585
0.119,5584
0.119,5583
0.119,5582
0.119,5581
0.119,5580
0.119,5579
0.119,5578
0.119,5577
0.119,5576
0.119,5575
0.119,5574
0.119,5573
0.119,5572
0.119,5571
0.119,5570
0.119,5569
0.119,5568
0.119,5567
0.119,5566
0.119,5565
0.119,5564
0.119,5563
0.119,5562
0.12,5561
0.12,5560
0.12,5559
0.12,5558
0.12,5557
0.12,5556
0.12,5555
0.12,5554
0.12,5553
0.12,5552
0.12,5551
0.12,5550
0.12,5549
0.12,5548
0.12,5547
0.12,5546
0.12,5545
0.12,5544
0.12,5543
0.12,5542
0.12,5541
0.121,5540
0.121,5539
0.121,5538
0.121,5537
0.121,5536
0.121,5535
0.121,5534
0.121,5533
0.121,5532
0.121,5531
0.121,5530
0.121,5529
0.121,5528
0.121,5527
0.121,5526
0.121,5525
0.121,5524
0.121,5523
0.121,5522
0.121,5521
0.121,5520
0.121,5519
0.121,5518
0.121,5517
0.122,5516
0.122,5515
0.122,5514
0.122,5513
0.122,5512
0.122,5511
0.122,5510
0.122,5509
0.122,5508
0.122,5507
0.122,5506
0.122,5505
0.122,5504
0.122,5503
0.122,5502
0.122,5501
0.122,5500
0.122,5499
0.123,5498
0.123,5497
0.123,5496
0.123,5495
0.123,5494
0.123,5493
0.123,5492
0.123,5491
0.123,5490
0.123,5489
0.123,5488
0.123,5487
0.123,5486
0.123,5485
0.123,5484
0.123,5483
0.123,5482
0.124,5481
0.124,5480
0.124,5479
0.124,5478
0.124,5477
0.124,5476
0.124,5475
0.124,5474
0.124,5473
0.124,5472
0.124,5471
0.124,5470
0.124,5469
0.124,5468
0.124,5467
0.124,5466
0.124,5465
0.124,5464
0.124,5463
0.124,5462
0.125,5461
0.125,5460
0.125,5459
0.125,5458
0.125,5457
0.125,5456
0.125,5455
0.125,5454
0.125,5453
0.125,5452
0.125,5451
0.125,5450
0.125,5449
0.125,5448
0.125,5447
0.125,5446
0.125,5445
0.125,5444
0.125,5443
0.126,5442
0.126,5441
0.126,5440
0.126,5439
0.126,5438
0.126,5437
0.126,5436
0.126,5435
0.126,5434
0.126,5433
0.126,5432
0.126,5431
0.127,5430
0.127,5429
0.127,5428
0.127,5427
0.127,5426
0.127,5425
0.127,5424
0.127,5423
0.127,5422
0.127,5421
0.127,5420
0.127,5419
0.127,5418
0.127,5417
0.127,5416
0.127,5415
0.127,5414
0.127,5413
0.127,5412
0.127,5411
0.128,5410
0.128,5409
0.128,5408
0.128,5407
0.128,5406
0.128,5405
0.128,5404
0.128,5403
0.128,5402
0.128,5401
0.128,5400
0.128,5399
0.128,5398
0.128,5397
0.128,5396
0.128,5395
0.128,5394
0.128,5393
0.128,5392
0.128,5391
0.128,5390
0.129,5389
0.129,5388
0.129,5387
0.129,5386
0.129,5385
0.129,5384
0.129,5383
0.129,5382
0.129,5381
0.129,5380
0.129,5379
0.129,5378
0.129,5377
0.129,5376
0.13,5375
0.13,5374
0.13,5373
0.13,5372
0.13,5371
0.13,5370
0.13,5369
0.13,5368
0.13,5367
0.13,5366
0.13,5365
0.13,5364
0.13,5363
0.13,5362
0.13,5361
0.13,5360
0.13,5359
0.13,5358
0.13,5357
0.13,5356
0.13,5355
0.131,5354
0.131,5353
0.131,5352
0.131,5351
0.131,5350
0.131,5349
0.131,5348
0.131,5347
0.131,5346
0.131,5345
0.131,5344
0.131,5343
0.131,5342
0.131,5341
0.131,5340
0.132,5339
0.132,5338
0.132,5337
0.132,5336
0.132,5335
0.132,5334
0.132,5333
0.132,5332
0.132,5331
0.132,5330
0.132,5329
0.132,5328
0.133,5327
0.133,5326
0.133,5325
0.133,5324
0.133,5323
0.133,5322
0.133,5321
0.133,5320
0.133,5319
0.133,5318
0.133,5317
0.133,5316
0.133,5315
0.133,5314
0.134,5313
0.134,5312
0.134,5311
0.134,5310
0.134,5309
0.134,5308
0.134,5307
0.134,5306
0.134,5305
0.134,5304
0.134,5303
0.134,5302
0.134,5301
0.134,5300
0.134,5299
0.134,5298
0.134,5297
0.134,5296
0.134,5295
0.135,5294
0.135,5293
0.135,5292
0.135,5291
0.135,5290
0.135,5289
0.135,5288
0.135,5287
0.135,5286
0.135,5285
0.135,5284
0.135,5283
0.135,5282
0.136,5281
0.136,5280
0.136,5279
0.136,5278
0.136,5277
0.136,5276
0.136,5275
0.136,5274
0.136,5273
0.136,5272
0.136,5271
0.136,5270
0.136,5269
0.136,5268
0.136,5267
0.136,5266
0.136,5265
0.136,5264
0.136,5263
0.136,5262
0.136,5261
0.137,5260
0.137,5259
0.137,5258
0.137,5257
0.137,5256
0.137,5255
0.137,5254
0.137,5253
0.137,5252
0.137,5251
0.137,5250
0.138,5249
0.138,5248
0.138,5247
0.138,5246
0.138,5245
0.138,5244
0.138,5243
0.138,5242
0.138,5241
0.138,5240
0.138,5239
0.138,5238
0.141,5237
0.141,5236
0.141,5235
0.141,5234
0.141,5233
0.141,5232
0.141,5231
0.141,5230
0.141,5229
0.141,5228
0.141,5227
0.141,5226
0.141,5225
0.142,5224
0.142,5223
0.142,5222
0.142,5221
0.142,5220
0.142,5219
0.142,5218
0.142,5217
0.142,5216
0.142,5215
0.142,5214
0.142,5213
0.142,5212
0.142,5211
0.142,5210
0.142,5209
0.142,5208
0.142,5207
0.142,5206
0.142,5205
0.143,5204
0.143,5203
0.143,5202
0.143,5201
0.143,5200
0.143,5199
0.143,5198
0.143,5197
0.143,5196
0.143,5195
0.143,5194
0.143,5193
0.143,5192
0.143,5191
0.144,5190
0.144,5189
0.144,5188
0.144,5187
0.144,5186
0.144,5185
0.144,5184
0.144,5183
0.144,5182
0.144,5181
0.144,5180
0.144,5179
0.144,5178
0.144,5177
0.144,5176
0.144,5175
0.144,5174
0.144,5173
0.144,5172
0.144,5171
0.145,5170
0.145,5169
0.145,5168
0.145,5167
0.145,5166
0.145,5165
0.145,5164
0.145,5163
0.145,5162
0.145,5161
0.145,5160
0.145,5159
0.145,5158
0.146,5157
0.146,5156
0.146,5155
0.146,5154
0.146,5153
0.146,5152
0.146,5151
0.146,5150
0.147,5149
0.147,5148
0.147,5147
0.147,5146
0.147,5145
0.147,5144
0.147,5143
0.147,5142
0.147,5141
0.147,5140
0.147,5139
0.148,5138
0.148,5137
0.148,5136
0.148,5135
0.148,5134
0.148,5133
0.148,5132
0.148,5131
0.148,5130
0.148,5129
0.148,5128
0.148,5127
0.148,5126
0.149,5125
0.149,5124
0.149,5123
0.149,5122
0.149,5121
0.149,5120
0.149,5119
0.149,5118
0.149,5117
0.149,5116
0.149,5115
0.149,5114
0.149,5113
0.15,5112
0.15,5111
0.15,5110
0.15,5109
0.15,5108
0.15,5107
0.15,5106
0.15,5105
0.15,5104
0.15,5103
0.151,5102
0.151,5101
0.151,5100
0.151,5099
0.151,5098
0.151,5097
0.151,5096
0.151,5095
0.151,5094
0.151,5093
0.151,5092
0.151,5091
0.151,5090
0.151,5089
0.151,5088
0.152,5087
0.152,5086
0.152,5085
0.152,5084
0.152,5083
0.152,5082
0.152,5081
0.152,5080
0.152,5079
0.152,5078
0.152,5077
0.152,5076
0.153,5075
0.153,5074
0.153,5073
0.153,5072
0.153,5071
0.153,5070
0.153,5069
0.153,5068
0.153,5067
0.153,5066
0.153,5065
0.153,5064
0.153,5063
0.154,5062
0.154,5061
0.154,5060
0.154,5059
0.154,5058
0.154,5057
0.154,5056
0.154,5055
0.154,5054
0.154,5053
0.154,5052
0.154,5051
0.155,5050
0.155,5049
0.155,5048
0.155,5047
0.155,5046
0.155,5045
0.155,5044
0.155,5043
0.155,5042
0.155,5041
0.155,5040
0.155,5039
0.155,5038
0.155,5037
0.155,5036
0.156,5035
0.156,5034
0.156,5033
0.156,5032
0.156,5031
0.156,5030
0.156,5029
0.156,5028
0.156,5027
0.156,5026
0.156,5025
0.156,5024
0.156,5023
0.156,5022
0.157,5021
0.157,5020
0.157,5019
0.157,5018
0.157,5017
0.157,5016
0.157,5015
0.157,5014
0.157,5013
0.157,5012
0.158,5011
0.158,5010
0.158,5009
0.158,5008
0.158,5007
0.158,5006
0.158,5005
0.158,5004
0.158,5003
0.158,5002
0.158,5001
0.158,5000
0.158,4999
0.158,4998
0.158,4997
0.158,4996
0.158,4995
0.159,4994
0.159,4993
0.159,4992
0.159,4991
0.159,4990
0.159,4989
0.159,4988
0.159,4987
0.159,4986
0.159,4985
0.159,4984
0.159,4983
0.16,4982
0.16,4981
0.16,4980
0.16,4979
0.16,4978
0.16,4977
0.16,4976
0.16,4975
0.16,4974
0.16,4973
0.16,4972
0.16,4971
0.16,4970
0.16,4969
0.16,4968
0.16,4967
0.16,4966
0.161,4965
0.161,4964
0.161,4963
0.161,4962
0.161,4961
0.161,4960
0.161,4959
0.162,4958
0.162,4957
0.162,4956
0.162,4955
0.162,4954
0.162,4953
0.162,4952
0.162,4951
0.162,4950
0.162,4949
0.163,4948
0.163,4947
0.163,4946
0.163,4945
0.163,4944
0.163,4943
0.164,4942
0.164,4941
0.164,4940
0.164,4939
0.164,4938
0.164,4937
0.164,4936
0.164,4935
0.164,4934
0.165,4933
0.165,4932
0.165,4931
0.165,4930
0.165,4929
0.165,4928
0.165,4927
0.165,4926
0.165,4925
0.165,4924
0.166,4923
0.166,4922
0.166,4921
0.166,4920
0.166,4919
0.166,4918
0.166,4917
0.166,4916
0.167,4915
0.167,4914
0.167,4913
0.167,4912
0.167,4911
0.167,4910
0.167,4909
0.167,4908
0.168,4907
0.168,4906
0.168,4905
0.168,4904
0.168,4903
0.168,4902
0.168,4901
0.168,4900
0.168,4899
0.168,4898
0.168,4897
0.168,4896
0.169,4895
0.169,4894
0.169,4893
0.169,4892
0.169,4891
0.169,4890
0.169,4889
0.169,4888
0.169,4887
0.169,4886
0.169,4885
0.169,4884
0.17,4883
0.17,4882
0.17,4881
0.17,4880
0.17,4879
0.171,4878
0.171,4877
0.171,4876
0.171,4875
0.171,4874
0.171,4873
0.172,4872
0.172,4871
0.172,4870
0.172,4869
0.172,4868
0.172,4867
0.172,4866
0.172,4865
0.172,4864
0.172,4863
0.172,4862
0.172,4861
0.172,4860
0.172,4859
0.172,4858
0.172,4857
0.173,4856
0.173,4855
0.173,4854
0.173,4853
0.173,4852
0.173,4851
0.173,4850
0.173,4849
0.173,4848
0.173,4847
0.173,4846
0.173,4845
0.174,4844
0.174,4843
0.174,4842
0.174,4841
0.174,4840
0.174,4839
0.174,4838
0.174,4837
0.174,4836
0.174,4835
0.174,4834
0.174,4833
0.174,4832
0.174,4831
0.175,4830
0.175,4829
0.175,4828
0.175,4827
0.175,4826
0.175,4825
0.175,4824
0.175,4823
0.175,4822
0.176,4821
0.176,4820
0.176,4819
0.176,4818
0.176,4817
0.176,4816
0.176,4815
0.176,4814
0.176,4813
0.177,4812
0.177,4811
0.177,4810
0.177,4809
0.177,4808
0.177,4807
0.177,4806
0.177,4805
0.177,4804
0.178,4803
0.178,4802
0.178,4801
0.178,4800
0.178,4799
0.179,4798
0.179,4797
0.179,4796
0.179,4795
0.179,4794
0.179,4793
0.179,4792
0.179,4791
0.18,4790
0.18,4789
0.18,4788
0.18,4787
0.18,4786
0.18,4785
0.18,4784
0.18,4783
0.18,4782
0.18,4781
0.18,4780
0.18,4779
0.18,4778
0.181,4777
0.181,4776
0.181,4775
0.181,4774
0.181,4773
0.182,4772
0.182,4771
0.182,4770
0.182,4769
0.182,4768
0.182,4767
0.182,4766
0.182,4765
0.182,4764
0.183,4763
0.183,4762
0.183,4761
0.183,4760
0.183,4759
0.183,4758
0.183,4757
0.183,4756
0.185,4755
0.185,4754
0.186,4753
0.186,4752
0.186,4751
0.186,4750
0.186,4749
0.186,4748
0.186,4747
0.186,4746
0.186,4745
0.186,4744
0.187,4743
0.187,4742
0.187,4741
0.187,4740
0.187,4739
0.187,4738
0.187,4737
0.188,4736
0.188,4735
0.188,4734
0.188,4733
0.188,4732
0.188,4731
0.188,4730
0.188,4729
0.188,4728
0.188,4727
0.189,4726
0.189,4725
0.189,4724
0.189,4723
0.189,4722
0.189,4721
0.19,4720
0.19,4719
0.19,4718
0.19,4717
0.191,4716
0.191,4715
0.191,4714
0.191,4713
0.191,4712
0.191,4711
0.191,4710
0.191,4709
0.191,4708
0.192,4707
0.192,4706
0.192,4705
0.192,4704
0.192,4703
0.192,4702
0.192,4701
0.192,4700
0.193,4699
0.193,4698
0.193,4697
0.193,4696
0.193,4695
0.193,4694
0.193,4693
0.194,4692
0.194,4691
0.194,4690
0.194,4689
0.194,4688
0.194,4687
0.194,4686
0.195,4685
0.195,4684
0.195,4683
0.195,4682
0.195,4681
0.195,4680
0.195,4679
0.195,4678
0.196,4677
0.196,4676
0.197,4675
0.197,4674
0.197,4673
0.197,4672
0.197,4671
0.197,4670
0.198,4669
0.198,4668
0.198,4667
0.198,4666
0.198,4665
0.198,4664
0.198,4663
0.198,4662
0.199,4661
0.199,4660
0.199,4659
0.199,4658
0.199,4657
0.199,4656
0.199,4655
0.199,4654
0.199,4653
0.199,4652
0.2,4651
0.2,4650
0.2,4649
0.2,4648
0.2,4647
0.2,4646
0.201,4645
0.201,4644
0.201,4643
0.202,4642
0.203,4641
0.204,4640
0.204,4639
0.204,4638
0.204,4637
0.204,4636
0.205,4635
0.205,4634
0.205,4633
0.205,4632
0.206,4631
0.206,4630
0.206,4629
0.206,4628
0.207,4627
0.207,4626
0.207,4625
0.207,4624
0.207,4623
0.208,4622
0.208,4621
0.208,4620
0.209,4619
0.209,4618
0.209,4617
0.209,4616
0.209,4615
0.21,4614
0.21,4613
0.21,4612
0.21,4611
0.21,4610
0.21,4609
0.21,4608
0.211,4607
0.211,4606
0.211,4605
0.211,4604
0.212,4603
0.212,4602
0.213,4601
0.213,4600
0.214,4599
0.214,4598
0.214,4597
0.214,4596
0.215,4595
0.215,4594
0.215,4593
0.215,4592
0.215,4591
0.215,4590
0.215,4589
0.215,4588
0.216,4587
0.216,4586
0.216,4585
0.217,4584
0.218,4583
0.218,4582
0.218,4581
0.218,4580
0.218,4579
0.218,4578
0.219,4577
0.219,4576
0.219,4575
0.22,4574
0.22,4573
0.22,4572
0.22,4571
0.22,4570
0.22,4569
0.22,4568
0.22,4567
0.22,4566
0.22,4565
0.221,4564
0.221,4563
0.222,4562
0.222,4561
0.222,4560
0.222,4559
0.222,4558
0.222,4557
0.223,4556
0.223,4555
0.223,4554
0.223,4553
0.223,4552
0.223,4551
0.224,4550
0.224,4549
0.224,4548
0.224,4547
0.224,4546
0.224,4545
0.225,4544
0.225,4543
0.225,4542
0.226,4541
0.226,4540
0.226,4539
0.226,4538
0.226,4537
0.226,4536
0.227,4535
0.227,4534
0.227,4533
0.227,4532
0.227,4531
0.228,4530
0.231,4529
0.232,4528
0.232,4527
0.233,4526
0.233,4525
0.234,4524
0.235,4523
0.235,4522
0.235,4521
0.235,4520
0.235,4519
0.236,4518
0.236,4517
0.236,4516
0.236,4515
0.237,4514
0.237,4513
0.237,4512
0.237,4511
0.237,4510
0.237,4509
0.238,4508
0.238,4507
0.238,4506
0.238,4505
0.238,4504
0.239,4503
0.239,4502
0.239,4501
0.239,4500
0.24,4499
0.24,4498
0.24,4497
0.241,4496
0.241,4495
0.241,4494
0.241,4493
0.242,4492
0.242,4491
0.242,4490
0.242,4489
0.242,4488
0.242,4487
0.242,4486
0.243,4485
0.243,4484
0.243,4483
0.243,4482
0.243,4481
0.243,4480
0.244,4479
0.245,4478
0.245,4477
0.247,4476
0.248,4475
0.248,4474
0.248,4473
0.249,4472
0.25,4471
0.25,4470
0.25,4469
0.25,4468
0.251,4467
0.251,4466
0.252,4465
0.252,4464
0.254,4463
0.255,4462
0.255,4461
0.256,4460
0.256,4459
0.257,4458
0.257,4457
0.257,4456
0.258,4455
0.258,4454
0.258,4453
0.259,4452
0.259,4451
0.259,4450
0.26,4449
0.261,4448
0.261,4447
0.262,4446
0.262,4445
0.264,4444
0.268,4443
0.268,4442
0.268,4441
0.268,4440
0.269,4439
0.269,4438
0.269,4437
0.27,4436
0.271,4435
0.271,4434
0.272,4433
0.274,4432
0.275,4431
0.276,4430
0.277,4429
0.278,4428
0.278,4427
0.28,4426
0.283,4425
0.284,4424
0.287,4423
0.287,4422
0.293,4421
0.296,4420
0.299,4419
0.301,4418
0.302,4417
0.303,4416
0.306,4415
0.306,4414
0.309,4413
0.31,4412
0.312,4411
0.314,4410
0.316,4409
0.317,4408
0.323,4407
0.329,4406
0.329,4405
0.33,4404
0.332,4403
0.332,4402
0.333,4401
0.334,4400
0.335,4399
0.339,4398
0.339,4397
0.34,4396
0.348,4395
0.348,4394
0.351,4393
0.352,4392
0.352,4391
0.355,4390
0.361,4389
0.369,4388
0.374,4387
0.386,4386
0.387,4385
0.387,4384
0.393,4383
0.399,4382
0.432,4381
0.469,4380
0.47,4379
