0.001,7604
0.004,7603
0.004,7602
0.004,7601
0.005,7600
0.005,7599
0.005,7598
0.006,7597
0.006,7596
0.007,7595
0.007,7594
0.007,7593
0.008,7592
0.008,7591
0.008,7590
0.008,7589
0.008,7588
0.009,7587
0.009,7586
0.01,7585
0.01,7584
0.011,7583
0.011,7582
0.011,7581
0.011,7580
0.011,7579
0.012,7578
0.012,7577
0.012,7576
0.013,7575
0.013,7574
0.013,7573
0.013,7572
0.013,7571
0.014,7570
0.014,7569
0.014,7568
0.014,7567
0.014,7566
0.015,7565
0.015,7564
0.015,7563
0.015,7562
0.015,7561
0.015,7560
0.016,7559
0.016,7558
0.016,7557
0.016,7556
0.016,7555
0.016,7554
0.017,7553
0.017,7552
0.017,7551
0.017,7550
0.017,7549
0.017,7548
0.017,7547
0.017,7546
0.017,7545
0.017,7544
0.017,7543
0.017,7542
0.017,7541
0.017,7540
0.018,7539
0.018,7538
0.018,7537
0.018,7536
0.018,7535
0.018,7534
0.018,7533
0.018,7532
0.018,7531
0.018,7530
0.018,7529
0.018,7528
0.018,7527
0.018,7526
0.019,7525
0.019,7524
0.019,7523
0.019,7522
0.019,7521
0.019,7520
0.019,7519
0.02,7518
0.02,7517
0.02,7516
0.02,7515
0.02,7514
0.02,7513
0.02,7512
0.021,7511
0.021,7510
0.021,7509
0.021,7508
0.021,7507
0.021,7506
0.021,7505
0.022,7504
0.022,7503
0.022,7502
0.022,7501
0.022,7500
0.022,7499
0.022,7498
0.022,7497
0.022,7496
0.022,7495
0.022,7494
0.024,7493
0.024,7492
0.024,7491
0.024,7490
0.024,7489
0.024,7488
0.024,7487
0.024,7486
0.025,7485
0.025,7484
0.025,7483
0.025,7482
0.025,7481
0.025,7480
0.025,7479
0.025,7478
0.025,7477
0.025,7476
0.025,7475
0.025,7474
0.025,7473
0.025,7472
0.025,7471
0.025,7470
0.025,7469
0.025,7468
0.026,7467
0.026,7466
0.026,7465
0.026,7464
0.026,7463
0.026,7462
0.026,7461
0.026,7460
0.026,7459
0.026,7458
0.026,7457
0.026,7456
0.026,7455
0.026,7454
0.026,7453
0.026,7452
0.026,7451
0.026,7450
0.026,7449
0.026,7448
0.027,7447
0.027,7446
0.027,7445
0.027,7444
0.027,7443
0.027,7442
0.027,7441
0.027,7440
0.027,7439
0.027,7438
0.027,7437
0.027,7436
0.027,7435
0.027,7434
0.027,7433
0.027,7432
0.027,7431
0.027,7430
0.027,7429
0.027,7428
0.027,7427
0.027,7426
0.028,7425
0.028,7424
0.028,7423
0.028,7422
0.028,7421
0.028,7420
0.028,7419
0.028,7418
0.028,7417
0.028,7416
0.028,7415
0.028,7414
0.028,7413
0.028,7412
0.028,7411
0.028,7410
0.029,7409
0.029,7408
0.029,7407
0.029,7406
0.029,7405
0.029,7404
0.029,7403
0.029,7402
0.029,7401
0.029,7400
0.029,7399
0.029,7398
0.029,7397
0.029,7396
0.029,7395
0.029,7394
0.03,7393
0.03,7392
0.03,7391
0.03,7390
0.03,7389
0.03,7388
0.03,7387
0.03,7386
0.03,7385
0.03,7384
0.03,7383
0.03,7382
0.03,7381
0.03,7380
0.03,7379
0.03,7378
0.03,7377
0.03,7376
0.03,7375
0.03,7374
0.031,7373
0.031,7372
0.031,7371
0.031,7370
0.031,7369
0.031,7368
0.031,7367
0.031,7366
0.031,7365
0.031,7364
0.031,7363
0.031,7362
0.031,7361
0.031,7360
0.031,7359
0.031,7358
0.031,7357
0.031,7356
0.031,7355
0.031,7354
0.032,7353
0.032,7352
0.032,7351
0.033,7350
0.035,7349
0.035,7348
0.035,7347
0.035,7346
0.036,7345
0.036,7344
0.036,7343
0.036,7342
0.036,7341
0.036,7340
0.036,7339
0.036,7338
0.036,7337
0.036,7336
0.036,7335
0.036,7334
0.036,7333
0.036,7332
0.036,7331
0.036,7330
0.036,7329
0.036,7328
0.037,7327
0.037,7326
0.037,7325
0.037,7324
0.037,7323
0.037,7322
0.037,7321
0.037,7320
0.037,7319
0.037,7318
0.037,7317
0.037,7316
0.037,7315
0.037,7314
0.037,7313
0.037,7312
0.037,7311
0.037,7310
0.037,7309
0.038,7308
0.038,7307
0.038,7306
0.038,7305
0.038,7304
0.038,7303
0.038,7302
0.038,7301
0.038,7300
0.038,7299
0.038,7298
0.038,7297
0.038,7296
0.038,7295
0.038,7294
0.038,7293
0.038,7292
0.038,7291
0.039,7290
0.039,7289
0.039,7288
0.039,7287
0.039,7286
0.039,7285
0.039,7284
0.039,7283
0.039,7282
0.039,7281
0.039,7280
0.039,7279
0.039,7278
0.039,7277
0.039,7276
0.039,7275
0.039,7274
0.039,7273
0.039,7272
0.039,7271
0.04,7270
0.04,7269
0.04,7268
0.04,7267
0.04,7266
0.04,7265
0.04,7264
0.04,7263
0.04,7262
0.04,7261
0.04,7260
0.04,7259
0.04,7258
0.04,7257
0.04,7256
0.041,7255
0.041,7254
0.041,7253
0.041,7252
0.041,7251
0.041,7250
0.041,7249
0.041,7248
0.041,7247
0.041,7246
0.041,7245
0.041,7244
0.041,7243
0.041,7242
0.041,7241
0.041,7240
0.041,7239
0.041,7238
0.041,7237
0.041,7236
0.041,7235
0.041,7234
0.041,7233
0.041,7232
0.041,7231
0.042,7230
0.042,7229
0.042,7228
0.042,7227
0.042,7226
0.042,7225
0.042,7224
0.042,7223
0.042,7222
0.042,7221
0.042,7220
0.042,7219
0.042,7218
0.042,7217
0.042,7216
0.042,7215
0.043,7214
0.043,7213
0.043,7212
0.043,7211
0.043,7210
0.043,7209
0.043,7208
0.043,7207
0.043,7206
0.043,7205
0.043,7204
0.043,7203
0.043,7202
0.043,7201
0.043,7200
0.043,7199
0.043,7198
0.043,7197
0.043,7196
0.043,7195
0.043,7194
0.043,7193
0.044,7192
0.044,7191
0.044,7190
0.044,7189
0.044,7188
0.044,7187
0.044,7186
0.044,7185
0.044,7184
0.044,7183
0.044,7182
0.044,7181
0.044,7180
0.044,7179
0.044,7178
0.044,7177
0.044,7176
0.044,7175
0.045,7174
0.045,7173
0.045,7172
0.045,7171
0.045,7170
0.045,7169
0.045,7168
0.045,7167
0.045,7166
0.045,7165
0.045,7164
0.045,7163
0.045,7162
0.045,7161
0.045,7160
0.046,7159
0.046,7158
0.046,7157
0.046,7156
0.046,7155
0.046,7154
0.046,7153
0.046,7152
0.046,7151
0.046,7150
0.046,7149
0.046,7148
0.046,7147
0.046,7146
0.046,7145
0.046,7144
0.046,7143
0.047,7142
0.047,7141
0.047,7140
0.047,7139
0.047,7138
0.047,7137
0.047,7136
0.047,7135
0.047,7134
0.047,7133
0.047,7132
0.047,7131
0.047,7130
0.047,7129
0.047,7128
0.047,7127
0.047,7126
0.047,7125
0.047,7124
0.048,7123
0.048,7122
0.048,7121
0.048,7120
0.048,7119
0.048,7118
0.048,7117
0.048,7116
0.048,7115
0.048,7114
0.048,7113
0.048,7112
0.048,7111
0.048,7110
0.048,7109
0.048,7108
0.048,7107
0.048,7106
0.048,7105
0.048,7104
0.049,7103
0.049,7102
0.049,7101
0.049,7100
0.049,7099
0.049,7098
0.049,7097
0.049,7096
0.049,7095
0.049,7094
0.049,7093
0.049,7092
0.049,7091
0.049,7090
0.049,7089
0.049,7088
0.049,7087
0.049,7086
0.049,7085
0.049,7084
0.05,7083
0.05,7082
0.05,7081
0.05,7080
0.05,7079
0.05,7078
0.05,7077
0.05,7076
0.05,7075
0.05,7074
0.05,7073
0.05,7072
0.05,7071
0.05,7070
0.05,7069
0.05,7068
0.05,7067
0.05,7066
0.05,7065
0.05,7064
0.05,7063
0.05,7062
0.051,7061
0.051,7060
0.051,7059
0.051,7058
0.051,7057
0.051,7056
0.051,7055
0.051,7054
0.051,7053
0.051,7052
0.051,7051
0.051,7050
0.051,7049
0.051,7048
0.051,7047
0.051,7046
0.051,7045
0.051,7044
0.051,7043
0.051,7042
0.052,7041
0.052,7040
0.052,7039
0.052,7038
0.052,7037
0.052,7036
0.052,7035
0.052,7034
0.052,7033
0.052,7032
0.052,7031
0.052,7030
0.052,7029
0.052,7028
0.052,7027
0.052,7026
0.052,7025
0.052,7024
0.052,7023
0.052,7022
0.052,7021
0.053,7020
0.053,7019
0.053,7018
0.053,7017
0.053,7016
0.053,7015
0.053,7014
0.053,7013
0.053,7012
0.053,7011
0.053,7010
0.053,7009
0.053,7008
0.053,7007
0.053,7006
0.053,7005
0.053,7004
0.053,7003
0.053,7002
0.053,7001
0.054,7000
0.054,6999
0.054,6998
0.054,6997
0.054,6996
0.054,6995
0.054,6994
0.054,6993
0.054,6992
0.054,6991
0.054,6990
0.054,6989
0.054,6988
0.054,6987
0.054,6986
0.054,6985
0.054,6984
0.054,6983
0.055,6982
0.055,6981
0.055,6980
0.055,6979
0.055,6978
0.055,6977
0.055,6976
0.055,6975
0.055,6974
0.055,6973
0.055,6972
0.055,6971
0.055,6970
0.055,6969
0.055,6968
0.055,6967
0.055,6966
0.055,6965
0.056,6964
0.056,6963
0.056,6962
0.056,6961
0.056,6960
0.056,6959
0.056,6958
0.056,6957
0.056,6956
0.056,6955
0.056,6954
0.056,6953
0.056,6952
0.056,6951
0.056,6950
0.056,6949
0.057,6948
0.057,6947
0.057,6946
0.057,6945
0.057,6944
0.057,6943
0.057,6942
0.057,6941
0.057,6940
0.057,6939
0.057,6938
0.057,6937
0.057,6936
0.057,6935
0.057,6934
0.057,6933
0.057,6932
0.057,6931
0.057,6930
0.057,6929
0.057,6928
0.057,6927
0.057,6926
0.057,6925
0.057,6924
0.057,6923
0.057,6922
0.057,6921
0.058,6920
0.058,6919
0.058,6918
0.058,6917
0.058,6916
0.058,6915
0.058,6914
0.058,6913
0.058,6912
0.058,6911
0.058,6910
0.058,6909
0.058,6908
0.058,6907
0.058,6906
0.058,6905
0.058,6904
0.058,6903
0.058,6902
0.058,6901
0.058,6900
0.058,6899
0.058,6898
0.058,6897
0.059,6896
0.059,6895
0.059,6894
0.059,6893
0.059,6892
0.059,6891
0.059,6890
0.059,6889
0.059,6888
0.059,6887
0.059,6886
0.059,6885
0.059,6884
0.059,6883
0.059,6882
0.059,6881
0.059,6880
0.059,6879
0.059,6878
0.059,6877
0.059,6876
0.059,6875
0.06,6874
0.06,6873
0.06,6872
0.06,6871
0.06,6870
0.06,6869
0.06,6868
0.06,6867
0.06,6866
0.06,6865
0.06,6864
0.06,6863
0.06,6862
0.06,6861
0.06,6860
0.06,6859
0.06,6858
0.06,6857
0.06,6856
0.06,6855
0.06,6854
0.06,6853
0.06,6852
0.061,6851
0.061,6850
0.061,6849
0.061,6848
0.061,6847
0.061,6846
0.061,6845
0.061,6844
0.061,6843
0.061,6842
0.061,6841
0.061,6840
0.061,6839
0.061,6838
0.061,6837
0.061,6836
0.061,6835
0.061,6834
0.061,6833
0.061,6832
0.061,6831
0.061,6830
0.062,6829
0.062,6828
0.062,6827
0.062,6826
0.062,6825
0.062,6824
0.062,6823
0.062,6822
0.062,6821
0.062,6820
0.062,6819
0.062,6818
0.062,6817
0.062,6816
0.062,6815
0.062,6814
0.062,6813
0.062,6812
0.062,6811
0.063,6810
0.063,6809
0.063,6808
0.063,6807
0.063,6806
0.063,6805
0.063,6804
0.063,6803
0.063,6802
0.063,6801
0.063,6800
0.063,6799
0.063,6798
0.063,6797
0.064,6796
0.064,6795
0.064,6794
0.064,6793
0.064,6792
0.064,6791
0.064,6790
0.064,6789
0.064,6788
0.064,6787
0.064,6786
0.064,6785
0.064,6784
0.064,6783
0.064,6782
0.064,6781
0.065,6780
0.065,6779
0.065,6778
0.065,6777
0.065,6776
0.065,6775
0.065,6774
0.065,6773
0.065,6772
0.065,6771
0.065,6770
0.065,6769
0.065,6768
0.065,6767
0.065,6766
0.065,6765
0.065,6764
0.065,6763
0.065,6762
0.065,6761
0.065,6760
0.065,6759
0.065,6758
0.065,6757
0.065,6756
0.065,6755
0.065,6754
0.066,6753
0.066,6752
0.066,6751
0.066,6750
0.066,6749
0.066,6748
0.066,6747
0.066,6746
0.066,6745
0.066,6744
0.066,6743
0.066,6742
0.066,6741
0.066,6740
0.066,6739
0.066,6738
0.066,6737
0.066,6736
0.066,6735
0.067,6734
0.067,6733
0.067,6732
0.067,6731
0.067,6730
0.067,6729
0.067,6728
0.067,6727
0.067,6726
0.067,6725
0.067,6724
0.067,6723
0.067,6722
0.067,6721
0.067,6720
0.067,6719
0.067,6718
0.067,6717
0.067,6716
0.068,6715
0.068,6714
0.068,6713
0.068,6712
0.068,6711
0.068,6710
0.068,6709
0.068,6708
0.068,6707
0.068,6706
0.068,6705
0.068,6704
0.068,6703
0.068,6702
0.068,6701
0.068,6700
0.068,6699
0.068,6698
0.068,6697
0.068,6696
0.069,6695
0.069,6694
0.069,6693
0.069,6692
0.069,6691
0.069,6690
0.069,6689
0.069,6688
0.069,6687
0.069,6686
0.069,6685
0.069,6684
0.069,6683
0.069,6682
0.069,6681
0.069,6680
0.069,6679
0.069,6678
0.069,6677
0.07,6676
0.07,6675
0.07,6674
0.07,6673
0.07,6672
0.07,6671
0.07,6670
0.07,6669
0.07,6668
0.07,6667
0.07,6666
0.07,6665
0.07,6664
0.07,6663
0.07,6662
0.07,6661
0.07,6660
0.07,6659
0.071,6658
0.071,6657
0.071,6656
0.071,6655
0.071,6654
0.071,6653
0.071,6652
0.071,6651
0.071,6650
0.071,6649
0.071,6648
0.071,6647
0.071,6646
0.071,6645
0.071,6644
0.071,6643
0.071,6642
0.071,6641
0.071,6640
0.071,6639
0.071,6638
0.071,6637
0.071,6636
0.072,6635
0.072,6634
0.072,6633
0.072,6632
0.072,6631
0.072,6630
0.072,6629
0.072,6628
0.072,6627
0.072,6626
0.072,6625
0.072,6624
0.072,6623
0.072,6622
0.072,6621
0.072,6620
0.072,6619
0.072,6618
0.072,6617
0.072,6616
0.072,6615
0.072,6614
0.072,6613
0.072,6612
0.073,6611
0.073,6610
0.073,6609
0.073,6608
0.073,6607
0.073,6606
0.073,6605
0.073,6604
0.073,6603
0.073,6602
0.073,6601
0.073,6600
0.073,6599
0.073,6598
0.073,6597
0.073,6596
0.073,6595
0.073,6594
0.074,6593
0.074,6592
0.074,6591
0.074,6590
0.074,6589
0.074,6588
0.074,6587
0.074,6586
0.074,6585
0.074,6584
0.074,6583
0.074,6582
0.074,6581
0.074,6580
0.074,6579
0.074,6578
0.074,6577
0.074,6576
0.074,6575
0.074,6574
0.075,6573
0.075,6572
0.075,6571
0.075,6570
0.075,6569
0.075,6568
0.075,6567
0.075,6566
0.075,6565
0.075,6564
0.075,6563
0.075,6562
0.075,6561
0.075,6560
0.075,6559
0.075,6558
0.075,6557
0.075,6556
0.075,6555
0.075,6554
0.075,6553
0.075,6552
0.076,6551
0.076,6550
0.076,6549
0.076,6548
0.076,6547
0.076,6546
0.076,6545
0.076,6544
0.076,6543
0.076,6542
0.076,6541
0.076,6540
0.076,6539
0.076,6538
0.076,6537
0.076,6536
0.076,6535
0.076,6534
0.077,6533
0.077,6532
0.077,6531
0.077,6530
0.077,6529
0.077,6528
0.077,6527
0.077,6526
0.077,6525
0.077,6524
0.077,6523
0.077,6522
0.077,6521
0.078,6520
0.078,6519
0.078,6518
0.078,6517
0.078,6516
0.078,6515
0.078,6514
0.078,6513
0.079,6512
0.079,6511
0.079,6510
0.079,6509
0.079,6508
0.079,6507
0.079,6506
0.079,6505
0.079,6504
0.079,6503
0.079,6502
0.079,6501
0.079,6500
0.079,6499
0.08,6498
0.08,6497
0.08,6496
0.08,6495
0.08,6494
0.08,6493
0.08,6492
0.08,6491
0.08,6490
0.08,6489
0.08,6488
0.08,6487
0.08,6486
0.08,6485
0.08,6484
0.08,6483
0.081,6482
0.081,6481
0.081,6480
0.081,6479
0.081,6478
0.081,6477
0.081,6476
0.081,6475
0.081,6474
0.081,6473
0.081,6472
0.081,6471
0.082,6470
0.082,6469
0.082,6468
0.082,6467
0.082,6466
0.082,6465
0.082,6464
0.082,6463
0.082,6462
0.082,6461
0.082,6460
0.082,6459
0.082,6458
0.082,6457
0.082,6456
0.082,6455
0.082,6454
0.082,6453
0.082,6452
0.083,6451
0.083,6450
0.083,6449
0.083,6448
0.083,6447
0.083,6446
0.083,6445
0.083,6444
0.083,6443
0.083,6442
0.083,6441
0.083,6440
0.083,6439
0.083,6438
0.083,6437
0.083,6436
0.083,6435
0.083,6434
0.084,6433
0.084,6432
0.084,6431
0.084,6430
0.084,6429
0.084,6428
0.084,6427
0.084,6426
0.084,6425
0.084,6424
0.084,6423
0.084,6422
0.084,6421
0.084,6420
0.084,6419
0.084,6418
0.084,6417
0.084,6416
0.085,6415
0.085,6414
0.085,6413
0.085,6412
0.085,6411
0.085,6410
0.085,6409
0.085,6408
0.085,6407
0.085,6406
0.085,6405
0.085,6404
0.085,6403
0.085,6402
0.085,6401
0.085,6400
0.085,6399
0.086,6398
0.086,6397
0.086,6396
0.086,6395
0.086,6394
0.086,6393
0.086,6392
0.086,6391
0.086,6390
0.086,6389
0.086,6388
0.086,6387
0.086,6386
0.086,6385
0.086,6384
0.086,6383
0.087,6382
0.087,6381
0.087,6380
0.087,6379
0.087,6378
0.087,6377
0.087,6376
0.087,6375
0.087,6374
0.087,6373
0.087,6372
0.087,6371
0.087,6370
0.087,6369
0.088,6368
0.088,6367
0.088,6366
0.088,6365
0.088,6364
0.088,6363
0.088,6362
0.088,6361
0.088,6360
0.088,6359
0.088,6358
0.088,6357
0.088,6356
0.088,6355
0.088,6354
0.088,6353
0.089,6352
0.089,6351
0.089,6350
0.089,6349
0.089,6348
0.089,6347
0.089,6346
0.089,6345
0.089,6344
0.089,6343
0.089,6342
0.089,6341
0.089,6340
0.089,6339
0.089,6338
0.089,6337
0.09,6336
0.09,6335
0.09,6334
0.09,6333
0.09,6332
0.09,6331
0.09,6330
0.09,6329
0.09,6328
0.09,6327
0.09,6326
0.09,6325
0.09,6324
0.09,6323
0.09,6322
0.09,6321
0.09,6320
0.09,6319
0.091,6318
0.091,6317
0.091,6316
0.091,6315
0.091,6314
0.091,6313
0.091,6312
0.091,6311
0.091,6310
0.091,6309
0.091,6308
0.091,6307
0.091,6306
0.091,6305
0.091,6304
0.091,6303
0.091,6302
0.092,6301
0.092,6300
0.092,6299
0.092,6298
0.092,6297
0.092,6296
0.092,6295
0.092,6294
0.092,6293
0.092,6292
0.093,6291
0.093,6290
0.093,6289
0.093,6288
0.093,6287
0.093,6286
0.093,6285
0.093,6284
0.093,6283
0.093,6282
0.093,6281
0.093,6280
0.093,6279
0.093,6278
0.093,6277
0.093,6276
0.093,6275
0.093,6274
0.094,6273
0.094,6272
0.094,6271
0.094,6270
0.094,6269
0.094,6268
0.094,6267
0.094,6266
0.094,6265
0.094,6264
0.094,6263
0.094,6262
0.094,6261
0.094,6260
0.094,6259
0.094,6258
0.094,6257
0.094,6256
0.094,6255
0.094,6254
0.095,6253
0.095,6252
0.095,6251
0.095,6250
0.095,6249
0.095,6248
0.095,6247
0.095,6246
0.095,6245
0.095,6244
0.095,6243
0.096,6242
0.096,6241
0.096,6240
0.096,6239
0.096,6238
0.096,6237
0.096,6236
0.096,6235
0.096,6234
0.096,6233
0.099,6232
0.099,6231
0.099,6230
0.099,6229
0.099,6228
0.099,6227
0.099,6226
0.099,6225
0.099,6224
0.099,6223
0.099,6222
0.099,6221
0.099,6220
0.099,6219
0.1,6218
0.1,6217
0.1,6216
0.1,6215
0.1,6214
0.1,6213
0.1,6212
0.1,6211
0.1,6210
0.1,6209
0.1,6208
0.1,6207
0.1,6206
0.1,6205
0.1,6204
0.1,6203
0.1,6202
0.1,6201
0.1,6200
0.1,6199
0.1,6198
0.1,6197
0.1,6196
0.1,6195
0.101,6194
0.101,6193
0.101,6192
0.101,6191
0.101,6190
0.101,6189
0.101,6188
0.101,6187
0.101,6186
0.101,6185
0.101,6184
0.102,6183
0.102,6182
0.102,6181
0.102,6180
0.102,6179
0.102,6178
0.102,6177
0.102,6176
0.102,6175
0.102,6174
0.102,6173
0.102,6172
0.102,6171
0.102,6170
0.102,6169
0.102,6168
0.102,6167
0.102,6166
0.103,6165
0.103,6164
0.103,6163
0.103,6162
0.103,6161
0.103,6160
0.103,6159
0.103,6158
0.103,6157
0.103,6156
0.103,6155
0.103,6154
0.103,6153
0.103,6152
0.103,6151
0.103,6150
0.103,6149
0.103,6148
0.103,6147
0.103,6146
0.103,6145
0.103,6144
0.103,6143
0.103,6142
0.103,6141
0.104,6140
0.104,6139
0.104,6138
0.104,6137
0.104,6136
0.104,6135
0.104,6134
0.104,6133
0.104,6132
0.104,6131
0.104,6130
0.104,6129
0.104,6128
0.104,6127
0.104,6126
0.104,6125
0.104,6124
0.104,6123
0.104,6122
0.104,6121
0.104,6120
0.104,6119
0.104,6118
0.104,6117
0.104,6116
0.104,6115
0.105,6114
0.105,6113
0.105,6112
0.105,6111
0.105,6110
0.105,6109
0.105,6108
0.105,6107
0.105,6106
0.105,6105
0.105,6104
0.105,6103
0.105,6102
0.105,6101
0.105,6100
0.105,6099
0.105,6098
0.106,6097
0.106,6096
0.106,6095
0.106,6094
0.106,6093
0.106,6092
0.106,6091
0.106,6090
0.106,6089
0.106,6088
0.106,6087
0.106,6086
0.106,6085
0.106,6084
0.106,6083
0.106,6082
0.106,6081
0.107,6080
0.107,6079
0.107,6078
0.107,6077
0.107,6076
0.107,6075
0.107,6074
0.107,6073
0.107,6072
0.107,6071
0.107,6070
0.107,6069
0.107,6068
0.107,6067
0.107,6066
0.107,6065
0.107,6064
0.107,6063
0.107,6062
0.107,6061
0.107,6060
0.107,6059
0.107,6058
0.107,6057
0.107,6056
0.107,6055
0.107,6054
0.108,6053
0.108,6052
0.108,6051
0.108,6050
0.108,6049
0.108,6048
0.108,6047
0.108,6046
0.108,6045
0.108,6044
0.108,6043
0.108,6042
0.108,6041
0.108,6040
0.108,6039
0.108,6038
0.108,6037
0.108,6036
0.109,6035
0.109,6034
0.109,6033
0.109,6032
0.109,6031
0.109,6030
0.109,6029
0.109,6028
0.109,6027
0.109,6026
0.109,6025
0.109,6024
0.109,6023
0.109,6022
0.109,6021
0.109,6020
0.109,6019
0.109,6018
0.11,6017
0.11,6016
0.11,6015
0.11,6014
0.11,6013
0.11,6012
0.11,6011
0.11,6010
0.11,6009
0.11,6008
0.11,6007
0.11,6006
0.11,6005
0.11,6004
0.11,6003
0.11,6002
0.11,6001
0.11,6000
0.11,5999
0.11,5998
0.11,5997
0.11,5996
0.11,5995
0.11,5994
0.11,5993
0.11,5992
0.11,5991
0.11,5990
0.11,5989
0.11,5988
0.11,5987
0.11,5986
0.11,5985
0.11,5984
0.111,5983
0.111,5982
0.111,5981
0.111,5980
0.111,5979
0.111,5978
0.111,5977
0.111,5976
0.111,5975
0.111,5974
0.111,5973
0.111,5972
0.111,5971
0.111,5970
0.111,5969
0.111,5968
0.112,5967
0.112,5966
0.112,5965
0.112,5964
0.112,5963
0.112,5962
0.112,5961
0.112,5960
0.112,5959
0.112,5958
0.112,5957
0.112,5956
0.112,5955
0.112,5954
0.112,5953
0.112,5952
0.112,5951
0.112,5950
0.112,5949
0.112,5948
0.112,5947
0.112,5946
0.112,5945
0.112,5944
0.112,5943
0.113,5942
0.113,5941
0.113,5940
0.113,5939
0.113,5938
0.113,5937
0.113,5936
0.113,5935
0.113,5934
0.113,5933
0.113,5932
0.113,5931
0.113,5930
0.113,5929
0.113,5928
0.113,5927
0.113,5926
0.113,5925
0.113,5924
0.113,5923
0.113,5922
0.113,5921
0.113,5920
0.113,5919
0.113,5918
0.113,5917
0.114,5916
0.114,5915
0.114,5914
0.114,5913
0.114,5912
0.114,5911
0.114,5910
0.114,5909
0.114,5908
0.114,5907
0.114,5906
0.114,5905
0.114,5904
0.114,5903
0.114,5902
0.114,5901
0.114,5900
0.114,5899
0.114,5898
0.114,5897
0.114,5896
0.114,5895
0.114,5894
0.114,5893
0.114,5892
0.114,5891
0.114,5890
0.114,5889
0.115,5888
0.115,5887
0.115,5886
0.115,5885
0.115,5884
0.115,5883
0.115,5882
0.115,5881
0.115,5880
0.115,5879
0.115,5878
0.115,5877
0.115,5876
0.115,5875
0.115,5874
0.115,5873
0.115,5872
0.115,5871
0.115,5870
0.115,5869
0.115,5868
0.115,5867
0.116,5866
0.116,5865
0.116,5864
0.116,5863
0.116,5862
0.116,5861
0.116,5860
0.116,5859
0.116,5858
0.116,5857
0.116,5856
0.116,5855
0.116,5854
0.116,5853
0.116,5852
0.116,5851
0.116,5850
0.116,5849
0.116,5848
0.116,5847
0.116,5846
0.116,5845
0.116,5844
0.116,5843
0.117,5842
0.117,5841
0.117,5840
0.117,5839
0.117,5838
0.117,5837
0.117,5836
0.117,5835
0.117,5834
0.117,5833
0.117,5832
0.117,5831
0.117,5830
0.117,5829
0.117,5828
0.117,5827
0.117,5826
0.117,5825
0.117,5824
0.117,5823
0.117,5822
0.117,5821
0.117,5820
0.117,5819
0.117,5818
0.117,5817
0.118,5816
0.118,5815
0.118,5814
0.118,5813
0.118,5812
0.118,5811
0.118,5810
0.118,5809
0.118,5808
0.118,5807
0.118,5806
0.118,5805
0.118,5804
0.118,5803
0.118,5802
0.118,5801
0.118,5800
0.118,5799
0.118,5798
0.118,5797
0.118,5796
0.118,5795
0.118,5794
0.118,5793
0.118,5792
0.118,5791
0.119,5790
0.119,5789
0.119,5788
0.119,5787
0.119,5786
0.119,5785
0.119,5784
0.119,5783
0.119,5782
0.119,5781
0.119,5780
0.119,5779
0.119,5778
0.119,5777
0.119,5776
0.119,5775
0.119,5774
0.119,5773
0.119,5772
0.119,5771
0.12,5770
0.12,5769
0.12,5768
0.12,5767
0.12,5766
0.12,5765
0.12,5764
0.12,5763
0.12,5762
0.12,5761
0.12,5760
0.12,5759
0.12,5758
0.12,5757
0.12,5756
0.12,5755
0.12,5754
0.12,5753
0.12,5752
0.12,5751
0.121,5750
0.121,5749
0.121,5748
0.121,5747
0.121,5746
0.121,5745
0.121,5744
0.121,5743
0.121,5742
0.121,5741
0.121,5740
0.121,5739
0.121,5738
0.121,5737
0.121,5736
0.121,5735
0.121,5734
0.121,5733
0.121,5732
0.121,5731
0.121,5730
0.121,5729
0.121,5728
0.122,5727
0.122,5726
0.122,5725
0.122,5724
0.122,5723
0.122,5722
0.122,5721
0.122,5720
0.122,5719
0.122,5718
0.122,5717
0.122,5716
0.122,5715
0.122,5714
0.122,5713
0.122,5712
0.122,5711
0.122,5710
0.123,5709
0.123,5708
0.123,5707
0.123,5706
0.123,5705
0.123,5704
0.123,5703
0.123,5702
0.123,5701
0.123,5700
0.123,5699
0.123,5698
0.123,5697
0.123,5696
0.123,5695
0.123,5694
0.123,5693
0.123,5692
0.124,5691
0.124,5690
0.124,5689
0.124,5688
0.124,5687
0.124,5686
0.124,5685
0.124,5684
0.124,5683
0.124,5682
0.124,5681
0.124,5680
0.124,5679
0.124,5678
0.124,5677
0.124,5676
0.124,5675
0.124,5674
0.124,5673
0.124,5672
0.124,5671
0.124,5670
0.124,5669
0.124,5668
0.124,5667
0.125,5666
0.125,5665
0.125,5664
0.125,5663
0.125,5662
0.125,5661
0.125,5660
0.125,5659
0.125,5658
0.125,5657
0.125,5656
0.125,5655
0.125,5654
0.125,5653
0.125,5652
0.125,5651
0.125,5650
0.125,5649
0.126,5648
0.126,5647
0.126,5646
0.126,5645
0.126,5644
0.126,5643
0.126,5642
0.126,5641
0.126,5640
0.126,5639
0.126,5638
0.126,5637
0.126,5636
0.126,5635
0.126,5634
0.126,5633
0.126,5632
0.127,5631
0.127,5630
0.127,5629
0.127,5628
0.127,5627
0.127,5626
0.127,5625
0.127,5624
0.127,5623
0.127,5622
0.127,5621
0.127,5620
0.127,5619
0.128,5618
0.128,5617
0.128,5616
0.128,5615
0.128,5614
0.128,5613
0.128,5612
0.128,5611
0.128,5610
0.128,5609
0.129,5608
0.129,5607
0.129,5606
0.129,5605
0.129,5604
0.129,5603
0.129,5602
0.129,5601
0.129,5600
0.129,5599
0.129,5598
0.129,5597
0.129,5596
0.129,5595
0.129,5594
0.129,5593
0.129,5592
0.129,5591
0.129,5590
0.129,5589
0.129,5588
0.129,5587
0.129,5586
0.13,5585
0.13,5584
0.13,5583
0.13,5582
0.13,5581
0.13,5580
0.13,5579
0.131,5578
0.131,5577
0.131,5576
0.131,5575
0.131,5574
0.131,5573
0.131,5572
0.131,5571
0.131,5570
0.131,5569
0.131,5568
0.131,5567
0.131,5566
0.131,5565
0.131,5564
0.131,5563
0.132,5562
0.132,5561
0.132,5560
0.132,5559
0.132,5558
0.132,5557
0.132,5556
0.132,5555
0.132,5554
0.132,5553
0.132,5552
0.132,5551
0.132,5550
0.132,5549
0.132,5548
0.132,5547
0.132,5546
0.132,5545
0.132,5544
0.132,5543
0.132,5542
0.133,5541
0.133,5540
0.133,5539
0.133,5538
0.133,5537
0.133,5536
0.133,5535
0.133,5534
0.133,5533
0.133,5532
0.133,5531
0.133,5530
0.133,5529
0.133,5528
0.133,5527
0.133,5526
0.133,5525
0.134,5524
0.134,5523
0.134,5522
0.134,5521
0.134,5520
0.134,5519
0.134,5518
0.134,5517
0.134,5516
0.134,5515
0.134,5514
0.134,5513
0.134,5512
0.134,5511
0.134,5510
0.134,5509
0.134,5508
0.134,5507
0.134,5506
0.135,5505
0.135,5504
0.135,5503
0.135,5502
0.135,5501
0.135,5500
0.135,5499
0.135,5498
0.135,5497
0.135,5496
0.135,5495
0.135,5494
0.135,5493
0.135,5492
0.135,5491
0.135,5490
0.135,5489
0.135,5488
0.135,5487
0.135,5486
0.136,5485
0.136,5484
0.136,5483
0.136,5482
0.136,5481
0.136,5480
0.136,5479
0.136,5478
0.136,5477
0.136,5476
0.136,5475
0.136,5474
0.136,5473
0.136,5472
0.136,5471
0.136,5470
0.136,5469
0.136,5468
0.137,5467
0.137,5466
0.137,5465
0.137,5464
0.137,5463
0.137,5462
0.137,5461
0.137,5460
0.137,5459
0.137,5458
0.137,5457
0.137,5456
0.137,5455
0.137,5454
0.137,5453
0.138,5452
0.138,5451
0.138,5450
0.138,5449
0.138,5448
0.138,5447
0.138,5446
0.138,5445
0.138,5444
0.138,5443
0.138,5442
0.138,5441
0.138,5440
0.138,5439
0.138,5438
0.138,5437
0.138,5436
0.139,5435
0.139,5434
0.139,5433
0.139,5432
0.139,5431
0.139,5430
0.139,5429
0.139,5428
0.139,5427
0.139,5426
0.139,5425
0.139,5424
0.14,5423
0.14,5422
0.14,5421
0.14,5420
0.14,5419
0.14,5418
0.14,5417
0.14,5416
0.14,5415
0.14,5414
0.14,5413
0.14,5412
0.14,5411
0.14,5410
0.14,5409
0.141,5408
0.141,5407
0.141,5406
0.141,5405
0.141,5404
0.141,5403
0.141,5402
0.141,5401
0.141,5400
0.141,5399
0.141,5398
0.141,5397
0.141,5396
0.141,5395
0.141,5394
0.141,5393
0.141,5392
0.141,5391
0.142,5390
0.142,5389
0.142,5388
0.142,5387
0.142,5386
0.142,5385
0.142,5384
0.142,5383
0.142,5382
0.142,5381
0.142,5380
0.142,5379
0.142,5378
0.142,5377
0.142,5376
0.142,5375
0.142,5374
0.142,5373
0.142,5372
0.142,5371
0.142,5370
0.142,5369
0.143,5368
0.143,5367
0.143,5366
0.143,5365
0.143,5364
0.143,5363
0.143,5362
0.143,5361
0.143,5360
0.143,5359
0.143,5358
0.143,5357
0.143,5356
0.143,5355
0.143,5354
0.143,5353
0.143,5352
0.143,5351
0.144,5350
0.144,5349
0.144,5348
0.144,5347
0.144,5346
0.144,5345
0.144,5344
0.144,5343
0.144,5342
0.145,5341
0.145,5340
0.145,5339
0.145,5338
0.145,5337
0.145,5336
0.145,5335
0.145,5334
0.145,5333
0.145,5332
0.145,5331
0.145,5330
0.145,5329
0.145,5328
0.146,5327
0.146,5326
0.146,5325
0.146,5324
0.146,5323
0.146,5322
0.146,5321
0.146,5320
0.146,5319
0.146,5318
0.146,5317
0.146,5316
0.146,5315
0.146,5314
0.146,5313
0.146,5312
0.146,5311
0.146,5310
0.146,5309
0.147,5308
0.147,5307
0.147,5306
0.147,5305
0.147,5304
0.147,5303
0.147,5302
0.147,5301
0.147,5300
0.147,5299
0.147,5298
0.147,5297
0.147,5296
0.147,5295
0.147,5294
0.147,5293
0.147,5292
0.148,5291
0.148,5290
0.148,5289
0.148,5288
0.148,5287
0.148,5286
0.148,5285
0.148,5284
0.148,5283
0.148,5282
0.148,5281
0.148,5280
0.148,5279
0.151,5278
0.151,5277
0.151,5276
0.151,5275
0.151,5274
0.151,5273
0.151,5272
0.151,5271
0.151,5270
0.151,5269
0.151,5268
0.151,5267
0.151,5266
0.151,5265
0.151,5264
0.151,5263
0.151,5262
0.151,5261
0.151,5260
0.152,5259
0.152,5258
0.152,5257
0.152,5256
0.152,5255
0.152,5254
0.152,5253
0.152,5252
0.152,5251
0.152,5250
0.152,5249
0.152,5248
0.152,5247
0.152,5246
0.153,5245
0.153,5244
0.153,5243
0.153,5242
0.153,5241
0.153,5240
0.153,5239
0.153,5238
0.153,5237
0.153,5236
0.153,5235
0.153,5234
0.153,5233
0.153,5232
0.153,5231
0.153,5230
0.154,5229
0.154,5228
0.154,5227
0.154,5226
0.154,5225
0.154,5224
0.154,5223
0.154,5222
0.154,5221
0.154,5220
0.154,5219
0.154,5218
0.154,5217
0.154,5216
0.155,5215
0.155,5214
0.155,5213
0.155,5212
0.155,5211
0.155,5210
0.155,5209
0.155,5208
0.155,5207
0.155,5206
0.155,5205
0.155,5204
0.155,5203
0.155,5202
0.155,5201
0.156,5200
0.156,5199
0.156,5198
0.156,5197
0.156,5196
0.156,5195
0.156,5194
0.156,5193
0.156,5192
0.156,5191
0.156,5190
0.156,5189
0.156,5188
0.156,5187
0.156,5186
0.156,5185
0.156,5184
0.157,5183
0.157,5182
0.157,5181
0.157,5180
0.157,5179
0.157,5178
0.157,5177
0.157,5176
0.157,5175
0.157,5174
0.157,5173
0.157,5172
0.157,5171
0.157,5170
0.157,5169
0.157,5168
0.157,5167
0.158,5166
0.158,5165
0.158,5164
0.158,5163
0.158,5162
0.158,5161
0.158,5160
0.158,5159
0.158,5158
0.158,5157
0.158,5156
0.158,5155
0.158,5154
0.158,5153
0.158,5152
0.158,5151
0.159,5150
0.159,5149
0.159,5148
0.159,5147
0.159,5146
0.159,5145
0.159,5144
0.159,5143
0.159,5142
0.159,5141
0.159,5140
0.159,5139
0.159,5138
0.159,5137
0.159,5136
0.159,5135
0.159,5134
0.159,5133
0.159,5132
0.159,5131
0.159,5130
0.159,5129
0.159,5128
0.159,5127
0.159,5126
0.159,5125
0.159,5124
0.159,5123
0.16,5122
0.16,5121
0.16,5120
0.16,5119
0.16,5118
0.16,5117
0.16,5116
0.16,5115
0.16,5114
0.16,5113
0.16,5112
0.16,5111
0.16,5110
0.16,5109
0.16,5108
0.161,5107
0.161,5106
0.161,5105
0.161,5104
0.161,5103
0.161,5102
0.161,5101
0.161,5100
0.161,5099
0.161,5098
0.161,5097
0.162,5096
0.162,5095
0.162,5094
0.162,5093
0.162,5092
0.162,5091
0.162,5090
0.162,5089
0.162,5088
0.162,5087
0.162,5086
0.162,5085
0.163,5084
0.163,5083
0.163,5082
0.163,5081
0.163,5080
0.163,5079
0.163,5078
0.164,5077
0.164,5076
0.164,5075
0.164,5074
0.164,5073
0.164,5072
0.164,5071
0.164,5070
0.164,5069
0.164,5068
0.164,5067
0.164,5066
0.164,5065
0.164,5064
0.164,5063
0.164,5062
0.165,5061
0.165,5060
0.165,5059
0.165,5058
0.165,5057
0.165,5056
0.165,5055
0.165,5054
0.165,5053
0.165,5052
0.165,5051
0.165,5050
0.165,5049
0.166,5048
0.166,5047
0.166,5046
0.166,5045
0.166,5044
0.166,5043
0.166,5042
0.166,5041
0.166,5040
0.166,5039
0.167,5038
0.167,5037
0.167,5036
0.167,5035
0.167,5034
0.167,5033
0.167,5032
0.167,5031
0.167,5030
0.167,5029
0.167,5028
0.167,5027
0.168,5026
0.168,5025
0.168,5024
0.168,5023
0.168,5022
0.168,5021
0.168,5020
0.168,5019
0.168,5018
0.168,5017
0.168,5016
0.169,5015
0.169,5014
0.169,5013
0.169,5012
0.169,5011
0.169,5010
0.169,5009
0.169,5008
0.169,5007
0.169,5006
0.17,5005
0.17,5004
0.17,5003
0.17,5002
0.17,5001
0.17,5000
0.17,4999
0.17,4998
0.17,4997
0.17,4996
0.17,4995
0.17,4994
0.17,4993
0.17,4992
0.17,4991
0.171,4990
0.171,4989
0.171,4988
0.171,4987
0.171,4986
0.171,4985
0.171,4984
0.171,4983
0.171,4982
0.171,4981
0.171,4980
0.171,4979
0.171,4978
0.171,4977
0.172,4976
0.172,4975
0.172,4974
0.172,4973
0.172,4972
0.172,4971
0.172,4970
0.172,4969
0.173,4968
0.173,4967
0.173,4966
0.173,4965
0.173,4964
0.173,4963
0.173,4962
0.173,4961
0.173,4960
0.173,4959
0.173,4958
0.173,4957
0.173,4956
0.173,4955
0.174,4954
0.174,4953
0.174,4952
0.174,4951
0.174,4950
0.174,4949
0.174,4948
0.174,4947
0.174,4946
0.174,4945
0.174,4944
0.174,4943
0.174,4942
0.174,4941
0.174,4940
0.175,4939
0.175,4938
0.175,4937
0.175,4936
0.175,4935
0.175,4934
0.175,4933
0.175,4932
0.175,4931
0.176,4930
0.176,4929
0.176,4928
0.176,4927
0.176,4926
0.176,4925
0.176,4924
0.176,4923
0.176,4922
0.176,4921
0.176,4920
0.176,4919
0.176,4918
0.176,4917
0.176,4916
0.176,4915
0.177,4914
0.177,4913
0.177,4912
0.177,4911
0.177,4910
0.177,4909
0.177,4908
0.178,4907
0.178,4906
0.178,4905
0.178,4904
0.178,4903
0.178,4902
0.178,4901
0.178,4900
0.178,4899
0.179,4898
0.179,4897
0.179,4896
0.179,4895
0.179,4894
0.179,4893
0.179,4892
0.179,4891
0.179,4890
0.179,4889
0.18,4888
0.18,4887
0.18,4886
0.18,4885
0.18,4884
0.18,4883
0.18,4882
0.18,4881
0.18,4880
0.18,4879
0.18,4878
0.181,4877
0.181,4876
0.181,4875
0.181,4874
0.181,4873
0.181,4872
0.181,4871
0.181,4870
0.181,4869
0.181,4868
0.181,4867
0.181,4866
0.181,4865
0.182,4864
0.182,4863
0.182,4862
0.182,4861
0.182,4860
0.182,4859
0.182,4858
0.182,4857
0.182,4856
0.182,4855
0.182,4854
0.182,4853
0.182,4852
0.182,4851
0.182,4850
0.183,4849
0.183,4848
0.183,4847
0.183,4846
0.183,4845
0.183,4844
0.183,4843
0.183,4842
0.183,4841
0.183,4840
0.183,4839
0.183,4838
0.183,4837
0.183,4836
0.184,4835
0.184,4834
0.184,4833
0.184,4832
0.185,4831
0.185,4830
0.185,4829
0.185,4828
0.185,4827
0.185,4826
0.185,4825
0.186,4824
0.186,4823
0.186,4822
0.186,4821
0.186,4820
0.186,4819
0.186,4818
0.186,4817
0.186,4816
0.187,4815
0.187,4814
0.187,4813
0.187,4812
0.187,4811
0.187,4810
0.187,4809
0.187,4808
0.188,4807
0.188,4806
0.188,4805
0.189,4804
0.189,4803
0.191,4802
0.192,4801
0.192,4800
0.192,4799
0.192,4798
0.192,4797
0.192,4796
0.192,4795
0.192,4794
0.192,4793
0.193,4792
0.193,4791
0.193,4790
0.193,4789
0.193,4788
0.193,4787
0.193,4786
0.193,4785
0.193,4784
0.194,4783
0.194,4782
0.194,4781
0.194,4780
0.194,4779
0.194,4778
0.194,4777
0.194,4776
0.195,4775
0.195,4774
0.195,4773
0.195,4772
0.196,4771
0.196,4770
0.196,4769
0.196,4768
0.196,4767
0.196,4766
0.197,4765
0.197,4764
0.197,4763
0.197,4762
0.197,4761
0.197,4760
0.197,4759
0.197,4758
0.197,4757
0.198,4756
0.198,4755
0.198,4754
0.198,4753
0.198,4752
0.199,4751
0.199,4750
0.199,4749
0.199,4748
0.199,4747
0.2,4746
0.2,4745
0.202,4744
0.202,4743
0.202,4742
0.203,4741
0.203,4740
0.203,4739
0.203,4738
0.203,4737
0.203,4736
0.203,4735
0.203,4734
0.204,4733
0.204,4732
0.204,4731
0.204,4730
0.204,4729
0.204,4728
0.204,4727
0.204,4726
0.205,4725
0.205,4724
0.205,4723
0.205,4722
0.205,4721
0.206,4720
0.206,4719
0.206,4718
0.206,4717
0.206,4716
0.206,4715
0.206,4714
0.206,4713
0.206,4712
0.207,4711
0.207,4710
0.207,4709
0.207,4708
0.207,4707
0.207,4706
0.207,4705
0.207,4704
0.207,4703
0.208,4702
0.208,4701
0.208,4700
0.208,4699
0.208,4698
0.209,4697
0.209,4696
0.209,4695
0.209,4694
0.209,4693
0.209,4692
0.209,4691
0.209,4690
0.209,4689
0.21,4688
0.21,4687
0.21,4686
0.21,4685
0.21,4684
0.21,4683
0.21,4682
0.211,4681
0.211,4680
0.211,4679
0.211,4678
0.211,4677
0.211,4676
0.211,4675
0.211,4674
0.212,4673
0.212,4672
0.212,4671
0.212,4670
0.213,4669
0.213,4668
0.213,4667
0.213,4666
0.213,4665
0.213,4664
0.214,4663
0.215,4662
0.216,4661
0.216,4660
0.217,4659
0.217,4658
0.217,4657
0.217,4656
0.217,4655
0.218,4654
0.218,4653
0.218,4652
0.218,4651
0.218,4650
0.218,4649
0.219,4648
0.219,4647
0.219,4646
0.22,4645
0.22,4644
0.22,4643
0.22,4642
0.22,4641
0.22,4640
0.221,4639
0.221,4638
0.221,4637
0.221,4636
0.221,4635
0.222,4634
0.222,4633
0.222,4632
0.223,4631
0.223,4630
0.223,4629
0.223,4628
0.224,4627
0.224,4626
0.224,4625
0.225,4624
0.225,4623
0.225,4622
0.225,4621
0.226,4620
0.226,4619
0.226,4618
0.226,4617
0.226,4616
0.226,4615
0.228,4614
0.228,4613
0.228,4612
0.228,4611
0.228,4610
0.228,4609
0.229,4608
0.229,4607
0.229,4606
0.229,4605
0.23,4604
0.23,4603
0.23,4602
0.23,4601
0.23,4600
0.23,4599
0.23,4598
0.23,4597
0.231,4596
0.231,4595
0.231,4594
0.232,4593
0.232,4592
0.232,4591
0.232,4590
0.232,4589
0.233,4588
0.233,4587
0.233,4586
0.234,4585
0.234,4584
0.234,4583
0.234,4582
0.235,4581
0.235,4580
0.235,4579
0.235,4578
0.235,4577
0.235,4576
0.235,4575
0.236,4574
0.236,4573
0.236,4572
0.236,4571
0.237,4570
0.237,4569
0.237,4568
0.237,4567
0.237,4566
0.238,4565
0.238,4564
0.239,4563
0.239,4562
0.239,4561
0.24,4560
0.24,4559
0.24,4558
0.24,4557
0.24,4556
0.241,4555
0.243,4554
0.243,4553
0.244,4552
0.244,4551
0.244,4550
0.244,4549
0.244,4548
0.244,4547
0.244,4546
0.244,4545
0.245,4544
0.245,4543
0.245,4542
0.246,4541
0.246,4540
0.246,4539
0.247,4538
0.247,4537
0.247,4536
0.247,4535
0.248,4534
0.248,4533
0.248,4532
0.248,4531
0.248,4530
0.248,4529
0.249,4528
0.249,4527
0.249,4526
0.249,4525
0.249,4524
0.249,4523
0.25,4522
0.251,4521
0.251,4520
0.252,4519
0.252,4518
0.252,4517
0.252,4516
0.253,4515
0.253,4514
0.253,4513
0.254,4512
0.254,4511
0.254,4510
0.254,4509
0.255,4508
0.256,4507
0.256,4506
0.257,4505
0.258,4504
0.258,4503
0.258,4502
0.258,4501
0.258,4500
0.259,4499
0.259,4498
0.259,4497
0.259,4496
0.259,4495
0.261,4494
0.261,4493
0.261,4492
0.262,4491
0.263,4490
0.263,4489
0.264,4488
0.264,4487
0.265,4486
0.265,4485
0.265,4484
0.265,4483
0.266,4482
0.266,4481
0.266,4480
0.266,4479
0.267,4478
0.267,4477
0.267,4476
0.267,4475
0.269,4474
0.269,4473
0.27,4472
0.271,4471
0.272,4470
0.272,4469
0.273,4468
0.273,4467
0.273,4466
0.274,4465
0.274,4464
0.274,4463
0.275,4462
0.276,4461
0.276,4460
0.276,4459
0.277,4458
0.278,4457
0.278,4456
0.278,4455
0.281,4454
0.281,4453
0.281,4452
0.282,4451
0.282,4450
0.282,4449
0.282,4448
0.285,4447
0.287,4446
0.287,4445
0.288,4444
0.288,4443
0.288,4442
0.289,4441
0.289,4440
0.29,4439
0.291,4438
0.291,4437
0.293,4436
0.293,4435
0.293,4434
0.294,4433
0.296,4432
0.297,4431
0.3,4430
0.3,4429
0.301,4428
0.302,4427
0.304,4426
0.304,4425
0.306,4424
0.307,4423
0.308,4422
0.309,4421
0.309,4420
0.31,4419
0.315,4418
0.316,4417
0.318,4416
0.32,4415
0.32,4414
0.32,4413
0.322,4412
0.323,4411
0.335,4410
0.34,4409
0.342,4408
0.343,4407
0.351,4406
0.351,4405
0.351,4404
0.352,4403
0.356,4402
0.359,4401
0.362,4400
0.364,4399
0.364,4398
0.366,4397
0.367,4396
0.368,4395
0.37,4394
0.37,4393
0.37,4392
0.371,4391
0.371,4390
0.371,4389
0.373,4388
0.376,4387
0.378,4386
0.38,4385
0.381,4384
0.385,4383
0.386,4382
0.398,4381
0.406,4380
0.414,4379
0.418,4378
0.419,4377
0.425,4376
0.429,4375
0.431,4374
0.434,4373
0.435,4372
0.44,4371
0.456,4370
0.64,4369
