0.001,7604
0.005,7603
0.005,7602
0.005,7601
0.006,7600
0.006,7599
0.006,7598
0.006,7597
0.007,7596
0.008,7595
0.008,7594
0.008,7593
0.008,7592
0.009,7591
0.009,7590
0.01,7589
0.01,7588
0.01,7587
0.01,7586
0.01,7585
0.011,7584
0.011,7583
0.011,7582
0.011,7581
0.011,7580
0.011,7579
0.012,7578
0.012,7577
0.012,7576
0.012,7575
0.012,7574
0.013,7573
0.013,7572
0.013,7571
0.013,7570
0.013,7569
0.013,7568
0.013,7567
0.014,7566
0.014,7565
0.014,7564
0.014,7563
0.014,7562
0.014,7561
0.015,7560
0.015,7559
0.015,7558
0.015,7557
0.015,7556
0.015,7555
0.015,7554
0.016,7553
0.016,7552
0.016,7551
0.016,7550
0.016,7549
0.016,7548
0.016,7547
0.016,7546
0.016,7545
0.016,7544
0.016,7543
0.016,7542
0.016,7541
0.017,7540
0.017,7539
0.017,7538
0.018,7537
0.018,7536
0.018,7535
0.018,7534
0.019,7533
0.019,7532
0.02,7531
0.02,7530
0.02,7529
0.02,7528
0.02,7527
0.02,7526
0.02,7525
0.02,7524
0.02,7523
0.02,7522
0.02,7521
0.02,7520
0.02,7519
0.02,7518
0.02,7517
0.021,7516
0.021,7515
0.021,7514
0.021,7513
0.021,7512
0.021,7511
0.021,7510
0.021,7509
0.021,7508
0.021,7507
0.021,7506
0.021,7505
0.021,7504
0.021,7503
0.021,7502
0.021,7501
0.021,7500
0.021,7499
0.021,7498
0.022,7497
0.022,7496
0.024,7495
0.024,7494
0.024,7493
0.024,7492
0.024,7491
0.024,7490
0.024,7489
0.024,7488
0.024,7487
0.024,7486
0.024,7485
0.025,7484
0.025,7483
0.025,7482
0.025,7481
0.025,7480
0.025,7479
0.025,7478
0.025,7477
0.025,7476
0.025,7475
0.025,7474
0.025,7473
0.025,7472
0.025,7471
0.025,7470
0.026,7469
0.026,7468
0.026,7467
0.026,7466
0.026,7465
0.026,7464
0.026,7463
0.026,7462
0.026,7461
0.026,7460
0.026,7459
0.026,7458
0.026,7457
0.026,7456
0.026,7455
0.026,7454
0.026,7453
0.026,7452
0.027,7451
0.027,7450
0.027,7449
0.027,7448
0.027,7447
0.027,7446
0.027,7445
0.027,7444
0.027,7443
0.027,7442
0.027,7441
0.027,7440
0.027,7439
0.027,7438
0.027,7437
0.028,7436
0.028,7435
0.028,7434
0.028,7433
0.028,7432
0.028,7431
0.028,7430
0.028,7429
0.028,7428
0.028,7427
0.028,7426
0.028,7425
0.028,7424
0.028,7423
0.028,7422
0.028,7421
0.028,7420
0.029,7419
0.029,7418
0.029,7417
0.029,7416
0.029,7415
0.029,7414
0.029,7413
0.029,7412
0.029,7411
0.029,7410
0.029,7409
0.029,7408
0.029,7407
0.029,7406
0.029,7405
0.029,7404
0.029,7403
0.029,7402
0.029,7401
0.03,7400
0.03,7399
0.03,7398
0.03,7397
0.03,7396
0.03,7395
0.03,7394
0.03,7393
0.03,7392
0.03,7391
0.03,7390
0.03,7389
0.03,7388
0.03,7387
0.03,7386
0.03,7385
0.03,7384
0.03,7383
0.03,7382
0.03,7381
0.03,7380
0.031,7379
0.031,7378
0.031,7377
0.031,7376
0.031,7375
0.031,7374
0.031,7373
0.031,7372
0.031,7371
0.031,7370
0.031,7369
0.031,7368
0.031,7367
0.032,7366
0.032,7365
0.032,7364
0.032,7363
0.032,7362
0.032,7361
0.032,7360
0.032,7359
0.032,7358
0.032,7357
0.032,7356
0.032,7355
0.032,7354
0.032,7353
0.032,7352
0.032,7351
0.034,7350
0.037,7349
0.037,7348
0.037,7347
0.037,7346
0.037,7345
0.037,7344
0.037,7343
0.037,7342
0.037,7341
0.037,7340
0.038,7339
0.038,7338
0.038,7337
0.038,7336
0.038,7335
0.038,7334
0.038,7333
0.038,7332
0.038,7331
0.038,7330
0.038,7329
0.038,7328
0.038,7327
0.038,7326
0.038,7325
0.038,7324
0.038,7323
0.038,7322
0.038,7321
0.038,7320
0.038,7319
0.039,7318
0.039,7317
0.039,7316
0.039,7315
0.039,7314
0.039,7313
0.039,7312
0.039,7311
0.039,7310
0.039,7309
0.039,7308
0.039,7307
0.039,7306
0.039,7305
0.039,7304
0.039,7303
0.039,7302
0.039,7301
0.039,7300
0.039,7299
0.039,7298
0.039,7297
0.039,7296
0.04,7295
0.04,7294
0.04,7293
0.04,7292
0.04,7291
0.04,7290
0.04,7289
0.04,7288
0.04,7287
0.04,7286
0.04,7285
0.04,7284
0.04,7283
0.04,7282
0.04,7281
0.04,7280
0.04,7279
0.04,7278
0.04,7277
0.04,7276
0.041,7275
0.041,7274
0.041,7273
0.041,7272
0.041,7271
0.041,7270
0.041,7269
0.041,7268
0.041,7267
0.041,7266
0.041,7265
0.041,7264
0.041,7263
0.041,7262
0.041,7261
0.041,7260
0.041,7259
0.041,7258
0.041,7257
0.041,7256
0.042,7255
0.042,7254
0.042,7253
0.042,7252
0.042,7251
0.042,7250
0.042,7249
0.042,7248
0.042,7247
0.042,7246
0.042,7245
0.042,7244
0.042,7243
0.042,7242
0.042,7241
0.042,7240
0.042,7239
0.042,7238
0.043,7237
0.043,7236
0.043,7235
0.043,7234
0.043,7233
0.043,7232
0.043,7231
0.043,7230
0.043,7229
0.043,7228
0.043,7227
0.043,7226
0.043,7225
0.043,7224
0.043,7223
0.043,7222
0.043,7221
0.043,7220
0.043,7219
0.043,7218
0.043,7217
0.044,7216
0.044,7215
0.044,7214
0.044,7213
0.044,7212
0.044,7211
0.044,7210
0.044,7209
0.044,7208
0.044,7207
0.044,7206
0.044,7205
0.044,7204
0.044,7203
0.044,7202
0.044,7201
0.044,7200
0.044,7199
0.044,7198
0.044,7197
0.044,7196
0.045,7195
0.045,7194
0.045,7193
0.045,7192
0.045,7191
0.045,7190
0.045,7189
0.045,7188
0.045,7187
0.045,7186
0.045,7185
0.045,7184
0.045,7183
0.045,7182
0.045,7181
0.045,7180
0.045,7179
0.045,7178
0.045,7177
0.045,7176
0.045,7175
0.045,7174
0.045,7173
0.046,7172
0.046,7171
0.046,7170
0.046,7169
0.046,7168
0.046,7167
0.046,7166
0.046,7165
0.046,7164
0.046,7163
0.046,7162
0.046,7161
0.046,7160
0.046,7159
0.046,7158
0.046,7157
0.046,7156
0.046,7155
0.047,7154
0.047,7153
0.047,7152
0.047,7151
0.047,7150
0.047,7149
0.047,7148
0.047,7147
0.047,7146
0.047,7145
0.047,7144
0.047,7143
0.047,7142
0.047,7141
0.047,7140
0.047,7139
0.047,7138
0.047,7137
0.047,7136
0.047,7135
0.047,7134
0.048,7133
0.048,7132
0.048,7131
0.048,7130
0.048,7129
0.048,7128
0.048,7127
0.048,7126
0.048,7125
0.048,7124
0.048,7123
0.048,7122
0.048,7121
0.048,7120
0.048,7119
0.048,7118
0.048,7117
0.049,7116
0.049,7115
0.049,7114
0.049,7113
0.049,7112
0.049,7111
0.049,7110
0.049,7109
0.049,7108
0.049,7107
0.049,7106
0.049,7105
0.049,7104
0.049,7103
0.049,7102
0.049,7101
0.049,7100
0.049,7099
0.05,7098
0.05,7097
0.05,7096
0.05,7095
0.05,7094
0.05,7093
0.05,7092
0.05,7091
0.05,7090
0.05,7089
0.05,7088
0.05,7087
0.05,7086
0.051,7085
0.051,7084
0.051,7083
0.051,7082
0.051,7081
0.051,7080
0.051,7079
0.051,7078
0.051,7077
0.051,7076
0.051,7075
0.051,7074
0.052,7073
0.052,7072
0.052,7071
0.052,7070
0.052,7069
0.052,7068
0.052,7067
0.052,7066
0.052,7065
0.052,7064
0.052,7063
0.052,7062
0.052,7061
0.052,7060
0.052,7059
0.052,7058
0.052,7057
0.052,7056
0.052,7055
0.052,7054
0.052,7053
0.053,7052
0.053,7051
0.053,7050
0.053,7049
0.053,7048
0.053,7047
0.053,7046
0.053,7045
0.053,7044
0.053,7043
0.053,7042
0.053,7041
0.053,7040
0.053,7039
0.053,7038
0.053,7037
0.053,7036
0.053,7035
0.053,7034
0.053,7033
0.053,7032
0.053,7031
0.054,7030
0.054,7029
0.054,7028
0.054,7027
0.054,7026
0.054,7025
0.054,7024
0.054,7023
0.054,7022
0.054,7021
0.054,7020
0.054,7019
0.054,7018
0.054,7017
0.054,7016
0.054,7015
0.054,7014
0.054,7013
0.054,7012
0.054,7011
0.054,7010
0.054,7009
0.054,7008
0.054,7007
0.055,7006
0.055,7005
0.055,7004
0.055,7003
0.055,7002
0.055,7001
0.055,7000
0.055,6999
0.055,6998
0.055,6997
0.055,6996
0.055,6995
0.055,6994
0.055,6993
0.055,6992
0.055,6991
0.055,6990
0.055,6989
0.055,6988
0.055,6987
0.055,6986
0.055,6985
0.055,6984
0.055,6983
0.055,6982
0.055,6981
0.056,6980
0.056,6979
0.056,6978
0.056,6977
0.056,6976
0.056,6975
0.056,6974
0.056,6973
0.056,6972
0.056,6971
0.056,6970
0.056,6969
0.056,6968
0.056,6967
0.056,6966
0.056,6965
0.056,6964
0.056,6963
0.056,6962
0.056,6961
0.056,6960
0.056,6959
0.056,6958
0.057,6957
0.057,6956
0.057,6955
0.057,6954
0.057,6953
0.057,6952
0.057,6951
0.057,6950
0.057,6949
0.057,6948
0.057,6947
0.057,6946
0.057,6945
0.057,6944
0.057,6943
0.057,6942
0.057,6941
0.057,6940
0.057,6939
0.057,6938
0.057,6937
0.057,6936
0.058,6935
0.058,6934
0.058,6933
0.058,6932
0.058,6931
0.058,6930
0.058,6929
0.058,6928
0.058,6927
0.058,6926
0.058,6925
0.058,6924
0.058,6923
0.058,6922
0.058,6921
0.058,6920
0.058,6919
0.058,6918
0.058,6917
0.058,6916
0.058,6915
0.058,6914
0.058,6913
0.058,6912
0.059,6911
0.059,6910
0.059,6909
0.059,6908
0.059,6907
0.059,6906
0.059,6905
0.059,6904
0.059,6903
0.059,6902
0.059,6901
0.059,6900
0.059,6899
0.059,6898
0.059,6897
0.059,6896
0.059,6895
0.059,6894
0.059,6893
0.059,6892
0.059,6891
0.06,6890
0.06,6889
0.06,6888
0.06,6887
0.06,6886
0.06,6885
0.06,6884
0.06,6883
0.06,6882
0.06,6881
0.06,6880
0.06,6879
0.06,6878
0.06,6877
0.06,6876
0.06,6875
0.06,6874
0.06,6873
0.06,6872
0.06,6871
0.06,6870
0.061,6869
0.061,6868
0.061,6867
0.061,6866
0.061,6865
0.061,6864
0.061,6863
0.061,6862
0.061,6861
0.061,6860
0.061,6859
0.061,6858
0.061,6857
0.061,6856
0.061,6855
0.061,6854
0.061,6853
0.061,6852
0.061,6851
0.062,6850
0.062,6849
0.062,6848
0.062,6847
0.062,6846
0.062,6845
0.062,6844
0.062,6843
0.062,6842
0.062,6841
0.062,6840
0.062,6839
0.062,6838
0.062,6837
0.062,6836
0.062,6835
0.062,6834
0.062,6833
0.062,6832
0.062,6831
0.062,6830
0.062,6829
0.062,6828
0.062,6827
0.062,6826
0.062,6825
0.063,6824
0.063,6823
0.063,6822
0.063,6821
0.063,6820
0.063,6819
0.063,6818
0.063,6817
0.063,6816
0.063,6815
0.063,6814
0.063,6813
0.063,6812
0.063,6811
0.063,6810
0.063,6809
0.063,6808
0.063,6807
0.063,6806
0.064,6805
0.064,6804
0.064,6803
0.064,6802
0.064,6801
0.064,6800
0.064,6799
0.064,6798
0.064,6797
0.064,6796
0.064,6795
0.064,6794
0.064,6793
0.064,6792
0.064,6791
0.064,6790
0.064,6789
0.064,6788
0.064,6787
0.064,6786
0.064,6785
0.064,6784
0.065,6783
0.065,6782
0.065,6781
0.065,6780
0.065,6779
0.065,6778
0.065,6777
0.065,6776
0.065,6775
0.065,6774
0.065,6773
0.065,6772
0.065,6771
0.065,6770
0.065,6769
0.065,6768
0.065,6767
0.065,6766
0.065,6765
0.065,6764
0.065,6763
0.066,6762
0.066,6761
0.066,6760
0.066,6759
0.066,6758
0.066,6757
0.066,6756
0.066,6755
0.066,6754
0.066,6753
0.066,6752
0.066,6751
0.066,6750
0.066,6749
0.066,6748
0.066,6747
0.066,6746
0.066,6745
0.067,6744
0.067,6743
0.067,6742
0.067,6741
0.067,6740
0.067,6739
0.067,6738
0.067,6737
0.067,6736
0.067,6735
0.067,6734
0.067,6733
0.067,6732
0.067,6731
0.067,6730
0.067,6729
0.067,6728
0.067,6727
0.067,6726
0.067,6725
0.067,6724
0.067,6723
0.068,6722
0.068,6721
0.068,6720
0.068,6719
0.068,6718
0.068,6717
0.068,6716
0.068,6715
0.068,6714
0.068,6713
0.068,6712
0.068,6711
0.068,6710
0.068,6709
0.068,6708
0.068,6707
0.068,6706
0.068,6705
0.068,6704
0.068,6703
0.068,6702
0.069,6701
0.069,6700
0.069,6699
0.069,6698
0.069,6697
0.069,6696
0.069,6695
0.069,6694
0.069,6693
0.069,6692
0.069,6691
0.069,6690
0.069,6689
0.069,6688
0.07,6687
0.07,6686
0.07,6685
0.07,6684
0.07,6683
0.07,6682
0.07,6681
0.07,6680
0.07,6679
0.07,6678
0.07,6677
0.07,6676
0.07,6675
0.07,6674
0.07,6673
0.07,6672
0.07,6671
0.07,6670
0.07,6669
0.071,6668
0.071,6667
0.071,6666
0.071,6665
0.071,6664
0.071,6663
0.071,6662
0.071,6661
0.071,6660
0.071,6659
0.071,6658
0.071,6657
0.071,6656
0.071,6655
0.071,6654
0.071,6653
0.071,6652
0.071,6651
0.071,6650
0.071,6649
0.072,6648
0.072,6647
0.072,6646
0.072,6645
0.072,6644
0.072,6643
0.072,6642
0.072,6641
0.072,6640
0.072,6639
0.072,6638
0.072,6637
0.072,6636
0.072,6635
0.073,6634
0.073,6633
0.073,6632
0.073,6631
0.073,6630
0.073,6629
0.073,6628
0.073,6627
0.073,6626
0.073,6625
0.073,6624
0.073,6623
0.073,6622
0.073,6621
0.073,6620
0.073,6619
0.073,6618
0.073,6617
0.073,6616
0.073,6615
0.074,6614
0.074,6613
0.074,6612
0.074,6611
0.074,6610
0.074,6609
0.074,6608
0.074,6607
0.074,6606
0.074,6605
0.074,6604
0.074,6603
0.074,6602
0.075,6601
0.075,6600
0.075,6599
0.075,6598
0.075,6597
0.075,6596
0.075,6595
0.075,6594
0.075,6593
0.075,6592
0.075,6591
0.075,6590
0.075,6589
0.075,6588
0.075,6587
0.075,6586
0.075,6585
0.075,6584
0.075,6583
0.075,6582
0.075,6581
0.075,6580
0.075,6579
0.075,6578
0.076,6577
0.076,6576
0.076,6575
0.076,6574
0.076,6573
0.076,6572
0.076,6571
0.076,6570
0.076,6569
0.076,6568
0.076,6567
0.076,6566
0.076,6565
0.076,6564
0.076,6563
0.077,6562
0.077,6561
0.077,6560
0.077,6559
0.077,6558
0.077,6557
0.077,6556
0.077,6555
0.077,6554
0.077,6553
0.077,6552
0.077,6551
0.077,6550
0.077,6549
0.077,6548
0.077,6547
0.078,6546
0.078,6545
0.078,6544
0.078,6543
0.078,6542
0.078,6541
0.078,6540
0.078,6539
0.078,6538
0.078,6537
0.078,6536
0.078,6535
0.078,6534
0.078,6533
0.078,6532
0.078,6531
0.078,6530
0.078,6529
0.078,6528
0.078,6527
0.078,6526
0.078,6525
0.078,6524
0.078,6523
0.078,6522
0.079,6521
0.079,6520
0.079,6519
0.079,6518
0.079,6517
0.079,6516
0.079,6515
0.079,6514
0.079,6513
0.079,6512
0.079,6511
0.079,6510
0.079,6509
0.079,6508
0.079,6507
0.079,6506
0.079,6505
0.079,6504
0.079,6503
0.079,6502
0.079,6501
0.079,6500
0.079,6499
0.08,6498
0.08,6497
0.08,6496
0.08,6495
0.08,6494
0.08,6493
0.08,6492
0.08,6491
0.08,6490
0.08,6489
0.08,6488
0.08,6487
0.08,6486
0.08,6485
0.08,6484
0.08,6483
0.08,6482
0.08,6481
0.08,6480
0.08,6479
0.08,6478
0.08,6477
0.08,6476
0.081,6475
0.081,6474
0.081,6473
0.081,6472
0.081,6471
0.081,6470
0.081,6469
0.081,6468
0.081,6467
0.081,6466
0.081,6465
0.081,6464
0.081,6463
0.081,6462
0.081,6461
0.081,6460
0.081,6459
0.081,6458
0.081,6457
0.081,6456
0.082,6455
0.082,6454
0.082,6453
0.082,6452
0.082,6451
0.082,6450
0.082,6449
0.082,6448
0.082,6447
0.082,6446
0.082,6445
0.082,6444
0.082,6443
0.082,6442
0.082,6441
0.082,6440
0.082,6439
0.083,6438
0.083,6437
0.083,6436
0.083,6435
0.083,6434
0.083,6433
0.083,6432
0.083,6431
0.083,6430
0.083,6429
0.083,6428
0.083,6427
0.083,6426
0.083,6425
0.083,6424
0.083,6423
0.083,6422
0.083,6421
0.084,6420
0.084,6419
0.084,6418
0.084,6417
0.084,6416
0.084,6415
0.084,6414
0.084,6413
0.084,6412
0.084,6411
0.084,6410
0.084,6409
0.084,6408
0.084,6407
0.084,6406
0.085,6405
0.085,6404
0.085,6403
0.085,6402
0.085,6401
0.085,6400
0.085,6399
0.085,6398
0.085,6397
0.085,6396
0.085,6395
0.085,6394
0.085,6393
0.085,6392
0.085,6391
0.085,6390
0.085,6389
0.085,6388
0.085,6387
0.085,6386
0.085,6385
0.085,6384
0.086,6383
0.086,6382
0.086,6381
0.086,6380
0.086,6379
0.086,6378
0.086,6377
0.086,6376
0.086,6375
0.086,6374
0.086,6373
0.086,6372
0.086,6371
0.086,6370
0.086,6369
0.086,6368
0.087,6367
0.087,6366
0.087,6365
0.087,6364
0.087,6363
0.087,6362
0.087,6361
0.087,6360
0.087,6359
0.087,6358
0.087,6357
0.087,6356
0.087,6355
0.087,6354
0.087,6353
0.087,6352
0.087,6351
0.087,6350
0.088,6349
0.088,6348
0.088,6347
0.088,6346
0.088,6345
0.088,6344
0.088,6343
0.088,6342
0.088,6341
0.088,6340
0.088,6339
0.088,6338
0.088,6337
0.088,6336
0.088,6335
0.088,6334
0.088,6333
0.089,6332
0.089,6331
0.089,6330
0.089,6329
0.089,6328
0.089,6327
0.089,6326
0.089,6325
0.089,6324
0.089,6323
0.089,6322
0.089,6321
0.089,6320
0.089,6319
0.089,6318
0.089,6317
0.089,6316
0.089,6315
0.089,6314
0.089,6313
0.089,6312
0.09,6311
0.09,6310
0.09,6309
0.09,6308
0.09,6307
0.09,6306
0.09,6305
0.09,6304
0.09,6303
0.09,6302
0.09,6301
0.09,6300
0.09,6299
0.09,6298
0.09,6297
0.09,6296
0.09,6295
0.09,6294
0.091,6293
0.091,6292
0.091,6291
0.091,6290
0.091,6289
0.091,6288
0.091,6287
0.091,6286
0.091,6285
0.091,6284
0.091,6283
0.091,6282
0.091,6281
0.091,6280
0.092,6279
0.092,6278
0.092,6277
0.092,6276
0.092,6275
0.092,6274
0.092,6273
0.092,6272
0.092,6271
0.092,6270
0.092,6269
0.092,6268
0.092,6267
0.092,6266
0.092,6265
0.093,6264
0.093,6263
0.093,6262
0.093,6261
0.093,6260
0.093,6259
0.093,6258
0.093,6257
0.093,6256
0.093,6255
0.093,6254
0.093,6253
0.093,6252
0.093,6251
0.093,6250
0.094,6249
0.094,6248
0.094,6247
0.094,6246
0.094,6245
0.097,6244
0.097,6243
0.097,6242
0.097,6241
0.097,6240
0.097,6239
0.097,6238
0.097,6237
0.097,6236
0.097,6235
0.097,6234
0.097,6233
0.097,6232
0.097,6231
0.097,6230
0.097,6229
0.097,6228
0.097,6227
0.097,6226
0.097,6225
0.097,6224
0.097,6223
0.097,6222
0.097,6221
0.097,6220
0.097,6219
0.098,6218
0.098,6217
0.098,6216
0.098,6215
0.098,6214
0.098,6213
0.098,6212
0.098,6211
0.098,6210
0.098,6209
0.098,6208
0.098,6207
0.098,6206
0.098,6205
0.098,6204
0.098,6203
0.098,6202
0.098,6201
0.098,6200
0.098,6199
0.099,6198
0.099,6197
0.099,6196
0.099,6195
0.099,6194
0.099,6193
0.099,6192
0.099,6191
0.099,6190
0.099,6189
0.099,6188
0.099,6187
0.099,6186
0.099,6185
0.099,6184
0.099,6183
0.099,6182
0.099,6181
0.099,6180
0.099,6179
0.099,6178
0.099,6177
0.1,6176
0.1,6175
0.1,6174
0.1,6173
0.1,6172
0.1,6171
0.1,6170
0.1,6169
0.1,6168
0.1,6167
0.1,6166
0.1,6165
0.1,6164
0.1,6163
0.1,6162
0.1,6161
0.1,6160
0.101,6159
0.101,6158
0.101,6157
0.101,6156
0.101,6155
0.101,6154
0.101,6153
0.101,6152
0.101,6151
0.101,6150
0.101,6149
0.101,6148
0.101,6147
0.101,6146
0.101,6145
0.101,6144
0.101,6143
0.101,6142
0.101,6141
0.101,6140
0.101,6139
0.101,6138
0.101,6137
0.101,6136
0.101,6135
0.102,6134
0.102,6133
0.102,6132
0.102,6131
0.102,6130
0.102,6129
0.102,6128
0.102,6127
0.102,6126
0.102,6125
0.102,6124
0.102,6123
0.102,6122
0.102,6121
0.102,6120
0.102,6119
0.102,6118
0.102,6117
0.102,6116
0.102,6115
0.103,6114
0.103,6113
0.103,6112
0.103,6111
0.103,6110
0.103,6109
0.103,6108
0.103,6107
0.103,6106
0.103,6105
0.103,6104
0.103,6103
0.103,6102
0.103,6101
0.103,6100
0.103,6099
0.103,6098
0.103,6097
0.103,6096
0.104,6095
0.104,6094
0.104,6093
0.104,6092
0.104,6091
0.104,6090
0.104,6089
0.104,6088
0.104,6087
0.104,6086
0.104,6085
0.104,6084
0.104,6083
0.104,6082
0.104,6081
0.104,6080
0.104,6079
0.104,6078
0.104,6077
0.104,6076
0.104,6075
0.104,6074
0.104,6073
0.104,6072
0.104,6071
0.104,6070
0.104,6069
0.105,6068
0.105,6067
0.105,6066
0.105,6065
0.105,6064
0.105,6063
0.105,6062
0.105,6061
0.105,6060
0.105,6059
0.105,6058
0.105,6057
0.105,6056
0.105,6055
0.105,6054
0.105,6053
0.105,6052
0.105,6051
0.105,6050
0.105,6049
0.105,6048
0.105,6047
0.106,6046
0.106,6045
0.106,6044
0.106,6043
0.106,6042
0.106,6041
0.106,6040
0.106,6039
0.106,6038
0.106,6037
0.106,6036
0.106,6035
0.106,6034
0.106,6033
0.106,6032
0.106,6031
0.106,6030
0.106,6029
0.107,6028
0.107,6027
0.107,6026
0.107,6025
0.107,6024
0.107,6023
0.107,6022
0.107,6021
0.107,6020
0.107,6019
0.107,6018
0.107,6017
0.107,6016
0.107,6015
0.107,6014
0.107,6013
0.107,6012
0.107,6011
0.107,6010
0.107,6009
0.107,6008
0.107,6007
0.107,6006
0.107,6005
0.107,6004
0.107,6003
0.108,6002
0.108,6001
0.108,6000
0.108,5999
0.108,5998
0.108,5997
0.108,5996
0.108,5995
0.108,5994
0.108,5993
0.108,5992
0.108,5991
0.108,5990
0.108,5989
0.108,5988
0.109,5987
0.109,5986
0.109,5985
0.109,5984
0.109,5983
0.109,5982
0.109,5981
0.109,5980
0.109,5979
0.109,5978
0.109,5977
0.109,5976
0.109,5975
0.109,5974
0.109,5973
0.109,5972
0.109,5971
0.109,5970
0.109,5969
0.109,5968
0.109,5967
0.11,5966
0.11,5965
0.11,5964
0.11,5963
0.11,5962
0.11,5961
0.11,5960
0.11,5959
0.11,5958
0.11,5957
0.11,5956
0.11,5955
0.11,5954
0.11,5953
0.11,5952
0.11,5951
0.11,5950
0.11,5949
0.11,5948
0.11,5947
0.11,5946
0.11,5945
0.11,5944
0.11,5943
0.11,5942
0.11,5941
0.11,5940
0.11,5939
0.11,5938
0.11,5937
0.11,5936
0.111,5935
0.111,5934
0.111,5933
0.111,5932
0.111,5931
0.111,5930
0.111,5929
0.111,5928
0.111,5927
0.111,5926
0.111,5925
0.111,5924
0.111,5923
0.111,5922
0.111,5921
0.111,5920
0.111,5919
0.112,5918
0.112,5917
0.112,5916
0.112,5915
0.112,5914
0.112,5913
0.112,5912
0.112,5911
0.112,5910
0.112,5909
0.112,5908
0.112,5907
0.112,5906
0.112,5905
0.112,5904
0.112,5903
0.112,5902
0.112,5901
0.112,5900
0.112,5899
0.112,5898
0.112,5897
0.112,5896
0.113,5895
0.113,5894
0.113,5893
0.113,5892
0.113,5891
0.113,5890
0.113,5889
0.113,5888
0.113,5887
0.113,5886
0.113,5885
0.113,5884
0.113,5883
0.113,5882
0.113,5881
0.113,5880
0.113,5879
0.113,5878
0.113,5877
0.113,5876
0.113,5875
0.113,5874
0.113,5873
0.113,5872
0.113,5871
0.113,5870
0.113,5869
0.113,5868
0.113,5867
0.114,5866
0.114,5865
0.114,5864
0.114,5863
0.114,5862
0.114,5861
0.114,5860
0.114,5859
0.114,5858
0.114,5857
0.114,5856
0.114,5855
0.114,5854
0.114,5853
0.114,5852
0.114,5851
0.114,5850
0.114,5849
0.114,5848
0.114,5847
0.114,5846
0.115,5845
0.115,5844
0.115,5843
0.115,5842
0.115,5841
0.115,5840
0.115,5839
0.115,5838
0.115,5837
0.115,5836
0.115,5835
0.115,5834
0.115,5833
0.115,5832
0.115,5831
0.115,5830
0.115,5829
0.115,5828
0.115,5827
0.115,5826
0.115,5825
0.115,5824
0.115,5823
0.116,5822
0.116,5821
0.116,5820
0.116,5819
0.116,5818
0.116,5817
0.116,5816
0.116,5815
0.116,5814
0.116,5813
0.116,5812
0.116,5811
0.116,5810
0.116,5809
0.116,5808
0.116,5807
0.116,5806
0.116,5805
0.116,5804
0.116,5803
0.117,5802
0.117,5801
0.117,5800
0.117,5799
0.117,5798
0.117,5797
0.117,5796
0.117,5795
0.117,5794
0.117,5793
0.117,5792
0.117,5791
0.117,5790
0.117,5789
0.117,5788
0.118,5787
0.118,5786
0.118,5785
0.118,5784
0.118,5783
0.118,5782
0.118,5781
0.118,5780
0.118,5779
0.118,5778
0.118,5777
0.118,5776
0.118,5775
0.119,5774
0.119,5773
0.119,5772
0.119,5771
0.119,5770
0.119,5769
0.119,5768
0.119,5767
0.119,5766
0.119,5765
0.119,5764
0.119,5763
0.119,5762
0.119,5761
0.119,5760
0.119,5759
0.119,5758
0.119,5757
0.119,5756
0.119,5755
0.119,5754
0.12,5753
0.12,5752
0.12,5751
0.12,5750
0.12,5749
0.12,5748
0.12,5747
0.12,5746
0.12,5745
0.12,5744
0.12,5743
0.12,5742
0.12,5741
0.12,5740
0.12,5739
0.12,5738
0.12,5737
0.12,5736
0.12,5735
0.12,5734
0.121,5733
0.121,5732
0.121,5731
0.121,5730
0.121,5729
0.121,5728
0.121,5727
0.121,5726
0.121,5725
0.121,5724
0.121,5723
0.121,5722
0.121,5721
0.121,5720
0.121,5719
0.121,5718
0.121,5717
0.122,5716
0.122,5715
0.122,5714
0.122,5713
0.122,5712
0.122,5711
0.122,5710
0.122,5709
0.122,5708
0.122,5707
0.122,5706
0.122,5705
0.122,5704
0.122,5703
0.122,5702
0.122,5701
0.122,5700
0.122,5699
0.122,5698
0.122,5697
0.122,5696
0.122,5695
0.122,5694
0.122,5693
0.122,5692
0.123,5691
0.123,5690
0.123,5689
0.123,5688
0.123,5687
0.123,5686
0.123,5685
0.123,5684
0.123,5683
0.123,5682
0.123,5681
0.123,5680
0.123,5679
0.123,5678
0.123,5677
0.123,5676
0.123,5675
0.123,5674
0.123,5673
0.123,5672
0.123,5671
0.123,5670
0.124,5669
0.124,5668
0.124,5667
0.124,5666
0.124,5665
0.124,5664
0.124,5663
0.124,5662
0.124,5661
0.124,5660
0.124,5659
0.124,5658
0.124,5657
0.124,5656
0.124,5655
0.124,5654
0.124,5653
0.124,5652
0.124,5651
0.125,5650
0.125,5649
0.125,5648
0.125,5647
0.125,5646
0.125,5645
0.125,5644
0.125,5643
0.125,5642
0.125,5641
0.125,5640
0.125,5639
0.125,5638
0.125,5637
0.125,5636
0.125,5635
0.125,5634
0.125,5633
0.125,5632
0.125,5631
0.126,5630
0.126,5629
0.126,5628
0.126,5627
0.126,5626
0.126,5625
0.126,5624
0.126,5623
0.126,5622
0.126,5621
0.126,5620
0.126,5619
0.126,5618
0.126,5617
0.126,5616
0.126,5615
0.126,5614
0.126,5613
0.126,5612
0.126,5611
0.126,5610
0.126,5609
0.126,5608
0.126,5607
0.127,5606
0.127,5605
0.127,5604
0.127,5603
0.127,5602
0.127,5601
0.127,5600
0.127,5599
0.127,5598
0.127,5597
0.127,5596
0.127,5595
0.127,5594
0.127,5593
0.127,5592
0.127,5591
0.127,5590
0.127,5589
0.127,5588
0.127,5587
0.127,5586
0.127,5585
0.128,5584
0.128,5583
0.128,5582
0.128,5581
0.128,5580
0.128,5579
0.128,5578
0.128,5577
0.128,5576
0.128,5575
0.128,5574
0.128,5573
0.128,5572
0.128,5571
0.128,5570
0.128,5569
0.128,5568
0.128,5567
0.128,5566
0.129,5565
0.129,5564
0.129,5563
0.129,5562
0.129,5561
0.129,5560
0.129,5559
0.129,5558
0.13,5557
0.13,5556
0.13,5555
0.13,5554
0.13,5553
0.13,5552
0.13,5551
0.13,5550
0.13,5549
0.131,5548
0.131,5547
0.131,5546
0.131,5545
0.131,5544
0.131,5543
0.131,5542
0.131,5541
0.132,5540
0.132,5539
0.132,5538
0.132,5537
0.132,5536
0.132,5535
0.132,5534
0.132,5533
0.132,5532
0.133,5531
0.133,5530
0.133,5529
0.133,5528
0.133,5527
0.133,5526
0.133,5525
0.133,5524
0.133,5523
0.133,5522
0.134,5521
0.134,5520
0.134,5519
0.134,5518
0.134,5517
0.134,5516
0.134,5515
0.134,5514
0.134,5513
0.134,5512
0.135,5511
0.135,5510
0.135,5509
0.135,5508
0.135,5507
0.135,5506
0.135,5505
0.135,5504
0.135,5503
0.135,5502
0.135,5501
0.135,5500
0.135,5499
0.135,5498
0.136,5497
0.136,5496
0.136,5495
0.136,5494
0.136,5493
0.136,5492
0.136,5491
0.136,5490
0.136,5489
0.136,5488
0.136,5487
0.136,5486
0.136,5485
0.136,5484
0.136,5483
0.137,5482
0.137,5481
0.137,5480
0.137,5479
0.137,5478
0.137,5477
0.137,5476
0.137,5475
0.137,5474
0.137,5473
0.137,5472
0.137,5471
0.138,5470
0.138,5469
0.138,5468
0.138,5467
0.138,5466
0.138,5465
0.138,5464
0.138,5463
0.138,5462
0.138,5461
0.138,5460
0.138,5459
0.138,5458
0.138,5457
0.138,5456
0.139,5455
0.139,5454
0.139,5453
0.139,5452
0.139,5451
0.139,5450
0.139,5449
0.139,5448
0.14,5447
0.14,5446
0.14,5445
0.14,5444
0.14,5443
0.14,5442
0.14,5441
0.14,5440
0.14,5439
0.141,5438
0.141,5437
0.141,5436
0.141,5435
0.141,5434
0.141,5433
0.141,5432
0.141,5431
0.141,5430
0.141,5429
0.141,5428
0.141,5427
0.141,5426
0.142,5425
0.142,5424
0.142,5423
0.142,5422
0.142,5421
0.142,5420
0.142,5419
0.142,5418
0.142,5417
0.142,5416
0.142,5415
0.142,5414
0.142,5413
0.142,5412
0.142,5411
0.142,5410
0.143,5409
0.143,5408
0.143,5407
0.143,5406
0.143,5405
0.143,5404
0.143,5403
0.143,5402
0.143,5401
0.143,5400
0.144,5399
0.144,5398
0.144,5397
0.144,5396
0.144,5395
0.144,5394
0.144,5393
0.144,5392
0.144,5391
0.144,5390
0.144,5389
0.144,5388
0.144,5387
0.144,5386
0.144,5385
0.144,5384
0.144,5383
0.145,5382
0.145,5381
0.145,5380
0.145,5379
0.145,5378
0.145,5377
0.145,5376
0.145,5375
0.145,5374
0.145,5373
0.145,5372
0.145,5371
0.145,5370
0.145,5369
0.145,5368
0.146,5367
0.146,5366
0.146,5365
0.146,5364
0.146,5363
0.146,5362
0.146,5361
0.146,5360
0.146,5359
0.146,5358
0.146,5357
0.146,5356
0.146,5355
0.147,5354
0.147,5353
0.147,5352
0.147,5351
0.147,5350
0.147,5349
0.147,5348
0.147,5347
0.147,5346
0.147,5345
0.147,5344
0.147,5343
0.148,5342
0.148,5341
0.148,5340
0.148,5339
0.148,5338
0.148,5337
0.148,5336
0.148,5335
0.148,5334
0.148,5333
0.148,5332
0.148,5331
0.148,5330
0.148,5329
0.148,5328
0.148,5327
0.148,5326
0.148,5325
0.148,5324
0.148,5323
0.149,5322
0.149,5321
0.149,5320
0.149,5319
0.149,5318
0.149,5317
0.149,5316
0.149,5315
0.149,5314
0.149,5313
0.149,5312
0.149,5311
0.149,5310
0.149,5309
0.149,5308
0.152,5307
0.153,5306
0.153,5305
0.153,5304
0.153,5303
0.153,5302
0.153,5301
0.153,5300
0.153,5299
0.153,5298
0.153,5297
0.153,5296
0.153,5295
0.153,5294
0.153,5293
0.153,5292
0.153,5291
0.153,5290
0.153,5289
0.153,5288
0.153,5287
0.154,5286
0.154,5285
0.154,5284
0.154,5283
0.154,5282
0.154,5281
0.154,5280
0.154,5279
0.154,5278
0.154,5277
0.154,5276
0.154,5275
0.154,5274
0.154,5273
0.154,5272
0.154,5271
0.155,5270
0.155,5269
0.155,5268
0.155,5267
0.155,5266
0.155,5265
0.155,5264
0.155,5263
0.155,5262
0.155,5261
0.155,5260
0.156,5259
0.156,5258
0.156,5257
0.156,5256
0.156,5255
0.156,5254
0.156,5253
0.156,5252
0.156,5251
0.156,5250
0.156,5249
0.156,5248
0.156,5247
0.157,5246
0.157,5245
0.157,5244
0.157,5243
0.157,5242
0.157,5241
0.157,5240
0.157,5239
0.157,5238
0.157,5237
0.157,5236
0.158,5235
0.158,5234
0.158,5233
0.158,5232
0.158,5231
0.158,5230
0.158,5229
0.158,5228
0.158,5227
0.158,5226
0.158,5225
0.158,5224
0.158,5223
0.158,5222
0.158,5221
0.159,5220
0.159,5219
0.159,5218
0.159,5217
0.159,5216
0.159,5215
0.159,5214
0.159,5213
0.159,5212
0.159,5211
0.16,5210
0.16,5209
0.16,5208
0.16,5207
0.16,5206
0.16,5205
0.16,5204
0.16,5203
0.16,5202
0.16,5201
0.16,5200
0.16,5199
0.161,5198
0.161,5197
0.161,5196
0.161,5195
0.161,5194
0.161,5193
0.161,5192
0.161,5191
0.161,5190
0.161,5189
0.161,5188
0.162,5187
0.162,5186
0.162,5185
0.162,5184
0.162,5183
0.162,5182
0.162,5181
0.162,5180
0.162,5179
0.163,5178
0.163,5177
0.163,5176
0.163,5175
0.163,5174
0.163,5173
0.163,5172
0.163,5171
0.163,5170
0.163,5169
0.164,5168
0.164,5167
0.164,5166
0.164,5165
0.164,5164
0.164,5163
0.164,5162
0.164,5161
0.164,5160
0.164,5159
0.165,5158
0.165,5157
0.165,5156
0.165,5155
0.165,5154
0.165,5153
0.165,5152
0.165,5151
0.165,5150
0.165,5149
0.165,5148
0.165,5147
0.165,5146
0.165,5145
0.165,5144
0.165,5143
0.166,5142
0.166,5141
0.166,5140
0.166,5139
0.166,5138
0.166,5137
0.166,5136
0.166,5135
0.166,5134
0.166,5133
0.166,5132
0.166,5131
0.166,5130
0.166,5129
0.167,5128
0.167,5127
0.167,5126
0.167,5125
0.167,5124
0.167,5123
0.168,5122
0.168,5121
0.168,5120
0.168,5119
0.168,5118
0.168,5117
0.168,5116
0.168,5115
0.168,5114
0.168,5113
0.168,5112
0.168,5111
0.169,5110
0.169,5109
0.169,5108
0.169,5107
0.169,5106
0.169,5105
0.169,5104
0.17,5103
0.17,5102
0.17,5101
0.17,5100
0.17,5099
0.17,5098
0.17,5097
0.17,5096
0.17,5095
0.17,5094
0.17,5093
0.17,5092
0.17,5091
0.171,5090
0.171,5089
0.171,5088
0.171,5087
0.171,5086
0.171,5085
0.171,5084
0.171,5083
0.171,5082
0.171,5081
0.171,5080
0.171,5079
0.171,5078
0.171,5077
0.172,5076
0.172,5075
0.172,5074
0.172,5073
0.172,5072
0.172,5071
0.172,5070
0.172,5069
0.172,5068
0.173,5067
0.173,5066
0.173,5065
0.173,5064
0.173,5063
0.173,5062
0.173,5061
0.173,5060
0.173,5059
0.173,5058
0.174,5057
0.174,5056
0.174,5055
0.174,5054
0.174,5053
0.174,5052
0.174,5051
0.174,5050
0.174,5049
0.174,5048
0.174,5047
0.174,5046
0.175,5045
0.175,5044
0.175,5043
0.175,5042
0.175,5041
0.175,5040
0.175,5039
0.175,5038
0.175,5037
0.175,5036
0.175,5035
0.175,5034
0.175,5033
0.175,5032
0.176,5031
0.176,5030
0.176,5029
0.176,5028
0.176,5027
0.176,5026
0.176,5025
0.176,5024
0.176,5023
0.176,5022
0.176,5021
0.177,5020
0.177,5019
0.177,5018
0.177,5017
0.177,5016
0.177,5015
0.177,5014
0.177,5013
0.177,5012
0.177,5011
0.177,5010
0.177,5009
0.177,5008
0.177,5007
0.178,5006
0.178,5005
0.178,5004
0.178,5003
0.178,5002
0.178,5001
0.178,5000
0.178,4999
0.178,4998
0.178,4997
0.178,4996
0.178,4995
0.178,4994
0.178,4993
0.178,4992
0.178,4991
0.178,4990
0.179,4989
0.179,4988
0.179,4987
0.179,4986
0.179,4985
0.179,4984
0.179,4983
0.179,4982
0.179,4981
0.179,4980
0.179,4979
0.179,4978
0.18,4977
0.18,4976
0.18,4975
0.18,4974
0.18,4973
0.18,4972
0.18,4971
0.18,4970
0.18,4969
0.18,4968
0.18,4967
0.18,4966
0.181,4965
0.181,4964
0.181,4963
0.181,4962
0.181,4961
0.181,4960
0.181,4959
0.181,4958
0.181,4957
0.181,4956
0.181,4955
0.181,4954
0.181,4953
0.181,4952
0.182,4951
0.182,4950
0.182,4949
0.182,4948
0.182,4947
0.183,4946
0.183,4945
0.183,4944
0.183,4943
0.183,4942
0.183,4941
0.183,4940
0.183,4939
0.183,4938
0.183,4937
0.183,4936
0.183,4935
0.183,4934
0.183,4933
0.184,4932
0.184,4931
0.184,4930
0.184,4929
0.184,4928
0.184,4927
0.184,4926
0.184,4925
0.185,4924
0.185,4923
0.185,4922
0.185,4921
0.185,4920
0.185,4919
0.185,4918
0.185,4917
0.185,4916
0.185,4915
0.185,4914
0.186,4913
0.186,4912
0.186,4911
0.186,4910
0.186,4909
0.186,4908
0.186,4907
0.186,4906
0.186,4905
0.186,4904
0.187,4903
0.187,4902
0.187,4901
0.187,4900
0.187,4899
0.187,4898
0.187,4897
0.187,4896
0.187,4895
0.187,4894
0.187,4893
0.187,4892
0.187,4891
0.188,4890
0.188,4889
0.188,4888
0.188,4887
0.188,4886
0.188,4885
0.189,4884
0.189,4883
0.189,4882
0.189,4881
0.189,4880
0.189,4879
0.189,4878
0.189,4877
0.189,4876
0.189,4875
0.19,4874
0.19,4873
0.19,4872
0.19,4871
0.19,4870
0.19,4869
0.19,4868
0.19,4867
0.19,4866
0.19,4865
0.19,4864
0.19,4863
0.19,4862
0.19,4861
0.19,4860
0.19,4859
0.19,4858
0.191,4857
0.191,4856
0.191,4855
0.191,4854
0.191,4853
0.191,4852
0.191,4851
0.191,4850
0.192,4849
0.192,4848
0.192,4847
0.192,4846
0.192,4845
0.192,4844
0.192,4843
0.192,4842
0.193,4841
0.193,4840
0.193,4839
0.193,4838
0.193,4837
0.193,4836
0.193,4835
0.193,4834
0.193,4833
0.194,4832
0.194,4831
0.194,4830
0.194,4829
0.194,4828
0.194,4827
0.194,4826
0.194,4825
0.195,4824
0.195,4823
0.195,4822
0.195,4821
0.195,4820
0.195,4819
0.197,4818
0.197,4817
0.197,4816
0.198,4815
0.198,4814
0.198,4813
0.198,4812
0.198,4811
0.198,4810
0.198,4809
0.198,4808
0.199,4807
0.199,4806
0.199,4805
0.199,4804
0.199,4803
0.199,4802
0.199,4801
0.199,4800
0.199,4799
0.199,4798
0.2,4797
0.2,4796
0.2,4795
0.2,4794
0.2,4793
0.2,4792
0.2,4791
0.2,4790
0.2,4789
0.2,4788
0.2,4787
0.2,4786
0.201,4785
0.201,4784
0.201,4783
0.201,4782
0.202,4781
0.202,4780
0.202,4779
0.202,4778
0.202,4777
0.202,4776
0.202,4775
0.202,4774
0.203,4773
0.203,4772
0.203,4771
0.204,4770
0.205,4769
0.205,4768
0.205,4767
0.205,4766
0.205,4765
0.205,4764
0.206,4763
0.206,4762
0.206,4761
0.206,4760
0.206,4759
0.206,4758
0.206,4757
0.206,4756
0.206,4755
0.206,4754
0.207,4753
0.207,4752
0.207,4751
0.207,4750
0.207,4749
0.208,4748
0.208,4747
0.208,4746
0.208,4745
0.208,4744
0.208,4743
0.208,4742
0.208,4741
0.209,4740
0.209,4739
0.209,4738
0.209,4737
0.209,4736
0.209,4735
0.21,4734
0.21,4733
0.21,4732
0.21,4731
0.21,4730
0.21,4729
0.21,4728
0.21,4727
0.21,4726
0.211,4725
0.211,4724
0.211,4723
0.211,4722
0.211,4721
0.211,4720
0.211,4719
0.211,4718
0.211,4717
0.212,4716
0.212,4715
0.212,4714
0.212,4713
0.212,4712
0.212,4711
0.213,4710
0.213,4709
0.213,4708
0.213,4707
0.213,4706
0.213,4705
0.213,4704
0.214,4703
0.214,4702
0.214,4701
0.214,4700
0.214,4699
0.215,4698
0.215,4697
0.216,4696
0.216,4695
0.216,4694
0.216,4693
0.217,4692
0.217,4691
0.217,4690
0.217,4689
0.218,4688
0.218,4687
0.218,4686
0.218,4685
0.218,4684
0.219,4683
0.219,4682
0.219,4681
0.219,4680
0.219,4679
0.219,4678
0.22,4677
0.22,4676
0.22,4675
0.22,4674
0.221,4673
0.221,4672
0.221,4671
0.221,4670
0.221,4669
0.221,4668
0.221,4667
0.221,4666
0.221,4665
0.222,4664
0.222,4663
0.222,4662
0.222,4661
0.223,4660
0.223,4659
0.223,4658
0.223,4657
0.224,4656
0.224,4655
0.224,4654
0.224,4653
0.225,4652
0.225,4651
0.225,4650
0.225,4649
0.225,4648
0.225,4647
0.226,4646
0.226,4645
0.226,4644
0.226,4643
0.226,4642
0.226,4641
0.226,4640
0.226,4639
0.226,4638
0.227,4637
0.227,4636
0.227,4635
0.228,4634
0.228,4633
0.229,4632
0.229,4631
0.229,4630
0.229,4629
0.23,4628
0.231,4627
0.231,4626
0.231,4625
0.232,4624
0.233,4623
0.233,4622
0.234,4621
0.234,4620
0.234,4619
0.234,4618
0.234,4617
0.235,4616
0.235,4615
0.236,4614
0.236,4613
0.236,4612
0.237,4611
0.238,4610
0.238,4609
0.238,4608
0.239,4607
0.239,4606
0.239,4605
0.239,4604
0.239,4603
0.24,4602
0.24,4601
0.24,4600
0.241,4599
0.241,4598
0.243,4597
0.244,4596
0.244,4595
0.244,4594
0.244,4593
0.244,4592
0.245,4591
0.245,4590
0.245,4589
0.246,4588
0.246,4587
0.246,4586
0.246,4585
0.247,4584
0.247,4583
0.247,4582
0.247,4581
0.248,4580
0.248,4579
0.248,4578
0.248,4577
0.248,4576
0.249,4575
0.249,4574
0.249,4573
0.249,4572
0.25,4571
0.25,4570
0.25,4569
0.25,4568
0.251,4567
0.252,4566
0.252,4565
0.252,4564
0.252,4563
0.252,4562
0.252,4561
0.253,4560
0.253,4559
0.253,4558
0.254,4557
0.254,4556
0.254,4555
0.255,4554
0.255,4553
0.255,4552
0.255,4551
0.255,4550
0.255,4549
0.255,4548
0.255,4547
0.256,4546
0.256,4545
0.256,4544
0.257,4543
0.257,4542
0.257,4541
0.258,4540
0.259,4539
0.259,4538
0.259,4537
0.259,4536
0.259,4535
0.259,4534
0.26,4533
0.26,4532
0.26,4531
0.261,4530
0.261,4529
0.261,4528
0.261,4527
0.262,4526
0.262,4525
0.263,4524
0.263,4523
0.263,4522
0.263,4521
0.264,4520
0.264,4519
0.264,4518
0.265,4517
0.265,4516
0.265,4515
0.267,4514
0.267,4513
0.268,4512
0.268,4511
0.268,4510
0.269,4509
0.269,4508
0.27,4507
0.27,4506
0.271,4505
0.271,4504
0.271,4503
0.273,4502
0.273,4501
0.274,4500
0.274,4499
0.274,4498
0.274,4497
0.275,4496
0.276,4495
0.276,4494
0.276,4493
0.276,4492
0.276,4491
0.276,4490
0.277,4489
0.279,4488
0.279,4487
0.279,4486
0.28,4485
0.282,4484
0.283,4483
0.283,4482
0.284,4481
0.285,4480
0.288,4479
0.288,4478
0.288,4477
0.29,4476
0.291,4475
0.294,4474
0.294,4473
0.295,4472
0.297,4471
0.299,4470
0.299,4469
0.302,4468
0.304,4467
0.304,4466
0.308,4465
0.311,4464
0.313,4463
0.315,4462
0.315,4461
0.318,4460
0.319,4459
0.319,4458
0.319,4457
0.32,4456
0.326,4455
0.326,4454
0.327,4453
0.332,4452
0.333,4451
0.335,4450
0.339,4449
0.341,4448
0.341,4447
0.346,4446
0.346,4445
0.346,4444
0.347,4443
0.353,4442
0.353,4441
0.354,4440
0.354,4439
0.358,4438
0.365,4437
0.365,4436
0.366,4435
0.367,4434
0.367,4433
0.368,4432
0.372,4431
0.388,4430
0.389,4429
0.391,4428
0.395,4427
0.402,4426
0.403,4425
0.41,4424
0.412,4423
0.416,4422
0.417,4421
0.421,4420
0.424,4419
0.435,4418
0.468,4417
0.487,4416
0.493,4415
0.544,4414
0.703,4413
