0.002,7604
0.004,7603
0.004,7602
0.005,7601
0.006,7600
0.006,7599
0.007,7598
0.007,7597
0.007,7596
0.007,7595
0.008,7594
0.008,7593
0.008,7592
0.009,7591
0.009,7590
0.009,7589
0.009,7588
0.01,7587
0.01,7586
0.01,7585
0.011,7584
0.012,7583
0.012,7582
0.012,7581
0.012,7580
0.012,7579
0.012,7578
0.012,7577
0.013,7576
0.013,7575
0.013,7574
0.013,7573
0.013,7572
0.013,7571
0.013,7570
0.014,7569
0.014,7568
0.014,7567
0.014,7566
0.014,7565
0.014,7564
0.014,7563
0.015,7562
0.015,7561
0.015,7560
0.015,7559
0.016,7558
0.016,7557
0.016,7556
0.016,7555
0.017,7554
0.017,7553
0.017,7552
0.017,7551
0.017,7550
0.017,7549
0.017,7548
0.017,7547
0.017,7546
0.017,7545
0.017,7544
0.017,7543
0.017,7542
0.017,7541
0.017,7540
0.018,7539
0.018,7538
0.018,7537
0.018,7536
0.018,7535
0.018,7534
0.018,7533
0.018,7532
0.018,7531
0.018,7530
0.018,7529
0.018,7528
0.018,7527
0.018,7526
0.018,7525
0.018,7524
0.018,7523
0.018,7522
0.018,7521
0.019,7520
0.019,7519
0.019,7518
0.019,7517
0.019,7516
0.019,7515
0.019,7514
0.019,7513
0.019,7512
0.019,7511
0.019,7510
0.019,7509
0.019,7508
0.019,7507
0.019,7506
0.019,7505
0.019,7504
0.019,7503
0.019,7502
0.02,7501
0.02,7500
0.02,7499
0.02,7498
0.02,7497
0.02,7496
0.02,7495
0.02,7494
0.022,7493
0.022,7492
0.022,7491
0.022,7490
0.022,7489
0.022,7488
0.022,7487
0.022,7486
0.022,7485
0.022,7484
0.022,7483
0.023,7482
0.023,7481
0.023,7480
0.023,7479
0.023,7478
0.023,7477
0.023,7476
0.023,7475
0.023,7474
0.023,7473
0.023,7472
0.023,7471
0.023,7470
0.023,7469
0.023,7468
0.023,7467
0.023,7466
0.024,7465
0.024,7464
0.024,7463
0.024,7462
0.024,7461
0.024,7460
0.024,7459
0.024,7458
0.024,7457
0.024,7456
0.024,7455
0.024,7454
0.024,7453
0.024,7452
0.024,7451
0.024,7450
0.024,7449
0.024,7448
0.024,7447
0.025,7446
0.025,7445
0.025,7444
0.025,7443
0.025,7442
0.025,7441
0.025,7440
0.025,7439
0.025,7438
0.025,7437
0.025,7436
0.025,7435
0.025,7434
0.025,7433
0.025,7432
0.025,7431
0.025,7430
0.025,7429
0.025,7428
0.026,7427
0.026,7426
0.026,7425
0.026,7424
0.026,7423
0.026,7422
0.026,7421
0.026,7420
0.026,7419
0.026,7418
0.026,7417
0.026,7416
0.026,7415
0.026,7414
0.026,7413
0.026,7412
0.026,7411
0.026,7410
0.027,7409
0.027,7408
0.027,7407
0.027,7406
0.027,7405
0.027,7404
0.027,7403
0.027,7402
0.027,7401
0.027,7400
0.027,7399
0.027,7398
0.027,7397
0.027,7396
0.027,7395
0.027,7394
0.027,7393
0.027,7392
0.027,7391
0.028,7390
0.028,7389
0.028,7388
0.028,7387
0.028,7386
0.028,7385
0.028,7384
0.028,7383
0.028,7382
0.028,7381
0.028,7380
0.028,7379
0.028,7378
0.028,7377
0.028,7376
0.028,7375
0.028,7374
0.028,7373
0.028,7372
0.028,7371
0.029,7370
0.029,7369
0.029,7368
0.029,7367
0.029,7366
0.029,7365
0.029,7364
0.029,7363
0.029,7362
0.029,7361
0.029,7360
0.029,7359
0.029,7358
0.029,7357
0.029,7356
0.029,7355
0.029,7354
0.029,7353
0.029,7352
0.029,7351
0.031,7350
0.033,7349
0.033,7348
0.033,7347
0.033,7346
0.033,7345
0.033,7344
0.033,7343
0.033,7342
0.033,7341
0.034,7340
0.034,7339
0.034,7338
0.034,7337
0.034,7336
0.034,7335
0.034,7334
0.034,7333
0.034,7332
0.034,7331
0.034,7330
0.034,7329
0.034,7328
0.034,7327
0.034,7326
0.034,7325
0.034,7324
0.034,7323
0.034,7322
0.034,7321
0.034,7320
0.034,7319
0.035,7318
0.035,7317
0.035,7316
0.035,7315
0.035,7314
0.035,7313
0.035,7312
0.035,7311
0.035,7310
0.035,7309
0.035,7308
0.035,7307
0.035,7306
0.035,7305
0.035,7304
0.035,7303
0.036,7302
0.036,7301
0.036,7300
0.036,7299
0.036,7298
0.036,7297
0.036,7296
0.036,7295
0.036,7294
0.036,7293
0.036,7292
0.036,7291
0.036,7290
0.036,7289
0.036,7288
0.036,7287
0.036,7286
0.036,7285
0.036,7284
0.036,7283
0.037,7282
0.037,7281
0.037,7280
0.037,7279
0.037,7278
0.037,7277
0.037,7276
0.037,7275
0.037,7274
0.037,7273
0.037,7272
0.037,7271
0.037,7270
0.037,7269
0.037,7268
0.037,7267
0.037,7266
0.037,7265
0.037,7264
0.038,7263
0.038,7262
0.038,7261
0.038,7260
0.038,7259
0.038,7258
0.038,7257
0.038,7256
0.038,7255
0.038,7254
0.038,7253
0.038,7252
0.038,7251
0.038,7250
0.038,7249
0.038,7248
0.038,7247
0.038,7246
0.038,7245
0.039,7244
0.039,7243
0.039,7242
0.039,7241
0.039,7240
0.039,7239
0.039,7238
0.039,7237
0.039,7236
0.039,7235
0.039,7234
0.039,7233
0.039,7232
0.039,7231
0.039,7230
0.039,7229
0.039,7228
0.039,7227
0.039,7226
0.039,7225
0.039,7224
0.039,7223
0.039,7222
0.04,7221
0.04,7220
0.04,7219
0.04,7218
0.04,7217
0.04,7216
0.04,7215
0.04,7214
0.04,7213
0.04,7212
0.04,7211
0.04,7210
0.04,7209
0.04,7208
0.04,7207
0.04,7206
0.04,7205
0.04,7204
0.04,7203
0.041,7202
0.041,7201
0.041,7200
0.041,7199
0.041,7198
0.041,7197
0.041,7196
0.041,7195
0.041,7194
0.041,7193
0.041,7192
0.041,7191
0.041,7190
0.041,7189
0.041,7188
0.041,7187
0.041,7186
0.041,7185
0.041,7184
0.041,7183
0.041,7182
0.041,7181
0.041,7180
0.041,7179
0.041,7178
0.041,7177
0.042,7176
0.042,7175
0.042,7174
0.042,7173
0.042,7172
0.042,7171
0.042,7170
0.042,7169
0.042,7168
0.042,7167
0.042,7166
0.042,7165
0.042,7164
0.042,7163
0.042,7162
0.042,7161
0.042,7160
0.042,7159
0.042,7158
0.042,7157
0.043,7156
0.043,7155
0.043,7154
0.043,7153
0.043,7152
0.043,7151
0.043,7150
0.043,7149
0.043,7148
0.043,7147
0.043,7146
0.043,7145
0.043,7144
0.043,7143
0.043,7142
0.043,7141
0.043,7140
0.043,7139
0.043,7138
0.043,7137
0.043,7136
0.043,7135
0.044,7134
0.044,7133
0.044,7132
0.044,7131
0.044,7130
0.044,7129
0.044,7128
0.044,7127
0.044,7126
0.044,7125
0.044,7124
0.044,7123
0.044,7122
0.044,7121
0.044,7120
0.044,7119
0.044,7118
0.044,7117
0.044,7116
0.044,7115
0.045,7114
0.045,7113
0.045,7112
0.045,7111
0.045,7110
0.045,7109
0.045,7108
0.045,7107
0.045,7106
0.045,7105
0.045,7104
0.045,7103
0.045,7102
0.045,7101
0.045,7100
0.045,7099
0.045,7098
0.045,7097
0.045,7096
0.045,7095
0.045,7094
0.045,7093
0.046,7092
0.046,7091
0.046,7090
0.046,7089
0.046,7088
0.046,7087
0.046,7086
0.046,7085
0.046,7084
0.046,7083
0.046,7082
0.046,7081
0.046,7080
0.046,7079
0.046,7078
0.047,7077
0.047,7076
0.047,7075
0.047,7074
0.047,7073
0.047,7072
0.047,7071
0.047,7070
0.047,7069
0.047,7068
0.047,7067
0.047,7066
0.047,7065
0.047,7064
0.047,7063
0.047,7062
0.047,7061
0.047,7060
0.047,7059
0.047,7058
0.047,7057
0.047,7056
0.047,7055
0.047,7054
0.048,7053
0.048,7052
0.048,7051
0.048,7050
0.048,7049
0.048,7048
0.048,7047
0.048,7046
0.048,7045
0.048,7044
0.048,7043
0.048,7042
0.048,7041
0.048,7040
0.048,7039
0.048,7038
0.048,7037
0.048,7036
0.048,7035
0.048,7034
0.048,7033
0.049,7032
0.049,7031
0.049,7030
0.049,7029
0.049,7028
0.049,7027
0.049,7026
0.049,7025
0.049,7024
0.049,7023
0.049,7022
0.049,7021
0.049,7020
0.049,7019
0.049,7018
0.049,7017
0.049,7016
0.049,7015
0.049,7014
0.049,7013
0.049,7012
0.05,7011
0.05,7010
0.05,7009
0.05,7008
0.05,7007
0.05,7006
0.05,7005
0.05,7004
0.05,7003
0.05,7002
0.05,7001
0.05,7000
0.05,6999
0.05,6998
0.05,6997
0.05,6996
0.05,6995
0.05,6994
0.05,6993
0.05,6992
0.05,6991
0.05,6990
0.05,6989
0.05,6988
0.051,6987
0.051,6986
0.051,6985
0.051,6984
0.051,6983
0.051,6982
0.051,6981
0.051,6980
0.051,6979
0.051,6978
0.051,6977
0.051,6976
0.051,6975
0.051,6974
0.051,6973
0.051,6972
0.051,6971
0.051,6970
0.051,6969
0.051,6968
0.051,6967
0.051,6966
0.051,6965
0.052,6964
0.052,6963
0.052,6962
0.052,6961
0.052,6960
0.052,6959
0.052,6958
0.052,6957
0.052,6956
0.052,6955
0.052,6954
0.052,6953
0.052,6952
0.052,6951
0.052,6950
0.052,6949
0.052,6948
0.052,6947
0.052,6946
0.052,6945
0.053,6944
0.053,6943
0.053,6942
0.053,6941
0.053,6940
0.053,6939
0.053,6938
0.053,6937
0.053,6936
0.053,6935
0.053,6934
0.053,6933
0.053,6932
0.053,6931
0.053,6930
0.053,6929
0.053,6928
0.053,6927
0.053,6926
0.053,6925
0.053,6924
0.053,6923
0.053,6922
0.053,6921
0.054,6920
0.054,6919
0.054,6918
0.054,6917
0.054,6916
0.054,6915
0.054,6914
0.054,6913
0.054,6912
0.054,6911
0.054,6910
0.054,6909
0.054,6908
0.054,6907
0.054,6906
0.054,6905
0.054,6904
0.054,6903
0.054,6902
0.054,6901
0.054,6900
0.054,6899
0.054,6898
0.055,6897
0.055,6896
0.055,6895
0.055,6894
0.055,6893
0.055,6892
0.055,6891
0.055,6890
0.055,6889
0.055,6888
0.055,6887
0.055,6886
0.055,6885
0.055,6884
0.055,6883
0.055,6882
0.055,6881
0.055,6880
0.055,6879
0.055,6878
0.055,6877
0.055,6876
0.055,6875
0.055,6874
0.056,6873
0.056,6872
0.056,6871
0.056,6870
0.056,6869
0.056,6868
0.056,6867
0.056,6866
0.056,6865
0.056,6864
0.056,6863
0.056,6862
0.056,6861
0.056,6860
0.056,6859
0.056,6858
0.056,6857
0.056,6856
0.056,6855
0.057,6854
0.057,6853
0.057,6852
0.057,6851
0.057,6850
0.057,6849
0.057,6848
0.057,6847
0.057,6846
0.057,6845
0.057,6844
0.057,6843
0.057,6842
0.057,6841
0.057,6840
0.057,6839
0.057,6838
0.057,6837
0.058,6836
0.058,6835
0.058,6834
0.058,6833
0.058,6832
0.058,6831
0.058,6830
0.058,6829
0.058,6828
0.058,6827
0.058,6826
0.058,6825
0.058,6824
0.058,6823
0.058,6822
0.058,6821
0.058,6820
0.058,6819
0.058,6818
0.058,6817
0.058,6816
0.058,6815
0.058,6814
0.058,6813
0.058,6812
0.059,6811
0.059,6810
0.059,6809
0.059,6808
0.059,6807
0.059,6806
0.059,6805
0.059,6804
0.059,6803
0.059,6802
0.059,6801
0.059,6800
0.06,6799
0.06,6798
0.06,6797
0.06,6796
0.06,6795
0.06,6794
0.06,6793
0.06,6792
0.06,6791
0.06,6790
0.06,6789
0.06,6788
0.06,6787
0.06,6786
0.06,6785
0.06,6784
0.061,6783
0.061,6782
0.061,6781
0.061,6780
0.061,6779
0.061,6778
0.061,6777
0.061,6776
0.061,6775
0.061,6774
0.061,6773
0.061,6772
0.062,6771
0.062,6770
0.062,6769
0.062,6768
0.062,6767
0.062,6766
0.062,6765
0.062,6764
0.062,6763
0.062,6762
0.062,6761
0.062,6760
0.062,6759
0.063,6758
0.063,6757
0.063,6756
0.063,6755
0.063,6754
0.063,6753
0.063,6752
0.063,6751
0.063,6750
0.063,6749
0.063,6748
0.063,6747
0.063,6746
0.063,6745
0.063,6744
0.063,6743
0.063,6742
0.063,6741
0.063,6740
0.064,6739
0.064,6738
0.064,6737
0.064,6736
0.064,6735
0.064,6734
0.064,6733
0.064,6732
0.064,6731
0.064,6730
0.064,6729
0.065,6728
0.065,6727
0.065,6726
0.065,6725
0.065,6724
0.065,6723
0.065,6722
0.065,6721
0.065,6720
0.065,6719
0.065,6718
0.065,6717
0.065,6716
0.066,6715
0.066,6714
0.066,6713
0.066,6712
0.066,6711
0.066,6710
0.066,6709
0.066,6708
0.066,6707
0.066,6706
0.066,6705
0.066,6704
0.066,6703
0.066,6702
0.066,6701
0.066,6700
0.066,6699
0.066,6698
0.066,6697
0.066,6696
0.066,6695
0.066,6694
0.067,6693
0.067,6692
0.067,6691
0.067,6690
0.067,6689
0.067,6688
0.067,6687
0.067,6686
0.067,6685
0.067,6684
0.067,6683
0.067,6682
0.067,6681
0.067,6680
0.067,6679
0.067,6678
0.067,6677
0.067,6676
0.067,6675
0.068,6674
0.068,6673
0.068,6672
0.068,6671
0.068,6670
0.068,6669
0.068,6668
0.068,6667
0.068,6666
0.068,6665
0.068,6664
0.068,6663
0.068,6662
0.068,6661
0.068,6660
0.068,6659
0.068,6658
0.068,6657
0.069,6656
0.069,6655
0.069,6654
0.069,6653
0.069,6652
0.069,6651
0.069,6650
0.069,6649
0.069,6648
0.069,6647
0.069,6646
0.069,6645
0.069,6644
0.069,6643
0.069,6642
0.069,6641
0.069,6640
0.07,6639
0.07,6638
0.07,6637
0.07,6636
0.07,6635
0.07,6634
0.07,6633
0.07,6632
0.07,6631
0.07,6630
0.07,6629
0.07,6628
0.07,6627
0.07,6626
0.07,6625
0.07,6624
0.07,6623
0.07,6622
0.07,6621
0.071,6620
0.071,6619
0.071,6618
0.071,6617
0.071,6616
0.071,6615
0.071,6614
0.071,6613
0.071,6612
0.071,6611
0.071,6610
0.071,6609
0.071,6608
0.071,6607
0.071,6606
0.071,6605
0.071,6604
0.071,6603
0.072,6602
0.072,6601
0.072,6600
0.072,6599
0.072,6598
0.072,6597
0.072,6596
0.072,6595
0.072,6594
0.072,6593
0.072,6592
0.072,6591
0.072,6590
0.073,6589
0.073,6588
0.073,6587
0.073,6586
0.073,6585
0.073,6584
0.073,6583
0.073,6582
0.073,6581
0.073,6580
0.073,6579
0.073,6578
0.073,6577
0.073,6576
0.073,6575
0.073,6574
0.073,6573
0.073,6572
0.073,6571
0.074,6570
0.074,6569
0.074,6568
0.074,6567
0.074,6566
0.074,6565
0.074,6564
0.074,6563
0.074,6562
0.074,6561
0.074,6560
0.074,6559
0.074,6558
0.074,6557
0.074,6556
0.074,6555
0.074,6554
0.074,6553
0.074,6552
0.074,6551
0.074,6550
0.075,6549
0.075,6548
0.075,6547
0.075,6546
0.075,6545
0.075,6544
0.075,6543
0.075,6542
0.075,6541
0.075,6540
0.075,6539
0.075,6538
0.075,6537
0.075,6536
0.075,6535
0.075,6534
0.075,6533
0.075,6532
0.075,6531
0.075,6530
0.076,6529
0.076,6528
0.076,6527
0.076,6526
0.076,6525
0.076,6524
0.076,6523
0.076,6522
0.076,6521
0.076,6520
0.076,6519
0.076,6518
0.076,6517
0.076,6516
0.076,6515
0.076,6514
0.076,6513
0.076,6512
0.076,6511
0.076,6510
0.076,6509
0.076,6508
0.076,6507
0.077,6506
0.077,6505
0.077,6504
0.077,6503
0.077,6502
0.077,6501
0.077,6500
0.077,6499
0.077,6498
0.077,6497
0.077,6496
0.077,6495
0.077,6494
0.077,6493
0.077,6492
0.077,6491
0.077,6490
0.078,6489
0.078,6488
0.078,6487
0.078,6486
0.078,6485
0.078,6484
0.078,6483
0.078,6482
0.078,6481
0.078,6480
0.078,6479
0.078,6478
0.078,6477
0.078,6476
0.078,6475
0.078,6474
0.078,6473
0.078,6472
0.079,6471
0.079,6470
0.079,6469
0.079,6468
0.079,6467
0.079,6466
0.079,6465
0.079,6464
0.079,6463
0.079,6462
0.079,6461
0.079,6460
0.079,6459
0.079,6458
0.079,6457
0.079,6456
0.079,6455
0.079,6454
0.079,6453
0.079,6452
0.079,6451
0.079,6450
0.079,6449
0.08,6448
0.08,6447
0.08,6446
0.08,6445
0.08,6444
0.08,6443
0.08,6442
0.08,6441
0.08,6440
0.08,6439
0.08,6438
0.08,6437
0.08,6436
0.08,6435
0.08,6434
0.08,6433
0.08,6432
0.08,6431
0.081,6430
0.081,6429
0.081,6428
0.081,6427
0.081,6426
0.081,6425
0.081,6424
0.081,6423
0.081,6422
0.081,6421
0.081,6420
0.081,6419
0.081,6418
0.082,6417
0.082,6416
0.082,6415
0.082,6414
0.082,6413
0.082,6412
0.082,6411
0.082,6410
0.082,6409
0.082,6408
0.082,6407
0.082,6406
0.082,6405
0.082,6404
0.082,6403
0.082,6402
0.082,6401
0.082,6400
0.082,6399
0.083,6398
0.083,6397
0.083,6396
0.083,6395
0.083,6394
0.083,6393
0.083,6392
0.083,6391
0.083,6390
0.083,6389
0.083,6388
0.083,6387
0.083,6386
0.083,6385
0.083,6384
0.083,6383
0.083,6382
0.083,6381
0.083,6380
0.083,6379
0.083,6378
0.083,6377
0.083,6376
0.084,6375
0.084,6374
0.084,6373
0.084,6372
0.084,6371
0.084,6370
0.084,6369
0.084,6368
0.084,6367
0.084,6366
0.084,6365
0.084,6364
0.084,6363
0.084,6362
0.084,6361
0.085,6360
0.085,6359
0.085,6358
0.085,6357
0.085,6356
0.085,6355
0.085,6354
0.085,6353
0.085,6352
0.085,6351
0.085,6350
0.085,6349
0.085,6348
0.085,6347
0.085,6346
0.085,6345
0.085,6344
0.085,6343
0.085,6342
0.085,6341
0.086,6340
0.086,6339
0.086,6338
0.086,6337
0.086,6336
0.086,6335
0.086,6334
0.086,6333
0.086,6332
0.086,6331
0.086,6330
0.086,6329
0.086,6328
0.086,6327
0.086,6326
0.086,6325
0.087,6324
0.087,6323
0.087,6322
0.087,6321
0.087,6320
0.087,6319
0.087,6318
0.087,6317
0.087,6316
0.087,6315
0.087,6314
0.087,6313
0.087,6312
0.087,6311
0.087,6310
0.088,6309
0.088,6308
0.088,6307
0.088,6306
0.088,6305
0.088,6304
0.088,6303
0.088,6302
0.088,6301
0.088,6300
0.088,6299
0.089,6298
0.089,6297
0.089,6296
0.089,6295
0.089,6294
0.089,6293
0.089,6292
0.089,6291
0.089,6290
0.089,6289
0.089,6288
0.089,6287
0.089,6286
0.089,6285
0.089,6284
0.089,6283
0.09,6282
0.09,6281
0.09,6280
0.09,6279
0.09,6278
0.09,6277
0.09,6276
0.09,6275
0.09,6274
0.09,6273
0.09,6272
0.09,6271
0.09,6270
0.09,6269
0.09,6268
0.09,6267
0.091,6266
0.091,6265
0.091,6264
0.091,6263
0.091,6262
0.091,6261
0.091,6260
0.091,6259
0.091,6258
0.091,6257
0.091,6256
0.091,6255
0.091,6254
0.091,6253
0.091,6252
0.091,6251
0.091,6250
0.092,6249
0.092,6248
0.092,6247
0.092,6246
0.092,6245
0.092,6244
0.092,6243
0.092,6242
0.092,6241
0.092,6240
0.093,6239
0.093,6238
0.093,6237
0.093,6236
0.093,6235
0.093,6234
0.093,6233
0.093,6232
0.093,6231
0.093,6230
0.093,6229
0.093,6228
0.093,6227
0.093,6226
0.094,6225
0.094,6224
0.094,6223
0.094,6222
0.094,6221
0.094,6220
0.094,6219
0.097,6218
0.097,6217
0.097,6216
0.097,6215
0.097,6214
0.097,6213
0.097,6212
0.097,6211
0.097,6210
0.097,6209
0.097,6208
0.097,6207
0.097,6206
0.097,6205
0.097,6204
0.097,6203
0.097,6202
0.098,6201
0.098,6200
0.098,6199
0.098,6198
0.098,6197
0.098,6196
0.098,6195
0.098,6194
0.098,6193
0.098,6192
0.098,6191
0.098,6190
0.098,6189
0.098,6188
0.098,6187
0.098,6186
0.098,6185
0.098,6184
0.098,6183
0.098,6182
0.098,6181
0.098,6180
0.098,6179
0.098,6178
0.098,6177
0.099,6176
0.099,6175
0.099,6174
0.099,6173
0.099,6172
0.099,6171
0.099,6170
0.099,6169
0.099,6168
0.099,6167
0.099,6166
0.099,6165
0.099,6164
0.099,6163
0.099,6162
0.099,6161
0.099,6160
0.1,6159
0.1,6158
0.1,6157
0.1,6156
0.1,6155
0.1,6154
0.1,6153
0.1,6152
0.1,6151
0.1,6150
0.1,6149
0.1,6148
0.1,6147
0.1,6146
0.1,6145
0.1,6144
0.1,6143
0.1,6142
0.1,6141
0.1,6140
0.1,6139
0.1,6138
0.1,6137
0.1,6136
0.1,6135
0.1,6134
0.1,6133
0.1,6132
0.1,6131
0.1,6130
0.1,6129
0.1,6128
0.101,6127
0.101,6126
0.101,6125
0.101,6124
0.101,6123
0.101,6122
0.101,6121
0.101,6120
0.101,6119
0.101,6118
0.101,6117
0.101,6116
0.101,6115
0.101,6114
0.101,6113
0.101,6112
0.101,6111
0.101,6110
0.101,6109
0.101,6108
0.101,6107
0.101,6106
0.101,6105
0.101,6104
0.101,6103
0.101,6102
0.101,6101
0.102,6100
0.102,6099
0.102,6098
0.102,6097
0.102,6096
0.102,6095
0.102,6094
0.102,6093
0.102,6092
0.102,6091
0.102,6090
0.102,6089
0.102,6088
0.102,6087
0.102,6086
0.102,6085
0.102,6084
0.102,6083
0.103,6082
0.103,6081
0.103,6080
0.103,6079
0.103,6078
0.103,6077
0.103,6076
0.103,6075
0.103,6074
0.103,6073
0.103,6072
0.103,6071
0.103,6070
0.103,6069
0.103,6068
0.103,6067
0.103,6066
0.103,6065
0.103,6064
0.103,6063
0.103,6062
0.103,6061
0.103,6060
0.103,6059
0.103,6058
0.103,6057
0.103,6056
0.103,6055
0.103,6054
0.103,6053
0.103,6052
0.103,6051
0.103,6050
0.104,6049
0.104,6048
0.104,6047
0.104,6046
0.104,6045
0.104,6044
0.104,6043
0.104,6042
0.104,6041
0.104,6040
0.104,6039
0.104,6038
0.104,6037
0.104,6036
0.104,6035
0.104,6034
0.104,6033
0.104,6032
0.104,6031
0.104,6030
0.104,6029
0.104,6028
0.104,6027
0.104,6026
0.104,6025
0.104,6024
0.104,6023
0.104,6022
0.105,6021
0.105,6020
0.105,6019
0.105,6018
0.105,6017
0.105,6016
0.105,6015
0.105,6014
0.105,6013
0.105,6012
0.105,6011
0.105,6010
0.105,6009
0.105,6008
0.105,6007
0.105,6006
0.105,6005
0.105,6004
0.106,6003
0.106,6002
0.106,6001
0.106,6000
0.106,5999
0.106,5998
0.106,5997
0.106,5996
0.106,5995
0.106,5994
0.106,5993
0.106,5992
0.106,5991
0.106,5990
0.106,5989
0.106,5988
0.106,5987
0.106,5986
0.106,5985
0.106,5984
0.106,5983
0.106,5982
0.106,5981
0.106,5980
0.106,5979
0.107,5978
0.107,5977
0.107,5976
0.107,5975
0.107,5974
0.107,5973
0.107,5972
0.107,5971
0.107,5970
0.107,5969
0.107,5968
0.107,5967
0.107,5966
0.107,5965
0.107,5964
0.107,5963
0.107,5962
0.107,5961
0.107,5960
0.107,5959
0.107,5958
0.107,5957
0.107,5956
0.107,5955
0.107,5954
0.107,5953
0.107,5952
0.107,5951
0.108,5950
0.108,5949
0.108,5948
0.108,5947
0.108,5946
0.108,5945
0.108,5944
0.108,5943
0.108,5942
0.108,5941
0.108,5940
0.108,5939
0.108,5938
0.108,5937
0.108,5936
0.108,5935
0.108,5934
0.108,5933
0.108,5932
0.108,5931
0.108,5930
0.108,5929
0.108,5928
0.108,5927
0.108,5926
0.108,5925
0.108,5924
0.108,5923
0.109,5922
0.109,5921
0.109,5920
0.109,5919
0.109,5918
0.109,5917
0.109,5916
0.109,5915
0.109,5914
0.109,5913
0.109,5912
0.109,5911
0.109,5910
0.109,5909
0.109,5908
0.109,5907
0.109,5906
0.109,5905
0.109,5904
0.109,5903
0.109,5902
0.109,5901
0.11,5900
0.11,5899
0.11,5898
0.11,5897
0.11,5896
0.11,5895
0.11,5894
0.11,5893
0.11,5892
0.11,5891
0.11,5890
0.11,5889
0.11,5888
0.11,5887
0.11,5886
0.11,5885
0.11,5884
0.11,5883
0.11,5882
0.11,5881
0.11,5880
0.11,5879
0.111,5878
0.111,5877
0.111,5876
0.111,5875
0.111,5874
0.111,5873
0.111,5872
0.111,5871
0.111,5870
0.111,5869
0.111,5868
0.111,5867
0.111,5866
0.111,5865
0.111,5864
0.111,5863
0.111,5862
0.111,5861
0.112,5860
0.112,5859
0.112,5858
0.112,5857
0.112,5856
0.112,5855
0.112,5854
0.112,5853
0.112,5852
0.112,5851
0.112,5850
0.112,5849
0.112,5848
0.112,5847
0.112,5846
0.112,5845
0.112,5844
0.112,5843
0.112,5842
0.112,5841
0.112,5840
0.112,5839
0.112,5838
0.112,5837
0.113,5836
0.113,5835
0.113,5834
0.113,5833
0.113,5832
0.113,5831
0.113,5830
0.113,5829
0.113,5828
0.113,5827
0.113,5826
0.113,5825
0.113,5824
0.113,5823
0.113,5822
0.113,5821
0.113,5820
0.113,5819
0.113,5818
0.113,5817
0.113,5816
0.113,5815
0.114,5814
0.114,5813
0.114,5812
0.114,5811
0.114,5810
0.114,5809
0.114,5808
0.114,5807
0.114,5806
0.114,5805
0.114,5804
0.114,5803
0.114,5802
0.114,5801
0.114,5800
0.114,5799
0.114,5798
0.114,5797
0.114,5796
0.114,5795
0.114,5794
0.115,5793
0.115,5792
0.115,5791
0.115,5790
0.115,5789
0.115,5788
0.115,5787
0.115,5786
0.115,5785
0.115,5784
0.115,5783
0.115,5782
0.115,5781
0.115,5780
0.115,5779
0.115,5778
0.115,5777
0.115,5776
0.115,5775
0.115,5774
0.115,5773
0.115,5772
0.115,5771
0.115,5770
0.115,5769
0.116,5768
0.116,5767
0.116,5766
0.116,5765
0.116,5764
0.116,5763
0.116,5762
0.116,5761
0.116,5760
0.116,5759
0.116,5758
0.116,5757
0.116,5756
0.116,5755
0.116,5754
0.116,5753
0.116,5752
0.116,5751
0.116,5750
0.116,5749
0.116,5748
0.116,5747
0.116,5746
0.116,5745
0.117,5744
0.117,5743
0.117,5742
0.117,5741
0.117,5740
0.117,5739
0.117,5738
0.117,5737
0.117,5736
0.117,5735
0.117,5734
0.117,5733
0.117,5732
0.117,5731
0.117,5730
0.117,5729
0.117,5728
0.117,5727
0.117,5726
0.117,5725
0.117,5724
0.117,5723
0.117,5722
0.117,5721
0.117,5720
0.117,5719
0.118,5718
0.118,5717
0.118,5716
0.118,5715
0.118,5714
0.118,5713
0.118,5712
0.118,5711
0.118,5710
0.118,5709
0.118,5708
0.118,5707
0.118,5706
0.118,5705
0.118,5704
0.118,5703
0.118,5702
0.118,5701
0.119,5700
0.119,5699
0.119,5698
0.119,5697
0.119,5696
0.119,5695
0.119,5694
0.119,5693
0.119,5692
0.119,5691
0.119,5690
0.119,5689
0.119,5688
0.12,5687
0.12,5686
0.12,5685
0.12,5684
0.12,5683
0.12,5682
0.12,5681
0.12,5680
0.12,5679
0.12,5678
0.12,5677
0.12,5676
0.12,5675
0.12,5674
0.12,5673
0.12,5672
0.12,5671
0.12,5670
0.12,5669
0.12,5668
0.121,5667
0.121,5666
0.121,5665
0.121,5664
0.121,5663
0.121,5662
0.121,5661
0.121,5660
0.121,5659
0.121,5658
0.121,5657
0.121,5656
0.121,5655
0.121,5654
0.121,5653
0.121,5652
0.121,5651
0.121,5650
0.121,5649
0.121,5648
0.121,5647
0.122,5646
0.122,5645
0.122,5644
0.122,5643
0.122,5642
0.122,5641
0.122,5640
0.122,5639
0.122,5638
0.122,5637
0.122,5636
0.122,5635
0.122,5634
0.122,5633
0.122,5632
0.122,5631
0.122,5630
0.122,5629
0.122,5628
0.122,5627
0.122,5626
0.123,5625
0.123,5624
0.123,5623
0.123,5622
0.123,5621
0.123,5620
0.123,5619
0.123,5618
0.123,5617
0.123,5616
0.123,5615
0.123,5614
0.123,5613
0.123,5612
0.124,5611
0.124,5610
0.124,5609
0.124,5608
0.124,5607
0.124,5606
0.124,5605
0.124,5604
0.124,5603
0.124,5602
0.124,5601
0.124,5600
0.124,5599
0.124,5598
0.124,5597
0.124,5596
0.124,5595
0.124,5594
0.124,5593
0.124,5592
0.125,5591
0.125,5590
0.125,5589
0.125,5588
0.125,5587
0.125,5586
0.125,5585
0.125,5584
0.125,5583
0.125,5582
0.125,5581
0.125,5580
0.125,5579
0.125,5578
0.125,5577
0.125,5576
0.125,5575
0.126,5574
0.126,5573
0.126,5572
0.126,5571
0.126,5570
0.126,5569
0.126,5568
0.126,5567
0.126,5566
0.126,5565
0.126,5564
0.126,5563
0.126,5562
0.126,5561
0.126,5560
0.126,5559
0.126,5558
0.127,5557
0.127,5556
0.127,5555
0.127,5554
0.127,5553
0.127,5552
0.127,5551
0.127,5550
0.128,5549
0.128,5548
0.128,5547
0.128,5546
0.128,5545
0.128,5544
0.128,5543
0.128,5542
0.128,5541
0.128,5540
0.128,5539
0.128,5538
0.128,5537
0.128,5536
0.128,5535
0.128,5534
0.128,5533
0.128,5532
0.128,5531
0.128,5530
0.129,5529
0.129,5528
0.129,5527
0.129,5526
0.129,5525
0.129,5524
0.129,5523
0.129,5522
0.129,5521
0.129,5520
0.129,5519
0.129,5518
0.129,5517
0.13,5516
0.13,5515
0.13,5514
0.13,5513
0.13,5512
0.13,5511
0.13,5510
0.13,5509
0.13,5508
0.13,5507
0.13,5506
0.13,5505
0.13,5504
0.13,5503
0.13,5502
0.13,5501
0.13,5500
0.131,5499
0.131,5498
0.131,5497
0.131,5496
0.131,5495
0.131,5494
0.131,5493
0.131,5492
0.132,5491
0.132,5490
0.132,5489
0.132,5488
0.132,5487
0.132,5486
0.132,5485
0.132,5484
0.132,5483
0.132,5482
0.132,5481
0.132,5480
0.132,5479
0.132,5478
0.132,5477
0.132,5476
0.132,5475
0.132,5474
0.132,5473
0.132,5472
0.132,5471
0.132,5470
0.132,5469
0.132,5468
0.132,5467
0.133,5466
0.133,5465
0.133,5464
0.133,5463
0.133,5462
0.133,5461
0.133,5460
0.133,5459
0.133,5458
0.133,5457
0.133,5456
0.133,5455
0.133,5454
0.133,5453
0.133,5452
0.133,5451
0.134,5450
0.134,5449
0.134,5448
0.134,5447
0.134,5446
0.134,5445
0.134,5444
0.134,5443
0.134,5442
0.134,5441
0.134,5440
0.134,5439
0.134,5438
0.134,5437
0.134,5436
0.135,5435
0.135,5434
0.135,5433
0.135,5432
0.135,5431
0.135,5430
0.135,5429
0.135,5428
0.135,5427
0.135,5426
0.135,5425
0.135,5424
0.135,5423
0.135,5422
0.135,5421
0.135,5420
0.135,5419
0.135,5418
0.136,5417
0.136,5416
0.136,5415
0.136,5414
0.136,5413
0.136,5412
0.136,5411
0.136,5410
0.136,5409
0.136,5408
0.136,5407
0.136,5406
0.136,5405
0.136,5404
0.137,5403
0.137,5402
0.137,5401
0.137,5400
0.137,5399
0.137,5398
0.137,5397
0.137,5396
0.137,5395
0.137,5394
0.137,5393
0.137,5392
0.137,5391
0.137,5390
0.137,5389
0.137,5388
0.137,5387
0.137,5386
0.137,5385
0.137,5384
0.137,5383
0.137,5382
0.138,5381
0.138,5380
0.138,5379
0.138,5378
0.138,5377
0.138,5376
0.138,5375
0.138,5374
0.138,5373
0.138,5372
0.138,5371
0.138,5370
0.138,5369
0.138,5368
0.138,5367
0.138,5366
0.139,5365
0.139,5364
0.139,5363
0.139,5362
0.139,5361
0.139,5360
0.139,5359
0.139,5358
0.139,5357
0.139,5356
0.139,5355
0.139,5354
0.139,5353
0.139,5352
0.139,5351
0.139,5350
0.139,5349
0.139,5348
0.14,5347
0.14,5346
0.14,5345
0.14,5344
0.14,5343
0.14,5342
0.14,5341
0.14,5340
0.14,5339
0.14,5338
0.14,5337
0.14,5336
0.14,5335
0.14,5334
0.14,5333
0.141,5332
0.141,5331
0.141,5330
0.141,5329
0.141,5328
0.141,5327
0.141,5326
0.141,5325
0.141,5324
0.141,5323
0.141,5322
0.141,5321
0.141,5320
0.141,5319
0.141,5318
0.141,5317
0.141,5316
0.142,5315
0.142,5314
0.142,5313
0.142,5312
0.142,5311
0.142,5310
0.142,5309
0.142,5308
0.142,5307
0.142,5306
0.142,5305
0.143,5304
0.143,5303
0.143,5302
0.143,5301
0.143,5300
0.143,5299
0.143,5298
0.144,5297
0.144,5296
0.144,5295
0.144,5294
0.144,5293
0.144,5292
0.144,5291
0.144,5290
0.144,5289
0.144,5288
0.144,5287
0.144,5286
0.144,5285
0.147,5284
0.147,5283
0.147,5282
0.147,5281
0.147,5280
0.147,5279
0.147,5278
0.147,5277
0.148,5276
0.148,5275
0.148,5274
0.148,5273
0.148,5272
0.148,5271
0.148,5270
0.148,5269
0.148,5268
0.148,5267
0.148,5266
0.148,5265
0.148,5264
0.148,5263
0.148,5262
0.148,5261
0.148,5260
0.148,5259
0.148,5258
0.148,5257
0.148,5256
0.149,5255
0.149,5254
0.149,5253
0.149,5252
0.149,5251
0.149,5250
0.149,5249
0.149,5248
0.149,5247
0.149,5246
0.149,5245
0.149,5244
0.149,5243
0.149,5242
0.149,5241
0.149,5240
0.149,5239
0.149,5238
0.149,5237
0.149,5236
0.149,5235
0.15,5234
0.15,5233
0.15,5232
0.15,5231
0.15,5230
0.15,5229
0.15,5228
0.15,5227
0.15,5226
0.15,5225
0.15,5224
0.15,5223
0.15,5222
0.15,5221
0.15,5220
0.15,5219
0.15,5218
0.151,5217
0.151,5216
0.151,5215
0.151,5214
0.151,5213
0.151,5212
0.151,5211
0.151,5210
0.151,5209
0.151,5208
0.151,5207
0.151,5206
0.151,5205
0.151,5204
0.151,5203
0.152,5202
0.152,5201
0.152,5200
0.152,5199
0.152,5198
0.152,5197
0.152,5196
0.152,5195
0.152,5194
0.152,5193
0.152,5192
0.152,5191
0.152,5190
0.153,5189
0.153,5188
0.153,5187
0.153,5186
0.153,5185
0.153,5184
0.153,5183
0.153,5182
0.153,5181
0.153,5180
0.153,5179
0.154,5178
0.154,5177
0.154,5176
0.154,5175
0.154,5174
0.154,5173
0.154,5172
0.154,5171
0.154,5170
0.154,5169
0.154,5168
0.154,5167
0.154,5166
0.154,5165
0.154,5164
0.155,5163
0.155,5162
0.155,5161
0.155,5160
0.155,5159
0.155,5158
0.155,5157
0.155,5156
0.155,5155
0.155,5154
0.155,5153
0.155,5152
0.155,5151
0.155,5150
0.155,5149
0.155,5148
0.156,5147
0.156,5146
0.156,5145
0.156,5144
0.156,5143
0.156,5142
0.156,5141
0.156,5140
0.156,5139
0.156,5138
0.156,5137
0.157,5136
0.157,5135
0.157,5134
0.157,5133
0.157,5132
0.157,5131
0.157,5130
0.157,5129
0.157,5128
0.157,5127
0.157,5126
0.158,5125
0.158,5124
0.158,5123
0.158,5122
0.158,5121
0.158,5120
0.158,5119
0.158,5118
0.158,5117
0.158,5116
0.158,5115
0.158,5114
0.158,5113
0.158,5112
0.158,5111
0.158,5110
0.158,5109
0.158,5108
0.159,5107
0.159,5106
0.159,5105
0.159,5104
0.159,5103
0.159,5102
0.159,5101
0.159,5100
0.159,5099
0.159,5098
0.159,5097
0.159,5096
0.16,5095
0.16,5094
0.16,5093
0.16,5092
0.16,5091
0.16,5090
0.16,5089
0.16,5088
0.16,5087
0.16,5086
0.161,5085
0.161,5084
0.161,5083
0.161,5082
0.161,5081
0.161,5080
0.161,5079
0.161,5078
0.161,5077
0.161,5076
0.161,5075
0.161,5074
0.161,5073
0.162,5072
0.162,5071
0.162,5070
0.162,5069
0.162,5068
0.162,5067
0.162,5066
0.162,5065
0.162,5064
0.162,5063
0.162,5062
0.162,5061
0.162,5060
0.162,5059
0.162,5058
0.162,5057
0.163,5056
0.163,5055
0.163,5054
0.163,5053
0.163,5052
0.163,5051
0.163,5050
0.163,5049
0.163,5048
0.163,5047
0.163,5046
0.163,5045
0.163,5044
0.163,5043
0.164,5042
0.164,5041
0.164,5040
0.164,5039
0.164,5038
0.164,5037
0.164,5036
0.164,5035
0.164,5034
0.164,5033
0.164,5032
0.164,5031
0.164,5030
0.164,5029
0.165,5028
0.165,5027
0.165,5026
0.165,5025
0.165,5024
0.165,5023
0.165,5022
0.165,5021
0.165,5020
0.166,5019
0.166,5018
0.166,5017
0.166,5016
0.166,5015
0.166,5014
0.166,5013
0.166,5012
0.166,5011
0.166,5010
0.166,5009
0.167,5008
0.167,5007
0.167,5006
0.167,5005
0.167,5004
0.167,5003
0.167,5002
0.167,5001
0.167,5000
0.167,4999
0.168,4998
0.168,4997
0.168,4996
0.168,4995
0.168,4994
0.168,4993
0.168,4992
0.168,4991
0.168,4990
0.168,4989
0.168,4988
0.168,4987
0.168,4986
0.168,4985
0.169,4984
0.169,4983
0.169,4982
0.169,4981
0.169,4980
0.169,4979
0.169,4978
0.169,4977
0.169,4976
0.17,4975
0.17,4974
0.17,4973
0.17,4972
0.17,4971
0.17,4970
0.17,4969
0.17,4968
0.171,4967
0.171,4966
0.171,4965
0.171,4964
0.171,4963
0.171,4962
0.171,4961
0.172,4960
0.172,4959
0.172,4958
0.172,4957
0.172,4956
0.172,4955
0.172,4954
0.173,4953
0.173,4952
0.173,4951
0.173,4950
0.173,4949
0.173,4948
0.174,4947
0.174,4946
0.174,4945
0.174,4944
0.174,4943
0.174,4942
0.174,4941
0.175,4940
0.175,4939
0.175,4938
0.175,4937
0.175,4936
0.175,4935
0.175,4934
0.175,4933
0.175,4932
0.175,4931
0.175,4930
0.175,4929
0.175,4928
0.176,4927
0.176,4926
0.176,4925
0.176,4924
0.176,4923
0.176,4922
0.176,4921
0.176,4920
0.176,4919
0.176,4918
0.176,4917
0.176,4916
0.177,4915
0.177,4914
0.177,4913
0.177,4912
0.177,4911
0.177,4910
0.177,4909
0.177,4908
0.177,4907
0.177,4906
0.177,4905
0.178,4904
0.178,4903
0.178,4902
0.178,4901
0.178,4900
0.178,4899
0.178,4898
0.178,4897
0.178,4896
0.178,4895
0.179,4894
0.179,4893
0.179,4892
0.179,4891
0.179,4890
0.179,4889
0.179,4888
0.179,4887
0.18,4886
0.18,4885
0.18,4884
0.18,4883
0.18,4882
0.18,4881
0.181,4880
0.181,4879
0.181,4878
0.181,4877
0.181,4876
0.181,4875
0.181,4874
0.181,4873
0.181,4872
0.181,4871
0.181,4870
0.182,4869
0.182,4868
0.182,4867
0.182,4866
0.182,4865
0.182,4864
0.182,4863
0.182,4862
0.182,4861
0.183,4860
0.183,4859
0.183,4858
0.183,4857
0.183,4856
0.183,4855
0.183,4854
0.183,4853
0.184,4852
0.184,4851
0.184,4850
0.184,4849
0.184,4848
0.184,4847
0.184,4846
0.184,4845
0.184,4844
0.184,4843
0.184,4842
0.184,4841
0.184,4840
0.185,4839
0.185,4838
0.185,4837
0.185,4836
0.185,4835
0.185,4834
0.185,4833
0.185,4832
0.185,4831
0.186,4830
0.186,4829
0.186,4828
0.186,4827
0.186,4826
0.186,4825
0.186,4824
0.187,4823
0.187,4822
0.187,4821
0.187,4820
0.187,4819
0.187,4818
0.187,4817
0.187,4816
0.187,4815
0.187,4814
0.187,4813
0.187,4812
0.188,4811
0.188,4810
0.188,4809
0.188,4808
0.188,4807
0.188,4806
0.188,4805
0.188,4804
0.188,4803
0.188,4802
0.188,4801
0.189,4800
0.189,4799
0.189,4798
0.189,4797
0.189,4796
0.189,4795
0.189,4794
0.19,4793
0.19,4792
0.19,4791
0.19,4790
0.19,4789
0.19,4788
0.191,4787
0.191,4786
0.191,4785
0.191,4784
0.191,4783
0.192,4782
0.192,4781
0.194,4780
0.194,4779
0.194,4778
0.194,4777
0.194,4776
0.194,4775
0.194,4774
0.194,4773
0.195,4772
0.195,4771
0.195,4770
0.195,4769
0.195,4768
0.195,4767
0.195,4766
0.196,4765
0.196,4764
0.196,4763
0.196,4762
0.196,4761
0.196,4760
0.196,4759
0.196,4758
0.196,4757
0.197,4756
0.197,4755
0.197,4754
0.197,4753
0.198,4752
0.198,4751
0.198,4750
0.198,4749
0.198,4748
0.199,4747
0.199,4746
0.199,4745
0.199,4744
0.199,4743
0.199,4742
0.199,4741
0.199,4740
0.199,4739
0.199,4738
0.2,4737
0.201,4736
0.201,4735
0.201,4734
0.201,4733
0.201,4732
0.201,4731
0.202,4730
0.202,4729
0.202,4728
0.202,4727
0.202,4726
0.202,4725
0.202,4724
0.202,4723
0.203,4722
0.203,4721
0.203,4720
0.204,4719
0.204,4718
0.204,4717
0.204,4716
0.204,4715
0.204,4714
0.205,4713
0.205,4712
0.205,4711
0.206,4710
0.206,4709
0.206,4708
0.206,4707
0.206,4706
0.206,4705
0.206,4704
0.207,4703
0.207,4702
0.207,4701
0.207,4700
0.207,4699
0.207,4698
0.207,4697
0.208,4696
0.208,4695
0.208,4694
0.208,4693
0.208,4692
0.209,4691
0.209,4690
0.209,4689
0.209,4688
0.209,4687
0.21,4686
0.21,4685
0.21,4684
0.211,4683
0.211,4682
0.212,4681
0.212,4680
0.213,4679
0.213,4678
0.213,4677
0.213,4676
0.213,4675
0.213,4674
0.214,4673
0.214,4672
0.215,4671
0.215,4670
0.215,4669
0.215,4668
0.216,4667
0.216,4666
0.216,4665
0.216,4664
0.217,4663
0.217,4662
0.217,4661
0.217,4660
0.217,4659
0.218,4658
0.218,4657
0.218,4656
0.218,4655
0.218,4654
0.218,4653
0.218,4652
0.219,4651
0.219,4650
0.22,4649
0.22,4648
0.22,4647
0.22,4646
0.22,4645
0.22,4644
0.22,4643
0.22,4642
0.221,4641
0.221,4640
0.221,4639
0.221,4638
0.221,4637
0.221,4636
0.221,4635
0.221,4634
0.222,4633
0.222,4632
0.223,4631
0.223,4630
0.223,4629
0.223,4628
0.223,4627
0.224,4626
0.224,4625
0.224,4624
0.225,4623
0.225,4622
0.225,4621
0.225,4620
0.225,4619
0.225,4618
0.225,4617
0.226,4616
0.227,4615
0.227,4614
0.228,4613
0.229,4612
0.229,4611
0.229,4610
0.229,4609
0.23,4608
0.23,4607
0.23,4606
0.231,4605
0.231,4604
0.231,4603
0.231,4602
0.232,4601
0.233,4600
0.234,4599
0.234,4598
0.234,4597
0.234,4596
0.235,4595
0.235,4594
0.235,4593
0.235,4592
0.237,4591
0.237,4590
0.237,4589
0.238,4588
0.239,4587
0.239,4586
0.239,4585
0.239,4584
0.239,4583
0.24,4582
0.24,4581
0.24,4580
0.244,4579
0.244,4578
0.244,4577
0.244,4576
0.244,4575
0.245,4574
0.245,4573
0.245,4572
0.246,4571
0.246,4570
0.247,4569
0.247,4568
0.247,4567
0.247,4566
0.248,4565
0.248,4564
0.248,4563
0.249,4562
0.249,4561
0.25,4560
0.25,4559
0.25,4558
0.25,4557
0.25,4556
0.25,4555
0.252,4554
0.252,4553
0.252,4552
0.252,4551
0.252,4550
0.252,4549
0.252,4548
0.253,4547
0.253,4546
0.254,4545
0.254,4544
0.254,4543
0.254,4542
0.254,4541
0.255,4540
0.255,4539
0.255,4538
0.256,4537
0.256,4536
0.256,4535
0.256,4534
0.257,4533
0.257,4532
0.258,4531
0.258,4530
0.258,4529
0.258,4528
0.259,4527
0.259,4526
0.259,4525
0.259,4524
0.259,4523
0.259,4522
0.26,4521
0.26,4520
0.26,4519
0.261,4518
0.261,4517
0.261,4516
0.261,4515
0.261,4514
0.261,4513
0.262,4512
0.262,4511
0.263,4510
0.263,4509
0.263,4508
0.264,4507
0.264,4506
0.265,4505
0.265,4504
0.265,4503
0.265,4502
0.265,4501
0.266,4500
0.266,4499
0.267,4498
0.267,4497
0.267,4496
0.268,4495
0.27,4494
0.27,4493
0.271,4492
0.271,4491
0.272,4490
0.272,4489
0.273,4488
0.273,4487
0.273,4486
0.274,4485
0.276,4484
0.277,4483
0.277,4482
0.277,4481
0.278,4480
0.278,4479
0.28,4478
0.281,4477
0.282,4476
0.282,4475
0.282,4474
0.283,4473
0.283,4472
0.283,4471
0.283,4470
0.286,4469
0.286,4468
0.286,4467
0.287,4466
0.287,4465
0.29,4464
0.293,4463
0.294,4462
0.296,4461
0.298,4460
0.298,4459
0.299,4458
0.299,4457
0.3,4456
0.301,4455
0.302,4454
0.302,4453
0.303,4452
0.303,4451
0.304,4450
0.306,4449
0.306,4448
0.307,4447
0.308,4446
0.31,4445
0.313,4444
0.313,4443
0.314,4442
0.318,4441
0.318,4440
0.321,4439
0.322,4438
0.333,4437
0.334,4436
0.335,4435
0.338,4434
0.338,4433
0.338,4432
0.339,4431
0.341,4430
0.341,4429
0.348,4428
0.348,4427
0.35,4426
0.351,4425
0.352,4424
0.352,4423
0.353,4422
0.356,4421
0.364,4420
0.367,4419
0.367,4418
0.37,4417
0.37,4416
0.373,4415
0.376,4414
0.382,4413
0.385,4412
0.386,4411
0.387,4410
0.388,4409
0.392,4408
0.394,4407
0.398,4406
0.403,4405
0.407,4404
0.419,4403
0.428,4402
0.443,4401
0.449,4400
0.453,4399
0.469,4398
0.506,4397
