0.0,1457
0.001,1456
0.002,1455
0.002,1454
0.003,1453
0.003,1452
0.003,1451
0.003,1450
0.003,1449
0.003,1448
0.004,1447
0.004,1446
0.004,1445
0.004,1444
0.004,1443
0.004,1442
0.004,1441
0.005,1440
0.005,1439
0.005,1438
0.005,1437
0.005,1436
0.005,1435
0.005,1434
0.005,1433
0.005,1432
0.006,1431
0.006,1430
0.006,1429
0.006,1428
0.006,1427
0.006,1426
0.006,1425
0.006,1424
0.006,1423
0.006,1422
0.006,1421
0.007,1420
0.007,1419
0.007,1418
0.007,1417
0.007,1416
0.007,1415
0.007,1414
0.007,1413
0.007,1412
0.007,1411
0.007,1410
0.007,1409
0.007,1408
0.007,1407
0.007,1406
0.007,1405
0.007,1404
0.007,1403
0.008,1402
0.008,1401
0.008,1400
0.008,1399
0.008,1398
0.008,1397
0.008,1396
0.008,1395
0.008,1394
0.008,1393
0.008,1392
0.008,1391
0.008,1390
0.009,1389
0.009,1388
0.009,1387
0.009,1386
0.009,1385
0.009,1384
0.009,1383
0.009,1382
0.009,1381
0.009,1380
0.009,1379
0.009,1378
0.009,1377
0.009,1376
0.009,1375
0.009,1374
0.01,1373
0.01,1372
0.01,1371
0.01,1370
0.01,1369
0.01,1368
0.01,1367
0.01,1366
0.01,1365
0.011,1364
0.011,1363
0.011,1362
0.011,1361
0.011,1360
0.011,1359
0.011,1358
0.011,1357
0.011,1356
0.011,1355
0.012,1354
0.014,1353
0.014,1352
0.014,1351
0.014,1350
0.014,1349
0.014,1348
0.014,1347
0.014,1346
0.014,1345
0.014,1344
0.014,1343
0.014,1342
0.014,1341
0.014,1340
0.014,1339
0.014,1338
0.015,1337
0.015,1336
0.015,1335
0.015,1334
0.015,1333
0.015,1332
0.015,1331
0.015,1330
0.015,1329
0.015,1328
0.015,1327
0.015,1326
0.015,1325
0.015,1324
0.015,1323
0.015,1322
0.015,1321
0.015,1320
0.015,1319
0.015,1318
0.015,1317
0.015,1316
0.015,1315
0.015,1314
0.015,1313
0.015,1312
0.015,1311
0.015,1310
0.015,1309
0.015,1308
0.016,1307
0.016,1306
0.016,1305
0.016,1304
0.016,1303
0.016,1302
0.016,1301
0.016,1300
0.016,1299
0.016,1298
0.016,1297
0.016,1296
0.016,1295
0.016,1294
0.016,1293
0.016,1292
0.016,1291
0.016,1290
0.016,1289
0.016,1288
0.016,1287
0.016,1286
0.016,1285
0.016,1284
0.016,1283
0.016,1282
0.016,1281
0.016,1280
0.016,1279
0.016,1278
0.016,1277
0.016,1276
0.016,1275
0.016,1274
0.016,1273
0.016,1272
0.016,1271
0.016,1270
0.016,1269
0.016,1268
0.016,1267
0.016,1266
0.016,1265
0.016,1264
0.016,1263
0.016,1262
0.016,1261
0.016,1260
0.016,1259
0.016,1258
0.017,1257
0.017,1256
0.017,1255
0.017,1254
0.017,1253
0.017,1252
0.017,1251
0.017,1250
0.017,1249
0.017,1248
0.017,1247
0.017,1246
0.017,1245
0.017,1244
0.017,1243
0.017,1242
0.017,1241
0.017,1240
0.017,1239
0.017,1238
0.017,1237
0.017,1236
0.017,1235
0.017,1234
0.017,1233
0.017,1232
0.017,1231
0.017,1230
0.017,1229
0.017,1228
0.017,1227
0.017,1226
0.017,1225
0.017,1224
0.017,1223
0.017,1222
0.017,1221
0.017,1220
0.017,1219
0.017,1218
0.017,1217
0.017,1216
0.017,1215
0.017,1214
0.017,1213
0.018,1212
0.018,1211
0.018,1210
0.018,1209
0.018,1208
0.018,1207
0.018,1206
0.018,1205
0.018,1204
0.018,1203
0.018,1202
0.018,1201
0.018,1200
0.018,1199
0.018,1198
0.018,1197
0.018,1196
0.018,1195
0.018,1194
0.018,1193
0.018,1192
0.018,1191
0.018,1190
0.018,1189
0.018,1188
0.018,1187
0.018,1186
0.018,1185
0.018,1184
0.018,1183
0.018,1182
0.018,1181
0.018,1180
0.018,1179
0.018,1178
0.018,1177
0.018,1176
0.018,1175
0.018,1174
0.018,1173
0.018,1172
0.018,1171
0.018,1170
0.019,1169
0.019,1168
0.019,1167
0.019,1166
0.019,1165
0.019,1164
0.019,1163
0.019,1162
0.019,1161
0.019,1160
0.019,1159
0.019,1158
0.019,1157
0.019,1156
0.019,1155
0.019,1154
0.019,1153
0.019,1152
0.019,1151
0.019,1150
0.019,1149
0.019,1148
0.019,1147
0.019,1146
0.019,1145
0.019,1144
0.019,1143
0.019,1142
0.019,1141
0.019,1140
0.019,1139
0.019,1138
0.019,1137
0.019,1136
0.019,1135
0.019,1134
0.019,1133
0.019,1132
0.019,1131
0.019,1130
0.019,1129
0.019,1128
0.019,1127
0.019,1126
0.019,1125
0.019,1124
0.019,1123
0.02,1122
0.02,1121
0.02,1120
0.02,1119
0.02,1118
0.02,1117
0.02,1116
0.02,1115
0.02,1114
0.02,1113
0.02,1112
0.02,1111
0.02,1110
0.02,1109
0.02,1108
0.02,1107
0.02,1106
0.02,1105
0.02,1104
0.02,1103
0.02,1102
0.02,1101
0.02,1100
0.02,1099
0.02,1098
0.02,1097
0.02,1096
0.02,1095
0.02,1094
0.02,1093
0.02,1092
0.02,1091
0.02,1090
0.02,1089
0.02,1088
0.02,1087
0.021,1086
0.021,1085
0.021,1084
0.021,1083
0.021,1082
0.021,1081
0.021,1080
0.021,1079
0.021,1078
0.021,1077
0.021,1076
0.021,1075
0.023,1074
0.024,1073
0.024,1072
0.025,1071
0.025,1070
0.025,1069
0.025,1068
0.025,1067
0.025,1066
0.025,1065
0.025,1064
0.025,1063
0.025,1062
0.025,1061
0.025,1060
0.025,1059
0.025,1058
0.025,1057
0.025,1056
0.025,1055
0.025,1054
0.025,1053
0.026,1052
0.026,1051
0.026,1050
0.026,1049
0.026,1048
0.026,1047
0.026,1046
0.026,1045
0.026,1044
0.026,1043
0.026,1042
0.026,1041
0.026,1040
0.026,1039
0.026,1038
0.026,1037
0.026,1036
0.026,1035
0.026,1034
0.026,1033
0.026,1032
0.026,1031
0.026,1030
0.026,1029
0.026,1028
0.026,1027
0.026,1026
0.027,1025
0.027,1024
0.027,1023
0.027,1022
0.027,1021
0.027,1020
0.027,1019
0.027,1018
0.027,1017
0.027,1016
0.027,1015
0.027,1014
0.027,1013
0.027,1012
0.027,1011
0.027,1010
0.028,1009
0.028,1008
0.028,1007
0.028,1006
0.028,1005
0.028,1004
0.028,1003
0.028,1002
0.028,1001
0.028,1000
0.028,999
0.028,998
0.029,997
0.029,996
0.029,995
0.029,994
0.029,993
0.029,992
0.029,991
0.03,990
0.03,989
0.03,988
0.03,987
0.03,986
0.03,985
0.03,984
0.03,983
0.03,982
0.03,981
0.03,980
0.03,979
0.031,978
0.031,977
0.031,976
0.031,975
0.031,974
0.031,973
0.031,972
0.032,971
0.032,970
0.032,969
0.032,968
0.032,967
0.032,966
0.033,965
0.033,964
0.034,963
0.034,962
0.034,961
0.036,960
0.036,959
0.038,958
0.038,957
0.039,956
0.05,955
0.054,954
