0.0,1457
0.001,1456
0.002,1455
0.002,1454
0.002,1453
0.002,1452
0.002,1451
0.002,1450
0.002,1449
0.002,1448
0.003,1447
0.003,1446
0.003,1445
0.003,1444
0.003,1443
0.003,1442
0.004,1441
0.004,1440
0.004,1439
0.004,1438
0.004,1437
0.004,1436
0.004,1435
0.004,1434
0.004,1433
0.004,1432
0.005,1431
0.005,1430
0.005,1429
0.005,1428
0.005,1427
0.005,1426
0.005,1425
0.005,1424
0.005,1423
0.005,1422
0.005,1421
0.005,1420
0.005,1419
0.005,1418
0.006,1417
0.006,1416
0.006,1415
0.006,1414
0.006,1413
0.006,1412
0.006,1411
0.006,1410
0.006,1409
0.006,1408
0.006,1407
0.006,1406
0.007,1405
0.007,1404
0.007,1403
0.007,1402
0.007,1401
0.007,1400
0.007,1399
0.007,1398
0.007,1397
0.007,1396
0.007,1395
0.007,1394
0.008,1393
0.008,1392
0.008,1391
0.008,1390
0.008,1389
0.008,1388
0.008,1387
0.008,1386
0.008,1385
0.008,1384
0.008,1383
0.008,1382
0.008,1381
0.008,1380
0.008,1379
0.008,1378
0.009,1377
0.009,1376
0.009,1375
0.009,1374
0.009,1373
0.009,1372
0.009,1371
0.009,1370
0.009,1369
0.009,1368
0.009,1367
0.009,1366
0.009,1365
0.009,1364
0.009,1363
0.009,1362
0.009,1361
0.01,1360
0.01,1359
0.01,1358
0.01,1357
0.01,1356
0.01,1355
0.01,1354
0.01,1353
0.01,1352
0.012,1351
0.012,1350
0.012,1349
0.012,1348
0.012,1347
0.012,1346
0.012,1345
0.012,1344
0.012,1343
0.012,1342
0.012,1341
0.012,1340
0.013,1339
0.013,1338
0.013,1337
0.013,1336
0.013,1335
0.013,1334
0.013,1333
0.013,1332
0.013,1331
0.013,1330
0.013,1329
0.013,1328
0.013,1327
0.013,1326
0.013,1325
0.013,1324
0.013,1323
0.013,1322
0.014,1321
0.014,1320
0.014,1319
0.014,1318
0.014,1317
0.014,1316
0.014,1315
0.014,1314
0.014,1313
0.014,1312
0.014,1311
0.014,1310
0.014,1309
0.014,1308
0.014,1307
0.014,1306
0.014,1305
0.014,1304
0.014,1303
0.014,1302
0.014,1301
0.014,1300
0.014,1299
0.014,1298
0.014,1297
0.014,1296
0.014,1295
0.015,1294
0.015,1293
0.015,1292
0.015,1291
0.015,1290
0.015,1289
0.015,1288
0.015,1287
0.015,1286
0.015,1285
0.015,1284
0.015,1283
0.015,1282
0.015,1281
0.015,1280
0.015,1279
0.015,1278
0.015,1277
0.015,1276
0.015,1275
0.015,1274
0.015,1273
0.015,1272
0.015,1271
0.015,1270
0.015,1269
0.015,1268
0.015,1267
0.015,1266
0.016,1265
0.016,1264
0.016,1263
0.016,1262
0.016,1261
0.016,1260
0.016,1259
0.016,1258
0.016,1257
0.016,1256
0.016,1255
0.016,1254
0.016,1253
0.016,1252
0.016,1251
0.016,1250
0.016,1249
0.016,1248
0.016,1247
0.016,1246
0.016,1245
0.016,1244
0.016,1243
0.016,1242
0.016,1241
0.016,1240
0.016,1239
0.016,1238
0.016,1237
0.016,1236
0.016,1235
0.016,1234
0.016,1233
0.016,1232
0.016,1231
0.016,1230
0.016,1229
0.016,1228
0.016,1227
0.016,1226
0.016,1225
0.016,1224
0.017,1223
0.017,1222
0.017,1221
0.017,1220
0.017,1219
0.017,1218
0.017,1217
0.017,1216
0.017,1215
0.017,1214
0.017,1213
0.017,1212
0.017,1211
0.017,1210
0.017,1209
0.017,1208
0.017,1207
0.017,1206
0.017,1205
0.017,1204
0.017,1203
0.017,1202
0.017,1201
0.017,1200
0.017,1199
0.017,1198
0.017,1197
0.017,1196
0.017,1195
0.017,1194
0.017,1193
0.017,1192
0.017,1191
0.017,1190
0.017,1189
0.017,1188
0.017,1187
0.017,1186
0.017,1185
0.017,1184
0.017,1183
0.017,1182
0.017,1181
0.017,1180
0.017,1179
0.018,1178
0.018,1177
0.018,1176
0.018,1175
0.018,1174
0.018,1173
0.018,1172
0.018,1171
0.018,1170
0.018,1169
0.018,1168
0.018,1167
0.018,1166
0.018,1165
0.018,1164
0.018,1163
0.018,1162
0.018,1161
0.018,1160
0.018,1159
0.018,1158
0.018,1157
0.018,1156
0.018,1155
0.018,1154
0.018,1153
0.018,1152
0.018,1151
0.018,1150
0.018,1149
0.018,1148
0.018,1147
0.018,1146
0.018,1145
0.018,1144
0.018,1143
0.018,1142
0.018,1141
0.018,1140
0.018,1139
0.018,1138
0.018,1137
0.018,1136
0.018,1135
0.018,1134
0.018,1133
0.018,1132
0.019,1131
0.019,1130
0.019,1129
0.019,1128
0.019,1127
0.019,1126
0.019,1125
0.019,1124
0.019,1123
0.019,1122
0.019,1121
0.019,1120
0.019,1119
0.019,1118
0.019,1117
0.019,1116
0.019,1115
0.019,1114
0.019,1113
0.019,1112
0.019,1111
0.019,1110
0.019,1109
0.019,1108
0.019,1107
0.019,1106
0.019,1105
0.019,1104
0.019,1103
0.019,1102
0.019,1101
0.019,1100
0.019,1099
0.019,1098
0.019,1097
0.019,1096
0.019,1095
0.019,1094
0.019,1093
0.019,1092
0.019,1091
0.02,1090
0.02,1089
0.02,1088
0.02,1087
0.02,1086
0.02,1085
0.02,1084
0.02,1083
0.02,1082
0.02,1081
0.02,1080
0.02,1079
0.02,1078
0.02,1077
0.02,1076
0.02,1075
0.022,1074
0.022,1073
0.022,1072
0.022,1071
0.022,1070
0.022,1069
0.022,1068
0.022,1067
0.022,1066
0.022,1065
0.022,1064
0.022,1063
0.023,1062
0.023,1061
0.023,1060
0.023,1059
0.023,1058
0.023,1057
0.023,1056
0.023,1055
0.023,1054
0.023,1053
0.023,1052
0.023,1051
0.023,1050
0.023,1049
0.023,1048
0.023,1047
0.023,1046
0.023,1045
0.023,1044
0.023,1043
0.023,1042
0.023,1041
0.023,1040
0.023,1039
0.023,1038
0.023,1037
0.024,1036
0.024,1035
0.024,1034
0.024,1033
0.024,1032
0.024,1031
0.024,1030
0.024,1029
0.024,1028
0.024,1027
0.024,1026
0.024,1025
0.024,1024
0.024,1023
0.024,1022
0.024,1021
0.024,1020
0.024,1019
0.024,1018
0.024,1017
0.024,1016
0.024,1015
0.024,1014
0.024,1013
0.024,1012
0.025,1011
0.025,1010
0.025,1009
0.025,1008
0.025,1007
0.025,1006
0.025,1005
0.025,1004
0.025,1003
0.025,1002
0.026,1001
0.026,1000
0.026,999
0.026,998
0.026,997
0.026,996
0.026,995
0.026,994
0.026,993
0.026,992
0.026,991
0.026,990
0.026,989
0.026,988
0.026,987
0.026,986
0.027,985
0.027,984
0.027,983
0.027,982
0.027,981
0.027,980
0.027,979
0.027,978
0.027,977
0.027,976
0.027,975
0.027,974
0.028,973
0.028,972
0.028,971
0.028,970
0.028,969
0.028,968
0.029,967
0.029,966
0.029,965
0.029,964
0.029,963
0.03,962
0.03,961
0.031,960
0.031,959
0.031,958
0.031,957
0.031,956
0.032,955
0.032,954
0.032,953
0.033,952
0.033,951
0.034,950
0.036,949
0.037,948
0.037,947
0.039,946
0.041,945
0.044,944
0.048,943
0.05,942
