0.0,1457
0.0,1456
0.001,1455
0.001,1454
0.002,1453
0.002,1452
0.002,1451
0.002,1450
0.002,1449
0.002,1448
0.002,1447
0.002,1446
0.002,1445
0.003,1444
0.003,1443
0.004,1442
0.004,1441
0.004,1440
0.004,1439
0.004,1438
0.004,1437
0.004,1436
0.004,1435
0.004,1434
0.004,1433
0.004,1432
0.005,1431
0.005,1430
0.005,1429
0.005,1428
0.005,1427
0.005,1426
0.005,1425
0.005,1424
0.005,1423
0.005,1422
0.005,1421
0.005,1420
0.006,1419
0.006,1418
0.006,1417
0.006,1416
0.006,1415
0.006,1414
0.006,1413
0.006,1412
0.006,1411
0.006,1410
0.006,1409
0.006,1408
0.006,1407
0.006,1406
0.006,1405
0.006,1404
0.006,1403
0.007,1402
0.007,1401
0.007,1400
0.007,1399
0.007,1398
0.007,1397
0.007,1396
0.007,1395
0.007,1394
0.007,1393
0.007,1392
0.007,1391
0.007,1390
0.007,1389
0.007,1388
0.008,1387
0.008,1386
0.008,1385
0.008,1384
0.008,1383
0.008,1382
0.008,1381
0.008,1380
0.008,1379
0.008,1378
0.008,1377
0.008,1376
0.008,1375
0.008,1374
0.008,1373
0.009,1372
0.009,1371
0.009,1370
0.009,1369
0.009,1368
0.009,1367
0.009,1366
0.009,1365
0.009,1364
0.009,1363
0.009,1362
0.009,1361
0.009,1360
0.009,1359
0.009,1358
0.009,1357
0.009,1356
0.01,1355
0.012,1354
0.012,1353
0.012,1352
0.012,1351
0.012,1350
0.012,1349
0.012,1348
0.012,1347
0.012,1346
0.012,1345
0.012,1344
0.012,1343
0.012,1342
0.012,1341
0.012,1340
0.012,1339
0.012,1338
0.012,1337
0.012,1336
0.013,1335
0.013,1334
0.013,1333
0.013,1332
0.013,1331
0.013,1330
0.013,1329
0.013,1328
0.013,1327
0.013,1326
0.013,1325
0.013,1324
0.013,1323
0.013,1322
0.013,1321
0.013,1320
0.013,1319
0.013,1318
0.013,1317
0.013,1316
0.013,1315
0.013,1314
0.013,1313
0.013,1312
0.013,1311
0.013,1310
0.013,1309
0.014,1308
0.014,1307
0.014,1306
0.014,1305
0.014,1304
0.014,1303
0.014,1302
0.014,1301
0.014,1300
0.014,1299
0.014,1298
0.014,1297
0.014,1296
0.014,1295
0.014,1294
0.014,1293
0.014,1292
0.014,1291
0.014,1290
0.014,1289
0.014,1288
0.014,1287
0.014,1286
0.014,1285
0.014,1284
0.014,1283
0.014,1282
0.014,1281
0.015,1280
0.015,1279
0.015,1278
0.015,1277
0.015,1276
0.015,1275
0.015,1274
0.015,1273
0.015,1272
0.015,1271
0.015,1270
0.015,1269
0.015,1268
0.015,1267
0.015,1266
0.015,1265
0.015,1264
0.015,1263
0.015,1262
0.015,1261
0.015,1260
0.015,1259
0.015,1258
0.015,1257
0.015,1256
0.015,1255
0.015,1254
0.015,1253
0.015,1252
0.015,1251
0.015,1250
0.015,1249
0.015,1248
0.015,1247
0.015,1246
0.015,1245
0.015,1244
0.015,1243
0.016,1242
0.016,1241
0.016,1240
0.016,1239
0.016,1238
0.016,1237
0.016,1236
0.016,1235
0.016,1234
0.016,1233
0.016,1232
0.016,1231
0.016,1230
0.016,1229
0.016,1228
0.016,1227
0.016,1226
0.016,1225
0.016,1224
0.016,1223
0.016,1222
0.016,1221
0.016,1220
0.016,1219
0.016,1218
0.016,1217
0.016,1216
0.016,1215
0.016,1214
0.016,1213
0.016,1212
0.016,1211
0.016,1210
0.016,1209
0.016,1208
0.016,1207
0.016,1206
0.016,1205
0.016,1204
0.016,1203
0.016,1202
0.016,1201
0.016,1200
0.016,1199
0.016,1198
0.016,1197
0.016,1196
0.017,1195
0.017,1194
0.017,1193
0.017,1192
0.017,1191
0.017,1190
0.017,1189
0.017,1188
0.017,1187
0.017,1186
0.017,1185
0.017,1184
0.017,1183
0.017,1182
0.017,1181
0.017,1180
0.017,1179
0.017,1178
0.017,1177
0.017,1176
0.017,1175
0.017,1174
0.017,1173
0.017,1172
0.017,1171
0.017,1170
0.017,1169
0.017,1168
0.017,1167
0.017,1166
0.017,1165
0.017,1164
0.017,1163
0.017,1162
0.017,1161
0.017,1160
0.017,1159
0.017,1158
0.017,1157
0.017,1156
0.017,1155
0.017,1154
0.017,1153
0.017,1152
0.017,1151
0.017,1150
0.017,1149
0.017,1148
0.017,1147
0.017,1146
0.017,1145
0.017,1144
0.017,1143
0.017,1142
0.017,1141
0.017,1140
0.017,1139
0.017,1138
0.017,1137
0.018,1136
0.018,1135
0.018,1134
0.018,1133
0.018,1132
0.018,1131
0.018,1130
0.018,1129
0.018,1128
0.018,1127
0.018,1126
0.018,1125
0.018,1124
0.018,1123
0.018,1122
0.018,1121
0.018,1120
0.018,1119
0.018,1118
0.018,1117
0.018,1116
0.018,1115
0.018,1114
0.018,1113
0.018,1112
0.018,1111
0.018,1110
0.018,1109
0.018,1108
0.018,1107
0.018,1106
0.018,1105
0.018,1104
0.018,1103
0.018,1102
0.018,1101
0.018,1100
0.018,1099
0.018,1098
0.018,1097
0.018,1096
0.018,1095
0.018,1094
0.018,1093
0.018,1092
0.018,1091
0.018,1090
0.018,1089
0.018,1088
0.018,1087
0.018,1086
0.018,1085
0.018,1084
0.018,1083
0.018,1082
0.018,1081
0.019,1080
0.019,1079
0.019,1078
0.019,1077
0.019,1076
0.019,1075
0.02,1074
0.02,1073
0.02,1072
0.02,1071
0.02,1070
0.02,1069
0.02,1068
0.02,1067
0.02,1066
0.02,1065
0.02,1064
0.02,1063
0.02,1062
0.02,1061
0.021,1060
0.021,1059
0.021,1058
0.021,1057
0.021,1056
0.021,1055
0.021,1054
0.021,1053
0.021,1052
0.021,1051
0.021,1050
0.021,1049
0.021,1048
0.021,1047
0.021,1046
0.021,1045
0.021,1044
0.021,1043
0.021,1042
0.021,1041
0.021,1040
0.021,1039
0.021,1038
0.021,1037
0.021,1036
0.021,1035
0.021,1034
0.022,1033
0.022,1032
0.022,1031
0.022,1030
0.022,1029
0.022,1028
0.022,1027
0.022,1026
0.022,1025
0.022,1024
0.022,1023
0.022,1022
0.022,1021
0.022,1020
0.022,1019
0.022,1018
0.022,1017
0.022,1016
0.022,1015
0.022,1014
0.022,1013
0.022,1012
0.023,1011
0.023,1010
0.023,1009
0.023,1008
0.023,1007
0.023,1006
0.023,1005
0.023,1004
0.023,1003
0.023,1002
0.023,1001
0.023,1000
0.023,999
0.023,998
0.023,997
0.023,996
0.023,995
0.023,994
0.023,993
0.024,992
0.024,991
0.024,990
0.024,989
0.024,988
0.024,987
0.024,986
0.024,985
0.024,984
0.024,983
0.025,982
0.025,981
0.025,980
0.025,979
0.025,978
0.025,977
0.025,976
0.026,975
0.026,974
0.026,973
0.027,972
0.027,971
0.027,970
0.028,969
0.028,968
0.028,967
0.028,966
0.029,965
0.029,964
0.029,963
0.029,962
0.029,961
0.03,960
0.03,959
0.03,958
0.031,957
0.031,956
0.032,955
0.034,954
0.036,953
0.036,952
