0.0,1457
0.0,1456
0.0,1455
0.001,1454
0.001,1453
0.002,1452
0.002,1451
0.002,1450
0.002,1449
0.002,1448
0.002,1447
0.002,1446
0.002,1445
0.003,1444
0.003,1443
0.003,1442
0.003,1441
0.003,1440
0.003,1439
0.003,1438
0.004,1437
0.004,1436
0.004,1435
0.004,1434
0.004,1433
0.004,1432
0.004,1431
0.004,1430
0.005,1429
0.005,1428
0.005,1427
0.005,1426
0.005,1425
0.005,1424
0.005,1423
0.005,1422
0.005,1421
0.005,1420
0.005,1419
0.005,1418
0.005,1417
0.006,1416
0.006,1415
0.006,1414
0.006,1413
0.006,1412
0.006,1411
0.006,1410
0.006,1409
0.006,1408
0.006,1407
0.006,1406
0.006,1405
0.006,1404
0.006,1403
0.006,1402
0.006,1401
0.006,1400
0.006,1399
0.006,1398
0.007,1397
0.007,1396
0.007,1395
0.007,1394
0.007,1393
0.007,1392
0.007,1391
0.007,1390
0.007,1389
0.007,1388
0.007,1387
0.007,1386
0.007,1385
0.007,1384
0.007,1383
0.007,1382
0.007,1381
0.007,1380
0.007,1379
0.007,1378
0.008,1377
0.008,1376
0.008,1375
0.008,1374
0.008,1373
0.008,1372
0.008,1371
0.008,1370
0.008,1369
0.008,1368
0.008,1367
0.008,1366
0.008,1365
0.008,1364
0.009,1363
0.009,1362
0.009,1361
0.009,1360
0.009,1359
0.009,1358
0.009,1357
0.009,1356
0.009,1355
0.009,1354
0.009,1353
0.009,1352
0.009,1351
0.011,1350
0.012,1349
0.012,1348
0.012,1347
0.012,1346
0.012,1345
0.012,1344
0.012,1343
0.012,1342
0.012,1341
0.012,1340
0.012,1339
0.013,1338
0.013,1337
0.013,1336
0.013,1335
0.013,1334
0.013,1333
0.013,1332
0.013,1331
0.013,1330
0.013,1329
0.014,1328
0.014,1327
0.014,1326
0.014,1325
0.014,1324
0.014,1323
0.014,1322
0.014,1321
0.014,1320
0.015,1319
0.015,1318
0.015,1317
0.015,1316
0.015,1315
0.015,1314
0.015,1313
0.015,1312
0.015,1311
0.015,1310
0.015,1309
0.015,1308
0.015,1307
0.015,1306
0.015,1305
0.015,1304
0.015,1303
0.015,1302
0.015,1301
0.016,1300
0.016,1299
0.016,1298
0.016,1297
0.016,1296
0.016,1295
0.016,1294
0.016,1293
0.016,1292
0.016,1291
0.016,1290
0.016,1289
0.016,1288
0.016,1287
0.016,1286
0.016,1285
0.016,1284
0.016,1283
0.016,1282
0.016,1281
0.016,1280
0.016,1279
0.016,1278
0.017,1277
0.017,1276
0.017,1275
0.017,1274
0.017,1273
0.017,1272
0.017,1271
0.017,1270
0.017,1269
0.017,1268
0.017,1267
0.017,1266
0.017,1265
0.017,1264
0.017,1263
0.017,1262
0.017,1261
0.017,1260
0.017,1259
0.017,1258
0.017,1257
0.017,1256
0.017,1255
0.017,1254
0.017,1253
0.017,1252
0.017,1251
0.017,1250
0.017,1249
0.017,1248
0.017,1247
0.017,1246
0.017,1245
0.017,1244
0.017,1243
0.017,1242
0.017,1241
0.017,1240
0.017,1239
0.017,1238
0.017,1237
0.017,1236
0.017,1235
0.017,1234
0.017,1233
0.017,1232
0.017,1231
0.017,1230
0.017,1229
0.018,1228
0.018,1227
0.018,1226
0.018,1225
0.018,1224
0.018,1223
0.018,1222
0.018,1221
0.018,1220
0.018,1219
0.018,1218
0.018,1217
0.018,1216
0.018,1215
0.018,1214
0.018,1213
0.018,1212
0.018,1211
0.018,1210
0.018,1209
0.018,1208
0.018,1207
0.018,1206
0.018,1205
0.018,1204
0.018,1203
0.018,1202
0.018,1201
0.018,1200
0.018,1199
0.018,1198
0.018,1197
0.018,1196
0.018,1195
0.018,1194
0.018,1193
0.018,1192
0.018,1191
0.018,1190
0.018,1189
0.018,1188
0.018,1187
0.018,1186
0.018,1185
0.018,1184
0.019,1183
0.019,1182
0.019,1181
0.019,1180
0.019,1179
0.019,1178
0.019,1177
0.019,1176
0.019,1175
0.019,1174
0.019,1173
0.019,1172
0.019,1171
0.019,1170
0.019,1169
0.019,1168
0.019,1167
0.019,1166
0.019,1165
0.019,1164
0.019,1163
0.019,1162
0.019,1161
0.019,1160
0.019,1159
0.019,1158
0.019,1157
0.019,1156
0.019,1155
0.019,1154
0.019,1153
0.019,1152
0.019,1151
0.019,1150
0.019,1149
0.019,1148
0.019,1147
0.019,1146
0.019,1145
0.019,1144
0.019,1143
0.019,1142
0.019,1141
0.019,1140
0.019,1139
0.019,1138
0.019,1137
0.019,1136
0.02,1135
0.02,1134
0.02,1133
0.02,1132
0.02,1131
0.02,1130
0.02,1129
0.02,1128
0.02,1127
0.02,1126
0.02,1125
0.02,1124
0.02,1123
0.02,1122
0.02,1121
0.02,1120
0.02,1119
0.02,1118
0.02,1117
0.02,1116
0.02,1115
0.02,1114
0.02,1113
0.02,1112
0.02,1111
0.02,1110
0.02,1109
0.02,1108
0.02,1107
0.02,1106
0.02,1105
0.02,1104
0.02,1103
0.02,1102
0.02,1101
0.02,1100
0.02,1099
0.02,1098
0.02,1097
0.02,1096
0.02,1095
0.02,1094
0.02,1093
0.02,1092
0.02,1091
0.02,1090
0.021,1089
0.021,1088
0.021,1087
0.021,1086
0.021,1085
0.021,1084
0.021,1083
0.021,1082
0.021,1081
0.021,1080
0.021,1079
0.021,1078
0.021,1077
0.021,1076
0.021,1075
0.022,1074
0.022,1073
0.022,1072
0.023,1071
0.023,1070
0.023,1069
0.023,1068
0.023,1067
0.023,1066
0.023,1065
0.023,1064
0.023,1063
0.023,1062
0.024,1061
0.024,1060
0.024,1059
0.024,1058
0.024,1057
0.024,1056
0.024,1055
0.024,1054
0.024,1053
0.024,1052
0.024,1051
0.024,1050
0.024,1049
0.024,1048
0.024,1047
0.024,1046
0.024,1045
0.024,1044
0.024,1043
0.024,1042
0.024,1041
0.024,1040
0.024,1039
0.024,1038
0.024,1037
0.024,1036
0.024,1035
0.024,1034
0.024,1033
0.024,1032
0.024,1031
0.024,1030
0.024,1029
0.024,1028
0.025,1027
0.025,1026
0.025,1025
0.025,1024
0.025,1023
0.025,1022
0.025,1021
0.025,1020
0.025,1019
0.025,1018
0.025,1017
0.025,1016
0.025,1015
0.025,1014
0.025,1013
0.025,1012
0.025,1011
0.025,1010
0.025,1009
0.025,1008
0.025,1007
0.025,1006
0.025,1005
0.025,1004
0.025,1003
0.026,1002
0.026,1001
0.026,1000
0.026,999
0.026,998
0.026,997
0.026,996
0.026,995
0.026,994
0.026,993
0.026,992
0.026,991
0.026,990
0.026,989
0.027,988
0.027,987
0.027,986
0.027,985
0.027,984
0.027,983
0.027,982
0.027,981
0.027,980
0.027,979
0.027,978
0.027,977
0.027,976
0.028,975
0.028,974
0.028,973
0.028,972
0.028,971
0.028,970
0.028,969
0.028,968
0.028,967
0.028,966
0.028,965
0.029,964
0.029,963
0.029,962
0.03,961
0.03,960
0.03,959
0.03,958
0.031,957
0.031,956
0.031,955
0.031,954
0.031,953
0.031,952
0.031,951
0.032,950
0.032,949
0.032,948
0.033,947
0.033,946
0.036,945
0.036,944
0.037,943
0.037,942
0.042,941
