0.001,3713
0.004,3712
0.004,3711
0.004,3710
0.005,3709
0.005,3708
0.005,3707
0.006,3706
0.006,3705
0.006,3704
0.006,3703
0.006,3702
0.007,3701
0.007,3700
0.007,3699
0.007,3698
0.007,3697
0.007,3696
0.008,3695
0.008,3694
0.008,3693
0.008,3692
0.008,3691
0.008,3690
0.009,3689
0.009,3688
0.009,3687
0.009,3686
0.009,3685
0.009,3684
0.009,3683
0.009,3682
0.01,3681
0.01,3680
0.01,3679
0.01,3678
0.01,3677
0.01,3676
0.011,3675
0.011,3674
0.011,3673
0.011,3672
0.011,3671
0.011,3670
0.011,3669
0.012,3668
0.012,3667
0.012,3666
0.012,3665
0.012,3664
0.012,3663
0.012,3662
0.012,3661
0.012,3660
0.012,3659
0.012,3658
0.013,3657
0.013,3656
0.013,3655
0.013,3654
0.013,3653
0.013,3652
0.013,3651
0.013,3650
0.013,3649
0.013,3648
0.013,3647
0.013,3646
0.013,3645
0.013,3644
0.013,3643
0.013,3642
0.013,3641
0.013,3640
0.013,3639
0.013,3638
0.013,3637
0.013,3636
0.013,3635
0.013,3634
0.014,3633
0.014,3632
0.014,3631
0.014,3630
0.014,3629
0.014,3628
0.014,3627
0.014,3626
0.014,3625
0.014,3624
0.016,3623
0.016,3622
0.016,3621
0.016,3620
0.016,3619
0.016,3618
0.016,3617
0.016,3616
0.016,3615
0.016,3614
0.016,3613
0.016,3612
0.016,3611
0.016,3610
0.016,3609
0.016,3608
0.016,3607
0.016,3606
0.016,3605
0.016,3604
0.016,3603
0.016,3602
0.016,3601
0.017,3600
0.017,3599
0.017,3598
0.017,3597
0.017,3596
0.017,3595
0.017,3594
0.017,3593
0.017,3592
0.017,3591
0.017,3590
0.017,3589
0.017,3588
0.017,3587
0.017,3586
0.017,3585
0.017,3584
0.017,3583
0.017,3582
0.017,3581
0.017,3580
0.017,3579
0.017,3578
0.017,3577
0.017,3576
0.017,3575
0.017,3574
0.017,3573
0.018,3572
0.018,3571
0.018,3570
0.018,3569
0.018,3568
0.018,3567
0.018,3566
0.018,3565
0.018,3564
0.018,3563
0.018,3562
0.018,3561
0.018,3560
0.018,3559
0.018,3558
0.018,3557
0.018,3556
0.018,3555
0.018,3554
0.018,3553
0.018,3552
0.018,3551
0.018,3550
0.018,3549
0.018,3548
0.018,3547
0.018,3546
0.019,3545
0.019,3544
0.019,3543
0.019,3542
0.019,3541
0.019,3540
0.019,3539
0.019,3538
0.019,3537
0.019,3536
0.019,3535
0.019,3534
0.019,3533
0.019,3532
0.019,3531
0.019,3530
0.019,3529
0.019,3528
0.019,3527
0.019,3526
0.019,3525
0.02,3524
0.02,3523
0.02,3522
0.02,3521
0.02,3520
0.02,3519
0.02,3518
0.02,3517
0.02,3516
0.02,3515
0.02,3514
0.02,3513
0.02,3512
0.02,3511
0.02,3510
0.02,3509
0.02,3508
0.02,3507
0.02,3506
0.02,3505
0.02,3504
0.02,3503
0.02,3502
0.02,3501
0.02,3500
0.02,3499
0.02,3498
0.02,3497
0.021,3496
0.021,3495
0.021,3494
0.021,3493
0.021,3492
0.021,3491
0.021,3490
0.021,3489
0.021,3488
0.021,3487
0.021,3486
0.021,3485
0.021,3484
0.021,3483
0.021,3482
0.021,3481
0.021,3480
0.021,3479
0.021,3478
0.021,3477
0.021,3476
0.021,3475
0.021,3474
0.021,3473
0.021,3472
0.021,3471
0.021,3470
0.021,3469
0.021,3468
0.022,3467
0.022,3466
0.022,3465
0.022,3464
0.022,3463
0.022,3462
0.022,3461
0.022,3460
0.022,3459
0.022,3458
0.022,3457
0.022,3456
0.022,3455
0.022,3454
0.022,3453
0.022,3452
0.022,3451
0.022,3450
0.022,3449
0.022,3448
0.022,3447
0.022,3446
0.022,3445
0.022,3444
0.022,3443
0.022,3442
0.022,3441
0.022,3440
0.023,3439
0.023,3438
0.023,3437
0.023,3436
0.023,3435
0.023,3434
0.023,3433
0.023,3432
0.023,3431
0.023,3430
0.023,3429
0.023,3428
0.023,3427
0.023,3426
0.023,3425
0.023,3424
0.023,3423
0.023,3422
0.023,3421
0.023,3420
0.023,3419
0.023,3418
0.023,3417
0.023,3416
0.023,3415
0.023,3414
0.023,3413
0.023,3412
0.023,3411
0.024,3410
0.024,3409
0.024,3408
0.024,3407
0.024,3406
0.024,3405
0.024,3404
0.024,3403
0.024,3402
0.024,3401
0.024,3400
0.024,3399
0.024,3398
0.024,3397
0.024,3396
0.024,3395
0.024,3394
0.024,3393
0.024,3392
0.024,3391
0.024,3390
0.024,3389
0.024,3388
0.024,3387
0.024,3386
0.024,3385
0.025,3384
0.025,3383
0.025,3382
0.025,3381
0.025,3380
0.025,3379
0.025,3378
0.025,3377
0.025,3376
0.025,3375
0.025,3374
0.025,3373
0.025,3372
0.025,3371
0.025,3370
0.025,3369
0.025,3368
0.025,3367
0.025,3366
0.025,3365
0.025,3364
0.025,3363
0.025,3362
0.025,3361
0.025,3360
0.025,3359
0.025,3358
0.026,3357
0.026,3356
0.026,3355
0.026,3354
0.026,3353
0.026,3352
0.026,3351
0.026,3350
0.026,3349
0.026,3348
0.026,3347
0.026,3346
0.026,3345
0.026,3344
0.026,3343
0.026,3342
0.026,3341
0.026,3340
0.026,3339
0.026,3338
0.026,3337
0.026,3336
0.026,3335
0.026,3334
0.026,3333
0.026,3332
0.028,3331
0.03,3330
0.03,3329
0.03,3328
0.03,3327
0.03,3326
0.03,3325
0.03,3324
0.03,3323
0.03,3322
0.03,3321
0.03,3320
0.03,3319
0.03,3318
0.03,3317
0.03,3316
0.03,3315
0.03,3314
0.03,3313
0.031,3312
0.031,3311
0.031,3310
0.031,3309
0.031,3308
0.031,3307
0.031,3306
0.031,3305
0.031,3304
0.031,3303
0.031,3302
0.031,3301
0.031,3300
0.031,3299
0.031,3298
0.031,3297
0.031,3296
0.031,3295
0.031,3294
0.031,3293
0.031,3292
0.031,3291
0.031,3290
0.031,3289
0.031,3288
0.031,3287
0.031,3286
0.032,3285
0.032,3284
0.032,3283
0.032,3282
0.032,3281
0.032,3280
0.032,3279
0.032,3278
0.032,3277
0.032,3276
0.032,3275
0.032,3274
0.032,3273
0.032,3272
0.032,3271
0.032,3270
0.032,3269
0.032,3268
0.032,3267
0.032,3266
0.032,3265
0.032,3264
0.032,3263
0.032,3262
0.032,3261
0.032,3260
0.032,3259
0.032,3258
0.032,3257
0.032,3256
0.032,3255
0.032,3254
0.032,3253
0.032,3252
0.032,3251
0.032,3250
0.033,3249
0.033,3248
0.033,3247
0.033,3246
0.033,3245
0.033,3244
0.033,3243
0.033,3242
0.033,3241
0.033,3240
0.033,3239
0.033,3238
0.033,3237
0.033,3236
0.033,3235
0.033,3234
0.033,3233
0.033,3232
0.033,3231
0.033,3230
0.033,3229
0.033,3228
0.033,3227
0.033,3226
0.033,3225
0.033,3224
0.033,3223
0.034,3222
0.034,3221
0.034,3220
0.034,3219
0.034,3218
0.034,3217
0.034,3216
0.034,3215
0.034,3214
0.034,3213
0.034,3212
0.034,3211
0.034,3210
0.034,3209
0.034,3208
0.034,3207
0.034,3206
0.034,3205
0.034,3204
0.034,3203
0.034,3202
0.034,3201
0.034,3200
0.034,3199
0.034,3198
0.034,3197
0.035,3196
0.035,3195
0.035,3194
0.035,3193
0.035,3192
0.035,3191
0.035,3190
0.035,3189
0.035,3188
0.035,3187
0.035,3186
0.035,3185
0.035,3184
0.035,3183
0.035,3182
0.035,3181
0.035,3180
0.035,3179
0.035,3178
0.035,3177
0.035,3176
0.035,3175
0.035,3174
0.035,3173
0.036,3172
0.036,3171
0.036,3170
0.036,3169
0.036,3168
0.036,3167
0.036,3166
0.036,3165
0.036,3164
0.036,3163
0.036,3162
0.036,3161
0.036,3160
0.036,3159
0.036,3158
0.036,3157
0.036,3156
0.036,3155
0.036,3154
0.036,3153
0.036,3152
0.036,3151
0.036,3150
0.036,3149
0.036,3148
0.036,3147
0.036,3146
0.036,3145
0.036,3144
0.036,3143
0.036,3142
0.036,3141
0.037,3140
0.037,3139
0.037,3138
0.037,3137
0.037,3136
0.037,3135
0.037,3134
0.037,3133
0.037,3132
0.037,3131
0.037,3130
0.037,3129
0.037,3128
0.037,3127
0.037,3126
0.037,3125
0.037,3124
0.037,3123
0.037,3122
0.037,3121
0.037,3120
0.037,3119
0.037,3118
0.037,3117
0.037,3116
0.037,3115
0.037,3114
0.037,3113
0.037,3112
0.037,3111
0.037,3110
0.037,3109
0.038,3108
0.038,3107
0.038,3106
0.038,3105
0.038,3104
0.038,3103
0.038,3102
0.038,3101
0.038,3100
0.038,3099
0.038,3098
0.038,3097
0.038,3096
0.038,3095
0.038,3094
0.038,3093
0.038,3092
0.038,3091
0.038,3090
0.038,3089
0.038,3088
0.038,3087
0.038,3086
0.039,3085
0.039,3084
0.039,3083
0.039,3082
0.039,3081
0.039,3080
0.039,3079
0.039,3078
0.039,3077
0.039,3076
0.039,3075
0.039,3074
0.039,3073
0.039,3072
0.039,3071
0.039,3070
0.039,3069
0.039,3068
0.039,3067
0.039,3066
0.039,3065
0.039,3064
0.039,3063
0.039,3062
0.039,3061
0.039,3060
0.039,3059
0.039,3058
0.04,3057
0.04,3056
0.04,3055
0.04,3054
0.04,3053
0.04,3052
0.04,3051
0.04,3050
0.04,3049
0.04,3048
0.04,3047
0.04,3046
0.04,3045
0.04,3044
0.04,3043
0.04,3042
0.04,3041
0.04,3040
0.04,3039
0.04,3038
0.04,3037
0.04,3036
0.04,3035
0.041,3034
0.041,3033
0.041,3032
0.041,3031
0.041,3030
0.041,3029
0.041,3028
0.041,3027
0.041,3026
0.041,3025
0.041,3024
0.041,3023
0.041,3022
0.041,3021
0.041,3020
0.041,3019
0.041,3018
0.041,3017
0.041,3016
0.041,3015
0.041,3014
0.041,3013
0.041,3012
0.041,3011
0.041,3010
0.041,3009
0.041,3008
0.041,3007
0.042,3006
0.042,3005
0.042,3004
0.042,3003
0.042,3002
0.042,3001
0.042,3000
0.042,2999
0.042,2998
0.042,2997
0.042,2996
0.042,2995
0.042,2994
0.042,2993
0.042,2992
0.042,2991
0.042,2990
0.042,2989
0.042,2988
0.042,2987
0.042,2986
0.042,2985
0.042,2984
0.042,2983
0.042,2982
0.042,2981
0.042,2980
0.043,2979
0.043,2978
0.043,2977
0.043,2976
0.043,2975
0.043,2974
0.043,2973
0.043,2972
0.043,2971
0.043,2970
0.043,2969
0.043,2968
0.043,2967
0.043,2966
0.043,2965
0.043,2964
0.043,2963
0.043,2962
0.044,2961
0.044,2960
0.044,2959
0.044,2958
0.044,2957
0.044,2956
0.044,2955
0.044,2954
0.044,2953
0.044,2952
0.044,2951
0.044,2950
0.044,2949
0.044,2948
0.044,2947
0.044,2946
0.044,2945
0.044,2944
0.044,2943
0.045,2942
0.045,2941
0.045,2940
0.045,2939
0.045,2938
0.045,2937
0.045,2936
0.045,2935
0.045,2934
0.045,2933
0.045,2932
0.045,2931
0.045,2930
0.045,2929
0.045,2928
0.045,2927
0.045,2926
0.045,2925
0.045,2924
0.045,2923
0.045,2922
0.045,2921
0.045,2920
0.046,2919
0.046,2918
0.046,2917
0.046,2916
0.046,2915
0.046,2914
0.046,2913
0.046,2912
0.046,2911
0.046,2910
0.046,2909
0.046,2908
0.046,2907
0.046,2906
0.046,2905
0.046,2904
0.046,2903
0.046,2902
0.046,2901
0.046,2900
0.046,2899
0.047,2898
0.047,2897
0.047,2896
0.047,2895
0.047,2894
0.047,2893
0.047,2892
0.047,2891
0.047,2890
0.047,2889
0.047,2888
0.047,2887
0.047,2886
0.047,2885
0.047,2884
0.047,2883
0.047,2882
0.047,2881
0.047,2880
0.047,2879
0.048,2878
0.048,2877
0.048,2876
0.048,2875
0.048,2874
0.048,2873
0.048,2872
0.048,2871
0.048,2870
0.048,2869
0.048,2868
0.048,2867
0.048,2866
0.048,2865
0.048,2864
0.048,2863
0.049,2862
0.049,2861
0.049,2860
0.049,2859
0.049,2858
0.049,2857
0.049,2856
0.049,2855
0.049,2854
0.049,2853
0.049,2852
0.049,2851
0.049,2850
0.049,2849
0.049,2848
0.049,2847
0.049,2846
0.049,2845
0.049,2844
0.049,2843
0.049,2842
0.049,2841
0.049,2840
0.049,2839
0.05,2838
0.05,2837
0.05,2836
0.05,2835
0.05,2834
0.05,2833
0.05,2832
0.05,2831
0.05,2830
0.05,2829
0.05,2828
0.05,2827
0.05,2826
0.051,2825
0.051,2824
0.051,2823
0.051,2822
0.051,2821
0.051,2820
0.051,2819
0.051,2818
0.051,2817
0.051,2816
0.051,2815
0.051,2814
0.051,2813
0.051,2812
0.051,2811
0.051,2810
0.051,2809
0.051,2808
0.052,2807
0.052,2806
0.052,2805
0.052,2804
0.052,2803
0.052,2802
0.052,2801
0.052,2800
0.052,2799
0.052,2798
0.052,2797
0.052,2796
0.052,2795
0.052,2794
0.052,2793
0.052,2792
0.052,2791
0.052,2790
0.052,2789
0.053,2788
0.053,2787
0.053,2786
0.053,2785
0.053,2784
0.053,2783
0.053,2782
0.053,2781
0.053,2780
0.053,2779
0.053,2778
0.053,2777
0.054,2776
0.054,2775
0.054,2774
0.054,2773
0.054,2772
0.054,2771
0.054,2770
0.054,2769
0.054,2768
0.054,2767
0.054,2766
0.054,2765
0.054,2764
0.054,2763
0.054,2762
0.054,2761
0.054,2760
0.054,2759
0.055,2758
0.055,2757
0.055,2756
0.055,2755
0.056,2754
0.056,2753
0.056,2752
0.056,2751
0.056,2750
0.056,2749
0.056,2748
0.056,2747
0.056,2746
0.056,2745
0.056,2744
0.057,2743
0.057,2742
0.057,2741
0.057,2740
0.057,2739
0.057,2738
0.057,2737
0.057,2736
0.057,2735
0.057,2734
0.057,2733
0.057,2732
0.057,2731
0.057,2730
0.057,2729
0.057,2728
0.058,2727
0.058,2726
0.058,2725
0.058,2724
0.058,2723
0.058,2722
0.058,2721
0.059,2720
0.059,2719
0.059,2718
0.059,2717
0.059,2716
0.059,2715
0.059,2714
0.059,2713
0.059,2712
0.06,2711
0.06,2710
0.06,2709
0.06,2708
0.06,2707
0.06,2706
0.06,2705
0.06,2704
0.061,2703
0.061,2702
0.061,2701
0.061,2700
0.061,2699
0.061,2698
0.061,2697
0.061,2696
0.061,2695
0.061,2694
0.061,2693
0.061,2692
0.061,2691
0.061,2690
0.061,2689
0.062,2688
0.062,2687
0.062,2686
0.062,2685
0.062,2684
0.062,2683
0.062,2682
0.063,2681
0.063,2680
0.063,2679
0.063,2678
0.063,2677
0.063,2676
0.063,2675
0.063,2674
0.063,2673
0.063,2672
0.063,2671
0.063,2670
0.063,2669
0.063,2668
0.064,2667
0.064,2666
0.064,2665
0.064,2664
0.064,2663
0.064,2662
0.064,2661
0.064,2660
0.064,2659
0.064,2658
0.064,2657
0.064,2656
0.065,2655
0.065,2654
0.065,2653
0.065,2652
0.065,2651
0.065,2650
0.065,2649
0.065,2648
0.065,2647
0.065,2646
0.065,2645
0.065,2644
0.065,2643
0.065,2642
0.066,2641
0.066,2640
0.066,2639
0.066,2638
0.066,2637
0.066,2636
0.066,2635
0.066,2634
0.066,2633
0.067,2632
0.067,2631
0.067,2630
0.067,2629
0.067,2628
0.067,2627
0.067,2626
0.067,2625
0.067,2624
0.067,2623
0.067,2622
0.068,2621
0.068,2620
0.068,2619
0.068,2618
0.068,2617
0.068,2616
0.068,2615
0.068,2614
0.068,2613
0.068,2612
0.068,2611
0.068,2610
0.069,2609
0.069,2608
0.069,2607
0.069,2606
0.069,2605
0.069,2604
0.069,2603
0.069,2602
0.069,2601
0.069,2600
0.07,2599
0.07,2598
0.07,2597
0.07,2596
0.07,2595
0.07,2594
0.07,2593
0.07,2592
0.07,2591
0.07,2590
0.071,2589
0.071,2588
0.071,2587
0.071,2586
0.071,2585
0.071,2584
0.071,2583
0.071,2582
0.071,2581
0.072,2580
0.072,2579
0.072,2578
0.072,2577
0.072,2576
0.072,2575
0.072,2574
0.072,2573
0.072,2572
0.072,2571
0.073,2570
0.073,2569
0.073,2568
0.073,2567
0.073,2566
0.074,2565
0.074,2564
0.074,2563
0.074,2562
0.074,2561
0.074,2560
0.074,2559
0.074,2558
0.074,2557
0.075,2556
0.075,2555
0.075,2554
0.075,2553
0.075,2552
0.075,2551
0.075,2550
0.076,2549
0.076,2548
0.076,2547
0.076,2546
0.077,2545
0.077,2544
0.077,2543
0.077,2542
0.077,2541
0.077,2540
0.077,2539
0.077,2538
0.077,2537
0.077,2536
0.077,2535
0.077,2534
0.077,2533
0.078,2532
0.078,2531
0.078,2530
0.078,2529
0.078,2528
0.078,2527
0.078,2526
0.079,2525
0.079,2524
0.079,2523
0.079,2522
0.079,2521
0.08,2520
0.08,2519
0.08,2518
0.08,2517
0.08,2516
0.08,2515
0.081,2514
0.081,2513
0.081,2512
0.081,2511
0.081,2510
0.081,2509
0.081,2508
0.081,2507
0.082,2506
0.082,2505
0.082,2504
0.082,2503
0.083,2502
0.084,2501
0.084,2500
0.084,2499
0.086,2498
0.087,2497
0.087,2496
0.087,2495
0.087,2494
0.087,2493
0.087,2492
0.087,2491
0.087,2490
0.088,2489
0.088,2488
0.088,2487
0.088,2486
0.088,2485
0.088,2484
0.089,2483
0.089,2482
0.089,2481
0.089,2480
0.089,2479
0.089,2478
0.089,2477
0.09,2476
0.09,2475
0.09,2474
0.09,2473
0.09,2472
0.09,2471
0.09,2470
0.09,2469
0.09,2468
0.09,2467
0.09,2466
0.09,2465
0.09,2464
0.091,2463
0.091,2462
0.091,2461
0.092,2460
0.092,2459
0.092,2458
0.092,2457
0.092,2456
0.092,2455
0.093,2454
0.093,2453
0.093,2452
0.093,2451
0.093,2450
0.094,2449
0.094,2448
0.094,2447
0.094,2446
0.094,2445
0.094,2444
0.094,2443
0.095,2442
0.095,2441
0.095,2440
0.095,2439
0.095,2438
0.095,2437
0.095,2436
0.095,2435
0.096,2434
0.096,2433
0.096,2432
0.097,2431
0.097,2430
0.097,2429
0.098,2428
0.098,2427
0.099,2426
0.099,2425
0.099,2424
0.099,2423
0.099,2422
0.1,2421
0.1,2420
0.1,2419
0.1,2418
0.1,2417
0.101,2416
0.101,2415
0.101,2414
0.102,2413
0.102,2412
0.102,2411
0.104,2410
0.104,2409
0.104,2408
0.105,2407
0.105,2406
0.105,2405
0.106,2404
0.107,2403
0.107,2402
0.108,2401
0.109,2400
0.112,2399
0.113,2398
0.113,2397
0.114,2396
0.114,2395
0.115,2394
0.115,2393
0.12,2392
0.128,2391
0.14,2390
