0.001,3713
0.002,3712
0.003,3711
0.003,3710
0.003,3709
0.003,3708
0.003,3707
0.003,3706
0.004,3705
0.004,3704
0.004,3703
0.005,3702
0.005,3701
0.006,3700
0.006,3699
0.006,3698
0.006,3697
0.006,3696
0.006,3695
0.007,3694
0.007,3693
0.007,3692
0.007,3691
0.007,3690
0.007,3689
0.008,3688
0.008,3687
0.008,3686
0.008,3685
0.008,3684
0.008,3683
0.008,3682
0.008,3681
0.009,3680
0.009,3679
0.009,3678
0.009,3677
0.009,3676
0.009,3675
0.01,3674
0.01,3673
0.01,3672
0.01,3671
0.01,3670
0.01,3669
0.01,3668
0.01,3667
0.01,3666
0.011,3665
0.011,3664
0.011,3663
0.011,3662
0.011,3661
0.011,3660
0.012,3659
0.012,3658
0.012,3657
0.012,3656
0.012,3655
0.012,3654
0.012,3653
0.012,3652
0.012,3651
0.012,3650
0.013,3649
0.013,3648
0.013,3647
0.013,3646
0.013,3645
0.013,3644
0.013,3643
0.013,3642
0.013,3641
0.013,3640
0.013,3639
0.013,3638
0.013,3637
0.013,3636
0.013,3635
0.013,3634
0.013,3633
0.013,3632
0.013,3631
0.013,3630
0.013,3629
0.013,3628
0.013,3627
0.013,3626
0.013,3625
0.015,3624
0.016,3623
0.016,3622
0.016,3621
0.016,3620
0.016,3619
0.016,3618
0.016,3617
0.016,3616
0.016,3615
0.016,3614
0.016,3613
0.016,3612
0.016,3611
0.016,3610
0.016,3609
0.016,3608
0.016,3607
0.016,3606
0.016,3605
0.016,3604
0.016,3603
0.016,3602
0.016,3601
0.016,3600
0.016,3599
0.016,3598
0.017,3597
0.017,3596
0.017,3595
0.017,3594
0.017,3593
0.017,3592
0.017,3591
0.017,3590
0.017,3589
0.017,3588
0.017,3587
0.017,3586
0.017,3585
0.017,3584
0.017,3583
0.017,3582
0.017,3581
0.017,3580
0.017,3579
0.017,3578
0.017,3577
0.017,3576
0.017,3575
0.017,3574
0.017,3573
0.017,3572
0.018,3571
0.018,3570
0.018,3569
0.018,3568
0.018,3567
0.018,3566
0.018,3565
0.018,3564
0.018,3563
0.018,3562
0.018,3561
0.018,3560
0.018,3559
0.018,3558
0.018,3557
0.018,3556
0.018,3555
0.018,3554
0.018,3553
0.018,3552
0.018,3551
0.018,3550
0.018,3549
0.018,3548
0.019,3547
0.019,3546
0.019,3545
0.019,3544
0.019,3543
0.019,3542
0.019,3541
0.019,3540
0.019,3539
0.019,3538
0.019,3537
0.019,3536
0.019,3535
0.019,3534
0.019,3533
0.019,3532
0.019,3531
0.019,3530
0.019,3529
0.019,3528
0.019,3527
0.019,3526
0.019,3525
0.019,3524
0.019,3523
0.019,3522
0.019,3521
0.019,3520
0.019,3519
0.02,3518
0.02,3517
0.02,3516
0.02,3515
0.02,3514
0.02,3513
0.02,3512
0.02,3511
0.02,3510
0.02,3509
0.02,3508
0.02,3507
0.02,3506
0.02,3505
0.02,3504
0.02,3503
0.02,3502
0.02,3501
0.02,3500
0.02,3499
0.02,3498
0.02,3497
0.02,3496
0.02,3495
0.02,3494
0.02,3493
0.02,3492
0.02,3491
0.021,3490
0.021,3489
0.021,3488
0.021,3487
0.021,3486
0.021,3485
0.021,3484
0.021,3483
0.021,3482
0.021,3481
0.021,3480
0.021,3479
0.021,3478
0.021,3477
0.021,3476
0.021,3475
0.021,3474
0.021,3473
0.021,3472
0.021,3471
0.021,3470
0.021,3469
0.021,3468
0.021,3467
0.021,3466
0.021,3465
0.021,3464
0.022,3463
0.022,3462
0.022,3461
0.022,3460
0.022,3459
0.022,3458
0.022,3457
0.022,3456
0.022,3455
0.022,3454
0.022,3453
0.022,3452
0.022,3451
0.022,3450
0.022,3449
0.022,3448
0.022,3447
0.022,3446
0.022,3445
0.022,3444
0.022,3443
0.022,3442
0.022,3441
0.022,3440
0.022,3439
0.023,3438
0.023,3437
0.023,3436
0.023,3435
0.023,3434
0.023,3433
0.023,3432
0.023,3431
0.023,3430
0.023,3429
0.023,3428
0.023,3427
0.023,3426
0.023,3425
0.023,3424
0.023,3423
0.023,3422
0.023,3421
0.023,3420
0.023,3419
0.023,3418
0.023,3417
0.023,3416
0.023,3415
0.023,3414
0.023,3413
0.023,3412
0.023,3411
0.023,3410
0.023,3409
0.023,3408
0.024,3407
0.024,3406
0.024,3405
0.024,3404
0.024,3403
0.024,3402
0.024,3401
0.024,3400
0.024,3399
0.024,3398
0.024,3397
0.024,3396
0.024,3395
0.024,3394
0.024,3393
0.024,3392
0.024,3391
0.024,3390
0.024,3389
0.024,3388
0.024,3387
0.024,3386
0.024,3385
0.024,3384
0.024,3383
0.024,3382
0.024,3381
0.024,3380
0.024,3379
0.025,3378
0.025,3377
0.025,3376
0.025,3375
0.025,3374
0.025,3373
0.025,3372
0.025,3371
0.025,3370
0.025,3369
0.025,3368
0.025,3367
0.025,3366
0.025,3365
0.025,3364
0.025,3363
0.025,3362
0.025,3361
0.025,3360
0.025,3359
0.026,3358
0.026,3357
0.026,3356
0.026,3355
0.026,3354
0.026,3353
0.026,3352
0.026,3351
0.026,3350
0.026,3349
0.026,3348
0.026,3347
0.026,3346
0.026,3345
0.026,3344
0.026,3343
0.026,3342
0.026,3341
0.026,3340
0.026,3339
0.026,3338
0.026,3337
0.026,3336
0.026,3335
0.026,3334
0.026,3333
0.026,3332
0.028,3331
0.03,3330
0.03,3329
0.03,3328
0.03,3327
0.03,3326
0.03,3325
0.03,3324
0.03,3323
0.03,3322
0.03,3321
0.03,3320
0.03,3319
0.03,3318
0.03,3317
0.03,3316
0.03,3315
0.03,3314
0.03,3313
0.03,3312
0.03,3311
0.031,3310
0.031,3309
0.031,3308
0.031,3307
0.031,3306
0.031,3305
0.031,3304
0.031,3303
0.031,3302
0.031,3301
0.031,3300
0.031,3299
0.031,3298
0.031,3297
0.031,3296
0.031,3295
0.031,3294
0.031,3293
0.031,3292
0.031,3291
0.031,3290
0.031,3289
0.031,3288
0.031,3287
0.031,3286
0.031,3285
0.031,3284
0.031,3283
0.032,3282
0.032,3281
0.032,3280
0.032,3279
0.032,3278
0.032,3277
0.032,3276
0.032,3275
0.032,3274
0.032,3273
0.032,3272
0.032,3271
0.032,3270
0.032,3269
0.032,3268
0.032,3267
0.032,3266
0.032,3265
0.032,3264
0.032,3263
0.032,3262
0.032,3261
0.032,3260
0.032,3259
0.032,3258
0.032,3257
0.032,3256
0.032,3255
0.032,3254
0.033,3253
0.033,3252
0.033,3251
0.033,3250
0.033,3249
0.033,3248
0.033,3247
0.033,3246
0.033,3245
0.033,3244
0.033,3243
0.033,3242
0.033,3241
0.033,3240
0.033,3239
0.033,3238
0.033,3237
0.033,3236
0.033,3235
0.033,3234
0.033,3233
0.033,3232
0.033,3231
0.034,3230
0.034,3229
0.034,3228
0.034,3227
0.034,3226
0.034,3225
0.034,3224
0.034,3223
0.034,3222
0.034,3221
0.034,3220
0.034,3219
0.034,3218
0.034,3217
0.034,3216
0.034,3215
0.034,3214
0.034,3213
0.034,3212
0.034,3211
0.034,3210
0.034,3209
0.034,3208
0.034,3207
0.034,3206
0.034,3205
0.035,3204
0.035,3203
0.035,3202
0.035,3201
0.035,3200
0.035,3199
0.035,3198
0.035,3197
0.035,3196
0.035,3195
0.035,3194
0.035,3193
0.035,3192
0.035,3191
0.035,3190
0.035,3189
0.035,3188
0.035,3187
0.035,3186
0.035,3185
0.035,3184
0.035,3183
0.035,3182
0.035,3181
0.035,3180
0.035,3179
0.036,3178
0.036,3177
0.036,3176
0.036,3175
0.036,3174
0.036,3173
0.036,3172
0.036,3171
0.036,3170
0.036,3169
0.036,3168
0.036,3167
0.036,3166
0.036,3165
0.036,3164
0.036,3163
0.036,3162
0.036,3161
0.036,3160
0.036,3159
0.036,3158
0.037,3157
0.037,3156
0.037,3155
0.037,3154
0.037,3153
0.037,3152
0.037,3151
0.037,3150
0.037,3149
0.037,3148
0.037,3147
0.037,3146
0.037,3145
0.037,3144
0.037,3143
0.037,3142
0.037,3141
0.037,3140
0.037,3139
0.037,3138
0.037,3137
0.037,3136
0.037,3135
0.037,3134
0.037,3133
0.037,3132
0.037,3131
0.037,3130
0.038,3129
0.038,3128
0.038,3127
0.038,3126
0.038,3125
0.038,3124
0.038,3123
0.038,3122
0.038,3121
0.038,3120
0.038,3119
0.038,3118
0.038,3117
0.038,3116
0.038,3115
0.038,3114
0.038,3113
0.038,3112
0.038,3111
0.038,3110
0.038,3109
0.038,3108
0.038,3107
0.038,3106
0.038,3105
0.038,3104
0.039,3103
0.039,3102
0.039,3101
0.039,3100
0.039,3099
0.039,3098
0.039,3097
0.039,3096
0.039,3095
0.039,3094
0.039,3093
0.039,3092
0.039,3091
0.039,3090
0.039,3089
0.039,3088
0.039,3087
0.039,3086
0.039,3085
0.039,3084
0.039,3083
0.039,3082
0.039,3081
0.039,3080
0.039,3079
0.039,3078
0.039,3077
0.039,3076
0.04,3075
0.04,3074
0.04,3073
0.04,3072
0.04,3071
0.04,3070
0.04,3069
0.04,3068
0.04,3067
0.04,3066
0.04,3065
0.04,3064
0.04,3063
0.04,3062
0.04,3061
0.041,3060
0.041,3059
0.041,3058
0.041,3057
0.041,3056
0.041,3055
0.041,3054
0.041,3053
0.041,3052
0.041,3051
0.041,3050
0.041,3049
0.041,3048
0.041,3047
0.041,3046
0.041,3045
0.041,3044
0.041,3043
0.041,3042
0.041,3041
0.041,3040
0.041,3039
0.041,3038
0.041,3037
0.041,3036
0.041,3035
0.042,3034
0.042,3033
0.042,3032
0.042,3031
0.042,3030
0.042,3029
0.042,3028
0.042,3027
0.042,3026
0.042,3025
0.042,3024
0.042,3023
0.042,3022
0.042,3021
0.042,3020
0.042,3019
0.042,3018
0.042,3017
0.042,3016
0.042,3015
0.042,3014
0.042,3013
0.043,3012
0.043,3011
0.043,3010
0.043,3009
0.043,3008
0.043,3007
0.043,3006
0.043,3005
0.043,3004
0.043,3003
0.043,3002
0.043,3001
0.043,3000
0.043,2999
0.043,2998
0.043,2997
0.043,2996
0.043,2995
0.043,2994
0.043,2993
0.043,2992
0.043,2991
0.043,2990
0.043,2989
0.043,2988
0.043,2987
0.043,2986
0.043,2985
0.043,2984
0.044,2983
0.044,2982
0.044,2981
0.044,2980
0.044,2979
0.044,2978
0.044,2977
0.044,2976
0.044,2975
0.044,2974
0.044,2973
0.044,2972
0.044,2971
0.044,2970
0.044,2969
0.044,2968
0.044,2967
0.044,2966
0.044,2965
0.044,2964
0.044,2963
0.044,2962
0.045,2961
0.045,2960
0.045,2959
0.045,2958
0.045,2957
0.045,2956
0.045,2955
0.045,2954
0.045,2953
0.045,2952
0.045,2951
0.045,2950
0.045,2949
0.045,2948
0.045,2947
0.045,2946
0.046,2945
0.046,2944
0.046,2943
0.046,2942
0.046,2941
0.046,2940
0.046,2939
0.046,2938
0.046,2937
0.046,2936
0.046,2935
0.046,2934
0.046,2933
0.046,2932
0.046,2931
0.046,2930
0.046,2929
0.046,2928
0.046,2927
0.046,2926
0.046,2925
0.046,2924
0.046,2923
0.047,2922
0.047,2921
0.047,2920
0.047,2919
0.047,2918
0.047,2917
0.047,2916
0.047,2915
0.047,2914
0.047,2913
0.047,2912
0.047,2911
0.047,2910
0.047,2909
0.047,2908
0.047,2907
0.047,2906
0.047,2905
0.047,2904
0.047,2903
0.047,2902
0.047,2901
0.048,2900
0.048,2899
0.048,2898
0.048,2897
0.048,2896
0.048,2895
0.048,2894
0.048,2893
0.048,2892
0.048,2891
0.048,2890
0.048,2889
0.048,2888
0.048,2887
0.048,2886
0.048,2885
0.048,2884
0.048,2883
0.048,2882
0.048,2881
0.048,2880
0.049,2879
0.049,2878
0.049,2877
0.049,2876
0.049,2875
0.049,2874
0.049,2873
0.049,2872
0.049,2871
0.049,2870
0.049,2869
0.049,2868
0.049,2867
0.049,2866
0.049,2865
0.05,2864
0.05,2863
0.05,2862
0.05,2861
0.05,2860
0.05,2859
0.05,2858
0.05,2857
0.05,2856
0.05,2855
0.05,2854
0.05,2853
0.05,2852
0.05,2851
0.05,2850
0.05,2849
0.05,2848
0.05,2847
0.05,2846
0.051,2845
0.051,2844
0.051,2843
0.051,2842
0.051,2841
0.051,2840
0.051,2839
0.051,2838
0.051,2837
0.051,2836
0.051,2835
0.051,2834
0.051,2833
0.051,2832
0.051,2831
0.051,2830
0.051,2829
0.052,2828
0.052,2827
0.052,2826
0.052,2825
0.052,2824
0.052,2823
0.052,2822
0.052,2821
0.052,2820
0.052,2819
0.052,2818
0.052,2817
0.052,2816
0.052,2815
0.052,2814
0.052,2813
0.052,2812
0.052,2811
0.053,2810
0.053,2809
0.053,2808
0.053,2807
0.053,2806
0.053,2805
0.053,2804
0.053,2803
0.053,2802
0.053,2801
0.053,2800
0.053,2799
0.054,2798
0.054,2797
0.054,2796
0.054,2795
0.054,2794
0.054,2793
0.054,2792
0.054,2791
0.054,2790
0.054,2789
0.054,2788
0.054,2787
0.054,2786
0.054,2785
0.054,2784
0.054,2783
0.054,2782
0.054,2781
0.054,2780
0.054,2779
0.054,2778
0.054,2777
0.054,2776
0.054,2775
0.055,2774
0.055,2773
0.055,2772
0.055,2771
0.055,2770
0.055,2769
0.055,2768
0.055,2767
0.055,2766
0.055,2765
0.055,2764
0.055,2763
0.055,2762
0.055,2761
0.055,2760
0.055,2759
0.055,2758
0.055,2757
0.055,2756
0.056,2755
0.056,2754
0.056,2753
0.056,2752
0.056,2751
0.056,2750
0.056,2749
0.056,2748
0.056,2747
0.056,2746
0.056,2745
0.056,2744
0.056,2743
0.056,2742
0.056,2741
0.056,2740
0.056,2739
0.057,2738
0.057,2737
0.057,2736
0.057,2735
0.057,2734
0.057,2733
0.057,2732
0.057,2731
0.057,2730
0.057,2729
0.057,2728
0.057,2727
0.057,2726
0.057,2725
0.058,2724
0.058,2723
0.058,2722
0.058,2721
0.058,2720
0.058,2719
0.059,2718
0.059,2717
0.059,2716
0.059,2715
0.059,2714
0.059,2713
0.059,2712
0.059,2711
0.059,2710
0.059,2709
0.059,2708
0.059,2707
0.06,2706
0.06,2705
0.06,2704
0.06,2703
0.06,2702
0.06,2701
0.06,2700
0.06,2699
0.06,2698
0.06,2697
0.061,2696
0.061,2695
0.061,2694
0.061,2693
0.061,2692
0.061,2691
0.061,2690
0.061,2689
0.061,2688
0.061,2687
0.062,2686
0.062,2685
0.062,2684
0.062,2683
0.062,2682
0.062,2681
0.062,2680
0.062,2679
0.062,2678
0.062,2677
0.062,2676
0.062,2675
0.062,2674
0.062,2673
0.062,2672
0.063,2671
0.063,2670
0.063,2669
0.063,2668
0.063,2667
0.063,2666
0.063,2665
0.063,2664
0.063,2663
0.063,2662
0.063,2661
0.063,2660
0.063,2659
0.063,2658
0.063,2657
0.063,2656
0.064,2655
0.064,2654
0.064,2653
0.064,2652
0.064,2651
0.064,2650
0.064,2649
0.064,2648
0.064,2647
0.064,2646
0.064,2645
0.064,2644
0.064,2643
0.065,2642
0.065,2641
0.065,2640
0.065,2639
0.065,2638
0.065,2637
0.065,2636
0.065,2635
0.065,2634
0.065,2633
0.065,2632
0.065,2631
0.066,2630
0.066,2629
0.066,2628
0.066,2627
0.066,2626
0.066,2625
0.066,2624
0.066,2623
0.066,2622
0.066,2621
0.066,2620
0.066,2619
0.066,2618
0.066,2617
0.067,2616
0.067,2615
0.067,2614
0.067,2613
0.067,2612
0.067,2611
0.067,2610
0.067,2609
0.067,2608
0.067,2607
0.067,2606
0.067,2605
0.067,2604
0.067,2603
0.067,2602
0.068,2601
0.068,2600
0.068,2599
0.068,2598
0.069,2597
0.069,2596
0.069,2595
0.069,2594
0.069,2593
0.069,2592
0.069,2591
0.069,2590
0.069,2589
0.069,2588
0.069,2587
0.07,2586
0.07,2585
0.07,2584
0.07,2583
0.07,2582
0.07,2581
0.07,2580
0.071,2579
0.071,2578
0.071,2577
0.071,2576
0.071,2575
0.071,2574
0.072,2573
0.072,2572
0.072,2571
0.072,2570
0.072,2569
0.072,2568
0.072,2567
0.073,2566
0.073,2565
0.073,2564
0.073,2563
0.073,2562
0.073,2561
0.073,2560
0.073,2559
0.073,2558
0.073,2557
0.073,2556
0.074,2555
0.074,2554
0.074,2553
0.074,2552
0.074,2551
0.074,2550
0.074,2549
0.074,2548
0.074,2547
0.075,2546
0.075,2545
0.075,2544
0.075,2543
0.076,2542
0.076,2541
0.076,2540
0.076,2539
0.076,2538
0.076,2537
0.077,2536
0.077,2535
0.077,2534
0.077,2533
0.078,2532
0.078,2531
0.078,2530
0.078,2529
0.078,2528
0.078,2527
0.079,2526
0.079,2525
0.079,2524
0.079,2523
0.079,2522
0.079,2521
0.079,2520
0.08,2519
0.08,2518
0.08,2517
0.08,2516
0.08,2515
0.08,2514
0.08,2513
0.081,2512
0.081,2511
0.081,2510
0.081,2509
0.081,2508
0.081,2507
0.082,2506
0.082,2505
0.082,2504
0.082,2503
0.082,2502
0.084,2501
0.084,2500
0.084,2499
0.084,2498
0.085,2497
0.085,2496
0.085,2495
0.085,2494
0.085,2493
0.085,2492
0.085,2491
0.085,2490
0.086,2489
0.086,2488
0.086,2487
0.086,2486
0.087,2485
0.087,2484
0.087,2483
0.087,2482
0.087,2481
0.087,2480
0.087,2479
0.087,2478
0.087,2477
0.088,2476
0.088,2475
0.088,2474
0.088,2473
0.088,2472
0.088,2471
0.088,2470
0.089,2469
0.089,2468
0.089,2467
0.089,2466
0.089,2465
0.089,2464
0.089,2463
0.089,2462
0.089,2461
0.09,2460
0.09,2459
0.09,2458
0.09,2457
0.09,2456
0.09,2455
0.09,2454
0.091,2453
0.091,2452
0.091,2451
0.091,2450
0.091,2449
0.091,2448
0.091,2447
0.092,2446
0.092,2445
0.092,2444
0.092,2443
0.092,2442
0.093,2441
0.093,2440
0.093,2439
0.093,2438
0.093,2437
0.094,2436
0.094,2435
0.094,2434
0.094,2433
0.095,2432
0.095,2431
0.095,2430
0.095,2429
0.095,2428
0.095,2427
0.095,2426
0.095,2425
0.095,2424
0.095,2423
0.096,2422
0.096,2421
0.096,2420
0.096,2419
0.097,2418
0.097,2417
0.097,2416
0.098,2415
0.098,2414
0.098,2413
0.099,2412
0.099,2411
0.099,2410
0.1,2409
0.1,2408
0.1,2407
0.101,2406
0.102,2405
0.104,2404
0.105,2403
0.108,2402
0.108,2401
0.109,2400
0.11,2399
0.111,2398
0.111,2397
0.113,2396
0.115,2395
0.115,2394
0.116,2393
0.117,2392
0.121,2391
0.121,2390
0.123,2389
0.128,2388
