0.001,3713
0.002,3712
0.003,3711
0.003,3710
0.003,3709
0.004,3708
0.004,3707
0.005,3706
0.005,3705
0.005,3704
0.005,3703
0.005,3702
0.006,3701
0.006,3700
0.006,3699
0.006,3698
0.006,3697
0.007,3696
0.007,3695
0.007,3694
0.007,3693
0.007,3692
0.007,3691
0.008,3690
0.008,3689
0.008,3688
0.008,3687
0.008,3686
0.009,3685
0.009,3684
0.009,3683
0.009,3682
0.009,3681
0.009,3680
0.01,3679
0.01,3678
0.01,3677
0.01,3676
0.01,3675
0.011,3674
0.011,3673
0.011,3672
0.011,3671
0.011,3670
0.011,3669
0.012,3668
0.012,3667
0.012,3666
0.012,3665
0.012,3664
0.012,3663
0.012,3662
0.012,3661
0.013,3660
0.013,3659
0.013,3658
0.013,3657
0.013,3656
0.013,3655
0.013,3654
0.013,3653
0.013,3652
0.013,3651
0.013,3650
0.013,3649
0.013,3648
0.013,3647
0.013,3646
0.013,3645
0.013,3644
0.013,3643
0.013,3642
0.013,3641
0.013,3640
0.013,3639
0.013,3638
0.014,3637
0.014,3636
0.014,3635
0.014,3634
0.014,3633
0.014,3632
0.014,3631
0.014,3630
0.014,3629
0.014,3628
0.014,3627
0.014,3626
0.014,3625
0.014,3624
0.014,3623
0.014,3622
0.014,3621
0.016,3620
0.017,3619
0.017,3618
0.017,3617
0.017,3616
0.017,3615
0.017,3614
0.017,3613
0.017,3612
0.017,3611
0.017,3610
0.017,3609
0.017,3608
0.017,3607
0.017,3606
0.017,3605
0.017,3604
0.017,3603
0.017,3602
0.017,3601
0.017,3600
0.017,3599
0.018,3598
0.018,3597
0.018,3596
0.018,3595
0.018,3594
0.018,3593
0.018,3592
0.018,3591
0.018,3590
0.018,3589
0.018,3588
0.018,3587
0.018,3586
0.018,3585
0.018,3584
0.018,3583
0.018,3582
0.018,3581
0.018,3580
0.018,3579
0.018,3578
0.018,3577
0.019,3576
0.019,3575
0.019,3574
0.019,3573
0.019,3572
0.019,3571
0.019,3570
0.019,3569
0.019,3568
0.019,3567
0.019,3566
0.019,3565
0.019,3564
0.019,3563
0.019,3562
0.019,3561
0.019,3560
0.019,3559
0.02,3558
0.02,3557
0.02,3556
0.02,3555
0.02,3554
0.02,3553
0.02,3552
0.02,3551
0.02,3550
0.02,3549
0.02,3548
0.02,3547
0.02,3546
0.02,3545
0.02,3544
0.02,3543
0.02,3542
0.02,3541
0.021,3540
0.021,3539
0.021,3538
0.021,3537
0.021,3536
0.021,3535
0.021,3534
0.021,3533
0.021,3532
0.021,3531
0.021,3530
0.021,3529
0.021,3528
0.021,3527
0.021,3526
0.021,3525
0.021,3524
0.021,3523
0.021,3522
0.021,3521
0.021,3520
0.021,3519
0.021,3518
0.021,3517
0.021,3516
0.021,3515
0.021,3514
0.021,3513
0.022,3512
0.022,3511
0.022,3510
0.022,3509
0.022,3508
0.022,3507
0.022,3506
0.022,3505
0.022,3504
0.022,3503
0.022,3502
0.022,3501
0.022,3500
0.022,3499
0.022,3498
0.022,3497
0.022,3496
0.022,3495
0.022,3494
0.022,3493
0.022,3492
0.022,3491
0.022,3490
0.022,3489
0.022,3488
0.022,3487
0.023,3486
0.023,3485
0.023,3484
0.023,3483
0.023,3482
0.023,3481
0.023,3480
0.023,3479
0.023,3478
0.023,3477
0.023,3476
0.023,3475
0.023,3474
0.023,3473
0.023,3472
0.023,3471
0.023,3470
0.023,3469
0.023,3468
0.023,3467
0.023,3466
0.023,3465
0.023,3464
0.023,3463
0.023,3462
0.024,3461
0.024,3460
0.025,3459
0.025,3458
0.025,3457
0.025,3456
0.025,3455
0.025,3454
0.025,3453
0.025,3452
0.025,3451
0.025,3450
0.025,3449
0.025,3448
0.025,3447
0.025,3446
0.025,3445
0.025,3444
0.025,3443
0.026,3442
0.026,3441
0.026,3440
0.026,3439
0.026,3438
0.026,3437
0.026,3436
0.026,3435
0.026,3434
0.026,3433
0.026,3432
0.026,3431
0.026,3430
0.026,3429
0.026,3428
0.026,3427
0.026,3426
0.026,3425
0.026,3424
0.026,3423
0.026,3422
0.026,3421
0.026,3420
0.026,3419
0.026,3418
0.026,3417
0.026,3416
0.026,3415
0.026,3414
0.027,3413
0.027,3412
0.027,3411
0.027,3410
0.027,3409
0.027,3408
0.027,3407
0.027,3406
0.027,3405
0.027,3404
0.027,3403
0.027,3402
0.027,3401
0.027,3400
0.027,3399
0.027,3398
0.027,3397
0.027,3396
0.027,3395
0.027,3394
0.027,3393
0.027,3392
0.027,3391
0.027,3390
0.027,3389
0.027,3388
0.027,3387
0.028,3386
0.028,3385
0.028,3384
0.028,3383
0.028,3382
0.028,3381
0.028,3380
0.028,3379
0.028,3378
0.028,3377
0.028,3376
0.028,3375
0.028,3374
0.028,3373
0.028,3372
0.028,3371
0.028,3370
0.028,3369
0.028,3368
0.028,3367
0.028,3366
0.028,3365
0.028,3364
0.028,3363
0.028,3362
0.028,3361
0.029,3360
0.029,3359
0.029,3358
0.029,3357
0.029,3356
0.029,3355
0.029,3354
0.029,3353
0.029,3352
0.029,3351
0.029,3350
0.029,3349
0.029,3348
0.029,3347
0.029,3346
0.029,3345
0.029,3344
0.029,3343
0.029,3342
0.03,3341
0.03,3340
0.03,3339
0.03,3338
0.03,3337
0.03,3336
0.03,3335
0.03,3334
0.03,3333
0.03,3332
0.03,3331
0.033,3330
0.033,3329
0.033,3328
0.033,3327
0.033,3326
0.033,3325
0.033,3324
0.034,3323
0.034,3322
0.034,3321
0.034,3320
0.034,3319
0.034,3318
0.034,3317
0.034,3316
0.034,3315
0.034,3314
0.034,3313
0.034,3312
0.034,3311
0.034,3310
0.034,3309
0.034,3308
0.034,3307
0.034,3306
0.034,3305
0.034,3304
0.034,3303
0.034,3302
0.035,3301
0.035,3300
0.035,3299
0.035,3298
0.035,3297
0.035,3296
0.035,3295
0.035,3294
0.035,3293
0.035,3292
0.035,3291
0.035,3290
0.035,3289
0.035,3288
0.035,3287
0.035,3286
0.035,3285
0.035,3284
0.035,3283
0.035,3282
0.035,3281
0.035,3280
0.035,3279
0.035,3278
0.036,3277
0.036,3276
0.036,3275
0.036,3274
0.036,3273
0.036,3272
0.036,3271
0.036,3270
0.036,3269
0.036,3268
0.036,3267
0.036,3266
0.036,3265
0.036,3264
0.036,3263
0.036,3262
0.036,3261
0.036,3260
0.036,3259
0.036,3258
0.036,3257
0.036,3256
0.036,3255
0.036,3254
0.036,3253
0.036,3252
0.036,3251
0.036,3250
0.036,3249
0.036,3248
0.036,3247
0.037,3246
0.037,3245
0.037,3244
0.037,3243
0.037,3242
0.037,3241
0.037,3240
0.037,3239
0.037,3238
0.037,3237
0.037,3236
0.037,3235
0.037,3234
0.037,3233
0.037,3232
0.037,3231
0.037,3230
0.037,3229
0.037,3228
0.037,3227
0.037,3226
0.037,3225
0.037,3224
0.037,3223
0.037,3222
0.037,3221
0.038,3220
0.038,3219
0.038,3218
0.038,3217
0.038,3216
0.038,3215
0.038,3214
0.038,3213
0.038,3212
0.038,3211
0.038,3210
0.038,3209
0.038,3208
0.038,3207
0.038,3206
0.038,3205
0.038,3204
0.038,3203
0.038,3202
0.038,3201
0.038,3200
0.038,3199
0.038,3198
0.039,3197
0.039,3196
0.039,3195
0.039,3194
0.039,3193
0.039,3192
0.039,3191
0.039,3190
0.039,3189
0.039,3188
0.039,3187
0.039,3186
0.039,3185
0.039,3184
0.039,3183
0.039,3182
0.039,3181
0.039,3180
0.039,3179
0.039,3178
0.039,3177
0.039,3176
0.039,3175
0.039,3174
0.039,3173
0.039,3172
0.039,3171
0.04,3170
0.04,3169
0.04,3168
0.04,3167
0.04,3166
0.04,3165
0.04,3164
0.04,3163
0.04,3162
0.04,3161
0.04,3160
0.04,3159
0.04,3158
0.04,3157
0.04,3156
0.04,3155
0.04,3154
0.04,3153
0.04,3152
0.04,3151
0.04,3150
0.04,3149
0.04,3148
0.04,3147
0.04,3146
0.04,3145
0.04,3144
0.04,3143
0.04,3142
0.041,3141
0.041,3140
0.041,3139
0.041,3138
0.041,3137
0.041,3136
0.041,3135
0.041,3134
0.041,3133
0.041,3132
0.041,3131
0.041,3130
0.041,3129
0.041,3128
0.041,3127
0.041,3126
0.041,3125
0.041,3124
0.041,3123
0.041,3122
0.042,3121
0.042,3120
0.042,3119
0.042,3118
0.042,3117
0.042,3116
0.042,3115
0.042,3114
0.042,3113
0.042,3112
0.042,3111
0.042,3110
0.042,3109
0.042,3108
0.042,3107
0.042,3106
0.042,3105
0.042,3104
0.042,3103
0.042,3102
0.043,3101
0.043,3100
0.043,3099
0.043,3098
0.043,3097
0.043,3096
0.043,3095
0.043,3094
0.043,3093
0.043,3092
0.043,3091
0.043,3090
0.043,3089
0.043,3088
0.043,3087
0.043,3086
0.043,3085
0.043,3084
0.043,3083
0.043,3082
0.043,3081
0.043,3080
0.043,3079
0.044,3078
0.044,3077
0.044,3076
0.044,3075
0.044,3074
0.044,3073
0.044,3072
0.044,3071
0.044,3070
0.044,3069
0.044,3068
0.044,3067
0.044,3066
0.044,3065
0.044,3064
0.044,3063
0.044,3062
0.044,3061
0.044,3060
0.044,3059
0.044,3058
0.044,3057
0.044,3056
0.045,3055
0.045,3054
0.045,3053
0.045,3052
0.045,3051
0.045,3050
0.045,3049
0.045,3048
0.045,3047
0.045,3046
0.045,3045
0.045,3044
0.045,3043
0.045,3042
0.045,3041
0.045,3040
0.045,3039
0.045,3038
0.045,3037
0.045,3036
0.045,3035
0.045,3034
0.045,3033
0.046,3032
0.046,3031
0.046,3030
0.046,3029
0.046,3028
0.046,3027
0.046,3026
0.046,3025
0.046,3024
0.046,3023
0.046,3022
0.046,3021
0.046,3020
0.046,3019
0.046,3018
0.046,3017
0.046,3016
0.046,3015
0.046,3014
0.046,3013
0.046,3012
0.046,3011
0.046,3010
0.047,3009
0.047,3008
0.047,3007
0.047,3006
0.047,3005
0.047,3004
0.047,3003
0.047,3002
0.047,3001
0.047,3000
0.047,2999
0.047,2998
0.047,2997
0.047,2996
0.047,2995
0.047,2994
0.048,2993
0.048,2992
0.048,2991
0.048,2990
0.048,2989
0.048,2988
0.048,2987
0.048,2986
0.048,2985
0.048,2984
0.048,2983
0.048,2982
0.048,2981
0.048,2980
0.048,2979
0.048,2978
0.048,2977
0.048,2976
0.048,2975
0.048,2974
0.048,2973
0.048,2972
0.048,2971
0.048,2970
0.048,2969
0.048,2968
0.048,2967
0.048,2966
0.048,2965
0.049,2964
0.049,2963
0.049,2962
0.049,2961
0.049,2960
0.049,2959
0.05,2958
0.05,2957
0.05,2956
0.05,2955
0.05,2954
0.05,2953
0.05,2952
0.05,2951
0.05,2950
0.05,2949
0.05,2948
0.051,2947
0.051,2946
0.051,2945
0.051,2944
0.051,2943
0.051,2942
0.051,2941
0.051,2940
0.051,2939
0.051,2938
0.051,2937
0.051,2936
0.051,2935
0.051,2934
0.051,2933
0.051,2932
0.051,2931
0.052,2930
0.052,2929
0.052,2928
0.052,2927
0.052,2926
0.052,2925
0.052,2924
0.052,2923
0.052,2922
0.052,2921
0.052,2920
0.052,2919
0.053,2918
0.053,2917
0.053,2916
0.053,2915
0.053,2914
0.053,2913
0.053,2912
0.053,2911
0.053,2910
0.054,2909
0.054,2908
0.054,2907
0.054,2906
0.054,2905
0.054,2904
0.054,2903
0.054,2902
0.054,2901
0.054,2900
0.054,2899
0.054,2898
0.054,2897
0.054,2896
0.055,2895
0.055,2894
0.055,2893
0.055,2892
0.055,2891
0.055,2890
0.055,2889
0.055,2888
0.055,2887
0.055,2886
0.055,2885
0.055,2884
0.055,2883
0.055,2882
0.055,2881
0.055,2880
0.055,2879
0.055,2878
0.055,2877
0.055,2876
0.055,2875
0.056,2874
0.056,2873
0.056,2872
0.056,2871
0.056,2870
0.056,2869
0.056,2868
0.056,2867
0.056,2866
0.056,2865
0.056,2864
0.056,2863
0.056,2862
0.056,2861
0.056,2860
0.056,2859
0.056,2858
0.056,2857
0.056,2856
0.056,2855
0.056,2854
0.056,2853
0.056,2852
0.057,2851
0.057,2850
0.057,2849
0.057,2848
0.057,2847
0.057,2846
0.057,2845
0.057,2844
0.057,2843
0.057,2842
0.057,2841
0.057,2840
0.057,2839
0.057,2838
0.057,2837
0.057,2836
0.057,2835
0.057,2834
0.057,2833
0.058,2832
0.058,2831
0.058,2830
0.058,2829
0.058,2828
0.058,2827
0.058,2826
0.058,2825
0.058,2824
0.058,2823
0.058,2822
0.058,2821
0.058,2820
0.058,2819
0.058,2818
0.058,2817
0.058,2816
0.058,2815
0.059,2814
0.059,2813
0.059,2812
0.059,2811
0.059,2810
0.059,2809
0.059,2808
0.059,2807
0.059,2806
0.059,2805
0.059,2804
0.059,2803
0.059,2802
0.059,2801
0.059,2800
0.059,2799
0.059,2798
0.059,2797
0.059,2796
0.059,2795
0.059,2794
0.059,2793
0.059,2792
0.059,2791
0.059,2790
0.06,2789
0.06,2788
0.06,2787
0.06,2786
0.06,2785
0.06,2784
0.06,2783
0.06,2782
0.06,2781
0.06,2780
0.06,2779
0.06,2778
0.06,2777
0.06,2776
0.06,2775
0.061,2774
0.061,2773
0.061,2772
0.061,2771
0.061,2770
0.061,2769
0.061,2768
0.061,2767
0.061,2766
0.061,2765
0.061,2764
0.061,2763
0.061,2762
0.061,2761
0.061,2760
0.062,2759
0.062,2758
0.062,2757
0.062,2756
0.062,2755
0.062,2754
0.062,2753
0.062,2752
0.062,2751
0.062,2750
0.062,2749
0.062,2748
0.062,2747
0.062,2746
0.062,2745
0.063,2744
0.063,2743
0.063,2742
0.063,2741
0.063,2740
0.063,2739
0.063,2738
0.063,2737
0.063,2736
0.063,2735
0.063,2734
0.063,2733
0.063,2732
0.063,2731
0.063,2730
0.063,2729
0.063,2728
0.063,2727
0.064,2726
0.064,2725
0.064,2724
0.064,2723
0.064,2722
0.064,2721
0.064,2720
0.064,2719
0.064,2718
0.064,2717
0.064,2716
0.064,2715
0.064,2714
0.064,2713
0.064,2712
0.064,2711
0.064,2710
0.065,2709
0.065,2708
0.065,2707
0.065,2706
0.065,2705
0.065,2704
0.065,2703
0.065,2702
0.065,2701
0.065,2700
0.065,2699
0.065,2698
0.065,2697
0.065,2696
0.066,2695
0.066,2694
0.066,2693
0.066,2692
0.067,2691
0.067,2690
0.067,2689
0.067,2688
0.067,2687
0.067,2686
0.067,2685
0.067,2684
0.067,2683
0.067,2682
0.067,2681
0.068,2680
0.068,2679
0.068,2678
0.068,2677
0.068,2676
0.068,2675
0.068,2674
0.068,2673
0.068,2672
0.069,2671
0.069,2670
0.069,2669
0.069,2668
0.069,2667
0.069,2666
0.069,2665
0.069,2664
0.069,2663
0.069,2662
0.069,2661
0.069,2660
0.07,2659
0.07,2658
0.07,2657
0.07,2656
0.07,2655
0.07,2654
0.07,2653
0.07,2652
0.07,2651
0.07,2650
0.07,2649
0.07,2648
0.07,2647
0.071,2646
0.071,2645
0.071,2644
0.071,2643
0.071,2642
0.071,2641
0.072,2640
0.072,2639
0.072,2638
0.072,2637
0.072,2636
0.073,2635
0.073,2634
0.073,2633
0.073,2632
0.073,2631
0.073,2630
0.073,2629
0.073,2628
0.073,2627
0.073,2626
0.073,2625
0.073,2624
0.073,2623
0.073,2622
0.074,2621
0.074,2620
0.074,2619
0.074,2618
0.074,2617
0.074,2616
0.074,2615
0.074,2614
0.074,2613
0.074,2612
0.074,2611
0.074,2610
0.074,2609
0.074,2608
0.074,2607
0.075,2606
0.075,2605
0.075,2604
0.075,2603
0.075,2602
0.075,2601
0.075,2600
0.075,2599
0.075,2598
0.076,2597
0.076,2596
0.076,2595
0.076,2594
0.076,2593
0.076,2592
0.076,2591
0.076,2590
0.076,2589
0.077,2588
0.077,2587
0.077,2586
0.077,2585
0.077,2584
0.077,2583
0.077,2582
0.077,2581
0.077,2580
0.078,2579
0.078,2578
0.078,2577
0.078,2576
0.078,2575
0.078,2574
0.078,2573
0.079,2572
0.079,2571
0.079,2570
0.079,2569
0.079,2568
0.079,2567
0.079,2566
0.08,2565
0.08,2564
0.08,2563
0.08,2562
0.08,2561
0.08,2560
0.08,2559
0.081,2558
0.081,2557
0.081,2556
0.081,2555
0.081,2554
0.081,2553
0.081,2552
0.081,2551
0.081,2550
0.081,2549
0.081,2548
0.082,2547
0.082,2546
0.082,2545
0.082,2544
0.082,2543
0.082,2542
0.082,2541
0.082,2540
0.082,2539
0.083,2538
0.083,2537
0.083,2536
0.083,2535
0.083,2534
0.083,2533
0.084,2532
0.084,2531
0.085,2530
0.085,2529
0.085,2528
0.085,2527
0.085,2526
0.085,2525
0.085,2524
0.085,2523
0.085,2522
0.085,2521
0.085,2520
0.086,2519
0.086,2518
0.086,2517
0.086,2516
0.086,2515
0.086,2514
0.087,2513
0.087,2512
0.087,2511
0.087,2510
0.087,2509
0.087,2508
0.087,2507
0.087,2506
0.088,2505
0.088,2504
0.088,2503
0.088,2502
0.088,2501
0.088,2500
0.088,2499
0.088,2498
0.088,2497
0.088,2496
0.088,2495
0.089,2494
0.089,2493
0.089,2492
0.089,2491
0.09,2490
0.09,2489
0.09,2488
0.09,2487
0.09,2486
0.09,2485
0.091,2484
0.091,2483
0.091,2482
0.092,2481
0.092,2480
0.092,2479
0.092,2478
0.092,2477
0.092,2476
0.093,2475
0.093,2474
0.094,2473
0.094,2472
0.097,2471
0.097,2470
0.098,2469
0.098,2468
0.098,2467
0.098,2466
0.098,2465
0.098,2464
0.099,2463
0.099,2462
0.099,2461
0.099,2460
0.1,2459
0.1,2458
0.1,2457
0.1,2456
0.101,2455
0.101,2454
0.103,2453
0.103,2452
0.103,2451
0.103,2450
0.104,2449
0.104,2448
0.104,2447
0.104,2446
0.104,2445
0.104,2444
0.105,2443
0.105,2442
0.105,2441
0.105,2440
0.105,2439
0.105,2438
0.105,2437
0.106,2436
0.106,2435
0.107,2434
0.108,2433
0.108,2432
0.108,2431
0.108,2430
0.108,2429
0.108,2428
0.109,2427
0.109,2426
0.109,2425
0.109,2424
0.11,2423
0.11,2422
0.111,2421
0.111,2420
0.112,2419
0.112,2418
0.112,2417
0.113,2416
0.113,2415
0.113,2414
0.115,2413
0.115,2412
0.117,2411
0.117,2410
0.118,2409
0.118,2408
0.118,2407
0.118,2406
0.12,2405
0.121,2404
0.121,2403
0.121,2402
0.122,2401
0.126,2400
0.127,2399
0.127,2398
0.129,2397
0.13,2396
0.13,2395
0.13,2394
0.132,2393
0.136,2392
0.138,2391
0.139,2390
0.139,2389
0.158,2388
0.162,2387
