0.001,3713
0.002,3712
0.003,3711
0.004,3710
0.004,3709
0.004,3708
0.005,3707
0.005,3706
0.005,3705
0.005,3704
0.006,3703
0.006,3702
0.006,3701
0.007,3700
0.007,3699
0.007,3698
0.007,3697
0.007,3696
0.008,3695
0.008,3694
0.008,3693
0.008,3692
0.008,3691
0.008,3690
0.008,3689
0.008,3688
0.008,3687
0.009,3686
0.009,3685
0.009,3684
0.009,3683
0.009,3682
0.009,3681
0.01,3680
0.01,3679
0.01,3678
0.01,3677
0.011,3676
0.011,3675
0.011,3674
0.011,3673
0.011,3672
0.012,3671
0.012,3670
0.012,3669
0.012,3668
0.012,3667
0.012,3666
0.012,3665
0.012,3664
0.013,3663
0.013,3662
0.013,3661
0.013,3660
0.013,3659
0.013,3658
0.013,3657
0.013,3656
0.013,3655
0.013,3654
0.013,3653
0.013,3652
0.013,3651
0.013,3650
0.013,3649
0.014,3648
0.014,3647
0.014,3646
0.014,3645
0.014,3644
0.014,3643
0.014,3642
0.014,3641
0.014,3640
0.014,3639
0.014,3638
0.014,3637
0.014,3636
0.014,3635
0.014,3634
0.014,3633
0.014,3632
0.014,3631
0.014,3630
0.014,3629
0.014,3628
0.014,3627
0.014,3626
0.014,3625
0.014,3624
0.014,3623
0.014,3622
0.014,3621
0.014,3620
0.014,3619
0.014,3618
0.014,3617
0.014,3616
0.015,3615
0.015,3614
0.015,3613
0.015,3612
0.015,3611
0.015,3610
0.015,3609
0.015,3608
0.015,3607
0.015,3606
0.015,3605
0.015,3604
0.015,3603
0.015,3602
0.015,3601
0.015,3600
0.015,3599
0.015,3598
0.015,3597
0.015,3596
0.015,3595
0.015,3594
0.015,3593
0.015,3592
0.015,3591
0.015,3590
0.015,3589
0.015,3588
0.015,3587
0.015,3586
0.016,3585
0.016,3584
0.016,3583
0.016,3582
0.016,3581
0.016,3580
0.016,3579
0.016,3578
0.016,3577
0.016,3576
0.016,3575
0.016,3574
0.016,3573
0.016,3572
0.016,3571
0.016,3570
0.016,3569
0.016,3568
0.016,3567
0.016,3566
0.016,3565
0.016,3564
0.016,3563
0.016,3562
0.018,3561
0.018,3560
0.018,3559
0.018,3558
0.018,3557
0.018,3556
0.018,3555
0.018,3554
0.019,3553
0.019,3552
0.019,3551
0.019,3550
0.019,3549
0.019,3548
0.019,3547
0.019,3546
0.019,3545
0.019,3544
0.019,3543
0.019,3542
0.019,3541
0.019,3540
0.019,3539
0.019,3538
0.019,3537
0.019,3536
0.019,3535
0.019,3534
0.019,3533
0.019,3532
0.019,3531
0.019,3530
0.019,3529
0.019,3528
0.019,3527
0.019,3526
0.019,3525
0.02,3524
0.02,3523
0.02,3522
0.02,3521
0.02,3520
0.02,3519
0.02,3518
0.02,3517
0.02,3516
0.02,3515
0.02,3514
0.02,3513
0.02,3512
0.02,3511
0.02,3510
0.02,3509
0.02,3508
0.02,3507
0.02,3506
0.02,3505
0.02,3504
0.02,3503
0.02,3502
0.02,3501
0.02,3500
0.02,3499
0.021,3498
0.021,3497
0.021,3496
0.021,3495
0.021,3494
0.021,3493
0.021,3492
0.021,3491
0.021,3490
0.021,3489
0.021,3488
0.021,3487
0.021,3486
0.021,3485
0.021,3484
0.021,3483
0.021,3482
0.021,3481
0.021,3480
0.021,3479
0.021,3478
0.021,3477
0.021,3476
0.021,3475
0.021,3474
0.021,3473
0.021,3472
0.021,3471
0.021,3470
0.021,3469
0.022,3468
0.022,3467
0.022,3466
0.022,3465
0.022,3464
0.022,3463
0.022,3462
0.022,3461
0.022,3460
0.023,3459
0.025,3458
0.025,3457
0.025,3456
0.026,3455
0.026,3454
0.026,3453
0.026,3452
0.026,3451
0.026,3450
0.026,3449
0.026,3448
0.026,3447
0.026,3446
0.026,3445
0.026,3444
0.026,3443
0.026,3442
0.026,3441
0.026,3440
0.026,3439
0.026,3438
0.026,3437
0.026,3436
0.026,3435
0.026,3434
0.026,3433
0.026,3432
0.026,3431
0.026,3430
0.026,3429
0.026,3428
0.026,3427
0.027,3426
0.027,3425
0.027,3424
0.027,3423
0.027,3422
0.027,3421
0.027,3420
0.027,3419
0.027,3418
0.027,3417
0.027,3416
0.027,3415
0.027,3414
0.027,3413
0.027,3412
0.027,3411
0.027,3410
0.027,3409
0.027,3408
0.027,3407
0.027,3406
0.027,3405
0.027,3404
0.027,3403
0.027,3402
0.027,3401
0.027,3400
0.027,3399
0.027,3398
0.027,3397
0.027,3396
0.027,3395
0.028,3394
0.028,3393
0.028,3392
0.028,3391
0.028,3390
0.028,3389
0.028,3388
0.028,3387
0.028,3386
0.028,3385
0.028,3384
0.028,3383
0.028,3382
0.028,3381
0.028,3380
0.028,3379
0.028,3378
0.028,3377
0.028,3376
0.028,3375
0.028,3374
0.028,3373
0.028,3372
0.028,3371
0.028,3370
0.028,3369
0.028,3368
0.028,3367
0.028,3366
0.028,3365
0.028,3364
0.028,3363
0.028,3362
0.028,3361
0.028,3360
0.028,3359
0.028,3358
0.028,3357
0.028,3356
0.029,3355
0.029,3354
0.029,3353
0.029,3352
0.029,3351
0.029,3350
0.029,3349
0.029,3348
0.029,3347
0.029,3346
0.029,3345
0.029,3344
0.029,3343
0.029,3342
0.029,3341
0.029,3340
0.029,3339
0.029,3338
0.029,3337
0.029,3336
0.029,3335
0.029,3334
0.029,3333
0.029,3332
0.029,3331
0.029,3330
0.029,3329
0.029,3328
0.029,3327
0.029,3326
0.03,3325
0.03,3324
0.03,3323
0.03,3322
0.03,3321
0.03,3320
0.03,3319
0.03,3318
0.03,3317
0.03,3316
0.03,3315
0.03,3314
0.03,3313
0.03,3312
0.03,3311
0.03,3310
0.03,3309
0.03,3308
0.03,3307
0.03,3306
0.03,3305
0.03,3304
0.03,3303
0.03,3302
0.03,3301
0.03,3300
0.03,3299
0.03,3298
0.03,3297
0.03,3296
0.031,3295
0.031,3294
0.031,3293
0.031,3292
0.031,3291
0.031,3290
0.031,3289
0.031,3288
0.031,3287
0.031,3286
0.031,3285
0.031,3284
0.031,3283
0.031,3282
0.031,3281
0.031,3280
0.031,3279
0.031,3278
0.031,3277
0.031,3276
0.031,3275
0.031,3274
0.031,3273
0.031,3272
0.031,3271
0.031,3270
0.031,3269
0.031,3268
0.031,3267
0.032,3266
0.032,3265
0.032,3264
0.032,3263
0.032,3262
0.032,3261
0.032,3260
0.032,3259
0.032,3258
0.032,3257
0.032,3256
0.032,3255
0.032,3254
0.032,3253
0.032,3252
0.032,3251
0.032,3250
0.032,3249
0.032,3248
0.032,3247
0.032,3246
0.032,3245
0.032,3244
0.032,3243
0.032,3242
0.032,3241
0.032,3240
0.032,3239
0.033,3238
0.033,3237
0.033,3236
0.033,3235
0.033,3234
0.033,3233
0.033,3232
0.033,3231
0.033,3230
0.033,3229
0.033,3228
0.033,3227
0.033,3226
0.033,3225
0.033,3224
0.033,3223
0.033,3222
0.033,3221
0.033,3220
0.033,3219
0.033,3218
0.033,3217
0.033,3216
0.033,3215
0.033,3214
0.033,3213
0.034,3212
0.034,3211
0.034,3210
0.034,3209
0.034,3208
0.034,3207
0.034,3206
0.034,3205
0.034,3204
0.034,3203
0.034,3202
0.034,3201
0.034,3200
0.034,3199
0.034,3198
0.034,3197
0.034,3196
0.034,3195
0.034,3194
0.034,3193
0.034,3192
0.035,3191
0.035,3190
0.035,3189
0.035,3188
0.035,3187
0.035,3186
0.035,3185
0.035,3184
0.035,3183
0.035,3182
0.035,3181
0.035,3180
0.035,3179
0.035,3178
0.035,3177
0.035,3176
0.035,3175
0.035,3174
0.036,3173
0.036,3172
0.036,3171
0.036,3170
0.036,3169
0.036,3168
0.036,3167
0.036,3166
0.036,3165
0.036,3164
0.036,3163
0.036,3162
0.036,3161
0.036,3160
0.036,3159
0.036,3158
0.036,3157
0.036,3156
0.036,3155
0.036,3154
0.037,3153
0.037,3152
0.037,3151
0.037,3150
0.037,3149
0.037,3148
0.037,3147
0.037,3146
0.037,3145
0.037,3144
0.037,3143
0.037,3142
0.037,3141
0.037,3140
0.037,3139
0.037,3138
0.037,3137
0.037,3136
0.037,3135
0.037,3134
0.037,3133
0.037,3132
0.038,3131
0.038,3130
0.038,3129
0.038,3128
0.038,3127
0.038,3126
0.038,3125
0.038,3124
0.038,3123
0.038,3122
0.038,3121
0.038,3120
0.038,3119
0.038,3118
0.038,3117
0.038,3116
0.038,3115
0.038,3114
0.038,3113
0.038,3112
0.038,3111
0.038,3110
0.038,3109
0.039,3108
0.039,3107
0.039,3106
0.039,3105
0.039,3104
0.039,3103
0.039,3102
0.039,3101
0.039,3100
0.039,3099
0.039,3098
0.039,3097
0.039,3096
0.039,3095
0.039,3094
0.039,3093
0.039,3092
0.039,3091
0.04,3090
0.04,3089
0.04,3088
0.04,3087
0.04,3086
0.04,3085
0.04,3084
0.04,3083
0.04,3082
0.04,3081
0.04,3080
0.04,3079
0.04,3078
0.04,3077
0.04,3076
0.04,3075
0.04,3074
0.04,3073
0.04,3072
0.04,3071
0.04,3070
0.04,3069
0.04,3068
0.04,3067
0.04,3066
0.041,3065
0.041,3064
0.041,3063
0.041,3062
0.041,3061
0.041,3060
0.041,3059
0.041,3058
0.041,3057
0.041,3056
0.041,3055
0.041,3054
0.041,3053
0.041,3052
0.041,3051
0.041,3050
0.041,3049
0.041,3048
0.041,3047
0.041,3046
0.041,3045
0.041,3044
0.041,3043
0.041,3042
0.041,3041
0.041,3040
0.041,3039
0.041,3038
0.041,3037
0.042,3036
0.042,3035
0.042,3034
0.042,3033
0.042,3032
0.042,3031
0.042,3030
0.042,3029
0.042,3028
0.042,3027
0.042,3026
0.042,3025
0.042,3024
0.042,3023
0.042,3022
0.042,3021
0.042,3020
0.042,3019
0.042,3018
0.042,3017
0.042,3016
0.043,3015
0.043,3014
0.043,3013
0.043,3012
0.043,3011
0.043,3010
0.043,3009
0.043,3008
0.043,3007
0.043,3006
0.043,3005
0.043,3004
0.043,3003
0.043,3002
0.043,3001
0.043,3000
0.043,2999
0.043,2998
0.043,2997
0.043,2996
0.043,2995
0.043,2994
0.043,2993
0.043,2992
0.043,2991
0.043,2990
0.043,2989
0.044,2988
0.044,2987
0.044,2986
0.044,2985
0.044,2984
0.044,2983
0.044,2982
0.044,2981
0.044,2980
0.044,2979
0.044,2978
0.044,2977
0.044,2976
0.044,2975
0.044,2974
0.044,2973
0.044,2972
0.044,2971
0.044,2970
0.044,2969
0.044,2968
0.044,2967
0.044,2966
0.045,2965
0.045,2964
0.045,2963
0.045,2962
0.045,2961
0.045,2960
0.045,2959
0.045,2958
0.045,2957
0.045,2956
0.045,2955
0.045,2954
0.045,2953
0.045,2952
0.045,2951
0.045,2950
0.045,2949
0.045,2948
0.045,2947
0.045,2946
0.045,2945
0.045,2944
0.045,2943
0.046,2942
0.046,2941
0.046,2940
0.046,2939
0.046,2938
0.046,2937
0.046,2936
0.046,2935
0.046,2934
0.046,2933
0.046,2932
0.046,2931
0.046,2930
0.046,2929
0.046,2928
0.046,2927
0.046,2926
0.046,2925
0.046,2924
0.046,2923
0.046,2922
0.046,2921
0.046,2920
0.046,2919
0.047,2918
0.047,2917
0.047,2916
0.047,2915
0.047,2914
0.047,2913
0.047,2912
0.047,2911
0.047,2910
0.047,2909
0.047,2908
0.047,2907
0.048,2906
0.048,2905
0.048,2904
0.048,2903
0.048,2902
0.048,2901
0.048,2900
0.048,2899
0.048,2898
0.048,2897
0.048,2896
0.048,2895
0.048,2894
0.048,2893
0.048,2892
0.049,2891
0.049,2890
0.049,2889
0.049,2888
0.049,2887
0.049,2886
0.049,2885
0.049,2884
0.049,2883
0.049,2882
0.049,2881
0.049,2880
0.049,2879
0.049,2878
0.049,2877
0.049,2876
0.049,2875
0.049,2874
0.049,2873
0.049,2872
0.05,2871
0.05,2870
0.05,2869
0.05,2868
0.05,2867
0.05,2866
0.05,2865
0.05,2864
0.05,2863
0.05,2862
0.05,2861
0.05,2860
0.051,2859
0.051,2858
0.051,2857
0.051,2856
0.051,2855
0.051,2854
0.051,2853
0.051,2852
0.051,2851
0.051,2850
0.051,2849
0.051,2848
0.051,2847
0.052,2846
0.052,2845
0.052,2844
0.052,2843
0.052,2842
0.052,2841
0.052,2840
0.052,2839
0.052,2838
0.052,2837
0.052,2836
0.053,2835
0.053,2834
0.053,2833
0.053,2832
0.053,2831
0.053,2830
0.053,2829
0.053,2828
0.053,2827
0.053,2826
0.053,2825
0.054,2824
0.054,2823
0.054,2822
0.054,2821
0.054,2820
0.054,2819
0.054,2818
0.054,2817
0.054,2816
0.054,2815
0.054,2814
0.054,2813
0.054,2812
0.054,2811
0.055,2810
0.055,2809
0.055,2808
0.055,2807
0.055,2806
0.055,2805
0.055,2804
0.055,2803
0.055,2802
0.055,2801
0.056,2800
0.056,2799
0.056,2798
0.056,2797
0.056,2796
0.056,2795
0.056,2794
0.056,2793
0.056,2792
0.056,2791
0.056,2790
0.056,2789
0.057,2788
0.057,2787
0.057,2786
0.057,2785
0.057,2784
0.057,2783
0.057,2782
0.057,2781
0.057,2780
0.058,2779
0.058,2778
0.058,2777
0.058,2776
0.058,2775
0.058,2774
0.058,2773
0.058,2772
0.058,2771
0.058,2770
0.058,2769
0.058,2768
0.058,2767
0.058,2766
0.058,2765
0.058,2764
0.058,2763
0.059,2762
0.059,2761
0.059,2760
0.059,2759
0.059,2758
0.059,2757
0.059,2756
0.059,2755
0.059,2754
0.059,2753
0.059,2752
0.059,2751
0.059,2750
0.059,2749
0.059,2748
0.059,2747
0.059,2746
0.06,2745
0.06,2744
0.06,2743
0.06,2742
0.06,2741
0.06,2740
0.06,2739
0.06,2738
0.06,2737
0.06,2736
0.06,2735
0.06,2734
0.06,2733
0.06,2732
0.061,2731
0.061,2730
0.061,2729
0.061,2728
0.061,2727
0.061,2726
0.061,2725
0.061,2724
0.061,2723
0.062,2722
0.062,2721
0.062,2720
0.063,2719
0.063,2718
0.063,2717
0.063,2716
0.063,2715
0.063,2714
0.063,2713
0.063,2712
0.063,2711
0.063,2710
0.063,2709
0.063,2708
0.063,2707
0.063,2706
0.063,2705
0.063,2704
0.064,2703
0.064,2702
0.064,2701
0.064,2700
0.064,2699
0.064,2698
0.064,2697
0.064,2696
0.064,2695
0.064,2694
0.064,2693
0.064,2692
0.064,2691
0.064,2690
0.064,2689
0.064,2688
0.064,2687
0.064,2686
0.064,2685
0.065,2684
0.065,2683
0.065,2682
0.065,2681
0.065,2680
0.065,2679
0.065,2678
0.065,2677
0.065,2676
0.065,2675
0.065,2674
0.065,2673
0.065,2672
0.065,2671
0.066,2670
0.066,2669
0.066,2668
0.066,2667
0.066,2666
0.066,2665
0.066,2664
0.066,2663
0.066,2662
0.067,2661
0.067,2660
0.067,2659
0.067,2658
0.067,2657
0.067,2656
0.067,2655
0.067,2654
0.067,2653
0.067,2652
0.067,2651
0.067,2650
0.067,2649
0.067,2648
0.067,2647
0.068,2646
0.068,2645
0.068,2644
0.068,2643
0.068,2642
0.068,2641
0.068,2640
0.068,2639
0.069,2638
0.069,2637
0.069,2636
0.069,2635
0.069,2634
0.069,2633
0.069,2632
0.069,2631
0.069,2630
0.069,2629
0.069,2628
0.07,2627
0.07,2626
0.07,2625
0.07,2624
0.07,2623
0.071,2622
0.071,2621
0.071,2620
0.071,2619
0.071,2618
0.071,2617
0.071,2616
0.071,2615
0.071,2614
0.071,2613
0.072,2612
0.072,2611
0.072,2610
0.072,2609
0.072,2608
0.072,2607
0.072,2606
0.072,2605
0.072,2604
0.072,2603
0.072,2602
0.072,2601
0.072,2600
0.072,2599
0.073,2598
0.073,2597
0.073,2596
0.073,2595
0.073,2594
0.073,2593
0.073,2592
0.073,2591
0.073,2590
0.073,2589
0.073,2588
0.074,2587
0.074,2586
0.074,2585
0.074,2584
0.074,2583
0.074,2582
0.074,2581
0.074,2580
0.074,2579
0.074,2578
0.074,2577
0.074,2576
0.074,2575
0.075,2574
0.075,2573
0.075,2572
0.075,2571
0.075,2570
0.075,2569
0.075,2568
0.075,2567
0.075,2566
0.075,2565
0.075,2564
0.075,2563
0.075,2562
0.075,2561
0.076,2560
0.076,2559
0.076,2558
0.076,2557
0.076,2556
0.076,2555
0.076,2554
0.076,2553
0.076,2552
0.076,2551
0.076,2550
0.077,2549
0.077,2548
0.078,2547
0.078,2546
0.078,2545
0.078,2544
0.078,2543
0.079,2542
0.079,2541
0.079,2540
0.079,2539
0.079,2538
0.08,2537
0.08,2536
0.08,2535
0.08,2534
0.08,2533
0.08,2532
0.08,2531
0.08,2530
0.08,2529
0.08,2528
0.081,2527
0.081,2526
0.081,2525
0.081,2524
0.082,2523
0.082,2522
0.082,2521
0.082,2520
0.082,2519
0.083,2518
0.083,2517
0.083,2516
0.083,2515
0.083,2514
0.084,2513
0.085,2512
0.085,2511
0.085,2510
0.085,2509
0.086,2508
0.086,2507
0.087,2506
0.087,2505
0.087,2504
0.087,2503
0.087,2502
0.088,2501
0.088,2500
0.088,2499
0.088,2498
0.089,2497
0.089,2496
0.089,2495
0.089,2494
0.089,2493
0.089,2492
0.091,2491
0.092,2490
0.092,2489
0.092,2488
0.093,2487
0.093,2486
0.093,2485
0.093,2484
0.093,2483
0.093,2482
0.093,2481
0.093,2480
0.093,2479
0.093,2478
0.093,2477
0.094,2476
0.094,2475
0.094,2474
0.094,2473
0.094,2472
0.094,2471
0.094,2470
0.094,2469
0.094,2468
0.094,2467
0.095,2466
0.095,2465
0.095,2464
0.095,2463
0.095,2462
0.095,2461
0.096,2460
0.096,2459
0.096,2458
0.096,2457
0.096,2456
0.096,2455
0.097,2454
0.097,2453
0.097,2452
0.097,2451
0.097,2450
0.098,2449
0.098,2448
0.098,2447
0.098,2446
0.098,2445
0.099,2444
0.099,2443
0.099,2442
0.099,2441
0.099,2440
0.099,2439
0.099,2438
0.1,2437
0.1,2436
0.1,2435
0.1,2434
0.101,2433
0.102,2432
0.102,2431
0.102,2430
0.102,2429
0.103,2428
0.103,2427
0.103,2426
0.103,2425
0.104,2424
0.104,2423
0.104,2422
0.104,2421
0.105,2420
0.106,2419
0.106,2418
0.106,2417
0.106,2416
0.107,2415
0.107,2414
0.107,2413
0.108,2412
0.108,2411
0.108,2410
0.108,2409
0.108,2408
0.108,2407
0.109,2406
0.109,2405
0.109,2404
0.11,2403
0.11,2402
0.111,2401
0.111,2400
0.111,2399
0.112,2398
0.112,2397
0.113,2396
0.114,2395
0.116,2394
0.116,2393
0.116,2392
0.117,2391
0.117,2390
0.117,2389
0.117,2388
0.117,2387
0.118,2386
0.118,2385
0.122,2384
0.127,2383
0.129,2382
0.13,2381
0.132,2380
0.133,2379
0.133,2378
0.138,2377
0.147,2376
