0.001,3713
0.002,3712
0.003,3711
0.003,3710
0.003,3709
0.004,3708
0.004,3707
0.004,3706
0.005,3705
0.005,3704
0.005,3703
0.005,3702
0.005,3701
0.005,3700
0.006,3699
0.006,3698
0.006,3697
0.006,3696
0.007,3695
0.007,3694
0.007,3693
0.007,3692
0.007,3691
0.007,3690
0.007,3689
0.007,3688
0.008,3687
0.008,3686
0.008,3685
0.008,3684
0.008,3683
0.008,3682
0.008,3681
0.009,3680
0.009,3679
0.009,3678
0.009,3677
0.009,3676
0.009,3675
0.009,3674
0.009,3673
0.009,3672
0.009,3671
0.009,3670
0.01,3669
0.01,3668
0.01,3667
0.01,3666
0.01,3665
0.01,3664
0.01,3663
0.01,3662
0.01,3661
0.01,3660
0.01,3659
0.011,3658
0.011,3657
0.011,3656
0.011,3655
0.011,3654
0.011,3653
0.011,3652
0.011,3651
0.012,3650
0.012,3649
0.012,3648
0.012,3647
0.012,3646
0.012,3645
0.012,3644
0.012,3643
0.012,3642
0.012,3641
0.012,3640
0.012,3639
0.012,3638
0.012,3637
0.012,3636
0.012,3635
0.012,3634
0.012,3633
0.012,3632
0.013,3631
0.013,3630
0.013,3629
0.013,3628
0.013,3627
0.013,3626
0.013,3625
0.013,3624
0.013,3623
0.013,3622
0.013,3621
0.015,3620
0.015,3619
0.015,3618
0.015,3617
0.015,3616
0.015,3615
0.015,3614
0.015,3613
0.015,3612
0.015,3611
0.015,3610
0.015,3609
0.016,3608
0.016,3607
0.016,3606
0.016,3605
0.016,3604
0.016,3603
0.016,3602
0.016,3601
0.016,3600
0.016,3599
0.016,3598
0.016,3597
0.016,3596
0.016,3595
0.016,3594
0.016,3593
0.016,3592
0.016,3591
0.016,3590
0.016,3589
0.016,3588
0.016,3587
0.016,3586
0.016,3585
0.016,3584
0.017,3583
0.017,3582
0.017,3581
0.017,3580
0.017,3579
0.017,3578
0.017,3577
0.017,3576
0.017,3575
0.017,3574
0.017,3573
0.017,3572
0.017,3571
0.017,3570
0.017,3569
0.017,3568
0.017,3567
0.017,3566
0.017,3565
0.017,3564
0.017,3563
0.017,3562
0.017,3561
0.017,3560
0.017,3559
0.017,3558
0.017,3557
0.017,3556
0.017,3555
0.017,3554
0.017,3553
0.017,3552
0.017,3551
0.017,3550
0.017,3549
0.018,3548
0.018,3547
0.018,3546
0.018,3545
0.018,3544
0.018,3543
0.018,3542
0.018,3541
0.018,3540
0.018,3539
0.018,3538
0.018,3537
0.018,3536
0.018,3535
0.018,3534
0.018,3533
0.018,3532
0.018,3531
0.018,3530
0.018,3529
0.018,3528
0.018,3527
0.018,3526
0.018,3525
0.018,3524
0.018,3523
0.018,3522
0.019,3521
0.019,3520
0.019,3519
0.019,3518
0.019,3517
0.019,3516
0.019,3515
0.019,3514
0.019,3513
0.019,3512
0.019,3511
0.019,3510
0.019,3509
0.019,3508
0.019,3507
0.019,3506
0.019,3505
0.019,3504
0.019,3503
0.019,3502
0.019,3501
0.019,3500
0.019,3499
0.019,3498
0.019,3497
0.019,3496
0.019,3495
0.019,3494
0.019,3493
0.019,3492
0.019,3491
0.019,3490
0.02,3489
0.02,3488
0.02,3487
0.02,3486
0.02,3485
0.02,3484
0.02,3483
0.02,3482
0.02,3481
0.02,3480
0.02,3479
0.02,3478
0.02,3477
0.02,3476
0.02,3475
0.02,3474
0.02,3473
0.02,3472
0.02,3471
0.02,3470
0.02,3469
0.02,3468
0.02,3467
0.02,3466
0.021,3465
0.021,3464
0.021,3463
0.021,3462
0.021,3461
0.021,3460
0.022,3459
0.023,3458
0.023,3457
0.023,3456
0.023,3455
0.023,3454
0.023,3453
0.023,3452
0.023,3451
0.023,3450
0.023,3449
0.023,3448
0.023,3447
0.023,3446
0.023,3445
0.023,3444
0.023,3443
0.023,3442
0.024,3441
0.024,3440
0.024,3439
0.024,3438
0.024,3437
0.024,3436
0.024,3435
0.024,3434
0.024,3433
0.024,3432
0.024,3431
0.024,3430
0.024,3429
0.024,3428
0.024,3427
0.024,3426
0.024,3425
0.024,3424
0.024,3423
0.024,3422
0.024,3421
0.024,3420
0.024,3419
0.024,3418
0.024,3417
0.024,3416
0.024,3415
0.024,3414
0.024,3413
0.024,3412
0.024,3411
0.024,3410
0.024,3409
0.024,3408
0.025,3407
0.025,3406
0.025,3405
0.025,3404
0.025,3403
0.025,3402
0.025,3401
0.025,3400
0.025,3399
0.025,3398
0.025,3397
0.025,3396
0.025,3395
0.025,3394
0.025,3393
0.025,3392
0.025,3391
0.025,3390
0.026,3389
0.026,3388
0.026,3387
0.026,3386
0.026,3385
0.026,3384
0.026,3383
0.026,3382
0.026,3381
0.026,3380
0.026,3379
0.026,3378
0.026,3377
0.026,3376
0.026,3375
0.026,3374
0.026,3373
0.026,3372
0.026,3371
0.026,3370
0.026,3369
0.026,3368
0.027,3367
0.027,3366
0.027,3365
0.027,3364
0.027,3363
0.027,3362
0.027,3361
0.027,3360
0.027,3359
0.027,3358
0.027,3357
0.027,3356
0.027,3355
0.027,3354
0.027,3353
0.027,3352
0.027,3351
0.027,3350
0.027,3349
0.027,3348
0.027,3347
0.027,3346
0.027,3345
0.027,3344
0.027,3343
0.027,3342
0.027,3341
0.027,3340
0.027,3339
0.027,3338
0.027,3337
0.027,3336
0.027,3335
0.027,3334
0.027,3333
0.027,3332
0.028,3331
0.029,3330
0.029,3329
0.029,3328
0.029,3327
0.029,3326
0.029,3325
0.029,3324
0.029,3323
0.029,3322
0.029,3321
0.029,3320
0.029,3319
0.029,3318
0.029,3317
0.029,3316
0.029,3315
0.029,3314
0.029,3313
0.029,3312
0.029,3311
0.029,3310
0.03,3309
0.03,3308
0.03,3307
0.03,3306
0.03,3305
0.03,3304
0.03,3303
0.03,3302
0.03,3301
0.03,3300
0.03,3299
0.03,3298
0.03,3297
0.03,3296
0.03,3295
0.03,3294
0.03,3293
0.03,3292
0.03,3291
0.03,3290
0.03,3289
0.03,3288
0.03,3287
0.03,3286
0.03,3285
0.03,3284
0.03,3283
0.03,3282
0.031,3281
0.031,3280
0.031,3279
0.031,3278
0.031,3277
0.031,3276
0.031,3275
0.031,3274
0.031,3273
0.031,3272
0.031,3271
0.031,3270
0.031,3269
0.031,3268
0.031,3267
0.031,3266
0.031,3265
0.031,3264
0.031,3263
0.031,3262
0.031,3261
0.031,3260
0.031,3259
0.031,3258
0.031,3257
0.031,3256
0.031,3255
0.031,3254
0.031,3253
0.031,3252
0.031,3251
0.031,3250
0.032,3249
0.032,3248
0.032,3247
0.032,3246
0.032,3245
0.032,3244
0.032,3243
0.032,3242
0.032,3241
0.032,3240
0.032,3239
0.032,3238
0.032,3237
0.032,3236
0.032,3235
0.032,3234
0.032,3233
0.032,3232
0.032,3231
0.032,3230
0.032,3229
0.032,3228
0.032,3227
0.032,3226
0.032,3225
0.032,3224
0.032,3223
0.032,3222
0.032,3221
0.032,3220
0.032,3219
0.032,3218
0.032,3217
0.032,3216
0.032,3215
0.032,3214
0.033,3213
0.033,3212
0.033,3211
0.033,3210
0.033,3209
0.033,3208
0.033,3207
0.033,3206
0.033,3205
0.033,3204
0.033,3203
0.033,3202
0.033,3201
0.033,3200
0.033,3199
0.033,3198
0.033,3197
0.033,3196
0.033,3195
0.033,3194
0.033,3193
0.033,3192
0.033,3191
0.033,3190
0.033,3189
0.033,3188
0.033,3187
0.034,3186
0.034,3185
0.034,3184
0.034,3183
0.034,3182
0.034,3181
0.034,3180
0.034,3179
0.034,3178
0.034,3177
0.034,3176
0.034,3175
0.034,3174
0.034,3173
0.034,3172
0.034,3171
0.034,3170
0.034,3169
0.034,3168
0.034,3167
0.034,3166
0.034,3165
0.034,3164
0.034,3163
0.034,3162
0.034,3161
0.034,3160
0.034,3159
0.034,3158
0.034,3157
0.034,3156
0.034,3155
0.035,3154
0.035,3153
0.035,3152
0.035,3151
0.035,3150
0.035,3149
0.035,3148
0.035,3147
0.035,3146
0.035,3145
0.035,3144
0.035,3143
0.035,3142
0.035,3141
0.035,3140
0.035,3139
0.035,3138
0.035,3137
0.035,3136
0.035,3135
0.035,3134
0.035,3133
0.035,3132
0.035,3131
0.035,3130
0.035,3129
0.035,3128
0.035,3127
0.035,3126
0.035,3125
0.035,3124
0.035,3123
0.035,3122
0.035,3121
0.035,3120
0.036,3119
0.036,3118
0.036,3117
0.036,3116
0.036,3115
0.036,3114
0.036,3113
0.036,3112
0.036,3111
0.036,3110
0.036,3109
0.036,3108
0.036,3107
0.036,3106
0.036,3105
0.036,3104
0.036,3103
0.036,3102
0.036,3101
0.036,3100
0.036,3099
0.036,3098
0.036,3097
0.036,3096
0.036,3095
0.036,3094
0.036,3093
0.036,3092
0.036,3091
0.036,3090
0.036,3089
0.037,3088
0.037,3087
0.037,3086
0.037,3085
0.037,3084
0.037,3083
0.037,3082
0.037,3081
0.037,3080
0.037,3079
0.037,3078
0.037,3077
0.037,3076
0.037,3075
0.037,3074
0.037,3073
0.037,3072
0.037,3071
0.037,3070
0.037,3069
0.037,3068
0.037,3067
0.037,3066
0.037,3065
0.037,3064
0.037,3063
0.037,3062
0.037,3061
0.037,3060
0.038,3059
0.038,3058
0.038,3057
0.038,3056
0.038,3055
0.038,3054
0.038,3053
0.038,3052
0.038,3051
0.038,3050
0.038,3049
0.038,3048
0.038,3047
0.038,3046
0.038,3045
0.038,3044
0.038,3043
0.038,3042
0.038,3041
0.038,3040
0.038,3039
0.038,3038
0.038,3037
0.038,3036
0.038,3035
0.038,3034
0.038,3033
0.039,3032
0.039,3031
0.039,3030
0.039,3029
0.039,3028
0.039,3027
0.039,3026
0.039,3025
0.039,3024
0.039,3023
0.039,3022
0.039,3021
0.039,3020
0.039,3019
0.039,3018
0.039,3017
0.039,3016
0.039,3015
0.039,3014
0.039,3013
0.039,3012
0.039,3011
0.039,3010
0.039,3009
0.039,3008
0.04,3007
0.04,3006
0.04,3005
0.04,3004
0.04,3003
0.04,3002
0.04,3001
0.04,3000
0.04,2999
0.04,2998
0.04,2997
0.04,2996
0.04,2995
0.04,2994
0.04,2993
0.04,2992
0.04,2991
0.04,2990
0.04,2989
0.04,2988
0.04,2987
0.04,2986
0.04,2985
0.04,2984
0.04,2983
0.04,2982
0.04,2981
0.04,2980
0.04,2979
0.04,2978
0.04,2977
0.04,2976
0.04,2975
0.04,2974
0.041,2973
0.041,2972
0.041,2971
0.041,2970
0.041,2969
0.041,2968
0.041,2967
0.041,2966
0.041,2965
0.041,2964
0.041,2963
0.041,2962
0.041,2961
0.041,2960
0.041,2959
0.041,2958
0.041,2957
0.041,2956
0.041,2955
0.041,2954
0.041,2953
0.041,2952
0.042,2951
0.042,2950
0.042,2949
0.042,2948
0.042,2947
0.042,2946
0.042,2945
0.042,2944
0.042,2943
0.042,2942
0.042,2941
0.042,2940
0.042,2939
0.042,2938
0.042,2937
0.042,2936
0.042,2935
0.042,2934
0.042,2933
0.042,2932
0.042,2931
0.042,2930
0.042,2929
0.042,2928
0.042,2927
0.042,2926
0.043,2925
0.043,2924
0.043,2923
0.043,2922
0.043,2921
0.043,2920
0.043,2919
0.043,2918
0.043,2917
0.043,2916
0.043,2915
0.043,2914
0.043,2913
0.043,2912
0.043,2911
0.043,2910
0.043,2909
0.043,2908
0.043,2907
0.043,2906
0.044,2905
0.044,2904
0.044,2903
0.044,2902
0.044,2901
0.044,2900
0.044,2899
0.044,2898
0.044,2897
0.044,2896
0.044,2895
0.044,2894
0.044,2893
0.044,2892
0.044,2891
0.044,2890
0.044,2889
0.044,2888
0.044,2887
0.044,2886
0.044,2885
0.045,2884
0.045,2883
0.045,2882
0.045,2881
0.045,2880
0.045,2879
0.045,2878
0.045,2877
0.045,2876
0.045,2875
0.045,2874
0.045,2873
0.045,2872
0.045,2871
0.045,2870
0.045,2869
0.045,2868
0.045,2867
0.045,2866
0.045,2865
0.045,2864
0.045,2863
0.045,2862
0.045,2861
0.045,2860
0.045,2859
0.046,2858
0.046,2857
0.046,2856
0.046,2855
0.046,2854
0.046,2853
0.046,2852
0.046,2851
0.046,2850
0.046,2849
0.046,2848
0.046,2847
0.046,2846
0.046,2845
0.046,2844
0.046,2843
0.046,2842
0.046,2841
0.046,2840
0.046,2839
0.046,2838
0.047,2837
0.047,2836
0.047,2835
0.047,2834
0.047,2833
0.047,2832
0.047,2831
0.047,2830
0.047,2829
0.047,2828
0.047,2827
0.047,2826
0.047,2825
0.047,2824
0.047,2823
0.047,2822
0.047,2821
0.047,2820
0.047,2819
0.047,2818
0.048,2817
0.048,2816
0.048,2815
0.048,2814
0.048,2813
0.048,2812
0.048,2811
0.048,2810
0.048,2809
0.048,2808
0.048,2807
0.048,2806
0.048,2805
0.048,2804
0.048,2803
0.048,2802
0.048,2801
0.048,2800
0.048,2799
0.048,2798
0.048,2797
0.048,2796
0.049,2795
0.049,2794
0.049,2793
0.049,2792
0.049,2791
0.049,2790
0.049,2789
0.049,2788
0.049,2787
0.049,2786
0.049,2785
0.049,2784
0.049,2783
0.049,2782
0.049,2781
0.049,2780
0.049,2779
0.049,2778
0.05,2777
0.05,2776
0.05,2775
0.05,2774
0.05,2773
0.05,2772
0.05,2771
0.05,2770
0.05,2769
0.05,2768
0.05,2767
0.05,2766
0.05,2765
0.05,2764
0.051,2763
0.051,2762
0.051,2761
0.051,2760
0.051,2759
0.051,2758
0.051,2757
0.051,2756
0.051,2755
0.051,2754
0.051,2753
0.051,2752
0.051,2751
0.051,2750
0.051,2749
0.051,2748
0.051,2747
0.051,2746
0.051,2745
0.051,2744
0.051,2743
0.052,2742
0.052,2741
0.052,2740
0.052,2739
0.052,2738
0.052,2737
0.052,2736
0.052,2735
0.052,2734
0.052,2733
0.052,2732
0.052,2731
0.052,2730
0.052,2729
0.052,2728
0.052,2727
0.052,2726
0.052,2725
0.052,2724
0.052,2723
0.052,2722
0.052,2721
0.052,2720
0.052,2719
0.052,2718
0.052,2717
0.053,2716
0.053,2715
0.053,2714
0.053,2713
0.053,2712
0.053,2711
0.053,2710
0.053,2709
0.053,2708
0.053,2707
0.053,2706
0.053,2705
0.053,2704
0.053,2703
0.054,2702
0.054,2701
0.054,2700
0.054,2699
0.054,2698
0.054,2697
0.054,2696
0.054,2695
0.055,2694
0.055,2693
0.055,2692
0.055,2691
0.055,2690
0.055,2689
0.055,2688
0.055,2687
0.055,2686
0.055,2685
0.055,2684
0.056,2683
0.056,2682
0.056,2681
0.056,2680
0.056,2679
0.056,2678
0.056,2677
0.056,2676
0.056,2675
0.056,2674
0.056,2673
0.056,2672
0.056,2671
0.056,2670
0.056,2669
0.057,2668
0.057,2667
0.057,2666
0.057,2665
0.057,2664
0.057,2663
0.057,2662
0.057,2661
0.058,2660
0.058,2659
0.058,2658
0.058,2657
0.058,2656
0.058,2655
0.058,2654
0.058,2653
0.058,2652
0.058,2651
0.058,2650
0.059,2649
0.059,2648
0.059,2647
0.059,2646
0.059,2645
0.059,2644
0.059,2643
0.059,2642
0.059,2641
0.059,2640
0.059,2639
0.059,2638
0.06,2637
0.06,2636
0.06,2635
0.06,2634
0.06,2633
0.06,2632
0.06,2631
0.06,2630
0.06,2629
0.061,2628
0.061,2627
0.061,2626
0.061,2625
0.061,2624
0.061,2623
0.061,2622
0.061,2621
0.061,2620
0.061,2619
0.062,2618
0.062,2617
0.062,2616
0.062,2615
0.062,2614
0.062,2613
0.062,2612
0.063,2611
0.063,2610
0.063,2609
0.063,2608
0.063,2607
0.063,2606
0.063,2605
0.063,2604
0.063,2603
0.063,2602
0.063,2601
0.063,2600
0.063,2599
0.064,2598
0.064,2597
0.064,2596
0.064,2595
0.064,2594
0.064,2593
0.064,2592
0.064,2591
0.065,2590
0.065,2589
0.065,2588
0.065,2587
0.065,2586
0.065,2585
0.065,2584
0.065,2583
0.065,2582
0.065,2581
0.065,2580
0.066,2579
0.066,2578
0.066,2577
0.066,2576
0.066,2575
0.066,2574
0.066,2573
0.066,2572
0.066,2571
0.066,2570
0.066,2569
0.066,2568
0.066,2567
0.066,2566
0.067,2565
0.067,2564
0.067,2563
0.067,2562
0.067,2561
0.067,2560
0.067,2559
0.067,2558
0.067,2557
0.068,2556
0.068,2555
0.068,2554
0.068,2553
0.069,2552
0.07,2551
0.07,2550
0.071,2549
0.071,2548
0.071,2547
0.071,2546
0.072,2545
0.072,2544
0.072,2543
0.072,2542
0.072,2541
0.072,2540
0.072,2539
0.072,2538
0.073,2537
0.073,2536
0.073,2535
0.073,2534
0.073,2533
0.073,2532
0.073,2531
0.073,2530
0.073,2529
0.073,2528
0.074,2527
0.074,2526
0.074,2525
0.074,2524
0.074,2523
0.075,2522
0.075,2521
0.075,2520
0.075,2519
0.075,2518
0.075,2517
0.075,2516
0.075,2515
0.075,2514
0.076,2513
0.076,2512
0.076,2511
0.076,2510
0.076,2509
0.076,2508
0.077,2507
0.077,2506
0.077,2505
0.077,2504
0.078,2503
0.078,2502
0.078,2501
0.078,2500
0.078,2499
0.078,2498
0.078,2497
0.078,2496
0.078,2495
0.078,2494
0.079,2493
0.079,2492
0.079,2491
0.079,2490
0.079,2489
0.08,2488
0.08,2487
0.08,2486
0.08,2485
0.08,2484
0.08,2483
0.08,2482
0.08,2481
0.081,2480
0.083,2479
0.083,2478
0.083,2477
0.083,2476
0.084,2475
0.084,2474
0.084,2473
0.084,2472
0.085,2471
0.085,2470
0.085,2469
0.085,2468
0.085,2467
0.086,2466
0.086,2465
0.086,2464
0.086,2463
0.086,2462
0.086,2461
0.086,2460
0.087,2459
0.087,2458
0.087,2457
0.087,2456
0.087,2455
0.087,2454
0.087,2453
0.087,2452
0.088,2451
0.088,2450
0.088,2449
0.088,2448
0.088,2447
0.089,2446
0.089,2445
0.089,2444
0.089,2443
0.089,2442
0.089,2441
0.09,2440
0.09,2439
0.09,2438
0.09,2437
0.09,2436
0.09,2435
0.09,2434
0.09,2433
0.091,2432
0.091,2431
0.091,2430
0.091,2429
0.091,2428
0.091,2427
0.091,2426
0.092,2425
0.092,2424
0.092,2423
0.092,2422
0.092,2421
0.092,2420
0.092,2419
0.093,2418
0.093,2417
0.094,2416
0.094,2415
0.094,2414
0.094,2413
0.095,2412
0.095,2411
0.095,2410
0.096,2409
0.096,2408
0.097,2407
0.097,2406
0.098,2405
0.098,2404
0.098,2403
0.098,2402
0.099,2401
0.1,2400
0.1,2399
0.101,2398
0.101,2397
0.102,2396
0.102,2395
0.102,2394
0.104,2393
0.105,2392
0.106,2391
0.106,2390
0.106,2389
0.107,2388
0.108,2387
0.109,2386
0.11,2385
0.111,2384
0.111,2383
0.111,2382
0.112,2381
0.112,2380
0.115,2379
0.115,2378
0.117,2377
0.118,2376
0.128,2375
0.128,2374
0.129,2373
0.143,2372
0.156,2371
0.172,2370
