0.001,3713
0.003,3712
0.003,3711
0.003,3710
0.004,3709
0.004,3708
0.004,3707
0.005,3706
0.005,3705
0.005,3704
0.005,3703
0.006,3702
0.006,3701
0.006,3700
0.006,3699
0.006,3698
0.006,3697
0.006,3696
0.006,3695
0.007,3694
0.007,3693
0.007,3692
0.007,3691
0.007,3690
0.007,3689
0.007,3688
0.007,3687
0.008,3686
0.008,3685
0.008,3684
0.008,3683
0.008,3682
0.008,3681
0.008,3680
0.009,3679
0.009,3678
0.009,3677
0.009,3676
0.009,3675
0.009,3674
0.009,3673
0.01,3672
0.01,3671
0.01,3670
0.01,3669
0.01,3668
0.01,3667
0.01,3666
0.011,3665
0.011,3664
0.011,3663
0.011,3662
0.011,3661
0.011,3660
0.011,3659
0.012,3658
0.012,3657
0.012,3656
0.012,3655
0.012,3654
0.012,3653
0.012,3652
0.012,3651
0.012,3650
0.012,3649
0.012,3648
0.012,3647
0.012,3646
0.012,3645
0.012,3644
0.012,3643
0.012,3642
0.012,3641
0.013,3640
0.013,3639
0.013,3638
0.013,3637
0.013,3636
0.013,3635
0.013,3634
0.013,3633
0.013,3632
0.013,3631
0.013,3630
0.013,3629
0.013,3628
0.013,3627
0.013,3626
0.013,3625
0.013,3624
0.013,3623
0.013,3622
0.013,3621
0.013,3620
0.013,3619
0.015,3618
0.015,3617
0.015,3616
0.015,3615
0.015,3614
0.015,3613
0.015,3612
0.015,3611
0.015,3610
0.015,3609
0.016,3608
0.016,3607
0.016,3606
0.016,3605
0.016,3604
0.016,3603
0.016,3602
0.016,3601
0.016,3600
0.016,3599
0.016,3598
0.016,3597
0.016,3596
0.016,3595
0.016,3594
0.016,3593
0.016,3592
0.016,3591
0.016,3590
0.016,3589
0.016,3588
0.016,3587
0.016,3586
0.016,3585
0.016,3584
0.016,3583
0.017,3582
0.017,3581
0.017,3580
0.017,3579
0.017,3578
0.017,3577
0.017,3576
0.017,3575
0.017,3574
0.017,3573
0.017,3572
0.017,3571
0.017,3570
0.017,3569
0.017,3568
0.017,3567
0.017,3566
0.017,3565
0.017,3564
0.017,3563
0.017,3562
0.017,3561
0.017,3560
0.017,3559
0.017,3558
0.017,3557
0.017,3556
0.017,3555
0.017,3554
0.017,3553
0.017,3552
0.017,3551
0.018,3550
0.018,3549
0.018,3548
0.018,3547
0.018,3546
0.018,3545
0.018,3544
0.018,3543
0.018,3542
0.018,3541
0.018,3540
0.018,3539
0.018,3538
0.018,3537
0.018,3536
0.018,3535
0.018,3534
0.018,3533
0.018,3532
0.018,3531
0.018,3530
0.018,3529
0.018,3528
0.018,3527
0.018,3526
0.018,3525
0.018,3524
0.018,3523
0.018,3522
0.018,3521
0.019,3520
0.019,3519
0.019,3518
0.019,3517
0.019,3516
0.019,3515
0.019,3514
0.019,3513
0.019,3512
0.019,3511
0.019,3510
0.019,3509
0.019,3508
0.019,3507
0.019,3506
0.019,3505
0.019,3504
0.019,3503
0.019,3502
0.019,3501
0.02,3500
0.02,3499
0.02,3498
0.02,3497
0.02,3496
0.02,3495
0.02,3494
0.02,3493
0.02,3492
0.02,3491
0.02,3490
0.02,3489
0.02,3488
0.02,3487
0.02,3486
0.02,3485
0.02,3484
0.02,3483
0.02,3482
0.02,3481
0.02,3480
0.02,3479
0.02,3478
0.02,3477
0.02,3476
0.02,3475
0.02,3474
0.02,3473
0.02,3472
0.021,3471
0.021,3470
0.021,3469
0.021,3468
0.021,3467
0.021,3466
0.021,3465
0.021,3464
0.021,3463
0.021,3462
0.021,3461
0.021,3460
0.022,3459
0.025,3458
0.025,3457
0.025,3456
0.025,3455
0.025,3454
0.025,3453
0.025,3452
0.025,3451
0.025,3450
0.025,3449
0.025,3448
0.025,3447
0.025,3446
0.025,3445
0.025,3444
0.025,3443
0.025,3442
0.025,3441
0.025,3440
0.025,3439
0.025,3438
0.025,3437
0.025,3436
0.026,3435
0.026,3434
0.026,3433
0.026,3432
0.026,3431
0.026,3430
0.026,3429
0.026,3428
0.026,3427
0.026,3426
0.026,3425
0.026,3424
0.026,3423
0.026,3422
0.026,3421
0.026,3420
0.026,3419
0.026,3418
0.026,3417
0.026,3416
0.026,3415
0.026,3414
0.026,3413
0.026,3412
0.026,3411
0.026,3410
0.026,3409
0.026,3408
0.027,3407
0.027,3406
0.027,3405
0.027,3404
0.027,3403
0.027,3402
0.027,3401
0.027,3400
0.027,3399
0.027,3398
0.027,3397
0.027,3396
0.027,3395
0.027,3394
0.027,3393
0.027,3392
0.027,3391
0.027,3390
0.027,3389
0.027,3388
0.027,3387
0.027,3386
0.027,3385
0.027,3384
0.027,3383
0.027,3382
0.027,3381
0.027,3380
0.027,3379
0.028,3378
0.028,3377
0.028,3376
0.028,3375
0.028,3374
0.028,3373
0.028,3372
0.028,3371
0.028,3370
0.028,3369
0.028,3368
0.028,3367
0.028,3366
0.028,3365
0.028,3364
0.028,3363
0.028,3362
0.028,3361
0.028,3360
0.028,3359
0.028,3358
0.028,3357
0.028,3356
0.028,3355
0.028,3354
0.028,3353
0.028,3352
0.028,3351
0.028,3350
0.028,3349
0.028,3348
0.029,3347
0.029,3346
0.029,3345
0.029,3344
0.029,3343
0.029,3342
0.029,3341
0.029,3340
0.029,3339
0.029,3338
0.029,3337
0.029,3336
0.029,3335
0.029,3334
0.029,3333
0.029,3332
0.029,3331
0.029,3330
0.029,3329
0.029,3328
0.029,3327
0.029,3326
0.029,3325
0.029,3324
0.029,3323
0.029,3322
0.029,3321
0.029,3320
0.029,3319
0.03,3318
0.03,3317
0.03,3316
0.03,3315
0.03,3314
0.03,3313
0.03,3312
0.03,3311
0.03,3310
0.03,3309
0.03,3308
0.03,3307
0.03,3306
0.03,3305
0.03,3304
0.03,3303
0.03,3302
0.03,3301
0.03,3300
0.03,3299
0.03,3298
0.03,3297
0.03,3296
0.03,3295
0.03,3294
0.03,3293
0.03,3292
0.03,3291
0.03,3290
0.03,3289
0.03,3288
0.03,3287
0.031,3286
0.031,3285
0.031,3284
0.031,3283
0.031,3282
0.031,3281
0.031,3280
0.031,3279
0.031,3278
0.031,3277
0.031,3276
0.031,3275
0.031,3274
0.031,3273
0.031,3272
0.031,3271
0.031,3270
0.031,3269
0.031,3268
0.031,3267
0.031,3266
0.031,3265
0.031,3264
0.031,3263
0.032,3262
0.032,3261
0.032,3260
0.032,3259
0.032,3258
0.032,3257
0.032,3256
0.032,3255
0.032,3254
0.032,3253
0.032,3252
0.032,3251
0.032,3250
0.032,3249
0.032,3248
0.032,3247
0.032,3246
0.032,3245
0.032,3244
0.032,3243
0.032,3242
0.032,3241
0.032,3240
0.032,3239
0.032,3238
0.032,3237
0.032,3236
0.032,3235
0.033,3234
0.033,3233
0.033,3232
0.033,3231
0.033,3230
0.033,3229
0.033,3228
0.033,3227
0.033,3226
0.033,3225
0.033,3224
0.033,3223
0.033,3222
0.033,3221
0.033,3220
0.033,3219
0.033,3218
0.033,3217
0.033,3216
0.033,3215
0.033,3214
0.033,3213
0.033,3212
0.033,3211
0.033,3210
0.033,3209
0.033,3208
0.033,3207
0.033,3206
0.033,3205
0.034,3204
0.034,3203
0.034,3202
0.034,3201
0.034,3200
0.034,3199
0.034,3198
0.034,3197
0.034,3196
0.034,3195
0.034,3194
0.034,3193
0.034,3192
0.034,3191
0.034,3190
0.034,3189
0.034,3188
0.034,3187
0.034,3186
0.034,3185
0.034,3184
0.034,3183
0.034,3182
0.035,3181
0.035,3180
0.035,3179
0.035,3178
0.035,3177
0.035,3176
0.035,3175
0.035,3174
0.035,3173
0.035,3172
0.035,3171
0.035,3170
0.035,3169
0.035,3168
0.035,3167
0.035,3166
0.035,3165
0.035,3164
0.035,3163
0.035,3162
0.035,3161
0.035,3160
0.036,3159
0.036,3158
0.036,3157
0.036,3156
0.036,3155
0.036,3154
0.036,3153
0.036,3152
0.036,3151
0.036,3150
0.036,3149
0.036,3148
0.036,3147
0.036,3146
0.036,3145
0.036,3144
0.036,3143
0.036,3142
0.036,3141
0.036,3140
0.036,3139
0.036,3138
0.036,3137
0.036,3136
0.037,3135
0.037,3134
0.037,3133
0.037,3132
0.037,3131
0.037,3130
0.037,3129
0.037,3128
0.037,3127
0.037,3126
0.037,3125
0.037,3124
0.037,3123
0.037,3122
0.037,3121
0.037,3120
0.037,3119
0.037,3118
0.037,3117
0.037,3116
0.037,3115
0.037,3114
0.037,3113
0.037,3112
0.037,3111
0.037,3110
0.037,3109
0.037,3108
0.037,3107
0.037,3106
0.037,3105
0.037,3104
0.037,3103
0.038,3102
0.038,3101
0.038,3100
0.038,3099
0.038,3098
0.038,3097
0.038,3096
0.038,3095
0.038,3094
0.038,3093
0.038,3092
0.038,3091
0.038,3090
0.038,3089
0.038,3088
0.038,3087
0.038,3086
0.038,3085
0.038,3084
0.038,3083
0.038,3082
0.038,3081
0.038,3080
0.038,3079
0.038,3078
0.039,3077
0.039,3076
0.039,3075
0.039,3074
0.039,3073
0.039,3072
0.039,3071
0.039,3070
0.039,3069
0.039,3068
0.039,3067
0.039,3066
0.039,3065
0.039,3064
0.039,3063
0.039,3062
0.039,3061
0.039,3060
0.039,3059
0.039,3058
0.039,3057
0.039,3056
0.04,3055
0.04,3054
0.04,3053
0.04,3052
0.04,3051
0.04,3050
0.04,3049
0.04,3048
0.04,3047
0.04,3046
0.04,3045
0.04,3044
0.04,3043
0.04,3042
0.04,3041
0.04,3040
0.04,3039
0.04,3038
0.04,3037
0.04,3036
0.04,3035
0.04,3034
0.04,3033
0.04,3032
0.04,3031
0.04,3030
0.041,3029
0.041,3028
0.041,3027
0.041,3026
0.041,3025
0.041,3024
0.041,3023
0.041,3022
0.041,3021
0.041,3020
0.041,3019
0.041,3018
0.041,3017
0.041,3016
0.041,3015
0.041,3014
0.041,3013
0.041,3012
0.041,3011
0.041,3010
0.041,3009
0.041,3008
0.041,3007
0.041,3006
0.041,3005
0.041,3004
0.042,3003
0.042,3002
0.042,3001
0.042,3000
0.042,2999
0.042,2998
0.042,2997
0.042,2996
0.042,2995
0.042,2994
0.042,2993
0.042,2992
0.042,2991
0.042,2990
0.042,2989
0.042,2988
0.042,2987
0.042,2986
0.042,2985
0.042,2984
0.042,2983
0.042,2982
0.042,2981
0.042,2980
0.042,2979
0.042,2978
0.043,2977
0.043,2976
0.043,2975
0.043,2974
0.043,2973
0.043,2972
0.043,2971
0.043,2970
0.043,2969
0.043,2968
0.043,2967
0.043,2966
0.043,2965
0.043,2964
0.043,2963
0.043,2962
0.043,2961
0.043,2960
0.044,2959
0.044,2958
0.044,2957
0.044,2956
0.044,2955
0.044,2954
0.044,2953
0.044,2952
0.044,2951
0.044,2950
0.044,2949
0.044,2948
0.044,2947
0.044,2946
0.044,2945
0.044,2944
0.044,2943
0.044,2942
0.044,2941
0.044,2940
0.044,2939
0.044,2938
0.044,2937
0.044,2936
0.044,2935
0.045,2934
0.045,2933
0.045,2932
0.045,2931
0.045,2930
0.045,2929
0.045,2928
0.045,2927
0.045,2926
0.045,2925
0.045,2924
0.045,2923
0.045,2922
0.045,2921
0.045,2920
0.045,2919
0.045,2918
0.045,2917
0.045,2916
0.045,2915
0.045,2914
0.045,2913
0.045,2912
0.046,2911
0.046,2910
0.046,2909
0.046,2908
0.046,2907
0.046,2906
0.046,2905
0.046,2904
0.046,2903
0.046,2902
0.046,2901
0.046,2900
0.046,2899
0.046,2898
0.046,2897
0.046,2896
0.046,2895
0.046,2894
0.046,2893
0.046,2892
0.047,2891
0.047,2890
0.047,2889
0.047,2888
0.047,2887
0.047,2886
0.047,2885
0.047,2884
0.047,2883
0.047,2882
0.047,2881
0.047,2880
0.047,2879
0.047,2878
0.047,2877
0.048,2876
0.048,2875
0.048,2874
0.048,2873
0.048,2872
0.048,2871
0.048,2870
0.048,2869
0.048,2868
0.048,2867
0.048,2866
0.048,2865
0.048,2864
0.048,2863
0.048,2862
0.049,2861
0.049,2860
0.049,2859
0.049,2858
0.049,2857
0.049,2856
0.049,2855
0.049,2854
0.049,2853
0.049,2852
0.049,2851
0.049,2850
0.049,2849
0.049,2848
0.05,2847
0.05,2846
0.05,2845
0.05,2844
0.05,2843
0.05,2842
0.05,2841
0.05,2840
0.05,2839
0.05,2838
0.05,2837
0.05,2836
0.05,2835
0.05,2834
0.05,2833
0.05,2832
0.051,2831
0.051,2830
0.051,2829
0.051,2828
0.051,2827
0.051,2826
0.051,2825
0.051,2824
0.051,2823
0.051,2822
0.051,2821
0.051,2820
0.051,2819
0.051,2818
0.051,2817
0.051,2816
0.051,2815
0.051,2814
0.052,2813
0.052,2812
0.052,2811
0.052,2810
0.052,2809
0.052,2808
0.052,2807
0.052,2806
0.052,2805
0.052,2804
0.052,2803
0.052,2802
0.052,2801
0.052,2800
0.052,2799
0.053,2798
0.053,2797
0.053,2796
0.053,2795
0.053,2794
0.053,2793
0.053,2792
0.053,2791
0.054,2790
0.054,2789
0.054,2788
0.054,2787
0.054,2786
0.054,2785
0.054,2784
0.054,2783
0.054,2782
0.054,2781
0.055,2780
0.055,2779
0.055,2778
0.055,2777
0.055,2776
0.055,2775
0.055,2774
0.055,2773
0.055,2772
0.055,2771
0.055,2770
0.055,2769
0.055,2768
0.055,2767
0.055,2766
0.055,2765
0.055,2764
0.055,2763
0.055,2762
0.056,2761
0.056,2760
0.056,2759
0.056,2758
0.056,2757
0.056,2756
0.056,2755
0.056,2754
0.057,2753
0.057,2752
0.057,2751
0.057,2750
0.057,2749
0.057,2748
0.057,2747
0.057,2746
0.057,2745
0.057,2744
0.057,2743
0.057,2742
0.057,2741
0.058,2740
0.058,2739
0.058,2738
0.058,2737
0.058,2736
0.058,2735
0.058,2734
0.058,2733
0.058,2732
0.058,2731
0.058,2730
0.058,2729
0.058,2728
0.058,2727
0.058,2726
0.059,2725
0.059,2724
0.059,2723
0.059,2722
0.059,2721
0.059,2720
0.059,2719
0.059,2718
0.06,2717
0.06,2716
0.06,2715
0.06,2714
0.06,2713
0.06,2712
0.06,2711
0.06,2710
0.06,2709
0.06,2708
0.06,2707
0.06,2706
0.06,2705
0.06,2704
0.06,2703
0.061,2702
0.061,2701
0.061,2700
0.061,2699
0.061,2698
0.061,2697
0.061,2696
0.061,2695
0.061,2694
0.061,2693
0.061,2692
0.061,2691
0.062,2690
0.062,2689
0.062,2688
0.062,2687
0.062,2686
0.062,2685
0.062,2684
0.062,2683
0.062,2682
0.062,2681
0.063,2680
0.063,2679
0.063,2678
0.063,2677
0.063,2676
0.063,2675
0.063,2674
0.063,2673
0.063,2672
0.063,2671
0.063,2670
0.063,2669
0.064,2668
0.064,2667
0.064,2666
0.064,2665
0.064,2664
0.064,2663
0.064,2662
0.064,2661
0.064,2660
0.064,2659
0.064,2658
0.064,2657
0.064,2656
0.064,2655
0.065,2654
0.065,2653
0.065,2652
0.065,2651
0.065,2650
0.065,2649
0.065,2648
0.065,2647
0.066,2646
0.066,2645
0.066,2644
0.066,2643
0.066,2642
0.066,2641
0.066,2640
0.066,2639
0.066,2638
0.066,2637
0.066,2636
0.066,2635
0.066,2634
0.067,2633
0.067,2632
0.067,2631
0.067,2630
0.067,2629
0.067,2628
0.067,2627
0.067,2626
0.067,2625
0.067,2624
0.067,2623
0.067,2622
0.067,2621
0.067,2620
0.068,2619
0.068,2618
0.068,2617
0.068,2616
0.068,2615
0.068,2614
0.068,2613
0.068,2612
0.068,2611
0.068,2610
0.068,2609
0.069,2608
0.069,2607
0.069,2606
0.069,2605
0.069,2604
0.069,2603
0.069,2602
0.069,2601
0.069,2600
0.069,2599
0.07,2598
0.07,2597
0.07,2596
0.07,2595
0.07,2594
0.07,2593
0.07,2592
0.07,2591
0.07,2590
0.07,2589
0.07,2588
0.07,2587
0.07,2586
0.071,2585
0.071,2584
0.071,2583
0.071,2582
0.071,2581
0.071,2580
0.071,2579
0.071,2578
0.072,2577
0.072,2576
0.072,2575
0.072,2574
0.072,2573
0.072,2572
0.072,2571
0.072,2570
0.072,2569
0.072,2568
0.072,2567
0.072,2566
0.072,2565
0.073,2564
0.073,2563
0.073,2562
0.073,2561
0.073,2560
0.074,2559
0.074,2558
0.074,2557
0.074,2556
0.074,2555
0.074,2554
0.074,2553
0.074,2552
0.075,2551
0.075,2550
0.075,2549
0.075,2548
0.075,2547
0.075,2546
0.075,2545
0.075,2544
0.076,2543
0.076,2542
0.076,2541
0.077,2540
0.077,2539
0.077,2538
0.077,2537
0.077,2536
0.077,2535
0.077,2534
0.078,2533
0.078,2532
0.078,2531
0.078,2530
0.078,2529
0.078,2528
0.078,2527
0.079,2526
0.079,2525
0.079,2524
0.079,2523
0.079,2522
0.079,2521
0.08,2520
0.08,2519
0.08,2518
0.08,2517
0.08,2516
0.081,2515
0.081,2514
0.081,2513
0.082,2512
0.082,2511
0.082,2510
0.082,2509
0.082,2508
0.082,2507
0.082,2506
0.083,2505
0.083,2504
0.083,2503
0.083,2502
0.085,2501
0.085,2500
0.085,2499
0.085,2498
0.085,2497
0.085,2496
0.085,2495
0.086,2494
0.086,2493
0.087,2492
0.087,2491
0.087,2490
0.087,2489
0.087,2488
0.087,2487
0.087,2486
0.087,2485
0.087,2484
0.087,2483
0.087,2482
0.088,2481
0.088,2480
0.088,2479
0.089,2478
0.089,2477
0.089,2476
0.089,2475
0.089,2474
0.089,2473
0.089,2472
0.089,2471
0.089,2470
0.089,2469
0.089,2468
0.09,2467
0.09,2466
0.09,2465
0.09,2464
0.09,2463
0.091,2462
0.091,2461
0.091,2460
0.091,2459
0.091,2458
0.091,2457
0.092,2456
0.092,2455
0.092,2454
0.092,2453
0.093,2452
0.093,2451
0.093,2450
0.093,2449
0.093,2448
0.093,2447
0.094,2446
0.094,2445
0.094,2444
0.094,2443
0.094,2442
0.094,2441
0.094,2440
0.095,2439
0.095,2438
0.095,2437
0.095,2436
0.095,2435
0.095,2434
0.095,2433
0.095,2432
0.095,2431
0.096,2430
0.096,2429
0.096,2428
0.096,2427
0.096,2426
0.097,2425
0.097,2424
0.097,2423
0.097,2422
0.097,2421
0.097,2420
0.097,2419
0.098,2418
0.098,2417
0.098,2416
0.099,2415
0.099,2414
0.1,2413
0.1,2412
0.1,2411
0.1,2410
0.101,2409
0.101,2408
0.102,2407
0.102,2406
0.102,2405
0.103,2404
0.103,2403
0.103,2402
0.103,2401
0.104,2400
0.104,2399
0.107,2398
0.107,2397
0.109,2396
0.11,2395
0.111,2394
0.112,2393
0.113,2392
0.114,2391
0.115,2390
0.116,2389
0.117,2388
0.138,2387
0.138,2386
