0.001,3713
0.003,3712
0.003,3711
0.004,3710
0.004,3709
0.004,3708
0.005,3707
0.005,3706
0.005,3705
0.005,3704
0.006,3703
0.006,3702
0.006,3701
0.006,3700
0.006,3699
0.006,3698
0.006,3697
0.007,3696
0.007,3695
0.007,3694
0.007,3693
0.007,3692
0.007,3691
0.008,3690
0.008,3689
0.008,3688
0.008,3687
0.008,3686
0.008,3685
0.009,3684
0.009,3683
0.009,3682
0.009,3681
0.009,3680
0.01,3679
0.01,3678
0.01,3677
0.01,3676
0.011,3675
0.011,3674
0.011,3673
0.012,3672
0.012,3671
0.012,3670
0.013,3669
0.013,3668
0.013,3667
0.013,3666
0.014,3665
0.014,3664
0.014,3663
0.014,3662
0.014,3661
0.014,3660
0.014,3659
0.014,3658
0.014,3657
0.014,3656
0.014,3655
0.014,3654
0.014,3653
0.014,3652
0.014,3651
0.014,3650
0.014,3649
0.014,3648
0.015,3647
0.015,3646
0.015,3645
0.015,3644
0.015,3643
0.015,3642
0.015,3641
0.015,3640
0.015,3639
0.015,3638
0.015,3637
0.015,3636
0.015,3635
0.015,3634
0.015,3633
0.015,3632
0.015,3631
0.015,3630
0.015,3629
0.015,3628
0.015,3627
0.015,3626
0.015,3625
0.015,3624
0.015,3623
0.016,3622
0.016,3621
0.016,3620
0.016,3619
0.016,3618
0.016,3617
0.016,3616
0.016,3615
0.016,3614
0.016,3613
0.016,3612
0.016,3611
0.016,3610
0.016,3609
0.016,3608
0.016,3607
0.016,3606
0.016,3605
0.016,3604
0.016,3603
0.016,3602
0.016,3601
0.016,3600
0.016,3599
0.017,3598
0.017,3597
0.017,3596
0.017,3595
0.017,3594
0.017,3593
0.017,3592
0.017,3591
0.017,3590
0.017,3589
0.017,3588
0.017,3587
0.017,3586
0.017,3585
0.017,3584
0.017,3583
0.017,3582
0.017,3581
0.017,3580
0.017,3579
0.017,3578
0.017,3577
0.017,3576
0.018,3575
0.018,3574
0.018,3573
0.018,3572
0.018,3571
0.02,3570
0.02,3569
0.02,3568
0.02,3567
0.02,3566
0.02,3565
0.02,3564
0.02,3563
0.02,3562
0.02,3561
0.02,3560
0.02,3559
0.02,3558
0.02,3557
0.02,3556
0.02,3555
0.02,3554
0.021,3553
0.021,3552
0.021,3551
0.021,3550
0.021,3549
0.021,3548
0.021,3547
0.021,3546
0.021,3545
0.021,3544
0.021,3543
0.021,3542
0.021,3541
0.021,3540
0.021,3539
0.021,3538
0.021,3537
0.021,3536
0.021,3535
0.021,3534
0.021,3533
0.021,3532
0.021,3531
0.021,3530
0.022,3529
0.022,3528
0.022,3527
0.022,3526
0.022,3525
0.022,3524
0.022,3523
0.022,3522
0.022,3521
0.022,3520
0.022,3519
0.022,3518
0.022,3517
0.022,3516
0.022,3515
0.022,3514
0.022,3513
0.022,3512
0.022,3511
0.022,3510
0.022,3509
0.022,3508
0.022,3507
0.022,3506
0.022,3505
0.022,3504
0.022,3503
0.022,3502
0.022,3501
0.023,3500
0.023,3499
0.023,3498
0.023,3497
0.023,3496
0.023,3495
0.023,3494
0.023,3493
0.023,3492
0.023,3491
0.023,3490
0.023,3489
0.023,3488
0.023,3487
0.023,3486
0.023,3485
0.023,3484
0.023,3483
0.023,3482
0.023,3481
0.023,3480
0.023,3479
0.023,3478
0.023,3477
0.023,3476
0.023,3475
0.023,3474
0.023,3473
0.023,3472
0.023,3471
0.024,3470
0.024,3469
0.024,3468
0.024,3467
0.024,3466
0.024,3465
0.024,3464
0.024,3463
0.024,3462
0.024,3461
0.024,3460
0.024,3459
0.024,3458
0.024,3457
0.024,3456
0.024,3455
0.024,3454
0.024,3453
0.025,3452
0.025,3451
0.025,3450
0.025,3449
0.025,3448
0.025,3447
0.025,3446
0.025,3445
0.025,3444
0.025,3443
0.025,3442
0.025,3441
0.025,3440
0.025,3439
0.025,3438
0.025,3437
0.025,3436
0.025,3435
0.025,3434
0.025,3433
0.025,3432
0.025,3431
0.025,3430
0.025,3429
0.025,3428
0.025,3427
0.025,3426
0.025,3425
0.025,3424
0.025,3423
0.025,3422
0.026,3421
0.026,3420
0.026,3419
0.026,3418
0.026,3417
0.026,3416
0.026,3415
0.026,3414
0.026,3413
0.026,3412
0.026,3411
0.026,3410
0.026,3409
0.026,3408
0.026,3407
0.026,3406
0.026,3405
0.026,3404
0.026,3403
0.026,3402
0.026,3401
0.026,3400
0.026,3399
0.026,3398
0.026,3397
0.026,3396
0.027,3395
0.027,3394
0.027,3393
0.027,3392
0.027,3391
0.027,3390
0.027,3389
0.027,3388
0.027,3387
0.027,3386
0.027,3385
0.027,3384
0.027,3383
0.027,3382
0.027,3381
0.027,3380
0.027,3379
0.027,3378
0.027,3377
0.027,3376
0.027,3375
0.027,3374
0.027,3373
0.027,3372
0.027,3371
0.028,3370
0.028,3369
0.028,3368
0.028,3367
0.028,3366
0.028,3365
0.028,3364
0.028,3363
0.028,3362
0.028,3361
0.028,3360
0.028,3359
0.028,3358
0.028,3357
0.028,3356
0.028,3355
0.028,3354
0.028,3353
0.028,3352
0.028,3351
0.028,3350
0.028,3349
0.028,3348
0.028,3347
0.028,3346
0.028,3345
0.028,3344
0.029,3343
0.029,3342
0.029,3341
0.029,3340
0.029,3339
0.029,3338
0.029,3337
0.029,3336
0.029,3335
0.029,3334
0.029,3333
0.029,3332
0.031,3331
0.033,3330
0.033,3329
0.033,3328
0.033,3327
0.033,3326
0.033,3325
0.033,3324
0.034,3323
0.034,3322
0.034,3321
0.034,3320
0.034,3319
0.034,3318
0.034,3317
0.034,3316
0.034,3315
0.034,3314
0.034,3313
0.034,3312
0.034,3311
0.034,3310
0.034,3309
0.034,3308
0.034,3307
0.034,3306
0.034,3305
0.034,3304
0.034,3303
0.034,3302
0.034,3301
0.034,3300
0.035,3299
0.035,3298
0.035,3297
0.035,3296
0.035,3295
0.035,3294
0.035,3293
0.035,3292
0.035,3291
0.035,3290
0.035,3289
0.035,3288
0.035,3287
0.035,3286
0.035,3285
0.035,3284
0.035,3283
0.035,3282
0.035,3281
0.035,3280
0.035,3279
0.035,3278
0.035,3277
0.035,3276
0.035,3275
0.036,3274
0.036,3273
0.036,3272
0.036,3271
0.036,3270
0.036,3269
0.036,3268
0.036,3267
0.036,3266
0.036,3265
0.036,3264
0.036,3263
0.036,3262
0.036,3261
0.036,3260
0.036,3259
0.036,3258
0.036,3257
0.036,3256
0.036,3255
0.036,3254
0.036,3253
0.036,3252
0.036,3251
0.036,3250
0.036,3249
0.036,3248
0.036,3247
0.037,3246
0.037,3245
0.037,3244
0.037,3243
0.037,3242
0.037,3241
0.037,3240
0.037,3239
0.037,3238
0.037,3237
0.037,3236
0.037,3235
0.037,3234
0.037,3233
0.037,3232
0.037,3231
0.037,3230
0.037,3229
0.037,3228
0.037,3227
0.037,3226
0.037,3225
0.037,3224
0.037,3223
0.037,3222
0.037,3221
0.038,3220
0.038,3219
0.038,3218
0.038,3217
0.038,3216
0.038,3215
0.038,3214
0.038,3213
0.038,3212
0.038,3211
0.038,3210
0.038,3209
0.038,3208
0.038,3207
0.038,3206
0.038,3205
0.038,3204
0.038,3203
0.038,3202
0.038,3201
0.038,3200
0.038,3199
0.038,3198
0.038,3197
0.038,3196
0.039,3195
0.039,3194
0.039,3193
0.039,3192
0.039,3191
0.039,3190
0.039,3189
0.039,3188
0.039,3187
0.039,3186
0.039,3185
0.039,3184
0.039,3183
0.039,3182
0.039,3181
0.039,3180
0.039,3179
0.039,3178
0.039,3177
0.039,3176
0.039,3175
0.039,3174
0.039,3173
0.039,3172
0.039,3171
0.039,3170
0.039,3169
0.04,3168
0.04,3167
0.04,3166
0.04,3165
0.04,3164
0.04,3163
0.04,3162
0.04,3161
0.04,3160
0.04,3159
0.04,3158
0.04,3157
0.04,3156
0.04,3155
0.04,3154
0.04,3153
0.04,3152
0.04,3151
0.04,3150
0.04,3149
0.04,3148
0.04,3147
0.04,3146
0.04,3145
0.04,3144
0.04,3143
0.04,3142
0.04,3141
0.04,3140
0.041,3139
0.041,3138
0.041,3137
0.041,3136
0.041,3135
0.041,3134
0.041,3133
0.041,3132
0.041,3131
0.041,3130
0.041,3129
0.041,3128
0.041,3127
0.041,3126
0.041,3125
0.041,3124
0.041,3123
0.041,3122
0.041,3121
0.041,3120
0.041,3119
0.041,3118
0.041,3117
0.041,3116
0.042,3115
0.042,3114
0.042,3113
0.042,3112
0.042,3111
0.042,3110
0.042,3109
0.042,3108
0.042,3107
0.042,3106
0.042,3105
0.042,3104
0.042,3103
0.042,3102
0.042,3101
0.042,3100
0.042,3099
0.042,3098
0.042,3097
0.042,3096
0.042,3095
0.042,3094
0.042,3093
0.043,3092
0.043,3091
0.043,3090
0.043,3089
0.043,3088
0.043,3087
0.043,3086
0.043,3085
0.043,3084
0.043,3083
0.043,3082
0.043,3081
0.043,3080
0.043,3079
0.043,3078
0.043,3077
0.043,3076
0.043,3075
0.043,3074
0.043,3073
0.043,3072
0.043,3071
0.043,3070
0.043,3069
0.043,3068
0.044,3067
0.044,3066
0.044,3065
0.044,3064
0.044,3063
0.044,3062
0.044,3061
0.044,3060
0.044,3059
0.044,3058
0.044,3057
0.044,3056
0.044,3055
0.044,3054
0.044,3053
0.044,3052
0.044,3051
0.044,3050
0.044,3049
0.044,3048
0.044,3047
0.044,3046
0.044,3045
0.044,3044
0.044,3043
0.044,3042
0.044,3041
0.045,3040
0.045,3039
0.045,3038
0.045,3037
0.045,3036
0.045,3035
0.045,3034
0.045,3033
0.045,3032
0.045,3031
0.045,3030
0.045,3029
0.045,3028
0.045,3027
0.045,3026
0.045,3025
0.045,3024
0.045,3023
0.045,3022
0.045,3021
0.045,3020
0.045,3019
0.046,3018
0.046,3017
0.046,3016
0.046,3015
0.046,3014
0.046,3013
0.046,3012
0.046,3011
0.046,3010
0.046,3009
0.046,3008
0.046,3007
0.046,3006
0.046,3005
0.046,3004
0.046,3003
0.047,3002
0.047,3001
0.047,3000
0.047,2999
0.047,2998
0.047,2997
0.047,2996
0.047,2995
0.047,2994
0.047,2993
0.047,2992
0.047,2991
0.047,2990
0.047,2989
0.047,2988
0.047,2987
0.047,2986
0.047,2985
0.047,2984
0.047,2983
0.047,2982
0.047,2981
0.047,2980
0.048,2979
0.048,2978
0.048,2977
0.048,2976
0.048,2975
0.048,2974
0.048,2973
0.048,2972
0.048,2971
0.048,2970
0.048,2969
0.048,2968
0.048,2967
0.048,2966
0.048,2965
0.048,2964
0.048,2963
0.049,2962
0.049,2961
0.049,2960
0.049,2959
0.049,2958
0.049,2957
0.049,2956
0.049,2955
0.049,2954
0.049,2953
0.049,2952
0.049,2951
0.049,2950
0.049,2949
0.049,2948
0.049,2947
0.05,2946
0.05,2945
0.05,2944
0.05,2943
0.05,2942
0.05,2941
0.05,2940
0.05,2939
0.05,2938
0.05,2937
0.05,2936
0.05,2935
0.05,2934
0.05,2933
0.05,2932
0.05,2931
0.05,2930
0.05,2929
0.05,2928
0.05,2927
0.05,2926
0.05,2925
0.05,2924
0.05,2923
0.05,2922
0.051,2921
0.051,2920
0.051,2919
0.051,2918
0.051,2917
0.051,2916
0.051,2915
0.051,2914
0.051,2913
0.051,2912
0.051,2911
0.051,2910
0.051,2909
0.051,2908
0.051,2907
0.051,2906
0.051,2905
0.052,2904
0.052,2903
0.052,2902
0.052,2901
0.052,2900
0.052,2899
0.052,2898
0.052,2897
0.052,2896
0.052,2895
0.052,2894
0.052,2893
0.052,2892
0.052,2891
0.052,2890
0.053,2889
0.053,2888
0.053,2887
0.053,2886
0.053,2885
0.053,2884
0.053,2883
0.053,2882
0.053,2881
0.053,2880
0.053,2879
0.053,2878
0.053,2877
0.053,2876
0.053,2875
0.053,2874
0.053,2873
0.054,2872
0.054,2871
0.054,2870
0.054,2869
0.054,2868
0.054,2867
0.054,2866
0.054,2865
0.054,2864
0.054,2863
0.054,2862
0.054,2861
0.054,2860
0.054,2859
0.054,2858
0.055,2857
0.055,2856
0.055,2855
0.055,2854
0.055,2853
0.055,2852
0.055,2851
0.055,2850
0.055,2849
0.055,2848
0.055,2847
0.055,2846
0.055,2845
0.055,2844
0.055,2843
0.055,2842
0.055,2841
0.055,2840
0.055,2839
0.055,2838
0.055,2837
0.056,2836
0.056,2835
0.056,2834
0.056,2833
0.056,2832
0.056,2831
0.056,2830
0.056,2829
0.056,2828
0.056,2827
0.056,2826
0.056,2825
0.056,2824
0.056,2823
0.056,2822
0.056,2821
0.056,2820
0.056,2819
0.056,2818
0.056,2817
0.056,2816
0.057,2815
0.057,2814
0.057,2813
0.057,2812
0.057,2811
0.057,2810
0.057,2809
0.057,2808
0.057,2807
0.057,2806
0.057,2805
0.057,2804
0.057,2803
0.057,2802
0.057,2801
0.057,2800
0.057,2799
0.057,2798
0.057,2797
0.057,2796
0.058,2795
0.058,2794
0.058,2793
0.058,2792
0.058,2791
0.058,2790
0.058,2789
0.058,2788
0.058,2787
0.058,2786
0.058,2785
0.058,2784
0.058,2783
0.058,2782
0.058,2781
0.058,2780
0.058,2779
0.058,2778
0.059,2777
0.059,2776
0.059,2775
0.059,2774
0.059,2773
0.059,2772
0.059,2771
0.059,2770
0.059,2769
0.059,2768
0.059,2767
0.059,2766
0.06,2765
0.06,2764
0.06,2763
0.06,2762
0.06,2761
0.06,2760
0.06,2759
0.06,2758
0.06,2757
0.06,2756
0.06,2755
0.06,2754
0.061,2753
0.061,2752
0.061,2751
0.061,2750
0.061,2749
0.061,2748
0.061,2747
0.061,2746
0.061,2745
0.061,2744
0.061,2743
0.061,2742
0.061,2741
0.062,2740
0.062,2739
0.062,2738
0.062,2737
0.062,2736
0.062,2735
0.062,2734
0.062,2733
0.062,2732
0.062,2731
0.062,2730
0.062,2729
0.062,2728
0.062,2727
0.062,2726
0.062,2725
0.063,2724
0.063,2723
0.063,2722
0.063,2721
0.063,2720
0.063,2719
0.063,2718
0.063,2717
0.063,2716
0.063,2715
0.063,2714
0.063,2713
0.063,2712
0.063,2711
0.063,2710
0.063,2709
0.063,2708
0.063,2707
0.063,2706
0.063,2705
0.063,2704
0.063,2703
0.064,2702
0.064,2701
0.064,2700
0.064,2699
0.064,2698
0.064,2697
0.064,2696
0.064,2695
0.064,2694
0.064,2693
0.064,2692
0.065,2691
0.065,2690
0.065,2689
0.065,2688
0.065,2687
0.065,2686
0.065,2685
0.065,2684
0.065,2683
0.065,2682
0.065,2681
0.065,2680
0.065,2679
0.065,2678
0.066,2677
0.066,2676
0.066,2675
0.066,2674
0.066,2673
0.066,2672
0.066,2671
0.066,2670
0.066,2669
0.066,2668
0.066,2667
0.066,2666
0.067,2665
0.067,2664
0.067,2663
0.067,2662
0.067,2661
0.067,2660
0.067,2659
0.067,2658
0.067,2657
0.067,2656
0.067,2655
0.068,2654
0.068,2653
0.068,2652
0.068,2651
0.068,2650
0.068,2649
0.068,2648
0.069,2647
0.069,2646
0.069,2645
0.069,2644
0.069,2643
0.07,2642
0.07,2641
0.07,2640
0.07,2639
0.07,2638
0.07,2637
0.07,2636
0.07,2635
0.07,2634
0.07,2633
0.07,2632
0.07,2631
0.07,2630
0.07,2629
0.071,2628
0.071,2627
0.071,2626
0.071,2625
0.071,2624
0.071,2623
0.071,2622
0.071,2621
0.071,2620
0.072,2619
0.072,2618
0.072,2617
0.072,2616
0.072,2615
0.072,2614
0.072,2613
0.072,2612
0.072,2611
0.072,2610
0.072,2609
0.073,2608
0.073,2607
0.073,2606
0.073,2605
0.073,2604
0.073,2603
0.073,2602
0.073,2601
0.074,2600
0.074,2599
0.074,2598
0.074,2597
0.074,2596
0.074,2595
0.074,2594
0.074,2593
0.074,2592
0.074,2591
0.074,2590
0.075,2589
0.075,2588
0.075,2587
0.075,2586
0.075,2585
0.075,2584
0.075,2583
0.075,2582
0.076,2581
0.076,2580
0.076,2579
0.076,2578
0.076,2577
0.076,2576
0.076,2575
0.076,2574
0.076,2573
0.076,2572
0.076,2571
0.076,2570
0.076,2569
0.077,2568
0.077,2567
0.077,2566
0.077,2565
0.077,2564
0.077,2563
0.077,2562
0.077,2561
0.077,2560
0.077,2559
0.077,2558
0.078,2557
0.078,2556
0.078,2555
0.078,2554
0.078,2553
0.079,2552
0.079,2551
0.079,2550
0.079,2549
0.079,2548
0.079,2547
0.079,2546
0.079,2545
0.08,2544
0.08,2543
0.08,2542
0.08,2541
0.08,2540
0.08,2539
0.08,2538
0.081,2537
0.081,2536
0.081,2535
0.081,2534
0.081,2533
0.082,2532
0.082,2531
0.082,2530
0.082,2529
0.082,2528
0.082,2527
0.082,2526
0.083,2525
0.083,2524
0.083,2523
0.083,2522
0.083,2521
0.083,2520
0.083,2519
0.084,2518
0.084,2517
0.084,2516
0.084,2515
0.084,2514
0.084,2513
0.085,2512
0.085,2511
0.085,2510
0.085,2509
0.085,2508
0.085,2507
0.085,2506
0.085,2505
0.085,2504
0.085,2503
0.086,2502
0.086,2501
0.087,2500
0.087,2499
0.087,2498
0.088,2497
0.088,2496
0.088,2495
0.088,2494
0.088,2493
0.088,2492
0.089,2491
0.089,2490
0.089,2489
0.089,2488
0.089,2487
0.09,2486
0.09,2485
0.09,2484
0.09,2483
0.092,2482
0.092,2481
0.092,2480
0.092,2479
0.092,2478
0.092,2477
0.093,2476
0.093,2475
0.093,2474
0.094,2473
0.094,2472
0.094,2471
0.094,2470
0.094,2469
0.094,2468
0.095,2467
0.095,2466
0.095,2465
0.095,2464
0.095,2463
0.096,2462
0.096,2461
0.097,2460
0.097,2459
0.097,2458
0.097,2457
0.097,2456
0.097,2455
0.098,2454
0.098,2453
0.098,2452
0.098,2451
0.098,2450
0.098,2449
0.098,2448
0.098,2447
0.098,2446
0.098,2445
0.099,2444
0.099,2443
0.099,2442
0.099,2441
0.099,2440
0.099,2439
0.1,2438
0.1,2437
0.1,2436
0.1,2435
0.1,2434
0.1,2433
0.101,2432
0.101,2431
0.101,2430
0.101,2429
0.101,2428
0.102,2427
0.102,2426
0.102,2425
0.102,2424
0.103,2423
0.103,2422
0.104,2421
0.104,2420
0.104,2419
0.105,2418
0.105,2417
0.106,2416
0.106,2415
0.106,2414
0.107,2413
0.108,2412
0.108,2411
0.108,2410
0.108,2409
0.109,2408
0.109,2407
0.109,2406
0.11,2405
0.11,2404
0.11,2403
0.111,2402
0.111,2401
0.112,2400
0.113,2399
0.113,2398
0.113,2397
0.113,2396
0.113,2395
0.114,2394
0.114,2393
0.115,2392
0.115,2391
0.116,2390
0.117,2389
0.117,2388
0.118,2387
0.121,2386
0.122,2385
0.122,2384
0.123,2383
0.133,2382
0.139,2381
0.143,2380
0.154,2379
