0.0,3713
0.001,3712
0.002,3711
0.002,3710
0.003,3709
0.003,3708
0.004,3707
0.004,3706
0.004,3705
0.004,3704
0.004,3703
0.004,3702
0.005,3701
0.005,3700
0.005,3699
0.005,3698
0.005,3697
0.005,3696
0.005,3695
0.006,3694
0.006,3693
0.006,3692
0.006,3691
0.006,3690
0.006,3689
0.006,3688
0.007,3687
0.007,3686
0.007,3685
0.007,3684
0.007,3683
0.008,3682
0.008,3681
0.008,3680
0.008,3679
0.008,3678
0.008,3677
0.008,3676
0.009,3675
0.009,3674
0.009,3673
0.009,3672
0.009,3671
0.009,3670
0.009,3669
0.01,3668
0.01,3667
0.01,3666
0.01,3665
0.01,3664
0.01,3663
0.01,3662
0.011,3661
0.011,3660
0.011,3659
0.011,3658
0.011,3657
0.011,3656
0.011,3655
0.011,3654
0.011,3653
0.012,3652
0.012,3651
0.012,3650
0.012,3649
0.012,3648
0.012,3647
0.012,3646
0.012,3645
0.012,3644
0.012,3643
0.012,3642
0.012,3641
0.012,3640
0.012,3639
0.012,3638
0.012,3637
0.012,3636
0.012,3635
0.012,3634
0.012,3633
0.012,3632
0.012,3631
0.012,3630
0.012,3629
0.012,3628
0.012,3627
0.012,3626
0.013,3625
0.013,3624
0.013,3623
0.015,3622
0.015,3621
0.015,3620
0.015,3619
0.015,3618
0.015,3617
0.015,3616
0.015,3615
0.015,3614
0.015,3613
0.015,3612
0.015,3611
0.015,3610
0.015,3609
0.015,3608
0.015,3607
0.015,3606
0.015,3605
0.015,3604
0.015,3603
0.015,3602
0.015,3601
0.015,3600
0.015,3599
0.015,3598
0.016,3597
0.016,3596
0.016,3595
0.016,3594
0.016,3593
0.016,3592
0.016,3591
0.016,3590
0.016,3589
0.016,3588
0.016,3587
0.016,3586
0.016,3585
0.016,3584
0.016,3583
0.016,3582
0.016,3581
0.016,3580
0.016,3579
0.016,3578
0.016,3577
0.016,3576
0.017,3575
0.017,3574
0.017,3573
0.017,3572
0.017,3571
0.017,3570
0.017,3569
0.017,3568
0.017,3567
0.017,3566
0.017,3565
0.017,3564
0.017,3563
0.017,3562
0.017,3561
0.017,3560
0.017,3559
0.017,3558
0.017,3557
0.017,3556
0.017,3555
0.017,3554
0.017,3553
0.017,3552
0.017,3551
0.017,3550
0.017,3549
0.017,3548
0.017,3547
0.018,3546
0.018,3545
0.018,3544
0.018,3543
0.018,3542
0.018,3541
0.018,3540
0.018,3539
0.018,3538
0.018,3537
0.018,3536
0.018,3535
0.018,3534
0.018,3533
0.018,3532
0.018,3531
0.018,3530
0.018,3529
0.018,3528
0.018,3527
0.018,3526
0.018,3525
0.018,3524
0.018,3523
0.019,3522
0.019,3521
0.019,3520
0.019,3519
0.019,3518
0.019,3517
0.019,3516
0.019,3515
0.019,3514
0.019,3513
0.019,3512
0.019,3511
0.019,3510
0.019,3509
0.019,3508
0.019,3507
0.019,3506
0.019,3505
0.019,3504
0.019,3503
0.019,3502
0.019,3501
0.019,3500
0.019,3499
0.019,3498
0.019,3497
0.019,3496
0.019,3495
0.02,3494
0.02,3493
0.02,3492
0.02,3491
0.02,3490
0.02,3489
0.02,3488
0.02,3487
0.02,3486
0.02,3485
0.02,3484
0.02,3483
0.02,3482
0.02,3481
0.02,3480
0.02,3479
0.02,3478
0.02,3477
0.02,3476
0.02,3475
0.02,3474
0.02,3473
0.02,3472
0.02,3471
0.02,3470
0.02,3469
0.02,3468
0.021,3467
0.021,3466
0.021,3465
0.021,3464
0.021,3463
0.021,3462
0.021,3461
0.021,3460
0.021,3459
0.021,3458
0.021,3457
0.021,3456
0.021,3455
0.021,3454
0.021,3453
0.021,3452
0.021,3451
0.021,3450
0.021,3449
0.021,3448
0.021,3447
0.021,3446
0.021,3445
0.021,3444
0.021,3443
0.021,3442
0.021,3441
0.021,3440
0.021,3439
0.021,3438
0.021,3437
0.022,3436
0.022,3435
0.022,3434
0.022,3433
0.022,3432
0.022,3431
0.022,3430
0.022,3429
0.022,3428
0.022,3427
0.022,3426
0.022,3425
0.022,3424
0.022,3423
0.022,3422
0.022,3421
0.022,3420
0.022,3419
0.022,3418
0.022,3417
0.022,3416
0.022,3415
0.022,3414
0.022,3413
0.022,3412
0.022,3411
0.022,3410
0.022,3409
0.022,3408
0.022,3407
0.022,3406
0.022,3405
0.022,3404
0.022,3403
0.022,3402
0.023,3401
0.023,3400
0.023,3399
0.023,3398
0.023,3397
0.023,3396
0.023,3395
0.023,3394
0.023,3393
0.023,3392
0.023,3391
0.023,3390
0.023,3389
0.023,3388
0.023,3387
0.023,3386
0.023,3385
0.023,3384
0.023,3383
0.023,3382
0.023,3381
0.023,3380
0.023,3379
0.023,3378
0.023,3377
0.023,3376
0.023,3375
0.023,3374
0.023,3373
0.024,3372
0.024,3371
0.024,3370
0.024,3369
0.024,3368
0.024,3367
0.024,3366
0.024,3365
0.024,3364
0.024,3363
0.024,3362
0.024,3361
0.024,3360
0.024,3359
0.024,3358
0.024,3357
0.024,3356
0.024,3355
0.024,3354
0.024,3353
0.024,3352
0.024,3351
0.024,3350
0.024,3349
0.024,3348
0.024,3347
0.024,3346
0.024,3345
0.024,3344
0.024,3343
0.025,3342
0.025,3341
0.025,3340
0.025,3339
0.025,3338
0.025,3337
0.025,3336
0.025,3335
0.025,3334
0.025,3333
0.025,3332
0.025,3331
0.027,3330
0.027,3329
0.027,3328
0.027,3327
0.028,3326
0.028,3325
0.028,3324
0.028,3323
0.028,3322
0.028,3321
0.028,3320
0.028,3319
0.028,3318
0.028,3317
0.028,3316
0.028,3315
0.028,3314
0.028,3313
0.028,3312
0.028,3311
0.028,3310
0.028,3309
0.028,3308
0.028,3307
0.028,3306
0.028,3305
0.028,3304
0.028,3303
0.028,3302
0.028,3301
0.028,3300
0.028,3299
0.028,3298
0.029,3297
0.029,3296
0.029,3295
0.029,3294
0.029,3293
0.029,3292
0.029,3291
0.029,3290
0.029,3289
0.029,3288
0.029,3287
0.029,3286
0.029,3285
0.029,3284
0.029,3283
0.029,3282
0.029,3281
0.029,3280
0.029,3279
0.029,3278
0.029,3277
0.029,3276
0.029,3275
0.029,3274
0.029,3273
0.029,3272
0.029,3271
0.029,3270
0.029,3269
0.029,3268
0.029,3267
0.029,3266
0.03,3265
0.03,3264
0.03,3263
0.03,3262
0.03,3261
0.03,3260
0.03,3259
0.03,3258
0.03,3257
0.03,3256
0.03,3255
0.03,3254
0.03,3253
0.03,3252
0.03,3251
0.03,3250
0.03,3249
0.03,3248
0.03,3247
0.03,3246
0.03,3245
0.03,3244
0.03,3243
0.03,3242
0.03,3241
0.03,3240
0.03,3239
0.03,3238
0.03,3237
0.03,3236
0.03,3235
0.03,3234
0.03,3233
0.03,3232
0.031,3231
0.031,3230
0.031,3229
0.031,3228
0.031,3227
0.031,3226
0.031,3225
0.031,3224
0.031,3223
0.031,3222
0.031,3221
0.031,3220
0.031,3219
0.031,3218
0.031,3217
0.031,3216
0.031,3215
0.031,3214
0.031,3213
0.031,3212
0.031,3211
0.031,3210
0.031,3209
0.031,3208
0.031,3207
0.031,3206
0.031,3205
0.031,3204
0.031,3203
0.031,3202
0.033,3201
0.033,3200
0.033,3199
0.033,3198
0.033,3197
0.033,3196
0.033,3195
0.033,3194
0.033,3193
0.033,3192
0.033,3191
0.033,3190
0.033,3189
0.033,3188
0.033,3187
0.033,3186
0.033,3185
0.033,3184
0.033,3183
0.033,3182
0.033,3181
0.033,3180
0.033,3179
0.034,3178
0.034,3177
0.034,3176
0.034,3175
0.034,3174
0.034,3173
0.034,3172
0.034,3171
0.034,3170
0.034,3169
0.034,3168
0.034,3167
0.034,3166
0.034,3165
0.034,3164
0.034,3163
0.034,3162
0.034,3161
0.034,3160
0.034,3159
0.034,3158
0.034,3157
0.034,3156
0.034,3155
0.035,3154
0.035,3153
0.035,3152
0.035,3151
0.035,3150
0.035,3149
0.035,3148
0.035,3147
0.035,3146
0.035,3145
0.035,3144
0.035,3143
0.035,3142
0.035,3141
0.035,3140
0.035,3139
0.035,3138
0.035,3137
0.035,3136
0.035,3135
0.035,3134
0.035,3133
0.036,3132
0.036,3131
0.036,3130
0.036,3129
0.036,3128
0.036,3127
0.036,3126
0.036,3125
0.036,3124
0.036,3123
0.036,3122
0.036,3121
0.036,3120
0.036,3119
0.036,3118
0.036,3117
0.036,3116
0.036,3115
0.036,3114
0.036,3113
0.036,3112
0.036,3111
0.037,3110
0.037,3109
0.037,3108
0.037,3107
0.037,3106
0.037,3105
0.037,3104
0.037,3103
0.037,3102
0.037,3101
0.037,3100
0.037,3099
0.037,3098
0.037,3097
0.037,3096
0.037,3095
0.037,3094
0.037,3093
0.037,3092
0.037,3091
0.037,3090
0.038,3089
0.038,3088
0.038,3087
0.038,3086
0.038,3085
0.038,3084
0.038,3083
0.038,3082
0.038,3081
0.038,3080
0.038,3079
0.038,3078
0.038,3077
0.038,3076
0.038,3075
0.038,3074
0.038,3073
0.038,3072
0.038,3071
0.038,3070
0.038,3069
0.038,3068
0.038,3067
0.038,3066
0.038,3065
0.038,3064
0.039,3063
0.039,3062
0.039,3061
0.039,3060
0.039,3059
0.039,3058
0.039,3057
0.039,3056
0.039,3055
0.039,3054
0.039,3053
0.039,3052
0.039,3051
0.039,3050
0.039,3049
0.039,3048
0.039,3047
0.039,3046
0.039,3045
0.039,3044
0.039,3043
0.039,3042
0.039,3041
0.039,3040
0.039,3039
0.039,3038
0.039,3037
0.039,3036
0.04,3035
0.04,3034
0.04,3033
0.04,3032
0.04,3031
0.04,3030
0.04,3029
0.04,3028
0.04,3027
0.04,3026
0.04,3025
0.04,3024
0.04,3023
0.04,3022
0.04,3021
0.04,3020
0.04,3019
0.04,3018
0.04,3017
0.04,3016
0.04,3015
0.04,3014
0.04,3013
0.04,3012
0.04,3011
0.04,3010
0.04,3009
0.041,3008
0.041,3007
0.041,3006
0.041,3005
0.041,3004
0.041,3003
0.041,3002
0.041,3001
0.041,3000
0.041,2999
0.041,2998
0.041,2997
0.041,2996
0.041,2995
0.041,2994
0.041,2993
0.041,2992
0.041,2991
0.041,2990
0.041,2989
0.041,2988
0.041,2987
0.041,2986
0.041,2985
0.041,2984
0.042,2983
0.042,2982
0.042,2981
0.042,2980
0.042,2979
0.042,2978
0.042,2977
0.042,2976
0.042,2975
0.042,2974
0.042,2973
0.042,2972
0.042,2971
0.042,2970
0.042,2969
0.042,2968
0.042,2967
0.043,2966
0.043,2965
0.043,2964
0.043,2963
0.043,2962
0.043,2961
0.043,2960
0.043,2959
0.043,2958
0.043,2957
0.043,2956
0.043,2955
0.043,2954
0.043,2953
0.043,2952
0.043,2951
0.043,2950
0.043,2949
0.044,2948
0.044,2947
0.044,2946
0.044,2945
0.044,2944
0.044,2943
0.044,2942
0.044,2941
0.044,2940
0.044,2939
0.044,2938
0.044,2937
0.044,2936
0.044,2935
0.044,2934
0.044,2933
0.044,2932
0.044,2931
0.044,2930
0.044,2929
0.044,2928
0.044,2927
0.044,2926
0.044,2925
0.045,2924
0.045,2923
0.045,2922
0.045,2921
0.045,2920
0.045,2919
0.045,2918
0.045,2917
0.045,2916
0.045,2915
0.045,2914
0.045,2913
0.045,2912
0.045,2911
0.045,2910
0.045,2909
0.045,2908
0.045,2907
0.045,2906
0.045,2905
0.045,2904
0.046,2903
0.046,2902
0.046,2901
0.046,2900
0.046,2899
0.046,2898
0.046,2897
0.046,2896
0.046,2895
0.046,2894
0.046,2893
0.046,2892
0.046,2891
0.046,2890
0.046,2889
0.046,2888
0.046,2887
0.046,2886
0.046,2885
0.046,2884
0.046,2883
0.046,2882
0.046,2881
0.047,2880
0.047,2879
0.047,2878
0.047,2877
0.047,2876
0.047,2875
0.047,2874
0.047,2873
0.047,2872
0.047,2871
0.047,2870
0.047,2869
0.047,2868
0.047,2867
0.047,2866
0.047,2865
0.047,2864
0.047,2863
0.047,2862
0.048,2861
0.048,2860
0.048,2859
0.048,2858
0.048,2857
0.048,2856
0.048,2855
0.048,2854
0.048,2853
0.048,2852
0.048,2851
0.048,2850
0.048,2849
0.048,2848
0.048,2847
0.048,2846
0.048,2845
0.048,2844
0.049,2843
0.049,2842
0.049,2841
0.049,2840
0.049,2839
0.049,2838
0.049,2837
0.049,2836
0.049,2835
0.049,2834
0.049,2833
0.049,2832
0.049,2831
0.049,2830
0.049,2829
0.049,2828
0.049,2827
0.049,2826
0.049,2825
0.049,2824
0.049,2823
0.05,2822
0.05,2821
0.05,2820
0.05,2819
0.05,2818
0.05,2817
0.05,2816
0.05,2815
0.05,2814
0.05,2813
0.05,2812
0.05,2811
0.05,2810
0.05,2809
0.05,2808
0.051,2807
0.051,2806
0.051,2805
0.051,2804
0.051,2803
0.051,2802
0.051,2801
0.051,2800
0.051,2799
0.051,2798
0.051,2797
0.051,2796
0.051,2795
0.051,2794
0.051,2793
0.051,2792
0.051,2791
0.051,2790
0.051,2789
0.051,2788
0.051,2787
0.051,2786
0.052,2785
0.052,2784
0.052,2783
0.052,2782
0.052,2781
0.052,2780
0.052,2779
0.052,2778
0.052,2777
0.052,2776
0.052,2775
0.052,2774
0.052,2773
0.052,2772
0.053,2771
0.053,2770
0.053,2769
0.053,2768
0.053,2767
0.053,2766
0.053,2765
0.053,2764
0.053,2763
0.053,2762
0.053,2761
0.053,2760
0.053,2759
0.053,2758
0.053,2757
0.053,2756
0.053,2755
0.053,2754
0.053,2753
0.054,2752
0.054,2751
0.054,2750
0.054,2749
0.054,2748
0.054,2747
0.054,2746
0.054,2745
0.054,2744
0.054,2743
0.054,2742
0.054,2741
0.054,2740
0.054,2739
0.054,2738
0.054,2737
0.054,2736
0.054,2735
0.054,2734
0.054,2733
0.054,2732
0.054,2731
0.054,2730
0.054,2729
0.054,2728
0.055,2727
0.055,2726
0.055,2725
0.055,2724
0.055,2723
0.055,2722
0.055,2721
0.055,2720
0.055,2719
0.055,2718
0.055,2717
0.055,2716
0.055,2715
0.055,2714
0.055,2713
0.056,2712
0.056,2711
0.056,2710
0.056,2709
0.056,2708
0.056,2707
0.056,2706
0.056,2705
0.056,2704
0.056,2703
0.056,2702
0.056,2701
0.056,2700
0.056,2699
0.056,2698
0.056,2697
0.056,2696
0.057,2695
0.057,2694
0.057,2693
0.057,2692
0.057,2691
0.057,2690
0.057,2689
0.057,2688
0.057,2687
0.057,2686
0.057,2685
0.057,2684
0.057,2683
0.058,2682
0.058,2681
0.058,2680
0.058,2679
0.058,2678
0.058,2677
0.058,2676
0.058,2675
0.059,2674
0.059,2673
0.059,2672
0.059,2671
0.059,2670
0.059,2669
0.059,2668
0.059,2667
0.059,2666
0.059,2665
0.059,2664
0.06,2663
0.06,2662
0.06,2661
0.06,2660
0.06,2659
0.06,2658
0.06,2657
0.06,2656
0.06,2655
0.06,2654
0.061,2653
0.061,2652
0.061,2651
0.061,2650
0.061,2649
0.061,2648
0.061,2647
0.061,2646
0.061,2645
0.061,2644
0.061,2643
0.061,2642
0.061,2641
0.061,2640
0.061,2639
0.062,2638
0.062,2637
0.062,2636
0.062,2635
0.062,2634
0.062,2633
0.062,2632
0.062,2631
0.063,2630
0.063,2629
0.063,2628
0.063,2627
0.063,2626
0.063,2625
0.063,2624
0.064,2623
0.064,2622
0.064,2621
0.064,2620
0.064,2619
0.064,2618
0.064,2617
0.064,2616
0.064,2615
0.064,2614
0.064,2613
0.064,2612
0.064,2611
0.064,2610
0.064,2609
0.064,2608
0.065,2607
0.065,2606
0.065,2605
0.065,2604
0.065,2603
0.065,2602
0.065,2601
0.065,2600
0.065,2599
0.065,2598
0.065,2597
0.065,2596
0.065,2595
0.065,2594
0.065,2593
0.065,2592
0.065,2591
0.066,2590
0.066,2589
0.066,2588
0.066,2587
0.066,2586
0.066,2585
0.066,2584
0.066,2583
0.066,2582
0.066,2581
0.066,2580
0.066,2579
0.067,2578
0.067,2577
0.067,2576
0.068,2575
0.068,2574
0.068,2573
0.068,2572
0.068,2571
0.068,2570
0.068,2569
0.068,2568
0.069,2567
0.069,2566
0.069,2565
0.069,2564
0.069,2563
0.069,2562
0.069,2561
0.069,2560
0.069,2559
0.069,2558
0.069,2557
0.07,2556
0.07,2555
0.07,2554
0.07,2553
0.07,2552
0.07,2551
0.07,2550
0.07,2549
0.07,2548
0.07,2547
0.07,2546
0.071,2545
0.071,2544
0.071,2543
0.071,2542
0.071,2541
0.071,2540
0.071,2539
0.071,2538
0.071,2537
0.072,2536
0.072,2535
0.072,2534
0.072,2533
0.072,2532
0.072,2531
0.072,2530
0.072,2529
0.072,2528
0.072,2527
0.072,2526
0.073,2525
0.073,2524
0.073,2523
0.073,2522
0.073,2521
0.073,2520
0.073,2519
0.073,2518
0.073,2517
0.073,2516
0.073,2515
0.074,2514
0.074,2513
0.074,2512
0.074,2511
0.074,2510
0.074,2509
0.074,2508
0.074,2507
0.074,2506
0.074,2505
0.075,2504
0.075,2503
0.075,2502
0.075,2501
0.076,2500
0.076,2499
0.076,2498
0.076,2497
0.076,2496
0.076,2495
0.077,2494
0.077,2493
0.077,2492
0.077,2491
0.077,2490
0.077,2489
0.078,2488
0.078,2487
0.078,2486
0.078,2485
0.078,2484
0.078,2483
0.078,2482
0.078,2481
0.078,2480
0.079,2479
0.079,2478
0.079,2477
0.079,2476
0.079,2475
0.079,2474
0.079,2473
0.079,2472
0.08,2471
0.08,2470
0.08,2469
0.081,2468
0.081,2467
0.082,2466
0.082,2465
0.083,2464
0.083,2463
0.083,2462
0.083,2461
0.086,2460
0.086,2459
0.086,2458
0.086,2457
0.086,2456
0.087,2455
0.087,2454
0.087,2453
0.087,2452
0.087,2451
0.087,2450
0.087,2449
0.087,2448
0.088,2447
0.088,2446
0.088,2445
0.088,2444
0.088,2443
0.088,2442
0.088,2441
0.088,2440
0.088,2439
0.088,2438
0.088,2437
0.089,2436
0.089,2435
0.089,2434
0.089,2433
0.089,2432
0.089,2431
0.089,2430
0.089,2429
0.089,2428
0.09,2427
0.09,2426
0.09,2425
0.09,2424
0.09,2423
0.09,2422
0.09,2421
0.09,2420
0.09,2419
0.09,2418
0.09,2417
0.09,2416
0.091,2415
0.091,2414
0.091,2413
0.091,2412
0.091,2411
0.091,2410
0.092,2409
0.092,2408
0.092,2407
0.092,2406
0.092,2405
0.092,2404
0.092,2403
0.092,2402
0.092,2401
0.092,2400
0.092,2399
0.093,2398
0.093,2397
0.093,2396
0.093,2395
0.094,2394
0.094,2393
0.094,2392
0.094,2391
0.094,2390
0.095,2389
0.096,2388
0.097,2387
0.097,2386
0.097,2385
0.097,2384
0.097,2383
0.098,2382
0.098,2381
0.098,2380
0.098,2379
0.098,2378
0.098,2377
0.098,2376
0.098,2375
0.099,2374
0.099,2373
0.099,2372
0.101,2371
0.103,2370
0.103,2369
0.103,2368
0.104,2367
0.105,2366
0.105,2365
0.108,2364
0.11,2363
0.111,2362
0.112,2361
0.114,2360
0.115,2359
0.122,2358
