0.0,3713
0.001,3712
0.003,3711
0.003,3710
0.003,3709
0.003,3708
0.004,3707
0.004,3706
0.005,3705
0.005,3704
0.005,3703
0.006,3702
0.006,3701
0.006,3700
0.006,3699
0.007,3698
0.007,3697
0.007,3696
0.007,3695
0.007,3694
0.007,3693
0.007,3692
0.007,3691
0.008,3690
0.008,3689
0.008,3688
0.008,3687
0.008,3686
0.008,3685
0.009,3684
0.009,3683
0.009,3682
0.009,3681
0.009,3680
0.009,3679
0.009,3678
0.009,3677
0.009,3676
0.01,3675
0.01,3674
0.01,3673
0.01,3672
0.01,3671
0.01,3670
0.01,3669
0.011,3668
0.011,3667
0.011,3666
0.011,3665
0.011,3664
0.011,3663
0.011,3662
0.011,3661
0.011,3660
0.011,3659
0.011,3658
0.011,3657
0.012,3656
0.012,3655
0.012,3654
0.012,3653
0.012,3652
0.012,3651
0.012,3650
0.012,3649
0.012,3648
0.013,3647
0.013,3646
0.013,3645
0.013,3644
0.013,3643
0.013,3642
0.013,3641
0.013,3640
0.013,3639
0.013,3638
0.013,3637
0.013,3636
0.013,3635
0.013,3634
0.013,3633
0.013,3632
0.013,3631
0.013,3630
0.013,3629
0.013,3628
0.013,3627
0.013,3626
0.013,3625
0.013,3624
0.013,3623
0.013,3622
0.013,3621
0.013,3620
0.013,3619
0.013,3618
0.014,3617
0.014,3616
0.014,3615
0.014,3614
0.014,3613
0.014,3612
0.014,3611
0.014,3610
0.014,3609
0.014,3608
0.014,3607
0.014,3606
0.014,3605
0.014,3604
0.014,3603
0.014,3602
0.014,3601
0.014,3600
0.014,3599
0.014,3598
0.014,3597
0.014,3596
0.014,3595
0.014,3594
0.014,3593
0.014,3592
0.015,3591
0.015,3590
0.015,3589
0.015,3588
0.015,3587
0.015,3586
0.015,3585
0.015,3584
0.015,3583
0.015,3582
0.015,3581
0.015,3580
0.015,3579
0.015,3578
0.015,3577
0.015,3576
0.015,3575
0.015,3574
0.015,3573
0.015,3572
0.015,3571
0.015,3570
0.017,3569
0.017,3568
0.017,3567
0.017,3566
0.017,3565
0.018,3564
0.018,3563
0.018,3562
0.018,3561
0.018,3560
0.018,3559
0.018,3558
0.018,3557
0.018,3556
0.018,3555
0.018,3554
0.018,3553
0.018,3552
0.018,3551
0.018,3550
0.018,3549
0.018,3548
0.018,3547
0.018,3546
0.018,3545
0.018,3544
0.018,3543
0.018,3542
0.018,3541
0.018,3540
0.018,3539
0.018,3538
0.018,3537
0.018,3536
0.018,3535
0.018,3534
0.018,3533
0.019,3532
0.019,3531
0.019,3530
0.019,3529
0.019,3528
0.019,3527
0.019,3526
0.019,3525
0.019,3524
0.019,3523
0.019,3522
0.019,3521
0.019,3520
0.019,3519
0.019,3518
0.019,3517
0.019,3516
0.019,3515
0.019,3514
0.019,3513
0.019,3512
0.019,3511
0.019,3510
0.019,3509
0.019,3508
0.019,3507
0.02,3506
0.02,3505
0.02,3504
0.02,3503
0.02,3502
0.02,3501
0.02,3500
0.02,3499
0.02,3498
0.02,3497
0.02,3496
0.02,3495
0.02,3494
0.02,3493
0.02,3492
0.02,3491
0.02,3490
0.02,3489
0.02,3488
0.02,3487
0.02,3486
0.02,3485
0.02,3484
0.02,3483
0.02,3482
0.02,3481
0.02,3480
0.02,3479
0.02,3478
0.02,3477
0.02,3476
0.021,3475
0.021,3474
0.021,3473
0.021,3472
0.021,3471
0.021,3470
0.021,3469
0.021,3468
0.021,3467
0.021,3466
0.021,3465
0.021,3464
0.021,3463
0.021,3462
0.021,3461
0.021,3460
0.021,3459
0.021,3458
0.021,3457
0.021,3456
0.021,3455
0.021,3454
0.021,3453
0.021,3452
0.021,3451
0.022,3450
0.022,3449
0.022,3448
0.022,3447
0.022,3446
0.022,3445
0.022,3444
0.022,3443
0.022,3442
0.022,3441
0.022,3440
0.022,3439
0.022,3438
0.022,3437
0.022,3436
0.022,3435
0.022,3434
0.022,3433
0.022,3432
0.022,3431
0.022,3430
0.022,3429
0.022,3428
0.022,3427
0.022,3426
0.022,3425
0.022,3424
0.022,3423
0.022,3422
0.022,3421
0.022,3420
0.023,3419
0.023,3418
0.023,3417
0.023,3416
0.023,3415
0.023,3414
0.023,3413
0.023,3412
0.023,3411
0.023,3410
0.023,3409
0.023,3408
0.023,3407
0.023,3406
0.023,3405
0.023,3404
0.023,3403
0.023,3402
0.023,3401
0.023,3400
0.023,3399
0.023,3398
0.023,3397
0.023,3396
0.023,3395
0.023,3394
0.023,3393
0.023,3392
0.023,3391
0.023,3390
0.023,3389
0.023,3388
0.023,3387
0.023,3386
0.023,3385
0.023,3384
0.023,3383
0.024,3382
0.024,3381
0.024,3380
0.024,3379
0.024,3378
0.024,3377
0.024,3376
0.024,3375
0.024,3374
0.024,3373
0.024,3372
0.024,3371
0.024,3370
0.024,3369
0.024,3368
0.024,3367
0.024,3366
0.024,3365
0.024,3364
0.024,3363
0.024,3362
0.024,3361
0.024,3360
0.024,3359
0.024,3358
0.024,3357
0.024,3356
0.024,3355
0.024,3354
0.025,3353
0.025,3352
0.025,3351
0.025,3350
0.025,3349
0.025,3348
0.025,3347
0.025,3346
0.025,3345
0.025,3344
0.025,3343
0.025,3342
0.025,3341
0.025,3340
0.025,3339
0.025,3338
0.025,3337
0.025,3336
0.025,3335
0.025,3334
0.025,3333
0.025,3332
0.025,3331
0.027,3330
0.028,3329
0.028,3328
0.028,3327
0.028,3326
0.028,3325
0.028,3324
0.028,3323
0.028,3322
0.028,3321
0.028,3320
0.028,3319
0.028,3318
0.028,3317
0.028,3316
0.028,3315
0.028,3314
0.028,3313
0.028,3312
0.028,3311
0.028,3310
0.028,3309
0.028,3308
0.028,3307
0.028,3306
0.028,3305
0.028,3304
0.028,3303
0.028,3302
0.028,3301
0.028,3300
0.028,3299
0.028,3298
0.028,3297
0.028,3296
0.028,3295
0.029,3294
0.029,3293
0.029,3292
0.029,3291
0.029,3290
0.029,3289
0.029,3288
0.029,3287
0.029,3286
0.029,3285
0.029,3284
0.029,3283
0.029,3282
0.029,3281
0.029,3280
0.029,3279
0.029,3278
0.029,3277
0.029,3276
0.029,3275
0.029,3274
0.029,3273
0.029,3272
0.029,3271
0.029,3270
0.029,3269
0.029,3268
0.029,3267
0.029,3266
0.029,3265
0.029,3264
0.029,3263
0.029,3262
0.029,3261
0.029,3260
0.029,3259
0.029,3258
0.03,3257
0.03,3256
0.03,3255
0.03,3254
0.03,3253
0.03,3252
0.03,3251
0.03,3250
0.03,3249
0.03,3248
0.03,3247
0.03,3246
0.03,3245
0.03,3244
0.03,3243
0.03,3242
0.03,3241
0.03,3240
0.03,3239
0.03,3238
0.03,3237
0.03,3236
0.03,3235
0.03,3234
0.03,3233
0.03,3232
0.03,3231
0.031,3230
0.031,3229
0.031,3228
0.031,3227
0.031,3226
0.031,3225
0.031,3224
0.031,3223
0.031,3222
0.031,3221
0.031,3220
0.031,3219
0.031,3218
0.031,3217
0.031,3216
0.031,3215
0.031,3214
0.031,3213
0.031,3212
0.031,3211
0.031,3210
0.031,3209
0.031,3208
0.031,3207
0.032,3206
0.032,3205
0.032,3204
0.032,3203
0.032,3202
0.033,3201
0.033,3200
0.033,3199
0.033,3198
0.033,3197
0.033,3196
0.033,3195
0.033,3194
0.033,3193
0.033,3192
0.033,3191
0.033,3190
0.033,3189
0.033,3188
0.033,3187
0.033,3186
0.033,3185
0.033,3184
0.034,3183
0.034,3182
0.034,3181
0.034,3180
0.034,3179
0.034,3178
0.034,3177
0.034,3176
0.034,3175
0.034,3174
0.034,3173
0.034,3172
0.034,3171
0.034,3170
0.034,3169
0.034,3168
0.034,3167
0.034,3166
0.034,3165
0.034,3164
0.034,3163
0.034,3162
0.034,3161
0.034,3160
0.034,3159
0.034,3158
0.035,3157
0.035,3156
0.035,3155
0.035,3154
0.035,3153
0.035,3152
0.035,3151
0.035,3150
0.035,3149
0.035,3148
0.035,3147
0.035,3146
0.035,3145
0.035,3144
0.035,3143
0.035,3142
0.035,3141
0.035,3140
0.035,3139
0.035,3138
0.035,3137
0.035,3136
0.035,3135
0.035,3134
0.035,3133
0.035,3132
0.035,3131
0.035,3130
0.036,3129
0.036,3128
0.036,3127
0.036,3126
0.036,3125
0.036,3124
0.036,3123
0.036,3122
0.036,3121
0.036,3120
0.036,3119
0.036,3118
0.036,3117
0.036,3116
0.036,3115
0.036,3114
0.036,3113
0.036,3112
0.036,3111
0.036,3110
0.036,3109
0.036,3108
0.036,3107
0.036,3106
0.036,3105
0.036,3104
0.036,3103
0.036,3102
0.036,3101
0.036,3100
0.036,3099
0.036,3098
0.036,3097
0.036,3096
0.037,3095
0.037,3094
0.037,3093
0.037,3092
0.037,3091
0.037,3090
0.037,3089
0.037,3088
0.037,3087
0.037,3086
0.037,3085
0.037,3084
0.037,3083
0.037,3082
0.037,3081
0.037,3080
0.037,3079
0.037,3078
0.037,3077
0.037,3076
0.037,3075
0.037,3074
0.037,3073
0.037,3072
0.037,3071
0.037,3070
0.038,3069
0.038,3068
0.038,3067
0.038,3066
0.038,3065
0.038,3064
0.038,3063
0.038,3062
0.038,3061
0.038,3060
0.038,3059
0.038,3058
0.038,3057
0.038,3056
0.038,3055
0.038,3054
0.038,3053
0.038,3052
0.038,3051
0.038,3050
0.038,3049
0.038,3048
0.038,3047
0.038,3046
0.038,3045
0.039,3044
0.039,3043
0.039,3042
0.039,3041
0.039,3040
0.039,3039
0.039,3038
0.039,3037
0.039,3036
0.039,3035
0.039,3034
0.039,3033
0.039,3032
0.039,3031
0.039,3030
0.039,3029
0.039,3028
0.039,3027
0.039,3026
0.039,3025
0.039,3024
0.039,3023
0.039,3022
0.039,3021
0.039,3020
0.039,3019
0.039,3018
0.039,3017
0.039,3016
0.04,3015
0.04,3014
0.04,3013
0.04,3012
0.04,3011
0.04,3010
0.04,3009
0.04,3008
0.04,3007
0.04,3006
0.04,3005
0.04,3004
0.04,3003
0.04,3002
0.04,3001
0.04,3000
0.04,2999
0.04,2998
0.04,2997
0.04,2996
0.04,2995
0.041,2994
0.041,2993
0.041,2992
0.041,2991
0.041,2990
0.041,2989
0.041,2988
0.041,2987
0.041,2986
0.041,2985
0.041,2984
0.041,2983
0.041,2982
0.041,2981
0.041,2980
0.041,2979
0.041,2978
0.041,2977
0.041,2976
0.042,2975
0.042,2974
0.042,2973
0.042,2972
0.042,2971
0.042,2970
0.042,2969
0.042,2968
0.042,2967
0.042,2966
0.042,2965
0.042,2964
0.042,2963
0.042,2962
0.042,2961
0.042,2960
0.042,2959
0.042,2958
0.042,2957
0.042,2956
0.042,2955
0.042,2954
0.042,2953
0.042,2952
0.042,2951
0.043,2950
0.043,2949
0.043,2948
0.043,2947
0.043,2946
0.043,2945
0.043,2944
0.043,2943
0.043,2942
0.043,2941
0.043,2940
0.043,2939
0.043,2938
0.043,2937
0.043,2936
0.043,2935
0.043,2934
0.043,2933
0.043,2932
0.043,2931
0.043,2930
0.043,2929
0.043,2928
0.043,2927
0.043,2926
0.044,2925
0.044,2924
0.044,2923
0.044,2922
0.044,2921
0.044,2920
0.044,2919
0.044,2918
0.044,2917
0.044,2916
0.044,2915
0.044,2914
0.044,2913
0.044,2912
0.044,2911
0.044,2910
0.044,2909
0.044,2908
0.044,2907
0.044,2906
0.044,2905
0.044,2904
0.044,2903
0.044,2902
0.044,2901
0.045,2900
0.045,2899
0.045,2898
0.045,2897
0.045,2896
0.045,2895
0.045,2894
0.045,2893
0.045,2892
0.045,2891
0.045,2890
0.045,2889
0.045,2888
0.045,2887
0.045,2886
0.045,2885
0.045,2884
0.045,2883
0.045,2882
0.045,2881
0.045,2880
0.045,2879
0.045,2878
0.045,2877
0.045,2876
0.045,2875
0.045,2874
0.045,2873
0.045,2872
0.045,2871
0.045,2870
0.045,2869
0.046,2868
0.046,2867
0.046,2866
0.046,2865
0.046,2864
0.046,2863
0.046,2862
0.046,2861
0.046,2860
0.046,2859
0.046,2858
0.046,2857
0.046,2856
0.046,2855
0.046,2854
0.046,2853
0.046,2852
0.046,2851
0.046,2850
0.046,2849
0.046,2848
0.046,2847
0.046,2846
0.046,2845
0.046,2844
0.046,2843
0.046,2842
0.046,2841
0.046,2840
0.046,2839
0.046,2838
0.047,2837
0.047,2836
0.047,2835
0.047,2834
0.047,2833
0.047,2832
0.047,2831
0.047,2830
0.047,2829
0.047,2828
0.047,2827
0.047,2826
0.047,2825
0.047,2824
0.047,2823
0.047,2822
0.047,2821
0.047,2820
0.047,2819
0.047,2818
0.047,2817
0.047,2816
0.048,2815
0.048,2814
0.048,2813
0.048,2812
0.048,2811
0.048,2810
0.048,2809
0.048,2808
0.048,2807
0.048,2806
0.048,2805
0.048,2804
0.048,2803
0.049,2802
0.049,2801
0.049,2800
0.049,2799
0.049,2798
0.049,2797
0.049,2796
0.049,2795
0.049,2794
0.049,2793
0.049,2792
0.049,2791
0.049,2790
0.049,2789
0.049,2788
0.049,2787
0.049,2786
0.049,2785
0.05,2784
0.05,2783
0.05,2782
0.05,2781
0.05,2780
0.05,2779
0.05,2778
0.05,2777
0.05,2776
0.05,2775
0.05,2774
0.05,2773
0.05,2772
0.05,2771
0.05,2770
0.05,2769
0.05,2768
0.05,2767
0.05,2766
0.05,2765
0.05,2764
0.05,2763
0.051,2762
0.051,2761
0.051,2760
0.051,2759
0.051,2758
0.051,2757
0.051,2756
0.051,2755
0.051,2754
0.051,2753
0.051,2752
0.051,2751
0.051,2750
0.051,2749
0.051,2748
0.051,2747
0.051,2746
0.051,2745
0.051,2744
0.051,2743
0.052,2742
0.052,2741
0.052,2740
0.052,2739
0.052,2738
0.052,2737
0.052,2736
0.052,2735
0.052,2734
0.052,2733
0.052,2732
0.052,2731
0.052,2730
0.052,2729
0.052,2728
0.052,2727
0.052,2726
0.052,2725
0.052,2724
0.052,2723
0.052,2722
0.052,2721
0.052,2720
0.052,2719
0.052,2718
0.052,2717
0.052,2716
0.053,2715
0.053,2714
0.053,2713
0.053,2712
0.053,2711
0.053,2710
0.053,2709
0.053,2708
0.053,2707
0.053,2706
0.053,2705
0.053,2704
0.053,2703
0.053,2702
0.053,2701
0.053,2700
0.053,2699
0.053,2698
0.054,2697
0.054,2696
0.054,2695
0.054,2694
0.054,2693
0.054,2692
0.054,2691
0.054,2690
0.054,2689
0.054,2688
0.054,2687
0.054,2686
0.054,2685
0.054,2684
0.054,2683
0.054,2682
0.054,2681
0.054,2680
0.054,2679
0.054,2678
0.055,2677
0.055,2676
0.055,2675
0.055,2674
0.055,2673
0.055,2672
0.055,2671
0.055,2670
0.055,2669
0.055,2668
0.056,2667
0.056,2666
0.056,2665
0.056,2664
0.056,2663
0.056,2662
0.056,2661
0.056,2660
0.056,2659
0.056,2658
0.056,2657
0.056,2656
0.056,2655
0.056,2654
0.056,2653
0.057,2652
0.057,2651
0.057,2650
0.057,2649
0.057,2648
0.057,2647
0.057,2646
0.058,2645
0.058,2644
0.058,2643
0.058,2642
0.058,2641
0.058,2640
0.058,2639
0.058,2638
0.058,2637
0.058,2636
0.059,2635
0.059,2634
0.059,2633
0.059,2632
0.059,2631
0.059,2630
0.059,2629
0.059,2628
0.059,2627
0.059,2626
0.059,2625
0.059,2624
0.059,2623
0.059,2622
0.059,2621
0.06,2620
0.06,2619
0.06,2618
0.06,2617
0.06,2616
0.06,2615
0.06,2614
0.06,2613
0.06,2612
0.06,2611
0.06,2610
0.06,2609
0.06,2608
0.06,2607
0.06,2606
0.06,2605
0.06,2604
0.061,2603
0.061,2602
0.061,2601
0.061,2600
0.061,2599
0.061,2598
0.061,2597
0.061,2596
0.061,2595
0.061,2594
0.061,2593
0.061,2592
0.061,2591
0.061,2590
0.062,2589
0.062,2588
0.062,2587
0.062,2586
0.062,2585
0.062,2584
0.062,2583
0.062,2582
0.062,2581
0.062,2580
0.063,2579
0.063,2578
0.063,2577
0.063,2576
0.063,2575
0.063,2574
0.063,2573
0.063,2572
0.064,2571
0.064,2570
0.064,2569
0.064,2568
0.064,2567
0.064,2566
0.064,2565
0.064,2564
0.064,2563
0.064,2562
0.064,2561
0.064,2560
0.064,2559
0.064,2558
0.065,2557
0.065,2556
0.065,2555
0.065,2554
0.065,2553
0.065,2552
0.065,2551
0.065,2550
0.065,2549
0.066,2548
0.066,2547
0.066,2546
0.066,2545
0.066,2544
0.066,2543
0.066,2542
0.066,2541
0.067,2540
0.067,2539
0.067,2538
0.067,2537
0.067,2536
0.067,2535
0.067,2534
0.067,2533
0.068,2532
0.068,2531
0.068,2530
0.068,2529
0.068,2528
0.068,2527
0.068,2526
0.068,2525
0.068,2524
0.068,2523
0.069,2522
0.069,2521
0.069,2520
0.069,2519
0.069,2518
0.069,2517
0.07,2516
0.07,2515
0.07,2514
0.07,2513
0.07,2512
0.07,2511
0.07,2510
0.07,2509
0.07,2508
0.071,2507
0.071,2506
0.071,2505
0.071,2504
0.071,2503
0.072,2502
0.072,2501
0.072,2500
0.072,2499
0.073,2498
0.073,2497
0.073,2496
0.073,2495
0.073,2494
0.073,2493
0.073,2492
0.074,2491
0.074,2490
0.074,2489
0.074,2488
0.074,2487
0.075,2486
0.075,2485
0.075,2484
0.075,2483
0.075,2482
0.076,2481
0.076,2480
0.076,2479
0.076,2478
0.076,2477
0.077,2476
0.077,2475
0.077,2474
0.078,2473
0.078,2472
0.08,2471
0.08,2470
0.08,2469
0.08,2468
0.081,2467
0.081,2466
0.082,2465
0.082,2464
0.082,2463
0.082,2462
0.082,2461
0.082,2460
0.082,2459
0.082,2458
0.082,2457
0.082,2456
0.082,2455
0.082,2454
0.082,2453
0.082,2452
0.083,2451
0.083,2450
0.083,2449
0.083,2448
0.083,2447
0.083,2446
0.083,2445
0.083,2444
0.084,2443
0.084,2442
0.084,2441
0.084,2440
0.084,2439
0.084,2438
0.084,2437
0.085,2436
0.085,2435
0.085,2434
0.085,2433
0.085,2432
0.085,2431
0.086,2430
0.086,2429
0.086,2428
0.086,2427
0.086,2426
0.086,2425
0.087,2424
0.087,2423
0.087,2422
0.087,2421
0.087,2420
0.087,2419
0.088,2418
0.088,2417
0.088,2416
0.089,2415
0.089,2414
0.089,2413
0.09,2412
0.09,2411
0.09,2410
0.091,2409
0.091,2408
0.091,2407
0.091,2406
0.092,2405
0.092,2404
0.092,2403
0.093,2402
0.094,2401
0.094,2400
0.095,2399
0.096,2398
0.096,2397
0.096,2396
0.096,2395
0.097,2394
0.097,2393
0.097,2392
0.097,2391
0.097,2390
0.098,2389
0.098,2388
0.1,2387
0.1,2386
0.1,2385
0.1,2384
0.1,2383
0.101,2382
0.102,2381
0.102,2380
0.103,2379
0.103,2378
0.104,2377
0.105,2376
0.105,2375
0.106,2374
0.106,2373
0.107,2372
0.107,2371
0.11,2370
0.11,2369
0.113,2368
0.114,2367
0.116,2366
0.117,2365
0.119,2364
