0.002,13440
0.005,13439
0.006,13438
0.007,13437
0.007,13436
0.008,13435
0.009,13434
0.01,13433
0.01,13432
0.011,13431
0.012,13430
0.012,13429
0.012,13428
0.012,13427
0.012,13426
0.013,13425
0.013,13424
0.013,13423
0.013,13422
0.013,13421
0.013,13420
0.014,13419
0.014,13418
0.014,13417
0.014,13416
0.015,13415
0.015,13414
0.015,13413
0.015,13412
0.015,13411
0.016,13410
0.016,13409
0.016,13408
0.016,13407
0.016,13406
0.017,13405
0.018,13404
0.019,13403
0.019,13402
0.02,13401
0.02,13400
0.02,13399
0.021,13398
0.021,13397
0.021,13396
0.021,13395
0.021,13394
0.021,13393
0.022,13392
0.022,13391
0.022,13390
0.022,13389
0.022,13388
0.023,13387
0.023,13386
0.023,13385
0.023,13384
0.023,13383
0.023,13382
0.024,13381
0.024,13380
0.024,13379
0.024,13378
0.024,13377
0.025,13376
0.025,13375
0.025,13374
0.025,13373
0.025,13372
0.026,13371
0.026,13370
0.026,13369
0.026,13368
0.026,13367
0.027,13366
0.027,13365
0.027,13364
0.027,13363
0.027,13362
0.027,13361
0.028,13360
0.028,13359
0.028,13358
0.028,13357
0.029,13356
0.029,13355
0.029,13354
0.03,13353
0.03,13352
0.03,13351
0.03,13350
0.03,13349
0.03,13348
0.031,13347
0.031,13346
0.031,13345
0.031,13344
0.031,13343
0.031,13342
0.032,13341
0.032,13340
0.032,13339
0.032,13338
0.032,13337
0.032,13336
0.033,13335
0.033,13334
0.033,13333
0.035,13332
0.035,13331
0.035,13330
0.036,13329
0.036,13328
0.036,13327
0.036,13326
0.036,13325
0.037,13324
0.037,13323
0.037,13322
0.037,13321
0.037,13320
0.037,13319
0.038,13318
0.038,13317
0.038,13316
0.038,13315
0.039,13314
0.039,13313
0.039,13312
0.039,13311
0.039,13310
0.04,13309
0.04,13308
0.04,13307
0.04,13306
0.04,13305
0.04,13304
0.04,13303
0.041,13302
0.041,13301
0.041,13300
0.042,13299
0.042,13298
0.042,13297
0.042,13296
0.042,13295
0.042,13294
0.042,13293
0.042,13292
0.043,13291
0.043,13290
0.043,13289
0.043,13288
0.043,13287
0.044,13286
0.044,13285
0.044,13284
0.044,13283
0.045,13282
0.045,13281
0.045,13280
0.046,13279
0.046,13278
0.046,13277
0.046,13276
0.046,13275
0.047,13274
0.047,13273
0.047,13272
0.047,13271
0.047,13270
0.047,13269
0.048,13268
0.048,13267
0.048,13266
0.048,13265
0.048,13264
0.048,13263
0.049,13262
0.049,13261
0.049,13260
0.049,13259
0.049,13258
0.05,13257
0.05,13256
0.05,13255
0.05,13254
0.051,13253
0.051,13252
0.051,13251
0.051,13250
0.051,13249
0.051,13248
0.052,13247
0.052,13246
0.052,13245
0.052,13244
0.052,13243
0.053,13242
0.053,13241
0.053,13240
0.053,13239
0.053,13238
0.054,13237
0.054,13236
0.054,13235
0.054,13234
0.054,13233
0.054,13232
0.055,13231
0.055,13230
0.055,13229
0.056,13228
0.056,13227
0.057,13226
0.057,13225
0.057,13224
0.057,13223
0.057,13222
0.058,13221
0.058,13220
0.058,13219
0.058,13218
0.058,13217
0.058,13216
0.059,13215
0.059,13214
0.059,13213
0.059,13212
0.059,13211
0.059,13210
0.059,13209
0.059,13208
0.06,13207
0.06,13206
0.06,13205
0.06,13204
0.06,13203
0.06,13202
0.061,13201
0.061,13200
0.061,13199
0.061,13198
0.061,13197
0.061,13196
0.061,13195
0.062,13194
0.062,13193
0.063,13192
0.063,13191
0.063,13190
0.063,13189
0.064,13188
0.064,13187
0.066,13186
0.069,13185
0.069,13184
0.069,13183
0.08,13182
0.081,13181
0.081,13180
0.081,13179
0.081,13178
0.081,13177
0.081,13176
0.082,13175
0.082,13174
0.082,13173
0.082,13172
0.082,13171
0.082,13170
0.082,13169
0.082,13168
0.083,13167
0.083,13166
0.083,13165
0.083,13164
0.083,13163
0.083,13162
0.083,13161
0.083,13160
0.083,13159
0.084,13158
0.084,13157
0.084,13156
0.084,13155
0.084,13154
0.084,13153
0.084,13152
0.085,13151
0.085,13150
0.085,13149
0.085,13148
0.085,13147
0.085,13146
0.085,13145
0.085,13144
0.085,13143
0.086,13142
0.086,13141
0.086,13140
0.086,13139
0.086,13138
0.086,13137
0.086,13136
0.087,13135
0.087,13134
0.087,13133
0.087,13132
0.087,13131
0.087,13130
0.087,13129
0.087,13128
0.087,13127
0.087,13126
0.088,13125
0.088,13124
0.088,13123
0.088,13122
0.088,13121
0.088,13120
0.088,13119
0.088,13118
0.088,13117
0.088,13116
0.089,13115
0.089,13114
0.089,13113
0.089,13112
0.089,13111
0.089,13110
0.089,13109
0.089,13108
0.089,13107
0.089,13106
0.09,13105
0.09,13104
0.09,13103
0.09,13102
0.09,13101
0.09,13100
0.09,13099
0.091,13098
0.091,13097
0.091,13096
0.091,13095
0.091,13094
0.091,13093
0.091,13092
0.091,13091
0.091,13090
0.092,13089
0.092,13088
0.092,13087
0.092,13086
0.092,13085
0.092,13084
0.092,13083
0.092,13082
0.092,13081
0.093,13080
0.093,13079
0.093,13078
0.093,13077
0.093,13076
0.093,13075
0.093,13074
0.093,13073
0.093,13072
0.093,13071
0.093,13070
0.093,13069
0.093,13068
0.094,13067
0.094,13066
0.094,13065
0.094,13064
0.094,13063
0.094,13062
0.094,13061
0.094,13060
0.095,13059
0.095,13058
0.095,13057
0.095,13056
0.095,13055
0.095,13054
0.095,13053
0.095,13052
0.095,13051
0.096,13050
0.096,13049
0.096,13048
0.096,13047
0.096,13046
0.096,13045
0.096,13044
0.097,13043
0.097,13042
0.097,13041
0.097,13040
0.097,13039
0.097,13038
0.1,13037
0.1,13036
0.1,13035
0.1,13034
0.1,13033
0.1,13032
0.101,13031
0.101,13030
0.101,13029
0.101,13028
0.101,13027
0.101,13026
0.102,13025
0.102,13024
0.102,13023
0.102,13022
0.102,13021
0.102,13020
0.102,13019
0.103,13018
0.103,13017
0.103,13016
0.103,13015
0.103,13014
0.103,13013
0.103,13012
0.103,13011
0.103,13010
0.104,13009
0.104,13008
0.104,13007
0.104,13006
0.104,13005
0.104,13004
0.104,13003
0.104,13002
0.104,13001
0.104,13000
0.105,12999
0.105,12998
0.105,12997
0.105,12996
0.105,12995
0.105,12994
0.105,12993
0.105,12992
0.105,12991
0.105,12990
0.105,12989
0.105,12988
0.106,12987
0.106,12986
0.106,12985
0.106,12984
0.106,12983
0.106,12982
0.106,12981
0.106,12980
0.106,12979
0.107,12978
0.107,12977
0.107,12976
0.107,12975
0.107,12974
0.107,12973
0.107,12972
0.107,12971
0.108,12970
0.108,12969
0.108,12968
0.108,12967
0.108,12966
0.108,12965
0.108,12964
0.108,12963
0.108,12962
0.109,12961
0.109,12960
0.109,12959
0.109,12958
0.109,12957
0.109,12956
0.109,12955
0.109,12954
0.109,12953
0.109,12952
0.109,12951
0.11,12950
0.11,12949
0.11,12948
0.11,12947
0.11,12946
0.11,12945
0.11,12944
0.111,12943
0.111,12942
0.111,12941
0.111,12940
0.111,12939
0.111,12938
0.111,12937
0.111,12936
0.112,12935
0.112,12934
0.112,12933
0.112,12932
0.112,12931
0.112,12930
0.112,12929
0.112,12928
0.112,12927
0.112,12926
0.113,12925
0.113,12924
0.114,12923
0.114,12922
0.114,12921
0.114,12920
0.114,12919
0.115,12918
0.115,12917
0.115,12916
0.115,12915
0.115,12914
0.115,12913
0.116,12912
0.116,12911
0.116,12910
0.116,12909
0.116,12908
0.116,12907
0.116,12906
0.116,12905
0.116,12904
0.117,12903
0.117,12902
0.117,12901
0.117,12900
0.117,12899
0.117,12898
0.117,12897
0.117,12896
0.118,12895
0.118,12894
0.118,12893
0.118,12892
0.118,12891
0.118,12890
0.118,12889
0.118,12888
0.118,12887
0.119,12886
0.119,12885
0.119,12884
0.119,12883
0.119,12882
0.119,12881
0.119,12880
0.119,12879
0.12,12878
0.12,12877
0.12,12876
0.12,12875
0.12,12874
0.121,12873
0.121,12872
0.121,12871
0.121,12870
0.121,12869
0.121,12868
0.121,12867
0.121,12866
0.121,12865
0.121,12864
0.122,12863
0.122,12862
0.122,12861
0.122,12860
0.122,12859
0.122,12858
0.122,12857
0.123,12856
0.123,12855
0.123,12854
0.123,12853
0.123,12852
0.124,12851
0.124,12850
0.124,12849
0.124,12848
0.124,12847
0.124,12846
0.124,12845
0.124,12844
0.124,12843
0.124,12842
0.124,12841
0.125,12840
0.125,12839
0.125,12838
0.125,12837
0.125,12836
0.125,12835
0.125,12834
0.126,12833
0.126,12832
0.126,12831
0.126,12830
0.126,12829
0.126,12828
0.126,12827
0.126,12826
0.126,12825
0.127,12824
0.127,12823
0.127,12822
0.127,12821
0.127,12820
0.127,12819
0.127,12818
0.127,12817
0.127,12816
0.128,12815
0.128,12814
0.128,12813
0.128,12812
0.128,12811
0.128,12810
0.128,12809
0.128,12808
0.129,12807
0.129,12806
0.129,12805
0.129,12804
0.129,12803
0.129,12802
0.129,12801
0.13,12800
0.13,12799
0.13,12798
0.13,12797
0.13,12796
0.13,12795
0.13,12794
0.131,12793
0.131,12792
0.131,12791
0.131,12790
0.131,12789
0.131,12788
0.131,12787
0.131,12786
0.131,12785
0.132,12784
0.132,12783
0.132,12782
0.132,12781
0.132,12780
0.132,12779
0.132,12778
0.132,12777
0.132,12776
0.132,12775
0.132,12774
0.132,12773
0.133,12772
0.133,12771
0.133,12770
0.133,12769
0.133,12768
0.133,12767
0.133,12766
0.133,12765
0.133,12764
0.133,12763
0.133,12762
0.134,12761
0.134,12760
0.134,12759
0.134,12758
0.134,12757
0.134,12756
0.134,12755
0.134,12754
0.134,12753
0.134,12752
0.135,12751
0.135,12750
0.135,12749
0.135,12748
0.135,12747
0.135,12746
0.135,12745
0.135,12744
0.136,12743
0.136,12742
0.136,12741
0.136,12740
0.136,12739
0.136,12738
0.136,12737
0.136,12736
0.136,12735
0.136,12734
0.137,12733
0.137,12732
0.137,12731
0.137,12730
0.137,12729
0.137,12728
0.137,12727
0.137,12726
0.138,12725
0.138,12724
0.138,12723
0.138,12722
0.138,12721
0.138,12720
0.138,12719
0.138,12718
0.139,12717
0.139,12716
0.139,12715
0.139,12714
0.139,12713
0.139,12712
0.139,12711
0.139,12710
0.14,12709
0.14,12708
0.14,12707
0.14,12706
0.14,12705
0.14,12704
0.14,12703
0.14,12702
0.14,12701
0.141,12700
0.141,12699
0.141,12698
0.141,12697
0.141,12696
0.141,12695
0.142,12694
0.142,12693
0.142,12692
0.142,12691
0.143,12690
0.143,12689
0.143,12688
0.143,12687
0.143,12686
0.143,12685
0.143,12684
0.143,12683
0.144,12682
0.144,12681
0.144,12680
0.144,12679
0.144,12678
0.144,12677
0.144,12676
0.144,12675
0.145,12674
0.145,12673
0.145,12672
0.145,12671
0.145,12670
0.145,12669
0.145,12668
0.145,12667
0.146,12666
0.146,12665
0.146,12664
0.146,12663
0.146,12662
0.146,12661
0.146,12660
0.146,12659
0.146,12658
0.147,12657
0.147,12656
0.147,12655
0.147,12654
0.147,12653
0.147,12652
0.147,12651
0.147,12650
0.147,12649
0.147,12648
0.147,12647
0.148,12646
0.148,12645
0.148,12644
0.148,12643
0.148,12642
0.148,12641
0.148,12640
0.148,12639
0.148,12638
0.148,12637
0.149,12636
0.149,12635
0.149,12634
0.149,12633
0.149,12632
0.149,12631
0.149,12630
0.149,12629
0.149,12628
0.149,12627
0.149,12626
0.149,12625
0.15,12624
0.15,12623
0.151,12622
0.151,12621
0.151,12620
0.151,12619
0.151,12618
0.152,12617
0.152,12616
0.152,12615
0.152,12614
0.152,12613
0.152,12612
0.152,12611
0.152,12610
0.152,12609
0.153,12608
0.153,12607
0.153,12606
0.153,12605
0.153,12604
0.153,12603
0.153,12602
0.153,12601
0.153,12600
0.154,12599
0.154,12598
0.154,12597
0.154,12596
0.154,12595
0.154,12594
0.154,12593
0.154,12592
0.154,12591
0.154,12590
0.154,12589
0.155,12588
0.155,12587
0.155,12586
0.155,12585
0.155,12584
0.155,12583
0.155,12582
0.155,12581
0.156,12580
0.156,12579
0.156,12578
0.156,12577
0.156,12576
0.156,12575
0.156,12574
0.156,12573
0.156,12572
0.156,12571
0.157,12570
0.157,12569
0.157,12568
0.157,12567
0.157,12566
0.157,12565
0.157,12564
0.158,12563
0.158,12562
0.158,12561
0.158,12560
0.158,12559
0.158,12558
0.158,12557
0.158,12556
0.158,12555
0.159,12554
0.159,12553
0.159,12552
0.159,12551
0.159,12550
0.159,12549
0.159,12548
0.159,12547
0.159,12546
0.16,12545
0.16,12544
0.16,12543
0.16,12542
0.16,12541
0.161,12540
0.161,12539
0.161,12538
0.161,12537
0.161,12536
0.161,12535
0.161,12534
0.161,12533
0.161,12532
0.161,12531
0.162,12530
0.162,12529
0.162,12528
0.162,12527
0.162,12526
0.162,12525
0.162,12524
0.163,12523
0.163,12522
0.163,12521
0.163,12520
0.163,12519
0.163,12518
0.163,12517
0.163,12516
0.163,12515
0.163,12514
0.164,12513
0.164,12512
0.164,12511
0.164,12510
0.164,12509
0.164,12508
0.164,12507
0.164,12506
0.165,12505
0.165,12504
0.165,12503
0.165,12502
0.165,12501
0.165,12500
0.165,12499
0.165,12498
0.165,12497
0.165,12496
0.166,12495
0.166,12494
0.166,12493
0.166,12492
0.166,12491
0.166,12490
0.166,12489
0.166,12488
0.166,12487
0.167,12486
0.167,12485
0.167,12484
0.167,12483
0.167,12482
0.168,12481
0.168,12480
0.168,12479
0.168,12478
0.168,12477
0.168,12476
0.168,12475
0.168,12474
0.169,12473
0.169,12472
0.169,12471
0.169,12470
0.169,12469
0.169,12468
0.169,12467
0.169,12466
0.169,12465
0.169,12464
0.169,12463
0.169,12462
0.17,12461
0.17,12460
0.17,12459
0.17,12458
0.17,12457
0.17,12456
0.17,12455
0.17,12454
0.17,12453
0.171,12452
0.171,12451
0.171,12450
0.171,12449
0.171,12448
0.171,12447
0.171,12446
0.171,12445
0.172,12444
0.172,12443
0.172,12442
0.172,12441
0.172,12440
0.172,12439
0.172,12438
0.172,12437
0.172,12436
0.173,12435
0.173,12434
0.173,12433
0.173,12432
0.173,12431
0.173,12430
0.173,12429
0.173,12428
0.174,12427
0.174,12426
0.174,12425
0.174,12424
0.174,12423
0.174,12422
0.174,12421
0.174,12420
0.174,12419
0.174,12418
0.174,12417
0.175,12416
0.175,12415
0.175,12414
0.175,12413
0.175,12412
0.175,12411
0.175,12410
0.175,12409
0.176,12408
0.176,12407
0.176,12406
0.176,12405
0.176,12404
0.176,12403
0.176,12402
0.176,12401
0.177,12400
0.177,12399
0.177,12398
0.177,12397
0.177,12396
0.177,12395
0.177,12394
0.177,12393
0.178,12392
0.178,12391
0.178,12390
0.178,12389
0.178,12388
0.178,12387
0.178,12386
0.178,12385
0.178,12384
0.179,12383
0.179,12382
0.179,12381
0.179,12380
0.179,12379
0.179,12378
0.179,12377
0.179,12376
0.179,12375
0.18,12374
0.18,12373
0.18,12372
0.18,12371
0.18,12370
0.18,12369
0.181,12368
0.181,12367
0.181,12366
0.181,12365
0.181,12364
0.181,12363
0.181,12362
0.181,12361
0.181,12360
0.182,12359
0.182,12358
0.182,12357
0.182,12356
0.182,12355
0.182,12354
0.183,12353
0.183,12352
0.183,12351
0.183,12350
0.183,12349
0.183,12348
0.183,12347
0.183,12346
0.184,12345
0.184,12344
0.184,12343
0.184,12342
0.184,12341
0.184,12340
0.184,12339
0.184,12338
0.184,12337
0.184,12336
0.185,12335
0.185,12334
0.185,12333
0.185,12332
0.185,12331
0.185,12330
0.185,12329
0.185,12328
0.185,12327
0.185,12326
0.185,12325
0.186,12324
0.186,12323
0.186,12322
0.186,12321
0.186,12320
0.186,12319
0.186,12318
0.186,12317
0.187,12316
0.187,12315
0.187,12314
0.187,12313
0.187,12312
0.187,12311
0.187,12310
0.188,12309
0.188,12308
0.188,12307
0.188,12306
0.189,12305
0.189,12304
0.189,12303
0.189,12302
0.189,12301
0.189,12300
0.189,12299
0.189,12298
0.19,12297
0.19,12296
0.19,12295
0.19,12294
0.19,12293
0.19,12292
0.19,12291
0.19,12290
0.19,12289
0.19,12288
0.19,12287
0.191,12286
0.191,12285
0.191,12284
0.191,12283
0.191,12282
0.191,12281
0.191,12280
0.191,12279
0.192,12278
0.192,12277
0.192,12276
0.192,12275
0.192,12274
0.192,12273
0.192,12272
0.192,12271
0.192,12270
0.192,12269
0.193,12268
0.193,12267
0.193,12266
0.193,12265
0.193,12264
0.193,12263
0.194,12262
0.194,12261
0.194,12260
0.194,12259
0.194,12258
0.194,12257
0.194,12256
0.194,12255
0.194,12254
0.194,12253
0.194,12252
0.195,12251
0.195,12250
0.195,12249
0.195,12248
0.195,12247
0.195,12246
0.195,12245
0.195,12244
0.195,12243
0.196,12242
0.196,12241
0.196,12240
0.196,12239
0.196,12238
0.196,12237
0.196,12236
0.196,12235
0.196,12234
0.197,12233
0.197,12232
0.197,12231
0.197,12230
0.197,12229
0.197,12228
0.197,12227
0.197,12226
0.198,12225
0.198,12224
0.198,12223
0.198,12222
0.198,12221
0.198,12220
0.198,12219
0.198,12218
0.198,12217
0.198,12216
0.199,12215
0.199,12214
0.199,12213
0.199,12212
0.199,12211
0.199,12210
0.199,12209
0.199,12208
0.199,12207
0.199,12206
0.199,12205
0.2,12204
0.2,12203
0.2,12202
0.2,12201
0.2,12200
0.2,12199
0.2,12198
0.2,12197
0.201,12196
0.201,12195
0.201,12194
0.201,12193
0.201,12192
0.201,12191
0.201,12190
0.201,12189
0.21,12188
0.21,12187
0.21,12186
0.21,12185
0.211,12184
0.211,12183
0.211,12182
0.211,12181
0.211,12180
0.211,12179
0.212,12178
0.212,12177
0.212,12176
0.212,12175
0.212,12174
0.212,12173
0.212,12172
0.213,12171
0.213,12170
0.213,12169
0.213,12168
0.213,12167
0.214,12166
0.214,12165
0.214,12164
0.214,12163
0.215,12162
0.215,12161
0.215,12160
0.215,12159
0.215,12158
0.215,12157
0.215,12156
0.215,12155
0.216,12154
0.216,12153
0.216,12152
0.216,12151
0.216,12150
0.216,12149
0.216,12148
0.216,12147
0.217,12146
0.217,12145
0.217,12144
0.217,12143
0.217,12142
0.217,12141
0.218,12140
0.218,12139
0.218,12138
0.218,12137
0.218,12136
0.218,12135
0.219,12134
0.219,12133
0.219,12132
0.219,12131
0.219,12130
0.219,12129
0.22,12128
0.22,12127
0.22,12126
0.22,12125
0.22,12124
0.22,12123
0.221,12122
0.221,12121
0.221,12120
0.221,12119
0.221,12118
0.222,12117
0.222,12116
0.222,12115
0.222,12114
0.222,12113
0.222,12112
0.222,12111
0.223,12110
0.223,12109
0.223,12108
0.223,12107
0.223,12106
0.224,12105
0.224,12104
0.224,12103
0.224,12102
0.225,12101
0.225,12100
0.225,12099
0.226,12098
0.226,12097
0.226,12096
0.226,12095
0.226,12094
0.226,12093
0.226,12092
0.226,12091
0.227,12090
0.227,12089
0.227,12088
0.227,12087
0.227,12086
0.227,12085
0.227,12084
0.228,12083
0.228,12082
0.228,12081
0.228,12080
0.228,12079
0.228,12078
0.228,12077
0.228,12076
0.229,12075
0.229,12074
0.229,12073
0.229,12072
0.229,12071
0.229,12070
0.23,12069
0.23,12068
0.23,12067
0.23,12066
0.23,12065
0.23,12064
0.23,12063
0.231,12062
0.231,12061
0.231,12060
0.232,12059
0.232,12058
0.232,12057
0.232,12056
0.232,12055
0.232,12054
0.232,12053
0.232,12052
0.232,12051
0.233,12050
0.233,12049
0.233,12048
0.233,12047
0.233,12046
0.233,12045
0.234,12044
0.234,12043
0.234,12042
0.234,12041
0.234,12040
0.234,12039
0.234,12038
0.234,12037
0.234,12036
0.235,12035
0.235,12034
0.235,12033
0.235,12032
0.235,12031
0.235,12030
0.235,12029
0.235,12028
0.236,12027
0.236,12026
0.236,12025
0.236,12024
0.236,12023
0.236,12022
0.237,12021
0.237,12020
0.237,12019
0.237,12018
0.237,12017
0.237,12016
0.237,12015
0.237,12014
0.238,12013
0.238,12012
0.238,12011
0.238,12010
0.238,12009
0.238,12008
0.238,12007
0.238,12006
0.239,12005
0.239,12004
0.239,12003
0.239,12002
0.239,12001
0.239,12000
0.239,11999
0.239,11998
0.24,11997
0.24,11996
0.24,11995
0.24,11994
0.24,11993
0.241,11992
0.241,11991
0.241,11990
0.241,11989
0.241,11988
0.241,11987
0.241,11986
0.242,11985
0.242,11984
0.242,11983
0.242,11982
0.242,11981
0.242,11980
0.242,11979
0.243,11978
0.243,11977
0.243,11976
0.243,11975
0.243,11974
0.243,11973
0.243,11972
0.243,11971
0.243,11970
0.243,11969
0.244,11968
0.244,11967
0.244,11966
0.244,11965
0.244,11964
0.244,11963
0.244,11962
0.245,11961
0.245,11960
0.245,11959
0.245,11958
0.245,11957
0.246,11956
0.246,11955
0.246,11954
0.246,11953
0.246,11952
0.246,11951
0.247,11950
0.247,11949
0.247,11948
0.247,11947
0.247,11946
0.247,11945
0.247,11944
0.247,11943
0.248,11942
0.248,11941
0.248,11940
0.248,11939
0.249,11938
0.249,11937
0.249,11936
0.249,11935
0.249,11934
0.25,11933
0.25,11932
0.25,11931
0.25,11930
0.25,11929
0.25,11928
0.25,11927
0.251,11926
0.251,11925
0.251,11924
0.251,11923
0.251,11922
0.251,11921
0.252,11920
0.252,11919
0.252,11918
0.252,11917
0.252,11916
0.252,11915
0.252,11914
0.252,11913
0.253,11912
0.253,11911
0.253,11910
0.253,11909
0.253,11908
0.253,11907
0.254,11906
0.254,11905
0.254,11904
0.254,11903
0.254,11902
0.254,11901
0.255,11900
0.255,11899
0.255,11898
0.255,11897
0.255,11896
0.255,11895
0.255,11894
0.255,11893
0.256,11892
0.256,11891
0.256,11890
0.256,11889
0.256,11888
0.256,11887
0.256,11886
0.256,11885
0.256,11884
0.256,11883
0.256,11882
0.257,11881
0.257,11880
0.257,11879
0.257,11878
0.257,11877
0.257,11876
0.258,11875
0.258,11874
0.258,11873
0.258,11872
0.258,11871
0.258,11870
0.259,11869
0.259,11868
0.259,11867
0.259,11866
0.259,11865
0.259,11864
0.259,11863
0.259,11862
0.259,11861
0.259,11860
0.26,11859
0.26,11858
0.26,11857
0.26,11856
0.26,11855
0.26,11854
0.26,11853
0.261,11852
0.261,11851
0.261,11850
0.261,11849
0.261,11848
0.261,11847
0.261,11846
0.261,11845
0.262,11844
0.262,11843
0.262,11842
0.262,11841
0.262,11840
0.262,11839
0.262,11838
0.262,11837
0.262,11836
0.263,11835
0.263,11834
0.263,11833
0.263,11832
0.263,11831
0.263,11830
0.264,11829
0.264,11828
0.264,11827
0.264,11826
0.264,11825
0.264,11824
0.264,11823
0.264,11822
0.265,11821
0.265,11820
0.265,11819
0.265,11818
0.265,11817
0.266,11816
0.266,11815
0.266,11814
0.266,11813
0.266,11812
0.266,11811
0.266,11810
0.266,11809
0.267,11808
0.267,11807
0.267,11806
0.267,11805
0.267,11804
0.267,11803
0.267,11802
0.267,11801
0.268,11800
0.268,11799
0.268,11798
0.268,11797
0.268,11796
0.268,11795
0.268,11794
0.268,11793
0.269,11792
0.269,11791
0.269,11790
0.269,11789
0.269,11788
0.269,11787
0.27,11786
0.27,11785
0.27,11784
0.27,11783
0.27,11782
0.27,11781
0.27,11780
0.271,11779
0.271,11778
0.271,11777
0.271,11776
0.271,11775
0.271,11774
0.271,11773
0.272,11772
0.272,11771
0.272,11770
0.272,11769
0.272,11768
0.272,11767
0.273,11766
0.273,11765
0.273,11764
0.273,11763
0.273,11762
0.274,11761
0.274,11760
0.274,11759
0.274,11758
0.274,11757
0.274,11756
0.274,11755
0.274,11754
0.275,11753
0.275,11752
0.275,11751
0.275,11750
0.275,11749
0.275,11748
0.275,11747
0.276,11746
0.276,11745
0.276,11744
0.276,11743
0.276,11742
0.276,11741
0.276,11740
0.276,11739
0.277,11738
0.277,11737
0.277,11736
0.277,11735
0.277,11734
0.278,11733
0.278,11732
0.278,11731
0.278,11730
0.278,11729
0.278,11728
0.278,11727
0.279,11726
0.279,11725
0.279,11724
0.279,11723
0.279,11722
0.279,11721
0.28,11720
0.28,11719
0.28,11718
0.28,11717
0.28,11716
0.28,11715
0.28,11714
0.281,11713
0.281,11712
0.281,11711
0.281,11710
0.281,11709
0.281,11708
0.282,11707
0.282,11706
0.282,11705
0.282,11704
0.282,11703
0.282,11702
0.282,11701
0.282,11700
0.283,11699
0.283,11698
0.283,11697
0.283,11696
0.283,11695
0.283,11694
0.284,11693
0.284,11692
0.284,11691
0.284,11690
0.284,11689
0.284,11688
0.284,11687
0.285,11686
0.285,11685
0.285,11684
0.285,11683
0.285,11682
0.285,11681
0.286,11680
0.286,11679
0.286,11678
0.286,11677
0.286,11676
0.286,11675
0.286,11674
0.286,11673
0.287,11672
0.287,11671
0.287,11670
0.287,11669
0.287,11668
0.287,11667
0.287,11666
0.287,11665
0.288,11664
0.288,11663
0.288,11662
0.288,11661
0.288,11660
0.288,11659
0.288,11658
0.289,11657
0.289,11656
0.289,11655
0.289,11654
0.289,11653
0.29,11652
0.29,11651
0.29,11650
0.29,11649
0.29,11648
0.29,11647
0.29,11646
0.29,11645
0.29,11644
0.291,11643
0.291,11642
0.291,11641
0.292,11640
0.292,11639
0.292,11638
0.292,11637
0.292,11636
0.292,11635
0.292,11634
0.292,11633
0.292,11632
0.292,11631
0.292,11630
0.293,11629
0.293,11628
0.293,11627
0.293,11626
0.293,11625
0.294,11624
0.294,11623
0.294,11622
0.294,11621
0.294,11620
0.294,11619
0.295,11618
0.295,11617
0.295,11616
0.295,11615
0.295,11614
0.295,11613
0.296,11612
0.296,11611
0.296,11610
0.296,11609
0.296,11608
0.296,11607
0.297,11606
0.297,11605
0.297,11604
0.297,11603
0.297,11602
0.297,11601
0.298,11600
0.298,11599
0.298,11598
0.298,11597
0.298,11596
0.298,11595
0.299,11594
0.299,11593
0.299,11592
0.299,11591
0.299,11590
0.299,11589
0.299,11588
0.299,11587
0.299,11586
0.3,11585
0.3,11584
0.3,11583
0.3,11582
0.3,11581
0.3,11580
0.3,11579
0.301,11578
0.301,11577
0.301,11576
0.301,11575
0.301,11574
0.301,11573
0.301,11572
0.302,11571
0.302,11570
0.302,11569
0.302,11568
0.302,11567
0.302,11566
0.302,11565
0.303,11564
0.303,11563
0.303,11562
0.303,11561
0.303,11560
0.303,11559
0.303,11558
0.303,11557
0.304,11556
0.304,11555
0.304,11554
0.304,11553
0.304,11552
0.305,11551
0.305,11550
0.305,11549
0.305,11548
0.305,11547
0.305,11546
0.305,11545
0.305,11544
0.306,11543
0.306,11542
0.306,11541
0.306,11540
0.306,11539
0.306,11538
0.306,11537
0.307,11536
0.307,11535
0.307,11534
0.307,11533
0.307,11532
0.307,11531
0.307,11530
0.307,11529
0.308,11528
0.308,11527
0.308,11526
0.308,11525
0.308,11524
0.308,11523
0.309,11522
0.309,11521
0.309,11520
0.309,11519
0.309,11518
0.309,11517
0.309,11516
0.309,11515
0.309,11514
0.31,11513
0.31,11512
0.31,11511
0.31,11510
0.31,11509
0.31,11508
0.31,11507
0.31,11506
0.31,11505
0.311,11504
0.311,11503
0.311,11502
0.311,11501
0.311,11500
0.311,11499
0.312,11498
0.312,11497
0.312,11496
0.312,11495
0.312,11494
0.312,11493
0.312,11492
0.313,11491
0.313,11490
0.313,11489
0.313,11488
0.313,11487
0.313,11486
0.314,11485
0.314,11484
0.314,11483
0.314,11482
0.314,11481
0.314,11480
0.314,11479
0.314,11478
0.314,11477
0.314,11476
0.315,11475
0.315,11474
0.315,11473
0.315,11472
0.316,11471
0.316,11470
0.316,11469
0.316,11468
0.316,11467
0.317,11466
0.317,11465
0.317,11464
0.317,11463
0.317,11462
0.317,11461
0.317,11460
0.317,11459
0.318,11458
0.318,11457
0.318,11456
0.318,11455
0.318,11454
0.318,11453
0.319,11452
0.319,11451
0.319,11450
0.319,11449
0.319,11448
0.319,11447
0.319,11446
0.319,11445
0.319,11444
0.319,11443
0.32,11442
0.32,11441
0.32,11440
0.32,11439
0.32,11438
0.32,11437
0.321,11436
0.321,11435
0.321,11434
0.321,11433
0.321,11432
0.321,11431
0.321,11430
0.322,11429
0.322,11428
0.322,11427
0.322,11426
0.322,11425
0.322,11424
0.323,11423
0.323,11422
0.323,11421
0.323,11420
0.323,11419
0.323,11418
0.324,11417
0.324,11416
0.324,11415
0.324,11414
0.324,11413
0.325,11412
0.325,11411
0.325,11410
0.325,11409
0.325,11408
0.326,11407
0.326,11406
0.326,11405
0.326,11404
0.326,11403
0.326,11402
0.326,11401
0.327,11400
0.327,11399
0.327,11398
0.327,11397
0.327,11396
0.328,11395
0.328,11394
0.328,11393
0.328,11392
0.328,11391
0.328,11390
0.329,11389
0.329,11388
0.329,11387
0.329,11386
0.329,11385
0.329,11384
0.329,11383
0.329,11382
0.33,11381
0.33,11380
0.33,11379
0.33,11378
0.33,11377
0.33,11376
0.33,11375
0.331,11374
0.331,11373
0.332,11372
0.332,11371
0.332,11370
0.332,11369
0.332,11368
0.332,11367
0.333,11366
0.333,11365
0.333,11364
0.333,11363
0.333,11362
0.333,11361
0.333,11360
0.333,11359
0.334,11358
0.334,11357
0.334,11356
0.334,11355
0.334,11354
0.334,11353
0.334,11352
0.334,11351
0.335,11350
0.335,11349
0.335,11348
0.335,11347
0.335,11346
0.335,11345
0.335,11344
0.335,11343
0.336,11342
0.336,11341
0.336,11340
0.336,11339
0.336,11338
0.336,11337
0.336,11336
0.337,11335
0.337,11334
0.337,11333
0.337,11332
0.337,11331
0.337,11330
0.338,11329
0.338,11328
0.338,11327
0.338,11326
0.338,11325
0.338,11324
0.338,11323
0.338,11322
0.338,11321
0.338,11320
0.338,11319
0.339,11318
0.339,11317
0.339,11316
0.339,11315
0.339,11314
0.339,11313
0.339,11312
0.34,11311
0.34,11310
0.34,11309
0.34,11308
0.34,11307
0.34,11306
0.34,11305
0.34,11304
0.34,11303
0.341,11302
0.341,11301
0.341,11300
0.341,11299
0.341,11298
0.341,11297
0.341,11296
0.341,11295
0.342,11294
0.342,11293
0.342,11292
0.342,11291
0.342,11290
0.342,11289
0.343,11288
0.343,11287
0.343,11286
0.343,11285
0.343,11284
0.343,11283
0.344,11282
0.344,11281
0.344,11280
0.344,11279
0.344,11278
0.344,11277
0.344,11276
0.344,11275
0.344,11274
0.345,11273
0.345,11272
0.345,11271
0.345,11270
0.345,11269
0.345,11268
0.346,11267
0.346,11266
0.346,11265
0.346,11264
0.346,11263
0.346,11262
0.346,11261
0.346,11260
0.346,11259
0.346,11258
0.346,11257
0.347,11256
0.347,11255
0.347,11254
0.347,11253
0.347,11252
0.347,11251
0.347,11250
0.347,11249
0.347,11248
0.347,11247
0.348,11246
0.348,11245
0.348,11244
0.348,11243
0.348,11242
0.349,11241
0.349,11240
0.349,11239
0.349,11238
0.35,11237
0.35,11236
0.35,11235
0.35,11234
0.35,11233
0.35,11232
0.35,11231
0.351,11230
0.351,11229
0.351,11228
0.351,11227
0.351,11226
0.351,11225
0.352,11224
0.352,11223
0.352,11222
0.352,11221
0.352,11220
0.352,11219
0.352,11218
0.352,11217
0.353,11216
0.353,11215
0.353,11214
0.353,11213
0.353,11212
0.353,11211
0.353,11210
0.354,11209
0.354,11208
0.354,11207
0.36,11206
0.36,11205
0.36,11204
0.361,11203
0.361,11202
0.361,11201
0.361,11200
0.361,11199
0.361,11198
0.362,11197
0.362,11196
0.362,11195
0.362,11194
0.362,11193
0.362,11192
0.363,11191
0.363,11190
0.363,11189
0.363,11188
0.363,11187
0.364,11186
0.364,11185
0.364,11184
0.364,11183
0.364,11182
0.364,11181
0.364,11180
0.365,11179
0.365,11178
0.365,11177
0.365,11176
0.365,11175
0.365,11174
0.365,11173
0.366,11172
0.366,11171
0.366,11170
0.366,11169
0.366,11168
0.366,11167
0.366,11166
0.366,11165
0.366,11164
0.367,11163
0.367,11162
0.367,11161
0.367,11160
0.367,11159
0.367,11158
0.367,11157
0.367,11156
0.367,11155
0.367,11154
0.368,11153
0.368,11152
0.368,11151
0.368,11150
0.369,11149
0.369,11148
0.369,11147
0.369,11146
0.369,11145
0.369,11144
0.369,11143
0.369,11142
0.369,11141
0.369,11140
0.369,11139
0.37,11138
0.37,11137
0.37,11136
0.37,11135
0.37,11134
0.37,11133
0.371,11132
0.371,11131
0.371,11130
0.371,11129
0.371,11128
0.371,11127
0.371,11126
0.371,11125
0.371,11124
0.371,11123
0.371,11122
0.372,11121
0.372,11120
0.372,11119
0.372,11118
0.372,11117
0.372,11116
0.373,11115
0.373,11114
0.373,11113
0.373,11112
0.373,11111
0.373,11110
0.374,11109
0.374,11108
0.374,11107
0.374,11106
0.374,11105
0.374,11104
0.374,11103
0.374,11102
0.374,11101
0.374,11100
0.374,11099
0.375,11098
0.375,11097
0.375,11096
0.375,11095
0.375,11094
0.375,11093
0.375,11092
0.375,11091
0.376,11090
0.376,11089
0.376,11088
0.376,11087
0.376,11086
0.376,11085
0.376,11084
0.376,11083
0.377,11082
0.377,11081
0.377,11080
0.377,11079
0.377,11078
0.377,11077
0.377,11076
0.377,11075
0.377,11074
0.377,11073
0.378,11072
0.378,11071
0.378,11070
0.378,11069
0.378,11068
0.378,11067
0.379,11066
0.379,11065
0.379,11064
0.379,11063
0.379,11062
0.379,11061
0.379,11060
0.379,11059
0.38,11058
0.38,11057
0.38,11056
0.38,11055
0.38,11054
0.38,11053
0.38,11052
0.381,11051
0.381,11050
0.381,11049
0.381,11048
0.381,11047
0.381,11046
0.381,11045
0.381,11044
0.382,11043
0.382,11042
0.382,11041
0.382,11040
0.382,11039
0.382,11038
0.382,11037
0.383,11036
0.383,11035
0.383,11034
0.383,11033
0.383,11032
0.383,11031
0.383,11030
0.383,11029
0.384,11028
0.384,11027
0.384,11026
0.384,11025
0.384,11024
0.384,11023
0.384,11022
0.384,11021
0.385,11020
0.385,11019
0.385,11018
0.385,11017
0.385,11016
0.386,11015
0.386,11014
0.386,11013
0.386,11012
0.386,11011
0.386,11010
0.386,11009
0.387,11008
0.387,11007
0.387,11006
0.387,11005
0.387,11004
0.387,11003
0.387,11002
0.387,11001
0.387,11000
0.387,10999
0.388,10998
0.388,10997
0.388,10996
0.388,10995
0.388,10994
0.388,10993
0.388,10992
0.388,10991
0.388,10990
0.388,10989
0.389,10988
0.389,10987
0.389,10986
0.389,10985
0.389,10984
0.389,10983
0.389,10982
0.39,10981
0.39,10980
0.39,10979
0.39,10978
0.39,10977
0.391,10976
0.391,10975
0.391,10974
0.391,10973
0.391,10972
0.391,10971
0.392,10970
0.392,10969
0.392,10968
0.392,10967
0.393,10966
0.393,10965
0.393,10964
0.393,10963
0.393,10962
0.393,10961
0.393,10960
0.393,10959
0.393,10958
0.394,10957
0.394,10956
0.394,10955
0.394,10954
0.394,10953
0.394,10952
0.394,10951
0.395,10950
0.395,10949
0.395,10948
0.395,10947
0.395,10946
0.395,10945
0.396,10944
0.396,10943
0.396,10942
0.396,10941
0.397,10940
0.397,10939
0.397,10938
0.397,10937
0.397,10936
0.397,10935
0.397,10934
0.397,10933
0.397,10932
0.397,10931
0.398,10930
0.398,10929
0.398,10928
0.398,10927
0.398,10926
0.399,10925
0.399,10924
0.399,10923
0.399,10922
0.399,10921
0.399,10920
0.4,10919
0.4,10918
0.4,10917
0.4,10916
0.4,10915
0.401,10914
0.401,10913
0.401,10912
0.401,10911
0.401,10910
0.401,10909
0.401,10908
0.402,10907
0.402,10906
0.402,10905
0.402,10904
0.402,10903
0.402,10902
0.402,10901
0.403,10900
0.403,10899
0.403,10898
0.403,10897
0.404,10896
0.404,10895
0.404,10894
0.404,10893
0.404,10892
0.404,10891
0.405,10890
0.405,10889
0.405,10888
0.405,10887
0.405,10886
0.406,10885
0.406,10884
0.406,10883
0.406,10882
0.406,10881
0.406,10880
0.406,10879
0.406,10878
0.407,10877
0.407,10876
0.407,10875
0.407,10874
0.407,10873
0.407,10872
0.407,10871
0.407,10870
0.407,10869
0.408,10868
0.408,10867
0.409,10866
0.409,10865
0.409,10864
0.409,10863
0.409,10862
0.409,10861
0.409,10860
0.409,10859
0.409,10858
0.41,10857
0.41,10856
0.41,10855
0.41,10854
0.41,10853
0.41,10852
0.41,10851
0.411,10850
0.411,10849
0.411,10848
0.411,10847
0.411,10846
0.411,10845
0.411,10844
0.411,10843
0.412,10842
0.412,10841
0.412,10840
0.412,10839
0.413,10838
0.413,10837
0.413,10836
0.413,10835
0.413,10834
0.413,10833
0.414,10832
0.414,10831
0.414,10830
0.415,10829
0.415,10828
0.415,10827
0.415,10826
0.415,10825
0.415,10824
0.415,10823
0.416,10822
0.416,10821
0.416,10820
0.416,10819
0.416,10818
0.416,10817
0.417,10816
0.417,10815
0.417,10814
0.417,10813
0.417,10812
0.417,10811
0.417,10810
0.417,10809
0.418,10808
0.418,10807
0.418,10806
0.418,10805
0.418,10804
0.418,10803
0.418,10802
0.419,10801
0.419,10800
0.419,10799
0.419,10798
0.419,10797
0.419,10796
0.419,10795
0.419,10794
0.42,10793
0.42,10792
0.42,10791
0.42,10790
0.42,10789
0.42,10788
0.421,10787
0.421,10786
0.421,10785
0.421,10784
0.421,10783
0.421,10782
0.421,10781
0.421,10780
0.422,10779
0.422,10778
0.422,10777
0.422,10776
0.422,10775
0.422,10774
0.422,10773
0.422,10772
0.423,10771
0.423,10770
0.423,10769
0.423,10768
0.423,10767
0.423,10766
0.423,10765
0.424,10764
0.424,10763
0.424,10762
0.424,10761
0.424,10760
0.424,10759
0.424,10758
0.424,10757
0.424,10756
0.424,10755
0.424,10754
0.425,10753
0.425,10752
0.425,10751
0.425,10750
0.425,10749
0.425,10748
0.425,10747
0.425,10746
0.425,10745
0.426,10744
0.426,10743
0.426,10742
0.426,10741
0.426,10740
0.426,10739
0.426,10738
0.427,10737
0.427,10736
0.427,10735
0.427,10734
0.427,10733
0.427,10732
0.427,10731
0.427,10730
0.428,10729
0.428,10728
0.428,10727
0.428,10726
0.428,10725
0.428,10724
0.429,10723
0.429,10722
0.429,10721
0.429,10720
0.429,10719
0.429,10718
0.429,10717
0.43,10716
0.43,10715
0.43,10714
0.43,10713
0.43,10712
0.43,10711
0.43,10710
0.431,10709
0.431,10708
0.431,10707
0.431,10706
0.431,10705
0.431,10704
0.431,10703
0.432,10702
0.432,10701
0.432,10700
0.432,10699
0.432,10698
0.432,10697
0.432,10696
0.432,10695
0.433,10694
0.433,10693
0.433,10692
0.433,10691
0.433,10690
0.433,10689
0.433,10688
0.433,10687
0.433,10686
0.434,10685
0.434,10684
0.434,10683
0.434,10682
0.434,10681
0.434,10680
0.434,10679
0.434,10678
0.435,10677
0.435,10676
0.435,10675
0.435,10674
0.435,10673
0.435,10672
0.436,10671
0.436,10670
0.436,10669
0.436,10668
0.436,10667
0.436,10666
0.436,10665
0.436,10664
0.436,10663
0.437,10662
0.437,10661
0.437,10660
0.437,10659
0.437,10658
0.437,10657
0.437,10656
0.438,10655
0.438,10654
0.438,10653
0.438,10652
0.438,10651
0.438,10650
0.438,10649
0.438,10648
0.438,10647
0.439,10646
0.439,10645
0.439,10644
0.439,10643
0.439,10642
0.439,10641
0.439,10640
0.44,10639
0.44,10638
0.44,10637
0.44,10636
0.44,10635
0.44,10634
0.44,10633
0.441,10632
0.441,10631
0.441,10630
0.441,10629
0.441,10628
0.441,10627
0.442,10626
0.442,10625
0.442,10624
0.443,10623
0.443,10622
0.443,10621
0.443,10620
0.443,10619
0.443,10618
0.443,10617
0.443,10616
0.444,10615
0.444,10614
0.444,10613
0.444,10612
0.444,10611
0.444,10610
0.444,10609
0.444,10608
0.444,10607
0.445,10606
0.445,10605
0.445,10604
0.445,10603
0.445,10602
0.445,10601
0.446,10600
0.446,10599
0.446,10598
0.446,10597
0.446,10596
0.447,10595
0.447,10594
0.447,10593
0.447,10592
0.447,10591
0.447,10590
0.447,10589
0.447,10588
0.448,10587
0.448,10586
0.448,10585
0.448,10584
0.448,10583
0.448,10582
0.448,10581
0.448,10580
0.448,10579
0.449,10578
0.449,10577
0.449,10576
0.449,10575
0.449,10574
0.449,10573
0.449,10572
0.449,10571
0.45,10570
0.45,10569
0.45,10568
0.45,10567
0.45,10566
0.45,10565
0.451,10564
0.451,10563
0.451,10562
0.451,10561
0.451,10560
0.451,10559
0.451,10558
0.452,10557
0.452,10556
0.452,10555
0.452,10554
0.452,10553
0.452,10552
0.452,10551
0.452,10550
0.453,10549
0.453,10548
0.453,10547
0.454,10546
0.454,10545
0.454,10544
0.454,10543
0.454,10542
0.454,10541
0.455,10540
0.455,10539
0.455,10538
0.455,10537
0.455,10536
0.455,10535
0.455,10534
0.456,10533
0.456,10532
0.456,10531
0.456,10530
0.456,10529
0.456,10528
0.456,10527
0.456,10526
0.456,10525
0.457,10524
0.457,10523
0.457,10522
0.457,10521
0.457,10520
0.457,10519
0.457,10518
0.457,10517
0.458,10516
0.458,10515
0.458,10514
0.458,10513
0.458,10512
0.458,10511
0.458,10510
0.459,10509
0.459,10508
0.459,10507
0.459,10506
0.459,10505
0.459,10504
0.46,10503
0.46,10502
0.46,10501
0.46,10500
0.46,10499
0.46,10498
0.46,10497
0.46,10496
0.46,10495
0.46,10494
0.46,10493
0.461,10492
0.461,10491
0.461,10490
0.461,10489
0.461,10488
0.461,10487
0.461,10486
0.461,10485
0.461,10484
0.462,10483
0.462,10482
0.462,10481
0.462,10480
0.462,10479
0.462,10478
0.463,10477
0.463,10476
0.463,10475
0.463,10474
0.463,10473
0.464,10472
0.464,10471
0.464,10470
0.464,10469
0.464,10468
0.464,10467
0.464,10466
0.465,10465
0.465,10464
0.465,10463
0.465,10462
0.465,10461
0.465,10460
0.466,10459
0.466,10458
0.466,10457
0.466,10456
0.466,10455
0.466,10454
0.466,10453
0.467,10452
0.467,10451
0.467,10450
0.467,10449
0.467,10448
0.467,10447
0.467,10446
0.467,10445
0.467,10444
0.468,10443
0.468,10442
0.468,10441
0.468,10440
0.468,10439
0.468,10438
0.468,10437
0.468,10436
0.469,10435
0.469,10434
0.469,10433
0.469,10432
0.47,10431
0.47,10430
0.47,10429
0.47,10428
0.47,10427
0.47,10426
0.47,10425
0.471,10424
0.471,10423
0.471,10422
0.471,10421
0.471,10420
0.471,10419
0.471,10418
0.471,10417
0.471,10416
0.472,10415
0.472,10414
0.472,10413
0.472,10412
0.472,10411
0.472,10410
0.472,10409
0.472,10408
0.472,10407
0.473,10406
0.473,10405
0.473,10404
0.473,10403
0.473,10402
0.473,10401
0.474,10400
0.474,10399
0.474,10398
0.474,10397
0.474,10396
0.474,10395
0.474,10394
0.475,10393
0.475,10392
0.475,10391
0.475,10390
0.475,10389
0.475,10388
0.476,10387
0.476,10386
0.476,10385
0.476,10384
0.476,10383
0.476,10382
0.476,10381
0.477,10380
0.477,10379
0.477,10378
0.477,10377
0.477,10376
0.477,10375
0.477,10374
0.477,10373
0.477,10372
0.477,10371
0.477,10370
0.478,10369
0.478,10368
0.478,10367
0.478,10366
0.478,10365
0.478,10364
0.478,10363
0.479,10362
0.479,10361
0.479,10360
0.479,10359
0.479,10358
0.479,10357
0.479,10356
0.479,10355
0.479,10354
0.48,10353
0.48,10352
0.48,10351
0.48,10350
0.48,10349
0.48,10348
0.48,10347
0.48,10346
0.481,10345
0.481,10344
0.481,10343
0.481,10342
0.481,10341
0.481,10340
0.481,10339
0.481,10338
0.481,10337
0.481,10336
0.481,10335
0.482,10334
0.482,10333
0.482,10332
0.482,10331
0.482,10330
0.482,10329
0.482,10328
0.482,10327
0.483,10326
0.483,10325
0.483,10324
0.483,10323
0.483,10322
0.483,10321
0.483,10320
0.483,10319
0.484,10318
0.484,10317
0.484,10316
0.484,10315
0.484,10314
0.484,10313
0.485,10312
0.485,10311
0.485,10310
0.485,10309
0.485,10308
0.485,10307
0.485,10306
0.485,10305
0.486,10304
0.486,10303
0.486,10302
0.486,10301
0.486,10300
0.486,10299
0.486,10298
0.486,10297
0.486,10296
0.486,10295
0.487,10294
0.487,10293
0.487,10292
0.487,10291
0.487,10290
0.487,10289
0.487,10288
0.487,10287
0.488,10286
0.488,10285
0.488,10284
0.488,10283
0.488,10282
0.488,10281
0.489,10280
0.489,10279
0.489,10278
0.489,10277
0.489,10276
0.49,10275
0.49,10274
0.49,10273
0.49,10272
0.49,10271
0.49,10270
0.49,10269
0.49,10268
0.49,10267
0.491,10266
0.491,10265
0.491,10264
0.491,10263
0.491,10262
0.491,10261
0.491,10260
0.5,10259
0.501,10258
0.501,10257
0.501,10256
0.501,10255
0.501,10254
0.501,10253
0.501,10252
0.502,10251
0.502,10250
0.502,10249
0.502,10248
0.502,10247
0.502,10246
0.502,10245
0.502,10244
0.503,10243
0.503,10242
0.503,10241
0.503,10240
0.503,10239
0.503,10238
0.503,10237
0.503,10236
0.503,10235
0.503,10234
0.503,10233
0.504,10232
0.504,10231
0.504,10230
0.504,10229
0.504,10228
0.505,10227
0.505,10226
0.505,10225
0.505,10224
0.505,10223
0.505,10222
0.505,10221
0.505,10220
0.505,10219
0.505,10218
0.506,10217
0.506,10216
0.506,10215
0.507,10214
0.507,10213
0.507,10212
0.507,10211
0.507,10210
0.507,10209
0.507,10208
0.508,10207
0.508,10206
0.508,10205
0.508,10204
0.508,10203
0.509,10202
0.509,10201
0.509,10200
0.509,10199
0.509,10198
0.509,10197
0.509,10196
0.509,10195
0.509,10194
0.509,10193
0.51,10192
0.51,10191
0.51,10190
0.51,10189
0.51,10188
0.51,10187
0.51,10186
0.51,10185
0.51,10184
0.511,10183
0.511,10182
0.511,10181
0.511,10180
0.511,10179
0.511,10178
0.512,10177
0.512,10176
0.512,10175
0.512,10174
0.512,10173
0.512,10172
0.512,10171
0.512,10170
0.512,10169
0.512,10168
0.513,10167
0.513,10166
0.513,10165
0.513,10164
0.513,10163
0.513,10162
0.513,10161
0.513,10160
0.513,10159
0.513,10158
0.513,10157
0.513,10156
0.514,10155
0.514,10154
0.514,10153
0.514,10152
0.514,10151
0.514,10150
0.514,10149
0.514,10148
0.514,10147
0.514,10146
0.515,10145
0.515,10144
0.515,10143
0.515,10142
0.515,10141
0.516,10140
0.516,10139
0.516,10138
0.516,10137
0.516,10136
0.516,10135
0.516,10134
0.517,10133
0.517,10132
0.517,10131
0.517,10130
0.517,10129
0.517,10128
0.518,10127
0.518,10126
0.518,10125
0.518,10124
0.518,10123
0.518,10122
0.519,10121
0.519,10120
0.519,10119
0.52,10118
0.52,10117
0.52,10116
0.52,10115
0.52,10114
0.52,10113
0.52,10112
0.521,10111
0.521,10110
0.521,10109
0.521,10108
0.521,10107
0.521,10106
0.521,10105
0.521,10104
0.521,10103
0.522,10102
0.522,10101
0.522,10100
0.522,10099
0.522,10098
0.522,10097
0.523,10096
0.523,10095
0.523,10094
0.523,10093
0.523,10092
0.523,10091
0.523,10090
0.523,10089
0.524,10088
0.524,10087
0.524,10086
0.524,10085
0.524,10084
0.524,10083
0.524,10082
0.525,10081
0.525,10080
0.525,10079
0.525,10078
0.525,10077
0.525,10076
0.525,10075
0.525,10074
0.526,10073
0.526,10072
0.526,10071
0.526,10070
0.526,10069
0.526,10068
0.526,10067
0.526,10066
0.526,10065
0.527,10064
0.527,10063
0.527,10062
0.527,10061
0.527,10060
0.527,10059
0.527,10058
0.527,10057
0.528,10056
0.528,10055
0.528,10054
0.528,10053
0.528,10052
0.528,10051
0.528,10050
0.528,10049
0.528,10048
0.529,10047
0.529,10046
0.53,10045
0.53,10044
0.53,10043
0.53,10042
0.53,10041
0.53,10040
0.53,10039
0.53,10038
0.531,10037
0.531,10036
0.531,10035
0.531,10034
0.531,10033
0.531,10032
0.531,10031
0.531,10030
0.531,10029
0.531,10028
0.531,10027
0.531,10026
0.531,10025
0.532,10024
0.532,10023
0.532,10022
0.532,10021
0.532,10020
0.532,10019
0.532,10018
0.532,10017
0.533,10016
0.533,10015
0.533,10014
0.533,10013
0.533,10012
0.533,10011
0.533,10010
0.533,10009
0.533,10008
0.533,10007
0.534,10006
0.534,10005
0.534,10004
0.534,10003
0.534,10002
0.534,10001
0.534,10000
0.534,9999
0.534,9998
0.535,9997
0.535,9996
0.535,9995
0.535,9994
0.535,9993
0.535,9992
0.535,9991
0.536,9990
0.536,9989
0.536,9988
0.536,9987
0.536,9986
0.536,9985
0.536,9984
0.536,9983
0.537,9982
0.537,9981
0.537,9980
0.537,9979
0.537,9978
0.537,9977
0.538,9976
0.538,9975
0.538,9974
0.538,9973
0.538,9972
0.538,9971
0.538,9970
0.538,9969
0.539,9968
0.539,9967
0.539,9966
0.539,9965
0.539,9964
0.539,9963
0.539,9962
0.539,9961
0.54,9960
0.54,9959
0.54,9958
0.54,9957
0.54,9956
0.54,9955
0.54,9954
0.54,9953
0.54,9952
0.541,9951
0.541,9950
0.541,9949
0.541,9948
0.541,9947
0.541,9946
0.542,9945
0.542,9944
0.542,9943
0.542,9942
0.542,9941
0.542,9940
0.543,9939
0.543,9938
0.543,9937
0.543,9936
0.543,9935
0.544,9934
0.544,9933
0.544,9932
0.544,9931
0.544,9930
0.544,9929
0.545,9928
0.545,9927
0.545,9926
0.545,9925
0.545,9924
0.546,9923
0.546,9922
0.546,9921
0.546,9920
0.546,9919
0.547,9918
0.547,9917
0.547,9916
0.547,9915
0.547,9914
0.547,9913
0.548,9912
0.548,9911
0.548,9910
0.548,9909
0.548,9908
0.548,9907
0.548,9906
0.548,9905
0.548,9904
0.548,9903
0.549,9902
0.549,9901
0.549,9900
0.549,9899
0.549,9898
0.549,9897
0.549,9896
0.55,9895
0.55,9894
0.55,9893
0.55,9892
0.55,9891
0.55,9890
0.55,9889
0.551,9888
0.551,9887
0.551,9886
0.551,9885
0.551,9884
0.551,9883
0.552,9882
0.552,9881
0.552,9880
0.553,9879
0.553,9878
0.553,9877
0.553,9876
0.553,9875
0.553,9874
0.553,9873
0.553,9872
0.554,9871
0.554,9870
0.554,9869
0.554,9868
0.554,9867
0.554,9866
0.554,9865
0.554,9864
0.554,9863
0.554,9862
0.554,9861
0.554,9860
0.555,9859
0.555,9858
0.555,9857
0.555,9856
0.555,9855
0.555,9854
0.555,9853
0.555,9852
0.555,9851
0.555,9850
0.555,9849
0.556,9848
0.556,9847
0.556,9846
0.556,9845
0.556,9844
0.556,9843
0.556,9842
0.556,9841
0.556,9840
0.556,9839
0.556,9838
0.556,9837
0.556,9836
0.557,9835
0.557,9834
0.557,9833
0.557,9832
0.557,9831
0.557,9830
0.557,9829
0.557,9828
0.557,9827
0.558,9826
0.558,9825
0.558,9824
0.558,9823
0.558,9822
0.558,9821
0.558,9820
0.558,9819
0.559,9818
0.559,9817
0.559,9816
0.559,9815
0.559,9814
0.559,9813
0.559,9812
0.56,9811
0.56,9810
0.56,9809
0.56,9808
0.56,9807
0.56,9806
0.56,9805
0.56,9804
0.56,9803
0.561,9802
0.561,9801
0.561,9800
0.561,9799
0.561,9798
0.561,9797
0.562,9796
0.562,9795
0.562,9794
0.563,9793
0.563,9792
0.563,9791
0.563,9790
0.563,9789
0.563,9788
0.563,9787
0.564,9786
0.564,9785
0.564,9784
0.564,9783
0.564,9782
0.564,9781
0.564,9780
0.565,9779
0.565,9778
0.565,9777
0.565,9776
0.565,9775
0.565,9774
0.565,9773
0.565,9772
0.565,9771
0.566,9770
0.566,9769
0.566,9768
0.566,9767
0.566,9766
0.567,9765
0.567,9764
0.567,9763
0.567,9762
0.567,9761
0.567,9760
0.567,9759
0.567,9758
0.567,9757
0.567,9756
0.567,9755
0.568,9754
0.568,9753
0.568,9752
0.568,9751
0.568,9750
0.568,9749
0.569,9748
0.569,9747
0.569,9746
0.569,9745
0.569,9744
0.569,9743
0.569,9742
0.569,9741
0.569,9740
0.57,9739
0.57,9738
0.57,9737
0.57,9736
0.571,9735
0.571,9734
0.571,9733
0.571,9732
0.572,9731
0.572,9730
0.572,9729
0.572,9728
0.572,9727
0.572,9726
0.572,9725
0.572,9724
0.573,9723
0.573,9722
0.573,9721
0.573,9720
0.573,9719
0.573,9718
0.573,9717
0.573,9716
0.573,9715
0.574,9714
0.574,9713
0.574,9712
0.574,9711
0.574,9710
0.574,9709
0.574,9708
0.575,9707
0.575,9706
0.575,9705
0.575,9704
0.575,9703
0.575,9702
0.575,9701
0.575,9700
0.575,9699
0.575,9698
0.576,9697
0.576,9696
0.576,9695
0.576,9694
0.576,9693
0.576,9692
0.577,9691
0.577,9690
0.577,9689
0.577,9688
0.577,9687
0.577,9686
0.577,9685
0.577,9684
0.578,9683
0.578,9682
0.578,9681
0.578,9680
0.578,9679
0.578,9678
0.579,9677
0.579,9676
0.579,9675
0.579,9674
0.579,9673
0.579,9672
0.579,9671
0.579,9670
0.579,9669
0.58,9668
0.58,9667
0.58,9666
0.58,9665
0.58,9664
0.581,9663
0.581,9662
0.581,9661
0.581,9660
0.581,9659
0.581,9658
0.581,9657
0.581,9656
0.581,9655
0.582,9654
0.582,9653
0.582,9652
0.582,9651
0.582,9650
0.582,9649
0.582,9648
0.582,9647
0.582,9646
0.582,9645
0.583,9644
0.583,9643
0.583,9642
0.583,9641
0.583,9640
0.584,9639
0.584,9638
0.584,9637
0.584,9636
0.584,9635
0.584,9634
0.584,9633
0.584,9632
0.585,9631
0.585,9630
0.585,9629
0.585,9628
0.585,9627
0.586,9626
0.586,9625
0.586,9624
0.586,9623
0.586,9622
0.587,9621
0.587,9620
0.587,9619
0.587,9618
0.587,9617
0.587,9616
0.588,9615
0.588,9614
0.588,9613
0.588,9612
0.588,9611
0.588,9610
0.588,9609
0.589,9608
0.589,9607
0.589,9606
0.589,9605
0.589,9604
0.589,9603
0.589,9602
0.59,9601
0.59,9600
0.59,9599
0.59,9598
0.59,9597
0.59,9596
0.59,9595
0.59,9594
0.59,9593
0.591,9592
0.591,9591
0.591,9590
0.591,9589
0.591,9588
0.591,9587
0.592,9586
0.592,9585
0.592,9584
0.592,9583
0.592,9582
0.593,9581
0.593,9580
0.593,9579
0.593,9578
0.593,9577
0.593,9576
0.594,9575
0.594,9574
0.594,9573
0.594,9572
0.594,9571
0.594,9570
0.594,9569
0.595,9568
0.595,9567
0.595,9566
0.595,9565
0.595,9564
0.595,9563
0.595,9562
0.595,9561
0.596,9560
0.596,9559
0.596,9558
0.596,9557
0.596,9556
0.596,9555
0.596,9554
0.597,9553
0.597,9552
0.597,9551
0.597,9550
0.597,9549
0.597,9548
0.597,9547
0.598,9546
0.598,9545
0.598,9544
0.598,9543
0.598,9542
0.598,9541
0.599,9540
0.599,9539
0.599,9538
0.599,9537
0.599,9536
0.599,9535
0.6,9534
0.6,9533
0.6,9532
0.6,9531
0.6,9530
0.601,9529
0.601,9528
0.601,9527
0.601,9526
0.601,9525
0.601,9524
0.601,9523
0.602,9522
0.602,9521
0.602,9520
0.602,9519
0.602,9518
0.603,9517
0.603,9516
0.603,9515
0.603,9514
0.603,9513
0.603,9512
0.603,9511
0.603,9510
0.603,9509
0.603,9508
0.604,9507
0.604,9506
0.604,9505
0.604,9504
0.604,9503
0.604,9502
0.604,9501
0.604,9500
0.605,9499
0.605,9498
0.605,9497
0.605,9496
0.605,9495
0.605,9494
0.606,9493
0.606,9492
0.606,9491
0.606,9490
0.606,9489
0.606,9488
0.607,9487
0.607,9486
0.607,9485
0.607,9484
0.607,9483
0.607,9482
0.608,9481
0.608,9480
0.608,9479
0.608,9478
0.608,9477
0.609,9476
0.609,9475
0.609,9474
0.609,9473
0.609,9472
0.609,9471
0.61,9470
0.61,9469
0.61,9468
0.61,9467
0.61,9466
0.61,9465
0.611,9464
0.611,9463
0.611,9462
0.611,9461
0.612,9460
0.612,9459
0.612,9458
0.613,9457
0.613,9456
0.613,9455
0.613,9454
0.613,9453
0.614,9452
0.614,9451
0.614,9450
0.614,9449
0.614,9448
0.614,9447
0.614,9446
0.614,9445
0.614,9444
0.615,9443
0.615,9442
0.615,9441
0.615,9440
0.616,9439
0.616,9438
0.616,9437
0.616,9436
0.616,9435
0.616,9434
0.616,9433
0.616,9432
0.616,9431
0.617,9430
0.617,9429
0.617,9428
0.617,9427
0.617,9426
0.617,9425
0.618,9424
0.618,9423
0.618,9422
0.618,9421
0.618,9420
0.618,9419
0.618,9418
0.618,9417
0.619,9416
0.619,9415
0.619,9414
0.619,9413
0.62,9412
0.62,9411
0.62,9410
0.62,9409
0.62,9408
0.62,9407
0.62,9406
0.62,9405
0.621,9404
0.621,9403
0.621,9402
0.621,9401
0.621,9400
0.621,9399
0.621,9398
0.621,9397
0.621,9396
0.621,9395
0.621,9394
0.621,9393
0.622,9392
0.622,9391
0.622,9390
0.622,9389
0.622,9388
0.622,9387
0.622,9386
0.622,9385
0.622,9384
0.623,9383
0.623,9382
0.623,9381
0.623,9380
0.623,9379
0.623,9378
0.624,9377
0.624,9376
0.624,9375
0.624,9374
0.624,9373
0.624,9372
0.624,9371
0.624,9370
0.625,9369
0.625,9368
0.625,9367
0.625,9366
0.625,9365
0.625,9364
0.625,9363
0.625,9362
0.625,9361
0.625,9360
0.626,9359
0.626,9358
0.626,9357
0.626,9356
0.626,9355
0.627,9354
0.627,9353
0.627,9352
0.627,9351
0.627,9350
0.627,9349
0.627,9348
0.627,9347
0.627,9346
0.627,9345
0.628,9344
0.628,9343
0.628,9342
0.628,9341
0.628,9340
0.628,9339
0.628,9338
0.628,9337
0.629,9336
0.629,9335
0.629,9334
0.629,9333
0.629,9332
0.629,9331
0.629,9330
0.629,9329
0.63,9328
0.63,9327
0.63,9326
0.63,9325
0.63,9324
0.631,9323
0.631,9322
0.631,9321
0.631,9320
0.631,9319
0.631,9318
0.631,9317
0.632,9316
0.632,9315
0.632,9314
0.632,9313
0.632,9312
0.632,9311
0.632,9310
0.632,9309
0.633,9308
0.633,9307
0.633,9306
0.633,9305
0.633,9304
0.633,9303
0.633,9302
0.633,9301
0.634,9300
0.634,9299
0.634,9298
0.634,9297
0.634,9296
0.634,9295
0.634,9294
0.634,9293
0.635,9292
0.635,9291
0.635,9290
0.635,9289
0.635,9288
0.635,9287
0.635,9286
0.635,9285
0.636,9284
0.636,9283
0.636,9282
0.636,9281
0.636,9280
0.636,9279
0.636,9278
0.636,9277
0.636,9276
0.636,9275
0.637,9274
0.637,9273
0.637,9272
0.637,9271
0.637,9270
0.638,9269
0.638,9268
0.638,9267
0.638,9266
0.638,9265
0.638,9264
0.638,9263
0.638,9262
0.638,9261
0.639,9260
0.639,9259
0.639,9258
0.639,9257
0.639,9256
0.639,9255
0.639,9254
0.639,9253
0.64,9252
0.64,9251
0.64,9250
0.64,9249
0.64,9248
0.64,9247
0.641,9246
0.641,9245
0.641,9244
0.641,9243
0.641,9242
0.642,9241
0.642,9240
0.642,9239
0.642,9238
0.642,9237
0.642,9236
0.642,9235
0.642,9234
0.643,9233
0.643,9232
0.643,9231
0.643,9230
0.643,9229
0.644,9228
0.644,9227
0.644,9226
0.644,9225
0.644,9224
0.644,9223
0.645,9222
0.645,9221
0.645,9220
0.645,9219
0.645,9218
0.646,9217
0.646,9216
0.647,9215
0.647,9214
0.647,9213
0.647,9212
0.647,9211
0.648,9210
0.648,9209
0.648,9208
0.648,9207
0.648,9206
0.648,9205
0.648,9204
0.648,9203
0.649,9202
0.649,9201
0.649,9200
0.649,9199
0.649,9198
0.65,9197
0.65,9196
0.65,9195
0.65,9194
0.65,9193
0.65,9192
0.65,9191
0.651,9190
0.651,9189
0.651,9188
0.651,9187
0.651,9186
0.651,9185
0.651,9184
0.651,9183
0.651,9182
0.652,9181
0.652,9180
0.652,9179
0.652,9178
0.652,9177
0.652,9176
0.652,9175
0.653,9174
0.653,9173
0.653,9172
0.653,9171
0.653,9170
0.653,9169
0.654,9168
0.654,9167
0.654,9166
0.654,9165
0.655,9164
0.655,9163
0.655,9162
0.655,9161
0.655,9160
0.655,9159
0.655,9158
0.656,9157
0.656,9156
0.656,9155
0.657,9154
0.657,9153
0.657,9152
0.657,9151
0.657,9150
0.657,9149
0.657,9148
0.657,9147
0.658,9146
0.658,9145
0.658,9144
0.658,9143
0.658,9142
0.658,9141
0.659,9140
0.659,9139
0.659,9138
0.659,9137
0.659,9136
0.659,9135
0.659,9134
0.66,9133
0.66,9132
0.66,9131
0.66,9130
0.66,9129
0.66,9128
0.66,9127
0.66,9126
0.66,9125
0.661,9124
0.661,9123
0.661,9122
0.661,9121
0.661,9120
0.661,9119
0.662,9118
0.662,9117
0.662,9116
0.662,9115
0.662,9114
0.662,9113
0.662,9112
0.662,9111
0.662,9110
0.662,9109
0.662,9108
0.663,9107
0.663,9106
0.663,9105
0.663,9104
0.664,9103
0.664,9102
0.664,9101
0.664,9100
0.664,9099
0.664,9098
0.664,9097
0.664,9096
0.664,9095
0.665,9094
0.665,9093
0.665,9092
0.665,9091
0.665,9090
0.665,9089
0.666,9088
0.666,9087
0.666,9086
0.666,9085
0.666,9084
0.667,9083
0.667,9082
0.667,9081
0.667,9080
0.667,9079
0.667,9078
0.668,9077
0.668,9076
0.668,9075
0.668,9074
0.668,9073
0.669,9072
0.669,9071
0.669,9070
0.669,9069
0.669,9068
0.669,9067
0.669,9066
0.669,9065
0.67,9064
0.67,9063
0.67,9062
0.67,9061
0.67,9060
0.67,9059
0.67,9058
0.671,9057
0.671,9056
0.671,9055
0.671,9054
0.671,9053
0.671,9052
0.671,9051
0.672,9050
0.672,9049
0.672,9048
0.672,9047
0.672,9046
0.672,9045
0.672,9044
0.672,9043
0.672,9042
0.673,9041
0.673,9040
0.673,9039
0.673,9038
0.673,9037
0.673,9036
0.673,9035
0.673,9034
0.674,9033
0.674,9032
0.674,9031
0.674,9030
0.674,9029
0.674,9028
0.674,9027
0.675,9026
0.675,9025
0.675,9024
0.675,9023
0.675,9022
0.675,9021
0.675,9020
0.675,9019
0.676,9018
0.676,9017
0.676,9016
0.676,9015
0.676,9014
0.676,9013
0.676,9012
0.676,9011
0.677,9010
0.677,9009
0.677,9008
0.677,9007
0.678,9006
0.678,9005
0.678,9004
0.678,9003
0.678,9002
0.678,9001
0.678,9000
0.679,8999
0.679,8998
0.679,8997
0.68,8996
0.68,8995
0.68,8994
0.68,8993
0.68,8992
0.68,8991
0.68,8990
0.68,8989
0.68,8988
0.681,8987
0.681,8986
0.681,8985
0.681,8984
0.681,8983
0.681,8982
0.681,8981
0.681,8980
0.682,8979
0.682,8978
0.682,8977
0.682,8976
0.682,8975
0.682,8974
0.682,8973
0.682,8972
0.683,8971
0.683,8970
0.683,8969
0.683,8968
0.683,8967
0.683,8966
0.684,8965
0.684,8964
0.684,8963
0.684,8962
0.684,8961
0.684,8960
0.684,8959
0.684,8958
0.685,8957
0.685,8956
0.685,8955
0.685,8954
0.685,8953
0.685,8952
0.686,8951
0.686,8950
0.686,8949
0.686,8948
0.686,8947
0.687,8946
0.687,8945
0.687,8944
0.687,8943
0.687,8942
0.687,8941
0.687,8940
0.687,8939
0.687,8938
0.688,8937
0.688,8936
0.688,8935
0.688,8934
0.688,8933
0.688,8932
0.689,8931
0.689,8930
0.689,8929
0.689,8928
0.689,8927
0.689,8926
0.689,8925
0.689,8924
0.69,8923
0.69,8922
0.69,8921
0.69,8920
0.69,8919
0.69,8918
0.69,8917
0.69,8916
0.69,8915
0.691,8914
0.691,8913
0.691,8912
0.691,8911
0.691,8910
0.691,8909
0.692,8908
0.692,8907
0.692,8906
0.692,8905
0.692,8904
0.692,8903
0.692,8902
0.692,8901
0.693,8900
0.693,8899
0.693,8898
0.693,8897
0.693,8896
0.693,8895
0.693,8894
0.693,8893
0.694,8892
0.694,8891
0.694,8890
0.694,8889
0.694,8888
0.694,8887
0.694,8886
0.695,8885
0.695,8884
0.695,8883
0.695,8882
0.695,8881
0.696,8880
0.696,8879
0.696,8878
0.696,8877
0.696,8876
0.697,8875
0.697,8874
0.697,8873
0.697,8872
0.697,8871
0.697,8870
0.697,8869
0.697,8868
0.698,8867
0.698,8866
0.698,8865
0.698,8864
0.698,8863
0.698,8862
0.698,8861
0.698,8860
0.699,8859
0.699,8858
0.699,8857
0.699,8856
0.699,8855
0.699,8854
0.699,8853
0.7,8852
0.7,8851
0.7,8850
0.7,8849
0.7,8848
0.701,8847
0.701,8846
0.701,8845
0.701,8844
0.701,8843
0.701,8842
0.701,8841
0.702,8840
0.702,8839
0.702,8838
0.702,8837
0.702,8836
0.702,8835
0.702,8834
0.703,8833
0.703,8832
0.703,8831
0.703,8830
0.703,8829
0.703,8828
0.703,8827
0.704,8826
0.704,8825
0.704,8824
0.704,8823
0.704,8822
0.704,8821
0.705,8820
0.705,8819
0.705,8818
0.705,8817
0.705,8816
0.706,8815
0.706,8814
0.706,8813
0.706,8812
0.706,8811
0.706,8810
0.706,8809
0.707,8808
0.707,8807
0.707,8806
0.707,8805
0.707,8804
0.708,8803
0.708,8802
0.708,8801
0.708,8800
0.708,8799
0.708,8798
0.708,8797
0.708,8796
0.709,8795
0.709,8794
0.709,8793
0.709,8792
0.709,8791
0.709,8790
0.709,8789
0.71,8788
0.71,8787
0.71,8786
0.71,8785
0.71,8784
0.711,8783
0.711,8782
0.711,8781
0.711,8780
0.711,8779
0.711,8778
0.711,8777
0.712,8776
0.712,8775
0.712,8774
0.712,8773
0.712,8772
0.713,8771
0.713,8770
0.713,8769
0.713,8768
0.713,8767
0.714,8766
0.714,8765
0.714,8764
0.714,8763
0.715,8762
0.715,8761
0.715,8760
0.715,8759
0.715,8758
0.715,8757
0.716,8756
0.716,8755
0.716,8754
0.716,8753
0.717,8752
0.717,8751
0.717,8750
0.717,8749
0.718,8748
0.718,8747
0.718,8746
0.718,8745
0.718,8744
0.718,8743
0.718,8742
0.718,8741
0.718,8740
0.718,8739
0.718,8738
0.719,8737
0.719,8736
0.719,8735
0.719,8734
0.719,8733
0.719,8732
0.719,8731
0.719,8730
0.72,8729
0.72,8728
0.72,8727
0.72,8726
0.721,8725
0.721,8724
0.721,8723
0.721,8722
0.721,8721
0.721,8720
0.721,8719
0.722,8718
0.722,8717
0.722,8716
0.722,8715
0.723,8714
0.723,8713
0.723,8712
0.723,8711
0.723,8710
0.723,8709
0.723,8708
0.724,8707
0.724,8706
0.724,8705
0.724,8704
0.724,8703
0.724,8702
0.724,8701
0.725,8700
0.725,8699
0.725,8698
0.725,8697
0.726,8696
0.726,8695
0.726,8694
0.726,8693
0.726,8692
0.727,8691
0.727,8690
0.727,8689
0.727,8688
0.727,8687
0.727,8686
0.727,8685
0.727,8684
0.727,8683
0.727,8682
0.727,8681
0.727,8680
0.728,8679
0.728,8678
0.728,8677
0.728,8676
0.728,8675
0.728,8674
0.729,8673
0.729,8672
0.729,8671
0.729,8670
0.729,8669
0.729,8668
0.729,8667
0.729,8666
0.73,8665
0.73,8664
0.731,8663
0.731,8662
0.731,8661
0.731,8660
0.731,8659
0.731,8658
0.731,8657
0.732,8656
0.732,8655
0.732,8654
0.732,8653
0.732,8652
0.732,8651
0.732,8650
0.732,8649
0.733,8648
0.733,8647
0.733,8646
0.733,8645
0.733,8644
0.733,8643
0.734,8642
0.734,8641
0.734,8640
0.734,8639
0.734,8638
0.734,8637
0.735,8636
0.735,8635
0.735,8634
0.735,8633
0.735,8632
0.735,8631
0.736,8630
0.736,8629
0.736,8628
0.736,8627
0.736,8626
0.737,8625
0.737,8624
0.737,8623
0.737,8622
0.737,8621
0.737,8620
0.738,8619
0.738,8618
0.738,8617
0.738,8616
0.738,8615
0.739,8614
0.739,8613
0.739,8612
0.739,8611
0.74,8610
0.74,8609
0.74,8608
0.74,8607
0.74,8606
0.74,8605
0.74,8604
0.741,8603
0.741,8602
0.741,8601
0.741,8600
0.741,8599
0.741,8598
0.741,8597
0.741,8596
0.742,8595
0.742,8594
0.742,8593
0.742,8592
0.742,8591
0.742,8590
0.742,8589
0.742,8588
0.742,8587
0.743,8586
0.743,8585
0.743,8584
0.743,8583
0.743,8582
0.743,8581
0.744,8580
0.744,8579
0.744,8578
0.744,8577
0.744,8576
0.744,8575
0.744,8574
0.745,8573
0.745,8572
0.745,8571
0.745,8570
0.745,8569
0.745,8568
0.745,8567
0.746,8566
0.746,8565
0.746,8564
0.746,8563
0.746,8562
0.746,8561
0.746,8560
0.747,8559
0.747,8558
0.747,8557
0.748,8556
0.748,8555
0.748,8554
0.748,8553
0.749,8552
0.749,8551
0.749,8550
0.749,8549
0.75,8548
0.75,8547
0.75,8546
0.75,8545
0.751,8544
0.751,8543
0.751,8542
0.751,8541
0.752,8540
0.752,8539
0.752,8538
0.753,8537
0.753,8536
0.753,8535
0.753,8534
0.753,8533
0.754,8532
0.754,8531
0.762,8530
0.762,8529
0.762,8528
0.762,8527
0.762,8526
0.763,8525
0.763,8524
0.763,8523
0.764,8522
0.764,8521
0.764,8520
0.764,8519
0.764,8518
0.764,8517
0.764,8516
0.764,8515
0.764,8514
0.765,8513
0.765,8512
0.765,8511
0.765,8510
0.765,8509
0.765,8508
0.765,8507
0.765,8506
0.766,8505
0.766,8504
0.766,8503
0.766,8502
0.766,8501
0.766,8500
0.767,8499
0.767,8498
0.767,8497
0.767,8496
0.767,8495
0.767,8494
0.767,8493
0.767,8492
0.768,8491
0.768,8490
0.768,8489
0.768,8488
0.768,8487
0.769,8486
0.769,8485
0.769,8484
0.769,8483
0.769,8482
0.769,8481
0.769,8480
0.77,8479
0.77,8478
0.77,8477
0.77,8476
0.77,8475
0.77,8474
0.77,8473
0.77,8472
0.77,8471
0.771,8470
0.771,8469
0.771,8468
0.772,8467
0.772,8466
0.772,8465
0.772,8464
0.772,8463
0.773,8462
0.773,8461
0.773,8460
0.773,8459
0.773,8458
0.773,8457
0.773,8456
0.773,8455
0.774,8454
0.774,8453
0.774,8452
0.774,8451
0.774,8450
0.774,8449
0.775,8448
0.775,8447
0.775,8446
0.775,8445
0.775,8444
0.775,8443
0.775,8442
0.776,8441
0.776,8440
0.776,8439
0.776,8438
0.776,8437
0.776,8436
0.776,8435
0.777,8434
0.777,8433
0.777,8432
0.777,8431
0.778,8430
0.778,8429
0.778,8428
0.778,8427
0.778,8426
0.778,8425
0.778,8424
0.779,8423
0.779,8422
0.779,8421
0.779,8420
0.779,8419
0.78,8418
0.78,8417
0.781,8416
0.781,8415
0.781,8414
0.781,8413
0.781,8412
0.781,8411
0.781,8410
0.781,8409
0.782,8408
0.782,8407
0.782,8406
0.782,8405
0.782,8404
0.783,8403
0.783,8402
0.783,8401
0.783,8400
0.783,8399
0.784,8398
0.784,8397
0.784,8396
0.784,8395
0.784,8394
0.785,8393
0.785,8392
0.785,8391
0.785,8390
0.785,8389
0.785,8388
0.785,8387
0.786,8386
0.786,8385
0.786,8384
0.786,8383
0.787,8382
0.787,8381
0.787,8380
0.787,8379
0.787,8378
0.788,8377
0.788,8376
0.788,8375
0.789,8374
0.789,8373
0.789,8372
0.789,8371
0.789,8370
0.79,8369
0.79,8368
0.79,8367
0.79,8366
0.79,8365
0.79,8364
0.79,8363
0.791,8362
0.791,8361
0.791,8360
0.791,8359
0.791,8358
0.791,8357
0.791,8356
0.791,8355
0.791,8354
0.791,8353
0.792,8352
0.792,8351
0.792,8350
0.792,8349
0.792,8348
0.792,8347
0.792,8346
0.792,8345
0.793,8344
0.793,8343
0.793,8342
0.793,8341
0.793,8340
0.793,8339
0.793,8338
0.793,8337
0.794,8336
0.794,8335
0.794,8334
0.794,8333
0.795,8332
0.795,8331
0.795,8330
0.795,8329
0.795,8328
0.796,8327
0.796,8326
0.796,8325
0.796,8324
0.796,8323
0.796,8322
0.796,8321
0.797,8320
0.797,8319
0.797,8318
0.798,8317
0.798,8316
0.798,8315
0.798,8314
0.798,8313
0.798,8312
0.798,8311
0.798,8310
0.799,8309
0.799,8308
0.799,8307
0.799,8306
0.799,8305
0.799,8304
0.799,8303
0.799,8302
0.8,8301
0.8,8300
0.8,8299
0.8,8298
0.801,8297
0.801,8296
0.801,8295
0.801,8294
0.801,8293
0.801,8292
0.801,8291
0.801,8290
0.802,8289
0.802,8288
0.802,8287
0.802,8286
0.803,8285
0.803,8284
0.803,8283
0.803,8282
0.803,8281
0.803,8280
0.803,8279
0.803,8278
0.804,8277
0.804,8276
0.804,8275
0.804,8274
0.804,8273
0.804,8272
0.805,8271
0.805,8270
0.805,8269
0.805,8268
0.805,8267
0.805,8266
0.806,8265
0.806,8264
0.806,8263
0.806,8262
0.806,8261
0.806,8260
0.807,8259
0.807,8258
0.807,8257
0.807,8256
0.807,8255
0.807,8254
0.807,8253
0.807,8252
0.807,8251
0.807,8250
0.808,8249
0.808,8248
0.808,8247
0.808,8246
0.809,8245
0.809,8244
0.809,8243
0.809,8242
0.809,8241
0.809,8240
0.809,8239
0.81,8238
0.81,8237
0.81,8236
0.81,8235
0.81,8234
0.81,8233
0.81,8232
0.81,8231
0.81,8230
0.81,8229
0.811,8228
0.811,8227
0.811,8226
0.812,8225
0.812,8224
0.812,8223
0.812,8222
0.812,8221
0.812,8220
0.812,8219
0.813,8218
0.813,8217
0.813,8216
0.813,8215
0.813,8214
0.813,8213
0.813,8212
0.813,8211
0.814,8210
0.814,8209
0.814,8208
0.814,8207
0.814,8206
0.814,8205
0.815,8204
0.815,8203
0.815,8202
0.815,8201
0.815,8200
0.815,8199
0.815,8198
0.816,8197
0.816,8196
0.816,8195
0.816,8194
0.816,8193
0.817,8192
0.817,8191
0.817,8190
0.817,8189
0.817,8188
0.818,8187
0.818,8186
0.818,8185
0.818,8184
0.818,8183
0.819,8182
0.819,8181
0.819,8180
0.819,8179
0.819,8178
0.819,8177
0.82,8176
0.82,8175
0.82,8174
0.82,8173
0.82,8172
0.82,8171
0.821,8170
0.821,8169
0.821,8168
0.821,8167
0.821,8166
0.821,8165
0.822,8164
0.822,8163
0.822,8162
0.822,8161
0.822,8160
0.822,8159
0.822,8158
0.822,8157
0.823,8156
0.823,8155
0.823,8154
0.823,8153
0.823,8152
0.823,8151
0.823,8150
0.823,8149
0.824,8148
0.824,8147
0.824,8146
0.824,8145
0.824,8144
0.825,8143
0.825,8142
0.825,8141
0.825,8140
0.825,8139
0.825,8138
0.825,8137
0.825,8136
0.825,8135
0.825,8134
0.825,8133
0.826,8132
0.826,8131
0.826,8130
0.826,8129
0.826,8128
0.826,8127
0.826,8126
0.826,8125
0.826,8124
0.826,8123
0.827,8122
0.827,8121
0.827,8120
0.827,8119
0.828,8118
0.828,8117
0.828,8116
0.828,8115
0.828,8114
0.828,8113
0.828,8112
0.828,8111
0.829,8110
0.829,8109
0.829,8108
0.829,8107
0.83,8106
0.83,8105
0.83,8104
0.83,8103
0.83,8102
0.83,8101
0.831,8100
0.831,8099
0.831,8098
0.831,8097
0.831,8096
0.831,8095
0.831,8094
0.831,8093
0.832,8092
0.832,8091
0.832,8090
0.832,8089
0.832,8088
0.832,8087
0.832,8086
0.833,8085
0.833,8084
0.833,8083
0.833,8082
0.833,8081
0.833,8080
0.833,8079
0.833,8078
0.834,8077
0.834,8076
0.834,8075
0.834,8074
0.834,8073
0.834,8072
0.834,8071
0.834,8070
0.834,8069
0.834,8068
0.834,8067
0.835,8066
0.835,8065
0.835,8064
0.835,8063
0.835,8062
0.835,8061
0.835,8060
0.835,8059
0.836,8058
0.836,8057
0.836,8056
0.836,8055
0.836,8054
0.836,8053
0.836,8052
0.836,8051
0.836,8050
0.836,8049
0.836,8048
0.836,8047
0.836,8046
0.837,8045
0.837,8044
0.837,8043
0.837,8042
0.837,8041
0.837,8040
0.837,8039
0.837,8038
0.837,8037
0.838,8036
0.838,8035
0.838,8034
0.838,8033
0.838,8032
0.839,8031
0.839,8030
0.839,8029
0.839,8028
0.84,8027
0.84,8026
0.84,8025
0.84,8024
0.84,8023
0.84,8022
0.84,8021
0.841,8020
0.841,8019
0.841,8018
0.841,8017
0.841,8016
0.841,8015
0.841,8014
0.841,8013
0.841,8012
0.841,8011
0.841,8010
0.841,8009
0.841,8008
0.842,8007
0.842,8006
0.842,8005
0.843,8004
0.843,8003
0.843,8002
0.843,8001
0.843,8000
0.843,7999
0.844,7998
0.844,7997
0.844,7996
0.844,7995
0.844,7994
0.844,7993
0.844,7992
0.845,7991
0.845,7990
0.845,7989
0.845,7988
0.845,7987
0.846,7986
0.846,7985
0.846,7984
0.846,7983
0.846,7982
0.846,7981
0.846,7980
0.847,7979
0.847,7978
0.847,7977
0.847,7976
0.847,7975
0.847,7974
0.848,7973
0.848,7972
0.848,7971
0.848,7970
0.848,7969
0.848,7968
0.848,7967
0.849,7966
0.849,7965
0.849,7964
0.849,7963
0.849,7962
0.849,7961
0.849,7960
0.849,7959
0.849,7958
0.85,7957
0.85,7956
0.85,7955
0.85,7954
0.85,7953
0.85,7952
0.85,7951
0.851,7950
0.851,7949
0.851,7948
0.851,7947
0.852,7946
0.852,7945
0.852,7944
0.852,7943
0.852,7942
0.852,7941
0.853,7940
0.853,7939
0.853,7938
0.853,7937
0.853,7936
0.854,7935
0.854,7934
0.854,7933
0.854,7932
0.854,7931
0.854,7930
0.854,7929
0.854,7928
0.854,7927
0.854,7926
0.855,7925
0.855,7924
0.855,7923
0.855,7922
0.855,7921
0.855,7920
0.855,7919
0.855,7918
0.855,7917
0.855,7916
0.856,7915
0.856,7914
0.856,7913
0.856,7912
0.856,7911
0.856,7910
0.856,7909
0.856,7908
0.857,7907
0.857,7906
0.857,7905
0.857,7904
0.857,7903
0.857,7902
0.857,7901
0.857,7900
0.857,7899
0.857,7898
0.858,7897
0.858,7896
0.858,7895
0.858,7894
0.858,7893
0.858,7892
0.859,7891
0.859,7890
0.859,7889
0.86,7888
0.86,7887
0.86,7886
0.86,7885
0.86,7884
0.86,7883
0.86,7882
0.86,7881
0.861,7880
0.861,7879
0.861,7878
0.861,7877
0.861,7876
0.861,7875
0.861,7874
0.861,7873
0.861,7872
0.861,7871
0.861,7870
0.861,7869
0.862,7868
0.862,7867
0.862,7866
0.862,7865
0.862,7864
0.862,7863
0.862,7862
0.863,7861
0.863,7860
0.863,7859
0.863,7858
0.864,7857
0.864,7856
0.864,7855
0.864,7854
0.864,7853
0.864,7852
0.864,7851
0.864,7850
0.865,7849
0.865,7848
0.865,7847
0.865,7846
0.865,7845
0.865,7844
0.865,7843
0.865,7842
0.866,7841
0.866,7840
0.866,7839
0.866,7838
0.866,7837
0.866,7836
0.867,7835
0.867,7834
0.867,7833
0.867,7832
0.867,7831
0.867,7830
0.867,7829
0.868,7828
0.868,7827
0.868,7826
0.868,7825
0.868,7824
0.868,7823
0.868,7822
0.868,7821
0.869,7820
0.869,7819
0.869,7818
0.869,7817
0.869,7816
0.869,7815
0.869,7814
0.869,7813
0.869,7812
0.87,7811
0.87,7810
0.87,7809
0.87,7808
0.87,7807
0.871,7806
0.871,7805
0.871,7804
0.871,7803
0.871,7802
0.871,7801
0.871,7800
0.871,7799
0.871,7798
0.871,7797
0.872,7796
0.872,7795
0.872,7794
0.872,7793
0.872,7792
0.872,7791
0.872,7790
0.873,7789
0.873,7788
0.873,7787
0.873,7786
0.873,7785
0.873,7784
0.873,7783
0.873,7782
0.874,7781
0.874,7780
0.874,7779
0.874,7778
0.874,7777
0.874,7776
0.874,7775
0.875,7774
0.875,7773
0.875,7772
0.875,7771
0.875,7770
0.875,7769
0.876,7768
0.876,7767
0.876,7766
0.876,7765
0.876,7764
0.876,7763
0.877,7762
0.877,7761
0.877,7760
0.877,7759
0.877,7758
0.878,7757
0.878,7756
0.878,7755
0.878,7754
0.878,7753
0.878,7752
0.878,7751
0.878,7750
0.879,7749
0.879,7748
0.879,7747
0.879,7746
0.879,7745
0.879,7744
0.88,7743
0.88,7742
0.88,7741
0.881,7740
0.881,7739
0.881,7738
0.881,7737
0.881,7736
0.881,7735
0.881,7734
0.881,7733
0.881,7732
0.881,7731
0.882,7730
0.882,7729
0.882,7728
0.882,7727
0.882,7726
0.882,7725
0.882,7724
0.883,7723
0.883,7722
0.883,7721
0.883,7720
0.883,7719
0.883,7718
0.884,7717
0.884,7716
0.884,7715
0.884,7714
0.884,7713
0.884,7712
0.884,7711
0.884,7710
0.884,7709
0.885,7708
0.885,7707
0.885,7706
0.885,7705
0.885,7704
0.886,7703
0.886,7702
0.886,7701
0.886,7700
0.886,7699
0.886,7698
0.886,7697
0.886,7696
0.886,7695
0.886,7694
0.886,7693
0.887,7692
0.887,7691
0.887,7690
0.887,7689
0.888,7688
0.888,7687
0.888,7686
0.888,7685
0.888,7684
0.888,7683
0.888,7682
0.889,7681
0.889,7680
0.889,7679
0.889,7678
0.889,7677
0.889,7676
0.889,7675
0.889,7674
0.89,7673
0.89,7672
0.89,7671
0.89,7670
0.89,7669
0.89,7668
0.89,7667
0.89,7666
0.891,7665
0.891,7664
0.891,7663
0.891,7662
0.891,7661
0.891,7660
0.892,7659
0.892,7658
0.892,7657
0.892,7656
0.892,7655
0.892,7654
0.893,7653
0.893,7652
0.893,7651
0.893,7650
0.893,7649
0.893,7648
0.893,7647
0.893,7646
0.893,7645
0.893,7644
0.893,7643
0.894,7642
0.894,7641
0.894,7640
0.895,7639
0.895,7638
0.895,7637
0.895,7636
0.895,7635
0.895,7634
0.896,7633
0.896,7632
0.896,7631
0.896,7630
0.896,7629
0.896,7628
0.897,7627
0.897,7626
0.897,7625
0.897,7624
0.897,7623
0.897,7622
0.897,7621
0.897,7620
0.897,7619
0.898,7618
0.898,7617
0.898,7616
0.898,7615
0.898,7614
0.898,7613
0.898,7612
0.898,7611
0.899,7610
0.899,7609
0.899,7608
0.899,7607
0.899,7606
0.899,7605
0.899,7604
0.899,7603
0.899,7602
0.9,7601
0.9,7600
0.9,7599
0.9,7598
0.9,7597
0.9,7596
0.9,7595
0.9,7594
0.9,7593
0.901,7592
0.901,7591
0.901,7590
0.901,7589
0.901,7588
0.901,7587
0.902,7586
0.902,7585
0.902,7584
0.902,7583
0.902,7582
0.902,7581
0.902,7580
0.902,7579
0.902,7578
0.902,7577
0.903,7576
0.903,7575
0.903,7574
0.903,7573
0.903,7572
0.903,7571
0.903,7570
0.903,7569
0.904,7568
0.904,7567
0.904,7566
0.904,7565
0.904,7564
0.904,7563
0.904,7562
0.905,7561
0.905,7560
0.905,7559
0.905,7558
0.905,7557
0.905,7556
0.905,7555
0.906,7554
0.906,7553
0.906,7552
0.906,7551
0.906,7550
0.906,7549
0.906,7548
0.906,7547
0.907,7546
0.907,7545
0.907,7544
0.907,7543
0.908,7542
0.908,7541
0.908,7540
0.908,7539
0.908,7538
0.908,7537
0.908,7536
0.909,7535
0.909,7534
0.909,7533
0.909,7532
0.909,7531
0.909,7530
0.909,7529
0.909,7528
0.909,7527
0.91,7526
0.91,7525
0.91,7524
0.91,7523
0.91,7522
0.91,7521
0.911,7520
0.911,7519
0.911,7518
0.911,7517
0.911,7516
0.911,7515
0.911,7514
0.912,7513
0.912,7512
0.912,7511
0.912,7510
0.912,7509
0.912,7508
0.913,7507
0.913,7506
0.913,7505
0.913,7504
0.914,7503
0.914,7502
0.914,7501
0.914,7500
0.914,7499
0.915,7498
0.915,7497
0.915,7496
0.915,7495
0.915,7494
0.916,7493
0.916,7492
0.916,7491
0.916,7490
0.916,7489
0.916,7488
0.916,7487
0.916,7486
0.916,7485
0.917,7484
0.917,7483
0.917,7482
0.917,7481
0.917,7480
0.917,7479
0.917,7478
0.917,7477
0.917,7476
0.918,7475
0.918,7474
0.918,7473
0.918,7472
0.918,7471
0.918,7470
0.918,7469
0.918,7468
0.918,7467
0.918,7466
0.919,7465
0.919,7464
0.919,7463
0.919,7462
0.919,7461
0.919,7460
0.92,7459
0.92,7458
0.92,7457
0.92,7456
0.92,7455
0.92,7454
0.921,7453
0.921,7452
0.921,7451
0.921,7450
0.921,7449
0.921,7448
0.921,7447
0.921,7446
0.922,7445
0.922,7444
0.922,7443
0.922,7442
0.922,7441
0.922,7440
0.923,7439
0.923,7438
0.923,7437
0.923,7436
0.923,7435
0.923,7434
0.924,7433
0.924,7432
0.924,7431
0.924,7430
0.924,7429
0.924,7428
0.924,7427
0.924,7426
0.925,7425
0.925,7424
0.925,7423
0.925,7422
0.925,7421
0.926,7420
0.926,7419
0.926,7418
0.926,7417
0.926,7416
0.926,7415
0.926,7414
0.926,7413
0.926,7412
0.927,7411
0.927,7410
0.927,7409
0.927,7408
0.927,7407
0.928,7406
0.928,7405
0.928,7404
0.928,7403
0.928,7402
0.929,7401
0.929,7400
0.929,7399
0.929,7398
0.929,7397
0.929,7396
0.929,7395
0.929,7394
0.929,7393
0.93,7392
0.93,7391
0.93,7390
0.93,7389
0.931,7388
0.931,7387
0.931,7386
0.931,7385
0.931,7384
0.931,7383
0.931,7382
0.931,7381
0.932,7380
0.932,7379
0.932,7378
0.932,7377
0.932,7376
0.932,7375
0.932,7374
0.932,7373
0.932,7372
0.933,7371
0.933,7370
0.933,7369
0.933,7368
0.933,7367
0.933,7366
0.933,7365
0.934,7364
0.934,7363
0.934,7362
0.934,7361
0.934,7360
0.934,7359
0.934,7358
0.934,7357
0.935,7356
0.935,7355
0.935,7354
0.935,7353
0.935,7352
0.935,7351
0.935,7350
0.935,7349
0.935,7348
0.936,7347
0.936,7346
0.936,7345
0.936,7344
0.936,7343
0.936,7342
0.936,7341
0.936,7340
0.936,7339
0.936,7338
0.936,7337
0.936,7336
0.936,7335
0.937,7334
0.937,7333
0.937,7332
0.937,7331
0.937,7330
0.937,7329
0.937,7328
0.937,7327
0.938,7326
0.938,7325
0.938,7324
0.938,7323
0.938,7322
0.938,7321
0.938,7320
0.938,7319
0.938,7318
0.938,7317
0.938,7316
0.939,7315
0.939,7314
0.939,7313
0.939,7312
0.939,7311
0.94,7310
0.94,7309
0.94,7308
0.94,7307
0.94,7306
0.94,7305
0.94,7304
0.94,7303
0.941,7302
0.941,7301
0.941,7300
0.941,7299
0.941,7298
0.941,7297
0.941,7296
0.941,7295
0.941,7294
0.941,7293
0.942,7292
0.942,7291
0.942,7290
0.942,7289
0.942,7288
0.942,7287
0.942,7286
0.943,7285
0.943,7284
0.943,7283
0.943,7282
0.943,7281
0.944,7280
0.944,7279
0.944,7278
0.944,7277
0.944,7276
0.945,7275
0.945,7274
0.945,7273
0.945,7272
0.946,7271
0.946,7270
0.946,7269
0.946,7268
0.946,7267
0.946,7266
0.947,7265
0.947,7264
0.948,7263
0.948,7262
0.948,7261
0.948,7260
0.948,7259
0.948,7258
0.948,7257
0.949,7256
0.949,7255
0.949,7254
0.949,7253
0.949,7252
0.949,7251
0.95,7250
0.95,7249
0.95,7248
0.95,7247
0.95,7246
0.95,7245
0.95,7244
0.95,7243
0.951,7242
0.951,7241
0.951,7240
0.952,7239
0.952,7238
0.952,7237
0.952,7236
0.952,7235
0.952,7234
0.952,7233
0.953,7232
0.953,7231
0.953,7230
0.953,7229
0.953,7228
0.954,7227
0.954,7226
0.954,7225
0.954,7224
0.954,7223
0.954,7222
0.954,7221
0.955,7220
0.955,7219
0.955,7218
0.955,7217
0.956,7216
0.956,7215
0.956,7214
0.956,7213
0.956,7212
0.956,7211
0.956,7210
0.956,7209
0.956,7208
0.956,7207
0.956,7206
0.957,7205
0.957,7204
0.957,7203
0.957,7202
0.957,7201
0.957,7200
0.957,7199
0.957,7198
0.957,7197
0.958,7196
0.958,7195
0.958,7194
0.958,7193
0.958,7192
0.958,7191
0.958,7190
0.959,7189
0.959,7188
0.959,7187
0.959,7186
0.959,7185
0.959,7184
0.96,7183
0.96,7182
0.96,7181
0.96,7180
0.96,7179
0.96,7178
0.961,7177
0.961,7176
0.961,7175
0.961,7174
0.961,7173
0.961,7172
0.961,7171
0.961,7170
0.962,7169
0.962,7168
0.962,7167
0.962,7166
0.962,7165
0.962,7164
0.962,7163
0.963,7162
0.963,7161
0.963,7160
0.963,7159
0.963,7158
0.963,7157
0.964,7156
0.964,7155
0.965,7154
0.965,7153
0.965,7152
0.965,7151
0.965,7150
0.965,7149
0.966,7148
0.966,7147
0.966,7146
0.966,7145
0.966,7144
0.966,7143
0.966,7142
0.966,7141
0.966,7140
0.967,7139
0.967,7138
0.967,7137
0.967,7136
0.968,7135
0.968,7134
0.968,7133
0.968,7132
0.968,7131
0.969,7130
0.969,7129
0.969,7128
0.969,7127
0.97,7126
0.97,7125
0.97,7124
0.97,7123
0.971,7122
0.971,7121
0.971,7120
0.971,7119
0.971,7118
0.971,7117
0.971,7116
0.971,7115
0.971,7114
0.971,7113
0.972,7112
0.972,7111
0.972,7110
0.972,7109
0.972,7108
0.972,7107
0.972,7106
0.972,7105
0.972,7104
0.972,7103
0.972,7102
0.973,7101
0.973,7100
0.973,7099
0.973,7098
0.973,7097
0.974,7096
0.974,7095
0.974,7094
0.974,7093
0.974,7092
0.974,7091
0.974,7090
0.974,7089
0.975,7088
0.975,7087
0.975,7086
0.976,7085
0.976,7084
0.976,7083
0.976,7082
0.976,7081
0.976,7080
0.977,7079
0.977,7078
0.977,7077
0.977,7076
0.978,7075
0.978,7074
0.978,7073
0.978,7072
0.978,7071
0.978,7070
0.979,7069
0.979,7068
0.979,7067
0.979,7066
0.979,7065
0.979,7064
0.979,7063
0.98,7062
0.98,7061
0.98,7060
0.98,7059
0.989,7058
0.989,7057
0.989,7056
0.99,7055
0.99,7054
0.99,7053
0.99,7052
0.991,7051
0.991,7050
0.991,7049
0.991,7048
0.991,7047
0.991,7046
0.991,7045
0.991,7044
0.991,7043
0.992,7042
0.992,7041
0.992,7040
0.992,7039
0.992,7038
0.992,7037
0.992,7036
0.992,7035
0.992,7034
0.992,7033
0.993,7032
0.993,7031
0.993,7030
0.993,7029
0.993,7028
0.993,7027
0.993,7026
0.994,7025
0.994,7024
0.994,7023
0.994,7022
0.994,7021
0.994,7020
0.994,7019
0.994,7018
0.995,7017
0.995,7016
0.995,7015
0.995,7014
0.995,7013
0.995,7012
0.995,7011
0.995,7010
0.996,7009
0.996,7008
0.996,7007
0.996,7006
0.996,7005
0.996,7004
0.996,7003
0.997,7002
0.997,7001
0.997,7000
0.997,6999
0.997,6998
0.997,6997
0.998,6996
0.998,6995
0.998,6994
0.998,6993
0.998,6992
0.998,6991
0.998,6990
0.998,6989
0.999,6988
0.999,6987
0.999,6986
0.999,6985
0.999,6984
0.999,6983
0.999,6982
0.999,6981
0.999,6980
0.999,6979
0.999,6978
1.0,6977
1.0,6976
1.0,6975
1.0,6974
1.0,6973
1.0,6972
1.0,6971
1.0,6970
1.001,6969
1.001,6968
1.001,6967
1.002,6966
1.002,6965
1.002,6964
1.002,6963
1.002,6962
1.003,6961
1.003,6960
1.003,6959
1.003,6958
1.003,6957
1.003,6956
1.003,6955
1.004,6954
1.004,6953
1.004,6952
1.004,6951
1.004,6950
1.005,6949
1.005,6948
1.005,6947
1.005,6946
1.005,6945
1.005,6944
1.005,6943
1.005,6942
1.006,6941
1.006,6940
1.006,6939
1.006,6938
1.006,6937
1.007,6936
1.007,6935
1.007,6934
1.007,6933
1.007,6932
1.007,6931
1.008,6930
1.008,6929
1.008,6928
1.008,6927
1.008,6926
1.008,6925
1.008,6924
1.008,6923
1.008,6922
1.008,6921
1.008,6920
1.008,6919
1.009,6918
1.009,6917
1.009,6916
1.009,6915
1.009,6914
1.009,6913
1.01,6912
1.01,6911
1.01,6910
1.01,6909
1.011,6908
1.011,6907
1.011,6906
1.011,6905
1.011,6904
1.011,6903
1.011,6902
1.011,6901
1.011,6900
1.011,6899
1.012,6898
1.012,6897
1.012,6896
1.012,6895
1.012,6894
1.013,6893
1.013,6892
1.013,6891
1.014,6890
1.014,6889
1.014,6888
1.014,6887
1.015,6886
1.015,6885
1.015,6884
1.016,6883
1.016,6882
1.016,6881
1.016,6880
1.017,6879
1.017,6878
1.017,6877
1.017,6876
1.017,6875
1.017,6874
1.017,6873
1.017,6872
1.017,6871
1.017,6870
1.018,6869
1.018,6868
1.018,6867
1.018,6866
1.018,6865
1.018,6864
1.018,6863
1.019,6862
1.019,6861
1.019,6860
1.019,6859
1.019,6858
1.02,6857
1.02,6856
1.02,6855
1.02,6854
1.02,6853
1.02,6852
1.02,6851
1.02,6850
1.021,6849
1.021,6848
1.021,6847
1.021,6846
1.021,6845
1.021,6844
1.021,6843
1.022,6842
1.022,6841
1.022,6840
1.022,6839
1.022,6838
1.022,6837
1.023,6836
1.023,6835
1.023,6834
1.023,6833
1.024,6832
1.024,6831
1.024,6830
1.025,6829
1.025,6828
1.025,6827
1.025,6826
1.026,6825
1.026,6824
1.026,6823
1.026,6822
1.026,6821
1.026,6820
1.027,6819
1.027,6818
1.027,6817
1.027,6816
1.027,6815
1.027,6814
1.027,6813
1.028,6812
1.028,6811
1.028,6810
1.028,6809
1.028,6808
1.028,6807
1.029,6806
1.029,6805
1.029,6804
1.029,6803
1.029,6802
1.029,6801
1.029,6800
1.03,6799
1.03,6798
1.03,6797
1.03,6796
1.03,6795
1.031,6794
1.031,6793
1.031,6792
1.031,6791
1.031,6790
1.031,6789
1.031,6788
1.031,6787
1.031,6786
1.032,6785
1.032,6784
1.032,6783
1.032,6782
1.032,6781
1.032,6780
1.033,6779
1.033,6778
1.033,6777
1.033,6776
1.033,6775
1.033,6774
1.033,6773
1.034,6772
1.034,6771
1.034,6770
1.034,6769
1.034,6768
1.034,6767
1.034,6766
1.035,6765
1.035,6764
1.035,6763
1.035,6762
1.035,6761
1.035,6760
1.035,6759
1.035,6758
1.036,6757
1.036,6756
1.036,6755
1.036,6754
1.036,6753
1.036,6752
1.036,6751
1.037,6750
1.037,6749
1.037,6748
1.037,6747
1.037,6746
1.038,6745
1.038,6744
1.038,6743
1.038,6742
1.038,6741
1.038,6740
1.039,6739
1.039,6738
1.039,6737
1.039,6736
1.039,6735
1.039,6734
1.04,6733
1.04,6732
1.04,6731
1.04,6730
1.04,6729
1.041,6728
1.041,6727
1.041,6726
1.041,6725
1.041,6724
1.041,6723
1.041,6722
1.041,6721
1.041,6720
1.041,6719
1.042,6718
1.042,6717
1.042,6716
1.042,6715
1.042,6714
1.042,6713
1.042,6712
1.042,6711
1.043,6710
1.043,6709
1.043,6708
1.043,6707
1.043,6706
1.044,6705
1.044,6704
1.044,6703
1.044,6702
1.044,6701
1.045,6700
1.045,6699
1.045,6698
1.045,6697
1.046,6696
1.046,6695
1.046,6694
1.046,6693
1.046,6692
1.047,6691
1.047,6690
1.047,6689
1.047,6688
1.047,6687
1.048,6686
1.048,6685
1.048,6684
1.048,6683
1.048,6682
1.048,6681
1.049,6680
1.049,6679
1.049,6678
1.049,6677
1.05,6676
1.05,6675
1.05,6674
1.05,6673
1.05,6672
1.05,6671
1.05,6670
1.051,6669
1.051,6668
1.051,6667
1.051,6666
1.051,6665
1.052,6664
1.052,6663
1.052,6662
1.052,6661
1.052,6660
1.052,6659
1.053,6658
1.053,6657
1.053,6656
1.053,6655
1.053,6654
1.053,6653
1.053,6652
1.054,6651
1.054,6650
1.054,6649
1.054,6648
1.054,6647
1.054,6646
1.055,6645
1.055,6644
1.055,6643
1.055,6642
1.055,6641
1.056,6640
1.056,6639
1.056,6638
1.056,6637
1.056,6636
1.057,6635
1.057,6634
1.057,6633
1.057,6632
1.057,6631
1.057,6630
1.057,6629
1.057,6628
1.057,6627
1.058,6626
1.058,6625
1.058,6624
1.059,6623
1.059,6622
1.059,6621
1.059,6620
1.059,6619
1.059,6618
1.06,6617
1.06,6616
1.06,6615
1.06,6614
1.06,6613
1.06,6612
1.06,6611
1.06,6610
1.061,6609
1.061,6608
1.061,6607
1.061,6606
1.061,6605
1.061,6604
1.061,6603
1.062,6602
1.062,6601
1.062,6600
1.062,6599
1.062,6598
1.062,6597
1.062,6596
1.063,6595
1.063,6594
1.063,6593
1.064,6592
1.064,6591
1.064,6590
1.064,6589
1.065,6588
1.065,6587
1.065,6586
1.065,6585
1.065,6584
1.065,6583
1.065,6582
1.065,6581
1.065,6580
1.065,6579
1.066,6578
1.066,6577
1.066,6576
1.066,6575
1.066,6574
1.066,6573
1.066,6572
1.066,6571
1.066,6570
1.067,6569
1.067,6568
1.067,6567
1.067,6566
1.067,6565
1.067,6564
1.067,6563
1.067,6562
1.067,6561
1.068,6560
1.068,6559
1.068,6558
1.068,6557
1.068,6556
1.068,6555
1.069,6554
1.069,6553
1.069,6552
1.069,6551
1.069,6550
1.07,6549
1.07,6548
1.07,6547
1.07,6546
1.07,6545
1.071,6544
1.071,6543
1.071,6542
1.071,6541
1.071,6540
1.072,6539
1.072,6538
1.072,6537
1.072,6536
1.073,6535
1.073,6534
1.073,6533
1.073,6532
1.073,6531
1.073,6530
1.074,6529
1.074,6528
1.074,6527
1.074,6526
1.074,6525
1.074,6524
1.075,6523
1.075,6522
1.075,6521
1.075,6520
1.075,6519
1.075,6518
1.075,6517
1.075,6516
1.076,6515
1.076,6514
1.076,6513
1.076,6512
1.077,6511
1.077,6510
1.077,6509
1.077,6508
1.077,6507
1.077,6506
1.078,6505
1.078,6504
1.078,6503
1.079,6502
1.079,6501
1.079,6500
1.079,6499
1.079,6498
1.079,6497
1.079,6496
1.079,6495
1.08,6494
1.08,6493
1.08,6492
1.08,6491
1.08,6490
1.081,6489
1.081,6488
1.081,6487
1.081,6486
1.081,6485
1.081,6484
1.081,6483
1.081,6482
1.082,6481
1.082,6480
1.082,6479
1.082,6478
1.082,6477
1.083,6476
1.083,6475
1.083,6474
1.083,6473
1.083,6472
1.083,6471
1.083,6470
1.083,6469
1.084,6468
1.084,6467
1.084,6466
1.084,6465
1.085,6464
1.085,6463
1.085,6462
1.085,6461
1.085,6460
1.085,6459
1.086,6458
1.086,6457
1.087,6456
1.087,6455
1.087,6454
1.087,6453
1.087,6452
1.087,6451
1.087,6450
1.087,6449
1.088,6448
1.088,6447
1.089,6446
1.089,6445
1.089,6444
1.089,6443
1.089,6442
1.089,6441
1.09,6440
1.09,6439
1.09,6438
1.09,6437
1.09,6436
1.09,6435
1.09,6434
1.091,6433
1.091,6432
1.091,6431
1.092,6430
1.092,6429
1.092,6428
1.092,6427
1.092,6426
1.092,6425
1.092,6424
1.092,6423
1.093,6422
1.093,6421
1.093,6420
1.093,6419
1.094,6418
1.094,6417
1.094,6416
1.095,6415
1.095,6414
1.095,6413
1.095,6412
1.095,6411
1.095,6410
1.095,6409
1.095,6408
1.096,6407
1.096,6406
1.096,6405
1.096,6404
1.096,6403
1.097,6402
1.097,6401
1.097,6400
1.097,6399
1.097,6398
1.098,6397
1.098,6396
1.098,6395
1.098,6394
1.098,6393
1.099,6392
1.099,6391
1.099,6390
1.099,6389
1.099,6388
1.099,6387
1.1,6386
1.1,6385
1.1,6384
1.1,6383
1.1,6382
1.101,6381
1.101,6380
1.101,6379
1.101,6378
1.101,6377
1.101,6376
1.102,6375
1.102,6374
1.102,6373
1.102,6372
1.103,6371
1.103,6370
1.103,6369
1.104,6368
1.104,6367
1.104,6366
1.104,6365
1.104,6364
1.104,6363
1.105,6362
1.105,6361
1.105,6360
1.105,6359
1.105,6358
1.106,6357
1.106,6356
1.106,6355
1.106,6354
1.107,6353
1.107,6352
1.107,6351
1.107,6350
1.107,6349
1.107,6348
1.107,6347
1.107,6346
1.107,6345
1.108,6344
1.108,6343
1.108,6342
1.108,6341
1.108,6340
1.108,6339
1.108,6338
1.108,6337
1.109,6336
1.109,6335
1.109,6334
1.109,6333
1.109,6332
1.109,6331
1.109,6330
1.11,6329
1.11,6328
1.11,6327
1.11,6326
1.11,6325
1.11,6324
1.11,6323
1.11,6322
1.111,6321
1.111,6320
1.111,6319
1.111,6318
1.111,6317
1.112,6316
1.112,6315
1.112,6314
1.112,6313
1.113,6312
1.113,6311
1.113,6310
1.113,6309
1.114,6308
1.114,6307
1.114,6306
1.114,6305
1.114,6304
1.114,6303
1.114,6302
1.115,6301
1.115,6300
1.115,6299
1.115,6298
1.115,6297
1.115,6296
1.115,6295
1.115,6294
1.116,6293
1.116,6292
1.116,6291
1.116,6290
1.117,6289
1.117,6288
1.117,6287
1.117,6286
1.117,6285
1.118,6284
1.118,6283
1.118,6282
1.118,6281
1.118,6280
1.119,6279
1.119,6278
1.119,6277
1.12,6276
1.12,6275
1.12,6274
1.121,6273
1.121,6272
1.121,6271
1.121,6270
1.121,6269
1.121,6268
1.121,6267
1.122,6266
1.122,6265
1.122,6264
1.123,6263
1.123,6262
1.123,6261
1.123,6260
1.123,6259
1.123,6258
1.123,6257
1.124,6256
1.124,6255
1.124,6254
1.124,6253
1.124,6252
1.124,6251
1.124,6250
1.125,6249
1.125,6248
1.125,6247
1.125,6246
1.126,6245
1.126,6244
1.126,6243
1.127,6242
1.127,6241
1.127,6240
1.127,6239
1.127,6238
1.128,6237
1.128,6236
1.128,6235
1.129,6234
1.129,6233
1.129,6232
1.129,6231
1.13,6230
1.13,6229
1.13,6228
1.13,6227
1.13,6226
1.131,6225
1.131,6224
1.131,6223
1.131,6222
1.131,6221
1.131,6220
1.132,6219
1.132,6218
1.132,6217
1.133,6216
1.133,6215
1.134,6214
1.134,6213
1.134,6212
1.134,6211
1.134,6210
1.134,6209
1.135,6208
1.135,6207
1.135,6206
1.135,6205
1.135,6204
1.135,6203
1.135,6202
1.135,6201
1.135,6200
1.135,6199
1.136,6198
1.136,6197
1.136,6196
1.136,6195
1.136,6194
1.136,6193
1.136,6192
1.136,6191
1.137,6190
1.137,6189
1.137,6188
1.137,6187
1.137,6186
1.137,6185
1.138,6184
1.138,6183
1.138,6182
1.138,6181
1.138,6180
1.138,6179
1.138,6178
1.138,6177
1.139,6176
1.139,6175
1.139,6174
1.139,6173
1.139,6172
1.139,6171
1.139,6170
1.139,6169
1.14,6168
1.14,6167
1.14,6166
1.14,6165
1.141,6164
1.141,6163
1.141,6162
1.142,6161
1.142,6160
1.142,6159
1.142,6158
1.142,6157
1.142,6156
1.142,6155
1.143,6154
1.143,6153
1.143,6152
1.143,6151
1.143,6150
1.143,6149
1.143,6148
1.144,6147
1.144,6146
1.144,6145
1.144,6144
1.144,6143
1.144,6142
1.144,6141
1.145,6140
1.145,6139
1.145,6138
1.145,6137
1.145,6136
1.145,6135
1.146,6134
1.146,6133
1.146,6132
1.147,6131
1.147,6130
1.147,6129
1.147,6128
1.148,6127
1.148,6126
1.149,6125
1.149,6124
1.149,6123
1.149,6122
1.149,6121
1.149,6120
1.15,6119
1.15,6118
1.15,6117
1.15,6116
1.151,6115
1.151,6114
1.151,6113
1.151,6112
1.151,6111
1.151,6110
1.152,6109
1.152,6108
1.152,6107
1.152,6106
1.152,6105
1.152,6104
1.152,6103
1.152,6102
1.153,6101
1.153,6100
1.153,6099
1.153,6098
1.153,6097
1.154,6096
1.154,6095
1.154,6094
1.154,6093
1.154,6092
1.154,6091
1.155,6090
1.155,6089
1.155,6088
1.155,6087
1.155,6086
1.155,6085
1.155,6084
1.155,6083
1.155,6082
1.155,6081
1.156,6080
1.156,6079
1.156,6078
1.157,6077
1.157,6076
1.157,6075
1.157,6074
1.157,6073
1.157,6072
1.157,6071
1.157,6070
1.158,6069
1.158,6068
1.158,6067
1.159,6066
1.159,6065
1.159,6064
1.159,6063
1.16,6062
1.16,6061
1.16,6060
1.16,6059
1.16,6058
1.16,6057
1.16,6056
1.16,6055
1.161,6054
1.161,6053
1.161,6052
1.161,6051
1.161,6050
1.162,6049
1.162,6048
1.162,6047
1.162,6046
1.162,6045
1.163,6044
1.163,6043
1.163,6042
1.164,6041
1.164,6040
1.164,6039
1.164,6038
1.164,6037
1.164,6036
1.164,6035
1.165,6034
1.165,6033
1.165,6032
1.165,6031
1.165,6030
1.166,6029
1.166,6028
1.166,6027
1.166,6026
1.167,6025
1.167,6024
1.167,6023
1.167,6022
1.167,6021
1.167,6020
1.167,6019
1.168,6018
1.168,6017
1.168,6016
1.168,6015
1.17,6014
1.171,6013
1.171,6012
1.171,6011
1.171,6010
1.171,6009
1.171,6008
1.171,6007
1.171,6006
1.172,6005
1.172,6004
1.172,6003
1.172,6002
1.172,6001
1.173,6000
1.173,5999
1.173,5998
1.174,5997
1.174,5996
1.174,5995
1.174,5994
1.174,5993
1.174,5992
1.174,5991
1.174,5990
1.175,5989
1.175,5988
1.176,5987
1.176,5986
1.176,5985
1.176,5984
1.177,5983
1.177,5982
1.177,5981
1.177,5980
1.178,5979
1.178,5978
1.178,5977
1.179,5976
1.179,5975
1.179,5974
1.179,5973
1.179,5972
1.18,5971
1.18,5970
1.18,5969
1.18,5968
1.181,5967
1.181,5966
1.181,5965
1.181,5964
1.181,5963
1.181,5962
1.181,5961
1.182,5960
1.182,5959
1.182,5958
1.182,5957
1.183,5956
1.183,5955
1.183,5954
1.183,5953
1.184,5952
1.184,5951
1.184,5950
1.184,5949
1.185,5948
1.185,5947
1.185,5946
1.186,5945
1.186,5944
1.186,5943
1.186,5942
1.186,5941
1.186,5940
1.187,5939
1.187,5938
1.187,5937
1.187,5936
1.187,5935
1.187,5934
1.188,5933
1.188,5932
1.188,5931
1.188,5930
1.188,5929
1.189,5928
1.189,5927
1.189,5926
1.189,5925
1.189,5924
1.19,5923
1.19,5922
1.19,5921
1.19,5920
1.191,5919
1.192,5918
1.192,5917
1.193,5916
1.193,5915
1.194,5914
1.195,5913
1.195,5912
1.195,5911
1.196,5910
1.196,5909
1.197,5908
1.197,5907
1.197,5906
1.197,5905
1.197,5904
1.198,5903
1.198,5902
1.198,5901
1.199,5900
1.199,5899
1.199,5898
1.199,5897
1.2,5896
1.2,5895
1.201,5894
1.201,5893
1.201,5892
1.202,5891
1.202,5890
1.202,5889
1.202,5888
1.202,5887
1.203,5886
1.203,5885
1.203,5884
1.203,5883
1.203,5882
1.203,5881
1.204,5880
1.204,5879
1.205,5878
1.205,5877
1.205,5876
1.205,5875
1.205,5874
1.205,5873
1.205,5872
1.205,5871
1.206,5870
1.206,5869
1.206,5868
1.206,5867
1.206,5866
1.207,5865
1.207,5864
1.207,5863
1.208,5862
1.208,5861
1.208,5860
1.209,5859
1.209,5858
1.21,5857
1.21,5856
1.21,5855
1.21,5854
1.21,5853
1.21,5852
1.211,5851
1.211,5850
1.211,5849
1.211,5848
1.212,5847
1.213,5846
1.213,5845
1.214,5844
1.215,5843
1.215,5842
1.215,5841
1.215,5840
1.216,5839
1.217,5838
1.217,5837
1.218,5836
1.218,5835
1.218,5834
1.219,5833
1.219,5832
1.219,5831
1.22,5830
1.22,5829
1.22,5828
1.22,5827
1.22,5826
1.22,5825
1.221,5824
1.222,5823
1.222,5822
1.222,5821
1.222,5820
1.223,5819
1.223,5818
1.224,5817
1.225,5816
1.225,5815
1.225,5814
1.226,5813
1.226,5812
1.226,5811
1.226,5810
1.226,5809
1.227,5808
1.229,5807
1.229,5806
1.229,5805
1.23,5804
1.23,5803
1.23,5802
1.231,5801
1.231,5800
1.231,5799
1.231,5798
1.232,5797
1.232,5796
1.233,5795
1.233,5794
1.233,5793
1.234,5792
1.234,5791
1.234,5790
1.234,5789
1.234,5788
1.235,5787
1.235,5786
1.235,5785
1.235,5784
1.235,5783
1.235,5782
1.235,5781
1.236,5780
1.236,5779
1.236,5778
1.237,5777
1.237,5776
1.237,5775
1.238,5774
1.239,5773
1.239,5772
1.239,5771
1.239,5770
1.24,5769
1.241,5768
1.241,5767
1.242,5766
1.242,5765
1.242,5764
1.242,5763
1.243,5762
1.243,5761
1.243,5760
1.244,5759
1.244,5758
1.245,5757
1.245,5756
1.245,5755
1.245,5754
1.245,5753
1.247,5752
1.247,5751
1.247,5750
1.248,5749
1.248,5748
1.248,5747
1.25,5746
1.25,5745
1.25,5744
1.251,5743
1.252,5742
1.252,5741
1.252,5740
1.253,5739
1.253,5738
1.255,5737
1.256,5736
1.256,5735
1.256,5734
1.256,5733
1.256,5732
1.256,5731
1.257,5730
1.258,5729
1.258,5728
1.258,5727
1.258,5726
1.258,5725
1.259,5724
1.26,5723
1.26,5722
1.26,5721
1.26,5720
1.261,5719
1.261,5718
1.261,5717
1.261,5716
1.262,5715
1.262,5714
1.263,5713
1.263,5712
1.263,5711
1.263,5710
1.263,5709
1.264,5708
1.264,5707
1.265,5706
1.265,5705
1.266,5704
1.266,5703
1.267,5702
1.267,5701
1.267,5700
1.267,5699
1.268,5698
1.268,5697
1.27,5696
1.27,5695
1.27,5694
1.27,5693
1.271,5692
1.271,5691
1.272,5690
1.272,5689
1.272,5688
1.273,5687
1.273,5686
1.273,5685
1.274,5684
1.274,5683
1.275,5682
1.276,5681
1.276,5680
1.276,5679
1.276,5678
1.277,5677
1.277,5676
1.277,5675
1.277,5674
1.278,5673
1.278,5672
1.278,5671
1.279,5670
1.279,5669
1.279,5668
1.28,5667
1.28,5666
1.28,5665
1.281,5664
1.281,5663
1.281,5662
1.281,5661
1.281,5660
1.281,5659
1.282,5658
1.282,5657
1.282,5656
1.283,5655
1.283,5654
1.283,5653
1.283,5652
1.284,5651
1.284,5650
1.285,5649
1.285,5648
1.285,5647
1.285,5646
1.286,5645
1.289,5644
1.29,5643
1.29,5642
1.29,5641
1.29,5640
1.291,5639
1.292,5638
1.292,5637
1.292,5636
1.292,5635
1.292,5634
1.292,5633
1.292,5632
1.293,5631
1.294,5630
1.295,5629
1.295,5628
1.295,5627
1.295,5626
1.295,5625
1.296,5624
1.297,5623
1.297,5622
1.298,5621
1.298,5620
1.299,5619
1.299,5618
1.299,5617
1.299,5616
1.3,5615
1.3,5614
1.3,5613
1.3,5612
1.301,5611
1.302,5610
1.302,5609
1.303,5608
1.303,5607
1.303,5606
1.303,5605
1.304,5604
1.304,5603
1.304,5602
1.304,5601
1.305,5600
1.305,5599
1.305,5598
1.306,5597
1.308,5596
1.309,5595
1.31,5594
1.311,5593
1.311,5592
1.311,5591
1.312,5590
1.313,5589
1.314,5588
1.314,5587
1.314,5586
1.314,5585
1.315,5584
1.315,5583
1.316,5582
1.317,5581
1.318,5580
1.319,5579
1.319,5578
1.319,5577
1.319,5576
1.319,5575
1.319,5574
1.319,5573
1.32,5572
1.32,5571
1.32,5570
1.321,5569
1.321,5568
1.321,5567
1.321,5566
1.322,5565
1.322,5564
1.322,5563
1.323,5562
1.323,5561
1.323,5560
1.323,5559
1.325,5558
1.325,5557
1.325,5556
1.325,5555
1.326,5554
1.326,5553
1.327,5552
1.327,5551
1.327,5550
1.329,5549
1.329,5548
1.329,5547
1.329,5546
1.33,5545
1.331,5544
1.332,5543
1.332,5542
1.332,5541
1.332,5540
1.333,5539
1.334,5538
1.335,5537
1.336,5536
1.336,5535
1.337,5534
1.337,5533
1.337,5532
1.339,5531
1.339,5530
1.34,5529
1.34,5528
1.341,5527
1.341,5526
1.341,5525
1.341,5524
1.342,5523
1.343,5522
1.344,5521
1.345,5520
1.345,5519
1.345,5518
1.347,5517
1.349,5516
1.349,5515
1.35,5514
1.352,5513
1.352,5512
1.352,5511
1.354,5510
1.354,5509
1.355,5508
1.355,5507
1.355,5506
1.356,5505
1.356,5504
1.356,5503
1.357,5502
1.357,5501
1.358,5500
1.359,5499
1.359,5498
1.36,5497
1.361,5496
1.361,5495
1.362,5494
1.363,5493
1.364,5492
1.364,5491
1.364,5490
1.365,5489
1.365,5488
1.366,5487
1.366,5486
1.367,5485
1.367,5484
1.367,5483
1.368,5482
1.368,5481
1.368,5480
1.369,5479
1.371,5478
1.371,5477
1.371,5476
1.372,5475
1.372,5474
1.372,5473
1.373,5472
1.374,5471
1.374,5470
1.375,5469
1.375,5468
1.376,5467
1.377,5466
1.378,5465
1.378,5464
1.378,5463
1.38,5462
1.38,5461
1.381,5460
1.382,5459
1.382,5458
1.382,5457
1.383,5456
1.383,5455
1.384,5454
1.384,5453
1.385,5452
1.385,5451
1.385,5450
1.386,5449
1.386,5448
1.386,5447
1.387,5446
1.389,5445
1.39,5444
1.39,5443
1.39,5442
1.39,5441
1.391,5440
1.391,5439
1.403,5438
1.403,5437
1.403,5436
1.404,5435
1.405,5434
1.405,5433
1.405,5432
1.406,5431
1.406,5430
1.406,5429
1.407,5428
1.407,5427
1.408,5426
1.409,5425
1.41,5424
1.41,5423
1.41,5422
1.41,5421
1.41,5420
1.41,5419
1.413,5418
1.413,5417
1.414,5416
1.416,5415
1.416,5414
1.417,5413
1.417,5412
1.418,5411
1.422,5410
1.422,5409
1.424,5408
1.424,5407
1.424,5406
1.428,5405
1.429,5404
1.43,5403
1.43,5402
1.43,5401
1.431,5400
1.431,5399
1.432,5398
1.432,5397
1.432,5396
1.432,5395
1.433,5394
1.434,5393
1.434,5392
1.434,5391
1.436,5390
1.437,5389
1.438,5388
1.438,5387
1.439,5386
1.439,5385
1.44,5384
1.44,5383
1.44,5382
1.441,5381
1.441,5380
1.441,5379
1.442,5378
1.443,5377
1.444,5376
1.444,5375
1.444,5374
1.445,5373
1.445,5372
1.445,5371
1.446,5370
1.446,5369
1.447,5368
1.448,5367
1.448,5366
1.448,5365
1.448,5364
1.449,5363
1.45,5362
1.451,5361
1.452,5360
1.454,5359
1.456,5358
1.457,5357
1.457,5356
1.458,5355
1.458,5354
1.46,5353
1.46,5352
1.461,5351
1.462,5350
1.464,5349
1.464,5348
1.465,5347
1.465,5346
1.466,5345
1.467,5344
1.468,5343
1.468,5342
1.469,5341
1.469,5340
1.473,5339
1.473,5338
1.474,5337
1.474,5336
1.475,5335
1.475,5334
1.48,5333
1.481,5332
1.483,5331
1.484,5330
1.485,5329
1.486,5328
1.489,5327
1.489,5326
1.49,5325
1.493,5324
1.494,5323
1.496,5322
1.496,5321
1.497,5320
1.498,5319
1.498,5318
1.499,5317
1.499,5316
1.501,5315
1.502,5314
1.502,5313
1.502,5312
1.503,5311
1.504,5310
1.504,5309
1.505,5308
1.506,5307
1.507,5306
1.51,5305
1.511,5304
1.512,5303
1.513,5302
1.513,5301
1.514,5300
1.515,5299
1.516,5298
1.518,5297
1.518,5296
1.518,5295
1.518,5294
1.519,5293
1.519,5292
1.52,5291
1.52,5290
1.52,5289
1.523,5288
1.523,5287
1.524,5286
1.526,5285
1.526,5284
1.527,5283
1.528,5282
1.53,5281
1.533,5280
1.534,5279
1.534,5278
1.535,5277
1.535,5276
1.536,5275
1.537,5274
1.538,5273
1.538,5272
1.544,5271
1.547,5270
1.548,5269
1.548,5268
1.551,5267
1.551,5266
1.553,5265
1.553,5264
1.554,5263
1.558,5262
1.558,5261
1.561,5260
1.562,5259
1.562,5258
1.562,5257
1.564,5256
1.567,5255
1.568,5254
1.569,5253
1.57,5252
1.57,5251
1.573,5250
1.575,5249
1.577,5248
1.577,5247
1.577,5246
1.579,5245
1.585,5244
1.591,5243
1.594,5242
1.596,5241
1.596,5240
1.597,5239
1.598,5238
1.607,5237
1.608,5236
1.608,5235
1.609,5234
1.609,5233
1.617,5232
1.621,5231
1.623,5230
1.627,5229
1.629,5228
1.633,5227
1.64,5226
1.64,5225
1.644,5224
1.644,5223
1.644,5222
1.646,5221
1.647,5220
1.651,5219
1.657,5218
1.663,5217
1.665,5216
1.669,5215
1.671,5214
1.676,5213
1.679,5212
1.681,5211
1.684,5210
1.685,5209
1.687,5208
1.688,5207
1.692,5206
1.702,5205
1.704,5204
1.706,5203
1.712,5202
1.715,5201
1.734,5200
1.734,5199
1.735,5198
1.738,5197
1.739,5196
1.755,5195
1.76,5194
1.768,5193
1.772,5192
1.782,5191
1.784,5190
1.794,5189
1.804,5188
1.805,5187
1.813,5186
1.823,5185
1.823,5184
1.829,5183
1.842,5182
1.847,5181
1.848,5180
1.859,5179
1.864,5178
1.865,5177
1.871,5176
1.885,5175
1.889,5174
1.892,5173
1.897,5172
1.901,5171
1.902,5170
1.908,5169
1.917,5168
1.918,5167
1.945,5166
1.974,5165
1.985,5164
2.069,5163
2.134,5162
