0.003,8636
0.005,8635
0.007,8634
0.008,8633
0.008,8632
0.009,8631
0.009,8630
0.009,8629
0.009,8628
0.01,8627
0.01,8626
0.01,8625
0.01,8624
0.01,8623
0.01,8622
0.01,8621
0.01,8620
0.011,8619
0.011,8618
0.011,8617
0.011,8616
0.011,8615
0.011,8614
0.011,8613
0.012,8612
0.012,8611
0.012,8610
0.012,8609
0.012,8608
0.013,8607
0.013,8606
0.013,8605
0.013,8604
0.013,8603
0.013,8602
0.013,8601
0.013,8600
0.013,8599
0.014,8598
0.014,8597
0.014,8596
0.014,8595
0.014,8594
0.014,8593
0.014,8592
0.014,8591
0.015,8590
0.016,8589
0.016,8588
0.016,8587
0.016,8586
0.016,8585
0.016,8584
0.017,8583
0.017,8582
0.017,8581
0.017,8580
0.017,8579
0.017,8578
0.018,8577
0.018,8576
0.018,8575
0.018,8574
0.018,8573
0.018,8572
0.019,8571
0.019,8570
0.019,8569
0.019,8568
0.019,8567
0.019,8566
0.02,8565
0.02,8564
0.02,8563
0.02,8562
0.02,8561
0.02,8560
0.02,8559
0.02,8558
0.02,8557
0.021,8556
0.021,8555
0.021,8554
0.021,8553
0.021,8552
0.021,8551
0.021,8550
0.023,8549
0.024,8548
0.024,8547
0.024,8546
0.024,8545
0.024,8544
0.024,8543
0.024,8542
0.025,8541
0.025,8540
0.025,8539
0.025,8538
0.025,8537
0.025,8536
0.025,8535
0.025,8534
0.026,8533
0.026,8532
0.026,8531
0.026,8530
0.027,8529
0.027,8528
0.027,8527
0.028,8526
0.028,8525
0.028,8524
0.028,8523
0.028,8522
0.028,8521
0.028,8520
0.028,8519
0.029,8518
0.029,8517
0.029,8516
0.029,8515
0.03,8514
0.03,8513
0.03,8512
0.03,8511
0.03,8510
0.03,8509
0.03,8508
0.03,8507
0.03,8506
0.03,8505
0.031,8504
0.031,8503
0.031,8502
0.031,8501
0.031,8500
0.031,8499
0.032,8498
0.032,8497
0.032,8496
0.033,8495
0.033,8494
0.033,8493
0.033,8492
0.034,8491
0.034,8490
0.034,8489
0.034,8488
0.034,8487
0.034,8486
0.034,8485
0.035,8484
0.035,8483
0.035,8482
0.035,8481
0.035,8480
0.035,8479
0.035,8478
0.035,8477
0.036,8476
0.036,8475
0.036,8474
0.036,8473
0.036,8472
0.036,8471
0.036,8470
0.036,8469
0.037,8468
0.037,8467
0.037,8466
0.037,8465
0.037,8464
0.037,8463
0.038,8462
0.038,8461
0.038,8460
0.038,8459
0.038,8458
0.038,8457
0.038,8456
0.038,8455
0.038,8454
0.038,8453
0.039,8452
0.039,8451
0.039,8450
0.039,8449
0.039,8448
0.039,8447
0.039,8446
0.039,8445
0.04,8444
0.04,8443
0.04,8442
0.04,8441
0.041,8440
0.041,8439
0.041,8438
0.041,8437
0.041,8436
0.041,8435
0.041,8434
0.041,8433
0.041,8432
0.042,8431
0.042,8430
0.042,8429
0.042,8428
0.042,8427
0.043,8426
0.043,8425
0.043,8424
0.043,8423
0.043,8422
0.043,8421
0.043,8420
0.044,8419
0.044,8418
0.044,8417
0.044,8416
0.044,8415
0.044,8414
0.044,8413
0.045,8412
0.045,8411
0.045,8410
0.045,8409
0.045,8408
0.045,8407
0.046,8406
0.046,8405
0.046,8404
0.046,8403
0.046,8402
0.046,8401
0.046,8400
0.046,8399
0.047,8398
0.047,8397
0.047,8396
0.047,8395
0.047,8394
0.048,8393
0.048,8392
0.048,8391
0.049,8390
0.049,8389
0.049,8388
0.049,8387
0.049,8386
0.05,8385
0.05,8384
0.05,8383
0.051,8382
0.054,8381
0.054,8380
0.055,8379
0.055,8378
0.055,8377
0.055,8376
0.055,8375
0.056,8374
0.056,8373
0.056,8372
0.056,8371
0.056,8370
0.057,8369
0.057,8368
0.057,8367
0.057,8366
0.057,8365
0.057,8364
0.057,8363
0.058,8362
0.058,8361
0.058,8360
0.058,8359
0.059,8358
0.059,8357
0.059,8356
0.059,8355
0.059,8354
0.059,8353
0.059,8352
0.059,8351
0.06,8350
0.06,8349
0.06,8348
0.06,8347
0.06,8346
0.06,8345
0.06,8344
0.061,8343
0.061,8342
0.061,8341
0.061,8340
0.061,8339
0.061,8338
0.062,8337
0.062,8336
0.062,8335
0.062,8334
0.062,8333
0.062,8332
0.063,8331
0.063,8330
0.063,8329
0.063,8328
0.063,8327
0.063,8326
0.063,8325
0.063,8324
0.063,8323
0.063,8322
0.064,8321
0.064,8320
0.064,8319
0.064,8318
0.064,8317
0.065,8316
0.065,8315
0.065,8314
0.065,8313
0.066,8312
0.066,8311
0.066,8310
0.066,8309
0.066,8308
0.067,8307
0.067,8306
0.067,8305
0.067,8304
0.067,8303
0.067,8302
0.067,8301
0.068,8300
0.068,8299
0.07,8298
0.07,8297
0.071,8296
0.072,8295
0.072,8294
0.072,8293
0.072,8292
0.073,8291
0.073,8290
0.073,8289
0.073,8288
0.073,8287
0.074,8286
0.074,8285
0.074,8284
0.074,8283
0.074,8282
0.074,8281
0.075,8280
0.075,8279
0.075,8278
0.076,8277
0.076,8276
0.076,8275
0.076,8274
0.077,8273
0.077,8272
0.077,8271
0.077,8270
0.078,8269
0.078,8268
0.08,8267
0.08,8266
0.08,8265
0.08,8264
0.081,8263
0.081,8262
0.081,8261
0.082,8260
0.082,8259
0.082,8258
0.083,8257
0.083,8256
0.084,8255
0.084,8254
0.084,8253
0.085,8252
0.085,8251
0.086,8250
0.086,8249
0.086,8248
0.086,8247
0.086,8246
0.086,8245
0.087,8244
0.087,8243
0.087,8242
0.087,8241
0.088,8240
0.088,8239
0.088,8238
0.088,8237
0.089,8236
0.089,8235
0.09,8234
0.09,8233
0.09,8232
0.09,8231
0.091,8230
0.091,8229
0.092,8228
0.092,8227
0.092,8226
0.092,8225
0.092,8224
0.093,8223
0.093,8222
0.093,8221
0.094,8220
0.094,8219
0.095,8218
0.095,8217
0.095,8216
0.095,8215
0.096,8214
0.096,8213
0.096,8212
0.096,8211
0.097,8210
0.097,8209
0.097,8208
0.097,8207
0.097,8206
0.098,8205
0.098,8204
0.098,8203
0.098,8202
0.099,8201
0.099,8200
0.106,8199
0.106,8198
0.106,8197
0.106,8196
0.106,8195
0.106,8194
0.106,8193
0.107,8192
0.107,8191
0.107,8190
0.107,8189
0.109,8188
0.109,8187
0.109,8186
0.109,8185
0.109,8184
0.11,8183
0.11,8182
0.11,8181
0.11,8180
0.111,8179
0.112,8178
0.112,8177
0.112,8176
0.112,8175
0.112,8174
0.112,8173
0.113,8172
0.113,8171
0.113,8170
0.113,8169
0.114,8168
0.114,8167
0.114,8166
0.114,8165
0.114,8164
0.114,8163
0.115,8162
0.115,8161
0.115,8160
0.115,8159
0.116,8158
0.116,8157
0.116,8156
0.116,8155
0.117,8154
0.117,8153
0.117,8152
0.117,8151
0.117,8150
0.117,8149
0.118,8148
0.118,8147
0.118,8146
0.118,8145
0.119,8144
0.119,8143
0.119,8142
0.119,8141
0.119,8140
0.119,8139
0.12,8138
0.12,8137
0.12,8136
0.121,8135
0.121,8134
0.121,8133
0.121,8132
0.121,8131
0.122,8130
0.122,8129
0.122,8128
0.122,8127
0.123,8126
0.123,8125
0.123,8124
0.123,8123
0.123,8122
0.124,8121
0.124,8120
0.124,8119
0.124,8118
0.124,8117
0.125,8116
0.125,8115
0.126,8114
0.126,8113
0.126,8112
0.126,8111
0.127,8110
0.127,8109
0.127,8108
0.128,8107
0.128,8106
0.128,8105
0.128,8104
0.128,8103
0.129,8102
0.129,8101
0.129,8100
0.13,8099
0.13,8098
0.13,8097
0.13,8096
0.13,8095
0.131,8094
0.131,8093
0.131,8092
0.131,8091
0.131,8090
0.131,8089
0.132,8088
0.132,8087
0.132,8086
0.133,8085
0.133,8084
0.133,8083
0.133,8082
0.134,8081
0.134,8080
0.134,8079
0.134,8078
0.134,8077
0.134,8076
0.135,8075
0.135,8074
0.135,8073
0.138,8072
0.138,8071
0.138,8070
0.138,8069
0.138,8068
0.138,8067
0.138,8066
0.139,8065
0.14,8064
0.14,8063
0.14,8062
0.14,8061
0.14,8060
0.14,8059
0.141,8058
0.141,8057
0.141,8056
0.141,8055
0.141,8054
0.141,8053
0.142,8052
0.142,8051
0.142,8050
0.142,8049
0.143,8048
0.143,8047
0.143,8046
0.143,8045
0.144,8044
0.144,8043
0.144,8042
0.144,8041
0.144,8040
0.145,8039
0.145,8038
0.145,8037
0.145,8036
0.145,8035
0.147,8034
0.147,8033
0.147,8032
0.148,8031
0.149,8030
0.149,8029
0.149,8028
0.149,8027
0.15,8026
0.151,8025
0.151,8024
0.153,8023
0.153,8022
0.154,8021
0.154,8020
0.154,8019
0.154,8018
0.155,8017
0.155,8016
0.155,8015
0.156,8014
0.156,8013
0.156,8012
0.157,8011
0.157,8010
0.157,8009
0.157,8008
0.158,8007
0.158,8006
0.158,8005
0.159,8004
0.159,8003
0.159,8002
0.159,8001
0.16,8000
0.16,7999
0.16,7998
0.161,7997
0.161,7996
0.161,7995
0.161,7994
0.162,7993
0.163,7992
0.163,7991
0.163,7990
0.164,7989
0.164,7988
0.164,7987
0.164,7986
0.164,7985
0.164,7984
0.164,7983
0.164,7982
0.165,7981
0.166,7980
0.166,7979
0.166,7978
0.167,7977
0.167,7976
0.167,7975
0.169,7974
0.169,7973
0.169,7972
0.17,7971
0.17,7970
0.17,7969
0.17,7968
0.171,7967
0.171,7966
0.171,7965
0.171,7964
0.171,7963
0.171,7962
0.172,7961
0.172,7960
0.172,7959
0.173,7958
0.174,7957
0.175,7956
0.175,7955
0.175,7954
0.175,7953
0.176,7952
0.176,7951
0.176,7950
0.177,7949
0.177,7948
0.178,7947
0.178,7946
0.178,7945
0.178,7944
0.178,7943
0.179,7942
0.179,7941
0.18,7940
0.18,7939
0.18,7938
0.18,7937
0.18,7936
0.18,7935
0.181,7934
0.181,7933
0.181,7932
0.181,7931
0.181,7930
0.182,7929
0.182,7928
0.182,7927
0.182,7926
0.182,7925
0.182,7924
0.183,7923
0.183,7922
0.183,7921
0.184,7920
0.184,7919
0.184,7918
0.184,7917
0.184,7916
0.185,7915
0.185,7914
0.186,7913
0.186,7912
0.186,7911
0.186,7910
0.186,7909
0.187,7908
0.187,7907
0.187,7906
0.187,7905
0.188,7904
0.189,7903
0.189,7902
0.189,7901
0.189,7900
0.189,7899
0.191,7898
0.191,7897
0.191,7896
0.192,7895
0.192,7894
0.192,7893
0.192,7892
0.192,7891
0.192,7890
0.192,7889
0.193,7888
0.193,7887
0.194,7886
0.194,7885
0.194,7884
0.194,7883
0.195,7882
0.195,7881
0.195,7880
0.195,7879
0.196,7878
0.196,7877
0.197,7876
0.201,7875
0.202,7874
0.202,7873
0.203,7872
0.203,7871
0.204,7870
0.205,7869
0.205,7868
0.206,7867
0.206,7866
0.206,7865
0.206,7864
0.206,7863
0.207,7862
0.207,7861
0.207,7860
0.208,7859
0.209,7858
0.209,7857
0.209,7856
0.218,7855
0.218,7854
0.218,7853
0.219,7852
0.22,7851
0.22,7850
0.221,7849
0.221,7848
0.221,7847
0.221,7846
0.221,7845
0.221,7844
0.221,7843
0.223,7842
0.223,7841
0.224,7840
0.225,7839
0.225,7838
0.225,7837
0.226,7836
0.226,7835
0.226,7834
0.227,7833
0.227,7832
0.228,7831
0.228,7830
0.228,7829
0.229,7828
0.229,7827
0.229,7826
0.23,7825
0.23,7824
0.23,7823
0.231,7822
0.232,7821
0.233,7820
0.236,7819
0.236,7818
0.236,7817
0.236,7816
0.236,7815
0.236,7814
0.237,7813
0.238,7812
0.238,7811
0.239,7810
0.239,7809
0.24,7808
0.24,7807
0.24,7806
0.241,7805
0.241,7804
0.242,7803
0.244,7802
0.244,7801
0.244,7800
0.245,7799
0.245,7798
0.246,7797
0.246,7796
0.247,7795
0.247,7794
0.247,7793
0.247,7792
0.248,7791
0.25,7790
0.251,7789
0.252,7788
0.252,7787
0.252,7786
0.252,7785
0.253,7784
0.255,7783
0.256,7782
0.256,7781
0.257,7780
0.257,7779
0.258,7778
0.259,7777
0.259,7776
0.26,7775
0.261,7774
0.263,7773
0.263,7772
0.264,7771
0.264,7770
0.264,7769
0.265,7768
0.266,7767
0.266,7766
0.267,7765
0.268,7764
0.268,7763
0.269,7762
0.269,7761
0.27,7760
0.271,7759
0.271,7758
0.271,7757
0.271,7756
0.273,7755
0.274,7754
0.274,7753
0.274,7752
0.275,7751
0.275,7750
0.275,7749
0.276,7748
0.276,7747
0.276,7746
0.277,7745
0.278,7744
0.28,7743
0.28,7742
0.281,7741
0.281,7740
0.281,7739
0.281,7738
0.282,7737
0.284,7736
0.285,7735
0.285,7734
0.285,7733
0.285,7732
0.286,7731
0.286,7730
0.286,7729
0.286,7728
0.287,7727
0.288,7726
0.288,7725
0.288,7724
0.288,7723
0.289,7722
0.29,7721
0.292,7720
0.294,7719
0.295,7718
0.295,7717
0.295,7716
0.296,7715
0.298,7714
0.298,7713
0.298,7712
0.299,7711
0.299,7710
0.299,7709
0.3,7708
0.3,7707
0.3,7706
0.301,7705
0.301,7704
0.302,7703
0.302,7702
0.302,7701
0.303,7700
0.303,7699
0.303,7698
0.303,7697
0.305,7696
0.305,7695
0.306,7694
0.308,7693
0.308,7692
0.309,7691
0.31,7690
0.311,7689
0.312,7688
0.313,7687
0.313,7686
0.313,7685
0.319,7684
0.32,7683
0.32,7682
0.321,7681
0.321,7680
0.322,7679
0.324,7678
0.325,7677
0.327,7676
0.33,7675
0.331,7674
0.333,7673
0.333,7672
0.333,7671
0.333,7670
0.336,7669
0.337,7668
0.339,7667
0.34,7666
0.341,7665
0.342,7664
0.343,7663
0.344,7662
0.346,7661
0.346,7660
0.348,7659
0.348,7658
0.352,7657
0.354,7656
0.354,7655
0.355,7654
0.355,7653
0.356,7652
0.356,7651
0.356,7650
0.357,7649
0.359,7648
0.36,7647
0.363,7646
0.363,7645
0.364,7644
0.365,7643
0.368,7642
0.37,7641
0.37,7640
0.37,7639
0.37,7638
0.371,7637
0.372,7636
0.372,7635
0.373,7634
0.373,7633
0.373,7632
0.374,7631
0.376,7630
0.378,7629
0.379,7628
0.379,7627
0.382,7626
0.382,7625
0.384,7624
0.385,7623
0.385,7622
0.387,7621
0.387,7620
0.387,7619
0.387,7618
0.388,7617
0.389,7616
0.389,7615
0.389,7614
0.39,7613
0.39,7612
0.391,7611
0.392,7610
0.392,7609
0.393,7608
0.396,7607
0.398,7606
0.401,7605
0.405,7604
0.405,7603
0.405,7602
0.409,7601
0.409,7600
0.41,7599
0.412,7598
0.413,7597
0.416,7596
0.416,7595
0.418,7594
0.419,7593
0.422,7592
0.423,7591
0.423,7590
0.425,7589
0.434,7588
0.436,7587
0.438,7586
0.438,7585
0.44,7584
0.441,7583
0.443,7582
0.444,7581
0.445,7580
0.446,7579
0.447,7578
0.449,7577
0.45,7576
0.451,7575
0.452,7574
0.453,7573
0.453,7572
0.454,7571
0.457,7570
0.459,7569
0.459,7568
0.46,7567
0.461,7566
0.463,7565
0.464,7564
0.465,7563
0.465,7562
0.47,7561
0.47,7560
0.47,7559
0.471,7558
0.471,7557
0.472,7556
0.473,7555
0.473,7554
0.477,7553
0.481,7552
0.482,7551
0.482,7550
0.484,7549
0.484,7548
0.488,7547
0.489,7546
0.49,7545
0.491,7544
0.493,7543
0.495,7542
0.496,7541
0.496,7540
0.497,7539
0.498,7538
0.498,7537
0.499,7536
0.499,7535
0.501,7534
0.502,7533
0.503,7532
0.504,7531
0.504,7530
0.504,7529
0.505,7528
0.505,7527
0.507,7526
0.508,7525
0.509,7524
0.509,7523
0.512,7522
0.514,7521
0.515,7520
0.516,7519
0.516,7518
0.517,7517
0.518,7516
0.518,7515
0.518,7514
0.52,7513
0.52,7512
0.527,7511
0.527,7510
0.528,7509
0.531,7508
0.532,7507
0.533,7506
0.536,7505
0.537,7504
0.538,7503
0.539,7502
0.542,7501
0.542,7500
0.543,7499
0.543,7498
0.543,7497
0.545,7496
0.546,7495
0.546,7494
0.546,7493
0.547,7492
0.551,7491
0.553,7490
0.563,7489
0.565,7488
0.568,7487
0.569,7486
0.569,7485
0.573,7484
0.574,7483
0.581,7482
0.581,7481
0.582,7480
0.592,7479
0.6,7478
0.602,7477
0.603,7476
0.613,7475
0.615,7474
0.615,7473
0.618,7472
0.62,7471
0.623,7470
0.624,7469
0.627,7468
0.628,7467
0.636,7466
0.639,7465
0.646,7464
0.649,7463
0.65,7462
0.651,7461
0.663,7460
0.666,7459
0.67,7458
0.677,7457
0.678,7456
0.679,7455
0.68,7454
0.681,7453
0.686,7452
0.688,7451
0.691,7450
0.699,7449
0.702,7448
0.702,7447
0.705,7446
0.717,7445
0.717,7444
0.721,7443
0.728,7442
0.736,7441
0.736,7440
0.744,7439
0.746,7438
0.747,7437
0.748,7436
0.749,7435
0.758,7434
0.759,7433
0.76,7432
0.763,7431
0.764,7430
0.766,7429
0.77,7428
0.772,7427
0.779,7426
0.783,7425
0.784,7424
0.788,7423
0.796,7422
0.797,7421
0.805,7420
0.805,7419
0.809,7418
0.81,7417
0.824,7416
0.827,7415
0.832,7414
0.834,7413
0.848,7412
0.857,7411
0.876,7410
0.879,7409
0.885,7408
0.886,7407
0.889,7406
0.898,7405
0.906,7404
0.907,7403
0.907,7402
0.909,7401
0.911,7400
0.914,7399
0.919,7398
0.92,7397
0.944,7396
0.946,7395
0.957,7394
0.959,7393
0.966,7392
0.967,7391
0.976,7390
0.996,7389
1.005,7388
1.023,7387
1.027,7386
1.032,7385
1.061,7384
1.089,7383
1.111,7382
1.146,7381
1.239,7380
1.243,7379
1.266,7378
1.282,7377
1.317,7376
1.323,7375
1.329,7374
1.414,7373
1.517,7372
1.565,7371
1.59,7370
1.613,7369
1.624,7368
1.63,7367
1.808,7366
1.877,7365
