0.002,13440
0.006,13439
0.006,13438
0.007,13437
0.008,13436
0.009,13435
0.01,13434
0.011,13433
0.011,13432
0.011,13431
0.012,13430
0.012,13429
0.012,13428
0.012,13427
0.012,13426
0.013,13425
0.013,13424
0.014,13423
0.015,13422
0.015,13421
0.015,13420
0.016,13419
0.017,13418
0.017,13417
0.018,13416
0.019,13415
0.02,13414
0.02,13413
0.02,13412
0.02,13411
0.021,13410
0.021,13409
0.021,13408
0.021,13407
0.021,13406
0.021,13405
0.022,13404
0.022,13403
0.022,13402
0.022,13401
0.022,13400
0.022,13399
0.023,13398
0.023,13397
0.023,13396
0.023,13395
0.023,13394
0.023,13393
0.024,13392
0.024,13391
0.024,13390
0.024,13389
0.024,13388
0.024,13387
0.024,13386
0.024,13385
0.025,13384
0.025,13383
0.025,13382
0.025,13381
0.025,13380
0.025,13379
0.026,13378
0.026,13377
0.026,13376
0.026,13375
0.026,13374
0.026,13373
0.027,13372
0.027,13371
0.027,13370
0.027,13369
0.027,13368
0.028,13367
0.028,13366
0.028,13365
0.028,13364
0.028,13363
0.028,13362
0.028,13361
0.028,13360
0.029,13359
0.029,13358
0.029,13357
0.029,13356
0.03,13355
0.03,13354
0.03,13353
0.03,13352
0.03,13351
0.03,13350
0.03,13349
0.031,13348
0.031,13347
0.031,13346
0.031,13345
0.031,13344
0.032,13343
0.032,13342
0.032,13341
0.032,13340
0.032,13339
0.032,13338
0.033,13337
0.033,13336
0.033,13335
0.033,13334
0.034,13333
0.036,13332
0.036,13331
0.036,13330
0.036,13329
0.036,13328
0.037,13327
0.037,13326
0.037,13325
0.037,13324
0.037,13323
0.037,13322
0.037,13321
0.038,13320
0.038,13319
0.038,13318
0.038,13317
0.039,13316
0.039,13315
0.039,13314
0.04,13313
0.04,13312
0.04,13311
0.04,13310
0.04,13309
0.04,13308
0.041,13307
0.041,13306
0.041,13305
0.041,13304
0.041,13303
0.041,13302
0.041,13301
0.041,13300
0.042,13299
0.042,13298
0.042,13297
0.042,13296
0.042,13295
0.042,13294
0.042,13293
0.043,13292
0.043,13291
0.043,13290
0.043,13289
0.043,13288
0.043,13287
0.043,13286
0.044,13285
0.044,13284
0.044,13283
0.044,13282
0.044,13281
0.045,13280
0.045,13279
0.045,13278
0.045,13277
0.045,13276
0.045,13275
0.045,13274
0.046,13273
0.046,13272
0.046,13271
0.046,13270
0.046,13269
0.046,13268
0.047,13267
0.047,13266
0.047,13265
0.047,13264
0.047,13263
0.047,13262
0.048,13261
0.048,13260
0.048,13259
0.048,13258
0.048,13257
0.048,13256
0.048,13255
0.049,13254
0.049,13253
0.049,13252
0.049,13251
0.05,13250
0.05,13249
0.05,13248
0.05,13247
0.05,13246
0.05,13245
0.05,13244
0.051,13243
0.051,13242
0.051,13241
0.051,13240
0.051,13239
0.051,13238
0.052,13237
0.052,13236
0.052,13235
0.052,13234
0.052,13233
0.052,13232
0.052,13231
0.052,13230
0.053,13229
0.053,13228
0.053,13227
0.054,13226
0.054,13225
0.054,13224
0.054,13223
0.054,13222
0.054,13221
0.054,13220
0.054,13219
0.055,13218
0.055,13217
0.055,13216
0.055,13215
0.055,13214
0.055,13213
0.056,13212
0.056,13211
0.056,13210
0.056,13209
0.056,13208
0.057,13207
0.057,13206
0.057,13205
0.057,13204
0.057,13203
0.058,13202
0.058,13201
0.058,13200
0.058,13199
0.058,13198
0.059,13197
0.059,13196
0.059,13195
0.059,13194
0.06,13193
0.06,13192
0.06,13191
0.06,13190
0.06,13189
0.06,13188
0.06,13187
0.062,13186
0.064,13185
0.064,13184
0.064,13183
0.064,13182
0.065,13181
0.074,13180
0.074,13179
0.074,13178
0.074,13177
0.074,13176
0.074,13175
0.074,13174
0.075,13173
0.075,13172
0.075,13171
0.075,13170
0.075,13169
0.075,13168
0.075,13167
0.075,13166
0.076,13165
0.076,13164
0.076,13163
0.076,13162
0.076,13161
0.076,13160
0.076,13159
0.076,13158
0.076,13157
0.077,13156
0.077,13155
0.077,13154
0.077,13153
0.077,13152
0.077,13151
0.077,13150
0.077,13149
0.078,13148
0.078,13147
0.078,13146
0.078,13145
0.078,13144
0.078,13143
0.078,13142
0.079,13141
0.079,13140
0.079,13139
0.079,13138
0.079,13137
0.079,13136
0.08,13135
0.08,13134
0.08,13133
0.08,13132
0.08,13131
0.08,13130
0.08,13129
0.08,13128
0.081,13127
0.081,13126
0.081,13125
0.081,13124
0.081,13123
0.081,13122
0.081,13121
0.081,13120
0.082,13119
0.082,13118
0.082,13117
0.082,13116
0.082,13115
0.082,13114
0.082,13113
0.082,13112
0.082,13111
0.083,13110
0.083,13109
0.083,13108
0.083,13107
0.083,13106
0.083,13105
0.083,13104
0.084,13103
0.084,13102
0.084,13101
0.084,13100
0.084,13099
0.084,13098
0.084,13097
0.084,13096
0.084,13095
0.085,13094
0.085,13093
0.085,13092
0.085,13091
0.085,13090
0.085,13089
0.086,13088
0.086,13087
0.086,13086
0.086,13085
0.086,13084
0.086,13083
0.086,13082
0.087,13081
0.087,13080
0.087,13079
0.087,13078
0.087,13077
0.087,13076
0.087,13075
0.087,13074
0.088,13073
0.088,13072
0.088,13071
0.088,13070
0.088,13069
0.088,13068
0.088,13067
0.088,13066
0.088,13065
0.088,13064
0.089,13063
0.089,13062
0.089,13061
0.089,13060
0.089,13059
0.089,13058
0.089,13057
0.089,13056
0.089,13055
0.089,13054
0.089,13053
0.09,13052
0.09,13051
0.09,13050
0.09,13049
0.09,13048
0.09,13047
0.09,13046
0.091,13045
0.091,13044
0.091,13043
0.091,13042
0.091,13041
0.091,13040
0.091,13039
0.091,13038
0.091,13037
0.091,13036
0.092,13035
0.092,13034
0.092,13033
0.092,13032
0.092,13031
0.092,13030
0.092,13029
0.093,13028
0.093,13027
0.093,13026
0.093,13025
0.093,13024
0.093,13023
0.093,13022
0.093,13021
0.094,13020
0.094,13019
0.095,13018
0.095,13017
0.095,13016
0.095,13015
0.095,13014
0.095,13013
0.095,13012
0.095,13011
0.095,13010
0.095,13009
0.095,13008
0.096,13007
0.096,13006
0.096,13005
0.096,13004
0.096,13003
0.096,13002
0.096,13001
0.097,13000
0.097,12999
0.097,12998
0.097,12997
0.097,12996
0.097,12995
0.097,12994
0.097,12993
0.097,12992
0.098,12991
0.098,12990
0.098,12989
0.098,12988
0.098,12987
0.098,12986
0.098,12985
0.098,12984
0.098,12983
0.098,12982
0.099,12981
0.099,12980
0.099,12979
0.099,12978
0.099,12977
0.099,12976
0.099,12975
0.099,12974
0.1,12973
0.1,12972
0.1,12971
0.1,12970
0.1,12969
0.1,12968
0.101,12967
0.101,12966
0.101,12965
0.101,12964
0.101,12963
0.101,12962
0.101,12961
0.101,12960
0.101,12959
0.102,12958
0.102,12957
0.102,12956
0.102,12955
0.102,12954
0.102,12953
0.102,12952
0.102,12951
0.103,12950
0.103,12949
0.103,12948
0.103,12947
0.103,12946
0.103,12945
0.103,12944
0.104,12943
0.104,12942
0.104,12941
0.104,12940
0.104,12939
0.104,12938
0.104,12937
0.104,12936
0.104,12935
0.104,12934
0.104,12933
0.104,12932
0.105,12931
0.105,12930
0.105,12929
0.105,12928
0.105,12927
0.105,12926
0.106,12925
0.106,12924
0.106,12923
0.106,12922
0.106,12921
0.106,12920
0.107,12919
0.107,12918
0.107,12917
0.107,12916
0.107,12915
0.107,12914
0.108,12913
0.108,12912
0.108,12911
0.108,12910
0.108,12909
0.108,12908
0.108,12907
0.108,12906
0.108,12905
0.108,12904
0.108,12903
0.108,12902
0.109,12901
0.109,12900
0.109,12899
0.109,12898
0.109,12897
0.109,12896
0.109,12895
0.109,12894
0.109,12893
0.109,12892
0.109,12891
0.11,12890
0.11,12889
0.11,12888
0.11,12887
0.11,12886
0.11,12885
0.11,12884
0.11,12883
0.11,12882
0.111,12881
0.111,12880
0.111,12879
0.111,12878
0.111,12877
0.111,12876
0.111,12875
0.111,12874
0.111,12873
0.111,12872
0.112,12871
0.112,12870
0.112,12869
0.112,12868
0.112,12867
0.112,12866
0.112,12865
0.113,12864
0.113,12863
0.113,12862
0.113,12861
0.113,12860
0.113,12859
0.113,12858
0.113,12857
0.113,12856
0.114,12855
0.114,12854
0.114,12853
0.114,12852
0.114,12851
0.114,12850
0.114,12849
0.114,12848
0.114,12847
0.114,12846
0.114,12845
0.115,12844
0.115,12843
0.115,12842
0.115,12841
0.115,12840
0.115,12839
0.115,12838
0.115,12837
0.115,12836
0.115,12835
0.115,12834
0.116,12833
0.116,12832
0.116,12831
0.116,12830
0.116,12829
0.116,12828
0.116,12827
0.116,12826
0.117,12825
0.117,12824
0.117,12823
0.117,12822
0.117,12821
0.117,12820
0.117,12819
0.117,12818
0.117,12817
0.117,12816
0.118,12815
0.118,12814
0.118,12813
0.118,12812
0.118,12811
0.118,12810
0.118,12809
0.118,12808
0.119,12807
0.119,12806
0.119,12805
0.119,12804
0.119,12803
0.119,12802
0.12,12801
0.12,12800
0.12,12799
0.12,12798
0.12,12797
0.12,12796
0.12,12795
0.12,12794
0.12,12793
0.12,12792
0.121,12791
0.121,12790
0.121,12789
0.121,12788
0.121,12787
0.121,12786
0.121,12785
0.121,12784
0.121,12783
0.121,12782
0.122,12781
0.122,12780
0.122,12779
0.122,12778
0.122,12777
0.122,12776
0.122,12775
0.122,12774
0.122,12773
0.122,12772
0.123,12771
0.123,12770
0.123,12769
0.123,12768
0.123,12767
0.123,12766
0.123,12765
0.123,12764
0.123,12763
0.124,12762
0.124,12761
0.124,12760
0.124,12759
0.124,12758
0.124,12757
0.124,12756
0.124,12755
0.124,12754
0.125,12753
0.125,12752
0.125,12751
0.125,12750
0.125,12749
0.126,12748
0.126,12747
0.126,12746
0.126,12745
0.126,12744
0.126,12743
0.126,12742
0.126,12741
0.127,12740
0.127,12739
0.127,12738
0.127,12737
0.127,12736
0.127,12735
0.127,12734
0.127,12733
0.127,12732
0.127,12731
0.128,12730
0.128,12729
0.128,12728
0.128,12727
0.128,12726
0.128,12725
0.128,12724
0.128,12723
0.129,12722
0.129,12721
0.129,12720
0.129,12719
0.129,12718
0.129,12717
0.129,12716
0.129,12715
0.13,12714
0.13,12713
0.13,12712
0.13,12711
0.13,12710
0.13,12709
0.13,12708
0.13,12707
0.13,12706
0.13,12705
0.13,12704
0.131,12703
0.131,12702
0.131,12701
0.131,12700
0.131,12699
0.131,12698
0.131,12697
0.131,12696
0.131,12695
0.131,12694
0.131,12693
0.132,12692
0.132,12691
0.132,12690
0.132,12689
0.132,12688
0.132,12687
0.133,12686
0.133,12685
0.133,12684
0.133,12683
0.133,12682
0.133,12681
0.133,12680
0.133,12679
0.133,12678
0.133,12677
0.134,12676
0.134,12675
0.134,12674
0.134,12673
0.134,12672
0.134,12671
0.134,12670
0.134,12669
0.135,12668
0.135,12667
0.135,12666
0.135,12665
0.135,12664
0.135,12663
0.135,12662
0.135,12661
0.135,12660
0.135,12659
0.136,12658
0.136,12657
0.136,12656
0.136,12655
0.136,12654
0.136,12653
0.136,12652
0.136,12651
0.136,12650
0.136,12649
0.137,12648
0.137,12647
0.137,12646
0.137,12645
0.137,12644
0.137,12643
0.137,12642
0.138,12641
0.138,12640
0.138,12639
0.139,12638
0.139,12637
0.139,12636
0.139,12635
0.139,12634
0.139,12633
0.139,12632
0.139,12631
0.139,12630
0.139,12629
0.14,12628
0.14,12627
0.14,12626
0.14,12625
0.14,12624
0.14,12623
0.14,12622
0.141,12621
0.141,12620
0.141,12619
0.141,12618
0.141,12617
0.141,12616
0.141,12615
0.141,12614
0.141,12613
0.142,12612
0.142,12611
0.142,12610
0.142,12609
0.142,12608
0.142,12607
0.142,12606
0.142,12605
0.142,12604
0.142,12603
0.143,12602
0.143,12601
0.143,12600
0.143,12599
0.143,12598
0.143,12597
0.143,12596
0.143,12595
0.143,12594
0.144,12593
0.144,12592
0.144,12591
0.144,12590
0.144,12589
0.144,12588
0.144,12587
0.144,12586
0.145,12585
0.145,12584
0.145,12583
0.145,12582
0.145,12581
0.145,12580
0.145,12579
0.145,12578
0.145,12577
0.145,12576
0.145,12575
0.145,12574
0.145,12573
0.146,12572
0.146,12571
0.146,12570
0.146,12569
0.146,12568
0.146,12567
0.146,12566
0.146,12565
0.146,12564
0.146,12563
0.147,12562
0.147,12561
0.147,12560
0.147,12559
0.147,12558
0.147,12557
0.147,12556
0.147,12555
0.147,12554
0.148,12553
0.148,12552
0.148,12551
0.148,12550
0.148,12549
0.148,12548
0.148,12547
0.148,12546
0.148,12545
0.149,12544
0.149,12543
0.149,12542
0.149,12541
0.149,12540
0.149,12539
0.149,12538
0.149,12537
0.149,12536
0.15,12535
0.15,12534
0.15,12533
0.15,12532
0.15,12531
0.15,12530
0.15,12529
0.151,12528
0.151,12527
0.151,12526
0.151,12525
0.151,12524
0.151,12523
0.151,12522
0.151,12521
0.151,12520
0.152,12519
0.152,12518
0.152,12517
0.152,12516
0.152,12515
0.152,12514
0.152,12513
0.152,12512
0.152,12511
0.152,12510
0.153,12509
0.153,12508
0.153,12507
0.153,12506
0.153,12505
0.153,12504
0.153,12503
0.153,12502
0.154,12501
0.154,12500
0.154,12499
0.154,12498
0.154,12497
0.155,12496
0.155,12495
0.155,12494
0.155,12493
0.155,12492
0.155,12491
0.155,12490
0.155,12489
0.156,12488
0.156,12487
0.156,12486
0.156,12485
0.156,12484
0.156,12483
0.156,12482
0.156,12481
0.156,12480
0.156,12479
0.157,12478
0.157,12477
0.157,12476
0.157,12475
0.157,12474
0.157,12473
0.157,12472
0.157,12471
0.157,12470
0.158,12469
0.158,12468
0.158,12467
0.158,12466
0.158,12465
0.158,12464
0.158,12463
0.159,12462
0.159,12461
0.159,12460
0.159,12459
0.159,12458
0.159,12457
0.159,12456
0.16,12455
0.16,12454
0.16,12453
0.16,12452
0.16,12451
0.16,12450
0.16,12449
0.16,12448
0.16,12447
0.16,12446
0.16,12445
0.16,12444
0.16,12443
0.161,12442
0.161,12441
0.161,12440
0.161,12439
0.161,12438
0.161,12437
0.161,12436
0.161,12435
0.161,12434
0.161,12433
0.162,12432
0.162,12431
0.162,12430
0.162,12429
0.162,12428
0.162,12427
0.163,12426
0.163,12425
0.163,12424
0.163,12423
0.163,12422
0.163,12421
0.163,12420
0.163,12419
0.163,12418
0.163,12417
0.163,12416
0.163,12415
0.164,12414
0.164,12413
0.164,12412
0.164,12411
0.164,12410
0.164,12409
0.164,12408
0.164,12407
0.164,12406
0.164,12405
0.165,12404
0.165,12403
0.165,12402
0.165,12401
0.165,12400
0.165,12399
0.166,12398
0.166,12397
0.166,12396
0.166,12395
0.166,12394
0.166,12393
0.166,12392
0.166,12391
0.166,12390
0.166,12389
0.166,12388
0.167,12387
0.167,12386
0.167,12385
0.167,12384
0.167,12383
0.167,12382
0.167,12381
0.167,12380
0.167,12379
0.168,12378
0.168,12377
0.168,12376
0.168,12375
0.168,12374
0.168,12373
0.168,12372
0.168,12371
0.168,12370
0.168,12369
0.168,12368
0.168,12367
0.169,12366
0.169,12365
0.169,12364
0.169,12363
0.169,12362
0.169,12361
0.169,12360
0.169,12359
0.169,12358
0.169,12357
0.169,12356
0.169,12355
0.17,12354
0.17,12353
0.17,12352
0.17,12351
0.17,12350
0.17,12349
0.17,12348
0.17,12347
0.171,12346
0.171,12345
0.171,12344
0.171,12343
0.171,12342
0.171,12341
0.171,12340
0.171,12339
0.171,12338
0.171,12337
0.171,12336
0.171,12335
0.171,12334
0.172,12333
0.172,12332
0.172,12331
0.172,12330
0.172,12329
0.172,12328
0.172,12327
0.173,12326
0.173,12325
0.173,12324
0.173,12323
0.174,12322
0.174,12321
0.174,12320
0.174,12319
0.174,12318
0.174,12317
0.174,12316
0.174,12315
0.174,12314
0.175,12313
0.175,12312
0.175,12311
0.175,12310
0.176,12309
0.176,12308
0.176,12307
0.176,12306
0.176,12305
0.177,12304
0.177,12303
0.177,12302
0.177,12301
0.177,12300
0.177,12299
0.178,12298
0.178,12297
0.178,12296
0.178,12295
0.178,12294
0.178,12293
0.179,12292
0.179,12291
0.179,12290
0.179,12289
0.179,12288
0.179,12287
0.179,12286
0.18,12285
0.18,12284
0.18,12283
0.18,12282
0.18,12281
0.18,12280
0.18,12279
0.18,12278
0.181,12277
0.181,12276
0.181,12275
0.181,12274
0.181,12273
0.181,12272
0.181,12271
0.181,12270
0.181,12269
0.182,12268
0.182,12267
0.182,12266
0.182,12265
0.183,12264
0.183,12263
0.183,12262
0.183,12261
0.183,12260
0.183,12259
0.183,12258
0.183,12257
0.183,12256
0.183,12255
0.183,12254
0.184,12253
0.184,12252
0.184,12251
0.184,12250
0.184,12249
0.184,12248
0.184,12247
0.185,12246
0.185,12245
0.185,12244
0.185,12243
0.185,12242
0.185,12241
0.185,12240
0.185,12239
0.186,12238
0.186,12237
0.186,12236
0.186,12235
0.186,12234
0.186,12233
0.186,12232
0.186,12231
0.187,12230
0.187,12229
0.187,12228
0.187,12227
0.187,12226
0.187,12225
0.187,12224
0.187,12223
0.187,12222
0.187,12221
0.187,12220
0.187,12219
0.188,12218
0.188,12217
0.188,12216
0.188,12215
0.188,12214
0.188,12213
0.188,12212
0.188,12211
0.189,12210
0.189,12209
0.189,12208
0.189,12207
0.189,12206
0.189,12205
0.189,12204
0.189,12203
0.189,12202
0.19,12201
0.19,12200
0.19,12199
0.19,12198
0.19,12197
0.19,12196
0.19,12195
0.19,12194
0.19,12193
0.191,12192
0.191,12191
0.191,12190
0.191,12189
0.191,12188
0.191,12187
0.191,12186
0.191,12185
0.192,12184
0.192,12183
0.192,12182
0.192,12181
0.192,12180
0.192,12179
0.192,12178
0.193,12177
0.193,12176
0.201,12175
0.201,12174
0.201,12173
0.202,12172
0.202,12171
0.202,12170
0.202,12169
0.202,12168
0.202,12167
0.202,12166
0.202,12165
0.202,12164
0.203,12163
0.203,12162
0.203,12161
0.203,12160
0.203,12159
0.203,12158
0.203,12157
0.203,12156
0.203,12155
0.204,12154
0.204,12153
0.204,12152
0.204,12151
0.204,12150
0.204,12149
0.205,12148
0.205,12147
0.205,12146
0.205,12145
0.205,12144
0.205,12143
0.205,12142
0.205,12141
0.205,12140
0.205,12139
0.206,12138
0.206,12137
0.206,12136
0.206,12135
0.206,12134
0.206,12133
0.206,12132
0.206,12131
0.207,12130
0.207,12129
0.207,12128
0.207,12127
0.207,12126
0.207,12125
0.207,12124
0.207,12123
0.207,12122
0.208,12121
0.208,12120
0.208,12119
0.208,12118
0.208,12117
0.208,12116
0.208,12115
0.208,12114
0.208,12113
0.208,12112
0.209,12111
0.209,12110
0.209,12109
0.209,12108
0.209,12107
0.209,12106
0.209,12105
0.209,12104
0.209,12103
0.21,12102
0.21,12101
0.21,12100
0.21,12099
0.21,12098
0.21,12097
0.21,12096
0.21,12095
0.211,12094
0.211,12093
0.211,12092
0.211,12091
0.211,12090
0.212,12089
0.212,12088
0.212,12087
0.212,12086
0.212,12085
0.212,12084
0.213,12083
0.213,12082
0.213,12081
0.213,12080
0.213,12079
0.213,12078
0.213,12077
0.213,12076
0.213,12075
0.213,12074
0.214,12073
0.214,12072
0.214,12071
0.214,12070
0.215,12069
0.215,12068
0.215,12067
0.215,12066
0.215,12065
0.215,12064
0.215,12063
0.216,12062
0.216,12061
0.216,12060
0.216,12059
0.216,12058
0.216,12057
0.217,12056
0.217,12055
0.217,12054
0.217,12053
0.217,12052
0.217,12051
0.217,12050
0.217,12049
0.218,12048
0.218,12047
0.218,12046
0.218,12045
0.218,12044
0.218,12043
0.218,12042
0.219,12041
0.219,12040
0.219,12039
0.219,12038
0.219,12037
0.219,12036
0.219,12035
0.219,12034
0.22,12033
0.22,12032
0.22,12031
0.22,12030
0.22,12029
0.22,12028
0.22,12027
0.22,12026
0.22,12025
0.22,12024
0.221,12023
0.221,12022
0.221,12021
0.221,12020
0.221,12019
0.221,12018
0.221,12017
0.221,12016
0.221,12015
0.222,12014
0.222,12013
0.222,12012
0.222,12011
0.222,12010
0.222,12009
0.222,12008
0.222,12007
0.223,12006
0.223,12005
0.223,12004
0.223,12003
0.223,12002
0.223,12001
0.224,12000
0.224,11999
0.224,11998
0.225,11997
0.225,11996
0.225,11995
0.226,11994
0.226,11993
0.226,11992
0.226,11991
0.226,11990
0.226,11989
0.227,11988
0.227,11987
0.227,11986
0.227,11985
0.227,11984
0.227,11983
0.227,11982
0.228,11981
0.228,11980
0.228,11979
0.228,11978
0.228,11977
0.228,11976
0.228,11975
0.229,11974
0.229,11973
0.229,11972
0.229,11971
0.229,11970
0.229,11969
0.23,11968
0.23,11967
0.231,11966
0.231,11965
0.231,11964
0.231,11963
0.231,11962
0.232,11961
0.232,11960
0.232,11959
0.232,11958
0.232,11957
0.232,11956
0.232,11955
0.232,11954
0.233,11953
0.233,11952
0.233,11951
0.233,11950
0.233,11949
0.233,11948
0.233,11947
0.233,11946
0.233,11945
0.233,11944
0.234,11943
0.234,11942
0.234,11941
0.234,11940
0.234,11939
0.234,11938
0.234,11937
0.234,11936
0.235,11935
0.235,11934
0.235,11933
0.235,11932
0.235,11931
0.236,11930
0.236,11929
0.236,11928
0.236,11927
0.236,11926
0.236,11925
0.236,11924
0.237,11923
0.237,11922
0.237,11921
0.237,11920
0.237,11919
0.237,11918
0.237,11917
0.237,11916
0.238,11915
0.238,11914
0.238,11913
0.238,11912
0.238,11911
0.238,11910
0.238,11909
0.239,11908
0.239,11907
0.239,11906
0.239,11905
0.239,11904
0.239,11903
0.239,11902
0.239,11901
0.24,11900
0.24,11899
0.24,11898
0.24,11897
0.24,11896
0.24,11895
0.24,11894
0.24,11893
0.241,11892
0.241,11891
0.241,11890
0.241,11889
0.241,11888
0.241,11887
0.242,11886
0.242,11885
0.242,11884
0.242,11883
0.242,11882
0.242,11881
0.242,11880
0.242,11879
0.242,11878
0.243,11877
0.243,11876
0.243,11875
0.243,11874
0.243,11873
0.243,11872
0.244,11871
0.244,11870
0.244,11869
0.245,11868
0.245,11867
0.245,11866
0.246,11865
0.247,11864
0.248,11863
0.248,11862
0.248,11861
0.248,11860
0.248,11859
0.249,11858
0.249,11857
0.249,11856
0.249,11855
0.25,11854
0.25,11853
0.25,11852
0.25,11851
0.25,11850
0.25,11849
0.251,11848
0.251,11847
0.251,11846
0.251,11845
0.251,11844
0.252,11843
0.252,11842
0.252,11841
0.252,11840
0.252,11839
0.252,11838
0.253,11837
0.253,11836
0.253,11835
0.253,11834
0.253,11833
0.253,11832
0.254,11831
0.254,11830
0.254,11829
0.254,11828
0.255,11827
0.255,11826
0.255,11825
0.255,11824
0.256,11823
0.256,11822
0.256,11821
0.256,11820
0.256,11819
0.256,11818
0.256,11817
0.256,11816
0.257,11815
0.257,11814
0.257,11813
0.257,11812
0.257,11811
0.257,11810
0.258,11809
0.258,11808
0.258,11807
0.258,11806
0.258,11805
0.258,11804
0.259,11803
0.259,11802
0.259,11801
0.259,11800
0.259,11799
0.259,11798
0.26,11797
0.26,11796
0.26,11795
0.26,11794
0.26,11793
0.26,11792
0.261,11791
0.261,11790
0.261,11789
0.261,11788
0.261,11787
0.261,11786
0.261,11785
0.261,11784
0.262,11783
0.262,11782
0.262,11781
0.262,11780
0.263,11779
0.263,11778
0.263,11777
0.263,11776
0.263,11775
0.263,11774
0.264,11773
0.264,11772
0.264,11771
0.264,11770
0.264,11769
0.264,11768
0.264,11767
0.264,11766
0.264,11765
0.265,11764
0.265,11763
0.265,11762
0.265,11761
0.265,11760
0.265,11759
0.266,11758
0.266,11757
0.266,11756
0.266,11755
0.266,11754
0.266,11753
0.266,11752
0.266,11751
0.267,11750
0.267,11749
0.267,11748
0.267,11747
0.268,11746
0.268,11745
0.268,11744
0.268,11743
0.268,11742
0.268,11741
0.268,11740
0.269,11739
0.269,11738
0.269,11737
0.269,11736
0.269,11735
0.269,11734
0.269,11733
0.27,11732
0.27,11731
0.27,11730
0.27,11729
0.27,11728
0.27,11727
0.271,11726
0.271,11725
0.271,11724
0.271,11723
0.271,11722
0.271,11721
0.271,11720
0.272,11719
0.272,11718
0.272,11717
0.272,11716
0.272,11715
0.273,11714
0.273,11713
0.273,11712
0.273,11711
0.273,11710
0.273,11709
0.273,11708
0.273,11707
0.274,11706
0.274,11705
0.274,11704
0.274,11703
0.274,11702
0.274,11701
0.274,11700
0.275,11699
0.275,11698
0.275,11697
0.275,11696
0.275,11695
0.276,11694
0.276,11693
0.276,11692
0.276,11691
0.276,11690
0.276,11689
0.276,11688
0.277,11687
0.277,11686
0.277,11685
0.278,11684
0.278,11683
0.278,11682
0.278,11681
0.278,11680
0.278,11679
0.278,11678
0.278,11677
0.278,11676
0.278,11675
0.279,11674
0.279,11673
0.279,11672
0.279,11671
0.279,11670
0.279,11669
0.279,11668
0.279,11667
0.28,11666
0.28,11665
0.28,11664
0.28,11663
0.28,11662
0.28,11661
0.28,11660
0.281,11659
0.281,11658
0.281,11657
0.281,11656
0.281,11655
0.281,11654
0.281,11653
0.281,11652
0.282,11651
0.282,11650
0.282,11649
0.282,11648
0.282,11647
0.282,11646
0.282,11645
0.283,11644
0.283,11643
0.283,11642
0.283,11641
0.283,11640
0.283,11639
0.284,11638
0.284,11637
0.284,11636
0.284,11635
0.284,11634
0.284,11633
0.284,11632
0.284,11631
0.284,11630
0.284,11629
0.285,11628
0.285,11627
0.285,11626
0.285,11625
0.285,11624
0.286,11623
0.286,11622
0.286,11621
0.286,11620
0.286,11619
0.286,11618
0.286,11617
0.286,11616
0.286,11615
0.286,11614
0.287,11613
0.287,11612
0.287,11611
0.287,11610
0.287,11609
0.287,11608
0.287,11607
0.287,11606
0.288,11605
0.288,11604
0.288,11603
0.288,11602
0.288,11601
0.288,11600
0.289,11599
0.289,11598
0.289,11597
0.289,11596
0.289,11595
0.289,11594
0.289,11593
0.29,11592
0.29,11591
0.29,11590
0.29,11589
0.29,11588
0.29,11587
0.29,11586
0.29,11585
0.291,11584
0.291,11583
0.291,11582
0.291,11581
0.291,11580
0.291,11579
0.291,11578
0.292,11577
0.292,11576
0.292,11575
0.292,11574
0.292,11573
0.292,11572
0.292,11571
0.292,11570
0.292,11569
0.292,11568
0.293,11567
0.293,11566
0.293,11565
0.293,11564
0.293,11563
0.293,11562
0.294,11561
0.294,11560
0.294,11559
0.294,11558
0.294,11557
0.294,11556
0.294,11555
0.295,11554
0.295,11553
0.295,11552
0.295,11551
0.295,11550
0.295,11549
0.296,11548
0.296,11547
0.296,11546
0.296,11545
0.296,11544
0.296,11543
0.296,11542
0.297,11541
0.297,11540
0.297,11539
0.297,11538
0.297,11537
0.297,11536
0.297,11535
0.297,11534
0.297,11533
0.298,11532
0.298,11531
0.298,11530
0.298,11529
0.298,11528
0.298,11527
0.298,11526
0.299,11525
0.299,11524
0.299,11523
0.299,11522
0.299,11521
0.299,11520
0.299,11519
0.299,11518
0.3,11517
0.3,11516
0.3,11515
0.3,11514
0.3,11513
0.3,11512
0.3,11511
0.301,11510
0.301,11509
0.301,11508
0.301,11507
0.301,11506
0.302,11505
0.302,11504
0.302,11503
0.302,11502
0.303,11501
0.303,11500
0.303,11499
0.303,11498
0.304,11497
0.304,11496
0.304,11495
0.304,11494
0.305,11493
0.305,11492
0.305,11491
0.305,11490
0.305,11489
0.306,11488
0.306,11487
0.306,11486
0.306,11485
0.307,11484
0.307,11483
0.307,11482
0.307,11481
0.307,11480
0.308,11479
0.308,11478
0.308,11477
0.308,11476
0.308,11475
0.309,11474
0.309,11473
0.309,11472
0.309,11471
0.309,11470
0.309,11469
0.31,11468
0.31,11467
0.31,11466
0.31,11465
0.31,11464
0.311,11463
0.311,11462
0.311,11461
0.311,11460
0.311,11459
0.311,11458
0.311,11457
0.311,11456
0.311,11455
0.312,11454
0.312,11453
0.312,11452
0.312,11451
0.312,11450
0.312,11449
0.312,11448
0.312,11447
0.312,11446
0.312,11445
0.313,11444
0.313,11443
0.313,11442
0.313,11441
0.313,11440
0.313,11439
0.313,11438
0.314,11437
0.314,11436
0.314,11435
0.314,11434
0.314,11433
0.314,11432
0.314,11431
0.314,11430
0.315,11429
0.315,11428
0.315,11427
0.315,11426
0.315,11425
0.315,11424
0.315,11423
0.315,11422
0.315,11421
0.315,11420
0.316,11419
0.316,11418
0.316,11417
0.316,11416
0.316,11415
0.316,11414
0.317,11413
0.317,11412
0.317,11411
0.317,11410
0.317,11409
0.317,11408
0.318,11407
0.318,11406
0.318,11405
0.318,11404
0.318,11403
0.318,11402
0.318,11401
0.318,11400
0.318,11399
0.319,11398
0.319,11397
0.319,11396
0.319,11395
0.319,11394
0.319,11393
0.32,11392
0.32,11391
0.32,11390
0.32,11389
0.32,11388
0.32,11387
0.321,11386
0.321,11385
0.321,11384
0.321,11383
0.321,11382
0.321,11381
0.321,11380
0.321,11379
0.322,11378
0.322,11377
0.322,11376
0.322,11375
0.322,11374
0.323,11373
0.323,11372
0.323,11371
0.323,11370
0.323,11369
0.323,11368
0.323,11367
0.323,11366
0.323,11365
0.324,11364
0.324,11363
0.324,11362
0.324,11361
0.324,11360
0.324,11359
0.324,11358
0.325,11357
0.325,11356
0.325,11355
0.325,11354
0.325,11353
0.325,11352
0.325,11351
0.325,11350
0.326,11349
0.326,11348
0.326,11347
0.326,11346
0.326,11345
0.326,11344
0.326,11343
0.326,11342
0.326,11341
0.326,11340
0.327,11339
0.327,11338
0.327,11337
0.327,11336
0.327,11335
0.327,11334
0.327,11333
0.327,11332
0.327,11331
0.327,11330
0.328,11329
0.328,11328
0.328,11327
0.328,11326
0.328,11325
0.328,11324
0.328,11323
0.328,11322
0.328,11321
0.328,11320
0.328,11319
0.329,11318
0.329,11317
0.329,11316
0.329,11315
0.329,11314
0.329,11313
0.329,11312
0.329,11311
0.329,11310
0.329,11309
0.33,11308
0.33,11307
0.33,11306
0.33,11305
0.33,11304
0.33,11303
0.33,11302
0.33,11301
0.33,11300
0.33,11299
0.331,11298
0.331,11297
0.331,11296
0.331,11295
0.331,11294
0.331,11293
0.331,11292
0.331,11291
0.332,11290
0.332,11289
0.332,11288
0.332,11287
0.332,11286
0.332,11285
0.332,11284
0.332,11283
0.332,11282
0.332,11281
0.332,11280
0.333,11279
0.333,11278
0.333,11277
0.333,11276
0.333,11275
0.333,11274
0.333,11273
0.333,11272
0.333,11271
0.334,11270
0.334,11269
0.334,11268
0.334,11267
0.334,11266
0.334,11265
0.334,11264
0.335,11263
0.335,11262
0.335,11261
0.335,11260
0.335,11259
0.335,11258
0.335,11257
0.336,11256
0.336,11255
0.336,11254
0.336,11253
0.336,11252
0.336,11251
0.336,11250
0.336,11249
0.336,11248
0.337,11247
0.337,11246
0.337,11245
0.337,11244
0.337,11243
0.337,11242
0.337,11241
0.338,11240
0.338,11239
0.338,11238
0.338,11237
0.338,11236
0.338,11235
0.338,11234
0.338,11233
0.338,11232
0.339,11231
0.339,11230
0.339,11229
0.345,11228
0.345,11227
0.346,11226
0.346,11225
0.346,11224
0.346,11223
0.346,11222
0.346,11221
0.346,11220
0.346,11219
0.347,11218
0.347,11217
0.347,11216
0.347,11215
0.347,11214
0.347,11213
0.347,11212
0.347,11211
0.348,11210
0.348,11209
0.348,11208
0.348,11207
0.348,11206
0.349,11205
0.349,11204
0.349,11203
0.349,11202
0.349,11201
0.349,11200
0.349,11199
0.349,11198
0.349,11197
0.35,11196
0.35,11195
0.35,11194
0.35,11193
0.35,11192
0.35,11191
0.351,11190
0.351,11189
0.351,11188
0.351,11187
0.351,11186
0.351,11185
0.351,11184
0.351,11183
0.352,11182
0.352,11181
0.352,11180
0.352,11179
0.352,11178
0.352,11177
0.352,11176
0.353,11175
0.353,11174
0.353,11173
0.353,11172
0.353,11171
0.354,11170
0.354,11169
0.354,11168
0.354,11167
0.354,11166
0.354,11165
0.354,11164
0.354,11163
0.354,11162
0.355,11161
0.355,11160
0.355,11159
0.355,11158
0.355,11157
0.355,11156
0.355,11155
0.356,11154
0.356,11153
0.356,11152
0.356,11151
0.356,11150
0.356,11149
0.356,11148
0.356,11147
0.357,11146
0.357,11145
0.357,11144
0.357,11143
0.358,11142
0.358,11141
0.358,11140
0.358,11139
0.359,11138
0.359,11137
0.359,11136
0.359,11135
0.359,11134
0.359,11133
0.359,11132
0.359,11131
0.359,11130
0.36,11129
0.36,11128
0.36,11127
0.36,11126
0.36,11125
0.36,11124
0.361,11123
0.361,11122
0.361,11121
0.361,11120
0.361,11119
0.361,11118
0.361,11117
0.361,11116
0.361,11115
0.362,11114
0.362,11113
0.362,11112
0.362,11111
0.362,11110
0.362,11109
0.362,11108
0.362,11107
0.362,11106
0.362,11105
0.363,11104
0.363,11103
0.363,11102
0.363,11101
0.363,11100
0.363,11099
0.363,11098
0.364,11097
0.364,11096
0.364,11095
0.364,11094
0.364,11093
0.364,11092
0.364,11091
0.364,11090
0.365,11089
0.365,11088
0.365,11087
0.365,11086
0.365,11085
0.366,11084
0.366,11083
0.367,11082
0.367,11081
0.367,11080
0.368,11079
0.368,11078
0.368,11077
0.368,11076
0.369,11075
0.369,11074
0.369,11073
0.369,11072
0.37,11071
0.37,11070
0.37,11069
0.37,11068
0.37,11067
0.37,11066
0.37,11065
0.371,11064
0.371,11063
0.371,11062
0.371,11061
0.371,11060
0.371,11059
0.371,11058
0.372,11057
0.372,11056
0.372,11055
0.372,11054
0.372,11053
0.372,11052
0.373,11051
0.373,11050
0.373,11049
0.373,11048
0.373,11047
0.374,11046
0.374,11045
0.374,11044
0.374,11043
0.375,11042
0.375,11041
0.375,11040
0.375,11039
0.376,11038
0.376,11037
0.376,11036
0.376,11035
0.376,11034
0.376,11033
0.376,11032
0.376,11031
0.376,11030
0.377,11029
0.377,11028
0.377,11027
0.377,11026
0.377,11025
0.377,11024
0.378,11023
0.378,11022
0.378,11021
0.378,11020
0.379,11019
0.379,11018
0.379,11017
0.379,11016
0.379,11015
0.379,11014
0.379,11013
0.38,11012
0.38,11011
0.38,11010
0.381,11009
0.381,11008
0.381,11007
0.381,11006
0.381,11005
0.381,11004
0.381,11003
0.381,11002
0.381,11001
0.381,11000
0.382,10999
0.382,10998
0.382,10997
0.382,10996
0.383,10995
0.383,10994
0.383,10993
0.383,10992
0.384,10991
0.384,10990
0.384,10989
0.385,10988
0.385,10987
0.385,10986
0.385,10985
0.385,10984
0.385,10983
0.385,10982
0.385,10981
0.385,10980
0.385,10979
0.386,10978
0.386,10977
0.386,10976
0.386,10975
0.386,10974
0.386,10973
0.387,10972
0.387,10971
0.387,10970
0.387,10969
0.387,10968
0.388,10967
0.388,10966
0.388,10965
0.388,10964
0.388,10963
0.388,10962
0.388,10961
0.388,10960
0.388,10959
0.389,10958
0.389,10957
0.389,10956
0.389,10955
0.389,10954
0.389,10953
0.39,10952
0.39,10951
0.39,10950
0.39,10949
0.39,10948
0.39,10947
0.39,10946
0.39,10945
0.391,10944
0.391,10943
0.391,10942
0.391,10941
0.391,10940
0.391,10939
0.391,10938
0.391,10937
0.392,10936
0.392,10935
0.392,10934
0.392,10933
0.392,10932
0.392,10931
0.392,10930
0.392,10929
0.393,10928
0.393,10927
0.393,10926
0.393,10925
0.393,10924
0.393,10923
0.394,10922
0.394,10921
0.394,10920
0.394,10919
0.394,10918
0.394,10917
0.394,10916
0.394,10915
0.395,10914
0.395,10913
0.395,10912
0.395,10911
0.395,10910
0.395,10909
0.395,10908
0.396,10907
0.396,10906
0.396,10905
0.396,10904
0.396,10903
0.396,10902
0.396,10901
0.396,10900
0.396,10899
0.397,10898
0.397,10897
0.397,10896
0.397,10895
0.397,10894
0.397,10893
0.397,10892
0.398,10891
0.398,10890
0.398,10889
0.398,10888
0.398,10887
0.398,10886
0.398,10885
0.398,10884
0.399,10883
0.399,10882
0.399,10881
0.399,10880
0.399,10879
0.399,10878
0.399,10877
0.399,10876
0.4,10875
0.4,10874
0.4,10873
0.4,10872
0.4,10871
0.4,10870
0.4,10869
0.4,10868
0.401,10867
0.401,10866
0.401,10865
0.401,10864
0.401,10863
0.401,10862
0.402,10861
0.402,10860
0.402,10859
0.402,10858
0.402,10857
0.402,10856
0.402,10855
0.402,10854
0.402,10853
0.403,10852
0.403,10851
0.403,10850
0.403,10849
0.403,10848
0.403,10847
0.403,10846
0.403,10845
0.404,10844
0.404,10843
0.404,10842
0.404,10841
0.404,10840
0.404,10839
0.404,10838
0.404,10837
0.405,10836
0.405,10835
0.405,10834
0.405,10833
0.405,10832
0.405,10831
0.405,10830
0.406,10829
0.406,10828
0.406,10827
0.406,10826
0.406,10825
0.406,10824
0.406,10823
0.406,10822
0.406,10821
0.406,10820
0.407,10819
0.407,10818
0.407,10817
0.407,10816
0.407,10815
0.407,10814
0.407,10813
0.407,10812
0.407,10811
0.408,10810
0.408,10809
0.408,10808
0.408,10807
0.408,10806
0.408,10805
0.408,10804
0.408,10803
0.409,10802
0.409,10801
0.409,10800
0.409,10799
0.409,10798
0.409,10797
0.409,10796
0.409,10795
0.409,10794
0.41,10793
0.41,10792
0.41,10791
0.41,10790
0.41,10789
0.41,10788
0.41,10787
0.41,10786
0.41,10785
0.411,10784
0.411,10783
0.411,10782
0.411,10781
0.411,10780
0.411,10779
0.411,10778
0.411,10777
0.411,10776
0.411,10775
0.412,10774
0.412,10773
0.412,10772
0.412,10771
0.412,10770
0.412,10769
0.412,10768
0.412,10767
0.413,10766
0.413,10765
0.413,10764
0.413,10763
0.413,10762
0.413,10761
0.413,10760
0.413,10759
0.413,10758
0.414,10757
0.414,10756
0.414,10755
0.414,10754
0.414,10753
0.414,10752
0.414,10751
0.414,10750
0.414,10749
0.414,10748
0.415,10747
0.415,10746
0.415,10745
0.415,10744
0.415,10743
0.416,10742
0.416,10741
0.416,10740
0.416,10739
0.416,10738
0.416,10737
0.416,10736
0.416,10735
0.416,10734
0.417,10733
0.417,10732
0.417,10731
0.417,10730
0.417,10729
0.417,10728
0.417,10727
0.418,10726
0.418,10725
0.418,10724
0.418,10723
0.418,10722
0.418,10721
0.418,10720
0.419,10719
0.419,10718
0.419,10717
0.419,10716
0.419,10715
0.419,10714
0.419,10713
0.419,10712
0.419,10711
0.419,10710
0.419,10709
0.42,10708
0.42,10707
0.42,10706
0.42,10705
0.42,10704
0.421,10703
0.421,10702
0.421,10701
0.421,10700
0.421,10699
0.421,10698
0.421,10697
0.421,10696
0.422,10695
0.422,10694
0.422,10693
0.422,10692
0.422,10691
0.422,10690
0.422,10689
0.422,10688
0.422,10687
0.422,10686
0.423,10685
0.423,10684
0.423,10683
0.423,10682
0.423,10681
0.424,10680
0.424,10679
0.424,10678
0.424,10677
0.424,10676
0.424,10675
0.425,10674
0.425,10673
0.425,10672
0.425,10671
0.425,10670
0.425,10669
0.425,10668
0.426,10667
0.426,10666
0.426,10665
0.426,10664
0.426,10663
0.426,10662
0.427,10661
0.427,10660
0.427,10659
0.427,10658
0.427,10657
0.427,10656
0.427,10655
0.427,10654
0.427,10653
0.427,10652
0.428,10651
0.428,10650
0.428,10649
0.428,10648
0.428,10647
0.428,10646
0.428,10645
0.428,10644
0.428,10643
0.429,10642
0.429,10641
0.429,10640
0.429,10639
0.429,10638
0.429,10637
0.429,10636
0.429,10635
0.43,10634
0.43,10633
0.43,10632
0.43,10631
0.43,10630
0.43,10629
0.43,10628
0.43,10627
0.431,10626
0.431,10625
0.431,10624
0.431,10623
0.431,10622
0.431,10621
0.432,10620
0.432,10619
0.432,10618
0.432,10617
0.432,10616
0.432,10615
0.432,10614
0.432,10613
0.433,10612
0.433,10611
0.433,10610
0.433,10609
0.433,10608
0.433,10607
0.433,10606
0.433,10605
0.433,10604
0.433,10603
0.434,10602
0.434,10601
0.434,10600
0.434,10599
0.434,10598
0.434,10597
0.434,10596
0.434,10595
0.434,10594
0.434,10593
0.435,10592
0.435,10591
0.435,10590
0.435,10589
0.435,10588
0.435,10587
0.435,10586
0.435,10585
0.435,10584
0.436,10583
0.436,10582
0.436,10581
0.436,10580
0.436,10579
0.436,10578
0.436,10577
0.436,10576
0.436,10575
0.436,10574
0.436,10573
0.436,10572
0.437,10571
0.437,10570
0.437,10569
0.437,10568
0.437,10567
0.437,10566
0.437,10565
0.438,10564
0.438,10563
0.438,10562
0.438,10561
0.438,10560
0.438,10559
0.438,10558
0.438,10557
0.438,10556
0.438,10555
0.438,10554
0.439,10553
0.439,10552
0.439,10551
0.439,10550
0.439,10549
0.439,10548
0.439,10547
0.44,10546
0.44,10545
0.44,10544
0.44,10543
0.44,10542
0.44,10541
0.44,10540
0.44,10539
0.44,10538
0.44,10537
0.441,10536
0.441,10535
0.441,10534
0.441,10533
0.441,10532
0.441,10531
0.441,10530
0.441,10529
0.441,10528
0.441,10527
0.441,10526
0.442,10525
0.442,10524
0.442,10523
0.443,10522
0.443,10521
0.443,10520
0.443,10519
0.443,10518
0.443,10517
0.443,10516
0.443,10515
0.443,10514
0.443,10513
0.443,10512
0.443,10511
0.444,10510
0.444,10509
0.444,10508
0.444,10507
0.444,10506
0.444,10505
0.444,10504
0.444,10503
0.445,10502
0.445,10501
0.445,10500
0.445,10499
0.445,10498
0.445,10497
0.445,10496
0.445,10495
0.446,10494
0.446,10493
0.446,10492
0.446,10491
0.446,10490
0.446,10489
0.446,10488
0.446,10487
0.446,10486
0.447,10485
0.447,10484
0.447,10483
0.447,10482
0.447,10481
0.447,10480
0.447,10479
0.447,10478
0.447,10477
0.448,10476
0.448,10475
0.448,10474
0.448,10473
0.448,10472
0.448,10471
0.448,10470
0.448,10469
0.448,10468
0.449,10467
0.449,10466
0.449,10465
0.449,10464
0.449,10463
0.449,10462
0.449,10461
0.449,10460
0.449,10459
0.449,10458
0.45,10457
0.45,10456
0.45,10455
0.45,10454
0.45,10453
0.45,10452
0.45,10451
0.45,10450
0.45,10449
0.451,10448
0.451,10447
0.451,10446
0.451,10445
0.451,10444
0.451,10443
0.451,10442
0.452,10441
0.452,10440
0.452,10439
0.452,10438
0.452,10437
0.452,10436
0.453,10435
0.453,10434
0.453,10433
0.453,10432
0.453,10431
0.453,10430
0.453,10429
0.453,10428
0.454,10427
0.454,10426
0.454,10425
0.454,10424
0.454,10423
0.454,10422
0.455,10421
0.455,10420
0.455,10419
0.455,10418
0.455,10417
0.455,10416
0.455,10415
0.455,10414
0.455,10413
0.455,10412
0.456,10411
0.456,10410
0.456,10409
0.456,10408
0.456,10407
0.456,10406
0.456,10405
0.456,10404
0.456,10403
0.457,10402
0.457,10401
0.457,10400
0.457,10399
0.457,10398
0.457,10397
0.457,10396
0.458,10395
0.458,10394
0.458,10393
0.458,10392
0.458,10391
0.458,10390
0.458,10389
0.458,10388
0.458,10387
0.459,10386
0.459,10385
0.459,10384
0.459,10383
0.459,10382
0.459,10381
0.459,10380
0.46,10379
0.46,10378
0.46,10377
0.46,10376
0.46,10375
0.46,10374
0.46,10373
0.46,10372
0.46,10371
0.461,10370
0.461,10369
0.461,10368
0.461,10367
0.461,10366
0.461,10365
0.461,10364
0.461,10363
0.461,10362
0.462,10361
0.462,10360
0.462,10359
0.462,10358
0.462,10357
0.462,10356
0.462,10355
0.463,10354
0.463,10353
0.463,10352
0.463,10351
0.463,10350
0.463,10349
0.463,10348
0.463,10347
0.463,10346
0.463,10345
0.463,10344
0.464,10343
0.464,10342
0.464,10341
0.464,10340
0.464,10339
0.464,10338
0.464,10337
0.464,10336
0.464,10335
0.464,10334
0.465,10333
0.465,10332
0.465,10331
0.465,10330
0.465,10329
0.465,10328
0.465,10327
0.465,10326
0.465,10325
0.466,10324
0.466,10323
0.466,10322
0.467,10321
0.467,10320
0.467,10319
0.467,10318
0.467,10317
0.467,10316
0.467,10315
0.467,10314
0.467,10313
0.468,10312
0.468,10311
0.468,10310
0.468,10309
0.468,10308
0.468,10307
0.468,10306
0.468,10305
0.468,10304
0.468,10303
0.469,10302
0.477,10301
0.477,10300
0.477,10299
0.477,10298
0.477,10297
0.478,10296
0.478,10295
0.478,10294
0.478,10293
0.478,10292
0.478,10291
0.478,10290
0.478,10289
0.478,10288
0.479,10287
0.479,10286
0.479,10285
0.479,10284
0.479,10283
0.479,10282
0.479,10281
0.48,10280
0.48,10279
0.48,10278
0.48,10277
0.48,10276
0.48,10275
0.48,10274
0.48,10273
0.48,10272
0.48,10271
0.48,10270
0.481,10269
0.481,10268
0.481,10267
0.481,10266
0.481,10265
0.481,10264
0.481,10263
0.482,10262
0.482,10261
0.482,10260
0.482,10259
0.482,10258
0.482,10257
0.482,10256
0.483,10255
0.483,10254
0.483,10253
0.483,10252
0.483,10251
0.483,10250
0.483,10249
0.483,10248
0.483,10247
0.484,10246
0.484,10245
0.484,10244
0.484,10243
0.484,10242
0.484,10241
0.484,10240
0.485,10239
0.485,10238
0.485,10237
0.485,10236
0.485,10235
0.485,10234
0.485,10233
0.485,10232
0.486,10231
0.486,10230
0.486,10229
0.486,10228
0.486,10227
0.487,10226
0.487,10225
0.487,10224
0.487,10223
0.487,10222
0.488,10221
0.488,10220
0.488,10219
0.489,10218
0.489,10217
0.489,10216
0.49,10215
0.49,10214
0.49,10213
0.491,10212
0.491,10211
0.491,10210
0.491,10209
0.491,10208
0.492,10207
0.492,10206
0.492,10205
0.492,10204
0.493,10203
0.493,10202
0.493,10201
0.493,10200
0.493,10199
0.494,10198
0.494,10197
0.494,10196
0.494,10195
0.494,10194
0.495,10193
0.495,10192
0.495,10191
0.495,10190
0.495,10189
0.496,10188
0.496,10187
0.496,10186
0.496,10185
0.496,10184
0.496,10183
0.496,10182
0.496,10181
0.497,10180
0.497,10179
0.497,10178
0.497,10177
0.497,10176
0.497,10175
0.498,10174
0.498,10173
0.498,10172
0.498,10171
0.498,10170
0.499,10169
0.499,10168
0.499,10167
0.499,10166
0.499,10165
0.499,10164
0.499,10163
0.5,10162
0.5,10161
0.5,10160
0.5,10159
0.5,10158
0.5,10157
0.501,10156
0.501,10155
0.501,10154
0.501,10153
0.501,10152
0.501,10151
0.501,10150
0.501,10149
0.501,10148
0.502,10147
0.502,10146
0.502,10145
0.502,10144
0.502,10143
0.502,10142
0.503,10141
0.503,10140
0.503,10139
0.503,10138
0.503,10137
0.503,10136
0.503,10135
0.504,10134
0.504,10133
0.504,10132
0.504,10131
0.505,10130
0.505,10129
0.505,10128
0.505,10127
0.505,10126
0.505,10125
0.505,10124
0.505,10123
0.506,10122
0.506,10121
0.506,10120
0.506,10119
0.506,10118
0.506,10117
0.506,10116
0.506,10115
0.506,10114
0.506,10113
0.507,10112
0.507,10111
0.507,10110
0.507,10109
0.507,10108
0.508,10107
0.508,10106
0.508,10105
0.508,10104
0.508,10103
0.508,10102
0.508,10101
0.508,10100
0.508,10099
0.508,10098
0.509,10097
0.509,10096
0.509,10095
0.509,10094
0.509,10093
0.509,10092
0.51,10091
0.51,10090
0.51,10089
0.51,10088
0.51,10087
0.51,10086
0.51,10085
0.51,10084
0.51,10083
0.511,10082
0.511,10081
0.511,10080
0.511,10079
0.511,10078
0.511,10077
0.511,10076
0.512,10075
0.512,10074
0.512,10073
0.512,10072
0.512,10071
0.512,10070
0.512,10069
0.513,10068
0.513,10067
0.513,10066
0.513,10065
0.513,10064
0.513,10063
0.513,10062
0.514,10061
0.514,10060
0.514,10059
0.514,10058
0.514,10057
0.514,10056
0.514,10055
0.514,10054
0.514,10053
0.514,10052
0.514,10051
0.515,10050
0.515,10049
0.515,10048
0.515,10047
0.515,10046
0.515,10045
0.515,10044
0.515,10043
0.516,10042
0.516,10041
0.516,10040
0.516,10039
0.516,10038
0.517,10037
0.517,10036
0.517,10035
0.517,10034
0.517,10033
0.517,10032
0.518,10031
0.518,10030
0.518,10029
0.518,10028
0.518,10027
0.518,10026
0.518,10025
0.518,10024
0.518,10023
0.518,10022
0.518,10021
0.518,10020
0.518,10019
0.519,10018
0.519,10017
0.519,10016
0.519,10015
0.519,10014
0.519,10013
0.519,10012
0.519,10011
0.52,10010
0.52,10009
0.52,10008
0.52,10007
0.52,10006
0.52,10005
0.52,10004
0.52,10003
0.521,10002
0.521,10001
0.521,10000
0.521,9999
0.521,9998
0.521,9997
0.521,9996
0.522,9995
0.522,9994
0.522,9993
0.522,9992
0.522,9991
0.522,9990
0.522,9989
0.522,9988
0.523,9987
0.523,9986
0.523,9985
0.523,9984
0.523,9983
0.523,9982
0.523,9981
0.523,9980
0.524,9979
0.524,9978
0.524,9977
0.524,9976
0.524,9975
0.524,9974
0.524,9973
0.524,9972
0.524,9971
0.525,9970
0.525,9969
0.525,9968
0.525,9967
0.525,9966
0.525,9965
0.525,9964
0.525,9963
0.525,9962
0.526,9961
0.526,9960
0.526,9959
0.526,9958
0.526,9957
0.526,9956
0.527,9955
0.527,9954
0.527,9953
0.527,9952
0.527,9951
0.527,9950
0.527,9949
0.527,9948
0.527,9947
0.527,9946
0.528,9945
0.528,9944
0.528,9943
0.528,9942
0.528,9941
0.528,9940
0.528,9939
0.528,9938
0.528,9937
0.529,9936
0.529,9935
0.529,9934
0.529,9933
0.529,9932
0.529,9931
0.529,9930
0.529,9929
0.529,9928
0.529,9927
0.53,9926
0.53,9925
0.53,9924
0.53,9923
0.53,9922
0.531,9921
0.531,9920
0.531,9919
0.531,9918
0.531,9917
0.531,9916
0.531,9915
0.531,9914
0.531,9913
0.531,9912
0.532,9911
0.532,9910
0.532,9909
0.532,9908
0.532,9907
0.532,9906
0.532,9905
0.532,9904
0.533,9903
0.533,9902
0.533,9901
0.533,9900
0.533,9899
0.533,9898
0.533,9897
0.533,9896
0.534,9895
0.534,9894
0.534,9893
0.534,9892
0.534,9891
0.534,9890
0.534,9889
0.534,9888
0.534,9887
0.534,9886
0.534,9885
0.534,9884
0.534,9883
0.534,9882
0.535,9881
0.535,9880
0.535,9879
0.535,9878
0.535,9877
0.535,9876
0.535,9875
0.536,9874
0.536,9873
0.536,9872
0.536,9871
0.536,9870
0.536,9869
0.536,9868
0.536,9867
0.536,9866
0.536,9865
0.536,9864
0.536,9863
0.537,9862
0.537,9861
0.537,9860
0.537,9859
0.537,9858
0.537,9857
0.537,9856
0.537,9855
0.537,9854
0.537,9853
0.538,9852
0.538,9851
0.538,9850
0.538,9849
0.539,9848
0.539,9847
0.539,9846
0.539,9845
0.54,9844
0.54,9843
0.54,9842
0.54,9841
0.54,9840
0.54,9839
0.54,9838
0.54,9837
0.541,9836
0.541,9835
0.541,9834
0.541,9833
0.541,9832
0.541,9831
0.541,9830
0.541,9829
0.541,9828
0.542,9827
0.542,9826
0.542,9825
0.542,9824
0.542,9823
0.542,9822
0.542,9821
0.543,9820
0.543,9819
0.543,9818
0.543,9817
0.543,9816
0.544,9815
0.544,9814
0.544,9813
0.544,9812
0.544,9811
0.545,9810
0.545,9809
0.545,9808
0.545,9807
0.545,9806
0.545,9805
0.545,9804
0.546,9803
0.546,9802
0.546,9801
0.546,9800
0.546,9799
0.546,9798
0.546,9797
0.546,9796
0.546,9795
0.547,9794
0.547,9793
0.547,9792
0.547,9791
0.547,9790
0.547,9789
0.547,9788
0.547,9787
0.547,9786
0.547,9785
0.547,9784
0.548,9783
0.548,9782
0.548,9781
0.548,9780
0.548,9779
0.548,9778
0.548,9777
0.549,9776
0.549,9775
0.549,9774
0.549,9773
0.549,9772
0.549,9771
0.549,9770
0.549,9769
0.549,9768
0.549,9767
0.55,9766
0.55,9765
0.55,9764
0.55,9763
0.55,9762
0.55,9761
0.55,9760
0.55,9759
0.55,9758
0.551,9757
0.551,9756
0.551,9755
0.551,9754
0.551,9753
0.551,9752
0.551,9751
0.551,9750
0.551,9749
0.551,9748
0.552,9747
0.552,9746
0.552,9745
0.552,9744
0.552,9743
0.552,9742
0.552,9741
0.552,9740
0.552,9739
0.552,9738
0.552,9737
0.553,9736
0.553,9735
0.553,9734
0.553,9733
0.553,9732
0.553,9731
0.553,9730
0.553,9729
0.553,9728
0.554,9727
0.554,9726
0.554,9725
0.554,9724
0.554,9723
0.554,9722
0.555,9721
0.555,9720
0.555,9719
0.555,9718
0.555,9717
0.555,9716
0.556,9715
0.556,9714
0.556,9713
0.556,9712
0.556,9711
0.557,9710
0.557,9709
0.557,9708
0.557,9707
0.557,9706
0.557,9705
0.557,9704
0.558,9703
0.558,9702
0.558,9701
0.558,9700
0.558,9699
0.558,9698
0.559,9697
0.559,9696
0.56,9695
0.56,9694
0.56,9693
0.56,9692
0.56,9691
0.56,9690
0.56,9689
0.561,9688
0.561,9687
0.561,9686
0.561,9685
0.561,9684
0.561,9683
0.561,9682
0.561,9681
0.562,9680
0.562,9679
0.562,9678
0.562,9677
0.562,9676
0.562,9675
0.562,9674
0.563,9673
0.563,9672
0.563,9671
0.563,9670
0.563,9669
0.563,9668
0.563,9667
0.563,9666
0.564,9665
0.564,9664
0.564,9663
0.564,9662
0.564,9661
0.564,9660
0.564,9659
0.564,9658
0.564,9657
0.564,9656
0.564,9655
0.565,9654
0.565,9653
0.565,9652
0.565,9651
0.566,9650
0.566,9649
0.566,9648
0.566,9647
0.566,9646
0.566,9645
0.566,9644
0.566,9643
0.567,9642
0.567,9641
0.567,9640
0.567,9639
0.567,9638
0.567,9637
0.567,9636
0.568,9635
0.568,9634
0.568,9633
0.568,9632
0.568,9631
0.568,9630
0.568,9629
0.568,9628
0.568,9627
0.568,9626
0.569,9625
0.569,9624
0.569,9623
0.569,9622
0.569,9621
0.569,9620
0.569,9619
0.569,9618
0.569,9617
0.57,9616
0.57,9615
0.57,9614
0.57,9613
0.57,9612
0.57,9611
0.57,9610
0.57,9609
0.57,9608
0.57,9607
0.571,9606
0.571,9605
0.571,9604
0.571,9603
0.571,9602
0.571,9601
0.571,9600
0.571,9599
0.571,9598
0.571,9597
0.572,9596
0.572,9595
0.572,9594
0.572,9593
0.572,9592
0.572,9591
0.572,9590
0.572,9589
0.573,9588
0.573,9587
0.573,9586
0.573,9585
0.573,9584
0.573,9583
0.573,9582
0.573,9581
0.573,9580
0.573,9579
0.574,9578
0.574,9577
0.574,9576
0.574,9575
0.574,9574
0.574,9573
0.574,9572
0.574,9571
0.574,9570
0.574,9569
0.574,9568
0.575,9567
0.575,9566
0.575,9565
0.575,9564
0.575,9563
0.575,9562
0.575,9561
0.576,9560
0.576,9559
0.576,9558
0.576,9557
0.576,9556
0.576,9555
0.577,9554
0.577,9553
0.577,9552
0.577,9551
0.577,9550
0.577,9549
0.577,9548
0.577,9547
0.578,9546
0.578,9545
0.578,9544
0.578,9543
0.578,9542
0.578,9541
0.578,9540
0.579,9539
0.579,9538
0.579,9537
0.579,9536
0.579,9535
0.579,9534
0.579,9533
0.579,9532
0.579,9531
0.579,9530
0.58,9529
0.58,9528
0.58,9527
0.58,9526
0.58,9525
0.58,9524
0.58,9523
0.58,9522
0.581,9521
0.581,9520
0.581,9519
0.581,9518
0.581,9517
0.581,9516
0.581,9515
0.581,9514
0.581,9513
0.581,9512
0.582,9511
0.582,9510
0.582,9509
0.582,9508
0.582,9507
0.582,9506
0.582,9505
0.583,9504
0.583,9503
0.583,9502
0.583,9501
0.583,9500
0.583,9499
0.583,9498
0.583,9497
0.583,9496
0.584,9495
0.584,9494
0.584,9493
0.584,9492
0.584,9491
0.584,9490
0.584,9489
0.584,9488
0.584,9487
0.584,9486
0.585,9485
0.585,9484
0.585,9483
0.585,9482
0.585,9481
0.585,9480
0.585,9479
0.586,9478
0.586,9477
0.586,9476
0.586,9475
0.586,9474
0.586,9473
0.586,9472
0.586,9471
0.586,9470
0.586,9469
0.587,9468
0.587,9467
0.587,9466
0.587,9465
0.587,9464
0.587,9463
0.587,9462
0.587,9461
0.588,9460
0.588,9459
0.588,9458
0.588,9457
0.588,9456
0.588,9455
0.588,9454
0.589,9453
0.589,9452
0.589,9451
0.589,9450
0.589,9449
0.589,9448
0.589,9447
0.589,9446
0.589,9445
0.59,9444
0.59,9443
0.59,9442
0.59,9441
0.59,9440
0.59,9439
0.59,9438
0.59,9437
0.591,9436
0.591,9435
0.591,9434
0.591,9433
0.591,9432
0.591,9431
0.591,9430
0.591,9429
0.592,9428
0.592,9427
0.592,9426
0.592,9425
0.592,9424
0.592,9423
0.592,9422
0.593,9421
0.593,9420
0.593,9419
0.593,9418
0.593,9417
0.593,9416
0.593,9415
0.594,9414
0.594,9413
0.594,9412
0.594,9411
0.594,9410
0.594,9409
0.594,9408
0.595,9407
0.595,9406
0.595,9405
0.595,9404
0.595,9403
0.595,9402
0.595,9401
0.595,9400
0.595,9399
0.596,9398
0.596,9397
0.596,9396
0.596,9395
0.596,9394
0.596,9393
0.596,9392
0.596,9391
0.597,9390
0.597,9389
0.597,9388
0.597,9387
0.597,9386
0.597,9385
0.597,9384
0.597,9383
0.597,9382
0.597,9381
0.597,9380
0.598,9379
0.598,9378
0.598,9377
0.598,9376
0.598,9375
0.598,9374
0.599,9373
0.599,9372
0.599,9371
0.599,9370
0.599,9369
0.599,9368
0.599,9367
0.599,9366
0.6,9365
0.6,9364
0.6,9363
0.6,9362
0.6,9361
0.6,9360
0.6,9359
0.601,9358
0.601,9357
0.601,9356
0.601,9355
0.601,9354
0.601,9353
0.601,9352
0.601,9351
0.602,9350
0.602,9349
0.602,9348
0.602,9347
0.602,9346
0.602,9345
0.602,9344
0.602,9343
0.602,9342
0.603,9341
0.603,9340
0.603,9339
0.603,9338
0.603,9337
0.603,9336
0.604,9335
0.604,9334
0.604,9333
0.604,9332
0.604,9331
0.604,9330
0.604,9329
0.604,9328
0.605,9327
0.605,9326
0.605,9325
0.605,9324
0.605,9323
0.605,9322
0.605,9321
0.605,9320
0.606,9319
0.606,9318
0.606,9317
0.606,9316
0.606,9315
0.606,9314
0.606,9313
0.607,9312
0.607,9311
0.607,9310
0.607,9309
0.607,9308
0.607,9307
0.607,9306
0.607,9305
0.607,9304
0.608,9303
0.608,9302
0.608,9301
0.608,9300
0.608,9299
0.608,9298
0.608,9297
0.608,9296
0.608,9295
0.609,9294
0.609,9293
0.609,9292
0.609,9291
0.609,9290
0.609,9289
0.609,9288
0.61,9287
0.61,9286
0.61,9285
0.61,9284
0.61,9283
0.61,9282
0.61,9281
0.61,9280
0.61,9279
0.611,9278
0.611,9277
0.611,9276
0.611,9275
0.611,9274
0.611,9273
0.612,9272
0.612,9271
0.612,9270
0.612,9269
0.612,9268
0.612,9267
0.612,9266
0.612,9265
0.612,9264
0.612,9263
0.612,9262
0.613,9261
0.613,9260
0.613,9259
0.613,9258
0.613,9257
0.613,9256
0.613,9255
0.613,9254
0.614,9253
0.614,9252
0.614,9251
0.614,9250
0.614,9249
0.614,9248
0.614,9247
0.614,9246
0.614,9245
0.614,9244
0.615,9243
0.615,9242
0.615,9241
0.615,9240
0.615,9239
0.615,9238
0.615,9237
0.615,9236
0.616,9235
0.616,9234
0.616,9233
0.616,9232
0.616,9231
0.617,9230
0.617,9229
0.617,9228
0.617,9227
0.617,9226
0.617,9225
0.617,9224
0.617,9223
0.617,9222
0.617,9221
0.617,9220
0.617,9219
0.618,9218
0.618,9217
0.618,9216
0.618,9215
0.618,9214
0.618,9213
0.618,9212
0.619,9211
0.619,9210
0.619,9209
0.619,9208
0.619,9207
0.619,9206
0.619,9205
0.619,9204
0.619,9203
0.62,9202
0.62,9201
0.62,9200
0.62,9199
0.62,9198
0.62,9197
0.62,9196
0.62,9195
0.62,9194
0.62,9193
0.62,9192
0.62,9191
0.62,9190
0.62,9189
0.621,9188
0.621,9187
0.621,9186
0.621,9185
0.621,9184
0.621,9183
0.622,9182
0.622,9181
0.622,9180
0.622,9179
0.622,9178
0.622,9177
0.622,9176
0.622,9175
0.622,9174
0.622,9173
0.622,9172
0.623,9171
0.623,9170
0.623,9169
0.623,9168
0.623,9167
0.623,9166
0.623,9165
0.623,9164
0.623,9163
0.623,9162
0.624,9161
0.624,9160
0.624,9159
0.624,9158
0.624,9157
0.624,9156
0.624,9155
0.624,9154
0.624,9153
0.624,9152
0.625,9151
0.625,9150
0.625,9149
0.625,9148
0.625,9147
0.625,9146
0.625,9145
0.626,9144
0.626,9143
0.626,9142
0.626,9141
0.626,9140
0.626,9139
0.626,9138
0.626,9137
0.627,9136
0.627,9135
0.627,9134
0.627,9133
0.627,9132
0.627,9131
0.627,9130
0.627,9129
0.627,9128
0.627,9127
0.628,9126
0.628,9125
0.628,9124
0.628,9123
0.628,9122
0.628,9121
0.628,9120
0.628,9119
0.628,9118
0.628,9117
0.629,9116
0.629,9115
0.629,9114
0.629,9113
0.629,9112
0.629,9111
0.629,9110
0.63,9109
0.63,9108
0.63,9107
0.63,9106
0.63,9105
0.63,9104
0.63,9103
0.63,9102
0.631,9101
0.631,9100
0.631,9099
0.631,9098
0.631,9097
0.631,9096
0.632,9095
0.632,9094
0.632,9093
0.632,9092
0.632,9091
0.632,9090
0.632,9089
0.632,9088
0.632,9087
0.633,9086
0.633,9085
0.633,9084
0.633,9083
0.633,9082
0.633,9081
0.633,9080
0.634,9079
0.634,9078
0.634,9077
0.634,9076
0.634,9075
0.634,9074
0.634,9073
0.635,9072
0.635,9071
0.635,9070
0.635,9069
0.635,9068
0.635,9067
0.635,9066
0.635,9065
0.636,9064
0.636,9063
0.636,9062
0.636,9061
0.636,9060
0.636,9059
0.636,9058
0.637,9057
0.637,9056
0.637,9055
0.637,9054
0.637,9053
0.637,9052
0.637,9051
0.637,9050
0.638,9049
0.638,9048
0.638,9047
0.638,9046
0.638,9045
0.638,9044
0.639,9043
0.639,9042
0.639,9041
0.639,9040
0.64,9039
0.64,9038
0.64,9037
0.64,9036
0.641,9035
0.641,9034
0.641,9033
0.641,9032
0.641,9031
0.641,9030
0.641,9029
0.641,9028
0.642,9027
0.642,9026
0.642,9025
0.642,9024
0.642,9023
0.642,9022
0.643,9021
0.643,9020
0.643,9019
0.643,9018
0.643,9017
0.643,9016
0.643,9015
0.643,9014
0.643,9013
0.644,9012
0.644,9011
0.644,9010
0.644,9009
0.644,9008
0.645,9007
0.645,9006
0.645,9005
0.645,9004
0.645,9003
0.645,9002
0.645,9001
0.645,9000
0.646,8999
0.646,8998
0.646,8997
0.646,8996
0.646,8995
0.646,8994
0.646,8993
0.646,8992
0.646,8991
0.646,8990
0.646,8989
0.646,8988
0.647,8987
0.647,8986
0.647,8985
0.647,8984
0.647,8983
0.647,8982
0.647,8981
0.647,8980
0.647,8979
0.647,8978
0.647,8977
0.648,8976
0.648,8975
0.648,8974
0.648,8973
0.648,8972
0.648,8971
0.648,8970
0.649,8969
0.649,8968
0.649,8967
0.649,8966
0.649,8965
0.65,8964
0.65,8963
0.65,8962
0.65,8961
0.65,8960
0.65,8959
0.65,8958
0.65,8957
0.65,8956
0.65,8955
0.651,8954
0.651,8953
0.651,8952
0.651,8951
0.651,8950
0.651,8949
0.651,8948
0.651,8947
0.651,8946
0.651,8945
0.652,8944
0.652,8943
0.652,8942
0.652,8941
0.652,8940
0.652,8939
0.652,8938
0.652,8937
0.653,8936
0.653,8935
0.653,8934
0.653,8933
0.653,8932
0.653,8931
0.653,8930
0.654,8929
0.654,8928
0.654,8927
0.654,8926
0.654,8925
0.654,8924
0.654,8923
0.654,8922
0.655,8921
0.655,8920
0.655,8919
0.655,8918
0.656,8917
0.656,8916
0.656,8915
0.656,8914
0.656,8913
0.656,8912
0.656,8911
0.656,8910
0.656,8909
0.656,8908
0.656,8907
0.657,8906
0.657,8905
0.657,8904
0.657,8903
0.657,8902
0.657,8901
0.657,8900
0.658,8899
0.658,8898
0.658,8897
0.658,8896
0.658,8895
0.658,8894
0.658,8893
0.658,8892
0.659,8891
0.659,8890
0.659,8889
0.659,8888
0.659,8887
0.659,8886
0.659,8885
0.66,8884
0.66,8883
0.66,8882
0.66,8881
0.661,8880
0.661,8879
0.661,8878
0.661,8877
0.661,8876
0.661,8875
0.661,8874
0.662,8873
0.662,8872
0.662,8871
0.662,8870
0.662,8869
0.662,8868
0.662,8867
0.662,8866
0.663,8865
0.663,8864
0.663,8863
0.663,8862
0.663,8861
0.663,8860
0.664,8859
0.664,8858
0.664,8857
0.664,8856
0.664,8855
0.664,8854
0.664,8853
0.665,8852
0.665,8851
0.665,8850
0.665,8849
0.665,8848
0.665,8847
0.665,8846
0.666,8845
0.666,8844
0.666,8843
0.666,8842
0.666,8841
0.666,8840
0.666,8839
0.667,8838
0.667,8837
0.667,8836
0.667,8835
0.667,8834
0.667,8833
0.667,8832
0.668,8831
0.668,8830
0.668,8829
0.668,8828
0.668,8827
0.669,8826
0.669,8825
0.669,8824
0.669,8823
0.669,8822
0.669,8821
0.669,8820
0.669,8819
0.67,8818
0.67,8817
0.67,8816
0.67,8815
0.671,8814
0.671,8813
0.671,8812
0.671,8811
0.671,8810
0.671,8809
0.671,8808
0.672,8807
0.672,8806
0.672,8805
0.672,8804
0.672,8803
0.672,8802
0.672,8801
0.673,8800
0.673,8799
0.673,8798
0.673,8797
0.674,8796
0.674,8795
0.674,8794
0.675,8793
0.675,8792
0.675,8791
0.675,8790
0.675,8789
0.675,8788
0.675,8787
0.676,8786
0.676,8785
0.676,8784
0.676,8783
0.677,8782
0.677,8781
0.677,8780
0.677,8779
0.677,8778
0.677,8777
0.677,8776
0.678,8775
0.678,8774
0.678,8773
0.678,8772
0.678,8771
0.678,8770
0.678,8769
0.678,8768
0.678,8767
0.679,8766
0.679,8765
0.679,8764
0.679,8763
0.679,8762
0.68,8761
0.68,8760
0.68,8759
0.68,8758
0.68,8757
0.68,8756
0.68,8755
0.68,8754
0.68,8753
0.68,8752
0.68,8751
0.68,8750
0.681,8749
0.681,8748
0.681,8747
0.681,8746
0.682,8745
0.682,8744
0.682,8743
0.682,8742
0.682,8741
0.683,8740
0.683,8739
0.683,8738
0.683,8737
0.683,8736
0.683,8735
0.684,8734
0.684,8733
0.684,8732
0.684,8731
0.684,8730
0.684,8729
0.684,8728
0.685,8727
0.685,8726
0.685,8725
0.685,8724
0.685,8723
0.685,8722
0.685,8721
0.686,8720
0.686,8719
0.686,8718
0.686,8717
0.686,8716
0.686,8715
0.686,8714
0.687,8713
0.687,8712
0.687,8711
0.687,8710
0.687,8709
0.687,8708
0.687,8707
0.687,8706
0.688,8705
0.688,8704
0.688,8703
0.688,8702
0.688,8701
0.688,8700
0.688,8699
0.689,8698
0.689,8697
0.689,8696
0.689,8695
0.689,8694
0.689,8693
0.689,8692
0.69,8691
0.69,8690
0.69,8689
0.69,8688
0.69,8687
0.69,8686
0.691,8685
0.691,8684
0.691,8683
0.691,8682
0.691,8681
0.691,8680
0.692,8679
0.692,8678
0.692,8677
0.692,8676
0.692,8675
0.692,8674
0.693,8673
0.693,8672
0.693,8671
0.693,8670
0.694,8669
0.694,8668
0.694,8667
0.694,8666
0.694,8665
0.694,8664
0.694,8663
0.694,8662
0.694,8661
0.695,8660
0.695,8659
0.695,8658
0.695,8657
0.695,8656
0.695,8655
0.695,8654
0.695,8653
0.695,8652
0.696,8651
0.696,8650
0.696,8649
0.696,8648
0.696,8647
0.696,8646
0.697,8645
0.697,8644
0.697,8643
0.697,8642
0.697,8641
0.698,8640
0.698,8639
0.698,8638
0.698,8637
0.698,8636
0.699,8635
0.699,8634
0.699,8633
0.7,8632
0.7,8631
0.7,8630
0.701,8629
0.701,8628
0.701,8627
0.701,8626
0.701,8625
0.702,8624
0.702,8623
0.702,8622
0.702,8621
0.702,8620
0.703,8619
0.703,8618
0.703,8617
0.703,8616
0.704,8615
0.704,8614
0.704,8613
0.704,8612
0.704,8611
0.704,8610
0.704,8609
0.705,8608
0.705,8607
0.705,8606
0.705,8605
0.705,8604
0.706,8603
0.706,8602
0.706,8601
0.706,8600
0.707,8599
0.707,8598
0.707,8597
0.707,8596
0.707,8595
0.708,8594
0.708,8593
0.708,8592
0.708,8591
0.708,8590
0.708,8589
0.708,8588
0.709,8587
0.709,8586
0.709,8585
0.709,8584
0.709,8583
0.709,8582
0.709,8581
0.71,8580
0.718,8579
0.718,8578
0.718,8577
0.718,8576
0.719,8575
0.719,8574
0.719,8573
0.719,8572
0.719,8571
0.719,8570
0.719,8569
0.719,8568
0.72,8567
0.72,8566
0.72,8565
0.72,8564
0.72,8563
0.72,8562
0.72,8561
0.721,8560
0.721,8559
0.721,8558
0.721,8557
0.721,8556
0.721,8555
0.721,8554
0.722,8553
0.722,8552
0.722,8551
0.722,8550
0.722,8549
0.722,8548
0.722,8547
0.722,8546
0.722,8545
0.723,8544
0.723,8543
0.723,8542
0.723,8541
0.723,8540
0.723,8539
0.723,8538
0.723,8537
0.724,8536
0.724,8535
0.724,8534
0.724,8533
0.724,8532
0.724,8531
0.725,8530
0.725,8529
0.725,8528
0.725,8527
0.726,8526
0.726,8525
0.726,8524
0.726,8523
0.726,8522
0.726,8521
0.726,8520
0.726,8519
0.726,8518
0.726,8517
0.726,8516
0.727,8515
0.727,8514
0.727,8513
0.727,8512
0.727,8511
0.727,8510
0.727,8509
0.728,8508
0.728,8507
0.728,8506
0.728,8505
0.728,8504
0.728,8503
0.728,8502
0.728,8501
0.728,8500
0.728,8499
0.728,8498
0.729,8497
0.729,8496
0.729,8495
0.729,8494
0.729,8493
0.729,8492
0.73,8491
0.73,8490
0.73,8489
0.73,8488
0.73,8487
0.73,8486
0.73,8485
0.73,8484
0.73,8483
0.731,8482
0.731,8481
0.731,8480
0.731,8479
0.731,8478
0.731,8477
0.731,8476
0.731,8475
0.732,8474
0.732,8473
0.732,8472
0.732,8471
0.732,8470
0.732,8469
0.732,8468
0.732,8467
0.732,8466
0.732,8465
0.732,8464
0.733,8463
0.733,8462
0.733,8461
0.733,8460
0.733,8459
0.733,8458
0.734,8457
0.734,8456
0.734,8455
0.734,8454
0.734,8453
0.734,8452
0.734,8451
0.735,8450
0.735,8449
0.735,8448
0.735,8447
0.735,8446
0.735,8445
0.735,8444
0.735,8443
0.736,8442
0.736,8441
0.736,8440
0.736,8439
0.736,8438
0.736,8437
0.736,8436
0.736,8435
0.736,8434
0.737,8433
0.737,8432
0.737,8431
0.737,8430
0.737,8429
0.737,8428
0.737,8427
0.738,8426
0.738,8425
0.738,8424
0.738,8423
0.738,8422
0.738,8421
0.738,8420
0.739,8419
0.739,8418
0.739,8417
0.739,8416
0.739,8415
0.739,8414
0.739,8413
0.74,8412
0.74,8411
0.74,8410
0.74,8409
0.74,8408
0.74,8407
0.74,8406
0.74,8405
0.74,8404
0.74,8403
0.741,8402
0.741,8401
0.741,8400
0.741,8399
0.741,8398
0.741,8397
0.741,8396
0.741,8395
0.742,8394
0.742,8393
0.742,8392
0.742,8391
0.742,8390
0.742,8389
0.743,8388
0.743,8387
0.743,8386
0.743,8385
0.743,8384
0.743,8383
0.743,8382
0.743,8381
0.743,8380
0.743,8379
0.744,8378
0.744,8377
0.744,8376
0.744,8375
0.744,8374
0.745,8373
0.745,8372
0.745,8371
0.745,8370
0.745,8369
0.745,8368
0.745,8367
0.745,8366
0.745,8365
0.745,8364
0.745,8363
0.746,8362
0.746,8361
0.746,8360
0.746,8359
0.746,8358
0.746,8357
0.746,8356
0.746,8355
0.746,8354
0.747,8353
0.747,8352
0.747,8351
0.747,8350
0.747,8349
0.747,8348
0.747,8347
0.747,8346
0.747,8345
0.748,8344
0.748,8343
0.748,8342
0.748,8341
0.748,8340
0.748,8339
0.748,8338
0.749,8337
0.749,8336
0.749,8335
0.749,8334
0.749,8333
0.749,8332
0.749,8331
0.749,8330
0.749,8329
0.75,8328
0.75,8327
0.75,8326
0.75,8325
0.75,8324
0.751,8323
0.751,8322
0.751,8321
0.751,8320
0.751,8319
0.751,8318
0.751,8317
0.751,8316
0.752,8315
0.752,8314
0.752,8313
0.752,8312
0.752,8311
0.752,8310
0.753,8309
0.753,8308
0.753,8307
0.753,8306
0.753,8305
0.753,8304
0.753,8303
0.753,8302
0.753,8301
0.753,8300
0.753,8299
0.754,8298
0.754,8297
0.754,8296
0.754,8295
0.754,8294
0.754,8293
0.754,8292
0.754,8291
0.755,8290
0.755,8289
0.755,8288
0.755,8287
0.755,8286
0.755,8285
0.755,8284
0.755,8283
0.755,8282
0.755,8281
0.755,8280
0.756,8279
0.756,8278
0.756,8277
0.756,8276
0.756,8275
0.757,8274
0.757,8273
0.757,8272
0.757,8271
0.757,8270
0.758,8269
0.758,8268
0.758,8267
0.758,8266
0.758,8265
0.759,8264
0.759,8263
0.759,8262
0.759,8261
0.759,8260
0.759,8259
0.759,8258
0.759,8257
0.76,8256
0.76,8255
0.76,8254
0.76,8253
0.76,8252
0.76,8251
0.76,8250
0.76,8249
0.76,8248
0.761,8247
0.761,8246
0.761,8245
0.761,8244
0.761,8243
0.761,8242
0.761,8241
0.761,8240
0.761,8239
0.761,8238
0.762,8237
0.762,8236
0.762,8235
0.762,8234
0.762,8233
0.762,8232
0.762,8231
0.762,8230
0.763,8229
0.763,8228
0.763,8227
0.763,8226
0.763,8225
0.763,8224
0.763,8223
0.764,8222
0.764,8221
0.764,8220
0.764,8219
0.764,8218
0.764,8217
0.764,8216
0.764,8215
0.764,8214
0.764,8213
0.765,8212
0.765,8211
0.765,8210
0.765,8209
0.765,8208
0.766,8207
0.766,8206
0.766,8205
0.766,8204
0.766,8203
0.766,8202
0.766,8201
0.766,8200
0.766,8199
0.766,8198
0.767,8197
0.767,8196
0.767,8195
0.767,8194
0.767,8193
0.767,8192
0.767,8191
0.767,8190
0.768,8189
0.768,8188
0.768,8187
0.768,8186
0.768,8185
0.768,8184
0.768,8183
0.769,8182
0.769,8181
0.769,8180
0.769,8179
0.769,8178
0.769,8177
0.769,8176
0.769,8175
0.769,8174
0.769,8173
0.769,8172
0.769,8171
0.77,8170
0.77,8169
0.77,8168
0.77,8167
0.77,8166
0.77,8165
0.77,8164
0.771,8163
0.771,8162
0.771,8161
0.771,8160
0.771,8159
0.771,8158
0.771,8157
0.772,8156
0.772,8155
0.772,8154
0.772,8153
0.772,8152
0.772,8151
0.773,8150
0.773,8149
0.773,8148
0.773,8147
0.773,8146
0.773,8145
0.773,8144
0.773,8143
0.773,8142
0.774,8141
0.774,8140
0.774,8139
0.774,8138
0.774,8137
0.775,8136
0.775,8135
0.775,8134
0.775,8133
0.775,8132
0.776,8131
0.776,8130
0.776,8129
0.776,8128
0.776,8127
0.776,8126
0.776,8125
0.776,8124
0.777,8123
0.777,8122
0.777,8121
0.777,8120
0.777,8119
0.777,8118
0.777,8117
0.778,8116
0.778,8115
0.778,8114
0.778,8113
0.778,8112
0.778,8111
0.778,8110
0.778,8109
0.778,8108
0.778,8107
0.778,8106
0.778,8105
0.779,8104
0.779,8103
0.779,8102
0.779,8101
0.779,8100
0.779,8099
0.779,8098
0.779,8097
0.779,8096
0.779,8095
0.78,8094
0.78,8093
0.78,8092
0.78,8091
0.781,8090
0.781,8089
0.781,8088
0.781,8087
0.781,8086
0.781,8085
0.781,8084
0.781,8083
0.782,8082
0.782,8081
0.782,8080
0.782,8079
0.782,8078
0.782,8077
0.782,8076
0.782,8075
0.782,8074
0.783,8073
0.783,8072
0.783,8071
0.783,8070
0.783,8069
0.783,8068
0.783,8067
0.783,8066
0.784,8065
0.784,8064
0.784,8063
0.784,8062
0.784,8061
0.784,8060
0.785,8059
0.785,8058
0.785,8057
0.785,8056
0.785,8055
0.785,8054
0.785,8053
0.785,8052
0.785,8051
0.785,8050
0.785,8049
0.786,8048
0.786,8047
0.786,8046
0.786,8045
0.786,8044
0.786,8043
0.786,8042
0.786,8041
0.786,8040
0.787,8039
0.787,8038
0.787,8037
0.787,8036
0.787,8035
0.787,8034
0.787,8033
0.788,8032
0.788,8031
0.788,8030
0.788,8029
0.788,8028
0.789,8027
0.789,8026
0.789,8025
0.789,8024
0.789,8023
0.789,8022
0.789,8021
0.789,8020
0.79,8019
0.79,8018
0.79,8017
0.79,8016
0.79,8015
0.79,8014
0.79,8013
0.79,8012
0.791,8011
0.791,8010
0.791,8009
0.791,8008
0.791,8007
0.791,8006
0.791,8005
0.791,8004
0.791,8003
0.791,8002
0.791,8001
0.791,8000
0.791,7999
0.792,7998
0.792,7997
0.792,7996
0.792,7995
0.792,7994
0.792,7993
0.792,7992
0.792,7991
0.792,7990
0.793,7989
0.793,7988
0.793,7987
0.793,7986
0.793,7985
0.793,7984
0.793,7983
0.793,7982
0.794,7981
0.794,7980
0.794,7979
0.794,7978
0.794,7977
0.794,7976
0.794,7975
0.794,7974
0.795,7973
0.795,7972
0.795,7971
0.795,7970
0.795,7969
0.795,7968
0.795,7967
0.796,7966
0.796,7965
0.796,7964
0.796,7963
0.796,7962
0.796,7961
0.797,7960
0.797,7959
0.797,7958
0.797,7957
0.797,7956
0.797,7955
0.797,7954
0.797,7953
0.797,7952
0.797,7951
0.797,7950
0.798,7949
0.798,7948
0.798,7947
0.798,7946
0.798,7945
0.798,7944
0.798,7943
0.799,7942
0.799,7941
0.799,7940
0.799,7939
0.799,7938
0.799,7937
0.799,7936
0.799,7935
0.799,7934
0.799,7933
0.8,7932
0.8,7931
0.8,7930
0.8,7929
0.8,7928
0.8,7927
0.8,7926
0.8,7925
0.8,7924
0.8,7923
0.801,7922
0.801,7921
0.801,7920
0.801,7919
0.801,7918
0.801,7917
0.801,7916
0.801,7915
0.801,7914
0.802,7913
0.802,7912
0.802,7911
0.802,7910
0.802,7909
0.802,7908
0.803,7907
0.803,7906
0.803,7905
0.803,7904
0.803,7903
0.803,7902
0.803,7901
0.803,7900
0.803,7899
0.804,7898
0.804,7897
0.804,7896
0.804,7895
0.804,7894
0.805,7893
0.805,7892
0.805,7891
0.805,7890
0.805,7889
0.805,7888
0.806,7887
0.806,7886
0.806,7885
0.806,7884
0.806,7883
0.806,7882
0.806,7881
0.806,7880
0.806,7879
0.806,7878
0.807,7877
0.807,7876
0.807,7875
0.807,7874
0.807,7873
0.807,7872
0.807,7871
0.807,7870
0.808,7869
0.808,7868
0.808,7867
0.808,7866
0.808,7865
0.808,7864
0.808,7863
0.809,7862
0.809,7861
0.809,7860
0.809,7859
0.809,7858
0.81,7857
0.81,7856
0.81,7855
0.81,7854
0.81,7853
0.81,7852
0.81,7851
0.811,7850
0.811,7849
0.811,7848
0.811,7847
0.811,7846
0.811,7845
0.812,7844
0.812,7843
0.812,7842
0.812,7841
0.812,7840
0.812,7839
0.812,7838
0.812,7837
0.812,7836
0.813,7835
0.813,7834
0.813,7833
0.813,7832
0.813,7831
0.813,7830
0.813,7829
0.813,7828
0.814,7827
0.814,7826
0.814,7825
0.815,7824
0.815,7823
0.815,7822
0.815,7821
0.815,7820
0.815,7819
0.815,7818
0.816,7817
0.816,7816
0.816,7815
0.816,7814
0.816,7813
0.817,7812
0.817,7811
0.817,7810
0.817,7809
0.817,7808
0.817,7807
0.817,7806
0.817,7805
0.817,7804
0.818,7803
0.818,7802
0.818,7801
0.818,7800
0.818,7799
0.818,7798
0.818,7797
0.819,7796
0.819,7795
0.819,7794
0.819,7793
0.82,7792
0.82,7791
0.82,7790
0.82,7789
0.82,7788
0.82,7787
0.82,7786
0.82,7785
0.821,7784
0.821,7783
0.821,7782
0.821,7781
0.821,7780
0.821,7779
0.821,7778
0.821,7777
0.821,7776
0.822,7775
0.822,7774
0.822,7773
0.822,7772
0.822,7771
0.822,7770
0.822,7769
0.822,7768
0.823,7767
0.823,7766
0.823,7765
0.823,7764
0.823,7763
0.823,7762
0.823,7761
0.823,7760
0.823,7759
0.823,7758
0.824,7757
0.824,7756
0.824,7755
0.824,7754
0.824,7753
0.824,7752
0.824,7751
0.824,7750
0.825,7749
0.825,7748
0.825,7747
0.825,7746
0.825,7745
0.825,7744
0.825,7743
0.825,7742
0.826,7741
0.826,7740
0.826,7739
0.826,7738
0.827,7737
0.827,7736
0.827,7735
0.827,7734
0.827,7733
0.827,7732
0.828,7731
0.828,7730
0.828,7729
0.828,7728
0.828,7727
0.828,7726
0.829,7725
0.829,7724
0.829,7723
0.829,7722
0.829,7721
0.829,7720
0.829,7719
0.829,7718
0.83,7717
0.83,7716
0.83,7715
0.83,7714
0.83,7713
0.83,7712
0.83,7711
0.831,7710
0.831,7709
0.831,7708
0.831,7707
0.831,7706
0.831,7705
0.832,7704
0.832,7703
0.832,7702
0.832,7701
0.832,7700
0.832,7699
0.832,7698
0.833,7697
0.833,7696
0.833,7695
0.833,7694
0.833,7693
0.833,7692
0.833,7691
0.834,7690
0.834,7689
0.834,7688
0.834,7687
0.834,7686
0.834,7685
0.834,7684
0.834,7683
0.835,7682
0.835,7681
0.835,7680
0.835,7679
0.835,7678
0.835,7677
0.835,7676
0.835,7675
0.835,7674
0.836,7673
0.836,7672
0.836,7671
0.836,7670
0.836,7669
0.836,7668
0.837,7667
0.837,7666
0.837,7665
0.837,7664
0.837,7663
0.837,7662
0.837,7661
0.837,7660
0.837,7659
0.838,7658
0.838,7657
0.838,7656
0.838,7655
0.838,7654
0.838,7653
0.838,7652
0.838,7651
0.838,7650
0.838,7649
0.839,7648
0.839,7647
0.839,7646
0.839,7645
0.839,7644
0.839,7643
0.839,7642
0.84,7641
0.84,7640
0.84,7639
0.84,7638
0.84,7637
0.84,7636
0.84,7635
0.84,7634
0.84,7633
0.84,7632
0.841,7631
0.841,7630
0.841,7629
0.841,7628
0.841,7627
0.841,7626
0.842,7625
0.842,7624
0.842,7623
0.842,7622
0.842,7621
0.842,7620
0.842,7619
0.843,7618
0.843,7617
0.843,7616
0.843,7615
0.843,7614
0.843,7613
0.843,7612
0.843,7611
0.844,7610
0.844,7609
0.844,7608
0.844,7607
0.844,7606
0.844,7605
0.844,7604
0.845,7603
0.845,7602
0.845,7601
0.845,7600
0.845,7599
0.845,7598
0.845,7597
0.845,7596
0.846,7595
0.846,7594
0.846,7593
0.846,7592
0.846,7591
0.846,7590
0.846,7589
0.846,7588
0.847,7587
0.847,7586
0.847,7585
0.847,7584
0.847,7583
0.847,7582
0.847,7581
0.847,7580
0.848,7579
0.848,7578
0.848,7577
0.848,7576
0.848,7575
0.848,7574
0.848,7573
0.848,7572
0.848,7571
0.848,7570
0.848,7569
0.849,7568
0.849,7567
0.849,7566
0.849,7565
0.849,7564
0.849,7563
0.85,7562
0.85,7561
0.85,7560
0.85,7559
0.85,7558
0.85,7557
0.85,7556
0.851,7555
0.851,7554
0.851,7553
0.851,7552
0.851,7551
0.852,7550
0.852,7549
0.852,7548
0.852,7547
0.852,7546
0.852,7545
0.852,7544
0.852,7543
0.852,7542
0.853,7541
0.853,7540
0.853,7539
0.853,7538
0.853,7537
0.853,7536
0.853,7535
0.854,7534
0.854,7533
0.854,7532
0.854,7531
0.855,7530
0.855,7529
0.855,7528
0.855,7527
0.855,7526
0.856,7525
0.856,7524
0.856,7523
0.856,7522
0.856,7521
0.856,7520
0.856,7519
0.856,7518
0.857,7517
0.857,7516
0.857,7515
0.857,7514
0.858,7513
0.858,7512
0.858,7511
0.858,7510
0.858,7509
0.859,7508
0.859,7507
0.859,7506
0.859,7505
0.859,7504
0.859,7503
0.86,7502
0.86,7501
0.86,7500
0.86,7499
0.86,7498
0.861,7497
0.861,7496
0.861,7495
0.861,7494
0.861,7493
0.861,7492
0.861,7491
0.861,7490
0.862,7489
0.862,7488
0.862,7487
0.862,7486
0.862,7485
0.862,7484
0.863,7483
0.863,7482
0.863,7481
0.863,7480
0.863,7479
0.863,7478
0.863,7477
0.864,7476
0.864,7475
0.864,7474
0.864,7473
0.864,7472
0.864,7471
0.864,7470
0.864,7469
0.864,7468
0.864,7467
0.864,7466
0.865,7465
0.865,7464
0.865,7463
0.866,7462
0.866,7461
0.866,7460
0.867,7459
0.867,7458
0.867,7457
0.867,7456
0.867,7455
0.867,7454
0.867,7453
0.867,7452
0.867,7451
0.867,7450
0.867,7449
0.867,7448
0.868,7447
0.868,7446
0.868,7445
0.868,7444
0.868,7443
0.868,7442
0.868,7441
0.868,7440
0.869,7439
0.869,7438
0.869,7437
0.869,7436
0.869,7435
0.869,7434
0.869,7433
0.869,7432
0.869,7431
0.869,7430
0.869,7429
0.869,7428
0.87,7427
0.87,7426
0.87,7425
0.87,7424
0.87,7423
0.87,7422
0.871,7421
0.871,7420
0.871,7419
0.871,7418
0.871,7417
0.871,7416
0.871,7415
0.871,7414
0.871,7413
0.872,7412
0.872,7411
0.872,7410
0.872,7409
0.873,7408
0.873,7407
0.874,7406
0.874,7405
0.874,7404
0.874,7403
0.874,7402
0.875,7401
0.875,7400
0.875,7399
0.875,7398
0.875,7397
0.875,7396
0.875,7395
0.876,7394
0.876,7393
0.876,7392
0.876,7391
0.876,7390
0.877,7389
0.877,7388
0.877,7387
0.877,7386
0.877,7385
0.877,7384
0.878,7383
0.878,7382
0.878,7381
0.878,7380
0.878,7379
0.878,7378
0.878,7377
0.878,7376
0.878,7375
0.879,7374
0.879,7373
0.879,7372
0.879,7371
0.879,7370
0.879,7369
0.879,7368
0.879,7367
0.879,7366
0.879,7365
0.88,7364
0.88,7363
0.88,7362
0.88,7361
0.88,7360
0.88,7359
0.88,7358
0.881,7357
0.881,7356
0.881,7355
0.881,7354
0.881,7353
0.881,7352
0.881,7351
0.881,7350
0.881,7349
0.881,7348
0.881,7347
0.882,7346
0.882,7345
0.882,7344
0.882,7343
0.882,7342
0.882,7341
0.882,7340
0.883,7339
0.883,7338
0.883,7337
0.883,7336
0.883,7335
0.884,7334
0.884,7333
0.884,7332
0.884,7331
0.884,7330
0.884,7329
0.885,7328
0.885,7327
0.885,7326
0.885,7325
0.885,7324
0.885,7323
0.885,7322
0.886,7321
0.886,7320
0.886,7319
0.886,7318
0.886,7317
0.886,7316
0.886,7315
0.886,7314
0.886,7313
0.887,7312
0.887,7311
0.887,7310
0.887,7309
0.887,7308
0.887,7307
0.887,7306
0.888,7305
0.888,7304
0.888,7303
0.888,7302
0.888,7301
0.888,7300
0.888,7299
0.889,7298
0.889,7297
0.889,7296
0.889,7295
0.89,7294
0.89,7293
0.89,7292
0.89,7291
0.89,7290
0.89,7289
0.891,7288
0.891,7287
0.891,7286
0.891,7285
0.891,7284
0.891,7283
0.892,7282
0.892,7281
0.892,7280
0.892,7279
0.892,7278
0.892,7277
0.892,7276
0.892,7275
0.892,7274
0.892,7273
0.893,7272
0.893,7271
0.893,7270
0.893,7269
0.893,7268
0.893,7267
0.893,7266
0.894,7265
0.894,7264
0.894,7263
0.894,7262
0.894,7261
0.895,7260
0.895,7259
0.895,7258
0.895,7257
0.895,7256
0.895,7255
0.895,7254
0.895,7253
0.896,7252
0.896,7251
0.896,7250
0.896,7249
0.896,7248
0.897,7247
0.897,7246
0.897,7245
0.897,7244
0.897,7243
0.898,7242
0.898,7241
0.898,7240
0.898,7239
0.898,7238
0.898,7237
0.898,7236
0.898,7235
0.899,7234
0.899,7233
0.899,7232
0.899,7231
0.9,7230
0.9,7229
0.9,7228
0.901,7227
0.901,7226
0.901,7225
0.901,7224
0.901,7223
0.901,7222
0.901,7221
0.901,7220
0.901,7219
0.902,7218
0.902,7217
0.902,7216
0.902,7215
0.902,7214
0.902,7213
0.903,7212
0.903,7211
0.903,7210
0.904,7209
0.904,7208
0.904,7207
0.904,7206
0.904,7205
0.904,7204
0.904,7203
0.904,7202
0.905,7201
0.905,7200
0.905,7199
0.905,7198
0.905,7197
0.905,7196
0.905,7195
0.905,7194
0.906,7193
0.906,7192
0.906,7191
0.906,7190
0.906,7189
0.907,7188
0.907,7187
0.907,7186
0.907,7185
0.907,7184
0.907,7183
0.907,7182
0.907,7181
0.908,7180
0.908,7179
0.908,7178
0.908,7177
0.908,7176
0.908,7175
0.909,7174
0.909,7173
0.909,7172
0.909,7171
0.909,7170
0.909,7169
0.91,7168
0.91,7167
0.91,7166
0.91,7165
0.91,7164
0.91,7163
0.91,7162
0.91,7161
0.91,7160
0.91,7159
0.911,7158
0.911,7157
0.911,7156
0.911,7155
0.911,7154
0.911,7153
0.911,7152
0.911,7151
0.911,7150
0.911,7149
0.912,7148
0.912,7147
0.912,7146
0.912,7145
0.913,7144
0.913,7143
0.913,7142
0.913,7141
0.913,7140
0.913,7139
0.913,7138
0.914,7137
0.914,7136
0.914,7135
0.914,7134
0.915,7133
0.915,7132
0.915,7131
0.915,7130
0.915,7129
0.915,7128
0.924,7127
0.924,7126
0.924,7125
0.924,7124
0.925,7123
0.925,7122
0.925,7121
0.925,7120
0.925,7119
0.925,7118
0.925,7117
0.926,7116
0.926,7115
0.926,7114
0.927,7113
0.927,7112
0.927,7111
0.927,7110
0.927,7109
0.928,7108
0.928,7107
0.928,7106
0.928,7105
0.928,7104
0.928,7103
0.928,7102
0.928,7101
0.928,7100
0.929,7099
0.929,7098
0.929,7097
0.929,7096
0.929,7095
0.93,7094
0.93,7093
0.93,7092
0.93,7091
0.93,7090
0.93,7089
0.93,7088
0.931,7087
0.931,7086
0.931,7085
0.931,7084
0.931,7083
0.931,7082
0.931,7081
0.932,7080
0.932,7079
0.932,7078
0.932,7077
0.932,7076
0.932,7075
0.932,7074
0.932,7073
0.932,7072
0.933,7071
0.933,7070
0.933,7069
0.933,7068
0.933,7067
0.933,7066
0.933,7065
0.933,7064
0.934,7063
0.934,7062
0.934,7061
0.934,7060
0.935,7059
0.935,7058
0.935,7057
0.936,7056
0.936,7055
0.936,7054
0.936,7053
0.936,7052
0.936,7051
0.936,7050
0.937,7049
0.937,7048
0.937,7047
0.937,7046
0.937,7045
0.937,7044
0.937,7043
0.937,7042
0.938,7041
0.938,7040
0.938,7039
0.938,7038
0.938,7037
0.938,7036
0.939,7035
0.939,7034
0.939,7033
0.939,7032
0.939,7031
0.939,7030
0.94,7029
0.94,7028
0.941,7027
0.941,7026
0.941,7025
0.942,7024
0.942,7023
0.942,7022
0.942,7021
0.942,7020
0.943,7019
0.943,7018
0.943,7017
0.943,7016
0.944,7015
0.944,7014
0.944,7013
0.944,7012
0.944,7011
0.945,7010
0.945,7009
0.945,7008
0.945,7007
0.945,7006
0.945,7005
0.946,7004
0.946,7003
0.946,7002
0.946,7001
0.946,7000
0.947,6999
0.947,6998
0.948,6997
0.948,6996
0.948,6995
0.948,6994
0.948,6993
0.949,6992
0.949,6991
0.949,6990
0.949,6989
0.95,6988
0.95,6987
0.95,6986
0.95,6985
0.951,6984
0.951,6983
0.951,6982
0.952,6981
0.952,6980
0.952,6979
0.952,6978
0.952,6977
0.952,6976
0.952,6975
0.952,6974
0.952,6973
0.953,6972
0.953,6971
0.954,6970
0.954,6969
0.954,6968
0.954,6967
0.954,6966
0.955,6965
0.955,6964
0.955,6963
0.955,6962
0.955,6961
0.955,6960
0.956,6959
0.956,6958
0.956,6957
0.956,6956
0.956,6955
0.956,6954
0.956,6953
0.956,6952
0.957,6951
0.957,6950
0.957,6949
0.957,6948
0.957,6947
0.957,6946
0.957,6945
0.957,6944
0.958,6943
0.958,6942
0.958,6941
0.958,6940
0.959,6939
0.959,6938
0.959,6937
0.959,6936
0.959,6935
0.96,6934
0.96,6933
0.96,6932
0.96,6931
0.96,6930
0.96,6929
0.961,6928
0.961,6927
0.961,6926
0.961,6925
0.961,6924
0.962,6923
0.962,6922
0.962,6921
0.962,6920
0.962,6919
0.962,6918
0.962,6917
0.963,6916
0.963,6915
0.963,6914
0.963,6913
0.963,6912
0.963,6911
0.964,6910
0.964,6909
0.964,6908
0.964,6907
0.964,6906
0.965,6905
0.965,6904
0.965,6903
0.965,6902
0.965,6901
0.965,6900
0.966,6899
0.966,6898
0.966,6897
0.966,6896
0.966,6895
0.966,6894
0.967,6893
0.967,6892
0.967,6891
0.967,6890
0.967,6889
0.967,6888
0.968,6887
0.968,6886
0.968,6885
0.968,6884
0.968,6883
0.968,6882
0.968,6881
0.968,6880
0.969,6879
0.969,6878
0.969,6877
0.969,6876
0.97,6875
0.97,6874
0.97,6873
0.97,6872
0.97,6871
0.97,6870
0.971,6869
0.971,6868
0.971,6867
0.971,6866
0.971,6865
0.971,6864
0.972,6863
0.972,6862
0.972,6861
0.972,6860
0.972,6859
0.972,6858
0.973,6857
0.973,6856
0.973,6855
0.973,6854
0.973,6853
0.973,6852
0.973,6851
0.973,6850
0.973,6849
0.974,6848
0.974,6847
0.974,6846
0.974,6845
0.974,6844
0.974,6843
0.974,6842
0.974,6841
0.975,6840
0.975,6839
0.975,6838
0.975,6837
0.975,6836
0.975,6835
0.975,6834
0.975,6833
0.975,6832
0.975,6831
0.976,6830
0.976,6829
0.976,6828
0.977,6827
0.977,6826
0.977,6825
0.977,6824
0.977,6823
0.977,6822
0.977,6821
0.978,6820
0.978,6819
0.978,6818
0.978,6817
0.978,6816
0.978,6815
0.978,6814
0.979,6813
0.979,6812
0.979,6811
0.979,6810
0.979,6809
0.979,6808
0.979,6807
0.98,6806
0.98,6805
0.98,6804
0.98,6803
0.981,6802
0.981,6801
0.981,6800
0.981,6799
0.981,6798
0.981,6797
0.981,6796
0.982,6795
0.982,6794
0.982,6793
0.983,6792
0.983,6791
0.983,6790
0.983,6789
0.983,6788
0.984,6787
0.984,6786
0.984,6785
0.984,6784
0.985,6783
0.985,6782
0.985,6781
0.985,6780
0.986,6779
0.986,6778
0.986,6777
0.986,6776
0.986,6775
0.986,6774
0.987,6773
0.987,6772
0.987,6771
0.987,6770
0.987,6769
0.987,6768
0.988,6767
0.988,6766
0.988,6765
0.988,6764
0.988,6763
0.988,6762
0.988,6761
0.988,6760
0.988,6759
0.989,6758
0.989,6757
0.989,6756
0.989,6755
0.989,6754
0.989,6753
0.989,6752
0.99,6751
0.99,6750
0.99,6749
0.99,6748
0.99,6747
0.99,6746
0.99,6745
0.991,6744
0.991,6743
0.991,6742
0.991,6741
0.991,6740
0.991,6739
0.992,6738
0.992,6737
0.992,6736
0.992,6735
0.992,6734
0.992,6733
0.993,6732
0.993,6731
0.993,6730
0.993,6729
0.993,6728
0.994,6727
0.994,6726
0.995,6725
0.995,6724
0.995,6723
0.996,6722
0.996,6721
0.996,6720
0.996,6719
0.996,6718
0.996,6717
0.997,6716
0.997,6715
0.997,6714
0.998,6713
0.998,6712
0.998,6711
0.998,6710
0.998,6709
0.999,6708
0.999,6707
0.999,6706
0.999,6705
0.999,6704
0.999,6703
1.0,6702
1.0,6701
1.001,6700
1.001,6699
1.001,6698
1.001,6697
1.001,6696
1.001,6695
1.002,6694
1.002,6693
1.002,6692
1.002,6691
1.003,6690
1.003,6689
1.003,6688
1.003,6687
1.003,6686
1.003,6685
1.003,6684
1.004,6683
1.004,6682
1.004,6681
1.004,6680
1.004,6679
1.005,6678
1.005,6677
1.005,6676
1.005,6675
1.005,6674
1.005,6673
1.006,6672
1.006,6671
1.006,6670
1.006,6669
1.006,6668
1.007,6667
1.007,6666
1.007,6665
1.007,6664
1.007,6663
1.008,6662
1.008,6661
1.008,6660
1.008,6659
1.008,6658
1.009,6657
1.009,6656
1.01,6655
1.01,6654
1.01,6653
1.01,6652
1.01,6651
1.01,6650
1.01,6649
1.01,6648
1.01,6647
1.01,6646
1.01,6645
1.011,6644
1.011,6643
1.011,6642
1.011,6641
1.012,6640
1.012,6639
1.012,6638
1.012,6637
1.012,6636
1.012,6635
1.013,6634
1.013,6633
1.013,6632
1.013,6631
1.013,6630
1.013,6629
1.013,6628
1.013,6627
1.014,6626
1.014,6625
1.014,6624
1.014,6623
1.014,6622
1.015,6621
1.015,6620
1.015,6619
1.016,6618
1.016,6617
1.016,6616
1.016,6615
1.016,6614
1.016,6613
1.017,6612
1.017,6611
1.017,6610
1.018,6609
1.018,6608
1.018,6607
1.018,6606
1.018,6605
1.018,6604
1.018,6603
1.018,6602
1.019,6601
1.019,6600
1.019,6599
1.02,6598
1.02,6597
1.02,6596
1.02,6595
1.02,6594
1.02,6593
1.021,6592
1.021,6591
1.021,6590
1.021,6589
1.021,6588
1.022,6587
1.022,6586
1.022,6585
1.023,6584
1.023,6583
1.023,6582
1.023,6581
1.023,6580
1.024,6579
1.024,6578
1.024,6577
1.024,6576
1.024,6575
1.025,6574
1.025,6573
1.025,6572
1.025,6571
1.025,6570
1.026,6569
1.027,6568
1.027,6567
1.027,6566
1.027,6565
1.027,6564
1.027,6563
1.028,6562
1.028,6561
1.028,6560
1.028,6559
1.028,6558
1.028,6557
1.028,6556
1.028,6555
1.028,6554
1.029,6553
1.029,6552
1.029,6551
1.029,6550
1.029,6549
1.029,6548
1.03,6547
1.03,6546
1.03,6545
1.03,6544
1.03,6543
1.03,6542
1.03,6541
1.03,6540
1.03,6539
1.03,6538
1.031,6537
1.031,6536
1.031,6535
1.031,6534
1.031,6533
1.031,6532
1.032,6531
1.032,6530
1.032,6529
1.032,6528
1.032,6527
1.033,6526
1.033,6525
1.033,6524
1.033,6523
1.033,6522
1.033,6521
1.034,6520
1.034,6519
1.034,6518
1.034,6517
1.034,6516
1.035,6515
1.035,6514
1.035,6513
1.035,6512
1.036,6511
1.036,6510
1.036,6509
1.036,6508
1.036,6507
1.036,6506
1.036,6505
1.036,6504
1.036,6503
1.036,6502
1.037,6501
1.037,6500
1.037,6499
1.037,6498
1.037,6497
1.038,6496
1.038,6495
1.038,6494
1.038,6493
1.038,6492
1.038,6491
1.038,6490
1.038,6489
1.038,6488
1.038,6487
1.039,6486
1.039,6485
1.039,6484
1.039,6483
1.04,6482
1.04,6481
1.04,6480
1.04,6479
1.04,6478
1.04,6477
1.04,6476
1.04,6475
1.041,6474
1.041,6473
1.041,6472
1.041,6471
1.041,6470
1.041,6469
1.042,6468
1.042,6467
1.042,6466
1.042,6465
1.043,6464
1.043,6463
1.043,6462
1.043,6461
1.043,6460
1.043,6459
1.043,6458
1.044,6457
1.044,6456
1.044,6455
1.044,6454
1.044,6453
1.044,6452
1.044,6451
1.044,6450
1.045,6449
1.045,6448
1.045,6447
1.045,6446
1.045,6445
1.045,6444
1.046,6443
1.046,6442
1.046,6441
1.046,6440
1.046,6439
1.046,6438
1.047,6437
1.047,6436
1.047,6435
1.047,6434
1.047,6433
1.047,6432
1.047,6431
1.048,6430
1.048,6429
1.048,6428
1.048,6427
1.048,6426
1.048,6425
1.048,6424
1.049,6423
1.049,6422
1.049,6421
1.049,6420
1.049,6419
1.049,6418
1.05,6417
1.05,6416
1.05,6415
1.05,6414
1.05,6413
1.05,6412
1.051,6411
1.051,6410
1.051,6409
1.051,6408
1.051,6407
1.051,6406
1.052,6405
1.052,6404
1.052,6403
1.052,6402
1.052,6401
1.053,6400
1.053,6399
1.053,6398
1.053,6397
1.054,6396
1.054,6395
1.054,6394
1.054,6393
1.054,6392
1.054,6391
1.054,6390
1.054,6389
1.055,6388
1.055,6387
1.055,6386
1.055,6385
1.055,6384
1.055,6383
1.055,6382
1.056,6381
1.056,6380
1.056,6379
1.056,6378
1.056,6377
1.056,6376
1.056,6375
1.057,6374
1.057,6373
1.058,6372
1.058,6371
1.058,6370
1.058,6369
1.058,6368
1.059,6367
1.059,6366
1.059,6365
1.059,6364
1.059,6363
1.06,6362
1.06,6361
1.06,6360
1.06,6359
1.06,6358
1.06,6357
1.061,6356
1.061,6355
1.061,6354
1.061,6353
1.061,6352
1.061,6351
1.061,6350
1.061,6349
1.061,6348
1.062,6347
1.062,6346
1.062,6345
1.062,6344
1.062,6343
1.062,6342
1.062,6341
1.062,6340
1.062,6339
1.063,6338
1.063,6337
1.063,6336
1.063,6335
1.063,6334
1.063,6333
1.063,6332
1.064,6331
1.064,6330
1.064,6329
1.064,6328
1.064,6327
1.064,6326
1.065,6325
1.065,6324
1.065,6323
1.065,6322
1.065,6321
1.065,6320
1.065,6319
1.066,6318
1.067,6317
1.067,6316
1.067,6315
1.067,6314
1.068,6313
1.068,6312
1.068,6311
1.068,6310
1.068,6309
1.068,6308
1.069,6307
1.069,6306
1.069,6305
1.069,6304
1.069,6303
1.07,6302
1.07,6301
1.07,6300
1.07,6299
1.07,6298
1.07,6297
1.071,6296
1.071,6295
1.071,6294
1.071,6293
1.071,6292
1.071,6291
1.071,6290
1.072,6289
1.072,6288
1.072,6287
1.072,6286
1.072,6285
1.072,6284
1.072,6283
1.073,6282
1.073,6281
1.073,6280
1.073,6279
1.073,6278
1.073,6277
1.073,6276
1.073,6275
1.074,6274
1.074,6273
1.074,6272
1.074,6271
1.074,6270
1.074,6269
1.075,6268
1.075,6267
1.075,6266
1.075,6265
1.076,6264
1.076,6263
1.076,6262
1.076,6261
1.076,6260
1.077,6259
1.077,6258
1.077,6257
1.077,6256
1.077,6255
1.077,6254
1.078,6253
1.078,6252
1.078,6251
1.078,6250
1.079,6249
1.08,6248
1.08,6247
1.08,6246
1.08,6245
1.08,6244
1.08,6243
1.08,6242
1.08,6241
1.081,6240
1.081,6239
1.081,6238
1.081,6237
1.081,6236
1.082,6235
1.082,6234
1.082,6233
1.083,6232
1.083,6231
1.083,6230
1.083,6229
1.083,6228
1.083,6227
1.084,6226
1.084,6225
1.084,6224
1.084,6223
1.084,6222
1.084,6221
1.084,6220
1.084,6219
1.084,6218
1.085,6217
1.085,6216
1.085,6215
1.085,6214
1.085,6213
1.085,6212
1.086,6211
1.086,6210
1.086,6209
1.086,6208
1.086,6207
1.087,6206
1.087,6205
1.087,6204
1.087,6203
1.087,6202
1.087,6201
1.087,6200
1.087,6199
1.087,6198
1.088,6197
1.088,6196
1.088,6195
1.088,6194
1.088,6193
1.089,6192
1.089,6191
1.089,6190
1.089,6189
1.089,6188
1.089,6187
1.089,6186
1.089,6185
1.09,6184
1.09,6183
1.09,6182
1.09,6181
1.09,6180
1.09,6179
1.091,6178
1.091,6177
1.091,6176
1.091,6175
1.091,6174
1.091,6173
1.091,6172
1.091,6171
1.092,6170
1.092,6169
1.092,6168
1.093,6167
1.093,6166
1.093,6165
1.093,6164
1.093,6163
1.093,6162
1.093,6161
1.094,6160
1.094,6159
1.094,6158
1.094,6157
1.094,6156
1.094,6155
1.095,6154
1.095,6153
1.095,6152
1.095,6151
1.095,6150
1.095,6149
1.095,6148
1.096,6147
1.096,6146
1.097,6145
1.097,6144
1.097,6143
1.097,6142
1.098,6141
1.098,6140
1.098,6139
1.098,6138
1.098,6137
1.099,6136
1.099,6135
1.099,6134
1.099,6133
1.099,6132
1.099,6131
1.1,6130
1.1,6129
1.1,6128
1.1,6127
1.101,6126
1.101,6125
1.101,6124
1.101,6123
1.101,6122
1.102,6121
1.102,6120
1.102,6119
1.102,6118
1.102,6117
1.102,6116
1.103,6115
1.103,6114
1.104,6113
1.104,6112
1.104,6111
1.104,6110
1.104,6109
1.105,6108
1.105,6107
1.105,6106
1.105,6105
1.105,6104
1.106,6103
1.106,6102
1.106,6101
1.106,6100
1.107,6099
1.107,6098
1.107,6097
1.107,6096
1.107,6095
1.108,6094
1.108,6093
1.108,6092
1.108,6091
1.108,6090
1.108,6089
1.109,6088
1.109,6087
1.109,6086
1.11,6085
1.11,6084
1.11,6083
1.11,6082
1.11,6081
1.11,6080
1.111,6079
1.111,6078
1.111,6077
1.112,6076
1.112,6075
1.112,6074
1.113,6073
1.113,6072
1.113,6071
1.113,6070
1.113,6069
1.114,6068
1.114,6067
1.115,6066
1.115,6065
1.115,6064
1.115,6063
1.116,6062
1.116,6061
1.116,6060
1.116,6059
1.116,6058
1.117,6057
1.117,6056
1.117,6055
1.117,6054
1.118,6053
1.118,6052
1.118,6051
1.118,6050
1.118,6049
1.118,6048
1.118,6047
1.119,6046
1.119,6045
1.119,6044
1.119,6043
1.119,6042
1.12,6041
1.12,6040
1.12,6039
1.12,6038
1.121,6037
1.121,6036
1.121,6035
1.121,6034
1.121,6033
1.121,6032
1.121,6031
1.122,6030
1.122,6029
1.122,6028
1.122,6027
1.123,6026
1.123,6025
1.123,6024
1.124,6023
1.124,6022
1.124,6021
1.124,6020
1.124,6019
1.125,6018
1.125,6017
1.125,6016
1.125,6015
1.125,6014
1.125,6013
1.125,6012
1.125,6011
1.125,6010
1.126,6009
1.126,6008
1.126,6007
1.126,6006
1.126,6005
1.126,6004
1.127,6003
1.127,6002
1.127,6001
1.127,6000
1.127,5999
1.127,5998
1.127,5997
1.128,5996
1.128,5995
1.128,5994
1.128,5993
1.129,5992
1.129,5991
1.13,5990
1.13,5989
1.13,5988
1.13,5987
1.13,5986
1.131,5985
1.131,5984
1.131,5983
1.131,5982
1.132,5981
1.132,5980
1.132,5979
1.132,5978
1.132,5977
1.132,5976
1.132,5975
1.133,5974
1.133,5973
1.134,5972
1.134,5971
1.134,5970
1.134,5969
1.134,5968
1.135,5967
1.135,5966
1.135,5965
1.135,5964
1.135,5963
1.135,5962
1.135,5961
1.136,5960
1.136,5959
1.136,5958
1.137,5957
1.137,5956
1.137,5955
1.137,5954
1.137,5953
1.138,5952
1.138,5951
1.138,5950
1.139,5949
1.139,5948
1.139,5947
1.14,5946
1.14,5945
1.14,5944
1.14,5943
1.14,5942
1.141,5941
1.141,5940
1.141,5939
1.141,5938
1.141,5937
1.141,5936
1.141,5935
1.141,5934
1.142,5933
1.142,5932
1.142,5931
1.142,5930
1.142,5929
1.143,5928
1.143,5927
1.143,5926
1.143,5925
1.143,5924
1.144,5923
1.144,5922
1.144,5921
1.144,5920
1.145,5919
1.145,5918
1.145,5917
1.146,5916
1.146,5915
1.146,5914
1.147,5913
1.147,5912
1.147,5911
1.147,5910
1.147,5909
1.147,5908
1.147,5907
1.148,5906
1.148,5905
1.148,5904
1.148,5903
1.149,5902
1.149,5901
1.149,5900
1.149,5899
1.149,5898
1.15,5897
1.15,5896
1.15,5895
1.15,5894
1.15,5893
1.151,5892
1.151,5891
1.151,5890
1.151,5889
1.151,5888
1.151,5887
1.152,5886
1.153,5885
1.153,5884
1.153,5883
1.154,5882
1.154,5881
1.156,5880
1.156,5879
1.156,5878
1.156,5877
1.157,5876
1.158,5875
1.158,5874
1.158,5873
1.158,5872
1.159,5871
1.159,5870
1.159,5869
1.16,5868
1.16,5867
1.16,5866
1.16,5865
1.16,5864
1.16,5863
1.161,5862
1.161,5861
1.161,5860
1.161,5859
1.162,5858
1.162,5857
1.162,5856
1.162,5855
1.163,5854
1.163,5853
1.163,5852
1.163,5851
1.164,5850
1.165,5849
1.165,5848
1.166,5847
1.166,5846
1.166,5845
1.167,5844
1.167,5843
1.167,5842
1.167,5841
1.167,5840
1.167,5839
1.168,5838
1.168,5837
1.168,5836
1.169,5835
1.169,5834
1.169,5833
1.169,5832
1.169,5831
1.169,5830
1.169,5829
1.17,5828
1.17,5827
1.17,5826
1.171,5825
1.171,5824
1.171,5823
1.172,5822
1.172,5821
1.172,5820
1.173,5819
1.173,5818
1.173,5817
1.173,5816
1.173,5815
1.174,5814
1.174,5813
1.174,5812
1.175,5811
1.175,5810
1.176,5809
1.176,5808
1.176,5807
1.177,5806
1.177,5805
1.177,5804
1.177,5803
1.177,5802
1.179,5801
1.179,5800
1.179,5799
1.179,5798
1.179,5797
1.179,5796
1.18,5795
1.181,5794
1.181,5793
1.181,5792
1.182,5791
1.182,5790
1.182,5789
1.182,5788
1.183,5787
1.183,5786
1.183,5785
1.184,5784
1.184,5783
1.185,5782
1.186,5781
1.186,5780
1.187,5779
1.188,5778
1.188,5777
1.189,5776
1.189,5775
1.19,5774
1.191,5773
1.191,5772
1.191,5771
1.192,5770
1.192,5769
1.193,5768
1.194,5767
1.194,5766
1.195,5765
1.195,5764
1.195,5763
1.195,5762
1.196,5761
1.196,5760
1.196,5759
1.197,5758
1.197,5757
1.197,5756
1.198,5755
1.198,5754
1.198,5753
1.199,5752
1.199,5751
1.199,5750
1.199,5749
1.2,5748
1.2,5747
1.2,5746
1.201,5745
1.201,5744
1.201,5743
1.201,5742
1.201,5741
1.202,5740
1.202,5739
1.203,5738
1.203,5737
1.203,5736
1.204,5735
1.204,5734
1.204,5733
1.205,5732
1.205,5731
1.205,5730
1.206,5729
1.207,5728
1.207,5727
1.207,5726
1.207,5725
1.208,5724
1.208,5723
1.208,5722
1.208,5721
1.209,5720
1.209,5719
1.21,5718
1.21,5717
1.211,5716
1.211,5715
1.211,5714
1.212,5713
1.212,5712
1.212,5711
1.212,5710
1.212,5709
1.212,5708
1.213,5707
1.213,5706
1.214,5705
1.214,5704
1.215,5703
1.215,5702
1.215,5701
1.216,5700
1.216,5699
1.216,5698
1.216,5697
1.217,5696
1.217,5695
1.218,5694
1.218,5693
1.218,5692
1.219,5691
1.219,5690
1.22,5689
1.22,5688
1.22,5687
1.221,5686
1.221,5685
1.221,5684
1.221,5683
1.222,5682
1.222,5681
1.222,5680
1.222,5679
1.223,5678
1.223,5677
1.223,5676
1.224,5675
1.225,5674
1.225,5673
1.225,5672
1.225,5671
1.226,5670
1.226,5669
1.226,5668
1.226,5667
1.227,5666
1.228,5665
1.228,5664
1.228,5663
1.229,5662
1.23,5661
1.23,5660
1.23,5659
1.23,5658
1.232,5657
1.233,5656
1.233,5655
1.233,5654
1.233,5653
1.234,5652
1.234,5651
1.234,5650
1.235,5649
1.235,5648
1.235,5647
1.236,5646
1.236,5645
1.237,5644
1.237,5643
1.238,5642
1.238,5641
1.238,5640
1.238,5639
1.238,5638
1.238,5637
1.239,5636
1.239,5635
1.239,5634
1.24,5633
1.24,5632
1.24,5631
1.24,5630
1.241,5629
1.241,5628
1.242,5627
1.242,5626
1.243,5625
1.244,5624
1.244,5623
1.245,5622
1.246,5621
1.246,5620
1.246,5619
1.247,5618
1.247,5617
1.247,5616
1.247,5615
1.248,5614
1.248,5613
1.249,5612
1.249,5611
1.25,5610
1.251,5609
1.251,5608
1.252,5607
1.252,5606
1.252,5605
1.253,5604
1.253,5603
1.254,5602
1.254,5601
1.254,5600
1.255,5599
1.256,5598
1.257,5597
1.257,5596
1.257,5595
1.257,5594
1.258,5593
1.258,5592
1.258,5591
1.259,5590
1.26,5589
1.26,5588
1.261,5587
1.261,5586
1.261,5585
1.261,5584
1.261,5583
1.261,5582
1.262,5581
1.263,5580
1.263,5579
1.263,5578
1.263,5577
1.264,5576
1.264,5575
1.265,5574
1.265,5573
1.265,5572
1.266,5571
1.267,5570
1.268,5569
1.268,5568
1.268,5567
1.27,5566
1.27,5565
1.27,5564
1.271,5563
1.271,5562
1.272,5561
1.272,5560
1.272,5559
1.272,5558
1.273,5557
1.274,5556
1.275,5555
1.276,5554
1.276,5553
1.276,5552
1.276,5551
1.277,5550
1.277,5549
1.277,5548
1.277,5547
1.278,5546
1.278,5545
1.278,5544
1.279,5543
1.279,5542
1.279,5541
1.279,5540
1.28,5539
1.28,5538
1.281,5537
1.281,5536
1.282,5535
1.282,5534
1.283,5533
1.283,5532
1.283,5531
1.283,5530
1.284,5529
1.285,5528
1.285,5527
1.285,5526
1.285,5525
1.285,5524
1.286,5523
1.286,5522
1.287,5521
1.288,5520
1.288,5519
1.288,5518
1.289,5517
1.29,5516
1.291,5515
1.291,5514
1.294,5513
1.295,5512
1.295,5511
1.295,5510
1.296,5509
1.296,5508
1.297,5507
1.297,5506
1.297,5505
1.297,5504
1.297,5503
1.298,5502
1.298,5501
1.298,5500
1.299,5499
1.299,5498
1.299,5497
1.299,5496
1.3,5495
1.301,5494
1.301,5493
1.302,5492
1.302,5491
1.303,5490
1.303,5489
1.304,5488
1.305,5487
1.305,5486
1.305,5485
1.306,5484
1.307,5483
1.307,5482
1.308,5481
1.308,5480
1.309,5479
1.309,5478
1.309,5477
1.309,5476
1.31,5475
1.31,5474
1.311,5473
1.311,5472
1.311,5471
1.311,5470
1.313,5469
1.313,5468
1.314,5467
1.323,5466
1.324,5465
1.324,5464
1.324,5463
1.325,5462
1.325,5461
1.325,5460
1.325,5459
1.325,5458
1.325,5457
1.325,5456
1.326,5455
1.327,5454
1.327,5453
1.328,5452
1.328,5451
1.329,5450
1.329,5449
1.33,5448
1.33,5447
1.33,5446
1.33,5445
1.33,5444
1.331,5443
1.331,5442
1.331,5441
1.331,5440
1.333,5439
1.333,5438
1.333,5437
1.334,5436
1.335,5435
1.335,5434
1.336,5433
1.336,5432
1.337,5431
1.337,5430
1.337,5429
1.338,5428
1.338,5427
1.338,5426
1.339,5425
1.34,5424
1.34,5423
1.34,5422
1.341,5421
1.341,5420
1.341,5419
1.341,5418
1.341,5417
1.342,5416
1.343,5415
1.344,5414
1.344,5413
1.346,5412
1.346,5411
1.346,5410
1.346,5409
1.346,5408
1.347,5407
1.347,5406
1.347,5405
1.348,5404
1.349,5403
1.349,5402
1.349,5401
1.349,5400
1.35,5399
1.35,5398
1.35,5397
1.351,5396
1.351,5395
1.351,5394
1.352,5393
1.352,5392
1.353,5391
1.353,5390
1.353,5389
1.354,5388
1.354,5387
1.354,5386
1.355,5385
1.356,5384
1.357,5383
1.357,5382
1.359,5381
1.359,5380
1.36,5379
1.36,5378
1.36,5377
1.361,5376
1.361,5375
1.361,5374
1.363,5373
1.364,5372
1.366,5371
1.367,5370
1.368,5369
1.368,5368
1.369,5367
1.369,5366
1.369,5365
1.37,5364
1.371,5363
1.371,5362
1.374,5361
1.375,5360
1.375,5359
1.375,5358
1.375,5357
1.377,5356
1.378,5355
1.378,5354
1.378,5353
1.378,5352
1.379,5351
1.38,5350
1.38,5349
1.381,5348
1.381,5347
1.382,5346
1.383,5345
1.383,5344
1.384,5343
1.384,5342
1.384,5341
1.384,5340
1.386,5339
1.386,5338
1.386,5337
1.387,5336
1.387,5335
1.387,5334
1.387,5333
1.388,5332
1.388,5331
1.394,5330
1.395,5329
1.396,5328
1.397,5327
1.398,5326
1.398,5325
1.399,5324
1.4,5323
1.401,5322
1.402,5321
1.402,5320
1.403,5319
1.405,5318
1.406,5317
1.407,5316
1.407,5315
1.407,5314
1.407,5313
1.409,5312
1.41,5311
1.411,5310
1.412,5309
1.412,5308
1.414,5307
1.415,5306
1.415,5305
1.416,5304
1.419,5303
1.422,5302
1.424,5301
1.424,5300
1.425,5299
1.426,5298
1.426,5297
1.427,5296
1.428,5295
1.429,5294
1.434,5293
1.436,5292
1.443,5291
1.445,5290
1.445,5289
1.445,5288
1.447,5287
1.448,5286
1.451,5285
1.451,5284
1.452,5283
1.453,5282
1.453,5281
1.458,5280
1.458,5279
1.459,5278
1.462,5277
1.465,5276
1.469,5275
1.469,5274
1.47,5273
1.472,5272
1.473,5271
1.473,5270
1.475,5269
1.476,5268
1.476,5267
1.477,5266
1.477,5265
1.477,5264
1.477,5263
1.478,5262
1.48,5261
1.481,5260
1.483,5259
1.484,5258
1.485,5257
1.486,5256
1.486,5255
1.491,5254
1.492,5253
1.495,5252
1.498,5251
1.499,5250
1.499,5249
1.501,5248
1.501,5247
1.502,5246
1.502,5245
1.503,5244
1.504,5243
1.505,5242
1.506,5241
1.508,5240
1.509,5239
1.513,5238
1.514,5237
1.516,5236
1.517,5235
1.52,5234
1.524,5233
1.53,5232
1.535,5231
1.538,5230
1.542,5229
1.547,5228
1.548,5227
1.55,5226
1.551,5225
1.552,5224
1.553,5223
1.556,5222
1.565,5221
1.565,5220
1.566,5219
1.575,5218
1.576,5217
1.58,5216
1.591,5215
1.594,5214
1.599,5213
1.605,5212
1.606,5211
1.606,5210
1.623,5209
1.624,5208
1.625,5207
1.627,5206
1.631,5205
1.634,5204
1.638,5203
1.642,5202
1.649,5201
1.653,5200
1.657,5199
1.658,5198
1.667,5197
1.675,5196
1.687,5195
1.694,5194
1.697,5193
1.712,5192
1.715,5191
1.724,5190
1.726,5189
1.734,5188
1.739,5187
1.755,5186
1.762,5185
1.774,5184
1.788,5183
1.799,5182
1.824,5181
1.836,5180
1.84,5179
1.846,5178
1.849,5177
1.894,5176
2.037,5175
