0.002,8636
0.005,8635
0.006,8634
0.007,8633
0.008,8632
0.009,8631
0.01,8630
0.01,8629
0.011,8628
0.011,8627
0.011,8626
0.011,8625
0.011,8624
0.011,8623
0.011,8622
0.011,8621
0.011,8620
0.011,8619
0.012,8618
0.012,8617
0.012,8616
0.012,8615
0.012,8614
0.012,8613
0.012,8612
0.012,8611
0.012,8610
0.012,8609
0.013,8608
0.013,8607
0.013,8606
0.013,8605
0.013,8604
0.014,8603
0.014,8602
0.014,8601
0.014,8600
0.014,8599
0.014,8598
0.015,8597
0.015,8596
0.015,8595
0.015,8594
0.015,8593
0.015,8592
0.015,8591
0.015,8590
0.016,8589
0.016,8588
0.016,8587
0.016,8586
0.016,8585
0.016,8584
0.016,8583
0.017,8582
0.017,8581
0.017,8580
0.017,8579
0.017,8578
0.017,8577
0.017,8576
0.017,8575
0.018,8574
0.018,8573
0.018,8572
0.018,8571
0.018,8570
0.018,8569
0.018,8568
0.018,8567
0.019,8566
0.019,8565
0.019,8564
0.019,8563
0.019,8562
0.019,8561
0.019,8560
0.019,8559
0.019,8558
0.02,8557
0.02,8556
0.02,8555
0.02,8554
0.02,8553
0.02,8552
0.02,8551
0.02,8550
0.02,8549
0.021,8548
0.021,8547
0.021,8546
0.021,8545
0.023,8544
0.023,8543
0.023,8542
0.024,8541
0.024,8540
0.024,8539
0.024,8538
0.025,8537
0.025,8536
0.025,8535
0.025,8534
0.026,8533
0.026,8532
0.026,8531
0.026,8530
0.026,8529
0.027,8528
0.027,8527
0.027,8526
0.027,8525
0.027,8524
0.027,8523
0.028,8522
0.028,8521
0.028,8520
0.028,8519
0.028,8518
0.028,8517
0.028,8516
0.028,8515
0.029,8514
0.029,8513
0.029,8512
0.029,8511
0.029,8510
0.029,8509
0.029,8508
0.029,8507
0.029,8506
0.029,8505
0.03,8504
0.03,8503
0.03,8502
0.03,8501
0.03,8500
0.03,8499
0.031,8498
0.031,8497
0.031,8496
0.031,8495
0.031,8494
0.031,8493
0.031,8492
0.031,8491
0.031,8490
0.032,8489
0.032,8488
0.032,8487
0.032,8486
0.032,8485
0.032,8484
0.033,8483
0.033,8482
0.033,8481
0.033,8480
0.033,8479
0.033,8478
0.034,8477
0.034,8476
0.034,8475
0.034,8474
0.034,8473
0.034,8472
0.034,8471
0.035,8470
0.035,8469
0.035,8468
0.035,8467
0.035,8466
0.035,8465
0.035,8464
0.035,8463
0.036,8462
0.036,8461
0.036,8460
0.036,8459
0.036,8458
0.036,8457
0.037,8456
0.037,8455
0.037,8454
0.037,8453
0.038,8452
0.038,8451
0.038,8450
0.038,8449
0.039,8448
0.039,8447
0.039,8446
0.039,8445
0.04,8444
0.04,8443
0.04,8442
0.04,8441
0.04,8440
0.04,8439
0.04,8438
0.041,8437
0.041,8436
0.041,8435
0.041,8434
0.041,8433
0.042,8432
0.042,8431
0.042,8430
0.042,8429
0.042,8428
0.042,8427
0.042,8426
0.042,8425
0.042,8424
0.042,8423
0.043,8422
0.043,8421
0.043,8420
0.043,8419
0.043,8418
0.043,8417
0.043,8416
0.043,8415
0.044,8414
0.044,8413
0.044,8412
0.044,8411
0.044,8410
0.045,8409
0.045,8408
0.045,8407
0.045,8406
0.046,8405
0.046,8404
0.046,8403
0.046,8402
0.047,8401
0.047,8400
0.047,8399
0.047,8398
0.047,8397
0.048,8396
0.048,8395
0.048,8394
0.048,8393
0.048,8392
0.048,8391
0.049,8390
0.049,8389
0.049,8388
0.049,8387
0.05,8386
0.05,8385
0.05,8384
0.05,8383
0.052,8382
0.054,8381
0.054,8380
0.055,8379
0.055,8378
0.055,8377
0.055,8376
0.055,8375
0.055,8374
0.056,8373
0.056,8372
0.056,8371
0.056,8370
0.056,8369
0.057,8368
0.057,8367
0.057,8366
0.059,8365
0.059,8364
0.059,8363
0.059,8362
0.059,8361
0.06,8360
0.06,8359
0.06,8358
0.06,8357
0.06,8356
0.061,8355
0.061,8354
0.061,8353
0.061,8352
0.062,8351
0.062,8350
0.062,8349
0.062,8348
0.062,8347
0.063,8346
0.063,8345
0.063,8344
0.063,8343
0.063,8342
0.063,8341
0.063,8340
0.063,8339
0.064,8338
0.064,8337
0.064,8336
0.064,8335
0.064,8334
0.064,8333
0.064,8332
0.065,8331
0.065,8330
0.065,8329
0.065,8328
0.065,8327
0.066,8326
0.066,8325
0.066,8324
0.066,8323
0.066,8322
0.067,8321
0.067,8320
0.067,8319
0.067,8318
0.067,8317
0.067,8316
0.067,8315
0.068,8314
0.068,8313
0.068,8312
0.069,8311
0.069,8310
0.069,8309
0.069,8308
0.069,8307
0.069,8306
0.069,8305
0.069,8304
0.07,8303
0.07,8302
0.07,8301
0.07,8300
0.07,8299
0.071,8298
0.071,8297
0.071,8296
0.071,8295
0.072,8294
0.072,8293
0.073,8292
0.073,8291
0.074,8290
0.074,8289
0.074,8288
0.075,8287
0.075,8286
0.075,8285
0.075,8284
0.076,8283
0.076,8282
0.076,8281
0.077,8280
0.077,8279
0.077,8278
0.078,8277
0.078,8276
0.078,8275
0.078,8274
0.079,8273
0.079,8272
0.079,8271
0.079,8270
0.079,8269
0.079,8268
0.079,8267
0.08,8266
0.08,8265
0.08,8264
0.081,8263
0.081,8262
0.081,8261
0.081,8260
0.081,8259
0.082,8258
0.082,8257
0.082,8256
0.083,8255
0.083,8254
0.083,8253
0.084,8252
0.084,8251
0.084,8250
0.085,8249
0.085,8248
0.085,8247
0.085,8246
0.086,8245
0.086,8244
0.086,8243
0.086,8242
0.086,8241
0.087,8240
0.087,8239
0.087,8238
0.087,8237
0.088,8236
0.088,8235
0.088,8234
0.088,8233
0.089,8232
0.089,8231
0.089,8230
0.09,8229
0.09,8228
0.09,8227
0.09,8226
0.09,8225
0.091,8224
0.091,8223
0.091,8222
0.091,8221
0.092,8220
0.092,8219
0.092,8218
0.092,8217
0.092,8216
0.092,8215
0.093,8214
0.093,8213
0.093,8212
0.094,8211
0.094,8210
0.094,8209
0.094,8208
0.095,8207
0.102,8206
0.102,8205
0.102,8204
0.102,8203
0.102,8202
0.102,8201
0.102,8200
0.102,8199
0.103,8198
0.103,8197
0.103,8196
0.103,8195
0.103,8194
0.104,8193
0.104,8192
0.104,8191
0.104,8190
0.105,8189
0.105,8188
0.106,8187
0.106,8186
0.106,8185
0.106,8184
0.106,8183
0.106,8182
0.106,8181
0.106,8180
0.106,8179
0.107,8178
0.107,8177
0.107,8176
0.107,8175
0.108,8174
0.108,8173
0.108,8172
0.108,8171
0.109,8170
0.109,8169
0.109,8168
0.109,8167
0.11,8166
0.11,8165
0.11,8164
0.11,8163
0.11,8162
0.11,8161
0.111,8160
0.111,8159
0.111,8158
0.111,8157
0.112,8156
0.112,8155
0.112,8154
0.112,8153
0.112,8152
0.112,8151
0.113,8150
0.113,8149
0.113,8148
0.114,8147
0.114,8146
0.114,8145
0.114,8144
0.114,8143
0.115,8142
0.115,8141
0.115,8140
0.115,8139
0.116,8138
0.116,8137
0.116,8136
0.116,8135
0.116,8134
0.116,8133
0.117,8132
0.117,8131
0.117,8130
0.118,8129
0.118,8128
0.118,8127
0.118,8126
0.118,8125
0.119,8124
0.12,8123
0.12,8122
0.12,8121
0.12,8120
0.121,8119
0.121,8118
0.122,8117
0.122,8116
0.122,8115
0.123,8114
0.123,8113
0.123,8112
0.123,8111
0.123,8110
0.123,8109
0.124,8108
0.124,8107
0.124,8106
0.124,8105
0.124,8104
0.124,8103
0.124,8102
0.124,8101
0.124,8100
0.125,8099
0.125,8098
0.125,8097
0.125,8096
0.125,8095
0.125,8094
0.125,8093
0.126,8092
0.126,8091
0.126,8090
0.127,8089
0.127,8088
0.128,8087
0.128,8086
0.128,8085
0.128,8084
0.128,8083
0.128,8082
0.128,8081
0.129,8080
0.129,8079
0.129,8078
0.129,8077
0.129,8076
0.129,8075
0.129,8074
0.13,8073
0.13,8072
0.13,8071
0.131,8070
0.131,8069
0.132,8068
0.132,8067
0.132,8066
0.132,8065
0.133,8064
0.133,8063
0.133,8062
0.133,8061
0.133,8060
0.134,8059
0.134,8058
0.134,8057
0.134,8056
0.135,8055
0.135,8054
0.135,8053
0.135,8052
0.136,8051
0.136,8050
0.136,8049
0.137,8048
0.137,8047
0.137,8046
0.137,8045
0.137,8044
0.138,8043
0.138,8042
0.138,8041
0.138,8040
0.139,8039
0.139,8038
0.139,8037
0.139,8036
0.139,8035
0.139,8034
0.14,8033
0.14,8032
0.141,8031
0.141,8030
0.141,8029
0.141,8028
0.141,8027
0.141,8026
0.141,8025
0.143,8024
0.143,8023
0.143,8022
0.143,8021
0.144,8020
0.144,8019
0.144,8018
0.145,8017
0.145,8016
0.145,8015
0.145,8014
0.145,8013
0.146,8012
0.146,8011
0.146,8010
0.146,8009
0.146,8008
0.147,8007
0.147,8006
0.147,8005
0.147,8004
0.147,8003
0.148,8002
0.148,8001
0.148,8000
0.149,7999
0.149,7998
0.149,7997
0.15,7996
0.15,7995
0.15,7994
0.15,7993
0.151,7992
0.152,7991
0.152,7990
0.152,7989
0.153,7988
0.153,7987
0.153,7986
0.153,7985
0.154,7984
0.155,7983
0.155,7982
0.155,7981
0.155,7980
0.155,7979
0.156,7978
0.156,7977
0.156,7976
0.157,7975
0.157,7974
0.157,7973
0.158,7972
0.158,7971
0.158,7970
0.158,7969
0.159,7968
0.159,7967
0.159,7966
0.16,7965
0.16,7964
0.16,7963
0.161,7962
0.161,7961
0.162,7960
0.162,7959
0.163,7958
0.164,7957
0.164,7956
0.164,7955
0.165,7954
0.165,7953
0.166,7952
0.166,7951
0.166,7950
0.167,7949
0.167,7948
0.167,7947
0.167,7946
0.167,7945
0.167,7944
0.168,7943
0.168,7942
0.168,7941
0.169,7940
0.169,7939
0.169,7938
0.17,7937
0.17,7936
0.17,7935
0.17,7934
0.17,7933
0.17,7932
0.171,7931
0.171,7930
0.171,7929
0.171,7928
0.171,7927
0.171,7926
0.172,7925
0.172,7924
0.172,7923
0.173,7922
0.173,7921
0.173,7920
0.173,7919
0.173,7918
0.173,7917
0.173,7916
0.174,7915
0.174,7914
0.175,7913
0.175,7912
0.175,7911
0.175,7910
0.175,7909
0.176,7908
0.176,7907
0.177,7906
0.177,7905
0.177,7904
0.178,7903
0.178,7902
0.179,7901
0.179,7900
0.179,7899
0.18,7898
0.18,7897
0.18,7896
0.181,7895
0.181,7894
0.181,7893
0.182,7892
0.182,7891
0.183,7890
0.183,7889
0.183,7888
0.185,7887
0.185,7886
0.185,7885
0.186,7884
0.186,7883
0.187,7882
0.187,7881
0.187,7880
0.188,7879
0.188,7878
0.188,7877
0.188,7876
0.188,7875
0.188,7874
0.19,7873
0.19,7872
0.19,7871
0.19,7870
0.19,7869
0.191,7868
0.191,7867
0.191,7866
0.191,7865
0.193,7864
0.194,7863
0.195,7862
0.196,7861
0.197,7860
0.198,7859
0.198,7858
0.199,7857
0.199,7856
0.2,7855
0.201,7854
0.202,7853
0.202,7852
0.208,7851
0.209,7850
0.209,7849
0.209,7848
0.209,7847
0.21,7846
0.21,7845
0.211,7844
0.211,7843
0.211,7842
0.212,7841
0.212,7840
0.212,7839
0.213,7838
0.213,7837
0.214,7836
0.214,7835
0.214,7834
0.214,7833
0.215,7832
0.215,7831
0.215,7830
0.216,7829
0.216,7828
0.216,7827
0.216,7826
0.217,7825
0.217,7824
0.217,7823
0.218,7822
0.218,7821
0.218,7820
0.219,7819
0.219,7818
0.219,7817
0.22,7816
0.22,7815
0.22,7814
0.221,7813
0.223,7812
0.223,7811
0.224,7810
0.224,7809
0.224,7808
0.224,7807
0.224,7806
0.225,7805
0.225,7804
0.225,7803
0.225,7802
0.225,7801
0.226,7800
0.226,7799
0.227,7798
0.227,7797
0.227,7796
0.228,7795
0.228,7794
0.23,7793
0.231,7792
0.232,7791
0.232,7790
0.232,7789
0.232,7788
0.233,7787
0.233,7786
0.233,7785
0.234,7784
0.234,7783
0.234,7782
0.236,7781
0.237,7780
0.238,7779
0.239,7778
0.24,7777
0.24,7776
0.24,7775
0.241,7774
0.241,7773
0.241,7772
0.241,7771
0.241,7770
0.242,7769
0.242,7768
0.242,7767
0.243,7766
0.243,7765
0.244,7764
0.244,7763
0.245,7762
0.245,7761
0.245,7760
0.245,7759
0.246,7758
0.247,7757
0.249,7756
0.249,7755
0.25,7754
0.251,7753
0.252,7752
0.252,7751
0.253,7750
0.254,7749
0.255,7748
0.255,7747
0.255,7746
0.256,7745
0.257,7744
0.257,7743
0.258,7742
0.259,7741
0.259,7740
0.26,7739
0.26,7738
0.26,7737
0.261,7736
0.261,7735
0.261,7734
0.262,7733
0.263,7732
0.263,7731
0.263,7730
0.263,7729
0.263,7728
0.264,7727
0.264,7726
0.265,7725
0.265,7724
0.265,7723
0.266,7722
0.267,7721
0.267,7720
0.267,7719
0.268,7718
0.268,7717
0.269,7716
0.27,7715
0.27,7714
0.27,7713
0.271,7712
0.271,7711
0.272,7710
0.274,7709
0.274,7708
0.274,7707
0.275,7706
0.276,7705
0.276,7704
0.278,7703
0.278,7702
0.279,7701
0.28,7700
0.281,7699
0.282,7698
0.282,7697
0.283,7696
0.284,7695
0.286,7694
0.287,7693
0.289,7692
0.29,7691
0.29,7690
0.29,7689
0.291,7688
0.292,7687
0.294,7686
0.299,7685
0.3,7684
0.302,7683
0.307,7682
0.307,7681
0.307,7680
0.307,7679
0.308,7678
0.308,7677
0.309,7676
0.309,7675
0.31,7674
0.311,7673
0.312,7672
0.312,7671
0.313,7670
0.313,7669
0.313,7668
0.314,7667
0.315,7666
0.316,7665
0.316,7664
0.317,7663
0.317,7662
0.319,7661
0.319,7660
0.321,7659
0.322,7658
0.322,7657
0.323,7656
0.324,7655
0.324,7654
0.325,7653
0.325,7652
0.328,7651
0.329,7650
0.33,7649
0.33,7648
0.331,7647
0.332,7646
0.332,7645
0.334,7644
0.335,7643
0.339,7642
0.339,7641
0.339,7640
0.34,7639
0.34,7638
0.341,7637
0.341,7636
0.342,7635
0.342,7634
0.342,7633
0.343,7632
0.345,7631
0.345,7630
0.346,7629
0.346,7628
0.347,7627
0.349,7626
0.349,7625
0.351,7624
0.352,7623
0.353,7622
0.354,7621
0.358,7620
0.358,7619
0.358,7618
0.359,7617
0.362,7616
0.362,7615
0.362,7614
0.363,7613
0.364,7612
0.364,7611
0.365,7610
0.365,7609
0.366,7608
0.367,7607
0.369,7606
0.371,7605
0.373,7604
0.374,7603
0.375,7602
0.376,7601
0.376,7600
0.376,7599
0.377,7598
0.377,7597
0.378,7596
0.38,7595
0.389,7594
0.39,7593
0.39,7592
0.39,7591
0.395,7590
0.396,7589
0.396,7588
0.396,7587
0.397,7586
0.398,7585
0.401,7584
0.402,7583
0.403,7582
0.404,7581
0.404,7580
0.404,7579
0.406,7578
0.409,7577
0.411,7576
0.412,7575
0.412,7574
0.413,7573
0.415,7572
0.417,7571
0.417,7570
0.421,7569
0.424,7568
0.424,7567
0.424,7566
0.426,7565
0.427,7564
0.428,7563
0.429,7562
0.429,7561
0.431,7560
0.435,7559
0.435,7558
0.435,7557
0.438,7556
0.441,7555
0.442,7554
0.445,7553
0.446,7552
0.446,7551
0.448,7550
0.448,7549
0.449,7548
0.449,7547
0.449,7546
0.452,7545
0.454,7544
0.454,7543
0.457,7542
0.458,7541
0.459,7540
0.461,7539
0.461,7538
0.461,7537
0.469,7536
0.469,7535
0.47,7534
0.47,7533
0.471,7532
0.471,7531
0.472,7530
0.476,7529
0.478,7528
0.481,7527
0.481,7526
0.482,7525
0.488,7524
0.489,7523
0.489,7522
0.49,7521
0.494,7520
0.497,7519
0.498,7518
0.499,7517
0.5,7516
0.502,7515
0.506,7514
0.513,7513
0.526,7512
0.531,7511
0.534,7510
0.536,7509
0.543,7508
0.543,7507
0.546,7506
0.55,7505
0.551,7504
0.558,7503
0.559,7502
0.559,7501
0.567,7500
0.574,7499
0.575,7498
0.575,7497
0.576,7496
0.581,7495
0.582,7494
0.583,7493
0.584,7492
0.585,7491
0.587,7490
0.589,7489
0.591,7488
0.592,7487
0.593,7486
0.594,7485
0.599,7484
0.601,7483
0.601,7482
0.602,7481
0.606,7480
0.611,7479
0.618,7478
0.619,7477
0.62,7476
0.621,7475
0.622,7474
0.622,7473
0.627,7472
0.628,7471
0.63,7470
0.632,7469
0.633,7468
0.633,7467
0.635,7466
0.635,7465
0.636,7464
0.637,7463
0.642,7462
0.644,7461
0.645,7460
0.647,7459
0.647,7458
0.658,7457
0.659,7456
0.662,7455
0.665,7454
0.667,7453
0.668,7452
0.669,7451
0.671,7450
0.68,7449
0.681,7448
0.682,7447
0.682,7446
0.683,7445
0.687,7444
0.692,7443
0.693,7442
0.694,7441
0.703,7440
0.706,7439
0.712,7438
0.713,7437
0.716,7436
0.717,7435
0.718,7434
0.719,7433
0.719,7432
0.721,7431
0.725,7430
0.728,7429
0.734,7428
0.734,7427
0.736,7426
0.757,7425
0.76,7424
0.762,7423
0.765,7422
0.766,7421
0.766,7420
0.767,7419
0.779,7418
0.782,7417
0.795,7416
0.805,7415
0.807,7414
0.815,7413
0.825,7412
0.831,7411
0.834,7410
0.835,7409
0.836,7408
0.838,7407
0.847,7406
0.858,7405
0.858,7404
0.86,7403
0.869,7402
0.881,7401
0.885,7400
0.886,7399
0.889,7398
0.915,7397
0.917,7396
0.917,7395
0.93,7394
0.942,7393
0.952,7392
0.958,7391
0.959,7390
0.964,7389
0.967,7388
0.973,7387
0.983,7386
0.994,7385
0.995,7384
0.996,7383
1.002,7382
1.024,7381
1.034,7380
1.036,7379
1.055,7378
1.081,7377
1.089,7376
1.134,7375
1.134,7374
1.149,7373
1.164,7372
1.175,7371
1.182,7370
1.199,7369
1.2,7368
1.2,7367
1.307,7366
1.381,7365
1.452,7364
1.694,7363
1.885,7362
2.007,7361
