0.003,13440
0.006,13439
0.006,13438
0.007,13437
0.008,13436
0.01,13435
0.01,13434
0.011,13433
0.011,13432
0.012,13431
0.012,13430
0.012,13429
0.013,13428
0.014,13427
0.015,13426
0.016,13425
0.016,13424
0.016,13423
0.016,13422
0.017,13421
0.017,13420
0.017,13419
0.017,13418
0.017,13417
0.017,13416
0.017,13415
0.017,13414
0.018,13413
0.018,13412
0.018,13411
0.018,13410
0.018,13409
0.018,13408
0.019,13407
0.019,13406
0.019,13405
0.019,13404
0.019,13403
0.02,13402
0.02,13401
0.02,13400
0.02,13399
0.02,13398
0.02,13397
0.02,13396
0.021,13395
0.021,13394
0.021,13393
0.021,13392
0.021,13391
0.021,13390
0.021,13389
0.022,13388
0.022,13387
0.022,13386
0.022,13385
0.022,13384
0.022,13383
0.023,13382
0.023,13381
0.023,13380
0.023,13379
0.023,13378
0.024,13377
0.024,13376
0.024,13375
0.024,13374
0.024,13373
0.024,13372
0.024,13371
0.025,13370
0.025,13369
0.025,13368
0.025,13367
0.025,13366
0.025,13365
0.026,13364
0.026,13363
0.026,13362
0.026,13361
0.026,13360
0.026,13359
0.026,13358
0.027,13357
0.027,13356
0.027,13355
0.027,13354
0.027,13353
0.027,13352
0.028,13351
0.028,13350
0.028,13349
0.028,13348
0.028,13347
0.029,13346
0.029,13345
0.029,13344
0.029,13343
0.03,13342
0.03,13341
0.03,13340
0.03,13339
0.03,13338
0.03,13337
0.03,13336
0.031,13335
0.031,13334
0.031,13333
0.031,13332
0.033,13331
0.033,13330
0.033,13329
0.034,13328
0.034,13327
0.034,13326
0.034,13325
0.034,13324
0.035,13323
0.035,13322
0.035,13321
0.035,13320
0.035,13319
0.035,13318
0.036,13317
0.036,13316
0.036,13315
0.036,13314
0.037,13313
0.037,13312
0.037,13311
0.037,13310
0.037,13309
0.037,13308
0.037,13307
0.037,13306
0.038,13305
0.038,13304
0.038,13303
0.038,13302
0.038,13301
0.038,13300
0.039,13299
0.039,13298
0.039,13297
0.039,13296
0.039,13295
0.039,13294
0.039,13293
0.04,13292
0.04,13291
0.04,13290
0.04,13289
0.04,13288
0.04,13287
0.04,13286
0.041,13285
0.041,13284
0.041,13283
0.041,13282
0.041,13281
0.041,13280
0.041,13279
0.042,13278
0.042,13277
0.042,13276
0.042,13275
0.042,13274
0.042,13273
0.042,13272
0.042,13271
0.043,13270
0.043,13269
0.043,13268
0.043,13267
0.043,13266
0.043,13265
0.043,13264
0.044,13263
0.044,13262
0.044,13261
0.044,13260
0.044,13259
0.044,13258
0.044,13257
0.044,13256
0.045,13255
0.045,13254
0.045,13253
0.045,13252
0.045,13251
0.045,13250
0.045,13249
0.045,13248
0.046,13247
0.046,13246
0.046,13245
0.046,13244
0.046,13243
0.046,13242
0.046,13241
0.046,13240
0.047,13239
0.047,13238
0.047,13237
0.047,13236
0.047,13235
0.047,13234
0.047,13233
0.048,13232
0.048,13231
0.048,13230
0.048,13229
0.049,13228
0.049,13227
0.049,13226
0.049,13225
0.049,13224
0.05,13223
0.05,13222
0.05,13221
0.05,13220
0.05,13219
0.051,13218
0.051,13217
0.051,13216
0.051,13215
0.051,13214
0.051,13213
0.051,13212
0.052,13211
0.052,13210
0.052,13209
0.052,13208
0.053,13207
0.053,13206
0.053,13205
0.053,13204
0.053,13203
0.054,13202
0.054,13201
0.054,13200
0.054,13199
0.054,13198
0.054,13197
0.054,13196
0.055,13195
0.055,13194
0.055,13193
0.055,13192
0.055,13191
0.055,13190
0.055,13189
0.056,13188
0.056,13187
0.057,13186
0.059,13185
0.059,13184
0.059,13183
0.06,13182
0.06,13181
0.06,13180
0.06,13179
0.06,13178
0.069,13177
0.07,13176
0.07,13175
0.07,13174
0.07,13173
0.07,13172
0.07,13171
0.07,13170
0.07,13169
0.071,13168
0.071,13167
0.071,13166
0.071,13165
0.071,13164
0.071,13163
0.071,13162
0.071,13161
0.071,13160
0.072,13159
0.072,13158
0.072,13157
0.072,13156
0.072,13155
0.072,13154
0.072,13153
0.072,13152
0.072,13151
0.073,13150
0.073,13149
0.073,13148
0.073,13147
0.073,13146
0.073,13145
0.073,13144
0.073,13143
0.074,13142
0.074,13141
0.074,13140
0.074,13139
0.074,13138
0.074,13137
0.074,13136
0.075,13135
0.075,13134
0.075,13133
0.075,13132
0.075,13131
0.075,13130
0.075,13129
0.075,13128
0.075,13127
0.076,13126
0.076,13125
0.076,13124
0.076,13123
0.076,13122
0.076,13121
0.076,13120
0.077,13119
0.077,13118
0.077,13117
0.077,13116
0.077,13115
0.077,13114
0.077,13113
0.078,13112
0.078,13111
0.078,13110
0.078,13109
0.078,13108
0.078,13107
0.078,13106
0.078,13105
0.078,13104
0.078,13103
0.079,13102
0.079,13101
0.079,13100
0.079,13099
0.079,13098
0.079,13097
0.079,13096
0.079,13095
0.08,13094
0.08,13093
0.08,13092
0.08,13091
0.08,13090
0.08,13089
0.08,13088
0.08,13087
0.08,13086
0.081,13085
0.081,13084
0.082,13083
0.082,13082
0.083,13081
0.083,13080
0.083,13079
0.083,13078
0.084,13077
0.084,13076
0.084,13075
0.085,13074
0.085,13073
0.085,13072
0.085,13071
0.085,13070
0.086,13069
0.086,13068
0.086,13067
0.086,13066
0.086,13065
0.086,13064
0.086,13063
0.086,13062
0.087,13061
0.087,13060
0.087,13059
0.087,13058
0.087,13057
0.087,13056
0.087,13055
0.087,13054
0.088,13053
0.088,13052
0.088,13051
0.088,13050
0.089,13049
0.089,13048
0.089,13047
0.089,13046
0.089,13045
0.089,13044
0.09,13043
0.09,13042
0.09,13041
0.09,13040
0.09,13039
0.09,13038
0.091,13037
0.091,13036
0.091,13035
0.091,13034
0.091,13033
0.092,13032
0.092,13031
0.092,13030
0.092,13029
0.092,13028
0.093,13027
0.093,13026
0.093,13025
0.093,13024
0.093,13023
0.093,13022
0.093,13021
0.094,13020
0.094,13019
0.094,13018
0.094,13017
0.094,13016
0.094,13015
0.094,13014
0.094,13013
0.095,13012
0.095,13011
0.095,13010
0.095,13009
0.096,13008
0.096,13007
0.096,13006
0.096,13005
0.096,13004
0.096,13003
0.096,13002
0.096,13001
0.096,13000
0.096,12999
0.097,12998
0.097,12997
0.097,12996
0.097,12995
0.097,12994
0.097,12993
0.098,12992
0.098,12991
0.098,12990
0.098,12989
0.098,12988
0.098,12987
0.098,12986
0.098,12985
0.099,12984
0.099,12983
0.099,12982
0.099,12981
0.099,12980
0.099,12979
0.099,12978
0.099,12977
0.099,12976
0.099,12975
0.099,12974
0.1,12973
0.1,12972
0.1,12971
0.1,12970
0.1,12969
0.1,12968
0.1,12967
0.1,12966
0.1,12965
0.101,12964
0.101,12963
0.101,12962
0.101,12961
0.101,12960
0.101,12959
0.101,12958
0.102,12957
0.102,12956
0.102,12955
0.102,12954
0.102,12953
0.102,12952
0.102,12951
0.102,12950
0.102,12949
0.103,12948
0.103,12947
0.103,12946
0.103,12945
0.103,12944
0.103,12943
0.103,12942
0.103,12941
0.103,12940
0.103,12939
0.104,12938
0.104,12937
0.104,12936
0.104,12935
0.104,12934
0.104,12933
0.104,12932
0.104,12931
0.105,12930
0.105,12929
0.105,12928
0.105,12927
0.105,12926
0.105,12925
0.105,12924
0.105,12923
0.106,12922
0.106,12921
0.106,12920
0.106,12919
0.106,12918
0.106,12917
0.106,12916
0.106,12915
0.107,12914
0.107,12913
0.107,12912
0.107,12911
0.107,12910
0.107,12909
0.107,12908
0.107,12907
0.107,12906
0.108,12905
0.108,12904
0.108,12903
0.108,12902
0.108,12901
0.108,12900
0.108,12899
0.108,12898
0.108,12897
0.108,12896
0.109,12895
0.109,12894
0.109,12893
0.109,12892
0.109,12891
0.109,12890
0.109,12889
0.109,12888
0.11,12887
0.11,12886
0.11,12885
0.11,12884
0.11,12883
0.11,12882
0.11,12881
0.11,12880
0.11,12879
0.11,12878
0.111,12877
0.111,12876
0.111,12875
0.111,12874
0.111,12873
0.111,12872
0.111,12871
0.111,12870
0.111,12869
0.112,12868
0.112,12867
0.112,12866
0.112,12865
0.112,12864
0.112,12863
0.112,12862
0.112,12861
0.112,12860
0.113,12859
0.113,12858
0.113,12857
0.113,12856
0.113,12855
0.113,12854
0.113,12853
0.113,12852
0.113,12851
0.113,12850
0.114,12849
0.114,12848
0.114,12847
0.114,12846
0.114,12845
0.114,12844
0.115,12843
0.115,12842
0.115,12841
0.115,12840
0.115,12839
0.115,12838
0.115,12837
0.116,12836
0.116,12835
0.116,12834
0.116,12833
0.116,12832
0.116,12831
0.116,12830
0.116,12829
0.116,12828
0.116,12827
0.117,12826
0.117,12825
0.117,12824
0.117,12823
0.117,12822
0.117,12821
0.117,12820
0.117,12819
0.118,12818
0.118,12817
0.118,12816
0.118,12815
0.119,12814
0.119,12813
0.119,12812
0.119,12811
0.119,12810
0.119,12809
0.119,12808
0.12,12807
0.12,12806
0.12,12805
0.12,12804
0.12,12803
0.12,12802
0.12,12801
0.12,12800
0.121,12799
0.121,12798
0.121,12797
0.121,12796
0.121,12795
0.122,12794
0.122,12793
0.122,12792
0.122,12791
0.122,12790
0.122,12789
0.123,12788
0.123,12787
0.123,12786
0.123,12785
0.123,12784
0.124,12783
0.124,12782
0.124,12781
0.124,12780
0.124,12779
0.124,12778
0.124,12777
0.125,12776
0.125,12775
0.125,12774
0.125,12773
0.125,12772
0.125,12771
0.125,12770
0.125,12769
0.126,12768
0.126,12767
0.126,12766
0.126,12765
0.126,12764
0.126,12763
0.126,12762
0.126,12761
0.126,12760
0.126,12759
0.127,12758
0.127,12757
0.127,12756
0.127,12755
0.127,12754
0.127,12753
0.127,12752
0.128,12751
0.128,12750
0.128,12749
0.128,12748
0.128,12747
0.128,12746
0.129,12745
0.129,12744
0.129,12743
0.129,12742
0.129,12741
0.129,12740
0.129,12739
0.129,12738
0.129,12737
0.13,12736
0.13,12735
0.13,12734
0.13,12733
0.13,12732
0.13,12731
0.13,12730
0.13,12729
0.13,12728
0.131,12727
0.131,12726
0.131,12725
0.131,12724
0.131,12723
0.131,12722
0.131,12721
0.132,12720
0.132,12719
0.132,12718
0.132,12717
0.132,12716
0.132,12715
0.132,12714
0.132,12713
0.132,12712
0.133,12711
0.133,12710
0.133,12709
0.133,12708
0.133,12707
0.133,12706
0.133,12705
0.133,12704
0.133,12703
0.133,12702
0.133,12701
0.133,12700
0.133,12699
0.134,12698
0.134,12697
0.134,12696
0.134,12695
0.134,12694
0.134,12693
0.135,12692
0.135,12691
0.135,12690
0.135,12689
0.135,12688
0.135,12687
0.135,12686
0.135,12685
0.135,12684
0.135,12683
0.135,12682
0.136,12681
0.136,12680
0.136,12679
0.136,12678
0.136,12677
0.136,12676
0.136,12675
0.136,12674
0.136,12673
0.137,12672
0.137,12671
0.137,12670
0.137,12669
0.137,12668
0.137,12667
0.137,12666
0.137,12665
0.137,12664
0.138,12663
0.138,12662
0.138,12661
0.138,12660
0.138,12659
0.138,12658
0.138,12657
0.139,12656
0.139,12655
0.139,12654
0.139,12653
0.139,12652
0.139,12651
0.139,12650
0.139,12649
0.139,12648
0.139,12647
0.14,12646
0.14,12645
0.14,12644
0.14,12643
0.14,12642
0.14,12641
0.14,12640
0.14,12639
0.14,12638
0.14,12637
0.141,12636
0.141,12635
0.141,12634
0.141,12633
0.141,12632
0.141,12631
0.141,12630
0.141,12629
0.141,12628
0.141,12627
0.142,12626
0.142,12625
0.142,12624
0.142,12623
0.142,12622
0.142,12621
0.142,12620
0.142,12619
0.142,12618
0.142,12617
0.143,12616
0.143,12615
0.143,12614
0.143,12613
0.143,12612
0.143,12611
0.144,12610
0.144,12609
0.144,12608
0.144,12607
0.144,12606
0.144,12605
0.144,12604
0.145,12603
0.145,12602
0.145,12601
0.145,12600
0.145,12599
0.145,12598
0.145,12597
0.146,12596
0.146,12595
0.146,12594
0.146,12593
0.147,12592
0.147,12591
0.147,12590
0.148,12589
0.148,12588
0.148,12587
0.148,12586
0.148,12585
0.148,12584
0.149,12583
0.149,12582
0.149,12581
0.149,12580
0.149,12579
0.15,12578
0.15,12577
0.15,12576
0.15,12575
0.15,12574
0.151,12573
0.151,12572
0.151,12571
0.151,12570
0.152,12569
0.152,12568
0.152,12567
0.152,12566
0.152,12565
0.152,12564
0.152,12563
0.153,12562
0.153,12561
0.153,12560
0.153,12559
0.153,12558
0.153,12557
0.154,12556
0.154,12555
0.154,12554
0.154,12553
0.154,12552
0.154,12551
0.154,12550
0.155,12549
0.155,12548
0.155,12547
0.155,12546
0.155,12545
0.155,12544
0.155,12543
0.156,12542
0.156,12541
0.156,12540
0.156,12539
0.156,12538
0.156,12537
0.157,12536
0.157,12535
0.157,12534
0.157,12533
0.157,12532
0.157,12531
0.157,12530
0.157,12529
0.157,12528
0.158,12527
0.158,12526
0.158,12525
0.158,12524
0.158,12523
0.158,12522
0.158,12521
0.158,12520
0.158,12519
0.159,12518
0.159,12517
0.159,12516
0.159,12515
0.159,12514
0.159,12513
0.16,12512
0.16,12511
0.16,12510
0.16,12509
0.16,12508
0.16,12507
0.16,12506
0.16,12505
0.16,12504
0.161,12503
0.161,12502
0.161,12501
0.161,12500
0.161,12499
0.161,12498
0.161,12497
0.161,12496
0.161,12495
0.161,12494
0.161,12493
0.161,12492
0.161,12491
0.161,12490
0.162,12489
0.162,12488
0.162,12487
0.162,12486
0.163,12485
0.163,12484
0.163,12483
0.163,12482
0.163,12481
0.163,12480
0.163,12479
0.163,12478
0.163,12477
0.164,12476
0.164,12475
0.164,12474
0.164,12473
0.164,12472
0.164,12471
0.164,12470
0.164,12469
0.164,12468
0.164,12467
0.165,12466
0.165,12465
0.165,12464
0.165,12463
0.165,12462
0.165,12461
0.165,12460
0.165,12459
0.165,12458
0.165,12457
0.166,12456
0.166,12455
0.166,12454
0.166,12453
0.166,12452
0.166,12451
0.166,12450
0.166,12449
0.167,12448
0.167,12447
0.167,12446
0.167,12445
0.167,12444
0.167,12443
0.167,12442
0.168,12441
0.168,12440
0.168,12439
0.168,12438
0.168,12437
0.168,12436
0.168,12435
0.168,12434
0.169,12433
0.169,12432
0.169,12431
0.169,12430
0.169,12429
0.169,12428
0.169,12427
0.169,12426
0.169,12425
0.169,12424
0.169,12423
0.17,12422
0.17,12421
0.17,12420
0.17,12419
0.17,12418
0.17,12417
0.17,12416
0.17,12415
0.17,12414
0.171,12413
0.171,12412
0.171,12411
0.171,12410
0.171,12409
0.171,12408
0.172,12407
0.172,12406
0.172,12405
0.172,12404
0.172,12403
0.172,12402
0.172,12401
0.172,12400
0.172,12399
0.172,12398
0.173,12397
0.173,12396
0.173,12395
0.173,12394
0.173,12393
0.173,12392
0.173,12391
0.174,12390
0.174,12389
0.174,12388
0.174,12387
0.174,12386
0.174,12385
0.174,12384
0.174,12383
0.174,12382
0.174,12381
0.174,12380
0.174,12379
0.175,12378
0.175,12377
0.175,12376
0.175,12375
0.175,12374
0.175,12373
0.175,12372
0.175,12371
0.175,12370
0.175,12369
0.176,12368
0.176,12367
0.176,12366
0.176,12365
0.176,12364
0.176,12363
0.176,12362
0.176,12361
0.176,12360
0.176,12359
0.177,12358
0.177,12357
0.177,12356
0.177,12355
0.177,12354
0.177,12353
0.177,12352
0.177,12351
0.177,12350
0.178,12349
0.178,12348
0.178,12347
0.178,12346
0.178,12345
0.178,12344
0.178,12343
0.178,12342
0.178,12341
0.178,12340
0.179,12339
0.179,12338
0.179,12337
0.179,12336
0.179,12335
0.179,12334
0.179,12333
0.179,12332
0.179,12331
0.179,12330
0.179,12329
0.18,12328
0.18,12327
0.18,12326
0.18,12325
0.18,12324
0.18,12323
0.18,12322
0.18,12321
0.18,12320
0.181,12319
0.181,12318
0.181,12317
0.181,12316
0.181,12315
0.181,12314
0.181,12313
0.181,12312
0.181,12311
0.182,12310
0.182,12309
0.182,12308
0.182,12307
0.182,12306
0.182,12305
0.182,12304
0.183,12303
0.183,12302
0.183,12301
0.183,12300
0.183,12299
0.183,12298
0.183,12297
0.184,12296
0.184,12295
0.184,12294
0.184,12293
0.184,12292
0.184,12291
0.184,12290
0.184,12289
0.184,12288
0.185,12287
0.185,12286
0.185,12285
0.185,12284
0.185,12283
0.185,12282
0.185,12281
0.186,12280
0.186,12279
0.186,12278
0.186,12277
0.186,12276
0.186,12275
0.187,12274
0.187,12273
0.187,12272
0.187,12271
0.187,12270
0.187,12269
0.187,12268
0.187,12267
0.187,12266
0.188,12265
0.188,12264
0.188,12263
0.188,12262
0.188,12261
0.188,12260
0.188,12259
0.188,12258
0.188,12257
0.188,12256
0.188,12255
0.189,12254
0.189,12253
0.189,12252
0.189,12251
0.189,12250
0.189,12249
0.189,12248
0.189,12247
0.189,12246
0.189,12245
0.189,12244
0.19,12243
0.19,12242
0.19,12241
0.19,12240
0.19,12239
0.19,12238
0.19,12237
0.19,12236
0.19,12235
0.19,12234
0.19,12233
0.19,12232
0.191,12231
0.191,12230
0.191,12229
0.191,12228
0.191,12227
0.191,12226
0.192,12225
0.192,12224
0.192,12223
0.192,12222
0.192,12221
0.192,12220
0.192,12219
0.192,12218
0.192,12217
0.192,12216
0.192,12215
0.193,12214
0.193,12213
0.193,12212
0.193,12211
0.193,12210
0.193,12209
0.193,12208
0.193,12207
0.194,12206
0.194,12205
0.194,12204
0.194,12203
0.194,12202
0.194,12201
0.194,12200
0.194,12199
0.194,12198
0.194,12197
0.195,12196
0.195,12195
0.195,12194
0.195,12193
0.195,12192
0.195,12191
0.195,12190
0.195,12189
0.195,12188
0.195,12187
0.196,12186
0.196,12185
0.196,12184
0.196,12183
0.196,12182
0.196,12181
0.196,12180
0.196,12179
0.196,12178
0.196,12177
0.197,12176
0.197,12175
0.197,12174
0.197,12173
0.197,12172
0.197,12171
0.197,12170
0.197,12169
0.198,12168
0.198,12167
0.198,12166
0.198,12165
0.198,12164
0.198,12163
0.199,12162
0.199,12161
0.199,12160
0.199,12159
0.199,12158
0.207,12157
0.207,12156
0.207,12155
0.207,12154
0.208,12153
0.208,12152
0.208,12151
0.208,12150
0.208,12149
0.208,12148
0.208,12147
0.209,12146
0.209,12145
0.209,12144
0.209,12143
0.209,12142
0.209,12141
0.209,12140
0.209,12139
0.209,12138
0.209,12137
0.209,12136
0.21,12135
0.21,12134
0.21,12133
0.21,12132
0.21,12131
0.21,12130
0.21,12129
0.211,12128
0.211,12127
0.211,12126
0.211,12125
0.211,12124
0.211,12123
0.212,12122
0.212,12121
0.212,12120
0.212,12119
0.212,12118
0.212,12117
0.212,12116
0.212,12115
0.212,12114
0.212,12113
0.212,12112
0.213,12111
0.213,12110
0.213,12109
0.213,12108
0.213,12107
0.213,12106
0.213,12105
0.213,12104
0.214,12103
0.214,12102
0.214,12101
0.214,12100
0.214,12099
0.214,12098
0.215,12097
0.215,12096
0.215,12095
0.215,12094
0.215,12093
0.215,12092
0.215,12091
0.215,12090
0.216,12089
0.216,12088
0.216,12087
0.216,12086
0.216,12085
0.216,12084
0.217,12083
0.217,12082
0.217,12081
0.217,12080
0.217,12079
0.217,12078
0.217,12077
0.217,12076
0.218,12075
0.218,12074
0.218,12073
0.218,12072
0.218,12071
0.218,12070
0.218,12069
0.218,12068
0.219,12067
0.219,12066
0.219,12065
0.219,12064
0.219,12063
0.219,12062
0.22,12061
0.22,12060
0.22,12059
0.22,12058
0.22,12057
0.22,12056
0.22,12055
0.221,12054
0.221,12053
0.221,12052
0.221,12051
0.221,12050
0.221,12049
0.221,12048
0.222,12047
0.222,12046
0.222,12045
0.222,12044
0.222,12043
0.222,12042
0.222,12041
0.223,12040
0.223,12039
0.223,12038
0.223,12037
0.223,12036
0.223,12035
0.223,12034
0.223,12033
0.223,12032
0.223,12031
0.224,12030
0.224,12029
0.224,12028
0.224,12027
0.224,12026
0.224,12025
0.224,12024
0.224,12023
0.225,12022
0.225,12021
0.225,12020
0.225,12019
0.225,12018
0.225,12017
0.225,12016
0.225,12015
0.226,12014
0.226,12013
0.226,12012
0.226,12011
0.226,12010
0.226,12009
0.226,12008
0.226,12007
0.226,12006
0.226,12005
0.226,12004
0.227,12003
0.227,12002
0.227,12001
0.227,12000
0.227,11999
0.227,11998
0.227,11997
0.227,11996
0.227,11995
0.228,11994
0.228,11993
0.228,11992
0.228,11991
0.228,11990
0.228,11989
0.228,11988
0.228,11987
0.229,11986
0.229,11985
0.229,11984
0.229,11983
0.229,11982
0.229,11981
0.229,11980
0.23,11979
0.23,11978
0.23,11977
0.231,11976
0.231,11975
0.231,11974
0.231,11973
0.231,11972
0.231,11971
0.232,11970
0.232,11969
0.232,11968
0.232,11967
0.232,11966
0.233,11965
0.233,11964
0.233,11963
0.233,11962
0.233,11961
0.233,11960
0.234,11959
0.234,11958
0.234,11957
0.234,11956
0.235,11955
0.235,11954
0.235,11953
0.235,11952
0.235,11951
0.235,11950
0.235,11949
0.236,11948
0.236,11947
0.237,11946
0.237,11945
0.237,11944
0.237,11943
0.237,11942
0.238,11941
0.238,11940
0.238,11939
0.238,11938
0.238,11937
0.238,11936
0.238,11935
0.239,11934
0.239,11933
0.239,11932
0.239,11931
0.239,11930
0.239,11929
0.24,11928
0.24,11927
0.24,11926
0.24,11925
0.24,11924
0.24,11923
0.24,11922
0.241,11921
0.241,11920
0.241,11919
0.241,11918
0.241,11917
0.241,11916
0.241,11915
0.241,11914
0.241,11913
0.241,11912
0.242,11911
0.242,11910
0.242,11909
0.242,11908
0.242,11907
0.242,11906
0.242,11905
0.242,11904
0.242,11903
0.242,11902
0.242,11901
0.243,11900
0.243,11899
0.243,11898
0.243,11897
0.243,11896
0.243,11895
0.243,11894
0.243,11893
0.244,11892
0.244,11891
0.244,11890
0.244,11889
0.244,11888
0.244,11887
0.244,11886
0.244,11885
0.245,11884
0.245,11883
0.245,11882
0.245,11881
0.245,11880
0.245,11879
0.245,11878
0.245,11877
0.246,11876
0.246,11875
0.246,11874
0.246,11873
0.246,11872
0.247,11871
0.247,11870
0.247,11869
0.247,11868
0.247,11867
0.247,11866
0.248,11865
0.248,11864
0.248,11863
0.248,11862
0.248,11861
0.248,11860
0.248,11859
0.248,11858
0.248,11857
0.249,11856
0.249,11855
0.249,11854
0.249,11853
0.249,11852
0.25,11851
0.25,11850
0.25,11849
0.251,11848
0.251,11847
0.251,11846
0.252,11845
0.252,11844
0.252,11843
0.252,11842
0.252,11841
0.252,11840
0.253,11839
0.253,11838
0.253,11837
0.253,11836
0.253,11835
0.253,11834
0.253,11833
0.254,11832
0.254,11831
0.254,11830
0.254,11829
0.254,11828
0.255,11827
0.255,11826
0.255,11825
0.255,11824
0.256,11823
0.256,11822
0.256,11821
0.256,11820
0.256,11819
0.257,11818
0.257,11817
0.257,11816
0.257,11815
0.257,11814
0.257,11813
0.258,11812
0.258,11811
0.258,11810
0.258,11809
0.258,11808
0.259,11807
0.259,11806
0.259,11805
0.259,11804
0.259,11803
0.259,11802
0.26,11801
0.26,11800
0.26,11799
0.261,11798
0.261,11797
0.261,11796
0.261,11795
0.261,11794
0.261,11793
0.261,11792
0.261,11791
0.262,11790
0.262,11789
0.262,11788
0.262,11787
0.262,11786
0.263,11785
0.263,11784
0.263,11783
0.263,11782
0.263,11781
0.263,11780
0.264,11779
0.264,11778
0.264,11777
0.264,11776
0.264,11775
0.264,11774
0.264,11773
0.265,11772
0.265,11771
0.265,11770
0.266,11769
0.266,11768
0.266,11767
0.266,11766
0.266,11765
0.266,11764
0.267,11763
0.267,11762
0.267,11761
0.267,11760
0.268,11759
0.268,11758
0.268,11757
0.268,11756
0.268,11755
0.268,11754
0.268,11753
0.269,11752
0.269,11751
0.269,11750
0.269,11749
0.27,11748
0.27,11747
0.27,11746
0.27,11745
0.27,11744
0.271,11743
0.271,11742
0.271,11741
0.271,11740
0.271,11739
0.271,11738
0.271,11737
0.272,11736
0.272,11735
0.272,11734
0.272,11733
0.272,11732
0.272,11731
0.273,11730
0.273,11729
0.273,11728
0.273,11727
0.274,11726
0.274,11725
0.274,11724
0.274,11723
0.274,11722
0.274,11721
0.274,11720
0.275,11719
0.275,11718
0.275,11717
0.275,11716
0.275,11715
0.275,11714
0.276,11713
0.276,11712
0.276,11711
0.276,11710
0.276,11709
0.276,11708
0.277,11707
0.277,11706
0.278,11705
0.278,11704
0.278,11703
0.278,11702
0.278,11701
0.278,11700
0.279,11699
0.279,11698
0.279,11697
0.279,11696
0.279,11695
0.279,11694
0.279,11693
0.279,11692
0.28,11691
0.28,11690
0.28,11689
0.281,11688
0.281,11687
0.281,11686
0.281,11685
0.281,11684
0.282,11683
0.282,11682
0.282,11681
0.282,11680
0.282,11679
0.282,11678
0.282,11677
0.283,11676
0.283,11675
0.283,11674
0.283,11673
0.283,11672
0.284,11671
0.284,11670
0.284,11669
0.284,11668
0.284,11667
0.285,11666
0.285,11665
0.285,11664
0.285,11663
0.285,11662
0.285,11661
0.286,11660
0.286,11659
0.286,11658
0.286,11657
0.287,11656
0.287,11655
0.287,11654
0.287,11653
0.287,11652
0.287,11651
0.288,11650
0.288,11649
0.288,11648
0.288,11647
0.288,11646
0.289,11645
0.289,11644
0.289,11643
0.289,11642
0.29,11641
0.29,11640
0.29,11639
0.29,11638
0.29,11637
0.29,11636
0.291,11635
0.291,11634
0.291,11633
0.291,11632
0.291,11631
0.291,11630
0.291,11629
0.291,11628
0.292,11627
0.292,11626
0.292,11625
0.292,11624
0.293,11623
0.293,11622
0.293,11621
0.293,11620
0.293,11619
0.293,11618
0.293,11617
0.293,11616
0.293,11615
0.294,11614
0.294,11613
0.294,11612
0.294,11611
0.295,11610
0.295,11609
0.295,11608
0.295,11607
0.295,11606
0.295,11605
0.296,11604
0.296,11603
0.296,11602
0.296,11601
0.296,11600
0.296,11599
0.296,11598
0.296,11597
0.297,11596
0.297,11595
0.297,11594
0.297,11593
0.297,11592
0.298,11591
0.298,11590
0.298,11589
0.298,11588
0.299,11587
0.299,11586
0.299,11585
0.299,11584
0.299,11583
0.299,11582
0.3,11581
0.3,11580
0.3,11579
0.3,11578
0.3,11577
0.3,11576
0.3,11575
0.3,11574
0.301,11573
0.301,11572
0.301,11571
0.301,11570
0.301,11569
0.302,11568
0.302,11567
0.302,11566
0.302,11565
0.302,11564
0.303,11563
0.303,11562
0.303,11561
0.303,11560
0.303,11559
0.303,11558
0.303,11557
0.303,11556
0.303,11555
0.304,11554
0.304,11553
0.304,11552
0.304,11551
0.304,11550
0.304,11549
0.304,11548
0.304,11547
0.305,11546
0.305,11545
0.305,11544
0.305,11543
0.305,11542
0.305,11541
0.306,11540
0.306,11539
0.306,11538
0.306,11537
0.306,11536
0.306,11535
0.306,11534
0.306,11533
0.307,11532
0.307,11531
0.307,11530
0.307,11529
0.307,11528
0.308,11527
0.308,11526
0.308,11525
0.308,11524
0.308,11523
0.308,11522
0.308,11521
0.308,11520
0.308,11519
0.308,11518
0.309,11517
0.309,11516
0.309,11515
0.309,11514
0.309,11513
0.309,11512
0.31,11511
0.31,11510
0.31,11509
0.31,11508
0.31,11507
0.31,11506
0.31,11505
0.311,11504
0.311,11503
0.311,11502
0.311,11501
0.311,11500
0.311,11499
0.312,11498
0.312,11497
0.312,11496
0.312,11495
0.312,11494
0.312,11493
0.313,11492
0.313,11491
0.313,11490
0.313,11489
0.313,11488
0.313,11487
0.313,11486
0.313,11485
0.313,11484
0.314,11483
0.314,11482
0.314,11481
0.314,11480
0.314,11479
0.314,11478
0.315,11477
0.315,11476
0.315,11475
0.315,11474
0.315,11473
0.315,11472
0.315,11471
0.315,11470
0.316,11469
0.316,11468
0.316,11467
0.316,11466
0.316,11465
0.316,11464
0.316,11463
0.316,11462
0.317,11461
0.317,11460
0.317,11459
0.317,11458
0.317,11457
0.318,11456
0.318,11455
0.318,11454
0.318,11453
0.318,11452
0.318,11451
0.318,11450
0.318,11449
0.319,11448
0.319,11447
0.319,11446
0.319,11445
0.319,11444
0.319,11443
0.319,11442
0.319,11441
0.32,11440
0.32,11439
0.32,11438
0.32,11437
0.32,11436
0.32,11435
0.32,11434
0.321,11433
0.321,11432
0.321,11431
0.321,11430
0.321,11429
0.321,11428
0.322,11427
0.322,11426
0.322,11425
0.323,11424
0.323,11423
0.323,11422
0.323,11421
0.323,11420
0.323,11419
0.324,11418
0.324,11417
0.324,11416
0.324,11415
0.324,11414
0.325,11413
0.325,11412
0.325,11411
0.325,11410
0.325,11409
0.325,11408
0.325,11407
0.325,11406
0.325,11405
0.325,11404
0.326,11403
0.326,11402
0.326,11401
0.326,11400
0.326,11399
0.326,11398
0.326,11397
0.326,11396
0.326,11395
0.327,11394
0.327,11393
0.327,11392
0.327,11391
0.327,11390
0.328,11389
0.328,11388
0.328,11387
0.328,11386
0.328,11385
0.328,11384
0.328,11383
0.328,11382
0.329,11381
0.329,11380
0.329,11379
0.329,11378
0.329,11377
0.329,11376
0.33,11375
0.33,11374
0.33,11373
0.33,11372
0.33,11371
0.33,11370
0.331,11369
0.331,11368
0.331,11367
0.331,11366
0.331,11365
0.331,11364
0.331,11363
0.332,11362
0.332,11361
0.332,11360
0.332,11359
0.332,11358
0.333,11357
0.333,11356
0.333,11355
0.333,11354
0.333,11353
0.333,11352
0.333,11351
0.333,11350
0.333,11349
0.334,11348
0.334,11347
0.334,11346
0.334,11345
0.334,11344
0.335,11343
0.335,11342
0.335,11341
0.335,11340
0.335,11339
0.335,11338
0.335,11337
0.336,11336
0.336,11335
0.336,11334
0.336,11333
0.336,11332
0.336,11331
0.336,11330
0.336,11329
0.336,11328
0.337,11327
0.337,11326
0.337,11325
0.337,11324
0.337,11323
0.337,11322
0.337,11321
0.338,11320
0.338,11319
0.338,11318
0.338,11317
0.338,11316
0.339,11315
0.339,11314
0.339,11313
0.339,11312
0.339,11311
0.34,11310
0.34,11309
0.34,11308
0.34,11307
0.34,11306
0.34,11305
0.34,11304
0.34,11303
0.34,11302
0.341,11301
0.341,11300
0.341,11299
0.341,11298
0.341,11297
0.341,11296
0.341,11295
0.341,11294
0.341,11293
0.341,11292
0.341,11291
0.341,11290
0.342,11289
0.342,11288
0.342,11287
0.342,11286
0.342,11285
0.342,11284
0.342,11283
0.342,11282
0.342,11281
0.343,11280
0.343,11279
0.343,11278
0.343,11277
0.343,11276
0.343,11275
0.344,11274
0.344,11273
0.344,11272
0.344,11271
0.344,11270
0.344,11269
0.344,11268
0.344,11267
0.345,11266
0.345,11265
0.345,11264
0.345,11263
0.345,11262
0.345,11261
0.345,11260
0.345,11259
0.345,11258
0.346,11257
0.346,11256
0.346,11255
0.346,11254
0.346,11253
0.346,11252
0.346,11251
0.347,11250
0.347,11249
0.347,11248
0.347,11247
0.347,11246
0.347,11245
0.347,11244
0.348,11243
0.348,11242
0.348,11241
0.348,11240
0.348,11239
0.348,11238
0.348,11237
0.349,11236
0.349,11235
0.349,11234
0.35,11233
0.35,11232
0.35,11231
0.35,11230
0.351,11229
0.351,11228
0.351,11227
0.351,11226
0.351,11225
0.351,11224
0.351,11223
0.351,11222
0.352,11221
0.352,11220
0.352,11219
0.352,11218
0.352,11217
0.352,11216
0.352,11215
0.36,11214
0.36,11213
0.361,11212
0.361,11211
0.361,11210
0.361,11209
0.361,11208
0.361,11207
0.362,11206
0.362,11205
0.362,11204
0.362,11203
0.362,11202
0.362,11201
0.363,11200
0.363,11199
0.363,11198
0.363,11197
0.363,11196
0.363,11195
0.363,11194
0.364,11193
0.364,11192
0.364,11191
0.364,11190
0.364,11189
0.364,11188
0.364,11187
0.365,11186
0.365,11185
0.365,11184
0.365,11183
0.365,11182
0.365,11181
0.365,11180
0.365,11179
0.365,11178
0.365,11177
0.366,11176
0.366,11175
0.366,11174
0.366,11173
0.366,11172
0.366,11171
0.366,11170
0.367,11169
0.367,11168
0.367,11167
0.367,11166
0.367,11165
0.367,11164
0.367,11163
0.367,11162
0.368,11161
0.368,11160
0.368,11159
0.368,11158
0.368,11157
0.368,11156
0.369,11155
0.369,11154
0.369,11153
0.369,11152
0.37,11151
0.37,11150
0.37,11149
0.37,11148
0.37,11147
0.37,11146
0.37,11145
0.37,11144
0.37,11143
0.371,11142
0.371,11141
0.371,11140
0.371,11139
0.371,11138
0.371,11137
0.372,11136
0.372,11135
0.372,11134
0.373,11133
0.373,11132
0.373,11131
0.374,11130
0.374,11129
0.374,11128
0.374,11127
0.374,11126
0.374,11125
0.374,11124
0.374,11123
0.374,11122
0.374,11121
0.375,11120
0.375,11119
0.375,11118
0.375,11117
0.375,11116
0.375,11115
0.375,11114
0.376,11113
0.376,11112
0.376,11111
0.376,11110
0.376,11109
0.376,11108
0.376,11107
0.376,11106
0.377,11105
0.377,11104
0.377,11103
0.377,11102
0.377,11101
0.377,11100
0.377,11099
0.377,11098
0.377,11097
0.378,11096
0.378,11095
0.378,11094
0.378,11093
0.378,11092
0.378,11091
0.378,11090
0.378,11089
0.378,11088
0.378,11087
0.379,11086
0.379,11085
0.379,11084
0.379,11083
0.379,11082
0.38,11081
0.38,11080
0.38,11079
0.38,11078
0.38,11077
0.38,11076
0.38,11075
0.38,11074
0.38,11073
0.381,11072
0.381,11071
0.381,11070
0.381,11069
0.381,11068
0.381,11067
0.382,11066
0.382,11065
0.382,11064
0.382,11063
0.382,11062
0.383,11061
0.383,11060
0.383,11059
0.383,11058
0.383,11057
0.383,11056
0.383,11055
0.383,11054
0.384,11053
0.384,11052
0.384,11051
0.384,11050
0.384,11049
0.384,11048
0.384,11047
0.385,11046
0.385,11045
0.385,11044
0.385,11043
0.386,11042
0.386,11041
0.386,11040
0.386,11039
0.386,11038
0.386,11037
0.386,11036
0.386,11035
0.386,11034
0.387,11033
0.387,11032
0.387,11031
0.387,11030
0.387,11029
0.387,11028
0.387,11027
0.388,11026
0.388,11025
0.388,11024
0.388,11023
0.388,11022
0.388,11021
0.388,11020
0.388,11019
0.389,11018
0.389,11017
0.389,11016
0.389,11015
0.389,11014
0.389,11013
0.389,11012
0.389,11011
0.39,11010
0.39,11009
0.39,11008
0.39,11007
0.39,11006
0.39,11005
0.39,11004
0.391,11003
0.391,11002
0.391,11001
0.391,11000
0.391,10999
0.392,10998
0.392,10997
0.392,10996
0.392,10995
0.392,10994
0.392,10993
0.393,10992
0.393,10991
0.393,10990
0.393,10989
0.393,10988
0.393,10987
0.393,10986
0.394,10985
0.394,10984
0.394,10983
0.394,10982
0.394,10981
0.394,10980
0.394,10979
0.394,10978
0.395,10977
0.395,10976
0.395,10975
0.395,10974
0.395,10973
0.395,10972
0.395,10971
0.395,10970
0.395,10969
0.395,10968
0.396,10967
0.396,10966
0.396,10965
0.396,10964
0.396,10963
0.396,10962
0.396,10961
0.397,10960
0.397,10959
0.397,10958
0.397,10957
0.397,10956
0.397,10955
0.398,10954
0.398,10953
0.398,10952
0.398,10951
0.398,10950
0.398,10949
0.398,10948
0.398,10947
0.399,10946
0.399,10945
0.399,10944
0.399,10943
0.399,10942
0.4,10941
0.4,10940
0.4,10939
0.4,10938
0.4,10937
0.401,10936
0.401,10935
0.401,10934
0.401,10933
0.401,10932
0.401,10931
0.402,10930
0.402,10929
0.402,10928
0.402,10927
0.402,10926
0.402,10925
0.403,10924
0.403,10923
0.403,10922
0.403,10921
0.404,10920
0.404,10919
0.404,10918
0.404,10917
0.404,10916
0.404,10915
0.404,10914
0.404,10913
0.405,10912
0.405,10911
0.405,10910
0.405,10909
0.405,10908
0.405,10907
0.405,10906
0.405,10905
0.405,10904
0.405,10903
0.406,10902
0.406,10901
0.406,10900
0.406,10899
0.406,10898
0.406,10897
0.406,10896
0.406,10895
0.406,10894
0.407,10893
0.407,10892
0.407,10891
0.407,10890
0.407,10889
0.407,10888
0.407,10887
0.408,10886
0.408,10885
0.408,10884
0.408,10883
0.408,10882
0.408,10881
0.408,10880
0.409,10879
0.409,10878
0.409,10877
0.409,10876
0.409,10875
0.409,10874
0.409,10873
0.409,10872
0.409,10871
0.409,10870
0.41,10869
0.41,10868
0.41,10867
0.41,10866
0.411,10865
0.411,10864
0.411,10863
0.411,10862
0.411,10861
0.411,10860
0.411,10859
0.411,10858
0.411,10857
0.412,10856
0.412,10855
0.412,10854
0.412,10853
0.412,10852
0.412,10851
0.412,10850
0.412,10849
0.412,10848
0.412,10847
0.412,10846
0.412,10845
0.412,10844
0.413,10843
0.413,10842
0.413,10841
0.413,10840
0.413,10839
0.413,10838
0.413,10837
0.413,10836
0.413,10835
0.413,10834
0.414,10833
0.414,10832
0.414,10831
0.414,10830
0.414,10829
0.415,10828
0.415,10827
0.415,10826
0.415,10825
0.415,10824
0.415,10823
0.415,10822
0.415,10821
0.416,10820
0.416,10819
0.416,10818
0.416,10817
0.416,10816
0.416,10815
0.416,10814
0.416,10813
0.417,10812
0.417,10811
0.417,10810
0.417,10809
0.417,10808
0.417,10807
0.417,10806
0.417,10805
0.418,10804
0.418,10803
0.418,10802
0.418,10801
0.418,10800
0.418,10799
0.418,10798
0.419,10797
0.419,10796
0.419,10795
0.419,10794
0.419,10793
0.419,10792
0.419,10791
0.419,10790
0.419,10789
0.42,10788
0.42,10787
0.42,10786
0.42,10785
0.42,10784
0.42,10783
0.42,10782
0.42,10781
0.421,10780
0.421,10779
0.421,10778
0.421,10777
0.421,10776
0.422,10775
0.422,10774
0.422,10773
0.422,10772
0.422,10771
0.423,10770
0.423,10769
0.423,10768
0.423,10767
0.423,10766
0.423,10765
0.423,10764
0.424,10763
0.424,10762
0.424,10761
0.424,10760
0.424,10759
0.424,10758
0.424,10757
0.425,10756
0.425,10755
0.425,10754
0.425,10753
0.425,10752
0.425,10751
0.425,10750
0.425,10749
0.426,10748
0.426,10747
0.426,10746
0.426,10745
0.426,10744
0.426,10743
0.426,10742
0.426,10741
0.427,10740
0.427,10739
0.427,10738
0.427,10737
0.427,10736
0.427,10735
0.427,10734
0.427,10733
0.428,10732
0.428,10731
0.428,10730
0.428,10729
0.428,10728
0.428,10727
0.428,10726
0.428,10725
0.428,10724
0.428,10723
0.428,10722
0.429,10721
0.429,10720
0.429,10719
0.429,10718
0.429,10717
0.429,10716
0.429,10715
0.429,10714
0.43,10713
0.43,10712
0.43,10711
0.43,10710
0.431,10709
0.431,10708
0.431,10707
0.431,10706
0.431,10705
0.432,10704
0.432,10703
0.432,10702
0.432,10701
0.432,10700
0.432,10699
0.432,10698
0.432,10697
0.433,10696
0.433,10695
0.433,10694
0.433,10693
0.433,10692
0.433,10691
0.434,10690
0.434,10689
0.434,10688
0.434,10687
0.434,10686
0.434,10685
0.435,10684
0.435,10683
0.435,10682
0.435,10681
0.435,10680
0.435,10679
0.436,10678
0.436,10677
0.436,10676
0.436,10675
0.436,10674
0.437,10673
0.437,10672
0.437,10671
0.437,10670
0.437,10669
0.437,10668
0.437,10667
0.437,10666
0.438,10665
0.438,10664
0.438,10663
0.438,10662
0.438,10661
0.438,10660
0.438,10659
0.438,10658
0.439,10657
0.439,10656
0.439,10655
0.439,10654
0.439,10653
0.439,10652
0.44,10651
0.44,10650
0.44,10649
0.44,10648
0.44,10647
0.44,10646
0.44,10645
0.44,10644
0.44,10643
0.44,10642
0.441,10641
0.441,10640
0.441,10639
0.441,10638
0.441,10637
0.441,10636
0.441,10635
0.442,10634
0.442,10633
0.442,10632
0.442,10631
0.442,10630
0.442,10629
0.442,10628
0.443,10627
0.443,10626
0.443,10625
0.443,10624
0.443,10623
0.443,10622
0.443,10621
0.444,10620
0.444,10619
0.444,10618
0.444,10617
0.444,10616
0.444,10615
0.444,10614
0.444,10613
0.445,10612
0.445,10611
0.445,10610
0.446,10609
0.446,10608
0.446,10607
0.446,10606
0.446,10605
0.446,10604
0.446,10603
0.446,10602
0.447,10601
0.447,10600
0.447,10599
0.447,10598
0.447,10597
0.447,10596
0.447,10595
0.447,10594
0.448,10593
0.448,10592
0.448,10591
0.448,10590
0.448,10589
0.448,10588
0.448,10587
0.449,10586
0.449,10585
0.449,10584
0.449,10583
0.449,10582
0.449,10581
0.449,10580
0.449,10579
0.449,10578
0.449,10577
0.45,10576
0.45,10575
0.45,10574
0.45,10573
0.45,10572
0.451,10571
0.451,10570
0.451,10569
0.452,10568
0.452,10567
0.452,10566
0.452,10565
0.452,10564
0.453,10563
0.453,10562
0.453,10561
0.453,10560
0.453,10559
0.453,10558
0.453,10557
0.454,10556
0.454,10555
0.454,10554
0.454,10553
0.454,10552
0.454,10551
0.454,10550
0.454,10549
0.454,10548
0.455,10547
0.455,10546
0.455,10545
0.455,10544
0.455,10543
0.455,10542
0.455,10541
0.455,10540
0.455,10539
0.455,10538
0.455,10537
0.455,10536
0.456,10535
0.456,10534
0.456,10533
0.456,10532
0.456,10531
0.456,10530
0.456,10529
0.457,10528
0.457,10527
0.457,10526
0.457,10525
0.458,10524
0.458,10523
0.458,10522
0.458,10521
0.458,10520
0.458,10519
0.458,10518
0.458,10517
0.458,10516
0.459,10515
0.459,10514
0.459,10513
0.459,10512
0.459,10511
0.459,10510
0.459,10509
0.459,10508
0.459,10507
0.459,10506
0.459,10505
0.46,10504
0.46,10503
0.46,10502
0.46,10501
0.46,10500
0.46,10499
0.46,10498
0.46,10497
0.46,10496
0.461,10495
0.461,10494
0.461,10493
0.461,10492
0.461,10491
0.461,10490
0.462,10489
0.462,10488
0.462,10487
0.463,10486
0.463,10485
0.463,10484
0.463,10483
0.463,10482
0.464,10481
0.464,10480
0.464,10479
0.464,10478
0.464,10477
0.464,10476
0.464,10475
0.465,10474
0.465,10473
0.465,10472
0.465,10471
0.465,10470
0.465,10469
0.465,10468
0.465,10467
0.465,10466
0.466,10465
0.466,10464
0.466,10463
0.466,10462
0.466,10461
0.466,10460
0.466,10459
0.467,10458
0.467,10457
0.467,10456
0.467,10455
0.467,10454
0.467,10453
0.467,10452
0.468,10451
0.468,10450
0.468,10449
0.468,10448
0.469,10447
0.469,10446
0.469,10445
0.469,10444
0.469,10443
0.47,10442
0.47,10441
0.47,10440
0.47,10439
0.47,10438
0.47,10437
0.47,10436
0.47,10435
0.471,10434
0.471,10433
0.471,10432
0.471,10431
0.471,10430
0.471,10429
0.471,10428
0.472,10427
0.472,10426
0.472,10425
0.472,10424
0.472,10423
0.472,10422
0.472,10421
0.472,10420
0.472,10419
0.473,10418
0.473,10417
0.473,10416
0.473,10415
0.473,10414
0.473,10413
0.473,10412
0.473,10411
0.474,10410
0.474,10409
0.474,10408
0.474,10407
0.474,10406
0.474,10405
0.474,10404
0.475,10403
0.475,10402
0.475,10401
0.475,10400
0.475,10399
0.475,10398
0.476,10397
0.476,10396
0.476,10395
0.476,10394
0.477,10393
0.477,10392
0.477,10391
0.477,10390
0.477,10389
0.478,10388
0.478,10387
0.478,10386
0.478,10385
0.478,10384
0.479,10383
0.479,10382
0.479,10381
0.479,10380
0.479,10379
0.479,10378
0.479,10377
0.479,10376
0.48,10375
0.48,10374
0.48,10373
0.48,10372
0.48,10371
0.48,10370
0.481,10369
0.481,10368
0.481,10367
0.481,10366
0.481,10365
0.481,10364
0.481,10363
0.481,10362
0.481,10361
0.482,10360
0.482,10359
0.482,10358
0.482,10357
0.482,10356
0.482,10355
0.483,10354
0.483,10353
0.483,10352
0.483,10351
0.483,10350
0.484,10349
0.484,10348
0.484,10347
0.484,10346
0.484,10345
0.484,10344
0.484,10343
0.484,10342
0.485,10341
0.485,10340
0.485,10339
0.485,10338
0.485,10337
0.485,10336
0.485,10335
0.485,10334
0.485,10333
0.486,10332
0.486,10331
0.486,10330
0.486,10329
0.487,10328
0.487,10327
0.487,10326
0.487,10325
0.487,10324
0.487,10323
0.487,10322
0.487,10321
0.487,10320
0.488,10319
0.488,10318
0.488,10317
0.488,10316
0.488,10315
0.488,10314
0.488,10313
0.488,10312
0.489,10311
0.489,10310
0.489,10309
0.489,10308
0.489,10307
0.49,10306
0.49,10305
0.49,10304
0.49,10303
0.49,10302
0.49,10301
0.49,10300
0.491,10299
0.491,10298
0.491,10297
0.492,10296
0.492,10295
0.492,10294
0.492,10293
0.492,10292
0.493,10291
0.493,10290
0.493,10289
0.493,10288
0.493,10287
0.493,10286
0.493,10285
0.494,10284
0.494,10283
0.494,10282
0.494,10281
0.494,10280
0.494,10279
0.495,10278
0.504,10277
0.504,10276
0.504,10275
0.504,10274
0.504,10273
0.505,10272
0.505,10271
0.505,10270
0.505,10269
0.505,10268
0.505,10267
0.506,10266
0.506,10265
0.506,10264
0.506,10263
0.506,10262
0.506,10261
0.506,10260
0.506,10259
0.506,10258
0.506,10257
0.506,10256
0.507,10255
0.507,10254
0.507,10253
0.507,10252
0.507,10251
0.507,10250
0.507,10249
0.507,10248
0.508,10247
0.508,10246
0.508,10245
0.508,10244
0.508,10243
0.508,10242
0.508,10241
0.508,10240
0.508,10239
0.509,10238
0.509,10237
0.509,10236
0.509,10235
0.509,10234
0.51,10233
0.51,10232
0.51,10231
0.51,10230
0.51,10229
0.51,10228
0.51,10227
0.511,10226
0.511,10225
0.511,10224
0.511,10223
0.511,10222
0.511,10221
0.511,10220
0.511,10219
0.511,10218
0.512,10217
0.512,10216
0.512,10215
0.512,10214
0.512,10213
0.512,10212
0.512,10211
0.513,10210
0.513,10209
0.513,10208
0.513,10207
0.513,10206
0.513,10205
0.514,10204
0.514,10203
0.514,10202
0.514,10201
0.514,10200
0.514,10199
0.515,10198
0.515,10197
0.515,10196
0.515,10195
0.515,10194
0.515,10193
0.516,10192
0.516,10191
0.516,10190
0.516,10189
0.516,10188
0.516,10187
0.516,10186
0.516,10185
0.516,10184
0.517,10183
0.517,10182
0.517,10181
0.517,10180
0.517,10179
0.517,10178
0.517,10177
0.518,10176
0.518,10175
0.518,10174
0.518,10173
0.518,10172
0.518,10171
0.518,10170
0.519,10169
0.519,10168
0.519,10167
0.519,10166
0.519,10165
0.519,10164
0.519,10163
0.52,10162
0.52,10161
0.52,10160
0.52,10159
0.52,10158
0.52,10157
0.52,10156
0.52,10155
0.52,10154
0.52,10153
0.521,10152
0.521,10151
0.521,10150
0.521,10149
0.521,10148
0.521,10147
0.522,10146
0.522,10145
0.522,10144
0.522,10143
0.522,10142
0.522,10141
0.522,10140
0.523,10139
0.523,10138
0.523,10137
0.523,10136
0.523,10135
0.523,10134
0.523,10133
0.523,10132
0.523,10131
0.523,10130
0.524,10129
0.524,10128
0.524,10127
0.524,10126
0.524,10125
0.524,10124
0.524,10123
0.525,10122
0.525,10121
0.525,10120
0.525,10119
0.525,10118
0.525,10117
0.525,10116
0.525,10115
0.525,10114
0.526,10113
0.526,10112
0.526,10111
0.526,10110
0.526,10109
0.527,10108
0.527,10107
0.527,10106
0.527,10105
0.527,10104
0.527,10103
0.527,10102
0.528,10101
0.528,10100
0.528,10099
0.528,10098
0.528,10097
0.528,10096
0.528,10095
0.529,10094
0.529,10093
0.529,10092
0.529,10091
0.529,10090
0.529,10089
0.529,10088
0.529,10087
0.53,10086
0.53,10085
0.53,10084
0.53,10083
0.53,10082
0.53,10081
0.53,10080
0.53,10079
0.531,10078
0.531,10077
0.531,10076
0.531,10075
0.531,10074
0.531,10073
0.531,10072
0.532,10071
0.532,10070
0.532,10069
0.532,10068
0.532,10067
0.533,10066
0.533,10065
0.533,10064
0.533,10063
0.533,10062
0.533,10061
0.534,10060
0.534,10059
0.534,10058
0.534,10057
0.534,10056
0.534,10055
0.534,10054
0.535,10053
0.535,10052
0.535,10051
0.535,10050
0.535,10049
0.535,10048
0.535,10047
0.535,10046
0.536,10045
0.536,10044
0.536,10043
0.536,10042
0.536,10041
0.536,10040
0.536,10039
0.536,10038
0.536,10037
0.537,10036
0.537,10035
0.537,10034
0.537,10033
0.537,10032
0.537,10031
0.537,10030
0.537,10029
0.537,10028
0.538,10027
0.538,10026
0.538,10025
0.538,10024
0.538,10023
0.538,10022
0.538,10021
0.538,10020
0.539,10019
0.539,10018
0.539,10017
0.539,10016
0.539,10015
0.539,10014
0.539,10013
0.539,10012
0.54,10011
0.54,10010
0.54,10009
0.54,10008
0.54,10007
0.54,10006
0.541,10005
0.541,10004
0.541,10003
0.541,10002
0.541,10001
0.541,10000
0.542,9999
0.542,9998
0.542,9997
0.542,9996
0.542,9995
0.542,9994
0.543,9993
0.543,9992
0.543,9991
0.543,9990
0.544,9989
0.544,9988
0.544,9987
0.544,9986
0.544,9985
0.544,9984
0.544,9983
0.545,9982
0.545,9981
0.545,9980
0.545,9979
0.545,9978
0.545,9977
0.545,9976
0.545,9975
0.545,9974
0.546,9973
0.546,9972
0.546,9971
0.546,9970
0.547,9969
0.547,9968
0.547,9967
0.547,9966
0.547,9965
0.547,9964
0.547,9963
0.547,9962
0.548,9961
0.548,9960
0.548,9959
0.548,9958
0.548,9957
0.548,9956
0.548,9955
0.548,9954
0.549,9953
0.549,9952
0.549,9951
0.549,9950
0.549,9949
0.549,9948
0.55,9947
0.55,9946
0.55,9945
0.55,9944
0.55,9943
0.55,9942
0.551,9941
0.551,9940
0.551,9939
0.551,9938
0.552,9937
0.552,9936
0.552,9935
0.552,9934
0.552,9933
0.553,9932
0.553,9931
0.553,9930
0.553,9929
0.553,9928
0.553,9927
0.553,9926
0.553,9925
0.553,9924
0.554,9923
0.554,9922
0.554,9921
0.554,9920
0.554,9919
0.554,9918
0.554,9917
0.554,9916
0.554,9915
0.554,9914
0.555,9913
0.555,9912
0.555,9911
0.555,9910
0.555,9909
0.555,9908
0.555,9907
0.556,9906
0.556,9905
0.556,9904
0.556,9903
0.556,9902
0.556,9901
0.556,9900
0.556,9899
0.556,9898
0.557,9897
0.557,9896
0.557,9895
0.557,9894
0.557,9893
0.557,9892
0.557,9891
0.558,9890
0.558,9889
0.558,9888
0.558,9887
0.559,9886
0.559,9885
0.559,9884
0.559,9883
0.559,9882
0.559,9881
0.559,9880
0.559,9879
0.559,9878
0.56,9877
0.56,9876
0.56,9875
0.56,9874
0.56,9873
0.56,9872
0.56,9871
0.56,9870
0.561,9869
0.561,9868
0.561,9867
0.561,9866
0.561,9865
0.561,9864
0.561,9863
0.562,9862
0.562,9861
0.562,9860
0.562,9859
0.562,9858
0.562,9857
0.562,9856
0.562,9855
0.562,9854
0.562,9853
0.563,9852
0.563,9851
0.563,9850
0.563,9849
0.563,9848
0.563,9847
0.563,9846
0.563,9845
0.563,9844
0.563,9843
0.564,9842
0.564,9841
0.564,9840
0.564,9839
0.564,9838
0.564,9837
0.565,9836
0.565,9835
0.565,9834
0.565,9833
0.565,9832
0.565,9831
0.566,9830
0.566,9829
0.566,9828
0.566,9827
0.566,9826
0.567,9825
0.567,9824
0.567,9823
0.567,9822
0.567,9821
0.567,9820
0.567,9819
0.568,9818
0.568,9817
0.568,9816
0.568,9815
0.568,9814
0.568,9813
0.568,9812
0.568,9811
0.568,9810
0.569,9809
0.569,9808
0.569,9807
0.569,9806
0.569,9805
0.569,9804
0.569,9803
0.57,9802
0.57,9801
0.57,9800
0.57,9799
0.57,9798
0.57,9797
0.57,9796
0.57,9795
0.571,9794
0.571,9793
0.571,9792
0.571,9791
0.571,9790
0.571,9789
0.571,9788
0.572,9787
0.572,9786
0.572,9785
0.572,9784
0.572,9783
0.572,9782
0.573,9781
0.573,9780
0.573,9779
0.573,9778
0.574,9777
0.574,9776
0.574,9775
0.574,9774
0.575,9773
0.575,9772
0.575,9771
0.575,9770
0.575,9769
0.575,9768
0.575,9767
0.576,9766
0.576,9765
0.576,9764
0.576,9763
0.576,9762
0.576,9761
0.576,9760
0.576,9759
0.576,9758
0.576,9757
0.577,9756
0.577,9755
0.577,9754
0.577,9753
0.577,9752
0.577,9751
0.578,9750
0.578,9749
0.578,9748
0.578,9747
0.578,9746
0.578,9745
0.579,9744
0.579,9743
0.579,9742
0.579,9741
0.579,9740
0.579,9739
0.579,9738
0.58,9737
0.58,9736
0.58,9735
0.58,9734
0.58,9733
0.58,9732
0.58,9731
0.58,9730
0.58,9729
0.58,9728
0.581,9727
0.581,9726
0.581,9725
0.581,9724
0.581,9723
0.581,9722
0.582,9721
0.582,9720
0.582,9719
0.582,9718
0.582,9717
0.582,9716
0.583,9715
0.583,9714
0.583,9713
0.583,9712
0.583,9711
0.583,9710
0.583,9709
0.584,9708
0.584,9707
0.584,9706
0.584,9705
0.584,9704
0.584,9703
0.584,9702
0.584,9701
0.584,9700
0.585,9699
0.585,9698
0.585,9697
0.585,9696
0.585,9695
0.585,9694
0.585,9693
0.585,9692
0.586,9691
0.586,9690
0.586,9689
0.586,9688
0.586,9687
0.586,9686
0.586,9685
0.587,9684
0.587,9683
0.587,9682
0.587,9681
0.587,9680
0.587,9679
0.587,9678
0.587,9677
0.588,9676
0.588,9675
0.588,9674
0.588,9673
0.588,9672
0.588,9671
0.588,9670
0.589,9669
0.589,9668
0.589,9667
0.589,9666
0.589,9665
0.589,9664
0.589,9663
0.589,9662
0.59,9661
0.59,9660
0.59,9659
0.59,9658
0.59,9657
0.59,9656
0.591,9655
0.591,9654
0.591,9653
0.591,9652
0.591,9651
0.591,9650
0.591,9649
0.591,9648
0.591,9647
0.591,9646
0.591,9645
0.591,9644
0.592,9643
0.592,9642
0.592,9641
0.592,9640
0.592,9639
0.592,9638
0.592,9637
0.592,9636
0.592,9635
0.592,9634
0.592,9633
0.592,9632
0.593,9631
0.593,9630
0.593,9629
0.593,9628
0.593,9627
0.593,9626
0.593,9625
0.593,9624
0.593,9623
0.593,9622
0.594,9621
0.594,9620
0.594,9619
0.594,9618
0.594,9617
0.594,9616
0.594,9615
0.594,9614
0.595,9613
0.595,9612
0.595,9611
0.595,9610
0.595,9609
0.595,9608
0.596,9607
0.596,9606
0.596,9605
0.596,9604
0.596,9603
0.596,9602
0.596,9601
0.596,9600
0.596,9599
0.596,9598
0.596,9597
0.597,9596
0.597,9595
0.597,9594
0.597,9593
0.597,9592
0.597,9591
0.597,9590
0.597,9589
0.597,9588
0.597,9587
0.598,9586
0.598,9585
0.599,9584
0.599,9583
0.599,9582
0.599,9581
0.599,9580
0.599,9579
0.599,9578
0.6,9577
0.6,9576
0.6,9575
0.6,9574
0.6,9573
0.601,9572
0.601,9571
0.601,9570
0.601,9569
0.601,9568
0.601,9567
0.601,9566
0.602,9565
0.602,9564
0.602,9563
0.602,9562
0.602,9561
0.603,9560
0.603,9559
0.603,9558
0.603,9557
0.603,9556
0.603,9555
0.604,9554
0.604,9553
0.604,9552
0.604,9551
0.604,9550
0.604,9549
0.605,9548
0.605,9547
0.605,9546
0.606,9545
0.606,9544
0.606,9543
0.606,9542
0.606,9541
0.606,9540
0.606,9539
0.607,9538
0.607,9537
0.607,9536
0.607,9535
0.607,9534
0.607,9533
0.607,9532
0.608,9531
0.608,9530
0.608,9529
0.608,9528
0.608,9527
0.608,9526
0.608,9525
0.608,9524
0.609,9523
0.609,9522
0.609,9521
0.609,9520
0.609,9519
0.609,9518
0.609,9517
0.609,9516
0.61,9515
0.61,9514
0.61,9513
0.61,9512
0.61,9511
0.61,9510
0.61,9509
0.61,9508
0.611,9507
0.611,9506
0.611,9505
0.611,9504
0.611,9503
0.611,9502
0.611,9501
0.611,9500
0.612,9499
0.612,9498
0.612,9497
0.612,9496
0.612,9495
0.612,9494
0.612,9493
0.612,9492
0.613,9491
0.613,9490
0.613,9489
0.613,9488
0.613,9487
0.613,9486
0.613,9485
0.614,9484
0.614,9483
0.614,9482
0.614,9481
0.614,9480
0.614,9479
0.614,9478
0.615,9477
0.615,9476
0.615,9475
0.615,9474
0.615,9473
0.615,9472
0.615,9471
0.615,9470
0.615,9469
0.615,9468
0.616,9467
0.616,9466
0.616,9465
0.616,9464
0.616,9463
0.616,9462
0.616,9461
0.617,9460
0.617,9459
0.617,9458
0.617,9457
0.617,9456
0.617,9455
0.617,9454
0.617,9453
0.617,9452
0.617,9451
0.617,9450
0.617,9449
0.618,9448
0.618,9447
0.618,9446
0.618,9445
0.618,9444
0.618,9443
0.618,9442
0.618,9441
0.619,9440
0.619,9439
0.619,9438
0.619,9437
0.619,9436
0.619,9435
0.619,9434
0.619,9433
0.619,9432
0.619,9431
0.619,9430
0.62,9429
0.62,9428
0.62,9427
0.62,9426
0.62,9425
0.62,9424
0.62,9423
0.621,9422
0.621,9421
0.621,9420
0.621,9419
0.621,9418
0.621,9417
0.621,9416
0.621,9415
0.621,9414
0.622,9413
0.622,9412
0.622,9411
0.622,9410
0.622,9409
0.622,9408
0.622,9407
0.622,9406
0.622,9405
0.622,9404
0.622,9403
0.622,9402
0.623,9401
0.623,9400
0.623,9399
0.623,9398
0.623,9397
0.623,9396
0.623,9395
0.624,9394
0.624,9393
0.624,9392
0.624,9391
0.624,9390
0.624,9389
0.624,9388
0.625,9387
0.625,9386
0.625,9385
0.625,9384
0.625,9383
0.625,9382
0.625,9381
0.625,9380
0.625,9379
0.625,9378
0.625,9377
0.626,9376
0.626,9375
0.626,9374
0.626,9373
0.626,9372
0.626,9371
0.626,9370
0.627,9369
0.627,9368
0.627,9367
0.627,9366
0.627,9365
0.627,9364
0.628,9363
0.628,9362
0.628,9361
0.628,9360
0.628,9359
0.628,9358
0.628,9357
0.628,9356
0.628,9355
0.629,9354
0.629,9353
0.629,9352
0.629,9351
0.629,9350
0.63,9349
0.63,9348
0.63,9347
0.63,9346
0.63,9345
0.631,9344
0.631,9343
0.631,9342
0.631,9341
0.631,9340
0.631,9339
0.632,9338
0.632,9337
0.632,9336
0.632,9335
0.632,9334
0.632,9333
0.632,9332
0.633,9331
0.633,9330
0.633,9329
0.633,9328
0.633,9327
0.633,9326
0.633,9325
0.633,9324
0.633,9323
0.634,9322
0.634,9321
0.634,9320
0.634,9319
0.634,9318
0.634,9317
0.634,9316
0.635,9315
0.635,9314
0.635,9313
0.635,9312
0.635,9311
0.635,9310
0.635,9309
0.636,9308
0.636,9307
0.636,9306
0.636,9305
0.636,9304
0.637,9303
0.637,9302
0.637,9301
0.637,9300
0.637,9299
0.637,9298
0.637,9297
0.637,9296
0.638,9295
0.638,9294
0.638,9293
0.638,9292
0.639,9291
0.639,9290
0.639,9289
0.639,9288
0.64,9287
0.64,9286
0.64,9285
0.64,9284
0.64,9283
0.64,9282
0.64,9281
0.64,9280
0.64,9279
0.64,9278
0.641,9277
0.641,9276
0.641,9275
0.641,9274
0.641,9273
0.641,9272
0.641,9271
0.641,9270
0.642,9269
0.642,9268
0.642,9267
0.642,9266
0.642,9265
0.642,9264
0.642,9263
0.642,9262
0.643,9261
0.643,9260
0.643,9259
0.643,9258
0.643,9257
0.643,9256
0.644,9255
0.644,9254
0.644,9253
0.644,9252
0.644,9251
0.644,9250
0.644,9249
0.644,9248
0.645,9247
0.645,9246
0.645,9245
0.645,9244
0.645,9243
0.645,9242
0.645,9241
0.645,9240
0.646,9239
0.646,9238
0.646,9237
0.646,9236
0.646,9235
0.646,9234
0.646,9233
0.647,9232
0.647,9231
0.647,9230
0.647,9229
0.647,9228
0.647,9227
0.647,9226
0.647,9225
0.648,9224
0.648,9223
0.648,9222
0.648,9221
0.648,9220
0.648,9219
0.648,9218
0.649,9217
0.649,9216
0.649,9215
0.649,9214
0.649,9213
0.649,9212
0.649,9211
0.65,9210
0.65,9209
0.65,9208
0.65,9207
0.65,9206
0.65,9205
0.65,9204
0.65,9203
0.65,9202
0.651,9201
0.651,9200
0.651,9199
0.651,9198
0.651,9197
0.651,9196
0.651,9195
0.652,9194
0.652,9193
0.652,9192
0.653,9191
0.653,9190
0.653,9189
0.653,9188
0.653,9187
0.653,9186
0.653,9185
0.653,9184
0.653,9183
0.653,9182
0.653,9181
0.654,9180
0.654,9179
0.654,9178
0.654,9177
0.654,9176
0.655,9175
0.655,9174
0.655,9173
0.655,9172
0.655,9171
0.655,9170
0.655,9169
0.655,9168
0.656,9167
0.656,9166
0.656,9165
0.656,9164
0.656,9163
0.656,9162
0.656,9161
0.656,9160
0.656,9159
0.656,9158
0.656,9157
0.657,9156
0.657,9155
0.657,9154
0.657,9153
0.657,9152
0.657,9151
0.657,9150
0.657,9149
0.657,9148
0.657,9147
0.658,9146
0.658,9145
0.658,9144
0.658,9143
0.658,9142
0.658,9141
0.658,9140
0.659,9139
0.659,9138
0.659,9137
0.659,9136
0.659,9135
0.659,9134
0.659,9133
0.66,9132
0.66,9131
0.66,9130
0.66,9129
0.66,9128
0.66,9127
0.66,9126
0.66,9125
0.66,9124
0.661,9123
0.661,9122
0.661,9121
0.661,9120
0.661,9119
0.661,9118
0.662,9117
0.662,9116
0.662,9115
0.662,9114
0.662,9113
0.662,9112
0.662,9111
0.663,9110
0.663,9109
0.663,9108
0.663,9107
0.663,9106
0.663,9105
0.664,9104
0.664,9103
0.664,9102
0.664,9101
0.665,9100
0.665,9099
0.665,9098
0.665,9097
0.665,9096
0.665,9095
0.665,9094
0.666,9093
0.666,9092
0.666,9091
0.666,9090
0.667,9089
0.667,9088
0.667,9087
0.667,9086
0.667,9085
0.667,9084
0.668,9083
0.668,9082
0.668,9081
0.668,9080
0.668,9079
0.668,9078
0.668,9077
0.668,9076
0.668,9075
0.669,9074
0.669,9073
0.669,9072
0.669,9071
0.669,9070
0.669,9069
0.67,9068
0.67,9067
0.67,9066
0.67,9065
0.67,9064
0.67,9063
0.67,9062
0.67,9061
0.67,9060
0.671,9059
0.671,9058
0.671,9057
0.671,9056
0.671,9055
0.671,9054
0.671,9053
0.671,9052
0.672,9051
0.672,9050
0.672,9049
0.672,9048
0.672,9047
0.672,9046
0.672,9045
0.672,9044
0.673,9043
0.673,9042
0.673,9041
0.673,9040
0.673,9039
0.673,9038
0.673,9037
0.673,9036
0.674,9035
0.674,9034
0.675,9033
0.675,9032
0.675,9031
0.675,9030
0.675,9029
0.676,9028
0.676,9027
0.676,9026
0.677,9025
0.677,9024
0.677,9023
0.677,9022
0.677,9021
0.678,9020
0.678,9019
0.678,9018
0.678,9017
0.678,9016
0.679,9015
0.679,9014
0.679,9013
0.679,9012
0.679,9011
0.679,9010
0.679,9009
0.68,9008
0.68,9007
0.68,9006
0.68,9005
0.68,9004
0.68,9003
0.681,9002
0.681,9001
0.681,9000
0.681,8999
0.681,8998
0.682,8997
0.682,8996
0.682,8995
0.682,8994
0.682,8993
0.682,8992
0.683,8991
0.683,8990
0.683,8989
0.683,8988
0.683,8987
0.683,8986
0.684,8985
0.684,8984
0.684,8983
0.684,8982
0.684,8981
0.684,8980
0.684,8979
0.685,8978
0.685,8977
0.685,8976
0.685,8975
0.685,8974
0.685,8973
0.685,8972
0.686,8971
0.686,8970
0.686,8969
0.686,8968
0.686,8967
0.686,8966
0.686,8965
0.687,8964
0.687,8963
0.687,8962
0.687,8961
0.687,8960
0.687,8959
0.687,8958
0.688,8957
0.688,8956
0.688,8955
0.688,8954
0.688,8953
0.688,8952
0.688,8951
0.688,8950
0.689,8949
0.689,8948
0.689,8947
0.689,8946
0.689,8945
0.689,8944
0.689,8943
0.689,8942
0.689,8941
0.69,8940
0.69,8939
0.69,8938
0.69,8937
0.69,8936
0.691,8935
0.691,8934
0.691,8933
0.691,8932
0.691,8931
0.691,8930
0.691,8929
0.691,8928
0.691,8927
0.692,8926
0.692,8925
0.692,8924
0.692,8923
0.692,8922
0.692,8921
0.692,8920
0.693,8919
0.693,8918
0.693,8917
0.693,8916
0.693,8915
0.693,8914
0.694,8913
0.694,8912
0.694,8911
0.694,8910
0.694,8909
0.694,8908
0.694,8907
0.695,8906
0.695,8905
0.695,8904
0.695,8903
0.695,8902
0.695,8901
0.695,8900
0.695,8899
0.696,8898
0.696,8897
0.696,8896
0.696,8895
0.696,8894
0.696,8893
0.696,8892
0.697,8891
0.697,8890
0.697,8889
0.697,8888
0.697,8887
0.697,8886
0.697,8885
0.698,8884
0.698,8883
0.698,8882
0.698,8881
0.698,8880
0.698,8879
0.699,8878
0.699,8877
0.699,8876
0.699,8875
0.699,8874
0.699,8873
0.7,8872
0.7,8871
0.7,8870
0.7,8869
0.7,8868
0.701,8867
0.701,8866
0.701,8865
0.702,8864
0.702,8863
0.702,8862
0.702,8861
0.702,8860
0.702,8859
0.702,8858
0.702,8857
0.703,8856
0.703,8855
0.703,8854
0.703,8853
0.703,8852
0.703,8851
0.703,8850
0.704,8849
0.704,8848
0.704,8847
0.704,8846
0.704,8845
0.704,8844
0.704,8843
0.704,8842
0.704,8841
0.705,8840
0.705,8839
0.705,8838
0.705,8837
0.705,8836
0.705,8835
0.705,8834
0.705,8833
0.706,8832
0.706,8831
0.706,8830
0.706,8829
0.706,8828
0.706,8827
0.706,8826
0.706,8825
0.707,8824
0.707,8823
0.707,8822
0.707,8821
0.707,8820
0.707,8819
0.707,8818
0.707,8817
0.707,8816
0.707,8815
0.707,8814
0.707,8813
0.708,8812
0.708,8811
0.708,8810
0.708,8809
0.708,8808
0.709,8807
0.709,8806
0.709,8805
0.709,8804
0.709,8803
0.709,8802
0.709,8801
0.709,8800
0.709,8799
0.71,8798
0.71,8797
0.71,8796
0.71,8795
0.71,8794
0.71,8793
0.71,8792
0.711,8791
0.711,8790
0.711,8789
0.711,8788
0.711,8787
0.711,8786
0.712,8785
0.712,8784
0.712,8783
0.712,8782
0.712,8781
0.712,8780
0.712,8779
0.712,8778
0.712,8777
0.713,8776
0.713,8775
0.713,8774
0.713,8773
0.713,8772
0.714,8771
0.714,8770
0.714,8769
0.714,8768
0.715,8767
0.715,8766
0.715,8765
0.715,8764
0.715,8763
0.715,8762
0.715,8761
0.715,8760
0.716,8759
0.716,8758
0.716,8757
0.716,8756
0.717,8755
0.717,8754
0.717,8753
0.717,8752
0.717,8751
0.717,8750
0.717,8749
0.718,8748
0.718,8747
0.718,8746
0.718,8745
0.718,8744
0.719,8743
0.719,8742
0.719,8741
0.719,8740
0.72,8739
0.72,8738
0.72,8737
0.72,8736
0.72,8735
0.72,8734
0.72,8733
0.72,8732
0.72,8731
0.72,8730
0.721,8729
0.721,8728
0.721,8727
0.721,8726
0.721,8725
0.721,8724
0.721,8723
0.721,8722
0.721,8721
0.722,8720
0.722,8719
0.722,8718
0.722,8717
0.722,8716
0.722,8715
0.722,8714
0.722,8713
0.722,8712
0.723,8711
0.723,8710
0.723,8709
0.723,8708
0.723,8707
0.723,8706
0.723,8705
0.723,8704
0.723,8703
0.724,8702
0.724,8701
0.724,8700
0.724,8699
0.724,8698
0.724,8697
0.724,8696
0.724,8695
0.725,8694
0.725,8693
0.725,8692
0.725,8691
0.725,8690
0.725,8689
0.725,8688
0.725,8687
0.725,8686
0.725,8685
0.726,8684
0.726,8683
0.726,8682
0.726,8681
0.726,8680
0.726,8679
0.726,8678
0.726,8677
0.726,8676
0.726,8675
0.726,8674
0.727,8673
0.727,8672
0.728,8671
0.728,8670
0.728,8669
0.728,8668
0.728,8667
0.728,8666
0.728,8665
0.729,8664
0.729,8663
0.729,8662
0.729,8661
0.729,8660
0.729,8659
0.73,8658
0.73,8657
0.73,8656
0.73,8655
0.73,8654
0.73,8653
0.73,8652
0.73,8651
0.731,8650
0.731,8649
0.731,8648
0.731,8647
0.731,8646
0.731,8645
0.731,8644
0.731,8643
0.732,8642
0.732,8641
0.732,8640
0.732,8639
0.732,8638
0.732,8637
0.732,8636
0.732,8635
0.733,8634
0.733,8633
0.733,8632
0.733,8631
0.734,8630
0.734,8629
0.734,8628
0.734,8627
0.734,8626
0.734,8625
0.735,8624
0.735,8623
0.735,8622
0.735,8621
0.735,8620
0.735,8619
0.735,8618
0.735,8617
0.735,8616
0.736,8615
0.736,8614
0.736,8613
0.736,8612
0.736,8611
0.736,8610
0.737,8609
0.737,8608
0.737,8607
0.737,8606
0.737,8605
0.737,8604
0.737,8603
0.737,8602
0.737,8601
0.738,8600
0.738,8599
0.738,8598
0.738,8597
0.738,8596
0.738,8595
0.738,8594
0.739,8593
0.739,8592
0.739,8591
0.739,8590
0.739,8589
0.739,8588
0.74,8587
0.74,8586
0.74,8585
0.74,8584
0.741,8583
0.741,8582
0.741,8581
0.741,8580
0.741,8579
0.741,8578
0.741,8577
0.741,8576
0.742,8575
0.742,8574
0.742,8573
0.742,8572
0.743,8571
0.743,8570
0.743,8569
0.743,8568
0.743,8567
0.743,8566
0.743,8565
0.744,8564
0.744,8563
0.744,8562
0.744,8561
0.744,8560
0.744,8559
0.744,8558
0.744,8557
0.745,8556
0.745,8555
0.745,8554
0.753,8553
0.753,8552
0.753,8551
0.753,8550
0.754,8549
0.754,8548
0.754,8547
0.754,8546
0.754,8545
0.755,8544
0.755,8543
0.755,8542
0.755,8541
0.755,8540
0.755,8539
0.755,8538
0.755,8537
0.755,8536
0.756,8535
0.756,8534
0.756,8533
0.757,8532
0.757,8531
0.757,8530
0.757,8529
0.757,8528
0.757,8527
0.757,8526
0.757,8525
0.757,8524
0.757,8523
0.758,8522
0.758,8521
0.758,8520
0.758,8519
0.758,8518
0.758,8517
0.758,8516
0.759,8515
0.759,8514
0.759,8513
0.759,8512
0.759,8511
0.76,8510
0.76,8509
0.76,8508
0.76,8507
0.76,8506
0.76,8505
0.76,8504
0.76,8503
0.76,8502
0.761,8501
0.761,8500
0.761,8499
0.761,8498
0.761,8497
0.761,8496
0.761,8495
0.762,8494
0.762,8493
0.762,8492
0.762,8491
0.762,8490
0.763,8489
0.763,8488
0.763,8487
0.763,8486
0.763,8485
0.763,8484
0.764,8483
0.764,8482
0.764,8481
0.764,8480
0.764,8479
0.765,8478
0.765,8477
0.765,8476
0.765,8475
0.766,8474
0.766,8473
0.766,8472
0.766,8471
0.766,8470
0.766,8469
0.766,8468
0.766,8467
0.766,8466
0.767,8465
0.767,8464
0.767,8463
0.767,8462
0.767,8461
0.767,8460
0.768,8459
0.768,8458
0.768,8457
0.768,8456
0.768,8455
0.768,8454
0.768,8453
0.769,8452
0.769,8451
0.769,8450
0.769,8449
0.769,8448
0.769,8447
0.769,8446
0.769,8445
0.769,8444
0.769,8443
0.77,8442
0.77,8441
0.77,8440
0.77,8439
0.77,8438
0.77,8437
0.77,8436
0.77,8435
0.77,8434
0.771,8433
0.771,8432
0.771,8431
0.771,8430
0.771,8429
0.771,8428
0.771,8427
0.771,8426
0.772,8425
0.772,8424
0.772,8423
0.772,8422
0.772,8421
0.772,8420
0.772,8419
0.773,8418
0.773,8417
0.773,8416
0.773,8415
0.773,8414
0.773,8413
0.774,8412
0.774,8411
0.774,8410
0.774,8409
0.774,8408
0.774,8407
0.775,8406
0.775,8405
0.775,8404
0.775,8403
0.776,8402
0.776,8401
0.776,8400
0.776,8399
0.776,8398
0.776,8397
0.776,8396
0.776,8395
0.777,8394
0.777,8393
0.777,8392
0.777,8391
0.777,8390
0.777,8389
0.778,8388
0.778,8387
0.778,8386
0.778,8385
0.778,8384
0.778,8383
0.778,8382
0.778,8381
0.778,8380
0.779,8379
0.779,8378
0.779,8377
0.779,8376
0.779,8375
0.779,8374
0.779,8373
0.779,8372
0.78,8371
0.78,8370
0.78,8369
0.78,8368
0.78,8367
0.78,8366
0.78,8365
0.78,8364
0.781,8363
0.781,8362
0.781,8361
0.781,8360
0.781,8359
0.781,8358
0.781,8357
0.781,8356
0.782,8355
0.782,8354
0.782,8353
0.782,8352
0.782,8351
0.782,8350
0.782,8349
0.782,8348
0.782,8347
0.782,8346
0.783,8345
0.783,8344
0.783,8343
0.783,8342
0.783,8341
0.783,8340
0.783,8339
0.783,8338
0.783,8337
0.784,8336
0.784,8335
0.784,8334
0.784,8333
0.784,8332
0.784,8331
0.784,8330
0.784,8329
0.785,8328
0.785,8327
0.785,8326
0.785,8325
0.785,8324
0.785,8323
0.785,8322
0.786,8321
0.786,8320
0.786,8319
0.786,8318
0.786,8317
0.786,8316
0.787,8315
0.787,8314
0.787,8313
0.787,8312
0.787,8311
0.787,8310
0.787,8309
0.787,8308
0.787,8307
0.788,8306
0.788,8305
0.788,8304
0.788,8303
0.788,8302
0.788,8301
0.788,8300
0.789,8299
0.789,8298
0.789,8297
0.789,8296
0.789,8295
0.789,8294
0.789,8293
0.789,8292
0.789,8291
0.79,8290
0.79,8289
0.79,8288
0.79,8287
0.79,8286
0.79,8285
0.79,8284
0.79,8283
0.79,8282
0.791,8281
0.791,8280
0.791,8279
0.791,8278
0.791,8277
0.791,8276
0.792,8275
0.792,8274
0.792,8273
0.792,8272
0.792,8271
0.792,8270
0.792,8269
0.793,8268
0.793,8267
0.793,8266
0.793,8265
0.793,8264
0.793,8263
0.793,8262
0.793,8261
0.793,8260
0.793,8259
0.794,8258
0.794,8257
0.794,8256
0.794,8255
0.794,8254
0.794,8253
0.794,8252
0.795,8251
0.795,8250
0.795,8249
0.795,8248
0.796,8247
0.796,8246
0.796,8245
0.796,8244
0.796,8243
0.796,8242
0.796,8241
0.797,8240
0.798,8239
0.798,8238
0.798,8237
0.798,8236
0.798,8235
0.798,8234
0.799,8233
0.799,8232
0.799,8231
0.799,8230
0.799,8229
0.799,8228
0.799,8227
0.799,8226
0.799,8225
0.799,8224
0.8,8223
0.8,8222
0.8,8221
0.8,8220
0.8,8219
0.8,8218
0.8,8217
0.8,8216
0.801,8215
0.801,8214
0.801,8213
0.801,8212
0.801,8211
0.801,8210
0.801,8209
0.801,8208
0.801,8207
0.802,8206
0.802,8205
0.802,8204
0.802,8203
0.802,8202
0.803,8201
0.803,8200
0.803,8199
0.803,8198
0.803,8197
0.803,8196
0.803,8195
0.803,8194
0.803,8193
0.803,8192
0.804,8191
0.804,8190
0.804,8189
0.804,8188
0.804,8187
0.804,8186
0.805,8185
0.805,8184
0.805,8183
0.805,8182
0.805,8181
0.805,8180
0.805,8179
0.805,8178
0.805,8177
0.806,8176
0.806,8175
0.806,8174
0.806,8173
0.806,8172
0.806,8171
0.806,8170
0.806,8169
0.806,8168
0.807,8167
0.807,8166
0.807,8165
0.807,8164
0.807,8163
0.807,8162
0.807,8161
0.807,8160
0.807,8159
0.807,8158
0.807,8157
0.808,8156
0.808,8155
0.808,8154
0.808,8153
0.808,8152
0.808,8151
0.808,8150
0.808,8149
0.808,8148
0.808,8147
0.808,8146
0.809,8145
0.809,8144
0.809,8143
0.809,8142
0.809,8141
0.809,8140
0.809,8139
0.809,8138
0.81,8137
0.81,8136
0.81,8135
0.81,8134
0.81,8133
0.81,8132
0.811,8131
0.811,8130
0.811,8129
0.811,8128
0.811,8127
0.811,8126
0.811,8125
0.811,8124
0.811,8123
0.811,8122
0.811,8121
0.812,8120
0.812,8119
0.812,8118
0.812,8117
0.812,8116
0.812,8115
0.812,8114
0.812,8113
0.813,8112
0.813,8111
0.813,8110
0.813,8109
0.813,8108
0.814,8107
0.814,8106
0.814,8105
0.814,8104
0.814,8103
0.814,8102
0.814,8101
0.814,8100
0.814,8099
0.815,8098
0.815,8097
0.815,8096
0.815,8095
0.815,8094
0.815,8093
0.815,8092
0.816,8091
0.816,8090
0.816,8089
0.816,8088
0.816,8087
0.816,8086
0.816,8085
0.817,8084
0.817,8083
0.817,8082
0.817,8081
0.817,8080
0.818,8079
0.818,8078
0.818,8077
0.818,8076
0.818,8075
0.819,8074
0.819,8073
0.819,8072
0.819,8071
0.819,8070
0.819,8069
0.82,8068
0.82,8067
0.82,8066
0.82,8065
0.82,8064
0.821,8063
0.821,8062
0.821,8061
0.821,8060
0.821,8059
0.821,8058
0.821,8057
0.821,8056
0.822,8055
0.822,8054
0.822,8053
0.822,8052
0.822,8051
0.822,8050
0.823,8049
0.823,8048
0.823,8047
0.823,8046
0.823,8045
0.823,8044
0.824,8043
0.824,8042
0.824,8041
0.824,8040
0.825,8039
0.825,8038
0.825,8037
0.825,8036
0.825,8035
0.825,8034
0.825,8033
0.825,8032
0.825,8031
0.825,8030
0.825,8029
0.825,8028
0.826,8027
0.826,8026
0.826,8025
0.826,8024
0.827,8023
0.827,8022
0.827,8021
0.827,8020
0.827,8019
0.827,8018
0.828,8017
0.828,8016
0.828,8015
0.828,8014
0.829,8013
0.829,8012
0.829,8011
0.829,8010
0.829,8009
0.829,8008
0.829,8007
0.829,8006
0.829,8005
0.829,8004
0.83,8003
0.83,8002
0.83,8001
0.83,8000
0.83,7999
0.831,7998
0.831,7997
0.831,7996
0.831,7995
0.831,7994
0.831,7993
0.831,7992
0.831,7991
0.831,7990
0.832,7989
0.832,7988
0.832,7987
0.832,7986
0.833,7985
0.833,7984
0.833,7983
0.833,7982
0.833,7981
0.833,7980
0.834,7979
0.834,7978
0.834,7977
0.834,7976
0.834,7975
0.834,7974
0.834,7973
0.834,7972
0.834,7971
0.834,7970
0.834,7969
0.835,7968
0.835,7967
0.835,7966
0.835,7965
0.835,7964
0.835,7963
0.835,7962
0.836,7961
0.836,7960
0.836,7959
0.836,7958
0.836,7957
0.836,7956
0.836,7955
0.837,7954
0.837,7953
0.837,7952
0.837,7951
0.837,7950
0.837,7949
0.837,7948
0.837,7947
0.837,7946
0.838,7945
0.838,7944
0.838,7943
0.838,7942
0.838,7941
0.838,7940
0.838,7939
0.838,7938
0.839,7937
0.839,7936
0.839,7935
0.839,7934
0.839,7933
0.839,7932
0.84,7931
0.84,7930
0.84,7929
0.84,7928
0.84,7927
0.841,7926
0.841,7925
0.841,7924
0.841,7923
0.841,7922
0.841,7921
0.841,7920
0.841,7919
0.841,7918
0.841,7917
0.842,7916
0.842,7915
0.842,7914
0.842,7913
0.842,7912
0.842,7911
0.842,7910
0.842,7909
0.842,7908
0.842,7907
0.843,7906
0.843,7905
0.843,7904
0.843,7903
0.843,7902
0.843,7901
0.843,7900
0.843,7899
0.844,7898
0.844,7897
0.844,7896
0.844,7895
0.845,7894
0.845,7893
0.845,7892
0.846,7891
0.846,7890
0.846,7889
0.846,7888
0.847,7887
0.847,7886
0.847,7885
0.847,7884
0.848,7883
0.848,7882
0.848,7881
0.848,7880
0.848,7879
0.849,7878
0.849,7877
0.849,7876
0.849,7875
0.849,7874
0.85,7873
0.85,7872
0.85,7871
0.85,7870
0.85,7869
0.85,7868
0.85,7867
0.85,7866
0.85,7865
0.85,7864
0.851,7863
0.851,7862
0.851,7861
0.851,7860
0.851,7859
0.851,7858
0.851,7857
0.852,7856
0.852,7855
0.852,7854
0.852,7853
0.852,7852
0.852,7851
0.852,7850
0.852,7849
0.853,7848
0.853,7847
0.853,7846
0.853,7845
0.853,7844
0.853,7843
0.853,7842
0.853,7841
0.853,7840
0.854,7839
0.854,7838
0.854,7837
0.854,7836
0.854,7835
0.854,7834
0.854,7833
0.854,7832
0.855,7831
0.855,7830
0.855,7829
0.855,7828
0.855,7827
0.855,7826
0.855,7825
0.855,7824
0.855,7823
0.855,7822
0.856,7821
0.856,7820
0.856,7819
0.856,7818
0.856,7817
0.856,7816
0.856,7815
0.856,7814
0.856,7813
0.857,7812
0.857,7811
0.857,7810
0.857,7809
0.857,7808
0.857,7807
0.857,7806
0.857,7805
0.857,7804
0.858,7803
0.858,7802
0.858,7801
0.858,7800
0.858,7799
0.858,7798
0.858,7797
0.858,7796
0.858,7795
0.859,7794
0.859,7793
0.859,7792
0.859,7791
0.859,7790
0.86,7789
0.86,7788
0.86,7787
0.86,7786
0.86,7785
0.86,7784
0.86,7783
0.86,7782
0.861,7781
0.861,7780
0.861,7779
0.862,7778
0.862,7777
0.862,7776
0.862,7775
0.862,7774
0.862,7773
0.862,7772
0.862,7771
0.863,7770
0.863,7769
0.863,7768
0.863,7767
0.863,7766
0.863,7765
0.863,7764
0.863,7763
0.863,7762
0.864,7761
0.864,7760
0.865,7759
0.865,7758
0.865,7757
0.865,7756
0.865,7755
0.865,7754
0.865,7753
0.866,7752
0.866,7751
0.866,7750
0.866,7749
0.866,7748
0.866,7747
0.866,7746
0.866,7745
0.867,7744
0.867,7743
0.867,7742
0.867,7741
0.867,7740
0.867,7739
0.868,7738
0.868,7737
0.868,7736
0.868,7735
0.868,7734
0.868,7733
0.868,7732
0.868,7731
0.869,7730
0.869,7729
0.869,7728
0.869,7727
0.869,7726
0.869,7725
0.869,7724
0.869,7723
0.87,7722
0.87,7721
0.87,7720
0.87,7719
0.87,7718
0.87,7717
0.87,7716
0.87,7715
0.87,7714
0.871,7713
0.871,7712
0.871,7711
0.871,7710
0.872,7709
0.872,7708
0.872,7707
0.872,7706
0.872,7705
0.872,7704
0.873,7703
0.873,7702
0.873,7701
0.873,7700
0.873,7699
0.873,7698
0.873,7697
0.873,7696
0.873,7695
0.873,7694
0.873,7693
0.873,7692
0.873,7691
0.873,7690
0.874,7689
0.874,7688
0.874,7687
0.874,7686
0.874,7685
0.874,7684
0.874,7683
0.874,7682
0.874,7681
0.874,7680
0.874,7679
0.875,7678
0.875,7677
0.875,7676
0.876,7675
0.876,7674
0.876,7673
0.876,7672
0.877,7671
0.877,7670
0.877,7669
0.877,7668
0.877,7667
0.878,7666
0.878,7665
0.878,7664
0.878,7663
0.878,7662
0.878,7661
0.879,7660
0.879,7659
0.879,7658
0.879,7657
0.879,7656
0.879,7655
0.88,7654
0.88,7653
0.88,7652
0.88,7651
0.88,7650
0.88,7649
0.88,7648
0.88,7647
0.881,7646
0.881,7645
0.881,7644
0.881,7643
0.881,7642
0.881,7641
0.882,7640
0.882,7639
0.882,7638
0.882,7637
0.882,7636
0.882,7635
0.882,7634
0.882,7633
0.883,7632
0.883,7631
0.883,7630
0.883,7629
0.883,7628
0.883,7627
0.884,7626
0.884,7625
0.884,7624
0.884,7623
0.884,7622
0.884,7621
0.884,7620
0.885,7619
0.885,7618
0.885,7617
0.885,7616
0.885,7615
0.886,7614
0.886,7613
0.886,7612
0.886,7611
0.886,7610
0.886,7609
0.886,7608
0.887,7607
0.887,7606
0.887,7605
0.888,7604
0.888,7603
0.888,7602
0.888,7601
0.889,7600
0.889,7599
0.889,7598
0.89,7597
0.89,7596
0.89,7595
0.89,7594
0.891,7593
0.891,7592
0.891,7591
0.892,7590
0.892,7589
0.892,7588
0.892,7587
0.892,7586
0.893,7585
0.893,7584
0.894,7583
0.894,7582
0.894,7581
0.895,7580
0.895,7579
0.895,7578
0.895,7577
0.895,7576
0.895,7575
0.896,7574
0.896,7573
0.896,7572
0.896,7571
0.896,7570
0.896,7569
0.896,7568
0.896,7567
0.896,7566
0.896,7565
0.896,7564
0.897,7563
0.897,7562
0.897,7561
0.898,7560
0.898,7559
0.898,7558
0.898,7557
0.898,7556
0.899,7555
0.899,7554
0.9,7553
0.9,7552
0.9,7551
0.9,7550
0.901,7549
0.901,7548
0.901,7547
0.901,7546
0.901,7545
0.901,7544
0.901,7543
0.901,7542
0.902,7541
0.902,7540
0.902,7539
0.902,7538
0.902,7537
0.902,7536
0.902,7535
0.903,7534
0.903,7533
0.903,7532
0.903,7531
0.903,7530
0.903,7529
0.903,7528
0.903,7527
0.903,7526
0.903,7525
0.903,7524
0.903,7523
0.904,7522
0.904,7521
0.904,7520
0.904,7519
0.904,7518
0.904,7517
0.904,7516
0.905,7515
0.905,7514
0.905,7513
0.905,7512
0.905,7511
0.905,7510
0.905,7509
0.906,7508
0.906,7507
0.906,7506
0.906,7505
0.906,7504
0.906,7503
0.906,7502
0.907,7501
0.907,7500
0.907,7499
0.907,7498
0.907,7497
0.907,7496
0.907,7495
0.908,7494
0.908,7493
0.908,7492
0.908,7491
0.908,7490
0.908,7489
0.908,7488
0.908,7487
0.908,7486
0.909,7485
0.909,7484
0.909,7483
0.909,7482
0.909,7481
0.909,7480
0.909,7479
0.909,7478
0.909,7477
0.91,7476
0.91,7475
0.91,7474
0.91,7473
0.91,7472
0.91,7471
0.91,7470
0.911,7469
0.911,7468
0.911,7467
0.911,7466
0.911,7465
0.911,7464
0.912,7463
0.912,7462
0.912,7461
0.912,7460
0.912,7459
0.912,7458
0.913,7457
0.913,7456
0.913,7455
0.913,7454
0.913,7453
0.913,7452
0.913,7451
0.913,7450
0.914,7449
0.914,7448
0.914,7447
0.914,7446
0.914,7445
0.914,7444
0.914,7443
0.914,7442
0.915,7441
0.915,7440
0.915,7439
0.915,7438
0.915,7437
0.916,7436
0.916,7435
0.916,7434
0.916,7433
0.916,7432
0.916,7431
0.916,7430
0.916,7429
0.917,7428
0.917,7427
0.917,7426
0.917,7425
0.917,7424
0.917,7423
0.918,7422
0.918,7421
0.918,7420
0.918,7419
0.918,7418
0.918,7417
0.918,7416
0.919,7415
0.919,7414
0.919,7413
0.919,7412
0.919,7411
0.919,7410
0.919,7409
0.919,7408
0.919,7407
0.92,7406
0.92,7405
0.92,7404
0.92,7403
0.92,7402
0.92,7401
0.92,7400
0.92,7399
0.92,7398
0.92,7397
0.921,7396
0.921,7395
0.921,7394
0.921,7393
0.921,7392
0.921,7391
0.921,7390
0.922,7389
0.922,7388
0.922,7387
0.922,7386
0.922,7385
0.922,7384
0.922,7383
0.923,7382
0.923,7381
0.923,7380
0.923,7379
0.923,7378
0.923,7377
0.923,7376
0.924,7375
0.924,7374
0.924,7373
0.924,7372
0.924,7371
0.924,7370
0.924,7369
0.924,7368
0.924,7367
0.924,7366
0.925,7365
0.925,7364
0.925,7363
0.925,7362
0.926,7361
0.926,7360
0.926,7359
0.926,7358
0.926,7357
0.926,7356
0.926,7355
0.926,7354
0.926,7353
0.927,7352
0.927,7351
0.927,7350
0.927,7349
0.927,7348
0.927,7347
0.928,7346
0.928,7345
0.928,7344
0.928,7343
0.928,7342
0.928,7341
0.928,7340
0.929,7339
0.929,7338
0.929,7337
0.929,7336
0.929,7335
0.929,7334
0.929,7333
0.929,7332
0.93,7331
0.93,7330
0.93,7329
0.93,7328
0.931,7327
0.931,7326
0.931,7325
0.931,7324
0.931,7323
0.931,7322
0.931,7321
0.932,7320
0.932,7319
0.932,7318
0.932,7317
0.932,7316
0.932,7315
0.932,7314
0.933,7313
0.933,7312
0.933,7311
0.933,7310
0.933,7309
0.933,7308
0.933,7307
0.934,7306
0.934,7305
0.934,7304
0.934,7303
0.934,7302
0.934,7301
0.935,7300
0.935,7299
0.935,7298
0.935,7297
0.935,7296
0.936,7295
0.936,7294
0.936,7293
0.936,7292
0.936,7291
0.936,7290
0.936,7289
0.936,7288
0.937,7287
0.937,7286
0.937,7285
0.937,7284
0.937,7283
0.938,7282
0.938,7281
0.938,7280
0.938,7279
0.938,7278
0.938,7277
0.938,7276
0.938,7275
0.939,7274
0.939,7273
0.939,7272
0.939,7271
0.939,7270
0.94,7269
0.94,7268
0.94,7267
0.94,7266
0.94,7265
0.94,7264
0.94,7263
0.94,7262
0.941,7261
0.941,7260
0.941,7259
0.941,7258
0.941,7257
0.941,7256
0.941,7255
0.941,7254
0.942,7253
0.942,7252
0.942,7251
0.942,7250
0.942,7249
0.942,7248
0.942,7247
0.942,7246
0.942,7245
0.943,7244
0.943,7243
0.943,7242
0.943,7241
0.943,7240
0.943,7239
0.943,7238
0.943,7237
0.943,7236
0.943,7235
0.943,7234
0.944,7233
0.944,7232
0.944,7231
0.944,7230
0.944,7229
0.944,7228
0.944,7227
0.945,7226
0.945,7225
0.945,7224
0.945,7223
0.945,7222
0.945,7221
0.945,7220
0.945,7219
0.945,7218
0.945,7217
0.946,7216
0.946,7215
0.946,7214
0.946,7213
0.946,7212
0.946,7211
0.946,7210
0.946,7209
0.947,7208
0.947,7207
0.947,7206
0.947,7205
0.947,7204
0.947,7203
0.947,7202
0.947,7201
0.947,7200
0.947,7199
0.947,7198
0.948,7197
0.948,7196
0.948,7195
0.948,7194
0.948,7193
0.948,7192
0.949,7191
0.949,7190
0.949,7189
0.95,7188
0.95,7187
0.95,7186
0.95,7185
0.95,7184
0.951,7183
0.951,7182
0.951,7181
0.951,7180
0.951,7179
0.951,7178
0.951,7177
0.952,7176
0.952,7175
0.952,7174
0.952,7173
0.952,7172
0.952,7171
0.953,7170
0.953,7169
0.953,7168
0.953,7167
0.954,7166
0.954,7165
0.954,7164
0.954,7163
0.954,7162
0.954,7161
0.954,7160
0.954,7159
0.955,7158
0.955,7157
0.955,7156
0.955,7155
0.955,7154
0.955,7153
0.956,7152
0.956,7151
0.956,7150
0.956,7149
0.956,7148
0.956,7147
0.957,7146
0.957,7145
0.957,7144
0.957,7143
0.957,7142
0.957,7141
0.958,7140
0.958,7139
0.958,7138
0.958,7137
0.958,7136
0.958,7135
0.958,7134
0.959,7133
0.959,7132
0.959,7131
0.959,7130
0.959,7129
0.959,7128
0.959,7127
0.96,7126
0.96,7125
0.96,7124
0.96,7123
0.96,7122
0.96,7121
0.96,7120
0.96,7119
0.96,7118
0.961,7117
0.961,7116
0.961,7115
0.961,7114
0.961,7113
0.961,7112
0.961,7111
0.961,7110
0.961,7109
0.961,7108
0.961,7107
0.961,7106
0.962,7105
0.97,7104
0.97,7103
0.971,7102
0.971,7101
0.971,7100
0.971,7099
0.971,7098
0.971,7097
0.971,7096
0.972,7095
0.972,7094
0.972,7093
0.972,7092
0.972,7091
0.972,7090
0.973,7089
0.973,7088
0.973,7087
0.973,7086
0.973,7085
0.973,7084
0.973,7083
0.973,7082
0.973,7081
0.974,7080
0.974,7079
0.974,7078
0.974,7077
0.974,7076
0.974,7075
0.974,7074
0.974,7073
0.974,7072
0.974,7071
0.974,7070
0.974,7069
0.975,7068
0.975,7067
0.975,7066
0.975,7065
0.975,7064
0.975,7063
0.976,7062
0.976,7061
0.976,7060
0.976,7059
0.976,7058
0.976,7057
0.976,7056
0.976,7055
0.977,7054
0.977,7053
0.977,7052
0.977,7051
0.977,7050
0.977,7049
0.977,7048
0.977,7047
0.977,7046
0.978,7045
0.978,7044
0.978,7043
0.978,7042
0.978,7041
0.979,7040
0.979,7039
0.979,7038
0.98,7037
0.98,7036
0.98,7035
0.98,7034
0.98,7033
0.981,7032
0.981,7031
0.981,7030
0.981,7029
0.981,7028
0.981,7027
0.981,7026
0.981,7025
0.982,7024
0.982,7023
0.982,7022
0.982,7021
0.982,7020
0.982,7019
0.982,7018
0.982,7017
0.982,7016
0.983,7015
0.983,7014
0.983,7013
0.983,7012
0.984,7011
0.984,7010
0.984,7009
0.984,7008
0.984,7007
0.985,7006
0.985,7005
0.985,7004
0.985,7003
0.985,7002
0.985,7001
0.985,7000
0.985,6999
0.986,6998
0.986,6997
0.986,6996
0.986,6995
0.986,6994
0.986,6993
0.987,6992
0.987,6991
0.987,6990
0.987,6989
0.987,6988
0.987,6987
0.987,6986
0.987,6985
0.987,6984
0.988,6983
0.988,6982
0.988,6981
0.988,6980
0.988,6979
0.988,6978
0.988,6977
0.989,6976
0.989,6975
0.989,6974
0.989,6973
0.99,6972
0.99,6971
0.99,6970
0.99,6969
0.99,6968
0.99,6967
0.99,6966
0.99,6965
0.99,6964
0.991,6963
0.991,6962
0.991,6961
0.991,6960
0.991,6959
0.991,6958
0.991,6957
0.992,6956
0.992,6955
0.992,6954
0.992,6953
0.992,6952
0.992,6951
0.992,6950
0.992,6949
0.992,6948
0.993,6947
0.993,6946
0.993,6945
0.993,6944
0.993,6943
0.994,6942
0.994,6941
0.994,6940
0.994,6939
0.994,6938
0.994,6937
0.994,6936
0.995,6935
0.995,6934
0.995,6933
0.995,6932
0.996,6931
0.996,6930
0.996,6929
0.996,6928
0.996,6927
0.997,6926
0.997,6925
0.997,6924
0.997,6923
0.997,6922
0.997,6921
0.997,6920
0.997,6919
0.997,6918
0.997,6917
0.998,6916
0.998,6915
0.998,6914
0.998,6913
0.999,6912
0.999,6911
0.999,6910
0.999,6909
0.999,6908
0.999,6907
1.0,6906
1.0,6905
1.0,6904
1.0,6903
1.0,6902
1.0,6901
1.0,6900
1.001,6899
1.001,6898
1.001,6897
1.001,6896
1.001,6895
1.001,6894
1.001,6893
1.002,6892
1.002,6891
1.002,6890
1.002,6889
1.002,6888
1.002,6887
1.002,6886
1.003,6885
1.003,6884
1.003,6883
1.003,6882
1.003,6881
1.003,6880
1.003,6879
1.003,6878
1.003,6877
1.003,6876
1.003,6875
1.003,6874
1.004,6873
1.004,6872
1.004,6871
1.004,6870
1.004,6869
1.005,6868
1.005,6867
1.005,6866
1.005,6865
1.005,6864
1.005,6863
1.005,6862
1.005,6861
1.005,6860
1.006,6859
1.006,6858
1.006,6857
1.006,6856
1.006,6855
1.006,6854
1.006,6853
1.006,6852
1.007,6851
1.007,6850
1.007,6849
1.007,6848
1.007,6847
1.007,6846
1.007,6845
1.008,6844
1.008,6843
1.008,6842
1.008,6841
1.008,6840
1.008,6839
1.008,6838
1.008,6837
1.009,6836
1.009,6835
1.009,6834
1.009,6833
1.009,6832
1.009,6831
1.01,6830
1.01,6829
1.01,6828
1.01,6827
1.01,6826
1.01,6825
1.01,6824
1.01,6823
1.01,6822
1.01,6821
1.011,6820
1.011,6819
1.011,6818
1.011,6817
1.011,6816
1.011,6815
1.011,6814
1.011,6813
1.012,6812
1.012,6811
1.012,6810
1.012,6809
1.012,6808
1.013,6807
1.013,6806
1.013,6805
1.013,6804
1.013,6803
1.014,6802
1.014,6801
1.014,6800
1.014,6799
1.014,6798
1.015,6797
1.015,6796
1.015,6795
1.015,6794
1.016,6793
1.016,6792
1.016,6791
1.016,6790
1.016,6789
1.016,6788
1.017,6787
1.017,6786
1.017,6785
1.017,6784
1.017,6783
1.017,6782
1.018,6781
1.018,6780
1.018,6779
1.018,6778
1.019,6777
1.019,6776
1.019,6775
1.019,6774
1.02,6773
1.02,6772
1.02,6771
1.02,6770
1.02,6769
1.02,6768
1.02,6767
1.021,6766
1.021,6765
1.021,6764
1.021,6763
1.021,6762
1.021,6761
1.022,6760
1.022,6759
1.022,6758
1.022,6757
1.022,6756
1.022,6755
1.022,6754
1.022,6753
1.022,6752
1.022,6751
1.023,6750
1.023,6749
1.023,6748
1.023,6747
1.023,6746
1.023,6745
1.023,6744
1.024,6743
1.024,6742
1.024,6741
1.024,6740
1.024,6739
1.024,6738
1.024,6737
1.025,6736
1.025,6735
1.025,6734
1.025,6733
1.026,6732
1.026,6731
1.026,6730
1.026,6729
1.026,6728
1.026,6727
1.026,6726
1.026,6725
1.027,6724
1.027,6723
1.027,6722
1.027,6721
1.027,6720
1.028,6719
1.028,6718
1.028,6717
1.028,6716
1.029,6715
1.029,6714
1.029,6713
1.029,6712
1.03,6711
1.03,6710
1.03,6709
1.03,6708
1.031,6707
1.031,6706
1.031,6705
1.031,6704
1.032,6703
1.032,6702
1.032,6701
1.032,6700
1.032,6699
1.033,6698
1.033,6697
1.033,6696
1.034,6695
1.034,6694
1.034,6693
1.035,6692
1.035,6691
1.035,6690
1.036,6689
1.036,6688
1.036,6687
1.037,6686
1.037,6685
1.037,6684
1.037,6683
1.038,6682
1.038,6681
1.038,6680
1.038,6679
1.039,6678
1.039,6677
1.039,6676
1.039,6675
1.039,6674
1.039,6673
1.039,6672
1.04,6671
1.04,6670
1.04,6669
1.04,6668
1.04,6667
1.04,6666
1.041,6665
1.041,6664
1.041,6663
1.041,6662
1.041,6661
1.041,6660
1.042,6659
1.042,6658
1.042,6657
1.042,6656
1.042,6655
1.042,6654
1.042,6653
1.043,6652
1.043,6651
1.043,6650
1.043,6649
1.043,6648
1.043,6647
1.043,6646
1.043,6645
1.044,6644
1.044,6643
1.044,6642
1.044,6641
1.044,6640
1.045,6639
1.045,6638
1.045,6637
1.045,6636
1.045,6635
1.045,6634
1.045,6633
1.045,6632
1.046,6631
1.046,6630
1.046,6629
1.046,6628
1.046,6627
1.046,6626
1.046,6625
1.047,6624
1.047,6623
1.048,6622
1.048,6621
1.048,6620
1.048,6619
1.048,6618
1.048,6617
1.049,6616
1.049,6615
1.049,6614
1.049,6613
1.05,6612
1.05,6611
1.05,6610
1.05,6609
1.05,6608
1.051,6607
1.051,6606
1.051,6605
1.051,6604
1.051,6603
1.052,6602
1.052,6601
1.052,6600
1.052,6599
1.052,6598
1.052,6597
1.052,6596
1.052,6595
1.052,6594
1.053,6593
1.053,6592
1.053,6591
1.054,6590
1.054,6589
1.054,6588
1.054,6587
1.054,6586
1.054,6585
1.055,6584
1.055,6583
1.055,6582
1.055,6581
1.055,6580
1.055,6579
1.055,6578
1.055,6577
1.056,6576
1.056,6575
1.056,6574
1.056,6573
1.056,6572
1.056,6571
1.057,6570
1.057,6569
1.057,6568
1.057,6567
1.057,6566
1.057,6565
1.057,6564
1.057,6563
1.057,6562
1.057,6561
1.058,6560
1.058,6559
1.058,6558
1.058,6557
1.058,6556
1.058,6555
1.059,6554
1.059,6553
1.059,6552
1.059,6551
1.059,6550
1.059,6549
1.06,6548
1.06,6547
1.06,6546
1.06,6545
1.06,6544
1.061,6543
1.061,6542
1.061,6541
1.061,6540
1.061,6539
1.061,6538
1.061,6537
1.061,6536
1.062,6535
1.062,6534
1.062,6533
1.062,6532
1.063,6531
1.063,6530
1.064,6529
1.064,6528
1.065,6527
1.065,6526
1.065,6525
1.065,6524
1.066,6523
1.066,6522
1.066,6521
1.066,6520
1.066,6519
1.066,6518
1.067,6517
1.067,6516
1.068,6515
1.068,6514
1.068,6513
1.068,6512
1.068,6511
1.068,6510
1.069,6509
1.069,6508
1.069,6507
1.07,6506
1.07,6505
1.07,6504
1.07,6503
1.07,6502
1.07,6501
1.071,6500
1.071,6499
1.071,6498
1.071,6497
1.072,6496
1.072,6495
1.072,6494
1.072,6493
1.073,6492
1.073,6491
1.073,6490
1.073,6489
1.074,6488
1.074,6487
1.074,6486
1.074,6485
1.075,6484
1.075,6483
1.075,6482
1.075,6481
1.075,6480
1.076,6479
1.076,6478
1.076,6477
1.076,6476
1.076,6475
1.076,6474
1.076,6473
1.077,6472
1.077,6471
1.077,6470
1.077,6469
1.077,6468
1.077,6467
1.077,6466
1.078,6465
1.078,6464
1.078,6463
1.078,6462
1.078,6461
1.078,6460
1.078,6459
1.078,6458
1.078,6457
1.078,6456
1.079,6455
1.079,6454
1.079,6453
1.079,6452
1.079,6451
1.08,6450
1.08,6449
1.08,6448
1.08,6447
1.08,6446
1.08,6445
1.08,6444
1.08,6443
1.08,6442
1.08,6441
1.081,6440
1.081,6439
1.081,6438
1.081,6437
1.081,6436
1.081,6435
1.082,6434
1.082,6433
1.082,6432
1.083,6431
1.083,6430
1.083,6429
1.083,6428
1.083,6427
1.083,6426
1.083,6425
1.084,6424
1.084,6423
1.084,6422
1.084,6421
1.084,6420
1.084,6419
1.085,6418
1.085,6417
1.085,6416
1.085,6415
1.085,6414
1.085,6413
1.086,6412
1.086,6411
1.086,6410
1.086,6409
1.087,6408
1.087,6407
1.087,6406
1.087,6405
1.087,6404
1.087,6403
1.087,6402
1.087,6401
1.088,6400
1.088,6399
1.088,6398
1.088,6397
1.088,6396
1.088,6395
1.089,6394
1.089,6393
1.089,6392
1.089,6391
1.089,6390
1.09,6389
1.091,6388
1.091,6387
1.092,6386
1.092,6385
1.092,6384
1.092,6383
1.092,6382
1.092,6381
1.093,6380
1.093,6379
1.094,6378
1.094,6377
1.094,6376
1.094,6375
1.094,6374
1.094,6373
1.094,6372
1.095,6371
1.095,6370
1.095,6369
1.095,6368
1.095,6367
1.095,6366
1.095,6365
1.096,6364
1.096,6363
1.096,6362
1.097,6361
1.097,6360
1.097,6359
1.097,6358
1.097,6357
1.097,6356
1.098,6355
1.098,6354
1.098,6353
1.098,6352
1.098,6351
1.098,6350
1.099,6349
1.099,6348
1.099,6347
1.099,6346
1.099,6345
1.1,6344
1.1,6343
1.1,6342
1.1,6341
1.1,6340
1.1,6339
1.1,6338
1.101,6337
1.101,6336
1.101,6335
1.102,6334
1.102,6333
1.102,6332
1.102,6331
1.102,6330
1.102,6329
1.103,6328
1.103,6327
1.103,6326
1.104,6325
1.104,6324
1.104,6323
1.104,6322
1.104,6321
1.104,6320
1.105,6319
1.105,6318
1.105,6317
1.105,6316
1.105,6315
1.105,6314
1.105,6313
1.105,6312
1.106,6311
1.106,6310
1.106,6309
1.106,6308
1.106,6307
1.107,6306
1.107,6305
1.107,6304
1.107,6303
1.107,6302
1.107,6301
1.107,6300
1.108,6299
1.108,6298
1.108,6297
1.108,6296
1.109,6295
1.109,6294
1.109,6293
1.11,6292
1.11,6291
1.111,6290
1.111,6289
1.111,6288
1.111,6287
1.111,6286
1.112,6285
1.112,6284
1.112,6283
1.112,6282
1.112,6281
1.112,6280
1.112,6279
1.112,6278
1.113,6277
1.113,6276
1.114,6275
1.114,6274
1.114,6273
1.114,6272
1.114,6271
1.114,6270
1.114,6269
1.114,6268
1.115,6267
1.115,6266
1.115,6265
1.115,6264
1.115,6263
1.116,6262
1.117,6261
1.117,6260
1.118,6259
1.118,6258
1.118,6257
1.118,6256
1.119,6255
1.119,6254
1.119,6253
1.119,6252
1.119,6251
1.119,6250
1.12,6249
1.12,6248
1.121,6247
1.121,6246
1.121,6245
1.121,6244
1.121,6243
1.121,6242
1.121,6241
1.122,6240
1.122,6239
1.122,6238
1.122,6237
1.122,6236
1.122,6235
1.123,6234
1.123,6233
1.123,6232
1.123,6231
1.123,6230
1.124,6229
1.124,6228
1.124,6227
1.124,6226
1.125,6225
1.125,6224
1.125,6223
1.125,6222
1.125,6221
1.125,6220
1.126,6219
1.126,6218
1.126,6217
1.126,6216
1.126,6215
1.126,6214
1.126,6213
1.127,6212
1.127,6211
1.127,6210
1.128,6209
1.128,6208
1.128,6207
1.128,6206
1.128,6205
1.129,6204
1.129,6203
1.129,6202
1.129,6201
1.129,6200
1.129,6199
1.129,6198
1.129,6197
1.129,6196
1.129,6195
1.13,6194
1.13,6193
1.13,6192
1.13,6191
1.13,6190
1.13,6189
1.131,6188
1.131,6187
1.131,6186
1.132,6185
1.132,6184
1.132,6183
1.132,6182
1.132,6181
1.132,6180
1.132,6179
1.132,6178
1.133,6177
1.133,6176
1.133,6175
1.134,6174
1.134,6173
1.134,6172
1.134,6171
1.134,6170
1.134,6169
1.135,6168
1.135,6167
1.135,6166
1.136,6165
1.136,6164
1.136,6163
1.136,6162
1.137,6161
1.137,6160
1.137,6159
1.137,6158
1.137,6157
1.137,6156
1.138,6155
1.138,6154
1.138,6153
1.139,6152
1.139,6151
1.139,6150
1.139,6149
1.14,6148
1.14,6147
1.14,6146
1.14,6145
1.14,6144
1.141,6143
1.141,6142
1.141,6141
1.141,6140
1.142,6139
1.142,6138
1.142,6137
1.142,6136
1.142,6135
1.142,6134
1.142,6133
1.142,6132
1.143,6131
1.143,6130
1.143,6129
1.143,6128
1.144,6127
1.144,6126
1.144,6125
1.144,6124
1.144,6123
1.144,6122
1.145,6121
1.145,6120
1.145,6119
1.145,6118
1.145,6117
1.146,6116
1.146,6115
1.146,6114
1.146,6113
1.146,6112
1.147,6111
1.147,6110
1.147,6109
1.147,6108
1.147,6107
1.147,6106
1.147,6105
1.148,6104
1.148,6103
1.148,6102
1.148,6101
1.149,6100
1.149,6099
1.15,6098
1.15,6097
1.15,6096
1.15,6095
1.15,6094
1.151,6093
1.151,6092
1.151,6091
1.151,6090
1.152,6089
1.152,6088
1.152,6087
1.152,6086
1.152,6085
1.152,6084
1.153,6083
1.153,6082
1.153,6081
1.153,6080
1.154,6079
1.154,6078
1.154,6077
1.154,6076
1.154,6075
1.154,6074
1.154,6073
1.154,6072
1.154,6071
1.154,6070
1.154,6069
1.155,6068
1.155,6067
1.155,6066
1.155,6065
1.155,6064
1.156,6063
1.156,6062
1.156,6061
1.156,6060
1.156,6059
1.156,6058
1.156,6057
1.156,6056
1.157,6055
1.157,6054
1.157,6053
1.157,6052
1.157,6051
1.157,6050
1.157,6049
1.157,6048
1.158,6047
1.158,6046
1.159,6045
1.159,6044
1.159,6043
1.16,6042
1.16,6041
1.16,6040
1.16,6039
1.161,6038
1.161,6037
1.161,6036
1.161,6035
1.161,6034
1.162,6033
1.162,6032
1.162,6031
1.163,6030
1.163,6029
1.163,6028
1.163,6027
1.163,6026
1.164,6025
1.164,6024
1.164,6023
1.164,6022
1.164,6021
1.164,6020
1.165,6019
1.165,6018
1.165,6017
1.165,6016
1.166,6015
1.166,6014
1.166,6013
1.167,6012
1.167,6011
1.168,6010
1.168,6009
1.168,6008
1.168,6007
1.168,6006
1.168,6005
1.168,6004
1.169,6003
1.169,6002
1.17,6001
1.17,6000
1.17,5999
1.17,5998
1.17,5997
1.17,5996
1.17,5995
1.17,5994
1.171,5993
1.171,5992
1.171,5991
1.171,5990
1.171,5989
1.172,5988
1.172,5987
1.173,5986
1.173,5985
1.173,5984
1.174,5983
1.174,5982
1.174,5981
1.174,5980
1.174,5979
1.175,5978
1.175,5977
1.176,5976
1.176,5975
1.176,5974
1.176,5973
1.177,5972
1.178,5971
1.178,5970
1.178,5969
1.178,5968
1.178,5967
1.179,5966
1.179,5965
1.179,5964
1.179,5963
1.18,5962
1.18,5961
1.18,5960
1.18,5959
1.18,5958
1.18,5957
1.181,5956
1.181,5955
1.181,5954
1.181,5953
1.181,5952
1.181,5951
1.182,5950
1.182,5949
1.182,5948
1.183,5947
1.184,5946
1.185,5945
1.185,5944
1.185,5943
1.185,5942
1.186,5941
1.186,5940
1.186,5939
1.186,5938
1.186,5937
1.186,5936
1.186,5935
1.187,5934
1.187,5933
1.187,5932
1.187,5931
1.187,5930
1.187,5929
1.187,5928
1.187,5927
1.188,5926
1.188,5925
1.188,5924
1.188,5923
1.188,5922
1.188,5921
1.188,5920
1.188,5919
1.189,5918
1.189,5917
1.189,5916
1.189,5915
1.189,5914
1.19,5913
1.19,5912
1.19,5911
1.19,5910
1.19,5909
1.191,5908
1.191,5907
1.191,5906
1.191,5905
1.192,5904
1.192,5903
1.193,5902
1.193,5901
1.193,5900
1.193,5899
1.193,5898
1.194,5897
1.194,5896
1.195,5895
1.195,5894
1.195,5893
1.195,5892
1.196,5891
1.196,5890
1.197,5889
1.197,5888
1.197,5887
1.197,5886
1.197,5885
1.198,5884
1.198,5883
1.198,5882
1.199,5881
1.199,5880
1.199,5879
1.2,5878
1.2,5877
1.2,5876
1.201,5875
1.201,5874
1.202,5873
1.202,5872
1.202,5871
1.202,5870
1.202,5869
1.203,5868
1.204,5867
1.204,5866
1.204,5865
1.204,5864
1.205,5863
1.205,5862
1.205,5861
1.205,5860
1.206,5859
1.206,5858
1.206,5857
1.207,5856
1.207,5855
1.207,5854
1.208,5853
1.208,5852
1.209,5851
1.209,5850
1.21,5849
1.21,5848
1.211,5847
1.211,5846
1.211,5845
1.212,5844
1.213,5843
1.213,5842
1.213,5841
1.214,5840
1.214,5839
1.214,5838
1.214,5837
1.215,5836
1.215,5835
1.215,5834
1.215,5833
1.216,5832
1.216,5831
1.217,5830
1.218,5829
1.219,5828
1.219,5827
1.219,5826
1.219,5825
1.219,5824
1.219,5823
1.22,5822
1.22,5821
1.22,5820
1.221,5819
1.221,5818
1.222,5817
1.222,5816
1.222,5815
1.223,5814
1.223,5813
1.223,5812
1.223,5811
1.223,5810
1.223,5809
1.224,5808
1.225,5807
1.225,5806
1.226,5805
1.226,5804
1.227,5803
1.227,5802
1.227,5801
1.227,5800
1.227,5799
1.228,5798
1.228,5797
1.229,5796
1.229,5795
1.229,5794
1.23,5793
1.23,5792
1.23,5791
1.23,5790
1.231,5789
1.232,5788
1.233,5787
1.233,5786
1.234,5785
1.234,5784
1.234,5783
1.234,5782
1.234,5781
1.235,5780
1.235,5779
1.235,5778
1.236,5777
1.236,5776
1.236,5775
1.237,5774
1.238,5773
1.239,5772
1.239,5771
1.239,5770
1.239,5769
1.239,5768
1.24,5767
1.24,5766
1.24,5765
1.241,5764
1.241,5763
1.242,5762
1.242,5761
1.242,5760
1.243,5759
1.243,5758
1.244,5757
1.245,5756
1.245,5755
1.245,5754
1.246,5753
1.246,5752
1.246,5751
1.247,5750
1.247,5749
1.247,5748
1.247,5747
1.248,5746
1.248,5745
1.248,5744
1.248,5743
1.249,5742
1.249,5741
1.249,5740
1.25,5739
1.25,5738
1.251,5737
1.251,5736
1.252,5735
1.253,5734
1.253,5733
1.253,5732
1.254,5731
1.254,5730
1.254,5729
1.255,5728
1.255,5727
1.255,5726
1.255,5725
1.255,5724
1.256,5723
1.256,5722
1.257,5721
1.257,5720
1.257,5719
1.258,5718
1.258,5717
1.259,5716
1.259,5715
1.259,5714
1.259,5713
1.26,5712
1.26,5711
1.261,5710
1.261,5709
1.261,5708
1.261,5707
1.262,5706
1.262,5705
1.262,5704
1.262,5703
1.263,5702
1.263,5701
1.263,5700
1.263,5699
1.263,5698
1.264,5697
1.264,5696
1.265,5695
1.265,5694
1.266,5693
1.266,5692
1.266,5691
1.266,5690
1.268,5689
1.268,5688
1.268,5687
1.268,5686
1.268,5685
1.268,5684
1.269,5683
1.269,5682
1.269,5681
1.269,5680
1.27,5679
1.271,5678
1.271,5677
1.272,5676
1.272,5675
1.272,5674
1.274,5673
1.274,5672
1.275,5671
1.275,5670
1.275,5669
1.276,5668
1.276,5667
1.277,5666
1.277,5665
1.277,5664
1.278,5663
1.278,5662
1.279,5661
1.279,5660
1.279,5659
1.279,5658
1.28,5657
1.281,5656
1.281,5655
1.282,5654
1.282,5653
1.283,5652
1.283,5651
1.283,5650
1.284,5649
1.285,5648
1.285,5647
1.285,5646
1.286,5645
1.286,5644
1.286,5643
1.286,5642
1.286,5641
1.287,5640
1.287,5639
1.287,5638
1.287,5637
1.289,5636
1.289,5635
1.291,5634
1.292,5633
1.293,5632
1.294,5631
1.295,5630
1.295,5629
1.296,5628
1.297,5627
1.297,5626
1.298,5625
1.299,5624
1.299,5623
1.299,5622
1.3,5621
1.3,5620
1.3,5619
1.301,5618
1.301,5617
1.301,5616
1.302,5615
1.303,5614
1.304,5613
1.304,5612
1.304,5611
1.304,5610
1.305,5609
1.305,5608
1.305,5607
1.306,5606
1.306,5605
1.306,5604
1.307,5603
1.308,5602
1.308,5601
1.308,5600
1.309,5599
1.309,5598
1.309,5597
1.309,5596
1.31,5595
1.31,5594
1.31,5593
1.312,5592
1.312,5591
1.313,5590
1.313,5589
1.314,5588
1.314,5587
1.314,5586
1.315,5585
1.316,5584
1.316,5583
1.316,5582
1.316,5581
1.316,5580
1.317,5579
1.317,5578
1.318,5577
1.32,5576
1.32,5575
1.322,5574
1.322,5573
1.322,5572
1.323,5571
1.323,5570
1.324,5569
1.324,5568
1.325,5567
1.325,5566
1.326,5565
1.326,5564
1.326,5563
1.326,5562
1.326,5561
1.327,5560
1.327,5559
1.328,5558
1.328,5557
1.329,5556
1.329,5555
1.329,5554
1.329,5553
1.33,5552
1.33,5551
1.331,5550
1.331,5549
1.331,5548
1.333,5547
1.333,5546
1.333,5545
1.333,5544
1.334,5543
1.334,5542
1.334,5541
1.335,5540
1.335,5539
1.335,5538
1.336,5537
1.336,5536
1.336,5535
1.337,5534
1.337,5533
1.338,5532
1.338,5531
1.339,5530
1.339,5529
1.339,5528
1.34,5527
1.343,5526
1.343,5525
1.344,5524
1.344,5523
1.345,5522
1.345,5521
1.346,5520
1.348,5519
1.348,5518
1.349,5517
1.35,5516
1.351,5515
1.351,5514
1.351,5513
1.352,5512
1.352,5511
1.352,5510
1.352,5509
1.352,5508
1.354,5507
1.354,5506
1.356,5505
1.357,5504
1.358,5503
1.358,5502
1.358,5501
1.361,5500
1.361,5499
1.361,5498
1.361,5497
1.362,5496
1.362,5495
1.362,5494
1.362,5493
1.362,5492
1.364,5491
1.365,5490
1.365,5489
1.365,5488
1.365,5487
1.366,5486
1.366,5485
1.366,5484
1.368,5483
1.368,5482
1.369,5481
1.37,5480
1.37,5479
1.371,5478
1.372,5477
1.373,5476
1.373,5475
1.374,5474
1.374,5473
1.375,5472
1.376,5471
1.376,5470
1.377,5469
1.377,5468
1.387,5467
1.387,5466
1.388,5465
1.388,5464
1.389,5463
1.389,5462
1.39,5461
1.39,5460
1.39,5459
1.39,5458
1.391,5457
1.392,5456
1.393,5455
1.393,5454
1.393,5453
1.395,5452
1.395,5451
1.396,5450
1.396,5449
1.396,5448
1.396,5447
1.396,5446
1.396,5445
1.397,5444
1.397,5443
1.397,5442
1.398,5441
1.399,5440
1.4,5439
1.4,5438
1.401,5437
1.402,5436
1.403,5435
1.403,5434
1.404,5433
1.404,5432
1.405,5431
1.405,5430
1.405,5429
1.405,5428
1.405,5427
1.406,5426
1.406,5425
1.407,5424
1.407,5423
1.408,5422
1.408,5421
1.408,5420
1.408,5419
1.409,5418
1.409,5417
1.409,5416
1.412,5415
1.412,5414
1.412,5413
1.412,5412
1.414,5411
1.414,5410
1.414,5409
1.414,5408
1.415,5407
1.416,5406
1.417,5405
1.418,5404
1.418,5403
1.422,5402
1.423,5401
1.423,5400
1.425,5399
1.425,5398
1.426,5397
1.426,5396
1.427,5395
1.427,5394
1.427,5393
1.429,5392
1.429,5391
1.43,5390
1.43,5389
1.43,5388
1.431,5387
1.431,5386
1.432,5385
1.433,5384
1.434,5383
1.435,5382
1.436,5381
1.436,5380
1.437,5379
1.438,5378
1.438,5377
1.439,5376
1.44,5375
1.441,5374
1.441,5373
1.442,5372
1.442,5371
1.443,5370
1.444,5369
1.444,5368
1.444,5367
1.444,5366
1.447,5365
1.448,5364
1.45,5363
1.451,5362
1.451,5361
1.453,5360
1.453,5359
1.453,5358
1.455,5357
1.457,5356
1.457,5355
1.46,5354
1.46,5353
1.46,5352
1.46,5351
1.461,5350
1.461,5349
1.461,5348
1.462,5347
1.463,5346
1.463,5345
1.466,5344
1.468,5343
1.469,5342
1.469,5341
1.469,5340
1.47,5339
1.47,5338
1.473,5337
1.474,5336
1.475,5335
1.475,5334
1.476,5333
1.477,5332
1.477,5331
1.477,5330
1.478,5329
1.478,5328
1.479,5327
1.479,5326
1.48,5325
1.48,5324
1.483,5323
1.484,5322
1.485,5321
1.487,5320
1.488,5319
1.489,5318
1.489,5317
1.489,5316
1.492,5315
1.493,5314
1.495,5313
1.496,5312
1.496,5311
1.498,5310
1.499,5309
1.499,5308
1.5,5307
1.5,5306
1.501,5305
1.501,5304
1.501,5303
1.502,5302
1.502,5301
1.503,5300
1.506,5299
1.506,5298
1.506,5297
1.507,5296
1.507,5295
1.508,5294
1.51,5293
1.512,5292
1.514,5291
1.516,5290
1.517,5289
1.519,5288
1.521,5287
1.523,5286
1.524,5285
1.524,5284
1.524,5283
1.524,5282
1.525,5281
1.527,5280
1.529,5279
1.533,5278
1.533,5277
1.536,5276
1.537,5275
1.537,5274
1.547,5273
1.548,5272
1.551,5271
1.551,5270
1.552,5269
1.554,5268
1.554,5267
1.556,5266
1.556,5265
1.557,5264
1.558,5263
1.558,5262
1.559,5261
1.56,5260
1.562,5259
1.566,5258
1.567,5257
1.569,5256
1.569,5255
1.573,5254
1.578,5253
1.579,5252
1.58,5251
1.581,5250
1.582,5249
1.583,5248
1.585,5247
1.585,5246
1.585,5245
1.586,5244
1.586,5243
1.588,5242
1.588,5241
1.591,5240
1.591,5239
1.592,5238
1.593,5237
1.594,5236
1.598,5235
1.603,5234
1.604,5233
1.61,5232
1.61,5231
1.617,5230
1.617,5229
1.62,5228
1.62,5227
1.625,5226
1.629,5225
1.632,5224
1.632,5223
1.634,5222
1.641,5221
1.643,5220
1.645,5219
1.645,5218
1.65,5217
1.653,5216
1.658,5215
1.659,5214
1.666,5213
1.667,5212
1.667,5211
1.671,5210
1.675,5209
1.681,5208
1.682,5207
1.687,5206
1.693,5205
1.693,5204
1.694,5203
1.699,5202
1.701,5201
1.716,5200
1.728,5199
1.734,5198
1.736,5197
1.745,5196
1.753,5195
1.759,5194
1.762,5193
1.777,5192
1.781,5191
1.784,5190
1.786,5189
1.788,5188
1.791,5187
1.794,5186
1.803,5185
1.803,5184
1.821,5183
1.823,5182
1.855,5181
1.859,5180
1.961,5179
1.976,5178
1.978,5177
2.019,5176
2.039,5175
2.162,5174
