0.002,13440
0.005,13439
0.006,13438
0.007,13437
0.008,13436
0.009,13435
0.009,13434
0.01,13433
0.011,13432
0.011,13431
0.011,13430
0.011,13429
0.011,13428
0.012,13427
0.012,13426
0.012,13425
0.012,13424
0.012,13423
0.012,13422
0.012,13421
0.013,13420
0.013,13419
0.013,13418
0.013,13417
0.013,13416
0.014,13415
0.014,13414
0.016,13413
0.016,13412
0.017,13411
0.017,13410
0.017,13409
0.017,13408
0.017,13407
0.017,13406
0.018,13405
0.018,13404
0.018,13403
0.018,13402
0.018,13401
0.019,13400
0.019,13399
0.019,13398
0.019,13397
0.019,13396
0.019,13395
0.02,13394
0.02,13393
0.02,13392
0.021,13391
0.021,13390
0.021,13389
0.021,13388
0.021,13387
0.021,13386
0.022,13385
0.022,13384
0.022,13383
0.022,13382
0.022,13381
0.022,13380
0.023,13379
0.023,13378
0.023,13377
0.023,13376
0.023,13375
0.023,13374
0.024,13373
0.024,13372
0.024,13371
0.024,13370
0.024,13369
0.024,13368
0.024,13367
0.024,13366
0.024,13365
0.025,13364
0.025,13363
0.025,13362
0.025,13361
0.025,13360
0.025,13359
0.026,13358
0.026,13357
0.026,13356
0.026,13355
0.026,13354
0.027,13353
0.027,13352
0.027,13351
0.027,13350
0.027,13349
0.027,13348
0.028,13347
0.028,13346
0.028,13345
0.028,13344
0.028,13343
0.029,13342
0.029,13341
0.029,13340
0.029,13339
0.029,13338
0.029,13337
0.029,13336
0.03,13335
0.03,13334
0.03,13333
0.032,13332
0.033,13331
0.033,13330
0.034,13329
0.034,13328
0.034,13327
0.034,13326
0.034,13325
0.034,13324
0.034,13323
0.035,13322
0.035,13321
0.035,13320
0.035,13319
0.035,13318
0.035,13317
0.036,13316
0.036,13315
0.036,13314
0.036,13313
0.036,13312
0.037,13311
0.037,13310
0.037,13309
0.037,13308
0.037,13307
0.038,13306
0.038,13305
0.038,13304
0.038,13303
0.038,13302
0.038,13301
0.038,13300
0.039,13299
0.039,13298
0.039,13297
0.039,13296
0.039,13295
0.039,13294
0.039,13293
0.04,13292
0.04,13291
0.04,13290
0.04,13289
0.04,13288
0.04,13287
0.04,13286
0.04,13285
0.041,13284
0.041,13283
0.041,13282
0.041,13281
0.041,13280
0.041,13279
0.041,13278
0.041,13277
0.041,13276
0.042,13275
0.042,13274
0.042,13273
0.042,13272
0.042,13271
0.043,13270
0.043,13269
0.043,13268
0.043,13267
0.043,13266
0.044,13265
0.044,13264
0.044,13263
0.044,13262
0.044,13261
0.044,13260
0.044,13259
0.044,13258
0.044,13257
0.045,13256
0.045,13255
0.045,13254
0.045,13253
0.045,13252
0.045,13251
0.045,13250
0.045,13249
0.045,13248
0.046,13247
0.046,13246
0.046,13245
0.046,13244
0.046,13243
0.046,13242
0.047,13241
0.047,13240
0.047,13239
0.047,13238
0.048,13237
0.048,13236
0.048,13235
0.048,13234
0.048,13233
0.049,13232
0.049,13231
0.049,13230
0.049,13229
0.049,13228
0.05,13227
0.05,13226
0.05,13225
0.05,13224
0.05,13223
0.05,13222
0.05,13221
0.051,13220
0.051,13219
0.051,13218
0.051,13217
0.052,13216
0.052,13215
0.052,13214
0.052,13213
0.052,13212
0.052,13211
0.052,13210
0.053,13209
0.053,13208
0.053,13207
0.054,13206
0.054,13205
0.054,13204
0.054,13203
0.054,13202
0.054,13201
0.054,13200
0.055,13199
0.055,13198
0.056,13197
0.056,13196
0.056,13195
0.056,13194
0.057,13193
0.057,13192
0.057,13191
0.057,13190
0.057,13189
0.058,13188
0.058,13187
0.059,13186
0.061,13185
0.062,13184
0.062,13183
0.062,13182
0.062,13181
0.072,13180
0.072,13179
0.072,13178
0.072,13177
0.072,13176
0.072,13175
0.073,13174
0.073,13173
0.073,13172
0.073,13171
0.073,13170
0.073,13169
0.073,13168
0.074,13167
0.074,13166
0.074,13165
0.074,13164
0.074,13163
0.074,13162
0.075,13161
0.075,13160
0.075,13159
0.075,13158
0.075,13157
0.075,13156
0.075,13155
0.075,13154
0.075,13153
0.076,13152
0.076,13151
0.076,13150
0.076,13149
0.076,13148
0.076,13147
0.076,13146
0.076,13145
0.076,13144
0.077,13143
0.077,13142
0.077,13141
0.077,13140
0.077,13139
0.078,13138
0.078,13137
0.078,13136
0.078,13135
0.078,13134
0.078,13133
0.078,13132
0.078,13131
0.078,13130
0.078,13129
0.079,13128
0.079,13127
0.079,13126
0.079,13125
0.079,13124
0.079,13123
0.079,13122
0.079,13121
0.08,13120
0.08,13119
0.08,13118
0.08,13117
0.08,13116
0.08,13115
0.08,13114
0.081,13113
0.081,13112
0.081,13111
0.081,13110
0.081,13109
0.081,13108
0.081,13107
0.081,13106
0.082,13105
0.082,13104
0.082,13103
0.082,13102
0.083,13101
0.083,13100
0.083,13099
0.083,13098
0.083,13097
0.083,13096
0.083,13095
0.083,13094
0.083,13093
0.083,13092
0.083,13091
0.084,13090
0.084,13089
0.084,13088
0.084,13087
0.084,13086
0.084,13085
0.084,13084
0.084,13083
0.084,13082
0.085,13081
0.085,13080
0.085,13079
0.085,13078
0.085,13077
0.085,13076
0.085,13075
0.085,13074
0.085,13073
0.085,13072
0.086,13071
0.086,13070
0.086,13069
0.086,13068
0.086,13067
0.086,13066
0.086,13065
0.086,13064
0.086,13063
0.087,13062
0.087,13061
0.087,13060
0.087,13059
0.087,13058
0.087,13057
0.087,13056
0.087,13055
0.088,13054
0.088,13053
0.088,13052
0.088,13051
0.088,13050
0.088,13049
0.088,13048
0.088,13047
0.088,13046
0.089,13045
0.089,13044
0.089,13043
0.089,13042
0.089,13041
0.089,13040
0.089,13039
0.09,13038
0.09,13037
0.09,13036
0.09,13035
0.09,13034
0.09,13033
0.09,13032
0.09,13031
0.09,13030
0.091,13029
0.091,13028
0.091,13027
0.091,13026
0.091,13025
0.091,13024
0.091,13023
0.091,13022
0.091,13021
0.091,13020
0.092,13019
0.092,13018
0.092,13017
0.092,13016
0.092,13015
0.093,13014
0.093,13013
0.093,13012
0.093,13011
0.094,13010
0.094,13009
0.094,13008
0.094,13007
0.094,13006
0.094,13005
0.095,13004
0.095,13003
0.095,13002
0.095,13001
0.095,13000
0.096,12999
0.096,12998
0.096,12997
0.096,12996
0.096,12995
0.096,12994
0.097,12993
0.097,12992
0.097,12991
0.097,12990
0.097,12989
0.098,12988
0.098,12987
0.098,12986
0.098,12985
0.098,12984
0.098,12983
0.098,12982
0.098,12981
0.099,12980
0.099,12979
0.099,12978
0.099,12977
0.099,12976
0.099,12975
0.1,12974
0.1,12973
0.1,12972
0.1,12971
0.1,12970
0.1,12969
0.101,12968
0.101,12967
0.101,12966
0.101,12965
0.101,12964
0.101,12963
0.102,12962
0.102,12961
0.102,12960
0.102,12959
0.102,12958
0.102,12957
0.103,12956
0.103,12955
0.103,12954
0.103,12953
0.103,12952
0.103,12951
0.103,12950
0.103,12949
0.104,12948
0.104,12947
0.104,12946
0.104,12945
0.104,12944
0.104,12943
0.104,12942
0.105,12941
0.105,12940
0.105,12939
0.105,12938
0.105,12937
0.105,12936
0.105,12935
0.105,12934
0.105,12933
0.106,12932
0.106,12931
0.106,12930
0.106,12929
0.106,12928
0.107,12927
0.107,12926
0.107,12925
0.107,12924
0.107,12923
0.107,12922
0.107,12921
0.107,12920
0.108,12919
0.108,12918
0.108,12917
0.108,12916
0.108,12915
0.108,12914
0.109,12913
0.109,12912
0.109,12911
0.109,12910
0.109,12909
0.109,12908
0.109,12907
0.109,12906
0.109,12905
0.11,12904
0.11,12903
0.11,12902
0.11,12901
0.11,12900
0.11,12899
0.11,12898
0.11,12897
0.11,12896
0.11,12895
0.111,12894
0.111,12893
0.111,12892
0.111,12891
0.111,12890
0.111,12889
0.111,12888
0.112,12887
0.112,12886
0.112,12885
0.112,12884
0.112,12883
0.112,12882
0.112,12881
0.112,12880
0.112,12879
0.112,12878
0.112,12877
0.113,12876
0.113,12875
0.113,12874
0.113,12873
0.113,12872
0.113,12871
0.113,12870
0.114,12869
0.114,12868
0.114,12867
0.114,12866
0.114,12865
0.114,12864
0.114,12863
0.114,12862
0.115,12861
0.115,12860
0.115,12859
0.115,12858
0.115,12857
0.115,12856
0.115,12855
0.115,12854
0.115,12853
0.115,12852
0.115,12851
0.116,12850
0.116,12849
0.116,12848
0.116,12847
0.116,12846
0.116,12845
0.117,12844
0.117,12843
0.117,12842
0.117,12841
0.118,12840
0.118,12839
0.118,12838
0.118,12837
0.118,12836
0.118,12835
0.118,12834
0.118,12833
0.118,12832
0.119,12831
0.119,12830
0.119,12829
0.119,12828
0.119,12827
0.119,12826
0.119,12825
0.119,12824
0.12,12823
0.12,12822
0.12,12821
0.12,12820
0.12,12819
0.12,12818
0.12,12817
0.12,12816
0.121,12815
0.121,12814
0.121,12813
0.121,12812
0.121,12811
0.121,12810
0.121,12809
0.122,12808
0.122,12807
0.122,12806
0.122,12805
0.122,12804
0.122,12803
0.122,12802
0.122,12801
0.122,12800
0.122,12799
0.123,12798
0.123,12797
0.123,12796
0.123,12795
0.123,12794
0.123,12793
0.123,12792
0.123,12791
0.124,12790
0.124,12789
0.124,12788
0.124,12787
0.124,12786
0.124,12785
0.124,12784
0.124,12783
0.125,12782
0.125,12781
0.125,12780
0.125,12779
0.125,12778
0.125,12777
0.125,12776
0.125,12775
0.125,12774
0.125,12773
0.126,12772
0.126,12771
0.126,12770
0.126,12769
0.126,12768
0.126,12767
0.126,12766
0.126,12765
0.126,12764
0.126,12763
0.127,12762
0.127,12761
0.127,12760
0.127,12759
0.127,12758
0.127,12757
0.127,12756
0.128,12755
0.128,12754
0.128,12753
0.128,12752
0.128,12751
0.128,12750
0.129,12749
0.129,12748
0.129,12747
0.129,12746
0.13,12745
0.13,12744
0.13,12743
0.13,12742
0.13,12741
0.13,12740
0.131,12739
0.131,12738
0.131,12737
0.131,12736
0.131,12735
0.131,12734
0.131,12733
0.131,12732
0.131,12731
0.131,12730
0.132,12729
0.132,12728
0.132,12727
0.132,12726
0.132,12725
0.132,12724
0.132,12723
0.132,12722
0.132,12721
0.133,12720
0.133,12719
0.133,12718
0.133,12717
0.133,12716
0.133,12715
0.133,12714
0.133,12713
0.134,12712
0.134,12711
0.134,12710
0.134,12709
0.134,12708
0.134,12707
0.134,12706
0.134,12705
0.135,12704
0.135,12703
0.135,12702
0.135,12701
0.135,12700
0.135,12699
0.135,12698
0.135,12697
0.135,12696
0.135,12695
0.136,12694
0.136,12693
0.136,12692
0.136,12691
0.136,12690
0.136,12689
0.136,12688
0.136,12687
0.137,12686
0.137,12685
0.137,12684
0.137,12683
0.137,12682
0.137,12681
0.137,12680
0.137,12679
0.138,12678
0.138,12677
0.138,12676
0.138,12675
0.138,12674
0.138,12673
0.138,12672
0.139,12671
0.139,12670
0.139,12669
0.139,12668
0.139,12667
0.139,12666
0.139,12665
0.139,12664
0.14,12663
0.14,12662
0.14,12661
0.14,12660
0.14,12659
0.14,12658
0.14,12657
0.14,12656
0.141,12655
0.141,12654
0.141,12653
0.141,12652
0.141,12651
0.141,12650
0.141,12649
0.141,12648
0.141,12647
0.142,12646
0.142,12645
0.142,12644
0.142,12643
0.142,12642
0.142,12641
0.142,12640
0.142,12639
0.142,12638
0.142,12637
0.142,12636
0.143,12635
0.143,12634
0.143,12633
0.143,12632
0.143,12631
0.143,12630
0.143,12629
0.143,12628
0.143,12627
0.143,12626
0.143,12625
0.144,12624
0.144,12623
0.144,12622
0.144,12621
0.144,12620
0.144,12619
0.144,12618
0.144,12617
0.144,12616
0.144,12615
0.145,12614
0.145,12613
0.145,12612
0.145,12611
0.145,12610
0.146,12609
0.146,12608
0.146,12607
0.146,12606
0.146,12605
0.146,12604
0.146,12603
0.146,12602
0.146,12601
0.147,12600
0.147,12599
0.147,12598
0.147,12597
0.147,12596
0.147,12595
0.147,12594
0.148,12593
0.148,12592
0.148,12591
0.148,12590
0.148,12589
0.148,12588
0.148,12587
0.148,12586
0.148,12585
0.148,12584
0.149,12583
0.149,12582
0.149,12581
0.149,12580
0.15,12579
0.15,12578
0.15,12577
0.15,12576
0.15,12575
0.15,12574
0.15,12573
0.15,12572
0.15,12571
0.15,12570
0.15,12569
0.15,12568
0.151,12567
0.151,12566
0.151,12565
0.151,12564
0.151,12563
0.151,12562
0.151,12561
0.151,12560
0.151,12559
0.152,12558
0.152,12557
0.152,12556
0.152,12555
0.152,12554
0.152,12553
0.152,12552
0.152,12551
0.153,12550
0.153,12549
0.153,12548
0.153,12547
0.153,12546
0.153,12545
0.153,12544
0.153,12543
0.153,12542
0.154,12541
0.154,12540
0.154,12539
0.155,12538
0.155,12537
0.155,12536
0.155,12535
0.155,12534
0.155,12533
0.156,12532
0.156,12531
0.156,12530
0.156,12529
0.156,12528
0.156,12527
0.156,12526
0.157,12525
0.157,12524
0.157,12523
0.157,12522
0.157,12521
0.157,12520
0.158,12519
0.158,12518
0.158,12517
0.158,12516
0.158,12515
0.158,12514
0.158,12513
0.159,12512
0.159,12511
0.159,12510
0.159,12509
0.159,12508
0.159,12507
0.16,12506
0.16,12505
0.16,12504
0.16,12503
0.16,12502
0.161,12501
0.161,12500
0.161,12499
0.161,12498
0.161,12497
0.161,12496
0.161,12495
0.161,12494
0.161,12493
0.161,12492
0.161,12491
0.162,12490
0.162,12489
0.162,12488
0.162,12487
0.162,12486
0.163,12485
0.163,12484
0.163,12483
0.163,12482
0.163,12481
0.163,12480
0.163,12479
0.163,12478
0.163,12477
0.163,12476
0.164,12475
0.164,12474
0.164,12473
0.164,12472
0.164,12471
0.165,12470
0.165,12469
0.165,12468
0.165,12467
0.165,12466
0.165,12465
0.165,12464
0.165,12463
0.166,12462
0.166,12461
0.166,12460
0.166,12459
0.166,12458
0.166,12457
0.166,12456
0.167,12455
0.167,12454
0.167,12453
0.167,12452
0.167,12451
0.167,12450
0.167,12449
0.167,12448
0.167,12447
0.167,12446
0.167,12445
0.168,12444
0.168,12443
0.168,12442
0.168,12441
0.168,12440
0.168,12439
0.169,12438
0.169,12437
0.169,12436
0.169,12435
0.169,12434
0.169,12433
0.169,12432
0.17,12431
0.17,12430
0.17,12429
0.17,12428
0.17,12427
0.17,12426
0.17,12425
0.17,12424
0.17,12423
0.171,12422
0.171,12421
0.171,12420
0.171,12419
0.172,12418
0.172,12417
0.172,12416
0.172,12415
0.172,12414
0.172,12413
0.172,12412
0.173,12411
0.173,12410
0.173,12409
0.173,12408
0.174,12407
0.174,12406
0.174,12405
0.174,12404
0.174,12403
0.174,12402
0.175,12401
0.175,12400
0.175,12399
0.175,12398
0.175,12397
0.175,12396
0.175,12395
0.175,12394
0.175,12393
0.176,12392
0.176,12391
0.176,12390
0.176,12389
0.176,12388
0.176,12387
0.176,12386
0.176,12385
0.177,12384
0.177,12383
0.177,12382
0.177,12381
0.178,12380
0.178,12379
0.178,12378
0.178,12377
0.179,12376
0.179,12375
0.179,12374
0.179,12373
0.179,12372
0.179,12371
0.179,12370
0.18,12369
0.18,12368
0.18,12367
0.18,12366
0.181,12365
0.181,12364
0.181,12363
0.181,12362
0.181,12361
0.181,12360
0.182,12359
0.182,12358
0.182,12357
0.182,12356
0.182,12355
0.182,12354
0.183,12353
0.183,12352
0.183,12351
0.183,12350
0.183,12349
0.183,12348
0.183,12347
0.184,12346
0.184,12345
0.184,12344
0.184,12343
0.184,12342
0.184,12341
0.184,12340
0.184,12339
0.184,12338
0.185,12337
0.185,12336
0.185,12335
0.185,12334
0.185,12333
0.185,12332
0.185,12331
0.185,12330
0.186,12329
0.186,12328
0.186,12327
0.186,12326
0.186,12325
0.186,12324
0.187,12323
0.187,12322
0.187,12321
0.187,12320
0.187,12319
0.187,12318
0.187,12317
0.187,12316
0.187,12315
0.187,12314
0.187,12313
0.188,12312
0.188,12311
0.188,12310
0.188,12309
0.188,12308
0.188,12307
0.189,12306
0.189,12305
0.189,12304
0.189,12303
0.189,12302
0.189,12301
0.189,12300
0.189,12299
0.189,12298
0.19,12297
0.19,12296
0.19,12295
0.19,12294
0.19,12293
0.19,12292
0.19,12291
0.19,12290
0.19,12289
0.19,12288
0.191,12287
0.191,12286
0.191,12285
0.191,12284
0.191,12283
0.191,12282
0.191,12281
0.191,12280
0.191,12279
0.192,12278
0.192,12277
0.192,12276
0.192,12275
0.192,12274
0.192,12273
0.192,12272
0.192,12271
0.192,12270
0.193,12269
0.193,12268
0.193,12267
0.193,12266
0.193,12265
0.193,12264
0.193,12263
0.194,12262
0.194,12261
0.194,12260
0.194,12259
0.194,12258
0.194,12257
0.194,12256
0.194,12255
0.195,12254
0.195,12253
0.195,12252
0.195,12251
0.195,12250
0.195,12249
0.195,12248
0.195,12247
0.195,12246
0.195,12245
0.195,12244
0.196,12243
0.196,12242
0.196,12241
0.196,12240
0.196,12239
0.196,12238
0.196,12237
0.196,12236
0.196,12235
0.196,12234
0.197,12233
0.197,12232
0.197,12231
0.197,12230
0.197,12229
0.197,12228
0.198,12227
0.198,12226
0.198,12225
0.198,12224
0.198,12223
0.198,12222
0.198,12221
0.198,12220
0.199,12219
0.199,12218
0.199,12217
0.2,12216
0.2,12215
0.2,12214
0.2,12213
0.2,12212
0.2,12211
0.2,12210
0.2,12209
0.2,12208
0.2,12207
0.201,12206
0.201,12205
0.201,12204
0.201,12203
0.201,12202
0.201,12201
0.201,12200
0.201,12199
0.201,12198
0.202,12197
0.202,12196
0.202,12195
0.202,12194
0.202,12193
0.202,12192
0.202,12191
0.202,12190
0.202,12189
0.202,12188
0.203,12187
0.203,12186
0.203,12185
0.203,12184
0.203,12183
0.203,12182
0.203,12181
0.203,12180
0.203,12179
0.204,12178
0.204,12177
0.204,12176
0.204,12175
0.205,12174
0.205,12173
0.212,12172
0.213,12171
0.213,12170
0.213,12169
0.213,12168
0.213,12167
0.213,12166
0.213,12165
0.214,12164
0.214,12163
0.214,12162
0.214,12161
0.214,12160
0.214,12159
0.214,12158
0.215,12157
0.215,12156
0.215,12155
0.215,12154
0.215,12153
0.215,12152
0.215,12151
0.215,12150
0.215,12149
0.215,12148
0.216,12147
0.216,12146
0.216,12145
0.216,12144
0.216,12143
0.216,12142
0.216,12141
0.216,12140
0.216,12139
0.216,12138
0.217,12137
0.217,12136
0.217,12135
0.217,12134
0.217,12133
0.217,12132
0.218,12131
0.218,12130
0.218,12129
0.218,12128
0.218,12127
0.219,12126
0.219,12125
0.219,12124
0.219,12123
0.219,12122
0.219,12121
0.219,12120
0.22,12119
0.22,12118
0.22,12117
0.22,12116
0.22,12115
0.22,12114
0.22,12113
0.22,12112
0.221,12111
0.221,12110
0.221,12109
0.221,12108
0.221,12107
0.222,12106
0.222,12105
0.222,12104
0.222,12103
0.222,12102
0.223,12101
0.223,12100
0.223,12099
0.224,12098
0.224,12097
0.224,12096
0.224,12095
0.225,12094
0.225,12093
0.226,12092
0.226,12091
0.226,12090
0.226,12089
0.227,12088
0.227,12087
0.227,12086
0.227,12085
0.227,12084
0.227,12083
0.228,12082
0.228,12081
0.228,12080
0.228,12079
0.228,12078
0.228,12077
0.229,12076
0.229,12075
0.229,12074
0.229,12073
0.229,12072
0.23,12071
0.23,12070
0.23,12069
0.23,12068
0.23,12067
0.23,12066
0.23,12065
0.231,12064
0.231,12063
0.231,12062
0.232,12061
0.232,12060
0.232,12059
0.232,12058
0.232,12057
0.233,12056
0.233,12055
0.233,12054
0.233,12053
0.233,12052
0.234,12051
0.234,12050
0.234,12049
0.234,12048
0.234,12047
0.234,12046
0.234,12045
0.234,12044
0.235,12043
0.235,12042
0.235,12041
0.235,12040
0.235,12039
0.235,12038
0.235,12037
0.236,12036
0.236,12035
0.236,12034
0.236,12033
0.236,12032
0.237,12031
0.237,12030
0.237,12029
0.237,12028
0.237,12027
0.237,12026
0.238,12025
0.238,12024
0.238,12023
0.238,12022
0.238,12021
0.238,12020
0.238,12019
0.238,12018
0.239,12017
0.239,12016
0.239,12015
0.239,12014
0.239,12013
0.24,12012
0.24,12011
0.24,12010
0.24,12009
0.24,12008
0.241,12007
0.241,12006
0.241,12005
0.241,12004
0.241,12003
0.241,12002
0.242,12001
0.242,12000
0.242,11999
0.242,11998
0.242,11997
0.243,11996
0.244,11995
0.244,11994
0.244,11993
0.245,11992
0.245,11991
0.245,11990
0.245,11989
0.246,11988
0.246,11987
0.246,11986
0.247,11985
0.247,11984
0.247,11983
0.247,11982
0.247,11981
0.248,11980
0.248,11979
0.248,11978
0.249,11977
0.249,11976
0.249,11975
0.249,11974
0.249,11973
0.249,11972
0.249,11971
0.25,11970
0.25,11969
0.25,11968
0.25,11967
0.25,11966
0.25,11965
0.25,11964
0.251,11963
0.251,11962
0.251,11961
0.251,11960
0.251,11959
0.251,11958
0.252,11957
0.252,11956
0.252,11955
0.252,11954
0.253,11953
0.253,11952
0.253,11951
0.253,11950
0.253,11949
0.253,11948
0.253,11947
0.253,11946
0.254,11945
0.254,11944
0.254,11943
0.254,11942
0.254,11941
0.254,11940
0.254,11939
0.255,11938
0.255,11937
0.255,11936
0.255,11935
0.255,11934
0.255,11933
0.255,11932
0.255,11931
0.255,11930
0.256,11929
0.256,11928
0.256,11927
0.256,11926
0.256,11925
0.256,11924
0.256,11923
0.256,11922
0.256,11921
0.257,11920
0.257,11919
0.257,11918
0.257,11917
0.257,11916
0.258,11915
0.258,11914
0.258,11913
0.258,11912
0.258,11911
0.258,11910
0.259,11909
0.259,11908
0.259,11907
0.259,11906
0.259,11905
0.259,11904
0.259,11903
0.26,11902
0.26,11901
0.26,11900
0.261,11899
0.261,11898
0.261,11897
0.262,11896
0.262,11895
0.262,11894
0.263,11893
0.263,11892
0.263,11891
0.263,11890
0.264,11889
0.264,11888
0.265,11887
0.265,11886
0.266,11885
0.266,11884
0.266,11883
0.266,11882
0.266,11881
0.266,11880
0.267,11879
0.267,11878
0.267,11877
0.267,11876
0.267,11875
0.267,11874
0.268,11873
0.268,11872
0.268,11871
0.268,11870
0.268,11869
0.268,11868
0.269,11867
0.269,11866
0.269,11865
0.269,11864
0.269,11863
0.269,11862
0.269,11861
0.27,11860
0.27,11859
0.27,11858
0.27,11857
0.27,11856
0.27,11855
0.27,11854
0.271,11853
0.271,11852
0.271,11851
0.271,11850
0.271,11849
0.271,11848
0.271,11847
0.272,11846
0.272,11845
0.272,11844
0.272,11843
0.272,11842
0.272,11841
0.272,11840
0.272,11839
0.273,11838
0.273,11837
0.273,11836
0.273,11835
0.273,11834
0.273,11833
0.273,11832
0.274,11831
0.274,11830
0.274,11829
0.274,11828
0.274,11827
0.274,11826
0.274,11825
0.274,11824
0.274,11823
0.274,11822
0.275,11821
0.275,11820
0.275,11819
0.275,11818
0.275,11817
0.275,11816
0.275,11815
0.275,11814
0.276,11813
0.276,11812
0.276,11811
0.276,11810
0.276,11809
0.276,11808
0.277,11807
0.277,11806
0.277,11805
0.277,11804
0.277,11803
0.277,11802
0.277,11801
0.277,11800
0.277,11799
0.278,11798
0.278,11797
0.278,11796
0.278,11795
0.278,11794
0.278,11793
0.278,11792
0.278,11791
0.279,11790
0.279,11789
0.279,11788
0.279,11787
0.279,11786
0.279,11785
0.279,11784
0.279,11783
0.279,11782
0.279,11781
0.28,11780
0.28,11779
0.28,11778
0.28,11777
0.28,11776
0.28,11775
0.28,11774
0.281,11773
0.281,11772
0.281,11771
0.281,11770
0.281,11769
0.281,11768
0.281,11767
0.281,11766
0.281,11765
0.281,11764
0.282,11763
0.282,11762
0.282,11761
0.282,11760
0.282,11759
0.283,11758
0.283,11757
0.283,11756
0.283,11755
0.283,11754
0.283,11753
0.283,11752
0.283,11751
0.283,11750
0.284,11749
0.284,11748
0.284,11747
0.284,11746
0.284,11745
0.284,11744
0.284,11743
0.284,11742
0.285,11741
0.285,11740
0.285,11739
0.285,11738
0.285,11737
0.285,11736
0.285,11735
0.285,11734
0.285,11733
0.286,11732
0.286,11731
0.286,11730
0.286,11729
0.286,11728
0.286,11727
0.286,11726
0.287,11725
0.287,11724
0.287,11723
0.287,11722
0.287,11721
0.287,11720
0.287,11719
0.287,11718
0.287,11717
0.288,11716
0.288,11715
0.288,11714
0.288,11713
0.288,11712
0.288,11711
0.288,11710
0.288,11709
0.288,11708
0.289,11707
0.289,11706
0.289,11705
0.289,11704
0.289,11703
0.289,11702
0.289,11701
0.289,11700
0.289,11699
0.289,11698
0.289,11697
0.29,11696
0.29,11695
0.29,11694
0.29,11693
0.29,11692
0.29,11691
0.29,11690
0.29,11689
0.29,11688
0.29,11687
0.29,11686
0.291,11685
0.291,11684
0.291,11683
0.291,11682
0.291,11681
0.291,11680
0.291,11679
0.292,11678
0.292,11677
0.292,11676
0.292,11675
0.292,11674
0.292,11673
0.292,11672
0.292,11671
0.292,11670
0.293,11669
0.293,11668
0.293,11667
0.293,11666
0.293,11665
0.293,11664
0.293,11663
0.293,11662
0.294,11661
0.294,11660
0.294,11659
0.294,11658
0.294,11657
0.294,11656
0.294,11655
0.295,11654
0.295,11653
0.295,11652
0.295,11651
0.295,11650
0.295,11649
0.295,11648
0.295,11647
0.295,11646
0.295,11645
0.295,11644
0.296,11643
0.296,11642
0.296,11641
0.296,11640
0.296,11639
0.296,11638
0.297,11637
0.297,11636
0.297,11635
0.297,11634
0.297,11633
0.297,11632
0.297,11631
0.297,11630
0.297,11629
0.297,11628
0.298,11627
0.298,11626
0.298,11625
0.298,11624
0.298,11623
0.298,11622
0.299,11621
0.299,11620
0.299,11619
0.299,11618
0.299,11617
0.299,11616
0.299,11615
0.299,11614
0.299,11613
0.3,11612
0.3,11611
0.3,11610
0.3,11609
0.3,11608
0.3,11607
0.3,11606
0.3,11605
0.3,11604
0.301,11603
0.301,11602
0.301,11601
0.301,11600
0.301,11599
0.301,11598
0.301,11597
0.301,11596
0.301,11595
0.301,11594
0.302,11593
0.302,11592
0.302,11591
0.302,11590
0.302,11589
0.302,11588
0.302,11587
0.302,11586
0.303,11585
0.303,11584
0.303,11583
0.303,11582
0.303,11581
0.303,11580
0.303,11579
0.303,11578
0.303,11577
0.303,11576
0.303,11575
0.304,11574
0.304,11573
0.304,11572
0.304,11571
0.304,11570
0.304,11569
0.304,11568
0.304,11567
0.305,11566
0.305,11565
0.305,11564
0.305,11563
0.305,11562
0.305,11561
0.305,11560
0.305,11559
0.305,11558
0.305,11557
0.306,11556
0.306,11555
0.306,11554
0.306,11553
0.306,11552
0.306,11551
0.306,11550
0.306,11549
0.306,11548
0.306,11547
0.307,11546
0.307,11545
0.307,11544
0.307,11543
0.307,11542
0.308,11541
0.308,11540
0.308,11539
0.308,11538
0.308,11537
0.308,11536
0.308,11535
0.308,11534
0.308,11533
0.308,11532
0.308,11531
0.308,11530
0.309,11529
0.309,11528
0.309,11527
0.309,11526
0.309,11525
0.309,11524
0.309,11523
0.309,11522
0.309,11521
0.309,11520
0.31,11519
0.31,11518
0.31,11517
0.31,11516
0.31,11515
0.31,11514
0.31,11513
0.31,11512
0.311,11511
0.311,11510
0.311,11509
0.311,11508
0.311,11507
0.311,11506
0.312,11505
0.312,11504
0.312,11503
0.312,11502
0.312,11501
0.312,11500
0.312,11499
0.312,11498
0.313,11497
0.313,11496
0.313,11495
0.313,11494
0.313,11493
0.313,11492
0.313,11491
0.314,11490
0.314,11489
0.314,11488
0.314,11487
0.314,11486
0.314,11485
0.314,11484
0.315,11483
0.315,11482
0.315,11481
0.315,11480
0.315,11479
0.316,11478
0.316,11477
0.316,11476
0.316,11475
0.316,11474
0.316,11473
0.316,11472
0.317,11471
0.317,11470
0.317,11469
0.317,11468
0.317,11467
0.317,11466
0.318,11465
0.318,11464
0.318,11463
0.318,11462
0.318,11461
0.318,11460
0.318,11459
0.319,11458
0.319,11457
0.319,11456
0.319,11455
0.319,11454
0.319,11453
0.32,11452
0.32,11451
0.32,11450
0.321,11449
0.321,11448
0.321,11447
0.321,11446
0.321,11445
0.321,11444
0.321,11443
0.321,11442
0.322,11441
0.322,11440
0.322,11439
0.322,11438
0.322,11437
0.322,11436
0.322,11435
0.322,11434
0.322,11433
0.323,11432
0.323,11431
0.323,11430
0.323,11429
0.323,11428
0.323,11427
0.323,11426
0.323,11425
0.324,11424
0.324,11423
0.324,11422
0.324,11421
0.324,11420
0.324,11419
0.324,11418
0.324,11417
0.324,11416
0.324,11415
0.325,11414
0.325,11413
0.325,11412
0.325,11411
0.325,11410
0.325,11409
0.326,11408
0.326,11407
0.326,11406
0.326,11405
0.326,11404
0.327,11403
0.327,11402
0.327,11401
0.327,11400
0.327,11399
0.327,11398
0.328,11397
0.328,11396
0.328,11395
0.328,11394
0.328,11393
0.328,11392
0.328,11391
0.328,11390
0.328,11389
0.329,11388
0.329,11387
0.329,11386
0.33,11385
0.33,11384
0.33,11383
0.33,11382
0.331,11381
0.331,11380
0.331,11379
0.331,11378
0.331,11377
0.331,11376
0.332,11375
0.332,11374
0.333,11373
0.333,11372
0.333,11371
0.334,11370
0.334,11369
0.334,11368
0.334,11367
0.334,11366
0.334,11365
0.334,11364
0.335,11363
0.335,11362
0.335,11361
0.335,11360
0.335,11359
0.335,11358
0.336,11357
0.336,11356
0.336,11355
0.337,11354
0.337,11353
0.337,11352
0.337,11351
0.337,11350
0.337,11349
0.338,11348
0.338,11347
0.338,11346
0.338,11345
0.338,11344
0.339,11343
0.339,11342
0.339,11341
0.339,11340
0.339,11339
0.339,11338
0.339,11337
0.339,11336
0.339,11335
0.34,11334
0.34,11333
0.34,11332
0.34,11331
0.34,11330
0.341,11329
0.341,11328
0.341,11327
0.341,11326
0.341,11325
0.341,11324
0.341,11323
0.342,11322
0.342,11321
0.342,11320
0.342,11319
0.342,11318
0.342,11317
0.342,11316
0.342,11315
0.342,11314
0.343,11313
0.343,11312
0.343,11311
0.343,11310
0.343,11309
0.343,11308
0.343,11307
0.343,11306
0.344,11305
0.344,11304
0.344,11303
0.344,11302
0.344,11301
0.344,11300
0.344,11299
0.344,11298
0.344,11297
0.345,11296
0.345,11295
0.345,11294
0.345,11293
0.345,11292
0.345,11291
0.345,11290
0.345,11289
0.345,11288
0.346,11287
0.346,11286
0.346,11285
0.346,11284
0.346,11283
0.346,11282
0.347,11281
0.347,11280
0.348,11279
0.348,11278
0.348,11277
0.348,11276
0.348,11275
0.348,11274
0.349,11273
0.349,11272
0.349,11271
0.349,11270
0.349,11269
0.349,11268
0.349,11267
0.35,11266
0.35,11265
0.35,11264
0.35,11263
0.35,11262
0.35,11261
0.35,11260
0.351,11259
0.351,11258
0.351,11257
0.351,11256
0.351,11255
0.351,11254
0.351,11253
0.351,11252
0.352,11251
0.352,11250
0.352,11249
0.352,11248
0.352,11247
0.352,11246
0.353,11245
0.353,11244
0.353,11243
0.353,11242
0.353,11241
0.353,11240
0.353,11239
0.354,11238
0.354,11237
0.354,11236
0.354,11235
0.354,11234
0.354,11233
0.354,11232
0.355,11231
0.355,11230
0.355,11229
0.355,11228
0.355,11227
0.355,11226
0.355,11225
0.356,11224
0.356,11223
0.356,11222
0.356,11221
0.356,11220
0.356,11219
0.356,11218
0.356,11217
0.357,11216
0.357,11215
0.357,11214
0.357,11213
0.358,11212
0.358,11211
0.358,11210
0.358,11209
0.358,11208
0.358,11207
0.358,11206
0.365,11205
0.365,11204
0.365,11203
0.365,11202
0.365,11201
0.365,11200
0.365,11199
0.365,11198
0.366,11197
0.366,11196
0.366,11195
0.366,11194
0.366,11193
0.366,11192
0.366,11191
0.366,11190
0.366,11189
0.366,11188
0.367,11187
0.367,11186
0.367,11185
0.367,11184
0.367,11183
0.367,11182
0.367,11181
0.367,11180
0.368,11179
0.368,11178
0.368,11177
0.368,11176
0.368,11175
0.368,11174
0.368,11173
0.368,11172
0.368,11171
0.369,11170
0.369,11169
0.369,11168
0.369,11167
0.369,11166
0.369,11165
0.369,11164
0.369,11163
0.369,11162
0.37,11161
0.37,11160
0.37,11159
0.37,11158
0.37,11157
0.37,11156
0.37,11155
0.37,11154
0.371,11153
0.371,11152
0.371,11151
0.371,11150
0.371,11149
0.371,11148
0.371,11147
0.371,11146
0.371,11145
0.371,11144
0.372,11143
0.372,11142
0.372,11141
0.372,11140
0.372,11139
0.372,11138
0.372,11137
0.372,11136
0.372,11135
0.373,11134
0.373,11133
0.373,11132
0.373,11131
0.373,11130
0.373,11129
0.373,11128
0.374,11127
0.374,11126
0.374,11125
0.374,11124
0.374,11123
0.374,11122
0.374,11121
0.374,11120
0.374,11119
0.375,11118
0.375,11117
0.375,11116
0.375,11115
0.375,11114
0.375,11113
0.375,11112
0.375,11111
0.375,11110
0.375,11109
0.375,11108
0.376,11107
0.376,11106
0.376,11105
0.376,11104
0.376,11103
0.376,11102
0.376,11101
0.376,11100
0.377,11099
0.377,11098
0.377,11097
0.377,11096
0.377,11095
0.378,11094
0.378,11093
0.378,11092
0.378,11091
0.378,11090
0.378,11089
0.378,11088
0.378,11087
0.378,11086
0.379,11085
0.379,11084
0.379,11083
0.379,11082
0.379,11081
0.379,11080
0.379,11079
0.379,11078
0.38,11077
0.38,11076
0.38,11075
0.381,11074
0.381,11073
0.381,11072
0.381,11071
0.382,11070
0.382,11069
0.383,11068
0.383,11067
0.383,11066
0.383,11065
0.384,11064
0.384,11063
0.384,11062
0.384,11061
0.384,11060
0.385,11059
0.385,11058
0.385,11057
0.385,11056
0.385,11055
0.385,11054
0.386,11053
0.386,11052
0.386,11051
0.386,11050
0.386,11049
0.386,11048
0.386,11047
0.387,11046
0.387,11045
0.387,11044
0.387,11043
0.387,11042
0.388,11041
0.388,11040
0.388,11039
0.388,11038
0.388,11037
0.388,11036
0.388,11035
0.389,11034
0.389,11033
0.389,11032
0.389,11031
0.39,11030
0.39,11029
0.39,11028
0.39,11027
0.391,11026
0.391,11025
0.391,11024
0.391,11023
0.391,11022
0.392,11021
0.392,11020
0.392,11019
0.392,11018
0.392,11017
0.393,11016
0.393,11015
0.393,11014
0.393,11013
0.393,11012
0.393,11011
0.393,11010
0.394,11009
0.394,11008
0.394,11007
0.394,11006
0.394,11005
0.394,11004
0.394,11003
0.394,11002
0.395,11001
0.395,11000
0.395,10999
0.395,10998
0.395,10997
0.395,10996
0.395,10995
0.395,10994
0.395,10993
0.396,10992
0.396,10991
0.396,10990
0.396,10989
0.396,10988
0.397,10987
0.397,10986
0.397,10985
0.397,10984
0.397,10983
0.397,10982
0.397,10981
0.397,10980
0.398,10979
0.398,10978
0.398,10977
0.398,10976
0.398,10975
0.398,10974
0.398,10973
0.399,10972
0.399,10971
0.399,10970
0.399,10969
0.399,10968
0.399,10967
0.399,10966
0.399,10965
0.399,10964
0.399,10963
0.399,10962
0.4,10961
0.4,10960
0.4,10959
0.401,10958
0.401,10957
0.401,10956
0.401,10955
0.401,10954
0.401,10953
0.401,10952
0.401,10951
0.402,10950
0.402,10949
0.402,10948
0.402,10947
0.402,10946
0.402,10945
0.402,10944
0.402,10943
0.403,10942
0.403,10941
0.403,10940
0.403,10939
0.403,10938
0.403,10937
0.403,10936
0.403,10935
0.404,10934
0.404,10933
0.404,10932
0.404,10931
0.404,10930
0.404,10929
0.404,10928
0.404,10927
0.405,10926
0.405,10925
0.405,10924
0.405,10923
0.405,10922
0.405,10921
0.405,10920
0.405,10919
0.406,10918
0.406,10917
0.406,10916
0.406,10915
0.406,10914
0.406,10913
0.406,10912
0.406,10911
0.406,10910
0.406,10909
0.407,10908
0.407,10907
0.407,10906
0.407,10905
0.407,10904
0.407,10903
0.407,10902
0.408,10901
0.408,10900
0.408,10899
0.408,10898
0.408,10897
0.408,10896
0.409,10895
0.409,10894
0.409,10893
0.409,10892
0.409,10891
0.409,10890
0.409,10889
0.409,10888
0.409,10887
0.41,10886
0.41,10885
0.41,10884
0.41,10883
0.41,10882
0.41,10881
0.411,10880
0.411,10879
0.411,10878
0.411,10877
0.411,10876
0.411,10875
0.411,10874
0.411,10873
0.411,10872
0.412,10871
0.412,10870
0.412,10869
0.412,10868
0.412,10867
0.412,10866
0.412,10865
0.412,10864
0.412,10863
0.412,10862
0.412,10861
0.413,10860
0.413,10859
0.413,10858
0.413,10857
0.413,10856
0.413,10855
0.413,10854
0.413,10853
0.413,10852
0.413,10851
0.414,10850
0.414,10849
0.414,10848
0.415,10847
0.415,10846
0.415,10845
0.415,10844
0.415,10843
0.415,10842
0.415,10841
0.416,10840
0.416,10839
0.416,10838
0.416,10837
0.416,10836
0.416,10835
0.416,10834
0.416,10833
0.416,10832
0.417,10831
0.417,10830
0.417,10829
0.417,10828
0.417,10827
0.417,10826
0.417,10825
0.417,10824
0.418,10823
0.418,10822
0.418,10821
0.418,10820
0.418,10819
0.418,10818
0.418,10817
0.418,10816
0.419,10815
0.419,10814
0.419,10813
0.419,10812
0.419,10811
0.419,10810
0.419,10809
0.419,10808
0.419,10807
0.42,10806
0.42,10805
0.42,10804
0.42,10803
0.42,10802
0.42,10801
0.421,10800
0.421,10799
0.421,10798
0.421,10797
0.421,10796
0.421,10795
0.421,10794
0.421,10793
0.421,10792
0.421,10791
0.422,10790
0.422,10789
0.422,10788
0.422,10787
0.422,10786
0.422,10785
0.422,10784
0.423,10783
0.423,10782
0.423,10781
0.423,10780
0.423,10779
0.423,10778
0.423,10777
0.423,10776
0.424,10775
0.424,10774
0.424,10773
0.424,10772
0.424,10771
0.425,10770
0.425,10769
0.425,10768
0.425,10767
0.425,10766
0.425,10765
0.426,10764
0.426,10763
0.426,10762
0.426,10761
0.426,10760
0.426,10759
0.427,10758
0.427,10757
0.427,10756
0.427,10755
0.427,10754
0.427,10753
0.427,10752
0.428,10751
0.428,10750
0.428,10749
0.428,10748
0.428,10747
0.428,10746
0.428,10745
0.429,10744
0.429,10743
0.429,10742
0.429,10741
0.429,10740
0.429,10739
0.429,10738
0.43,10737
0.43,10736
0.43,10735
0.43,10734
0.43,10733
0.43,10732
0.43,10731
0.43,10730
0.43,10729
0.43,10728
0.431,10727
0.431,10726
0.431,10725
0.431,10724
0.431,10723
0.431,10722
0.431,10721
0.432,10720
0.432,10719
0.432,10718
0.432,10717
0.432,10716
0.432,10715
0.432,10714
0.432,10713
0.433,10712
0.433,10711
0.433,10710
0.433,10709
0.433,10708
0.433,10707
0.433,10706
0.433,10705
0.434,10704
0.434,10703
0.434,10702
0.434,10701
0.434,10700
0.434,10699
0.434,10698
0.434,10697
0.435,10696
0.435,10695
0.435,10694
0.435,10693
0.435,10692
0.435,10691
0.435,10690
0.435,10689
0.436,10688
0.436,10687
0.436,10686
0.436,10685
0.436,10684
0.436,10683
0.437,10682
0.437,10681
0.437,10680
0.437,10679
0.437,10678
0.437,10677
0.437,10676
0.438,10675
0.438,10674
0.438,10673
0.438,10672
0.438,10671
0.438,10670
0.439,10669
0.439,10668
0.439,10667
0.439,10666
0.439,10665
0.439,10664
0.439,10663
0.44,10662
0.44,10661
0.44,10660
0.44,10659
0.44,10658
0.441,10657
0.441,10656
0.441,10655
0.441,10654
0.441,10653
0.441,10652
0.441,10651
0.441,10650
0.441,10649
0.441,10648
0.442,10647
0.442,10646
0.442,10645
0.442,10644
0.442,10643
0.442,10642
0.442,10641
0.443,10640
0.443,10639
0.443,10638
0.443,10637
0.443,10636
0.443,10635
0.443,10634
0.444,10633
0.444,10632
0.444,10631
0.444,10630
0.444,10629
0.444,10628
0.444,10627
0.444,10626
0.444,10625
0.444,10624
0.445,10623
0.445,10622
0.445,10621
0.445,10620
0.445,10619
0.445,10618
0.445,10617
0.446,10616
0.446,10615
0.446,10614
0.446,10613
0.446,10612
0.446,10611
0.446,10610
0.446,10609
0.446,10608
0.447,10607
0.447,10606
0.447,10605
0.447,10604
0.447,10603
0.447,10602
0.447,10601
0.448,10600
0.448,10599
0.448,10598
0.448,10597
0.448,10596
0.448,10595
0.448,10594
0.449,10593
0.449,10592
0.449,10591
0.449,10590
0.449,10589
0.449,10588
0.449,10587
0.45,10586
0.45,10585
0.45,10584
0.45,10583
0.45,10582
0.45,10581
0.45,10580
0.451,10579
0.451,10578
0.451,10577
0.451,10576
0.451,10575
0.451,10574
0.451,10573
0.451,10572
0.452,10571
0.452,10570
0.452,10569
0.452,10568
0.452,10567
0.452,10566
0.452,10565
0.453,10564
0.453,10563
0.453,10562
0.453,10561
0.453,10560
0.454,10559
0.454,10558
0.454,10557
0.454,10556
0.454,10555
0.454,10554
0.454,10553
0.454,10552
0.455,10551
0.455,10550
0.455,10549
0.455,10548
0.455,10547
0.455,10546
0.455,10545
0.456,10544
0.456,10543
0.456,10542
0.456,10541
0.456,10540
0.456,10539
0.456,10538
0.456,10537
0.457,10536
0.457,10535
0.457,10534
0.457,10533
0.457,10532
0.457,10531
0.457,10530
0.457,10529
0.457,10528
0.458,10527
0.458,10526
0.458,10525
0.458,10524
0.458,10523
0.458,10522
0.458,10521
0.458,10520
0.458,10519
0.459,10518
0.459,10517
0.459,10516
0.459,10515
0.459,10514
0.459,10513
0.459,10512
0.46,10511
0.46,10510
0.46,10509
0.46,10508
0.46,10507
0.46,10506
0.461,10505
0.461,10504
0.461,10503
0.461,10502
0.461,10501
0.461,10500
0.461,10499
0.461,10498
0.461,10497
0.461,10496
0.461,10495
0.461,10494
0.461,10493
0.461,10492
0.462,10491
0.462,10490
0.462,10489
0.462,10488
0.462,10487
0.462,10486
0.462,10485
0.463,10484
0.463,10483
0.463,10482
0.463,10481
0.463,10480
0.463,10479
0.463,10478
0.463,10477
0.464,10476
0.464,10475
0.464,10474
0.464,10473
0.464,10472
0.464,10471
0.464,10470
0.465,10469
0.465,10468
0.465,10467
0.465,10466
0.466,10465
0.466,10464
0.466,10463
0.466,10462
0.466,10461
0.466,10460
0.466,10459
0.467,10458
0.467,10457
0.467,10456
0.467,10455
0.467,10454
0.467,10453
0.467,10452
0.467,10451
0.467,10450
0.468,10449
0.468,10448
0.468,10447
0.468,10446
0.468,10445
0.468,10444
0.468,10443
0.468,10442
0.468,10441
0.469,10440
0.469,10439
0.469,10438
0.469,10437
0.469,10436
0.469,10435
0.469,10434
0.469,10433
0.469,10432
0.47,10431
0.47,10430
0.47,10429
0.47,10428
0.47,10427
0.47,10426
0.471,10425
0.471,10424
0.471,10423
0.472,10422
0.472,10421
0.472,10420
0.472,10419
0.472,10418
0.472,10417
0.473,10416
0.473,10415
0.473,10414
0.473,10413
0.473,10412
0.473,10411
0.473,10410
0.474,10409
0.474,10408
0.474,10407
0.475,10406
0.475,10405
0.475,10404
0.475,10403
0.475,10402
0.476,10401
0.476,10400
0.477,10399
0.477,10398
0.478,10397
0.478,10396
0.478,10395
0.478,10394
0.478,10393
0.479,10392
0.479,10391
0.479,10390
0.479,10389
0.48,10388
0.48,10387
0.48,10386
0.48,10385
0.481,10384
0.481,10383
0.481,10382
0.481,10381
0.482,10380
0.482,10379
0.482,10378
0.482,10377
0.482,10376
0.482,10375
0.482,10374
0.482,10373
0.482,10372
0.483,10371
0.483,10370
0.483,10369
0.483,10368
0.483,10367
0.483,10366
0.483,10365
0.483,10364
0.484,10363
0.484,10362
0.484,10361
0.484,10360
0.484,10359
0.484,10358
0.484,10357
0.484,10356
0.484,10355
0.484,10354
0.484,10353
0.484,10352
0.484,10351
0.485,10350
0.485,10349
0.485,10348
0.485,10347
0.485,10346
0.485,10345
0.485,10344
0.486,10343
0.486,10342
0.486,10341
0.486,10340
0.486,10339
0.486,10338
0.486,10337
0.486,10336
0.487,10335
0.487,10334
0.487,10333
0.487,10332
0.487,10331
0.487,10330
0.487,10329
0.487,10328
0.487,10327
0.488,10326
0.488,10325
0.488,10324
0.488,10323
0.488,10322
0.488,10321
0.488,10320
0.489,10319
0.489,10318
0.489,10317
0.489,10316
0.489,10315
0.489,10314
0.49,10313
0.49,10312
0.49,10311
0.49,10310
0.49,10309
0.49,10308
0.491,10307
0.491,10306
0.491,10305
0.491,10304
0.491,10303
0.491,10302
0.491,10301
0.491,10300
0.492,10299
0.492,10298
0.492,10297
0.492,10296
0.492,10295
0.492,10294
0.492,10293
0.492,10292
0.492,10291
0.493,10290
0.493,10289
0.493,10288
0.493,10287
0.493,10286
0.493,10285
0.493,10284
0.494,10283
0.494,10282
0.494,10281
0.494,10280
0.494,10279
0.494,10278
0.494,10277
0.495,10276
0.495,10275
0.495,10274
0.495,10273
0.495,10272
0.502,10271
0.502,10270
0.503,10269
0.504,10268
0.504,10267
0.504,10266
0.504,10265
0.504,10264
0.504,10263
0.504,10262
0.504,10261
0.505,10260
0.505,10259
0.505,10258
0.505,10257
0.506,10256
0.506,10255
0.506,10254
0.506,10253
0.506,10252
0.507,10251
0.507,10250
0.507,10249
0.507,10248
0.507,10247
0.507,10246
0.507,10245
0.508,10244
0.508,10243
0.508,10242
0.508,10241
0.508,10240
0.508,10239
0.508,10238
0.508,10237
0.508,10236
0.509,10235
0.509,10234
0.509,10233
0.509,10232
0.509,10231
0.509,10230
0.509,10229
0.51,10228
0.51,10227
0.51,10226
0.51,10225
0.51,10224
0.51,10223
0.51,10222
0.51,10221
0.511,10220
0.511,10219
0.511,10218
0.511,10217
0.511,10216
0.511,10215
0.511,10214
0.511,10213
0.511,10212
0.511,10211
0.512,10210
0.512,10209
0.512,10208
0.512,10207
0.512,10206
0.512,10205
0.512,10204
0.513,10203
0.513,10202
0.513,10201
0.513,10200
0.513,10199
0.513,10198
0.514,10197
0.514,10196
0.514,10195
0.514,10194
0.514,10193
0.514,10192
0.514,10191
0.515,10190
0.515,10189
0.515,10188
0.515,10187
0.515,10186
0.515,10185
0.515,10184
0.515,10183
0.515,10182
0.516,10181
0.516,10180
0.516,10179
0.516,10178
0.516,10177
0.516,10176
0.516,10175
0.517,10174
0.517,10173
0.517,10172
0.517,10171
0.517,10170
0.517,10169
0.517,10168
0.517,10167
0.518,10166
0.518,10165
0.518,10164
0.518,10163
0.518,10162
0.518,10161
0.518,10160
0.518,10159
0.518,10158
0.518,10157
0.519,10156
0.519,10155
0.519,10154
0.519,10153
0.519,10152
0.52,10151
0.52,10150
0.52,10149
0.52,10148
0.52,10147
0.52,10146
0.52,10145
0.521,10144
0.521,10143
0.521,10142
0.521,10141
0.521,10140
0.521,10139
0.522,10138
0.522,10137
0.522,10136
0.522,10135
0.522,10134
0.522,10133
0.522,10132
0.522,10131
0.523,10130
0.523,10129
0.523,10128
0.523,10127
0.523,10126
0.523,10125
0.523,10124
0.523,10123
0.524,10122
0.524,10121
0.524,10120
0.524,10119
0.524,10118
0.525,10117
0.525,10116
0.525,10115
0.525,10114
0.525,10113
0.525,10112
0.525,10111
0.526,10110
0.526,10109
0.526,10108
0.527,10107
0.527,10106
0.527,10105
0.527,10104
0.527,10103
0.527,10102
0.528,10101
0.528,10100
0.528,10099
0.529,10098
0.529,10097
0.529,10096
0.529,10095
0.53,10094
0.53,10093
0.53,10092
0.53,10091
0.53,10090
0.53,10089
0.53,10088
0.53,10087
0.53,10086
0.531,10085
0.531,10084
0.531,10083
0.531,10082
0.532,10081
0.532,10080
0.532,10079
0.532,10078
0.532,10077
0.532,10076
0.533,10075
0.533,10074
0.533,10073
0.533,10072
0.533,10071
0.533,10070
0.534,10069
0.534,10068
0.534,10067
0.534,10066
0.534,10065
0.534,10064
0.534,10063
0.535,10062
0.535,10061
0.535,10060
0.535,10059
0.535,10058
0.536,10057
0.536,10056
0.536,10055
0.536,10054
0.536,10053
0.536,10052
0.536,10051
0.536,10050
0.536,10049
0.537,10048
0.537,10047
0.537,10046
0.537,10045
0.537,10044
0.537,10043
0.537,10042
0.537,10041
0.538,10040
0.538,10039
0.538,10038
0.538,10037
0.538,10036
0.538,10035
0.539,10034
0.539,10033
0.539,10032
0.539,10031
0.539,10030
0.539,10029
0.539,10028
0.539,10027
0.539,10026
0.54,10025
0.54,10024
0.54,10023
0.54,10022
0.54,10021
0.54,10020
0.54,10019
0.54,10018
0.54,10017
0.54,10016
0.541,10015
0.541,10014
0.541,10013
0.541,10012
0.541,10011
0.541,10010
0.541,10009
0.542,10008
0.542,10007
0.542,10006
0.543,10005
0.543,10004
0.543,10003
0.543,10002
0.543,10001
0.544,10000
0.544,9999
0.544,9998
0.545,9997
0.545,9996
0.545,9995
0.545,9994
0.545,9993
0.546,9992
0.546,9991
0.546,9990
0.546,9989
0.547,9988
0.547,9987
0.547,9986
0.547,9985
0.547,9984
0.547,9983
0.547,9982
0.547,9981
0.547,9980
0.548,9979
0.548,9978
0.548,9977
0.548,9976
0.549,9975
0.549,9974
0.549,9973
0.549,9972
0.549,9971
0.55,9970
0.55,9969
0.55,9968
0.55,9967
0.55,9966
0.55,9965
0.551,9964
0.551,9963
0.551,9962
0.551,9961
0.551,9960
0.551,9959
0.552,9958
0.552,9957
0.552,9956
0.552,9955
0.552,9954
0.552,9953
0.552,9952
0.553,9951
0.553,9950
0.553,9949
0.553,9948
0.553,9947
0.553,9946
0.554,9945
0.554,9944
0.554,9943
0.554,9942
0.554,9941
0.555,9940
0.555,9939
0.555,9938
0.555,9937
0.555,9936
0.555,9935
0.555,9934
0.556,9933
0.556,9932
0.556,9931
0.556,9930
0.556,9929
0.556,9928
0.556,9927
0.557,9926
0.557,9925
0.557,9924
0.557,9923
0.557,9922
0.557,9921
0.557,9920
0.558,9919
0.558,9918
0.558,9917
0.558,9916
0.559,9915
0.559,9914
0.559,9913
0.559,9912
0.559,9911
0.559,9910
0.559,9909
0.559,9908
0.559,9907
0.559,9906
0.559,9905
0.559,9904
0.56,9903
0.56,9902
0.56,9901
0.56,9900
0.56,9899
0.56,9898
0.56,9897
0.56,9896
0.56,9895
0.561,9894
0.561,9893
0.561,9892
0.561,9891
0.561,9890
0.561,9889
0.561,9888
0.561,9887
0.562,9886
0.562,9885
0.562,9884
0.562,9883
0.563,9882
0.563,9881
0.563,9880
0.563,9879
0.564,9878
0.564,9877
0.564,9876
0.564,9875
0.564,9874
0.564,9873
0.564,9872
0.564,9871
0.564,9870
0.565,9869
0.565,9868
0.565,9867
0.565,9866
0.565,9865
0.565,9864
0.566,9863
0.566,9862
0.566,9861
0.566,9860
0.566,9859
0.566,9858
0.566,9857
0.566,9856
0.566,9855
0.567,9854
0.567,9853
0.567,9852
0.567,9851
0.567,9850
0.567,9849
0.567,9848
0.568,9847
0.568,9846
0.568,9845
0.568,9844
0.568,9843
0.568,9842
0.569,9841
0.569,9840
0.569,9839
0.569,9838
0.569,9837
0.569,9836
0.569,9835
0.569,9834
0.57,9833
0.57,9832
0.57,9831
0.57,9830
0.57,9829
0.57,9828
0.57,9827
0.571,9826
0.571,9825
0.571,9824
0.571,9823
0.572,9822
0.572,9821
0.572,9820
0.572,9819
0.572,9818
0.572,9817
0.572,9816
0.572,9815
0.572,9814
0.573,9813
0.573,9812
0.573,9811
0.573,9810
0.573,9809
0.573,9808
0.574,9807
0.574,9806
0.574,9805
0.574,9804
0.574,9803
0.574,9802
0.575,9801
0.575,9800
0.575,9799
0.575,9798
0.575,9797
0.575,9796
0.575,9795
0.576,9794
0.576,9793
0.576,9792
0.576,9791
0.576,9790
0.577,9789
0.577,9788
0.577,9787
0.577,9786
0.578,9785
0.578,9784
0.578,9783
0.578,9782
0.578,9781
0.578,9780
0.578,9779
0.579,9778
0.579,9777
0.579,9776
0.579,9775
0.579,9774
0.579,9773
0.579,9772
0.58,9771
0.58,9770
0.58,9769
0.58,9768
0.58,9767
0.581,9766
0.581,9765
0.581,9764
0.581,9763
0.581,9762
0.581,9761
0.581,9760
0.582,9759
0.582,9758
0.582,9757
0.582,9756
0.582,9755
0.583,9754
0.583,9753
0.583,9752
0.583,9751
0.583,9750
0.583,9749
0.583,9748
0.583,9747
0.584,9746
0.584,9745
0.584,9744
0.584,9743
0.584,9742
0.584,9741
0.584,9740
0.585,9739
0.585,9738
0.585,9737
0.585,9736
0.585,9735
0.585,9734
0.585,9733
0.585,9732
0.586,9731
0.586,9730
0.586,9729
0.586,9728
0.586,9727
0.586,9726
0.586,9725
0.586,9724
0.587,9723
0.587,9722
0.587,9721
0.587,9720
0.587,9719
0.587,9718
0.587,9717
0.587,9716
0.587,9715
0.588,9714
0.588,9713
0.588,9712
0.588,9711
0.588,9710
0.588,9709
0.588,9708
0.588,9707
0.589,9706
0.589,9705
0.589,9704
0.589,9703
0.589,9702
0.589,9701
0.589,9700
0.589,9699
0.589,9698
0.59,9697
0.59,9696
0.59,9695
0.59,9694
0.59,9693
0.59,9692
0.59,9691
0.59,9690
0.59,9689
0.59,9688
0.591,9687
0.591,9686
0.591,9685
0.591,9684
0.591,9683
0.591,9682
0.591,9681
0.591,9680
0.592,9679
0.592,9678
0.592,9677
0.592,9676
0.592,9675
0.592,9674
0.592,9673
0.592,9672
0.593,9671
0.593,9670
0.593,9669
0.593,9668
0.594,9667
0.594,9666
0.594,9665
0.594,9664
0.594,9663
0.595,9662
0.595,9661
0.595,9660
0.595,9659
0.595,9658
0.595,9657
0.595,9656
0.596,9655
0.596,9654
0.596,9653
0.596,9652
0.596,9651
0.597,9650
0.597,9649
0.597,9648
0.597,9647
0.597,9646
0.598,9645
0.598,9644
0.598,9643
0.598,9642
0.599,9641
0.599,9640
0.599,9639
0.599,9638
0.599,9637
0.6,9636
0.6,9635
0.6,9634
0.601,9633
0.601,9632
0.601,9631
0.601,9630
0.601,9629
0.601,9628
0.601,9627
0.602,9626
0.602,9625
0.602,9624
0.602,9623
0.602,9622
0.602,9621
0.602,9620
0.603,9619
0.603,9618
0.603,9617
0.603,9616
0.603,9615
0.603,9614
0.603,9613
0.603,9612
0.604,9611
0.604,9610
0.604,9609
0.604,9608
0.604,9607
0.604,9606
0.604,9605
0.605,9604
0.605,9603
0.605,9602
0.605,9601
0.605,9600
0.605,9599
0.606,9598
0.606,9597
0.606,9596
0.606,9595
0.606,9594
0.606,9593
0.606,9592
0.607,9591
0.607,9590
0.607,9589
0.607,9588
0.607,9587
0.607,9586
0.607,9585
0.607,9584
0.608,9583
0.608,9582
0.608,9581
0.608,9580
0.608,9579
0.608,9578
0.608,9577
0.608,9576
0.608,9575
0.609,9574
0.609,9573
0.609,9572
0.609,9571
0.609,9570
0.609,9569
0.609,9568
0.609,9567
0.609,9566
0.609,9565
0.609,9564
0.61,9563
0.61,9562
0.61,9561
0.61,9560
0.61,9559
0.61,9558
0.611,9557
0.611,9556
0.611,9555
0.611,9554
0.611,9553
0.612,9552
0.612,9551
0.612,9550
0.612,9549
0.612,9548
0.612,9547
0.613,9546
0.613,9545
0.613,9544
0.613,9543
0.613,9542
0.614,9541
0.614,9540
0.614,9539
0.614,9538
0.614,9537
0.614,9536
0.614,9535
0.615,9534
0.615,9533
0.615,9532
0.615,9531
0.615,9530
0.615,9529
0.615,9528
0.615,9527
0.615,9526
0.615,9525
0.616,9524
0.616,9523
0.616,9522
0.616,9521
0.617,9520
0.617,9519
0.617,9518
0.618,9517
0.618,9516
0.618,9515
0.618,9514
0.618,9513
0.619,9512
0.619,9511
0.619,9510
0.619,9509
0.619,9508
0.619,9507
0.619,9506
0.619,9505
0.619,9504
0.62,9503
0.62,9502
0.62,9501
0.62,9500
0.62,9499
0.62,9498
0.62,9497
0.621,9496
0.621,9495
0.621,9494
0.621,9493
0.621,9492
0.622,9491
0.622,9490
0.622,9489
0.622,9488
0.622,9487
0.622,9486
0.623,9485
0.623,9484
0.623,9483
0.623,9482
0.623,9481
0.623,9480
0.623,9479
0.623,9478
0.624,9477
0.624,9476
0.624,9475
0.624,9474
0.624,9473
0.624,9472
0.624,9471
0.624,9470
0.625,9469
0.625,9468
0.625,9467
0.626,9466
0.626,9465
0.626,9464
0.626,9463
0.626,9462
0.626,9461
0.627,9460
0.627,9459
0.627,9458
0.627,9457
0.627,9456
0.627,9455
0.627,9454
0.627,9453
0.628,9452
0.628,9451
0.628,9450
0.628,9449
0.628,9448
0.629,9447
0.629,9446
0.629,9445
0.629,9444
0.629,9443
0.629,9442
0.629,9441
0.629,9440
0.63,9439
0.63,9438
0.63,9437
0.63,9436
0.63,9435
0.63,9434
0.63,9433
0.631,9432
0.631,9431
0.631,9430
0.631,9429
0.631,9428
0.631,9427
0.632,9426
0.632,9425
0.632,9424
0.632,9423
0.632,9422
0.632,9421
0.632,9420
0.632,9419
0.633,9418
0.633,9417
0.633,9416
0.633,9415
0.633,9414
0.633,9413
0.633,9412
0.633,9411
0.633,9410
0.633,9409
0.634,9408
0.634,9407
0.634,9406
0.634,9405
0.634,9404
0.634,9403
0.635,9402
0.635,9401
0.635,9400
0.635,9399
0.635,9398
0.635,9397
0.635,9396
0.635,9395
0.635,9394
0.635,9393
0.636,9392
0.636,9391
0.636,9390
0.636,9389
0.636,9388
0.637,9387
0.637,9386
0.637,9385
0.637,9384
0.637,9383
0.637,9382
0.637,9381
0.637,9380
0.637,9379
0.637,9378
0.637,9377
0.638,9376
0.638,9375
0.638,9374
0.638,9373
0.638,9372
0.638,9371
0.638,9370
0.639,9369
0.639,9368
0.639,9367
0.639,9366
0.639,9365
0.639,9364
0.639,9363
0.64,9362
0.64,9361
0.64,9360
0.64,9359
0.64,9358
0.64,9357
0.641,9356
0.641,9355
0.641,9354
0.641,9353
0.641,9352
0.641,9351
0.642,9350
0.642,9349
0.642,9348
0.642,9347
0.642,9346
0.642,9345
0.642,9344
0.642,9343
0.643,9342
0.643,9341
0.643,9340
0.643,9339
0.643,9338
0.643,9337
0.643,9336
0.643,9335
0.643,9334
0.643,9333
0.643,9332
0.644,9331
0.644,9330
0.644,9329
0.644,9328
0.644,9327
0.645,9326
0.645,9325
0.645,9324
0.645,9323
0.645,9322
0.645,9321
0.645,9320
0.646,9319
0.646,9318
0.646,9317
0.646,9316
0.646,9315
0.646,9314
0.646,9313
0.646,9312
0.646,9311
0.647,9310
0.647,9309
0.647,9308
0.648,9307
0.648,9306
0.648,9305
0.648,9304
0.648,9303
0.648,9302
0.648,9301
0.648,9300
0.649,9299
0.649,9298
0.649,9297
0.649,9296
0.649,9295
0.649,9294
0.65,9293
0.65,9292
0.65,9291
0.65,9290
0.65,9289
0.65,9288
0.65,9287
0.651,9286
0.651,9285
0.651,9284
0.651,9283
0.651,9282
0.651,9281
0.651,9280
0.651,9279
0.652,9278
0.652,9277
0.652,9276
0.652,9275
0.652,9274
0.652,9273
0.652,9272
0.652,9271
0.652,9270
0.652,9269
0.653,9268
0.653,9267
0.653,9266
0.653,9265
0.653,9264
0.653,9263
0.653,9262
0.654,9261
0.654,9260
0.654,9259
0.654,9258
0.654,9257
0.654,9256
0.654,9255
0.654,9254
0.655,9253
0.655,9252
0.655,9251
0.655,9250
0.655,9249
0.655,9248
0.655,9247
0.655,9246
0.656,9245
0.656,9244
0.656,9243
0.656,9242
0.656,9241
0.656,9240
0.656,9239
0.656,9238
0.657,9237
0.657,9236
0.657,9235
0.657,9234
0.657,9233
0.657,9232
0.658,9231
0.658,9230
0.658,9229
0.658,9228
0.659,9227
0.659,9226
0.659,9225
0.659,9224
0.659,9223
0.659,9222
0.659,9221
0.659,9220
0.66,9219
0.66,9218
0.66,9217
0.66,9216
0.66,9215
0.66,9214
0.66,9213
0.66,9212
0.661,9211
0.661,9210
0.661,9209
0.661,9208
0.661,9207
0.662,9206
0.662,9205
0.662,9204
0.662,9203
0.662,9202
0.662,9201
0.662,9200
0.662,9199
0.663,9198
0.663,9197
0.663,9196
0.663,9195
0.663,9194
0.663,9193
0.664,9192
0.664,9191
0.665,9190
0.665,9189
0.665,9188
0.665,9187
0.666,9186
0.666,9185
0.666,9184
0.666,9183
0.667,9182
0.667,9181
0.668,9180
0.668,9179
0.668,9178
0.668,9177
0.668,9176
0.668,9175
0.668,9174
0.669,9173
0.669,9172
0.669,9171
0.669,9170
0.669,9169
0.669,9168
0.67,9167
0.67,9166
0.67,9165
0.67,9164
0.671,9163
0.671,9162
0.671,9161
0.671,9160
0.671,9159
0.672,9158
0.672,9157
0.672,9156
0.672,9155
0.672,9154
0.672,9153
0.672,9152
0.672,9151
0.672,9150
0.673,9149
0.673,9148
0.673,9147
0.673,9146
0.673,9145
0.673,9144
0.673,9143
0.673,9142
0.674,9141
0.674,9140
0.674,9139
0.674,9138
0.674,9137
0.674,9136
0.674,9135
0.675,9134
0.675,9133
0.675,9132
0.675,9131
0.675,9130
0.676,9129
0.676,9128
0.676,9127
0.676,9126
0.677,9125
0.677,9124
0.677,9123
0.677,9122
0.677,9121
0.677,9120
0.677,9119
0.678,9118
0.678,9117
0.678,9116
0.678,9115
0.678,9114
0.678,9113
0.679,9112
0.679,9111
0.679,9110
0.679,9109
0.679,9108
0.68,9107
0.68,9106
0.68,9105
0.68,9104
0.68,9103
0.68,9102
0.68,9101
0.68,9100
0.681,9099
0.681,9098
0.681,9097
0.681,9096
0.681,9095
0.682,9094
0.682,9093
0.682,9092
0.682,9091
0.682,9090
0.682,9089
0.683,9088
0.683,9087
0.683,9086
0.683,9085
0.683,9084
0.683,9083
0.683,9082
0.683,9081
0.683,9080
0.683,9079
0.684,9078
0.684,9077
0.684,9076
0.684,9075
0.684,9074
0.684,9073
0.685,9072
0.685,9071
0.685,9070
0.685,9069
0.685,9068
0.686,9067
0.686,9066
0.687,9065
0.687,9064
0.687,9063
0.687,9062
0.687,9061
0.687,9060
0.687,9059
0.687,9058
0.687,9057
0.688,9056
0.688,9055
0.688,9054
0.688,9053
0.688,9052
0.688,9051
0.688,9050
0.689,9049
0.689,9048
0.689,9047
0.689,9046
0.689,9045
0.689,9044
0.69,9043
0.69,9042
0.69,9041
0.69,9040
0.69,9039
0.69,9038
0.691,9037
0.691,9036
0.691,9035
0.691,9034
0.691,9033
0.691,9032
0.691,9031
0.691,9030
0.691,9029
0.691,9028
0.692,9027
0.692,9026
0.692,9025
0.692,9024
0.693,9023
0.693,9022
0.693,9021
0.693,9020
0.693,9019
0.693,9018
0.693,9017
0.693,9016
0.694,9015
0.694,9014
0.694,9013
0.694,9012
0.694,9011
0.694,9010
0.695,9009
0.695,9008
0.695,9007
0.695,9006
0.695,9005
0.695,9004
0.695,9003
0.695,9002
0.696,9001
0.696,9000
0.696,8999
0.696,8998
0.696,8997
0.697,8996
0.697,8995
0.697,8994
0.697,8993
0.697,8992
0.697,8991
0.697,8990
0.697,8989
0.697,8988
0.698,8987
0.698,8986
0.698,8985
0.698,8984
0.698,8983
0.698,8982
0.698,8981
0.699,8980
0.699,8979
0.699,8978
0.699,8977
0.699,8976
0.7,8975
0.7,8974
0.7,8973
0.7,8972
0.7,8971
0.7,8970
0.701,8969
0.701,8968
0.701,8967
0.701,8966
0.701,8965
0.701,8964
0.701,8963
0.702,8962
0.702,8961
0.702,8960
0.702,8959
0.702,8958
0.702,8957
0.702,8956
0.703,8955
0.703,8954
0.703,8953
0.703,8952
0.703,8951
0.703,8950
0.703,8949
0.703,8948
0.703,8947
0.703,8946
0.704,8945
0.704,8944
0.704,8943
0.704,8942
0.704,8941
0.705,8940
0.705,8939
0.705,8938
0.705,8937
0.705,8936
0.705,8935
0.706,8934
0.706,8933
0.706,8932
0.706,8931
0.706,8930
0.706,8929
0.706,8928
0.706,8927
0.706,8926
0.706,8925
0.707,8924
0.707,8923
0.707,8922
0.707,8921
0.707,8920
0.708,8919
0.708,8918
0.708,8917
0.708,8916
0.708,8915
0.708,8914
0.708,8913
0.709,8912
0.709,8911
0.71,8910
0.71,8909
0.71,8908
0.71,8907
0.71,8906
0.71,8905
0.71,8904
0.71,8903
0.711,8902
0.711,8901
0.711,8900
0.711,8899
0.711,8898
0.711,8897
0.712,8896
0.712,8895
0.712,8894
0.712,8893
0.712,8892
0.712,8891
0.713,8890
0.713,8889
0.713,8888
0.713,8887
0.713,8886
0.713,8885
0.713,8884
0.714,8883
0.714,8882
0.714,8881
0.714,8880
0.715,8879
0.715,8878
0.715,8877
0.715,8876
0.715,8875
0.715,8874
0.716,8873
0.716,8872
0.716,8871
0.717,8870
0.717,8869
0.717,8868
0.717,8867
0.717,8866
0.717,8865
0.717,8864
0.717,8863
0.718,8862
0.718,8861
0.718,8860
0.718,8859
0.718,8858
0.718,8857
0.719,8856
0.719,8855
0.719,8854
0.719,8853
0.719,8852
0.719,8851
0.719,8850
0.719,8849
0.72,8848
0.72,8847
0.72,8846
0.72,8845
0.72,8844
0.72,8843
0.72,8842
0.721,8841
0.721,8840
0.721,8839
0.721,8838
0.721,8837
0.722,8836
0.722,8835
0.722,8834
0.722,8833
0.722,8832
0.722,8831
0.722,8830
0.723,8829
0.723,8828
0.723,8827
0.723,8826
0.724,8825
0.724,8824
0.724,8823
0.724,8822
0.724,8821
0.725,8820
0.725,8819
0.725,8818
0.725,8817
0.725,8816
0.725,8815
0.726,8814
0.726,8813
0.726,8812
0.726,8811
0.726,8810
0.726,8809
0.727,8808
0.727,8807
0.727,8806
0.727,8805
0.727,8804
0.727,8803
0.727,8802
0.727,8801
0.728,8800
0.728,8799
0.728,8798
0.728,8797
0.728,8796
0.728,8795
0.729,8794
0.729,8793
0.729,8792
0.729,8791
0.73,8790
0.73,8789
0.731,8788
0.731,8787
0.731,8786
0.731,8785
0.731,8784
0.732,8783
0.732,8782
0.732,8781
0.733,8780
0.733,8779
0.733,8778
0.733,8777
0.734,8776
0.734,8775
0.734,8774
0.734,8773
0.735,8772
0.735,8771
0.735,8770
0.735,8769
0.736,8768
0.736,8767
0.736,8766
0.736,8765
0.736,8764
0.736,8763
0.737,8762
0.737,8761
0.737,8760
0.737,8759
0.738,8758
0.738,8757
0.738,8756
0.738,8755
0.738,8754
0.739,8753
0.739,8752
0.739,8751
0.739,8750
0.74,8749
0.74,8748
0.74,8747
0.74,8746
0.74,8745
0.741,8744
0.741,8743
0.741,8742
0.742,8741
0.742,8740
0.742,8739
0.742,8738
0.742,8737
0.743,8736
0.743,8735
0.743,8734
0.743,8733
0.743,8732
0.743,8731
0.743,8730
0.743,8729
0.744,8728
0.744,8727
0.744,8726
0.744,8725
0.744,8724
0.745,8723
0.745,8722
0.745,8721
0.745,8720
0.745,8719
0.745,8718
0.746,8717
0.746,8716
0.746,8715
0.746,8714
0.746,8713
0.746,8712
0.747,8711
0.747,8710
0.747,8709
0.747,8708
0.747,8707
0.747,8706
0.747,8705
0.747,8704
0.748,8703
0.748,8702
0.748,8701
0.748,8700
0.748,8699
0.748,8698
0.749,8697
0.749,8696
0.749,8695
0.749,8694
0.749,8693
0.749,8692
0.749,8691
0.749,8690
0.749,8689
0.75,8688
0.75,8687
0.75,8686
0.75,8685
0.751,8684
0.751,8683
0.751,8682
0.751,8681
0.751,8680
0.751,8679
0.751,8678
0.751,8677
0.751,8676
0.752,8675
0.752,8674
0.752,8673
0.752,8672
0.752,8671
0.752,8670
0.753,8669
0.753,8668
0.753,8667
0.753,8666
0.753,8665
0.753,8664
0.753,8663
0.754,8662
0.754,8661
0.754,8660
0.754,8659
0.754,8658
0.754,8657
0.754,8656
0.754,8655
0.754,8654
0.755,8653
0.755,8652
0.755,8651
0.755,8650
0.755,8649
0.755,8648
0.756,8647
0.756,8646
0.756,8645
0.756,8644
0.756,8643
0.756,8642
0.756,8641
0.756,8640
0.757,8639
0.757,8638
0.757,8637
0.757,8636
0.758,8635
0.758,8634
0.758,8633
0.758,8632
0.759,8631
0.759,8630
0.759,8629
0.759,8628
0.759,8627
0.76,8626
0.76,8625
0.76,8624
0.76,8623
0.76,8622
0.761,8621
0.761,8620
0.761,8619
0.761,8618
0.761,8617
0.762,8616
0.762,8615
0.762,8614
0.762,8613
0.762,8612
0.762,8611
0.762,8610
0.762,8609
0.763,8608
0.763,8607
0.763,8606
0.763,8605
0.763,8604
0.764,8603
0.764,8602
0.764,8601
0.764,8600
0.764,8599
0.764,8598
0.764,8597
0.765,8596
0.765,8595
0.765,8594
0.765,8593
0.765,8592
0.765,8591
0.765,8590
0.766,8589
0.766,8588
0.766,8587
0.766,8586
0.775,8585
0.775,8584
0.775,8583
0.775,8582
0.776,8581
0.776,8580
0.776,8579
0.776,8578
0.776,8577
0.776,8576
0.776,8575
0.776,8574
0.776,8573
0.777,8572
0.777,8571
0.777,8570
0.777,8569
0.777,8568
0.777,8567
0.777,8566
0.777,8565
0.777,8564
0.777,8563
0.778,8562
0.778,8561
0.778,8560
0.778,8559
0.778,8558
0.778,8557
0.778,8556
0.778,8555
0.778,8554
0.778,8553
0.779,8552
0.779,8551
0.779,8550
0.779,8549
0.779,8548
0.779,8547
0.779,8546
0.78,8545
0.78,8544
0.78,8543
0.78,8542
0.78,8541
0.78,8540
0.78,8539
0.78,8538
0.78,8537
0.78,8536
0.78,8535
0.78,8534
0.78,8533
0.781,8532
0.781,8531
0.781,8530
0.781,8529
0.781,8528
0.782,8527
0.782,8526
0.782,8525
0.782,8524
0.782,8523
0.782,8522
0.782,8521
0.782,8520
0.782,8519
0.782,8518
0.782,8517
0.783,8516
0.783,8515
0.783,8514
0.783,8513
0.783,8512
0.783,8511
0.783,8510
0.783,8509
0.783,8508
0.783,8507
0.783,8506
0.783,8505
0.784,8504
0.784,8503
0.784,8502
0.784,8501
0.784,8500
0.784,8499
0.784,8498
0.784,8497
0.785,8496
0.785,8495
0.785,8494
0.785,8493
0.786,8492
0.786,8491
0.786,8490
0.786,8489
0.786,8488
0.786,8487
0.786,8486
0.786,8485
0.786,8484
0.787,8483
0.787,8482
0.787,8481
0.787,8480
0.787,8479
0.787,8478
0.788,8477
0.788,8476
0.788,8475
0.788,8474
0.788,8473
0.789,8472
0.789,8471
0.789,8470
0.789,8469
0.789,8468
0.789,8467
0.789,8466
0.789,8465
0.79,8464
0.79,8463
0.79,8462
0.79,8461
0.79,8460
0.791,8459
0.791,8458
0.791,8457
0.791,8456
0.791,8455
0.791,8454
0.791,8453
0.791,8452
0.791,8451
0.792,8450
0.792,8449
0.792,8448
0.792,8447
0.792,8446
0.792,8445
0.792,8444
0.792,8443
0.793,8442
0.793,8441
0.793,8440
0.793,8439
0.793,8438
0.793,8437
0.794,8436
0.794,8435
0.794,8434
0.794,8433
0.794,8432
0.794,8431
0.794,8430
0.794,8429
0.794,8428
0.795,8427
0.795,8426
0.795,8425
0.795,8424
0.795,8423
0.795,8422
0.795,8421
0.795,8420
0.796,8419
0.796,8418
0.796,8417
0.796,8416
0.796,8415
0.796,8414
0.797,8413
0.797,8412
0.797,8411
0.797,8410
0.797,8409
0.797,8408
0.797,8407
0.797,8406
0.797,8405
0.797,8404
0.797,8403
0.798,8402
0.798,8401
0.798,8400
0.798,8399
0.798,8398
0.798,8397
0.798,8396
0.798,8395
0.798,8394
0.799,8393
0.799,8392
0.799,8391
0.799,8390
0.799,8389
0.799,8388
0.799,8387
0.799,8386
0.799,8385
0.799,8384
0.8,8383
0.8,8382
0.8,8381
0.8,8380
0.8,8379
0.8,8378
0.8,8377
0.8,8376
0.801,8375
0.801,8374
0.801,8373
0.801,8372
0.801,8371
0.801,8370
0.801,8369
0.801,8368
0.801,8367
0.801,8366
0.802,8365
0.802,8364
0.802,8363
0.802,8362
0.802,8361
0.803,8360
0.803,8359
0.803,8358
0.803,8357
0.803,8356
0.803,8355
0.803,8354
0.803,8353
0.804,8352
0.804,8351
0.804,8350
0.804,8349
0.804,8348
0.804,8347
0.805,8346
0.805,8345
0.805,8344
0.805,8343
0.805,8342
0.805,8341
0.806,8340
0.806,8339
0.806,8338
0.806,8337
0.806,8336
0.806,8335
0.806,8334
0.806,8333
0.807,8332
0.807,8331
0.807,8330
0.807,8329
0.807,8328
0.807,8327
0.807,8326
0.807,8325
0.807,8324
0.808,8323
0.808,8322
0.808,8321
0.808,8320
0.808,8319
0.808,8318
0.808,8317
0.808,8316
0.808,8315
0.808,8314
0.808,8313
0.809,8312
0.809,8311
0.809,8310
0.809,8309
0.809,8308
0.809,8307
0.809,8306
0.809,8305
0.809,8304
0.809,8303
0.81,8302
0.81,8301
0.81,8300
0.81,8299
0.81,8298
0.81,8297
0.81,8296
0.81,8295
0.81,8294
0.811,8293
0.811,8292
0.811,8291
0.811,8290
0.811,8289
0.811,8288
0.811,8287
0.811,8286
0.811,8285
0.812,8284
0.812,8283
0.812,8282
0.812,8281
0.812,8280
0.812,8279
0.813,8278
0.813,8277
0.813,8276
0.813,8275
0.813,8274
0.813,8273
0.813,8272
0.813,8271
0.814,8270
0.814,8269
0.814,8268
0.814,8267
0.814,8266
0.814,8265
0.815,8264
0.815,8263
0.815,8262
0.815,8261
0.815,8260
0.815,8259
0.816,8258
0.816,8257
0.816,8256
0.816,8255
0.816,8254
0.816,8253
0.816,8252
0.816,8251
0.816,8250
0.817,8249
0.817,8248
0.817,8247
0.817,8246
0.817,8245
0.817,8244
0.817,8243
0.817,8242
0.817,8241
0.818,8240
0.818,8239
0.818,8238
0.818,8237
0.818,8236
0.818,8235
0.818,8234
0.818,8233
0.818,8232
0.818,8231
0.818,8230
0.819,8229
0.819,8228
0.819,8227
0.819,8226
0.819,8225
0.82,8224
0.82,8223
0.82,8222
0.82,8221
0.82,8220
0.82,8219
0.82,8218
0.821,8217
0.821,8216
0.821,8215
0.821,8214
0.821,8213
0.821,8212
0.821,8211
0.822,8210
0.822,8209
0.822,8208
0.822,8207
0.822,8206
0.822,8205
0.822,8204
0.822,8203
0.823,8202
0.823,8201
0.823,8200
0.823,8199
0.823,8198
0.823,8197
0.823,8196
0.823,8195
0.823,8194
0.823,8193
0.823,8192
0.824,8191
0.824,8190
0.824,8189
0.824,8188
0.824,8187
0.824,8186
0.824,8185
0.825,8184
0.825,8183
0.825,8182
0.825,8181
0.825,8180
0.825,8179
0.826,8178
0.826,8177
0.826,8176
0.826,8175
0.826,8174
0.826,8173
0.826,8172
0.826,8171
0.826,8170
0.826,8169
0.826,8168
0.827,8167
0.827,8166
0.827,8165
0.827,8164
0.827,8163
0.827,8162
0.828,8161
0.828,8160
0.828,8159
0.828,8158
0.828,8157
0.828,8156
0.829,8155
0.829,8154
0.829,8153
0.829,8152
0.829,8151
0.829,8150
0.829,8149
0.829,8148
0.829,8147
0.829,8146
0.83,8145
0.83,8144
0.83,8143
0.83,8142
0.83,8141
0.83,8140
0.831,8139
0.831,8138
0.831,8137
0.831,8136
0.831,8135
0.831,8134
0.831,8133
0.832,8132
0.832,8131
0.832,8130
0.832,8129
0.832,8128
0.832,8127
0.833,8126
0.833,8125
0.833,8124
0.833,8123
0.834,8122
0.834,8121
0.834,8120
0.834,8119
0.835,8118
0.835,8117
0.835,8116
0.835,8115
0.835,8114
0.835,8113
0.835,8112
0.835,8111
0.835,8110
0.836,8109
0.836,8108
0.836,8107
0.836,8106
0.836,8105
0.836,8104
0.836,8103
0.836,8102
0.836,8101
0.837,8100
0.837,8099
0.837,8098
0.837,8097
0.837,8096
0.837,8095
0.837,8094
0.837,8093
0.837,8092
0.837,8091
0.838,8090
0.838,8089
0.838,8088
0.838,8087
0.838,8086
0.838,8085
0.838,8084
0.838,8083
0.838,8082
0.838,8081
0.839,8080
0.839,8079
0.839,8078
0.839,8077
0.839,8076
0.839,8075
0.839,8074
0.84,8073
0.84,8072
0.84,8071
0.84,8070
0.84,8069
0.84,8068
0.84,8067
0.841,8066
0.841,8065
0.841,8064
0.841,8063
0.841,8062
0.842,8061
0.842,8060
0.842,8059
0.842,8058
0.842,8057
0.842,8056
0.842,8055
0.842,8054
0.842,8053
0.843,8052
0.843,8051
0.843,8050
0.843,8049
0.843,8048
0.843,8047
0.844,8046
0.844,8045
0.844,8044
0.844,8043
0.844,8042
0.844,8041
0.844,8040
0.845,8039
0.845,8038
0.845,8037
0.845,8036
0.845,8035
0.845,8034
0.845,8033
0.845,8032
0.846,8031
0.846,8030
0.846,8029
0.846,8028
0.847,8027
0.847,8026
0.847,8025
0.848,8024
0.848,8023
0.848,8022
0.848,8021
0.848,8020
0.848,8019
0.848,8018
0.849,8017
0.849,8016
0.849,8015
0.849,8014
0.849,8013
0.849,8012
0.85,8011
0.85,8010
0.85,8009
0.851,8008
0.851,8007
0.851,8006
0.851,8005
0.851,8004
0.852,8003
0.852,8002
0.852,8001
0.852,8000
0.852,7999
0.852,7998
0.853,7997
0.853,7996
0.853,7995
0.854,7994
0.854,7993
0.854,7992
0.854,7991
0.854,7990
0.855,7989
0.855,7988
0.855,7987
0.855,7986
0.856,7985
0.856,7984
0.856,7983
0.856,7982
0.856,7981
0.857,7980
0.857,7979
0.857,7978
0.857,7977
0.857,7976
0.857,7975
0.857,7974
0.858,7973
0.858,7972
0.858,7971
0.858,7970
0.858,7969
0.858,7968
0.858,7967
0.858,7966
0.859,7965
0.859,7964
0.859,7963
0.859,7962
0.859,7961
0.859,7960
0.859,7959
0.859,7958
0.86,7957
0.86,7956
0.86,7955
0.86,7954
0.86,7953
0.86,7952
0.86,7951
0.86,7950
0.86,7949
0.86,7948
0.861,7947
0.861,7946
0.861,7945
0.861,7944
0.861,7943
0.861,7942
0.861,7941
0.861,7940
0.862,7939
0.862,7938
0.862,7937
0.862,7936
0.862,7935
0.862,7934
0.863,7933
0.863,7932
0.863,7931
0.863,7930
0.863,7929
0.863,7928
0.864,7927
0.864,7926
0.864,7925
0.864,7924
0.864,7923
0.864,7922
0.864,7921
0.864,7920
0.864,7919
0.864,7918
0.865,7917
0.865,7916
0.865,7915
0.865,7914
0.865,7913
0.865,7912
0.866,7911
0.866,7910
0.866,7909
0.866,7908
0.866,7907
0.866,7906
0.866,7905
0.866,7904
0.866,7903
0.866,7902
0.867,7901
0.867,7900
0.867,7899
0.867,7898
0.867,7897
0.867,7896
0.867,7895
0.867,7894
0.867,7893
0.867,7892
0.867,7891
0.868,7890
0.868,7889
0.868,7888
0.868,7887
0.868,7886
0.869,7885
0.869,7884
0.869,7883
0.869,7882
0.869,7881
0.869,7880
0.87,7879
0.87,7878
0.87,7877
0.87,7876
0.87,7875
0.87,7874
0.87,7873
0.87,7872
0.87,7871
0.871,7870
0.871,7869
0.871,7868
0.871,7867
0.871,7866
0.871,7865
0.872,7864
0.872,7863
0.872,7862
0.872,7861
0.872,7860
0.872,7859
0.872,7858
0.872,7857
0.872,7856
0.873,7855
0.873,7854
0.873,7853
0.873,7852
0.873,7851
0.873,7850
0.873,7849
0.873,7848
0.873,7847
0.874,7846
0.874,7845
0.874,7844
0.874,7843
0.874,7842
0.874,7841
0.874,7840
0.875,7839
0.875,7838
0.875,7837
0.875,7836
0.875,7835
0.875,7834
0.875,7833
0.875,7832
0.876,7831
0.876,7830
0.876,7829
0.876,7828
0.876,7827
0.876,7826
0.876,7825
0.876,7824
0.877,7823
0.877,7822
0.877,7821
0.877,7820
0.878,7819
0.878,7818
0.878,7817
0.878,7816
0.878,7815
0.878,7814
0.878,7813
0.879,7812
0.879,7811
0.879,7810
0.879,7809
0.879,7808
0.879,7807
0.879,7806
0.879,7805
0.879,7804
0.879,7803
0.88,7802
0.88,7801
0.88,7800
0.88,7799
0.88,7798
0.88,7797
0.88,7796
0.881,7795
0.881,7794
0.881,7793
0.881,7792
0.881,7791
0.882,7790
0.882,7789
0.882,7788
0.882,7787
0.882,7786
0.882,7785
0.882,7784
0.882,7783
0.882,7782
0.883,7781
0.883,7780
0.883,7779
0.883,7778
0.883,7777
0.883,7776
0.883,7775
0.883,7774
0.884,7773
0.884,7772
0.884,7771
0.885,7770
0.885,7769
0.885,7768
0.885,7767
0.886,7766
0.886,7765
0.886,7764
0.886,7763
0.886,7762
0.887,7761
0.887,7760
0.887,7759
0.887,7758
0.887,7757
0.887,7756
0.887,7755
0.887,7754
0.888,7753
0.888,7752
0.888,7751
0.888,7750
0.888,7749
0.888,7748
0.888,7747
0.888,7746
0.888,7745
0.889,7744
0.889,7743
0.889,7742
0.889,7741
0.889,7740
0.889,7739
0.889,7738
0.89,7737
0.89,7736
0.89,7735
0.89,7734
0.89,7733
0.89,7732
0.89,7731
0.891,7730
0.891,7729
0.891,7728
0.891,7727
0.891,7726
0.891,7725
0.891,7724
0.892,7723
0.892,7722
0.892,7721
0.892,7720
0.892,7719
0.892,7718
0.892,7717
0.892,7716
0.892,7715
0.892,7714
0.893,7713
0.893,7712
0.893,7711
0.893,7710
0.893,7709
0.893,7708
0.893,7707
0.893,7706
0.894,7705
0.894,7704
0.894,7703
0.894,7702
0.894,7701
0.894,7700
0.894,7699
0.894,7698
0.895,7697
0.895,7696
0.895,7695
0.895,7694
0.895,7693
0.895,7692
0.895,7691
0.895,7690
0.896,7689
0.896,7688
0.896,7687
0.896,7686
0.896,7685
0.896,7684
0.896,7683
0.896,7682
0.896,7681
0.897,7680
0.897,7679
0.897,7678
0.897,7677
0.897,7676
0.898,7675
0.898,7674
0.898,7673
0.898,7672
0.898,7671
0.899,7670
0.899,7669
0.899,7668
0.899,7667
0.899,7666
0.899,7665
0.899,7664
0.899,7663
0.899,7662
0.899,7661
0.9,7660
0.9,7659
0.9,7658
0.9,7657
0.9,7656
0.9,7655
0.901,7654
0.901,7653
0.901,7652
0.901,7651
0.901,7650
0.901,7649
0.902,7648
0.902,7647
0.902,7646
0.902,7645
0.902,7644
0.902,7643
0.903,7642
0.903,7641
0.903,7640
0.903,7639
0.903,7638
0.903,7637
0.903,7636
0.903,7635
0.903,7634
0.903,7633
0.904,7632
0.904,7631
0.904,7630
0.904,7629
0.904,7628
0.904,7627
0.904,7626
0.904,7625
0.904,7624
0.904,7623
0.904,7622
0.905,7621
0.905,7620
0.905,7619
0.905,7618
0.905,7617
0.905,7616
0.905,7615
0.905,7614
0.905,7613
0.905,7612
0.906,7611
0.906,7610
0.906,7609
0.906,7608
0.906,7607
0.906,7606
0.906,7605
0.906,7604
0.907,7603
0.907,7602
0.907,7601
0.907,7600
0.907,7599
0.907,7598
0.907,7597
0.908,7596
0.908,7595
0.908,7594
0.908,7593
0.908,7592
0.908,7591
0.908,7590
0.908,7589
0.908,7588
0.908,7587
0.908,7586
0.908,7585
0.908,7584
0.908,7583
0.909,7582
0.909,7581
0.909,7580
0.909,7579
0.909,7578
0.909,7577
0.909,7576
0.909,7575
0.909,7574
0.909,7573
0.909,7572
0.909,7571
0.909,7570
0.91,7569
0.91,7568
0.91,7567
0.91,7566
0.91,7565
0.91,7564
0.911,7563
0.911,7562
0.911,7561
0.911,7560
0.911,7559
0.911,7558
0.911,7557
0.911,7556
0.911,7555
0.911,7554
0.912,7553
0.912,7552
0.912,7551
0.912,7550
0.912,7549
0.912,7548
0.912,7547
0.912,7546
0.913,7545
0.913,7544
0.913,7543
0.913,7542
0.913,7541
0.913,7540
0.913,7539
0.913,7538
0.914,7537
0.914,7536
0.914,7535
0.914,7534
0.914,7533
0.914,7532
0.914,7531
0.914,7530
0.914,7529
0.915,7528
0.915,7527
0.915,7526
0.915,7525
0.916,7524
0.916,7523
0.916,7522
0.916,7521
0.916,7520
0.916,7519
0.916,7518
0.916,7517
0.917,7516
0.917,7515
0.917,7514
0.917,7513
0.917,7512
0.918,7511
0.918,7510
0.918,7509
0.918,7508
0.919,7507
0.919,7506
0.919,7505
0.919,7504
0.919,7503
0.919,7502
0.919,7501
0.919,7500
0.92,7499
0.92,7498
0.92,7497
0.92,7496
0.92,7495
0.92,7494
0.92,7493
0.921,7492
0.921,7491
0.921,7490
0.921,7489
0.921,7488
0.921,7487
0.921,7486
0.921,7485
0.921,7484
0.921,7483
0.922,7482
0.922,7481
0.922,7480
0.922,7479
0.922,7478
0.923,7477
0.923,7476
0.923,7475
0.923,7474
0.923,7473
0.923,7472
0.923,7471
0.923,7470
0.924,7469
0.924,7468
0.924,7467
0.924,7466
0.924,7465
0.924,7464
0.924,7463
0.924,7462
0.924,7461
0.925,7460
0.925,7459
0.925,7458
0.926,7457
0.926,7456
0.926,7455
0.926,7454
0.926,7453
0.927,7452
0.927,7451
0.927,7450
0.927,7449
0.927,7448
0.927,7447
0.927,7446
0.928,7445
0.928,7444
0.928,7443
0.929,7442
0.929,7441
0.929,7440
0.929,7439
0.929,7438
0.929,7437
0.929,7436
0.93,7435
0.93,7434
0.93,7433
0.93,7432
0.93,7431
0.931,7430
0.931,7429
0.931,7428
0.931,7427
0.931,7426
0.931,7425
0.931,7424
0.931,7423
0.931,7422
0.932,7421
0.932,7420
0.932,7419
0.932,7418
0.933,7417
0.933,7416
0.933,7415
0.933,7414
0.933,7413
0.933,7412
0.933,7411
0.934,7410
0.934,7409
0.934,7408
0.934,7407
0.934,7406
0.934,7405
0.934,7404
0.934,7403
0.934,7402
0.935,7401
0.935,7400
0.935,7399
0.935,7398
0.935,7397
0.935,7396
0.935,7395
0.935,7394
0.936,7393
0.936,7392
0.936,7391
0.936,7390
0.936,7389
0.936,7388
0.936,7387
0.936,7386
0.936,7385
0.936,7384
0.937,7383
0.937,7382
0.937,7381
0.937,7380
0.937,7379
0.938,7378
0.938,7377
0.938,7376
0.938,7375
0.938,7374
0.938,7373
0.938,7372
0.938,7371
0.939,7370
0.939,7369
0.939,7368
0.939,7367
0.939,7366
0.939,7365
0.939,7364
0.94,7363
0.94,7362
0.94,7361
0.94,7360
0.94,7359
0.94,7358
0.941,7357
0.941,7356
0.941,7355
0.941,7354
0.941,7353
0.941,7352
0.941,7351
0.941,7350
0.941,7349
0.941,7348
0.942,7347
0.942,7346
0.942,7345
0.943,7344
0.943,7343
0.943,7342
0.943,7341
0.943,7340
0.944,7339
0.944,7338
0.944,7337
0.944,7336
0.944,7335
0.944,7334
0.944,7333
0.945,7332
0.945,7331
0.945,7330
0.945,7329
0.945,7328
0.945,7327
0.946,7326
0.946,7325
0.946,7324
0.946,7323
0.946,7322
0.946,7321
0.946,7320
0.946,7319
0.946,7318
0.947,7317
0.947,7316
0.947,7315
0.947,7314
0.947,7313
0.947,7312
0.947,7311
0.948,7310
0.948,7309
0.948,7308
0.948,7307
0.948,7306
0.948,7305
0.948,7304
0.948,7303
0.948,7302
0.948,7301
0.948,7300
0.948,7299
0.949,7298
0.949,7297
0.949,7296
0.949,7295
0.949,7294
0.95,7293
0.95,7292
0.95,7291
0.95,7290
0.95,7289
0.95,7288
0.951,7287
0.951,7286
0.951,7285
0.951,7284
0.951,7283
0.951,7282
0.952,7281
0.952,7280
0.952,7279
0.952,7278
0.952,7277
0.952,7276
0.953,7275
0.953,7274
0.953,7273
0.953,7272
0.953,7271
0.953,7270
0.953,7269
0.953,7268
0.954,7267
0.954,7266
0.954,7265
0.954,7264
0.955,7263
0.955,7262
0.955,7261
0.955,7260
0.955,7259
0.955,7258
0.955,7257
0.955,7256
0.956,7255
0.956,7254
0.956,7253
0.956,7252
0.956,7251
0.956,7250
0.956,7249
0.957,7248
0.957,7247
0.957,7246
0.957,7245
0.957,7244
0.957,7243
0.957,7242
0.957,7241
0.957,7240
0.958,7239
0.958,7238
0.958,7237
0.958,7236
0.958,7235
0.958,7234
0.958,7233
0.958,7232
0.958,7231
0.958,7230
0.958,7229
0.959,7228
0.959,7227
0.959,7226
0.959,7225
0.959,7224
0.959,7223
0.959,7222
0.959,7221
0.959,7220
0.96,7219
0.96,7218
0.96,7217
0.96,7216
0.96,7215
0.96,7214
0.96,7213
0.96,7212
0.96,7211
0.961,7210
0.961,7209
0.961,7208
0.961,7207
0.961,7206
0.962,7205
0.962,7204
0.962,7203
0.962,7202
0.962,7201
0.962,7200
0.962,7199
0.963,7198
0.963,7197
0.963,7196
0.963,7195
0.963,7194
0.963,7193
0.963,7192
0.963,7191
0.964,7190
0.964,7189
0.964,7188
0.964,7187
0.964,7186
0.964,7185
0.964,7184
0.964,7183
0.964,7182
0.965,7181
0.965,7180
0.965,7179
0.965,7178
0.965,7177
0.966,7176
0.966,7175
0.966,7174
0.966,7173
0.966,7172
0.966,7171
0.967,7170
0.967,7169
0.967,7168
0.967,7167
0.967,7166
0.967,7165
0.968,7164
0.968,7163
0.968,7162
0.968,7161
0.968,7160
0.968,7159
0.969,7158
0.969,7157
0.969,7156
0.969,7155
0.969,7154
0.969,7153
0.97,7152
0.97,7151
0.97,7150
0.97,7149
0.97,7148
0.97,7147
0.97,7146
0.97,7145
0.97,7144
0.97,7143
0.971,7142
0.971,7141
0.971,7140
0.971,7139
0.971,7138
0.971,7137
0.971,7136
0.972,7135
0.972,7134
0.972,7133
0.972,7132
0.972,7131
0.973,7130
0.973,7129
0.973,7128
0.973,7127
0.973,7126
0.974,7125
0.974,7124
0.974,7123
0.974,7122
0.974,7121
0.974,7120
0.974,7119
0.974,7118
0.975,7117
0.975,7116
0.975,7115
0.975,7114
0.975,7113
0.983,7112
0.983,7111
0.983,7110
0.983,7109
0.983,7108
0.984,7107
0.984,7106
0.984,7105
0.984,7104
0.984,7103
0.984,7102
0.984,7101
0.984,7100
0.984,7099
0.985,7098
0.985,7097
0.985,7096
0.985,7095
0.985,7094
0.985,7093
0.985,7092
0.985,7091
0.986,7090
0.986,7089
0.986,7088
0.986,7087
0.986,7086
0.987,7085
0.987,7084
0.987,7083
0.987,7082
0.987,7081
0.987,7080
0.987,7079
0.987,7078
0.988,7077
0.988,7076
0.988,7075
0.988,7074
0.988,7073
0.988,7072
0.988,7071
0.989,7070
0.989,7069
0.989,7068
0.989,7067
0.989,7066
0.989,7065
0.989,7064
0.989,7063
0.989,7062
0.989,7061
0.99,7060
0.99,7059
0.99,7058
0.99,7057
0.99,7056
0.99,7055
0.99,7054
0.99,7053
0.991,7052
0.991,7051
0.991,7050
0.991,7049
0.991,7048
0.991,7047
0.991,7046
0.991,7045
0.992,7044
0.993,7043
0.993,7042
0.993,7041
0.994,7040
0.994,7039
0.994,7038
0.994,7037
0.994,7036
0.994,7035
0.994,7034
0.995,7033
0.995,7032
0.995,7031
0.995,7030
0.996,7029
0.996,7028
0.996,7027
0.996,7026
0.996,7025
0.996,7024
0.996,7023
0.996,7022
0.996,7021
0.996,7020
0.997,7019
0.997,7018
0.997,7017
0.997,7016
0.997,7015
0.997,7014
0.997,7013
0.997,7012
0.998,7011
0.998,7010
0.998,7009
0.998,7008
0.998,7007
0.998,7006
0.998,7005
0.999,7004
0.999,7003
0.999,7002
0.999,7001
0.999,7000
0.999,6999
1.0,6998
1.0,6997
1.0,6996
1.0,6995
1.0,6994
1.001,6993
1.001,6992
1.001,6991
1.001,6990
1.001,6989
1.002,6988
1.002,6987
1.002,6986
1.002,6985
1.002,6984
1.002,6983
1.002,6982
1.002,6981
1.003,6980
1.003,6979
1.003,6978
1.003,6977
1.003,6976
1.003,6975
1.004,6974
1.004,6973
1.004,6972
1.004,6971
1.004,6970
1.004,6969
1.005,6968
1.005,6967
1.005,6966
1.005,6965
1.005,6964
1.005,6963
1.006,6962
1.006,6961
1.006,6960
1.006,6959
1.006,6958
1.006,6957
1.006,6956
1.007,6955
1.007,6954
1.007,6953
1.007,6952
1.007,6951
1.008,6950
1.008,6949
1.008,6948
1.008,6947
1.008,6946
1.009,6945
1.009,6944
1.009,6943
1.009,6942
1.009,6941
1.009,6940
1.009,6939
1.009,6938
1.01,6937
1.01,6936
1.01,6935
1.011,6934
1.011,6933
1.011,6932
1.011,6931
1.011,6930
1.011,6929
1.011,6928
1.012,6927
1.012,6926
1.012,6925
1.012,6924
1.012,6923
1.012,6922
1.012,6921
1.012,6920
1.012,6919
1.013,6918
1.013,6917
1.013,6916
1.013,6915
1.013,6914
1.013,6913
1.013,6912
1.013,6911
1.013,6910
1.013,6909
1.014,6908
1.014,6907
1.014,6906
1.015,6905
1.015,6904
1.015,6903
1.015,6902
1.015,6901
1.015,6900
1.015,6899
1.015,6898
1.015,6897
1.015,6896
1.016,6895
1.016,6894
1.016,6893
1.016,6892
1.016,6891
1.016,6890
1.016,6889
1.016,6888
1.017,6887
1.017,6886
1.017,6885
1.017,6884
1.017,6883
1.018,6882
1.018,6881
1.018,6880
1.018,6879
1.018,6878
1.018,6877
1.019,6876
1.019,6875
1.019,6874
1.019,6873
1.019,6872
1.02,6871
1.02,6870
1.02,6869
1.02,6868
1.02,6867
1.021,6866
1.021,6865
1.021,6864
1.021,6863
1.021,6862
1.021,6861
1.022,6860
1.022,6859
1.022,6858
1.022,6857
1.022,6856
1.022,6855
1.022,6854
1.022,6853
1.022,6852
1.023,6851
1.023,6850
1.023,6849
1.023,6848
1.023,6847
1.023,6846
1.024,6845
1.024,6844
1.024,6843
1.025,6842
1.025,6841
1.026,6840
1.026,6839
1.026,6838
1.026,6837
1.027,6836
1.027,6835
1.027,6834
1.027,6833
1.027,6832
1.027,6831
1.027,6830
1.027,6829
1.028,6828
1.028,6827
1.028,6826
1.028,6825
1.028,6824
1.028,6823
1.028,6822
1.029,6821
1.029,6820
1.029,6819
1.029,6818
1.029,6817
1.029,6816
1.029,6815
1.03,6814
1.03,6813
1.03,6812
1.03,6811
1.03,6810
1.031,6809
1.031,6808
1.031,6807
1.031,6806
1.031,6805
1.031,6804
1.031,6803
1.031,6802
1.032,6801
1.032,6800
1.032,6799
1.033,6798
1.033,6797
1.033,6796
1.034,6795
1.034,6794
1.034,6793
1.035,6792
1.035,6791
1.035,6790
1.035,6789
1.035,6788
1.035,6787
1.035,6786
1.036,6785
1.036,6784
1.036,6783
1.036,6782
1.036,6781
1.036,6780
1.037,6779
1.038,6778
1.038,6777
1.038,6776
1.039,6775
1.039,6774
1.039,6773
1.04,6772
1.04,6771
1.041,6770
1.041,6769
1.041,6768
1.043,6767
1.043,6766
1.044,6765
1.044,6764
1.044,6763
1.044,6762
1.044,6761
1.044,6760
1.044,6759
1.045,6758
1.045,6757
1.045,6756
1.045,6755
1.045,6754
1.045,6753
1.045,6752
1.045,6751
1.046,6750
1.046,6749
1.046,6748
1.046,6747
1.046,6746
1.046,6745
1.046,6744
1.046,6743
1.046,6742
1.046,6741
1.047,6740
1.047,6739
1.047,6738
1.047,6737
1.047,6736
1.047,6735
1.047,6734
1.047,6733
1.048,6732
1.048,6731
1.048,6730
1.048,6729
1.048,6728
1.048,6727
1.049,6726
1.049,6725
1.049,6724
1.049,6723
1.049,6722
1.049,6721
1.05,6720
1.05,6719
1.05,6718
1.05,6717
1.05,6716
1.05,6715
1.051,6714
1.051,6713
1.051,6712
1.051,6711
1.051,6710
1.051,6709
1.051,6708
1.051,6707
1.051,6706
1.051,6705
1.052,6704
1.052,6703
1.052,6702
1.052,6701
1.052,6700
1.052,6699
1.052,6698
1.052,6697
1.053,6696
1.053,6695
1.053,6694
1.054,6693
1.054,6692
1.054,6691
1.054,6690
1.054,6689
1.054,6688
1.054,6687
1.055,6686
1.055,6685
1.055,6684
1.055,6683
1.055,6682
1.056,6681
1.056,6680
1.056,6679
1.056,6678
1.056,6677
1.056,6676
1.056,6675
1.056,6674
1.056,6673
1.057,6672
1.057,6671
1.057,6670
1.057,6669
1.057,6668
1.057,6667
1.057,6666
1.058,6665
1.058,6664
1.058,6663
1.058,6662
1.058,6661
1.058,6660
1.058,6659
1.059,6658
1.059,6657
1.059,6656
1.059,6655
1.059,6654
1.059,6653
1.059,6652
1.059,6651
1.06,6650
1.06,6649
1.06,6648
1.06,6647
1.06,6646
1.06,6645
1.06,6644
1.06,6643
1.061,6642
1.061,6641
1.061,6640
1.062,6639
1.062,6638
1.062,6637
1.062,6636
1.062,6635
1.062,6634
1.062,6633
1.063,6632
1.063,6631
1.063,6630
1.063,6629
1.063,6628
1.063,6627
1.063,6626
1.063,6625
1.063,6624
1.064,6623
1.064,6622
1.064,6621
1.064,6620
1.064,6619
1.064,6618
1.065,6617
1.065,6616
1.065,6615
1.065,6614
1.066,6613
1.066,6612
1.066,6611
1.067,6610
1.067,6609
1.067,6608
1.067,6607
1.067,6606
1.068,6605
1.068,6604
1.068,6603
1.068,6602
1.068,6601
1.069,6600
1.069,6599
1.069,6598
1.069,6597
1.069,6596
1.069,6595
1.07,6594
1.07,6593
1.07,6592
1.07,6591
1.07,6590
1.07,6589
1.07,6588
1.071,6587
1.071,6586
1.071,6585
1.071,6584
1.072,6583
1.072,6582
1.072,6581
1.072,6580
1.073,6579
1.073,6578
1.073,6577
1.074,6576
1.074,6575
1.075,6574
1.075,6573
1.075,6572
1.075,6571
1.075,6570
1.075,6569
1.075,6568
1.075,6567
1.075,6566
1.075,6565
1.076,6564
1.076,6563
1.076,6562
1.076,6561
1.076,6560
1.076,6559
1.077,6558
1.077,6557
1.077,6556
1.078,6555
1.078,6554
1.079,6553
1.079,6552
1.079,6551
1.079,6550
1.079,6549
1.079,6548
1.08,6547
1.08,6546
1.08,6545
1.08,6544
1.08,6543
1.081,6542
1.081,6541
1.081,6540
1.081,6539
1.081,6538
1.081,6537
1.082,6536
1.082,6535
1.082,6534
1.082,6533
1.082,6532
1.083,6531
1.083,6530
1.083,6529
1.083,6528
1.084,6527
1.084,6526
1.084,6525
1.084,6524
1.084,6523
1.085,6522
1.085,6521
1.085,6520
1.085,6519
1.085,6518
1.086,6517
1.086,6516
1.086,6515
1.086,6514
1.087,6513
1.087,6512
1.087,6511
1.087,6510
1.087,6509
1.087,6508
1.088,6507
1.088,6506
1.088,6505
1.088,6504
1.088,6503
1.088,6502
1.088,6501
1.088,6500
1.089,6499
1.089,6498
1.089,6497
1.089,6496
1.09,6495
1.09,6494
1.09,6493
1.09,6492
1.091,6491
1.091,6490
1.091,6489
1.091,6488
1.091,6487
1.092,6486
1.092,6485
1.092,6484
1.092,6483
1.092,6482
1.093,6481
1.093,6480
1.093,6479
1.093,6478
1.093,6477
1.093,6476
1.094,6475
1.094,6474
1.094,6473
1.094,6472
1.094,6471
1.094,6470
1.094,6469
1.095,6468
1.095,6467
1.095,6466
1.095,6465
1.095,6464
1.096,6463
1.096,6462
1.096,6461
1.096,6460
1.096,6459
1.096,6458
1.096,6457
1.096,6456
1.097,6455
1.097,6454
1.097,6453
1.097,6452
1.097,6451
1.098,6450
1.098,6449
1.098,6448
1.099,6447
1.099,6446
1.099,6445
1.099,6444
1.1,6443
1.1,6442
1.1,6441
1.1,6440
1.101,6439
1.101,6438
1.101,6437
1.101,6436
1.101,6435
1.101,6434
1.101,6433
1.102,6432
1.102,6431
1.102,6430
1.102,6429
1.102,6428
1.102,6427
1.103,6426
1.103,6425
1.103,6424
1.103,6423
1.103,6422
1.103,6421
1.104,6420
1.104,6419
1.105,6418
1.106,6417
1.106,6416
1.106,6415
1.106,6414
1.106,6413
1.106,6412
1.106,6411
1.107,6410
1.107,6409
1.108,6408
1.108,6407
1.108,6406
1.108,6405
1.108,6404
1.108,6403
1.109,6402
1.109,6401
1.109,6400
1.11,6399
1.11,6398
1.11,6397
1.11,6396
1.11,6395
1.111,6394
1.111,6393
1.111,6392
1.111,6391
1.111,6390
1.111,6389
1.111,6388
1.112,6387
1.112,6386
1.112,6385
1.112,6384
1.112,6383
1.113,6382
1.113,6381
1.113,6380
1.114,6379
1.114,6378
1.114,6377
1.114,6376
1.114,6375
1.114,6374
1.115,6373
1.115,6372
1.115,6371
1.115,6370
1.115,6369
1.116,6368
1.116,6367
1.116,6366
1.116,6365
1.116,6364
1.117,6363
1.117,6362
1.117,6361
1.117,6360
1.117,6359
1.117,6358
1.117,6357
1.117,6356
1.118,6355
1.118,6354
1.118,6353
1.118,6352
1.118,6351
1.118,6350
1.118,6349
1.119,6348
1.119,6347
1.119,6346
1.119,6345
1.12,6344
1.12,6343
1.12,6342
1.12,6341
1.12,6340
1.12,6339
1.12,6338
1.121,6337
1.121,6336
1.121,6335
1.121,6334
1.121,6333
1.121,6332
1.122,6331
1.122,6330
1.122,6329
1.122,6328
1.122,6327
1.123,6326
1.123,6325
1.123,6324
1.123,6323
1.123,6322
1.123,6321
1.123,6320
1.123,6319
1.124,6318
1.124,6317
1.124,6316
1.124,6315
1.124,6314
1.124,6313
1.124,6312
1.124,6311
1.125,6310
1.125,6309
1.125,6308
1.125,6307
1.125,6306
1.125,6305
1.126,6304
1.126,6303
1.126,6302
1.126,6301
1.126,6300
1.126,6299
1.126,6298
1.127,6297
1.127,6296
1.127,6295
1.127,6294
1.127,6293
1.127,6292
1.128,6291
1.128,6290
1.128,6289
1.128,6288
1.128,6287
1.128,6286
1.128,6285
1.129,6284
1.129,6283
1.129,6282
1.129,6281
1.129,6280
1.129,6279
1.129,6278
1.129,6277
1.129,6276
1.129,6275
1.129,6274
1.129,6273
1.13,6272
1.13,6271
1.13,6270
1.13,6269
1.13,6268
1.13,6267
1.13,6266
1.131,6265
1.131,6264
1.131,6263
1.131,6262
1.131,6261
1.131,6260
1.131,6259
1.132,6258
1.132,6257
1.132,6256
1.132,6255
1.132,6254
1.133,6253
1.133,6252
1.133,6251
1.133,6250
1.133,6249
1.133,6248
1.134,6247
1.134,6246
1.134,6245
1.134,6244
1.134,6243
1.134,6242
1.134,6241
1.135,6240
1.135,6239
1.135,6238
1.136,6237
1.136,6236
1.136,6235
1.137,6234
1.137,6233
1.137,6232
1.137,6231
1.137,6230
1.137,6229
1.137,6228
1.137,6227
1.137,6226
1.138,6225
1.138,6224
1.138,6223
1.138,6222
1.138,6221
1.138,6220
1.138,6219
1.138,6218
1.139,6217
1.139,6216
1.139,6215
1.139,6214
1.139,6213
1.139,6212
1.139,6211
1.139,6210
1.139,6209
1.14,6208
1.14,6207
1.14,6206
1.14,6205
1.14,6204
1.14,6203
1.141,6202
1.141,6201
1.141,6200
1.141,6199
1.141,6198
1.141,6197
1.142,6196
1.142,6195
1.143,6194
1.143,6193
1.143,6192
1.143,6191
1.143,6190
1.143,6189
1.143,6188
1.144,6187
1.144,6186
1.144,6185
1.145,6184
1.145,6183
1.145,6182
1.145,6181
1.145,6180
1.145,6179
1.146,6178
1.146,6177
1.146,6176
1.146,6175
1.146,6174
1.146,6173
1.147,6172
1.147,6171
1.147,6170
1.147,6169
1.147,6168
1.147,6167
1.148,6166
1.148,6165
1.148,6164
1.149,6163
1.149,6162
1.149,6161
1.149,6160
1.149,6159
1.149,6158
1.15,6157
1.15,6156
1.151,6155
1.151,6154
1.151,6153
1.151,6152
1.151,6151
1.151,6150
1.152,6149
1.152,6148
1.152,6147
1.152,6146
1.153,6145
1.153,6144
1.153,6143
1.153,6142
1.153,6141
1.153,6140
1.153,6139
1.154,6138
1.154,6137
1.155,6136
1.155,6135
1.155,6134
1.155,6133
1.156,6132
1.156,6131
1.156,6130
1.156,6129
1.156,6128
1.156,6127
1.156,6126
1.156,6125
1.157,6124
1.157,6123
1.157,6122
1.157,6121
1.158,6120
1.158,6119
1.158,6118
1.158,6117
1.159,6116
1.159,6115
1.159,6114
1.159,6113
1.159,6112
1.159,6111
1.159,6110
1.16,6109
1.16,6108
1.16,6107
1.16,6106
1.16,6105
1.16,6104
1.16,6103
1.16,6102
1.16,6101
1.16,6100
1.16,6099
1.161,6098
1.161,6097
1.161,6096
1.161,6095
1.162,6094
1.162,6093
1.162,6092
1.162,6091
1.162,6090
1.162,6089
1.163,6088
1.163,6087
1.163,6086
1.163,6085
1.163,6084
1.163,6083
1.164,6082
1.164,6081
1.164,6080
1.164,6079
1.165,6078
1.165,6077
1.166,6076
1.167,6075
1.167,6074
1.168,6073
1.168,6072
1.168,6071
1.168,6070
1.168,6069
1.168,6068
1.169,6067
1.169,6066
1.169,6065
1.169,6064
1.169,6063
1.17,6062
1.17,6061
1.17,6060
1.17,6059
1.17,6058
1.17,6057
1.17,6056
1.17,6055
1.171,6054
1.171,6053
1.171,6052
1.171,6051
1.171,6050
1.172,6049
1.172,6048
1.172,6047
1.172,6046
1.172,6045
1.173,6044
1.173,6043
1.173,6042
1.173,6041
1.173,6040
1.173,6039
1.174,6038
1.174,6037
1.174,6036
1.174,6035
1.174,6034
1.175,6033
1.175,6032
1.175,6031
1.175,6030
1.175,6029
1.175,6028
1.175,6027
1.175,6026
1.175,6025
1.176,6024
1.176,6023
1.176,6022
1.176,6021
1.176,6020
1.177,6019
1.177,6018
1.177,6017
1.177,6016
1.177,6015
1.178,6014
1.178,6013
1.178,6012
1.178,6011
1.179,6010
1.179,6009
1.18,6008
1.18,6007
1.18,6006
1.18,6005
1.181,6004
1.181,6003
1.181,6002
1.181,6001
1.181,6000
1.181,5999
1.182,5998
1.185,5997
1.185,5996
1.185,5995
1.185,5994
1.185,5993
1.186,5992
1.186,5991
1.186,5990
1.186,5989
1.186,5988
1.186,5987
1.186,5986
1.186,5985
1.186,5984
1.186,5983
1.187,5982
1.187,5981
1.188,5980
1.188,5979
1.188,5978
1.188,5977
1.188,5976
1.188,5975
1.189,5974
1.189,5973
1.189,5972
1.189,5971
1.189,5970
1.19,5969
1.19,5968
1.19,5967
1.19,5966
1.191,5965
1.191,5964
1.191,5963
1.192,5962
1.192,5961
1.192,5960
1.193,5959
1.193,5958
1.193,5957
1.193,5956
1.194,5955
1.194,5954
1.195,5953
1.195,5952
1.195,5951
1.195,5950
1.196,5949
1.196,5948
1.196,5947
1.196,5946
1.196,5945
1.197,5944
1.197,5943
1.197,5942
1.197,5941
1.197,5940
1.197,5939
1.197,5938
1.198,5937
1.198,5936
1.198,5935
1.198,5934
1.198,5933
1.199,5932
1.2,5931
1.2,5930
1.2,5929
1.201,5928
1.201,5927
1.202,5926
1.202,5925
1.202,5924
1.202,5923
1.202,5922
1.202,5921
1.202,5920
1.203,5919
1.203,5918
1.203,5917
1.203,5916
1.204,5915
1.204,5914
1.204,5913
1.205,5912
1.205,5911
1.205,5910
1.206,5909
1.206,5908
1.206,5907
1.206,5906
1.206,5905
1.206,5904
1.207,5903
1.207,5902
1.207,5901
1.207,5900
1.208,5899
1.208,5898
1.208,5897
1.208,5896
1.208,5895
1.208,5894
1.209,5893
1.209,5892
1.209,5891
1.209,5890
1.209,5889
1.21,5888
1.21,5887
1.21,5886
1.21,5885
1.211,5884
1.212,5883
1.212,5882
1.212,5881
1.213,5880
1.213,5879
1.213,5878
1.213,5877
1.214,5876
1.214,5875
1.214,5874
1.215,5873
1.215,5872
1.215,5871
1.215,5870
1.216,5869
1.216,5868
1.216,5867
1.217,5866
1.217,5865
1.217,5864
1.217,5863
1.217,5862
1.217,5861
1.217,5860
1.218,5859
1.218,5858
1.218,5857
1.219,5856
1.219,5855
1.219,5854
1.219,5853
1.219,5852
1.22,5851
1.22,5850
1.22,5849
1.22,5848
1.22,5847
1.22,5846
1.221,5845
1.221,5844
1.221,5843
1.221,5842
1.221,5841
1.223,5840
1.224,5839
1.224,5838
1.224,5837
1.224,5836
1.225,5835
1.225,5834
1.225,5833
1.226,5832
1.226,5831
1.227,5830
1.227,5829
1.227,5828
1.227,5827
1.227,5826
1.228,5825
1.228,5824
1.229,5823
1.229,5822
1.23,5821
1.23,5820
1.23,5819
1.231,5818
1.231,5817
1.232,5816
1.232,5815
1.232,5814
1.232,5813
1.233,5812
1.233,5811
1.235,5810
1.235,5809
1.235,5808
1.235,5807
1.236,5806
1.236,5805
1.236,5804
1.237,5803
1.237,5802
1.237,5801
1.237,5800
1.238,5799
1.238,5798
1.239,5797
1.239,5796
1.239,5795
1.24,5794
1.24,5793
1.24,5792
1.241,5791
1.241,5790
1.242,5789
1.242,5788
1.242,5787
1.242,5786
1.243,5785
1.243,5784
1.244,5783
1.244,5782
1.244,5781
1.244,5780
1.244,5779
1.245,5778
1.245,5777
1.246,5776
1.246,5775
1.246,5774
1.246,5773
1.246,5772
1.247,5771
1.248,5770
1.248,5769
1.248,5768
1.249,5767
1.249,5766
1.25,5765
1.251,5764
1.251,5763
1.251,5762
1.251,5761
1.252,5760
1.252,5759
1.253,5758
1.254,5757
1.254,5756
1.254,5755
1.254,5754
1.254,5753
1.254,5752
1.255,5751
1.255,5750
1.255,5749
1.255,5748
1.256,5747
1.256,5746
1.258,5745
1.258,5744
1.259,5743
1.26,5742
1.261,5741
1.261,5740
1.261,5739
1.262,5738
1.262,5737
1.264,5736
1.264,5735
1.265,5734
1.265,5733
1.266,5732
1.266,5731
1.267,5730
1.267,5729
1.267,5728
1.268,5727
1.268,5726
1.269,5725
1.269,5724
1.269,5723
1.27,5722
1.27,5721
1.27,5720
1.27,5719
1.27,5718
1.271,5717
1.272,5716
1.272,5715
1.273,5714
1.273,5713
1.273,5712
1.274,5711
1.274,5710
1.275,5709
1.275,5708
1.275,5707
1.275,5706
1.275,5705
1.275,5704
1.276,5703
1.276,5702
1.277,5701
1.277,5700
1.277,5699
1.278,5698
1.278,5697
1.278,5696
1.279,5695
1.279,5694
1.279,5693
1.279,5692
1.28,5691
1.28,5690
1.28,5689
1.28,5688
1.281,5687
1.281,5686
1.284,5685
1.284,5684
1.284,5683
1.285,5682
1.285,5681
1.286,5680
1.288,5679
1.288,5678
1.289,5677
1.289,5676
1.289,5675
1.29,5674
1.291,5673
1.291,5672
1.291,5671
1.291,5670
1.292,5669
1.293,5668
1.293,5667
1.294,5666
1.294,5665
1.294,5664
1.294,5663
1.294,5662
1.295,5661
1.295,5660
1.295,5659
1.295,5658
1.295,5657
1.296,5656
1.296,5655
1.296,5654
1.297,5653
1.297,5652
1.297,5651
1.297,5650
1.298,5649
1.299,5648
1.299,5647
1.299,5646
1.299,5645
1.301,5644
1.301,5643
1.302,5642
1.302,5641
1.302,5640
1.303,5639
1.303,5638
1.303,5637
1.304,5636
1.304,5635
1.304,5634
1.305,5633
1.305,5632
1.305,5631
1.306,5630
1.306,5629
1.308,5628
1.309,5627
1.309,5626
1.309,5625
1.309,5624
1.31,5623
1.312,5622
1.314,5621
1.314,5620
1.314,5619
1.315,5618
1.316,5617
1.317,5616
1.317,5615
1.318,5614
1.318,5613
1.319,5612
1.319,5611
1.319,5610
1.319,5609
1.32,5608
1.321,5607
1.321,5606
1.323,5605
1.324,5604
1.324,5603
1.325,5602
1.325,5601
1.326,5600
1.326,5599
1.326,5598
1.327,5597
1.327,5596
1.327,5595
1.327,5594
1.328,5593
1.329,5592
1.33,5591
1.331,5590
1.331,5589
1.333,5588
1.333,5587
1.333,5586
1.333,5585
1.334,5584
1.334,5583
1.334,5582
1.335,5581
1.337,5580
1.338,5579
1.338,5578
1.339,5577
1.339,5576
1.339,5575
1.339,5574
1.34,5573
1.341,5572
1.341,5571
1.342,5570
1.343,5569
1.344,5568
1.345,5567
1.346,5566
1.346,5565
1.347,5564
1.347,5563
1.348,5562
1.349,5561
1.349,5560
1.349,5559
1.35,5558
1.35,5557
1.35,5556
1.35,5555
1.351,5554
1.351,5553
1.352,5552
1.353,5551
1.355,5550
1.355,5549
1.356,5548
1.356,5547
1.358,5546
1.359,5545
1.36,5544
1.36,5543
1.362,5542
1.364,5541
1.364,5540
1.365,5539
1.366,5538
1.366,5537
1.366,5536
1.368,5535
1.368,5534
1.37,5533
1.37,5532
1.37,5531
1.37,5530
1.37,5529
1.371,5528
1.382,5527
1.382,5526
1.382,5525
1.383,5524
1.384,5523
1.384,5522
1.385,5521
1.386,5520
1.386,5519
1.386,5518
1.387,5517
1.387,5516
1.387,5515
1.387,5514
1.388,5513
1.388,5512
1.388,5511
1.389,5510
1.389,5509
1.39,5508
1.39,5507
1.391,5506
1.392,5505
1.392,5504
1.392,5503
1.393,5502
1.395,5501
1.395,5500
1.396,5499
1.396,5498
1.397,5497
1.398,5496
1.399,5495
1.399,5494
1.4,5493
1.4,5492
1.4,5491
1.4,5490
1.402,5489
1.402,5488
1.402,5487
1.403,5486
1.403,5485
1.404,5484
1.404,5483
1.404,5482
1.404,5481
1.405,5480
1.405,5479
1.406,5478
1.406,5477
1.406,5476
1.407,5475
1.408,5474
1.409,5473
1.409,5472
1.41,5471
1.414,5470
1.414,5469
1.414,5468
1.415,5467
1.415,5466
1.419,5465
1.42,5464
1.42,5463
1.421,5462
1.421,5461
1.421,5460
1.422,5459
1.422,5458
1.423,5457
1.425,5456
1.425,5455
1.426,5454
1.427,5453
1.427,5452
1.427,5451
1.428,5450
1.429,5449
1.429,5448
1.429,5447
1.43,5446
1.431,5445
1.431,5444
1.432,5443
1.432,5442
1.433,5441
1.433,5440
1.433,5439
1.437,5438
1.438,5437
1.438,5436
1.438,5435
1.439,5434
1.439,5433
1.439,5432
1.439,5431
1.439,5430
1.44,5429
1.44,5428
1.44,5427
1.441,5426
1.442,5425
1.442,5424
1.443,5423
1.444,5422
1.445,5421
1.446,5420
1.448,5419
1.448,5418
1.448,5417
1.448,5416
1.45,5415
1.451,5414
1.451,5413
1.453,5412
1.453,5411
1.454,5410
1.454,5409
1.454,5408
1.455,5407
1.455,5406
1.457,5405
1.457,5404
1.457,5403
1.457,5402
1.458,5401
1.459,5400
1.46,5399
1.46,5398
1.46,5397
1.461,5396
1.461,5395
1.461,5394
1.462,5393
1.462,5392
1.462,5391
1.462,5390
1.463,5389
1.463,5388
1.464,5387
1.466,5386
1.466,5385
1.466,5384
1.468,5383
1.468,5382
1.469,5381
1.469,5380
1.47,5379
1.471,5378
1.471,5377
1.472,5376
1.473,5375
1.473,5374
1.473,5373
1.474,5372
1.475,5371
1.475,5370
1.475,5369
1.477,5368
1.478,5367
1.478,5366
1.479,5365
1.479,5364
1.479,5363
1.48,5362
1.48,5361
1.481,5360
1.482,5359
1.483,5358
1.485,5357
1.485,5356
1.486,5355
1.486,5354
1.486,5353
1.487,5352
1.488,5351
1.489,5350
1.491,5349
1.491,5348
1.492,5347
1.493,5346
1.495,5345
1.496,5344
1.496,5343
1.498,5342
1.498,5341
1.499,5340
1.502,5339
1.505,5338
1.507,5337
1.507,5336
1.508,5335
1.509,5334
1.511,5333
1.511,5332
1.512,5331
1.512,5330
1.513,5329
1.513,5328
1.514,5327
1.514,5326
1.516,5325
1.517,5324
1.519,5323
1.52,5322
1.523,5321
1.523,5320
1.524,5319
1.524,5318
1.525,5317
1.526,5316
1.527,5315
1.528,5314
1.529,5313
1.532,5312
1.532,5311
1.533,5310
1.533,5309
1.535,5308
1.538,5307
1.542,5306
1.545,5305
1.546,5304
1.55,5303
1.552,5302
1.553,5301
1.555,5300
1.559,5299
1.559,5298
1.561,5297
1.562,5296
1.562,5295
1.562,5294
1.565,5293
1.565,5292
1.565,5291
1.565,5290
1.567,5289
1.567,5288
1.568,5287
1.574,5286
1.576,5285
1.578,5284
1.58,5283
1.582,5282
1.584,5281
1.587,5280
1.588,5279
1.591,5278
1.593,5277
1.594,5276
1.595,5275
1.598,5274
1.6,5273
1.6,5272
1.602,5271
1.602,5270
1.603,5269
1.604,5268
1.606,5267
1.607,5266
1.607,5265
1.607,5264
1.609,5263
1.611,5262
1.612,5261
1.614,5260
1.614,5259
1.618,5258
1.62,5257
1.622,5256
1.622,5255
1.622,5254
1.624,5253
1.625,5252
1.626,5251
1.628,5250
1.631,5249
1.632,5248
1.632,5247
1.633,5246
1.635,5245
1.635,5244
1.636,5243
1.64,5242
1.641,5241
1.646,5240
1.646,5239
1.647,5238
1.65,5237
1.651,5236
1.653,5235
1.655,5234
1.659,5233
1.66,5232
1.671,5231
1.672,5230
1.677,5229
1.677,5228
1.681,5227
1.686,5226
1.688,5225
1.689,5224
1.696,5223
1.701,5222
1.704,5221
1.706,5220
1.71,5219
1.712,5218
1.714,5217
1.715,5216
1.717,5215
1.732,5214
1.734,5213
1.736,5212
1.737,5211
1.737,5210
1.748,5209
1.761,5208
1.761,5207
1.768,5206
1.768,5205
1.778,5204
1.78,5203
1.786,5202
1.798,5201
1.82,5200
1.862,5199
1.867,5198
2.02,5197
2.284,5196
2.594,5195
