0.001,13440
0.004,13439
0.005,13438
0.005,13437
0.006,13436
0.007,13435
0.008,13434
0.009,13433
0.01,13432
0.01,13431
0.011,13430
0.011,13429
0.011,13428
0.011,13427
0.011,13426
0.011,13425
0.012,13424
0.012,13423
0.012,13422
0.012,13421
0.012,13420
0.012,13419
0.012,13418
0.013,13417
0.013,13416
0.013,13415
0.014,13414
0.014,13413
0.015,13412
0.016,13411
0.016,13410
0.017,13409
0.017,13408
0.017,13407
0.017,13406
0.018,13405
0.018,13404
0.018,13403
0.018,13402
0.018,13401
0.018,13400
0.018,13399
0.019,13398
0.019,13397
0.019,13396
0.019,13395
0.019,13394
0.019,13393
0.019,13392
0.02,13391
0.02,13390
0.02,13389
0.02,13388
0.021,13387
0.021,13386
0.021,13385
0.021,13384
0.021,13383
0.021,13382
0.021,13381
0.022,13380
0.022,13379
0.022,13378
0.022,13377
0.022,13376
0.023,13375
0.023,13374
0.023,13373
0.023,13372
0.024,13371
0.024,13370
0.024,13369
0.024,13368
0.024,13367
0.024,13366
0.025,13365
0.025,13364
0.025,13363
0.026,13362
0.026,13361
0.026,13360
0.026,13359
0.027,13358
0.027,13357
0.027,13356
0.027,13355
0.027,13354
0.027,13353
0.027,13352
0.028,13351
0.028,13350
0.028,13349
0.028,13348
0.028,13347
0.028,13346
0.029,13345
0.029,13344
0.029,13343
0.029,13342
0.029,13341
0.029,13340
0.029,13339
0.03,13338
0.03,13337
0.03,13336
0.03,13335
0.03,13334
0.031,13333
0.031,13332
0.033,13331
0.033,13330
0.033,13329
0.033,13328
0.034,13327
0.034,13326
0.034,13325
0.034,13324
0.035,13323
0.035,13322
0.035,13321
0.035,13320
0.035,13319
0.036,13318
0.036,13317
0.036,13316
0.036,13315
0.036,13314
0.037,13313
0.037,13312
0.037,13311
0.037,13310
0.038,13309
0.038,13308
0.038,13307
0.038,13306
0.038,13305
0.039,13304
0.039,13303
0.039,13302
0.039,13301
0.04,13300
0.04,13299
0.04,13298
0.04,13297
0.04,13296
0.041,13295
0.041,13294
0.041,13293
0.042,13292
0.042,13291
0.042,13290
0.042,13289
0.042,13288
0.042,13287
0.042,13286
0.042,13285
0.042,13284
0.043,13283
0.043,13282
0.043,13281
0.043,13280
0.043,13279
0.044,13278
0.044,13277
0.044,13276
0.044,13275
0.044,13274
0.044,13273
0.044,13272
0.045,13271
0.045,13270
0.045,13269
0.045,13268
0.045,13267
0.045,13266
0.045,13265
0.046,13264
0.046,13263
0.046,13262
0.046,13261
0.046,13260
0.047,13259
0.047,13258
0.047,13257
0.047,13256
0.047,13255
0.047,13254
0.047,13253
0.048,13252
0.048,13251
0.048,13250
0.048,13249
0.048,13248
0.048,13247
0.048,13246
0.048,13245
0.049,13244
0.049,13243
0.049,13242
0.049,13241
0.049,13240
0.049,13239
0.05,13238
0.05,13237
0.05,13236
0.05,13235
0.05,13234
0.05,13233
0.05,13232
0.051,13231
0.051,13230
0.051,13229
0.051,13228
0.051,13227
0.052,13226
0.052,13225
0.052,13224
0.052,13223
0.052,13222
0.053,13221
0.053,13220
0.053,13219
0.053,13218
0.053,13217
0.053,13216
0.054,13215
0.054,13214
0.054,13213
0.054,13212
0.054,13211
0.055,13210
0.055,13209
0.055,13208
0.055,13207
0.055,13206
0.055,13205
0.056,13204
0.056,13203
0.056,13202
0.056,13201
0.057,13200
0.057,13199
0.057,13198
0.057,13197
0.057,13196
0.058,13195
0.058,13194
0.058,13193
0.058,13192
0.058,13191
0.058,13190
0.059,13189
0.059,13188
0.059,13187
0.061,13186
0.064,13185
0.064,13184
0.064,13183
0.064,13182
0.064,13181
0.064,13180
0.065,13179
0.065,13178
0.065,13177
0.065,13176
0.065,13175
0.066,13174
0.066,13173
0.076,13172
0.076,13171
0.077,13170
0.077,13169
0.077,13168
0.077,13167
0.077,13166
0.077,13165
0.077,13164
0.077,13163
0.077,13162
0.077,13161
0.078,13160
0.078,13159
0.078,13158
0.078,13157
0.078,13156
0.078,13155
0.078,13154
0.078,13153
0.079,13152
0.079,13151
0.079,13150
0.079,13149
0.079,13148
0.079,13147
0.079,13146
0.08,13145
0.08,13144
0.08,13143
0.08,13142
0.08,13141
0.08,13140
0.08,13139
0.08,13138
0.081,13137
0.081,13136
0.081,13135
0.081,13134
0.081,13133
0.081,13132
0.081,13131
0.082,13130
0.082,13129
0.082,13128
0.082,13127
0.082,13126
0.082,13125
0.082,13124
0.082,13123
0.082,13122
0.082,13121
0.083,13120
0.083,13119
0.083,13118
0.083,13117
0.083,13116
0.083,13115
0.083,13114
0.083,13113
0.083,13112
0.084,13111
0.084,13110
0.084,13109
0.084,13108
0.084,13107
0.084,13106
0.084,13105
0.084,13104
0.084,13103
0.085,13102
0.085,13101
0.085,13100
0.085,13099
0.085,13098
0.085,13097
0.085,13096
0.085,13095
0.085,13094
0.085,13093
0.086,13092
0.086,13091
0.086,13090
0.086,13089
0.086,13088
0.086,13087
0.087,13086
0.087,13085
0.087,13084
0.087,13083
0.087,13082
0.087,13081
0.087,13080
0.087,13079
0.087,13078
0.088,13077
0.088,13076
0.088,13075
0.088,13074
0.088,13073
0.088,13072
0.088,13071
0.088,13070
0.088,13069
0.088,13068
0.088,13067
0.089,13066
0.089,13065
0.089,13064
0.089,13063
0.089,13062
0.089,13061
0.089,13060
0.089,13059
0.089,13058
0.09,13057
0.09,13056
0.09,13055
0.09,13054
0.09,13053
0.09,13052
0.091,13051
0.091,13050
0.091,13049
0.091,13048
0.091,13047
0.091,13046
0.091,13045
0.091,13044
0.091,13043
0.091,13042
0.092,13041
0.092,13040
0.092,13039
0.092,13038
0.092,13037
0.092,13036
0.092,13035
0.092,13034
0.092,13033
0.092,13032
0.093,13031
0.093,13030
0.093,13029
0.093,13028
0.093,13027
0.093,13026
0.094,13025
0.094,13024
0.094,13023
0.094,13022
0.094,13021
0.094,13020
0.094,13019
0.094,13018
0.094,13017
0.094,13016
0.094,13015
0.094,13014
0.095,13013
0.095,13012
0.095,13011
0.095,13010
0.095,13009
0.095,13008
0.095,13007
0.095,13006
0.096,13005
0.096,13004
0.096,13003
0.096,13002
0.096,13001
0.096,13000
0.097,12999
0.097,12998
0.097,12997
0.097,12996
0.097,12995
0.097,12994
0.097,12993
0.097,12992
0.097,12991
0.097,12990
0.098,12989
0.098,12988
0.098,12987
0.098,12986
0.098,12985
0.098,12984
0.098,12983
0.098,12982
0.098,12981
0.098,12980
0.099,12979
0.099,12978
0.099,12977
0.099,12976
0.099,12975
0.099,12974
0.099,12973
0.1,12972
0.1,12971
0.1,12970
0.1,12969
0.1,12968
0.1,12967
0.1,12966
0.1,12965
0.1,12964
0.1,12963
0.1,12962
0.101,12961
0.101,12960
0.101,12959
0.101,12958
0.101,12957
0.101,12956
0.101,12955
0.101,12954
0.101,12953
0.102,12952
0.102,12951
0.102,12950
0.102,12949
0.102,12948
0.102,12947
0.102,12946
0.102,12945
0.102,12944
0.102,12943
0.103,12942
0.103,12941
0.103,12940
0.103,12939
0.103,12938
0.103,12937
0.103,12936
0.103,12935
0.103,12934
0.104,12933
0.104,12932
0.104,12931
0.104,12930
0.104,12929
0.104,12928
0.104,12927
0.105,12926
0.105,12925
0.105,12924
0.105,12923
0.105,12922
0.105,12921
0.105,12920
0.106,12919
0.106,12918
0.106,12917
0.106,12916
0.106,12915
0.106,12914
0.106,12913
0.106,12912
0.106,12911
0.107,12910
0.107,12909
0.107,12908
0.107,12907
0.108,12906
0.108,12905
0.108,12904
0.108,12903
0.108,12902
0.108,12901
0.108,12900
0.108,12899
0.108,12898
0.108,12897
0.109,12896
0.109,12895
0.109,12894
0.109,12893
0.109,12892
0.109,12891
0.11,12890
0.11,12889
0.11,12888
0.11,12887
0.11,12886
0.11,12885
0.11,12884
0.11,12883
0.11,12882
0.111,12881
0.111,12880
0.111,12879
0.111,12878
0.111,12877
0.111,12876
0.111,12875
0.112,12874
0.112,12873
0.112,12872
0.112,12871
0.112,12870
0.112,12869
0.112,12868
0.112,12867
0.112,12866
0.113,12865
0.113,12864
0.113,12863
0.113,12862
0.113,12861
0.113,12860
0.113,12859
0.113,12858
0.113,12857
0.113,12856
0.114,12855
0.114,12854
0.114,12853
0.114,12852
0.114,12851
0.114,12850
0.114,12849
0.114,12848
0.114,12847
0.114,12846
0.114,12845
0.114,12844
0.115,12843
0.115,12842
0.115,12841
0.115,12840
0.115,12839
0.115,12838
0.115,12837
0.115,12836
0.116,12835
0.116,12834
0.116,12833
0.116,12832
0.116,12831
0.116,12830
0.116,12829
0.116,12828
0.116,12827
0.116,12826
0.116,12825
0.116,12824
0.117,12823
0.117,12822
0.117,12821
0.117,12820
0.117,12819
0.117,12818
0.117,12817
0.117,12816
0.117,12815
0.118,12814
0.118,12813
0.118,12812
0.118,12811
0.118,12810
0.118,12809
0.118,12808
0.118,12807
0.119,12806
0.119,12805
0.119,12804
0.119,12803
0.119,12802
0.119,12801
0.119,12800
0.119,12799
0.12,12798
0.12,12797
0.12,12796
0.12,12795
0.12,12794
0.12,12793
0.12,12792
0.12,12791
0.12,12790
0.12,12789
0.121,12788
0.121,12787
0.121,12786
0.121,12785
0.121,12784
0.121,12783
0.122,12782
0.122,12781
0.122,12780
0.122,12779
0.122,12778
0.122,12777
0.123,12776
0.123,12775
0.123,12774
0.123,12773
0.123,12772
0.123,12771
0.123,12770
0.123,12769
0.123,12768
0.124,12767
0.124,12766
0.124,12765
0.124,12764
0.124,12763
0.124,12762
0.125,12761
0.125,12760
0.125,12759
0.125,12758
0.125,12757
0.125,12756
0.125,12755
0.126,12754
0.126,12753
0.126,12752
0.126,12751
0.126,12750
0.126,12749
0.127,12748
0.127,12747
0.127,12746
0.127,12745
0.127,12744
0.127,12743
0.127,12742
0.128,12741
0.128,12740
0.128,12739
0.128,12738
0.128,12737
0.128,12736
0.128,12735
0.128,12734
0.129,12733
0.129,12732
0.129,12731
0.129,12730
0.129,12729
0.129,12728
0.129,12727
0.129,12726
0.129,12725
0.13,12724
0.13,12723
0.13,12722
0.13,12721
0.13,12720
0.13,12719
0.13,12718
0.13,12717
0.13,12716
0.13,12715
0.13,12714
0.13,12713
0.131,12712
0.131,12711
0.131,12710
0.131,12709
0.131,12708
0.131,12707
0.132,12706
0.132,12705
0.132,12704
0.132,12703
0.132,12702
0.132,12701
0.132,12700
0.132,12699
0.132,12698
0.132,12697
0.133,12696
0.133,12695
0.133,12694
0.133,12693
0.133,12692
0.133,12691
0.133,12690
0.133,12689
0.133,12688
0.133,12687
0.133,12686
0.134,12685
0.134,12684
0.134,12683
0.134,12682
0.134,12681
0.134,12680
0.134,12679
0.134,12678
0.134,12677
0.134,12676
0.134,12675
0.135,12674
0.135,12673
0.135,12672
0.135,12671
0.135,12670
0.135,12669
0.135,12668
0.136,12667
0.136,12666
0.136,12665
0.136,12664
0.136,12663
0.136,12662
0.136,12661
0.137,12660
0.137,12659
0.137,12658
0.137,12657
0.137,12656
0.137,12655
0.137,12654
0.137,12653
0.138,12652
0.138,12651
0.138,12650
0.138,12649
0.139,12648
0.139,12647
0.139,12646
0.139,12645
0.139,12644
0.139,12643
0.139,12642
0.14,12641
0.14,12640
0.14,12639
0.14,12638
0.14,12637
0.14,12636
0.14,12635
0.14,12634
0.141,12633
0.141,12632
0.141,12631
0.141,12630
0.141,12629
0.141,12628
0.142,12627
0.142,12626
0.142,12625
0.142,12624
0.142,12623
0.142,12622
0.142,12621
0.142,12620
0.143,12619
0.143,12618
0.143,12617
0.143,12616
0.143,12615
0.144,12614
0.144,12613
0.144,12612
0.144,12611
0.144,12610
0.144,12609
0.145,12608
0.145,12607
0.145,12606
0.145,12605
0.145,12604
0.145,12603
0.146,12602
0.146,12601
0.146,12600
0.146,12599
0.146,12598
0.146,12597
0.146,12596
0.147,12595
0.147,12594
0.147,12593
0.147,12592
0.147,12591
0.147,12590
0.147,12589
0.147,12588
0.148,12587
0.148,12586
0.148,12585
0.148,12584
0.148,12583
0.149,12582
0.149,12581
0.149,12580
0.149,12579
0.149,12578
0.149,12577
0.149,12576
0.15,12575
0.15,12574
0.15,12573
0.15,12572
0.15,12571
0.15,12570
0.15,12569
0.15,12568
0.15,12567
0.15,12566
0.151,12565
0.151,12564
0.151,12563
0.151,12562
0.151,12561
0.151,12560
0.151,12559
0.151,12558
0.151,12557
0.152,12556
0.152,12555
0.152,12554
0.152,12553
0.152,12552
0.152,12551
0.152,12550
0.152,12549
0.152,12548
0.152,12547
0.152,12546
0.153,12545
0.153,12544
0.153,12543
0.153,12542
0.153,12541
0.153,12540
0.153,12539
0.153,12538
0.154,12537
0.154,12536
0.154,12535
0.154,12534
0.154,12533
0.154,12532
0.154,12531
0.154,12530
0.154,12529
0.154,12528
0.154,12527
0.155,12526
0.155,12525
0.155,12524
0.155,12523
0.155,12522
0.155,12521
0.155,12520
0.155,12519
0.155,12518
0.156,12517
0.156,12516
0.156,12515
0.156,12514
0.156,12513
0.156,12512
0.157,12511
0.157,12510
0.157,12509
0.157,12508
0.157,12507
0.157,12506
0.157,12505
0.158,12504
0.158,12503
0.158,12502
0.158,12501
0.158,12500
0.158,12499
0.158,12498
0.158,12497
0.158,12496
0.159,12495
0.159,12494
0.159,12493
0.159,12492
0.159,12491
0.159,12490
0.159,12489
0.159,12488
0.159,12487
0.16,12486
0.16,12485
0.16,12484
0.16,12483
0.16,12482
0.16,12481
0.16,12480
0.161,12479
0.161,12478
0.161,12477
0.161,12476
0.161,12475
0.161,12474
0.162,12473
0.162,12472
0.162,12471
0.162,12470
0.162,12469
0.162,12468
0.163,12467
0.163,12466
0.163,12465
0.163,12464
0.163,12463
0.163,12462
0.163,12461
0.163,12460
0.163,12459
0.163,12458
0.164,12457
0.164,12456
0.164,12455
0.164,12454
0.164,12453
0.164,12452
0.164,12451
0.164,12450
0.164,12449
0.165,12448
0.165,12447
0.165,12446
0.165,12445
0.165,12444
0.165,12443
0.165,12442
0.165,12441
0.165,12440
0.166,12439
0.166,12438
0.166,12437
0.166,12436
0.166,12435
0.166,12434
0.166,12433
0.166,12432
0.166,12431
0.167,12430
0.167,12429
0.167,12428
0.167,12427
0.167,12426
0.167,12425
0.168,12424
0.168,12423
0.168,12422
0.168,12421
0.168,12420
0.168,12419
0.168,12418
0.168,12417
0.168,12416
0.168,12415
0.169,12414
0.169,12413
0.169,12412
0.169,12411
0.169,12410
0.169,12409
0.169,12408
0.169,12407
0.169,12406
0.169,12405
0.169,12404
0.169,12403
0.169,12402
0.17,12401
0.17,12400
0.17,12399
0.17,12398
0.17,12397
0.17,12396
0.17,12395
0.17,12394
0.17,12393
0.17,12392
0.17,12391
0.171,12390
0.171,12389
0.171,12388
0.171,12387
0.171,12386
0.171,12385
0.172,12384
0.172,12383
0.172,12382
0.173,12381
0.173,12380
0.173,12379
0.173,12378
0.173,12377
0.174,12376
0.174,12375
0.174,12374
0.174,12373
0.174,12372
0.174,12371
0.174,12370
0.175,12369
0.175,12368
0.175,12367
0.175,12366
0.175,12365
0.175,12364
0.175,12363
0.175,12362
0.175,12361
0.176,12360
0.176,12359
0.176,12358
0.176,12357
0.176,12356
0.176,12355
0.176,12354
0.176,12353
0.176,12352
0.177,12351
0.177,12350
0.177,12349
0.177,12348
0.177,12347
0.178,12346
0.178,12345
0.178,12344
0.178,12343
0.178,12342
0.178,12341
0.178,12340
0.178,12339
0.178,12338
0.178,12337
0.179,12336
0.179,12335
0.179,12334
0.179,12333
0.179,12332
0.179,12331
0.179,12330
0.18,12329
0.18,12328
0.18,12327
0.18,12326
0.18,12325
0.18,12324
0.18,12323
0.18,12322
0.18,12321
0.18,12320
0.181,12319
0.181,12318
0.181,12317
0.181,12316
0.181,12315
0.181,12314
0.181,12313
0.181,12312
0.182,12311
0.182,12310
0.182,12309
0.182,12308
0.182,12307
0.182,12306
0.182,12305
0.183,12304
0.183,12303
0.183,12302
0.183,12301
0.183,12300
0.183,12299
0.184,12298
0.184,12297
0.184,12296
0.184,12295
0.184,12294
0.184,12293
0.184,12292
0.184,12291
0.184,12290
0.185,12289
0.185,12288
0.185,12287
0.185,12286
0.185,12285
0.185,12284
0.185,12283
0.185,12282
0.185,12281
0.185,12280
0.186,12279
0.186,12278
0.186,12277
0.186,12276
0.186,12275
0.186,12274
0.186,12273
0.186,12272
0.187,12271
0.187,12270
0.187,12269
0.187,12268
0.187,12267
0.187,12266
0.187,12265
0.188,12264
0.188,12263
0.188,12262
0.188,12261
0.188,12260
0.188,12259
0.188,12258
0.188,12257
0.188,12256
0.188,12255
0.188,12254
0.188,12253
0.189,12252
0.189,12251
0.189,12250
0.19,12249
0.19,12248
0.19,12247
0.19,12246
0.19,12245
0.19,12244
0.191,12243
0.191,12242
0.191,12241
0.191,12240
0.191,12239
0.191,12238
0.191,12237
0.191,12236
0.192,12235
0.192,12234
0.192,12233
0.192,12232
0.192,12231
0.192,12230
0.192,12229
0.193,12228
0.193,12227
0.193,12226
0.193,12225
0.193,12224
0.193,12223
0.193,12222
0.193,12221
0.193,12220
0.194,12219
0.194,12218
0.194,12217
0.194,12216
0.194,12215
0.194,12214
0.194,12213
0.194,12212
0.194,12211
0.195,12210
0.195,12209
0.195,12208
0.195,12207
0.195,12206
0.195,12205
0.195,12204
0.195,12203
0.195,12202
0.195,12201
0.195,12200
0.196,12199
0.196,12198
0.196,12197
0.196,12196
0.196,12195
0.196,12194
0.196,12193
0.196,12192
0.196,12191
0.196,12190
0.196,12189
0.196,12188
0.197,12187
0.197,12186
0.197,12185
0.197,12184
0.197,12183
0.197,12182
0.197,12181
0.197,12180
0.197,12179
0.197,12178
0.197,12177
0.197,12176
0.198,12175
0.198,12174
0.198,12173
0.198,12172
0.198,12171
0.198,12170
0.198,12169
0.198,12168
0.198,12167
0.199,12166
0.199,12165
0.199,12164
0.199,12163
0.199,12162
0.2,12161
0.2,12160
0.2,12159
0.2,12158
0.2,12157
0.2,12156
0.2,12155
0.2,12154
0.201,12153
0.201,12152
0.201,12151
0.201,12150
0.201,12149
0.201,12148
0.201,12147
0.201,12146
0.201,12145
0.201,12144
0.202,12143
0.202,12142
0.202,12141
0.202,12140
0.202,12139
0.211,12138
0.211,12137
0.211,12136
0.212,12135
0.212,12134
0.212,12133
0.212,12132
0.212,12131
0.212,12130
0.213,12129
0.213,12128
0.213,12127
0.213,12126
0.213,12125
0.213,12124
0.214,12123
0.214,12122
0.214,12121
0.214,12120
0.214,12119
0.214,12118
0.214,12117
0.214,12116
0.214,12115
0.215,12114
0.215,12113
0.215,12112
0.215,12111
0.215,12110
0.215,12109
0.215,12108
0.215,12107
0.216,12106
0.216,12105
0.216,12104
0.216,12103
0.216,12102
0.216,12101
0.216,12100
0.216,12099
0.217,12098
0.217,12097
0.217,12096
0.217,12095
0.217,12094
0.217,12093
0.217,12092
0.217,12091
0.217,12090
0.218,12089
0.218,12088
0.218,12087
0.218,12086
0.218,12085
0.218,12084
0.218,12083
0.218,12082
0.218,12081
0.219,12080
0.219,12079
0.219,12078
0.219,12077
0.219,12076
0.219,12075
0.219,12074
0.219,12073
0.219,12072
0.219,12071
0.219,12070
0.22,12069
0.22,12068
0.22,12067
0.22,12066
0.22,12065
0.22,12064
0.22,12063
0.22,12062
0.22,12061
0.221,12060
0.221,12059
0.221,12058
0.221,12057
0.221,12056
0.222,12055
0.222,12054
0.222,12053
0.222,12052
0.222,12051
0.222,12050
0.223,12049
0.223,12048
0.223,12047
0.223,12046
0.223,12045
0.223,12044
0.223,12043
0.223,12042
0.224,12041
0.224,12040
0.224,12039
0.224,12038
0.225,12037
0.225,12036
0.225,12035
0.225,12034
0.225,12033
0.226,12032
0.226,12031
0.226,12030
0.226,12029
0.226,12028
0.226,12027
0.227,12026
0.227,12025
0.227,12024
0.227,12023
0.227,12022
0.227,12021
0.227,12020
0.227,12019
0.227,12018
0.228,12017
0.228,12016
0.228,12015
0.228,12014
0.228,12013
0.229,12012
0.229,12011
0.229,12010
0.229,12009
0.23,12008
0.23,12007
0.23,12006
0.23,12005
0.23,12004
0.23,12003
0.23,12002
0.23,12001
0.231,12000
0.231,11999
0.231,11998
0.231,11997
0.231,11996
0.231,11995
0.231,11994
0.231,11993
0.232,11992
0.232,11991
0.232,11990
0.232,11989
0.232,11988
0.232,11987
0.232,11986
0.232,11985
0.232,11984
0.233,11983
0.233,11982
0.233,11981
0.233,11980
0.233,11979
0.233,11978
0.233,11977
0.233,11976
0.234,11975
0.234,11974
0.234,11973
0.234,11972
0.234,11971
0.234,11970
0.234,11969
0.234,11968
0.235,11967
0.235,11966
0.235,11965
0.235,11964
0.235,11963
0.235,11962
0.235,11961
0.235,11960
0.236,11959
0.236,11958
0.236,11957
0.236,11956
0.236,11955
0.236,11954
0.236,11953
0.236,11952
0.236,11951
0.236,11950
0.237,11949
0.237,11948
0.237,11947
0.237,11946
0.237,11945
0.237,11944
0.238,11943
0.238,11942
0.238,11941
0.238,11940
0.238,11939
0.238,11938
0.239,11937
0.239,11936
0.239,11935
0.239,11934
0.239,11933
0.24,11932
0.24,11931
0.24,11930
0.241,11929
0.241,11928
0.241,11927
0.241,11926
0.241,11925
0.242,11924
0.242,11923
0.242,11922
0.242,11921
0.242,11920
0.242,11919
0.243,11918
0.243,11917
0.243,11916
0.243,11915
0.243,11914
0.243,11913
0.243,11912
0.243,11911
0.243,11910
0.244,11909
0.244,11908
0.244,11907
0.244,11906
0.244,11905
0.244,11904
0.245,11903
0.245,11902
0.245,11901
0.245,11900
0.245,11899
0.245,11898
0.245,11897
0.246,11896
0.246,11895
0.246,11894
0.246,11893
0.246,11892
0.247,11891
0.247,11890
0.247,11889
0.247,11888
0.247,11887
0.247,11886
0.247,11885
0.248,11884
0.248,11883
0.248,11882
0.248,11881
0.248,11880
0.248,11879
0.249,11878
0.249,11877
0.249,11876
0.249,11875
0.249,11874
0.249,11873
0.249,11872
0.249,11871
0.25,11870
0.25,11869
0.25,11868
0.25,11867
0.25,11866
0.25,11865
0.25,11864
0.25,11863
0.25,11862
0.251,11861
0.251,11860
0.251,11859
0.251,11858
0.251,11857
0.251,11856
0.252,11855
0.252,11854
0.252,11853
0.252,11852
0.253,11851
0.253,11850
0.253,11849
0.254,11848
0.254,11847
0.255,11846
0.255,11845
0.255,11844
0.255,11843
0.255,11842
0.256,11841
0.256,11840
0.256,11839
0.257,11838
0.257,11837
0.257,11836
0.258,11835
0.258,11834
0.258,11833
0.258,11832
0.258,11831
0.258,11830
0.258,11829
0.259,11828
0.259,11827
0.259,11826
0.259,11825
0.259,11824
0.259,11823
0.26,11822
0.26,11821
0.26,11820
0.26,11819
0.26,11818
0.26,11817
0.261,11816
0.261,11815
0.261,11814
0.261,11813
0.261,11812
0.261,11811
0.261,11810
0.262,11809
0.262,11808
0.262,11807
0.262,11806
0.262,11805
0.263,11804
0.263,11803
0.263,11802
0.263,11801
0.263,11800
0.263,11799
0.263,11798
0.263,11797
0.264,11796
0.264,11795
0.264,11794
0.264,11793
0.264,11792
0.265,11791
0.265,11790
0.265,11789
0.265,11788
0.265,11787
0.265,11786
0.265,11785
0.266,11784
0.266,11783
0.266,11782
0.266,11781
0.266,11780
0.266,11779
0.267,11778
0.267,11777
0.267,11776
0.267,11775
0.267,11774
0.268,11773
0.268,11772
0.268,11771
0.268,11770
0.268,11769
0.268,11768
0.268,11767
0.268,11766
0.269,11765
0.269,11764
0.269,11763
0.269,11762
0.269,11761
0.269,11760
0.27,11759
0.27,11758
0.27,11757
0.27,11756
0.27,11755
0.27,11754
0.27,11753
0.27,11752
0.27,11751
0.271,11750
0.271,11749
0.271,11748
0.271,11747
0.271,11746
0.271,11745
0.271,11744
0.272,11743
0.272,11742
0.272,11741
0.272,11740
0.272,11739
0.272,11738
0.272,11737
0.273,11736
0.273,11735
0.273,11734
0.273,11733
0.273,11732
0.274,11731
0.274,11730
0.274,11729
0.274,11728
0.274,11727
0.274,11726
0.274,11725
0.275,11724
0.275,11723
0.276,11722
0.276,11721
0.276,11720
0.276,11719
0.276,11718
0.276,11717
0.276,11716
0.276,11715
0.276,11714
0.277,11713
0.277,11712
0.277,11711
0.277,11710
0.277,11709
0.277,11708
0.277,11707
0.277,11706
0.277,11705
0.277,11704
0.278,11703
0.278,11702
0.278,11701
0.278,11700
0.278,11699
0.278,11698
0.278,11697
0.278,11696
0.279,11695
0.279,11694
0.279,11693
0.279,11692
0.279,11691
0.279,11690
0.279,11689
0.279,11688
0.28,11687
0.28,11686
0.28,11685
0.28,11684
0.281,11683
0.281,11682
0.281,11681
0.281,11680
0.281,11679
0.281,11678
0.281,11677
0.281,11676
0.282,11675
0.282,11674
0.282,11673
0.282,11672
0.282,11671
0.282,11670
0.282,11669
0.283,11668
0.283,11667
0.283,11666
0.283,11665
0.283,11664
0.283,11663
0.283,11662
0.283,11661
0.283,11660
0.284,11659
0.284,11658
0.284,11657
0.284,11656
0.284,11655
0.285,11654
0.285,11653
0.285,11652
0.285,11651
0.285,11650
0.286,11649
0.286,11648
0.286,11647
0.286,11646
0.286,11645
0.286,11644
0.286,11643
0.286,11642
0.287,11641
0.287,11640
0.287,11639
0.287,11638
0.287,11637
0.287,11636
0.287,11635
0.287,11634
0.287,11633
0.288,11632
0.288,11631
0.288,11630
0.288,11629
0.288,11628
0.289,11627
0.289,11626
0.289,11625
0.289,11624
0.29,11623
0.29,11622
0.29,11621
0.29,11620
0.29,11619
0.29,11618
0.291,11617
0.291,11616
0.291,11615
0.291,11614
0.291,11613
0.292,11612
0.292,11611
0.292,11610
0.292,11609
0.292,11608
0.292,11607
0.293,11606
0.293,11605
0.293,11604
0.293,11603
0.293,11602
0.293,11601
0.293,11600
0.294,11599
0.294,11598
0.294,11597
0.294,11596
0.294,11595
0.294,11594
0.295,11593
0.295,11592
0.295,11591
0.295,11590
0.295,11589
0.295,11588
0.295,11587
0.295,11586
0.296,11585
0.296,11584
0.296,11583
0.296,11582
0.297,11581
0.297,11580
0.297,11579
0.297,11578
0.297,11577
0.297,11576
0.297,11575
0.297,11574
0.298,11573
0.298,11572
0.298,11571
0.298,11570
0.298,11569
0.298,11568
0.298,11567
0.298,11566
0.299,11565
0.299,11564
0.299,11563
0.299,11562
0.299,11561
0.299,11560
0.299,11559
0.299,11558
0.3,11557
0.3,11556
0.3,11555
0.3,11554
0.3,11553
0.301,11552
0.301,11551
0.301,11550
0.301,11549
0.301,11548
0.301,11547
0.301,11546
0.301,11545
0.301,11544
0.301,11543
0.302,11542
0.302,11541
0.302,11540
0.302,11539
0.302,11538
0.302,11537
0.302,11536
0.303,11535
0.303,11534
0.303,11533
0.303,11532
0.303,11531
0.303,11530
0.303,11529
0.303,11528
0.303,11527
0.304,11526
0.304,11525
0.304,11524
0.304,11523
0.304,11522
0.304,11521
0.304,11520
0.304,11519
0.304,11518
0.305,11517
0.305,11516
0.305,11515
0.305,11514
0.305,11513
0.306,11512
0.306,11511
0.306,11510
0.306,11509
0.306,11508
0.306,11507
0.306,11506
0.306,11505
0.306,11504
0.306,11503
0.307,11502
0.307,11501
0.307,11500
0.307,11499
0.307,11498
0.307,11497
0.308,11496
0.308,11495
0.308,11494
0.308,11493
0.308,11492
0.308,11491
0.308,11490
0.308,11489
0.308,11488
0.308,11487
0.309,11486
0.309,11485
0.309,11484
0.309,11483
0.309,11482
0.309,11481
0.309,11480
0.309,11479
0.309,11478
0.309,11477
0.31,11476
0.31,11475
0.31,11474
0.31,11473
0.31,11472
0.31,11471
0.31,11470
0.311,11469
0.311,11468
0.311,11467
0.311,11466
0.311,11465
0.311,11464
0.311,11463
0.311,11462
0.312,11461
0.312,11460
0.312,11459
0.312,11458
0.312,11457
0.312,11456
0.312,11455
0.312,11454
0.313,11453
0.313,11452
0.313,11451
0.313,11450
0.313,11449
0.313,11448
0.313,11447
0.314,11446
0.314,11445
0.314,11444
0.314,11443
0.314,11442
0.314,11441
0.314,11440
0.314,11439
0.314,11438
0.315,11437
0.315,11436
0.315,11435
0.315,11434
0.315,11433
0.316,11432
0.316,11431
0.316,11430
0.316,11429
0.316,11428
0.316,11427
0.316,11426
0.316,11425
0.316,11424
0.316,11423
0.316,11422
0.317,11421
0.317,11420
0.317,11419
0.317,11418
0.317,11417
0.317,11416
0.317,11415
0.317,11414
0.318,11413
0.318,11412
0.318,11411
0.318,11410
0.318,11409
0.318,11408
0.318,11407
0.318,11406
0.319,11405
0.319,11404
0.319,11403
0.319,11402
0.319,11401
0.319,11400
0.319,11399
0.319,11398
0.319,11397
0.32,11396
0.32,11395
0.32,11394
0.32,11393
0.32,11392
0.32,11391
0.32,11390
0.32,11389
0.32,11388
0.32,11387
0.32,11386
0.32,11385
0.321,11384
0.321,11383
0.321,11382
0.321,11381
0.321,11380
0.321,11379
0.321,11378
0.321,11377
0.322,11376
0.322,11375
0.322,11374
0.322,11373
0.322,11372
0.323,11371
0.323,11370
0.323,11369
0.323,11368
0.323,11367
0.324,11366
0.324,11365
0.324,11364
0.324,11363
0.324,11362
0.325,11361
0.325,11360
0.325,11359
0.325,11358
0.325,11357
0.325,11356
0.325,11355
0.325,11354
0.326,11353
0.326,11352
0.326,11351
0.326,11350
0.326,11349
0.326,11348
0.326,11347
0.327,11346
0.327,11345
0.327,11344
0.327,11343
0.327,11342
0.327,11341
0.328,11340
0.328,11339
0.328,11338
0.328,11337
0.328,11336
0.328,11335
0.328,11334
0.328,11333
0.329,11332
0.329,11331
0.329,11330
0.329,11329
0.329,11328
0.329,11327
0.329,11326
0.33,11325
0.33,11324
0.33,11323
0.33,11322
0.33,11321
0.33,11320
0.33,11319
0.331,11318
0.331,11317
0.331,11316
0.331,11315
0.331,11314
0.331,11313
0.331,11312
0.332,11311
0.332,11310
0.332,11309
0.332,11308
0.332,11307
0.332,11306
0.332,11305
0.333,11304
0.333,11303
0.333,11302
0.333,11301
0.333,11300
0.333,11299
0.333,11298
0.334,11297
0.334,11296
0.334,11295
0.334,11294
0.334,11293
0.334,11292
0.334,11291
0.334,11290
0.334,11289
0.335,11288
0.335,11287
0.335,11286
0.335,11285
0.335,11284
0.335,11283
0.335,11282
0.335,11281
0.335,11280
0.336,11279
0.336,11278
0.336,11277
0.336,11276
0.336,11275
0.337,11274
0.337,11273
0.337,11272
0.337,11271
0.337,11270
0.337,11269
0.338,11268
0.338,11267
0.338,11266
0.338,11265
0.339,11264
0.339,11263
0.339,11262
0.339,11261
0.34,11260
0.34,11259
0.34,11258
0.34,11257
0.34,11256
0.34,11255
0.34,11254
0.34,11253
0.34,11252
0.341,11251
0.341,11250
0.341,11249
0.341,11248
0.341,11247
0.341,11246
0.341,11245
0.341,11244
0.341,11243
0.341,11242
0.342,11241
0.342,11240
0.342,11239
0.342,11238
0.342,11237
0.342,11236
0.342,11235
0.343,11234
0.343,11233
0.343,11232
0.343,11231
0.343,11230
0.343,11229
0.343,11228
0.343,11227
0.344,11226
0.344,11225
0.344,11224
0.345,11223
0.345,11222
0.345,11221
0.345,11220
0.345,11219
0.345,11218
0.345,11217
0.345,11216
0.345,11215
0.346,11214
0.346,11213
0.346,11212
0.346,11211
0.346,11210
0.346,11209
0.346,11208
0.346,11207
0.346,11206
0.347,11205
0.347,11204
0.347,11203
0.347,11202
0.347,11201
0.348,11200
0.348,11199
0.348,11198
0.348,11197
0.354,11196
0.354,11195
0.354,11194
0.355,11193
0.355,11192
0.355,11191
0.355,11190
0.355,11189
0.355,11188
0.355,11187
0.355,11186
0.356,11185
0.356,11184
0.356,11183
0.356,11182
0.356,11181
0.356,11180
0.356,11179
0.356,11178
0.356,11177
0.356,11176
0.357,11175
0.357,11174
0.357,11173
0.357,11172
0.357,11171
0.357,11170
0.357,11169
0.357,11168
0.357,11167
0.358,11166
0.358,11165
0.358,11164
0.358,11163
0.358,11162
0.358,11161
0.358,11160
0.358,11159
0.359,11158
0.359,11157
0.359,11156
0.359,11155
0.359,11154
0.359,11153
0.359,11152
0.359,11151
0.36,11150
0.36,11149
0.36,11148
0.36,11147
0.36,11146
0.36,11145
0.36,11144
0.36,11143
0.36,11142
0.361,11141
0.361,11140
0.361,11139
0.361,11138
0.361,11137
0.361,11136
0.361,11135
0.361,11134
0.362,11133
0.362,11132
0.362,11131
0.362,11130
0.362,11129
0.362,11128
0.362,11127
0.362,11126
0.362,11125
0.363,11124
0.363,11123
0.363,11122
0.363,11121
0.363,11120
0.363,11119
0.363,11118
0.363,11117
0.363,11116
0.363,11115
0.363,11114
0.364,11113
0.364,11112
0.364,11111
0.364,11110
0.364,11109
0.365,11108
0.365,11107
0.365,11106
0.365,11105
0.365,11104
0.365,11103
0.366,11102
0.366,11101
0.366,11100
0.367,11099
0.367,11098
0.367,11097
0.367,11096
0.367,11095
0.368,11094
0.368,11093
0.368,11092
0.368,11091
0.368,11090
0.369,11089
0.369,11088
0.369,11087
0.369,11086
0.369,11085
0.369,11084
0.37,11083
0.37,11082
0.37,11081
0.37,11080
0.371,11079
0.371,11078
0.371,11077
0.371,11076
0.371,11075
0.371,11074
0.372,11073
0.372,11072
0.372,11071
0.372,11070
0.372,11069
0.372,11068
0.373,11067
0.373,11066
0.373,11065
0.374,11064
0.374,11063
0.374,11062
0.374,11061
0.374,11060
0.375,11059
0.375,11058
0.375,11057
0.375,11056
0.375,11055
0.376,11054
0.376,11053
0.376,11052
0.377,11051
0.377,11050
0.377,11049
0.377,11048
0.377,11047
0.378,11046
0.378,11045
0.378,11044
0.378,11043
0.378,11042
0.378,11041
0.378,11040
0.379,11039
0.379,11038
0.379,11037
0.379,11036
0.379,11035
0.38,11034
0.38,11033
0.38,11032
0.38,11031
0.38,11030
0.38,11029
0.381,11028
0.381,11027
0.381,11026
0.381,11025
0.382,11024
0.382,11023
0.382,11022
0.382,11021
0.383,11020
0.383,11019
0.384,11018
0.384,11017
0.384,11016
0.384,11015
0.384,11014
0.384,11013
0.385,11012
0.385,11011
0.385,11010
0.385,11009
0.385,11008
0.385,11007
0.386,11006
0.386,11005
0.386,11004
0.386,11003
0.387,11002
0.387,11001
0.387,11000
0.387,10999
0.387,10998
0.387,10997
0.387,10996
0.388,10995
0.388,10994
0.388,10993
0.388,10992
0.388,10991
0.388,10990
0.388,10989
0.389,10988
0.389,10987
0.389,10986
0.389,10985
0.389,10984
0.389,10983
0.39,10982
0.39,10981
0.39,10980
0.39,10979
0.39,10978
0.39,10977
0.39,10976
0.391,10975
0.391,10974
0.391,10973
0.391,10972
0.391,10971
0.391,10970
0.392,10969
0.392,10968
0.392,10967
0.392,10966
0.392,10965
0.392,10964
0.392,10963
0.393,10962
0.393,10961
0.393,10960
0.393,10959
0.393,10958
0.393,10957
0.393,10956
0.393,10955
0.393,10954
0.393,10953
0.394,10952
0.394,10951
0.394,10950
0.394,10949
0.394,10948
0.394,10947
0.395,10946
0.395,10945
0.395,10944
0.395,10943
0.395,10942
0.395,10941
0.396,10940
0.396,10939
0.396,10938
0.396,10937
0.396,10936
0.396,10935
0.396,10934
0.396,10933
0.396,10932
0.397,10931
0.397,10930
0.397,10929
0.397,10928
0.397,10927
0.397,10926
0.397,10925
0.397,10924
0.397,10923
0.398,10922
0.398,10921
0.398,10920
0.398,10919
0.398,10918
0.398,10917
0.398,10916
0.398,10915
0.399,10914
0.399,10913
0.399,10912
0.399,10911
0.399,10910
0.399,10909
0.399,10908
0.4,10907
0.4,10906
0.4,10905
0.4,10904
0.4,10903
0.401,10902
0.401,10901
0.401,10900
0.401,10899
0.401,10898
0.401,10897
0.401,10896
0.401,10895
0.401,10894
0.401,10893
0.402,10892
0.402,10891
0.402,10890
0.402,10889
0.402,10888
0.402,10887
0.402,10886
0.402,10885
0.402,10884
0.402,10883
0.403,10882
0.403,10881
0.403,10880
0.403,10879
0.403,10878
0.403,10877
0.403,10876
0.403,10875
0.403,10874
0.404,10873
0.404,10872
0.404,10871
0.404,10870
0.404,10869
0.404,10868
0.404,10867
0.404,10866
0.404,10865
0.405,10864
0.405,10863
0.405,10862
0.405,10861
0.405,10860
0.405,10859
0.405,10858
0.405,10857
0.406,10856
0.406,10855
0.406,10854
0.406,10853
0.406,10852
0.406,10851
0.406,10850
0.406,10849
0.407,10848
0.407,10847
0.407,10846
0.407,10845
0.407,10844
0.408,10843
0.408,10842
0.408,10841
0.408,10840
0.408,10839
0.408,10838
0.408,10837
0.408,10836
0.409,10835
0.409,10834
0.409,10833
0.409,10832
0.41,10831
0.41,10830
0.41,10829
0.41,10828
0.41,10827
0.41,10826
0.41,10825
0.41,10824
0.41,10823
0.411,10822
0.411,10821
0.411,10820
0.411,10819
0.411,10818
0.412,10817
0.412,10816
0.412,10815
0.412,10814
0.412,10813
0.412,10812
0.412,10811
0.412,10810
0.412,10809
0.413,10808
0.413,10807
0.413,10806
0.413,10805
0.413,10804
0.413,10803
0.413,10802
0.413,10801
0.414,10800
0.414,10799
0.414,10798
0.414,10797
0.414,10796
0.414,10795
0.414,10794
0.414,10793
0.414,10792
0.415,10791
0.415,10790
0.415,10789
0.415,10788
0.415,10787
0.415,10786
0.416,10785
0.416,10784
0.416,10783
0.416,10782
0.416,10781
0.417,10780
0.417,10779
0.417,10778
0.417,10777
0.417,10776
0.417,10775
0.418,10774
0.418,10773
0.418,10772
0.419,10771
0.419,10770
0.419,10769
0.419,10768
0.42,10767
0.42,10766
0.42,10765
0.42,10764
0.42,10763
0.42,10762
0.42,10761
0.421,10760
0.421,10759
0.421,10758
0.421,10757
0.422,10756
0.422,10755
0.422,10754
0.422,10753
0.422,10752
0.422,10751
0.423,10750
0.423,10749
0.423,10748
0.423,10747
0.423,10746
0.424,10745
0.424,10744
0.424,10743
0.425,10742
0.425,10741
0.425,10740
0.425,10739
0.425,10738
0.425,10737
0.425,10736
0.426,10735
0.426,10734
0.426,10733
0.426,10732
0.427,10731
0.427,10730
0.427,10729
0.427,10728
0.427,10727
0.427,10726
0.427,10725
0.427,10724
0.427,10723
0.427,10722
0.428,10721
0.428,10720
0.428,10719
0.428,10718
0.428,10717
0.429,10716
0.429,10715
0.429,10714
0.429,10713
0.429,10712
0.429,10711
0.429,10710
0.429,10709
0.43,10708
0.43,10707
0.43,10706
0.43,10705
0.431,10704
0.431,10703
0.431,10702
0.431,10701
0.431,10700
0.431,10699
0.431,10698
0.431,10697
0.431,10696
0.432,10695
0.432,10694
0.432,10693
0.432,10692
0.432,10691
0.432,10690
0.432,10689
0.432,10688
0.433,10687
0.433,10686
0.433,10685
0.433,10684
0.433,10683
0.434,10682
0.434,10681
0.434,10680
0.434,10679
0.434,10678
0.434,10677
0.435,10676
0.435,10675
0.435,10674
0.435,10673
0.435,10672
0.435,10671
0.435,10670
0.435,10669
0.435,10668
0.436,10667
0.436,10666
0.436,10665
0.436,10664
0.436,10663
0.436,10662
0.436,10661
0.436,10660
0.437,10659
0.437,10658
0.437,10657
0.437,10656
0.437,10655
0.437,10654
0.437,10653
0.437,10652
0.437,10651
0.438,10650
0.438,10649
0.438,10648
0.438,10647
0.438,10646
0.439,10645
0.439,10644
0.439,10643
0.439,10642
0.439,10641
0.439,10640
0.44,10639
0.44,10638
0.44,10637
0.44,10636
0.44,10635
0.44,10634
0.44,10633
0.44,10632
0.441,10631
0.441,10630
0.441,10629
0.441,10628
0.441,10627
0.441,10626
0.442,10625
0.442,10624
0.443,10623
0.443,10622
0.443,10621
0.443,10620
0.443,10619
0.443,10618
0.444,10617
0.444,10616
0.444,10615
0.444,10614
0.444,10613
0.444,10612
0.445,10611
0.445,10610
0.445,10609
0.445,10608
0.445,10607
0.445,10606
0.445,10605
0.446,10604
0.446,10603
0.446,10602
0.446,10601
0.446,10600
0.446,10599
0.446,10598
0.447,10597
0.447,10596
0.447,10595
0.447,10594
0.447,10593
0.447,10592
0.447,10591
0.447,10590
0.448,10589
0.448,10588
0.448,10587
0.448,10586
0.448,10585
0.448,10584
0.449,10583
0.449,10582
0.449,10581
0.449,10580
0.449,10579
0.449,10578
0.449,10577
0.449,10576
0.449,10575
0.45,10574
0.45,10573
0.45,10572
0.45,10571
0.45,10570
0.45,10569
0.45,10568
0.451,10567
0.451,10566
0.451,10565
0.451,10564
0.451,10563
0.451,10562
0.451,10561
0.452,10560
0.452,10559
0.452,10558
0.452,10557
0.452,10556
0.452,10555
0.452,10554
0.452,10553
0.452,10552
0.453,10551
0.453,10550
0.453,10549
0.453,10548
0.453,10547
0.453,10546
0.453,10545
0.453,10544
0.453,10543
0.454,10542
0.454,10541
0.454,10540
0.454,10539
0.454,10538
0.454,10537
0.454,10536
0.454,10535
0.454,10534
0.455,10533
0.455,10532
0.455,10531
0.455,10530
0.455,10529
0.455,10528
0.455,10527
0.455,10526
0.455,10525
0.456,10524
0.456,10523
0.456,10522
0.456,10521
0.456,10520
0.456,10519
0.456,10518
0.457,10517
0.457,10516
0.457,10515
0.457,10514
0.457,10513
0.457,10512
0.457,10511
0.457,10510
0.458,10509
0.458,10508
0.458,10507
0.458,10506
0.458,10505
0.458,10504
0.458,10503
0.458,10502
0.458,10501
0.459,10500
0.459,10499
0.459,10498
0.459,10497
0.459,10496
0.459,10495
0.459,10494
0.46,10493
0.46,10492
0.46,10491
0.46,10490
0.46,10489
0.46,10488
0.46,10487
0.46,10486
0.46,10485
0.461,10484
0.461,10483
0.461,10482
0.461,10481
0.461,10480
0.461,10479
0.461,10478
0.462,10477
0.462,10476
0.462,10475
0.462,10474
0.462,10473
0.462,10472
0.462,10471
0.462,10470
0.462,10469
0.463,10468
0.463,10467
0.463,10466
0.463,10465
0.463,10464
0.463,10463
0.463,10462
0.463,10461
0.464,10460
0.464,10459
0.464,10458
0.464,10457
0.464,10456
0.464,10455
0.464,10454
0.464,10453
0.465,10452
0.465,10451
0.465,10450
0.465,10449
0.465,10448
0.465,10447
0.465,10446
0.465,10445
0.465,10444
0.466,10443
0.466,10442
0.466,10441
0.466,10440
0.466,10439
0.466,10438
0.466,10437
0.466,10436
0.467,10435
0.467,10434
0.467,10433
0.467,10432
0.467,10431
0.467,10430
0.467,10429
0.467,10428
0.467,10427
0.468,10426
0.468,10425
0.468,10424
0.468,10423
0.468,10422
0.468,10421
0.468,10420
0.468,10419
0.468,10418
0.468,10417
0.468,10416
0.468,10415
0.469,10414
0.469,10413
0.469,10412
0.469,10411
0.469,10410
0.469,10409
0.469,10408
0.469,10407
0.47,10406
0.47,10405
0.47,10404
0.47,10403
0.47,10402
0.47,10401
0.47,10400
0.471,10399
0.471,10398
0.471,10397
0.471,10396
0.471,10395
0.472,10394
0.472,10393
0.472,10392
0.472,10391
0.472,10390
0.472,10389
0.472,10388
0.472,10387
0.472,10386
0.472,10385
0.472,10384
0.472,10383
0.473,10382
0.473,10381
0.473,10380
0.473,10379
0.473,10378
0.473,10377
0.473,10376
0.473,10375
0.474,10374
0.474,10373
0.474,10372
0.474,10371
0.474,10370
0.474,10369
0.474,10368
0.474,10367
0.474,10366
0.475,10365
0.475,10364
0.475,10363
0.475,10362
0.475,10361
0.475,10360
0.475,10359
0.475,10358
0.476,10357
0.476,10356
0.476,10355
0.476,10354
0.476,10353
0.476,10352
0.476,10351
0.476,10350
0.476,10349
0.477,10348
0.477,10347
0.477,10346
0.477,10345
0.477,10344
0.477,10343
0.477,10342
0.477,10341
0.477,10340
0.477,10339
0.478,10338
0.478,10337
0.478,10336
0.478,10335
0.478,10334
0.478,10333
0.478,10332
0.478,10331
0.478,10330
0.478,10329
0.479,10328
0.479,10327
0.479,10326
0.479,10325
0.479,10324
0.479,10323
0.479,10322
0.479,10321
0.479,10320
0.479,10319
0.479,10318
0.48,10317
0.48,10316
0.48,10315
0.48,10314
0.48,10313
0.48,10312
0.48,10311
0.48,10310
0.48,10309
0.48,10308
0.48,10307
0.481,10306
0.481,10305
0.481,10304
0.481,10303
0.481,10302
0.481,10301
0.481,10300
0.481,10299
0.481,10298
0.481,10297
0.481,10296
0.481,10295
0.482,10294
0.482,10293
0.49,10292
0.49,10291
0.49,10290
0.49,10289
0.49,10288
0.491,10287
0.491,10286
0.491,10285
0.491,10284
0.491,10283
0.491,10282
0.491,10281
0.491,10280
0.491,10279
0.491,10278
0.492,10277
0.492,10276
0.492,10275
0.492,10274
0.492,10273
0.492,10272
0.493,10271
0.493,10270
0.493,10269
0.493,10268
0.493,10267
0.493,10266
0.493,10265
0.494,10264
0.494,10263
0.494,10262
0.494,10261
0.494,10260
0.494,10259
0.494,10258
0.494,10257
0.495,10256
0.495,10255
0.495,10254
0.495,10253
0.495,10252
0.495,10251
0.495,10250
0.496,10249
0.496,10248
0.496,10247
0.496,10246
0.496,10245
0.496,10244
0.496,10243
0.496,10242
0.496,10241
0.497,10240
0.497,10239
0.497,10238
0.497,10237
0.497,10236
0.497,10235
0.497,10234
0.497,10233
0.497,10232
0.497,10231
0.498,10230
0.498,10229
0.498,10228
0.498,10227
0.498,10226
0.498,10225
0.498,10224
0.498,10223
0.498,10222
0.499,10221
0.499,10220
0.499,10219
0.499,10218
0.499,10217
0.499,10216
0.499,10215
0.499,10214
0.5,10213
0.5,10212
0.5,10211
0.5,10210
0.501,10209
0.501,10208
0.501,10207
0.501,10206
0.501,10205
0.501,10204
0.501,10203
0.501,10202
0.501,10201
0.501,10200
0.502,10199
0.502,10198
0.502,10197
0.502,10196
0.502,10195
0.502,10194
0.502,10193
0.503,10192
0.503,10191
0.503,10190
0.503,10189
0.503,10188
0.503,10187
0.503,10186
0.503,10185
0.503,10184
0.503,10183
0.504,10182
0.504,10181
0.504,10180
0.504,10179
0.504,10178
0.504,10177
0.504,10176
0.504,10175
0.504,10174
0.505,10173
0.505,10172
0.505,10171
0.505,10170
0.505,10169
0.505,10168
0.505,10167
0.505,10166
0.505,10165
0.505,10164
0.505,10163
0.505,10162
0.505,10161
0.506,10160
0.506,10159
0.506,10158
0.506,10157
0.506,10156
0.506,10155
0.506,10154
0.506,10153
0.507,10152
0.507,10151
0.507,10150
0.507,10149
0.507,10148
0.507,10147
0.507,10146
0.507,10145
0.507,10144
0.508,10143
0.508,10142
0.508,10141
0.508,10140
0.508,10139
0.508,10138
0.508,10137
0.508,10136
0.508,10135
0.509,10134
0.509,10133
0.509,10132
0.509,10131
0.509,10130
0.509,10129
0.509,10128
0.509,10127
0.509,10126
0.509,10125
0.509,10124
0.51,10123
0.51,10122
0.51,10121
0.51,10120
0.51,10119
0.51,10118
0.51,10117
0.511,10116
0.511,10115
0.511,10114
0.511,10113
0.511,10112
0.511,10111
0.511,10110
0.512,10109
0.512,10108
0.512,10107
0.513,10106
0.513,10105
0.513,10104
0.513,10103
0.514,10102
0.514,10101
0.514,10100
0.514,10099
0.514,10098
0.515,10097
0.515,10096
0.515,10095
0.515,10094
0.516,10093
0.516,10092
0.516,10091
0.516,10090
0.516,10089
0.516,10088
0.517,10087
0.517,10086
0.517,10085
0.517,10084
0.517,10083
0.518,10082
0.518,10081
0.518,10080
0.518,10079
0.518,10078
0.518,10077
0.518,10076
0.518,10075
0.519,10074
0.519,10073
0.519,10072
0.52,10071
0.52,10070
0.52,10069
0.52,10068
0.52,10067
0.52,10066
0.52,10065
0.52,10064
0.521,10063
0.521,10062
0.521,10061
0.521,10060
0.521,10059
0.521,10058
0.521,10057
0.522,10056
0.522,10055
0.522,10054
0.522,10053
0.522,10052
0.522,10051
0.522,10050
0.522,10049
0.523,10048
0.523,10047
0.523,10046
0.523,10045
0.523,10044
0.523,10043
0.523,10042
0.523,10041
0.523,10040
0.524,10039
0.524,10038
0.524,10037
0.524,10036
0.524,10035
0.524,10034
0.524,10033
0.524,10032
0.525,10031
0.525,10030
0.525,10029
0.525,10028
0.525,10027
0.525,10026
0.525,10025
0.525,10024
0.526,10023
0.526,10022
0.526,10021
0.526,10020
0.526,10019
0.526,10018
0.526,10017
0.526,10016
0.527,10015
0.527,10014
0.527,10013
0.527,10012
0.527,10011
0.527,10010
0.528,10009
0.528,10008
0.528,10007
0.528,10006
0.528,10005
0.528,10004
0.528,10003
0.528,10002
0.528,10001
0.529,10000
0.529,9999
0.529,9998
0.529,9997
0.529,9996
0.529,9995
0.529,9994
0.529,9993
0.53,9992
0.53,9991
0.53,9990
0.53,9989
0.53,9988
0.53,9987
0.53,9986
0.53,9985
0.531,9984
0.531,9983
0.531,9982
0.531,9981
0.531,9980
0.531,9979
0.531,9978
0.532,9977
0.532,9976
0.532,9975
0.532,9974
0.532,9973
0.532,9972
0.532,9971
0.532,9970
0.532,9969
0.533,9968
0.533,9967
0.533,9966
0.533,9965
0.533,9964
0.533,9963
0.533,9962
0.533,9961
0.533,9960
0.533,9959
0.534,9958
0.534,9957
0.534,9956
0.534,9955
0.534,9954
0.534,9953
0.535,9952
0.535,9951
0.535,9950
0.535,9949
0.535,9948
0.535,9947
0.535,9946
0.535,9945
0.535,9944
0.535,9943
0.536,9942
0.536,9941
0.536,9940
0.536,9939
0.536,9938
0.536,9937
0.536,9936
0.536,9935
0.536,9934
0.536,9933
0.536,9932
0.536,9931
0.537,9930
0.537,9929
0.537,9928
0.537,9927
0.537,9926
0.537,9925
0.537,9924
0.537,9923
0.537,9922
0.538,9921
0.538,9920
0.538,9919
0.538,9918
0.538,9917
0.538,9916
0.538,9915
0.539,9914
0.539,9913
0.539,9912
0.539,9911
0.539,9910
0.539,9909
0.539,9908
0.539,9907
0.54,9906
0.54,9905
0.54,9904
0.54,9903
0.54,9902
0.54,9901
0.541,9900
0.541,9899
0.541,9898
0.541,9897
0.541,9896
0.541,9895
0.541,9894
0.541,9893
0.541,9892
0.541,9891
0.542,9890
0.542,9889
0.542,9888
0.542,9887
0.542,9886
0.542,9885
0.542,9884
0.542,9883
0.543,9882
0.543,9881
0.543,9880
0.543,9879
0.543,9878
0.543,9877
0.543,9876
0.544,9875
0.544,9874
0.544,9873
0.544,9872
0.544,9871
0.544,9870
0.544,9869
0.545,9868
0.545,9867
0.545,9866
0.545,9865
0.545,9864
0.545,9863
0.545,9862
0.546,9861
0.546,9860
0.546,9859
0.546,9858
0.546,9857
0.546,9856
0.547,9855
0.547,9854
0.547,9853
0.547,9852
0.547,9851
0.547,9850
0.548,9849
0.548,9848
0.548,9847
0.548,9846
0.549,9845
0.549,9844
0.549,9843
0.549,9842
0.549,9841
0.549,9840
0.549,9839
0.55,9838
0.55,9837
0.55,9836
0.55,9835
0.55,9834
0.551,9833
0.551,9832
0.551,9831
0.551,9830
0.552,9829
0.552,9828
0.552,9827
0.552,9826
0.552,9825
0.553,9824
0.553,9823
0.553,9822
0.553,9821
0.553,9820
0.553,9819
0.554,9818
0.554,9817
0.554,9816
0.554,9815
0.555,9814
0.555,9813
0.555,9812
0.555,9811
0.555,9810
0.555,9809
0.556,9808
0.556,9807
0.556,9806
0.556,9805
0.556,9804
0.556,9803
0.557,9802
0.557,9801
0.557,9800
0.557,9799
0.557,9798
0.557,9797
0.558,9796
0.558,9795
0.558,9794
0.558,9793
0.558,9792
0.558,9791
0.558,9790
0.559,9789
0.559,9788
0.559,9787
0.559,9786
0.559,9785
0.559,9784
0.559,9783
0.56,9782
0.56,9781
0.56,9780
0.56,9779
0.56,9778
0.56,9777
0.561,9776
0.561,9775
0.561,9774
0.561,9773
0.561,9772
0.561,9771
0.561,9770
0.561,9769
0.562,9768
0.562,9767
0.562,9766
0.562,9765
0.562,9764
0.563,9763
0.563,9762
0.563,9761
0.563,9760
0.563,9759
0.563,9758
0.564,9757
0.564,9756
0.564,9755
0.564,9754
0.564,9753
0.565,9752
0.565,9751
0.565,9750
0.565,9749
0.565,9748
0.565,9747
0.565,9746
0.566,9745
0.566,9744
0.566,9743
0.566,9742
0.566,9741
0.566,9740
0.566,9739
0.567,9738
0.567,9737
0.567,9736
0.567,9735
0.567,9734
0.567,9733
0.567,9732
0.568,9731
0.568,9730
0.568,9729
0.568,9728
0.568,9727
0.568,9726
0.568,9725
0.569,9724
0.569,9723
0.569,9722
0.569,9721
0.569,9720
0.569,9719
0.569,9718
0.57,9717
0.57,9716
0.57,9715
0.57,9714
0.57,9713
0.57,9712
0.57,9711
0.57,9710
0.571,9709
0.571,9708
0.571,9707
0.571,9706
0.571,9705
0.571,9704
0.571,9703
0.572,9702
0.572,9701
0.572,9700
0.572,9699
0.572,9698
0.572,9697
0.572,9696
0.572,9695
0.573,9694
0.573,9693
0.573,9692
0.573,9691
0.573,9690
0.573,9689
0.573,9688
0.573,9687
0.573,9686
0.573,9685
0.573,9684
0.574,9683
0.574,9682
0.574,9681
0.574,9680
0.574,9679
0.574,9678
0.574,9677
0.574,9676
0.574,9675
0.574,9674
0.575,9673
0.575,9672
0.575,9671
0.575,9670
0.575,9669
0.575,9668
0.575,9667
0.575,9666
0.575,9665
0.576,9664
0.576,9663
0.576,9662
0.576,9661
0.576,9660
0.576,9659
0.577,9658
0.577,9657
0.577,9656
0.577,9655
0.577,9654
0.577,9653
0.577,9652
0.578,9651
0.578,9650
0.578,9649
0.578,9648
0.578,9647
0.578,9646
0.578,9645
0.578,9644
0.578,9643
0.578,9642
0.579,9641
0.579,9640
0.579,9639
0.579,9638
0.579,9637
0.579,9636
0.579,9635
0.579,9634
0.579,9633
0.579,9632
0.58,9631
0.58,9630
0.58,9629
0.58,9628
0.58,9627
0.58,9626
0.58,9625
0.58,9624
0.58,9623
0.58,9622
0.58,9621
0.58,9620
0.581,9619
0.581,9618
0.581,9617
0.581,9616
0.581,9615
0.581,9614
0.582,9613
0.582,9612
0.582,9611
0.582,9610
0.582,9609
0.582,9608
0.582,9607
0.582,9606
0.582,9605
0.582,9604
0.583,9603
0.583,9602
0.583,9601
0.583,9600
0.583,9599
0.583,9598
0.583,9597
0.583,9596
0.583,9595
0.583,9594
0.584,9593
0.584,9592
0.584,9591
0.584,9590
0.584,9589
0.585,9588
0.585,9587
0.585,9586
0.585,9585
0.585,9584
0.585,9583
0.585,9582
0.586,9581
0.586,9580
0.586,9579
0.586,9578
0.586,9577
0.586,9576
0.586,9575
0.586,9574
0.586,9573
0.587,9572
0.587,9571
0.587,9570
0.587,9569
0.587,9568
0.587,9567
0.587,9566
0.587,9565
0.587,9564
0.587,9563
0.587,9562
0.588,9561
0.588,9560
0.588,9559
0.588,9558
0.588,9557
0.588,9556
0.588,9555
0.589,9554
0.589,9553
0.589,9552
0.589,9551
0.589,9550
0.589,9549
0.589,9548
0.589,9547
0.59,9546
0.59,9545
0.59,9544
0.59,9543
0.59,9542
0.59,9541
0.59,9540
0.59,9539
0.591,9538
0.591,9537
0.591,9536
0.591,9535
0.591,9534
0.591,9533
0.591,9532
0.591,9531
0.592,9530
0.592,9529
0.592,9528
0.592,9527
0.592,9526
0.592,9525
0.592,9524
0.592,9523
0.593,9522
0.593,9521
0.593,9520
0.593,9519
0.593,9518
0.593,9517
0.593,9516
0.593,9515
0.593,9514
0.593,9513
0.594,9512
0.594,9511
0.594,9510
0.594,9509
0.594,9508
0.594,9507
0.594,9506
0.594,9505
0.594,9504
0.595,9503
0.595,9502
0.595,9501
0.595,9500
0.595,9499
0.595,9498
0.595,9497
0.595,9496
0.595,9495
0.595,9494
0.596,9493
0.596,9492
0.596,9491
0.596,9490
0.596,9489
0.596,9488
0.596,9487
0.596,9486
0.597,9485
0.597,9484
0.597,9483
0.597,9482
0.597,9481
0.597,9480
0.597,9479
0.598,9478
0.598,9477
0.598,9476
0.598,9475
0.598,9474
0.598,9473
0.598,9472
0.598,9471
0.598,9470
0.598,9469
0.599,9468
0.599,9467
0.599,9466
0.599,9465
0.599,9464
0.599,9463
0.599,9462
0.599,9461
0.6,9460
0.6,9459
0.6,9458
0.6,9457
0.6,9456
0.6,9455
0.6,9454
0.6,9453
0.601,9452
0.601,9451
0.601,9450
0.601,9449
0.601,9448
0.601,9447
0.601,9446
0.601,9445
0.601,9444
0.602,9443
0.602,9442
0.602,9441
0.602,9440
0.602,9439
0.602,9438
0.602,9437
0.602,9436
0.603,9435
0.603,9434
0.603,9433
0.603,9432
0.603,9431
0.603,9430
0.603,9429
0.603,9428
0.604,9427
0.604,9426
0.604,9425
0.604,9424
0.604,9423
0.604,9422
0.605,9421
0.605,9420
0.605,9419
0.605,9418
0.605,9417
0.605,9416
0.605,9415
0.606,9414
0.606,9413
0.606,9412
0.606,9411
0.606,9410
0.606,9409
0.606,9408
0.606,9407
0.606,9406
0.606,9405
0.606,9404
0.607,9403
0.607,9402
0.607,9401
0.607,9400
0.607,9399
0.607,9398
0.607,9397
0.608,9396
0.608,9395
0.608,9394
0.608,9393
0.608,9392
0.608,9391
0.608,9390
0.608,9389
0.608,9388
0.608,9387
0.609,9386
0.609,9385
0.609,9384
0.609,9383
0.609,9382
0.609,9381
0.609,9380
0.61,9379
0.61,9378
0.61,9377
0.61,9376
0.61,9375
0.61,9374
0.61,9373
0.61,9372
0.61,9371
0.61,9370
0.61,9369
0.611,9368
0.611,9367
0.611,9366
0.611,9365
0.611,9364
0.611,9363
0.611,9362
0.611,9361
0.611,9360
0.612,9359
0.612,9358
0.612,9357
0.612,9356
0.612,9355
0.612,9354
0.612,9353
0.613,9352
0.613,9351
0.613,9350
0.613,9349
0.613,9348
0.613,9347
0.613,9346
0.614,9345
0.614,9344
0.614,9343
0.614,9342
0.614,9341
0.614,9340
0.614,9339
0.615,9338
0.615,9337
0.615,9336
0.615,9335
0.615,9334
0.615,9333
0.615,9332
0.615,9331
0.615,9330
0.615,9329
0.615,9328
0.616,9327
0.616,9326
0.616,9325
0.616,9324
0.616,9323
0.616,9322
0.616,9321
0.616,9320
0.617,9319
0.617,9318
0.617,9317
0.617,9316
0.617,9315
0.617,9314
0.617,9313
0.617,9312
0.618,9311
0.618,9310
0.618,9309
0.618,9308
0.618,9307
0.618,9306
0.618,9305
0.618,9304
0.618,9303
0.618,9302
0.618,9301
0.618,9300
0.618,9299
0.619,9298
0.619,9297
0.619,9296
0.619,9295
0.619,9294
0.619,9293
0.62,9292
0.62,9291
0.62,9290
0.62,9289
0.62,9288
0.62,9287
0.62,9286
0.62,9285
0.621,9284
0.621,9283
0.621,9282
0.621,9281
0.621,9280
0.621,9279
0.621,9278
0.622,9277
0.622,9276
0.622,9275
0.622,9274
0.622,9273
0.622,9272
0.622,9271
0.622,9270
0.622,9269
0.622,9268
0.623,9267
0.623,9266
0.623,9265
0.623,9264
0.623,9263
0.623,9262
0.623,9261
0.623,9260
0.624,9259
0.624,9258
0.624,9257
0.624,9256
0.624,9255
0.624,9254
0.625,9253
0.625,9252
0.625,9251
0.625,9250
0.625,9249
0.626,9248
0.626,9247
0.626,9246
0.626,9245
0.626,9244
0.626,9243
0.627,9242
0.627,9241
0.627,9240
0.628,9239
0.628,9238
0.628,9237
0.628,9236
0.628,9235
0.628,9234
0.628,9233
0.628,9232
0.629,9231
0.629,9230
0.629,9229
0.629,9228
0.629,9227
0.629,9226
0.629,9225
0.629,9224
0.629,9223
0.63,9222
0.63,9221
0.63,9220
0.63,9219
0.63,9218
0.63,9217
0.63,9216
0.63,9215
0.63,9214
0.63,9213
0.631,9212
0.631,9211
0.631,9210
0.631,9209
0.631,9208
0.631,9207
0.631,9206
0.631,9205
0.631,9204
0.632,9203
0.632,9202
0.632,9201
0.632,9200
0.632,9199
0.632,9198
0.632,9197
0.632,9196
0.632,9195
0.633,9194
0.633,9193
0.633,9192
0.633,9191
0.633,9190
0.633,9189
0.633,9188
0.634,9187
0.634,9186
0.634,9185
0.634,9184
0.634,9183
0.634,9182
0.634,9181
0.634,9180
0.634,9179
0.634,9178
0.634,9177
0.635,9176
0.635,9175
0.635,9174
0.635,9173
0.635,9172
0.635,9171
0.635,9170
0.635,9169
0.635,9168
0.635,9167
0.635,9166
0.635,9165
0.635,9164
0.635,9163
0.636,9162
0.636,9161
0.636,9160
0.636,9159
0.636,9158
0.637,9157
0.637,9156
0.637,9155
0.637,9154
0.637,9153
0.637,9152
0.637,9151
0.637,9150
0.637,9149
0.638,9148
0.638,9147
0.638,9146
0.638,9145
0.638,9144
0.639,9143
0.639,9142
0.639,9141
0.639,9140
0.639,9139
0.639,9138
0.639,9137
0.64,9136
0.64,9135
0.64,9134
0.64,9133
0.64,9132
0.64,9131
0.64,9130
0.64,9129
0.641,9128
0.641,9127
0.641,9126
0.641,9125
0.641,9124
0.641,9123
0.641,9122
0.642,9121
0.642,9120
0.642,9119
0.642,9118
0.642,9117
0.643,9116
0.643,9115
0.643,9114
0.643,9113
0.643,9112
0.643,9111
0.643,9110
0.643,9109
0.643,9108
0.644,9107
0.644,9106
0.644,9105
0.644,9104
0.644,9103
0.644,9102
0.644,9101
0.644,9100
0.644,9099
0.644,9098
0.645,9097
0.645,9096
0.645,9095
0.645,9094
0.645,9093
0.645,9092
0.646,9091
0.646,9090
0.646,9089
0.646,9088
0.646,9087
0.646,9086
0.646,9085
0.646,9084
0.647,9083
0.647,9082
0.647,9081
0.647,9080
0.647,9079
0.647,9078
0.647,9077
0.647,9076
0.647,9075
0.648,9074
0.648,9073
0.648,9072
0.648,9071
0.648,9070
0.648,9069
0.648,9068
0.649,9067
0.649,9066
0.649,9065
0.649,9064
0.649,9063
0.649,9062
0.649,9061
0.65,9060
0.65,9059
0.65,9058
0.65,9057
0.65,9056
0.65,9055
0.65,9054
0.65,9053
0.651,9052
0.651,9051
0.651,9050
0.651,9049
0.651,9048
0.652,9047
0.652,9046
0.652,9045
0.653,9044
0.653,9043
0.653,9042
0.653,9041
0.653,9040
0.653,9039
0.654,9038
0.654,9037
0.654,9036
0.654,9035
0.654,9034
0.654,9033
0.654,9032
0.655,9031
0.655,9030
0.655,9029
0.655,9028
0.655,9027
0.655,9026
0.655,9025
0.655,9024
0.656,9023
0.656,9022
0.656,9021
0.656,9020
0.656,9019
0.657,9018
0.657,9017
0.657,9016
0.657,9015
0.658,9014
0.658,9013
0.658,9012
0.658,9011
0.658,9010
0.659,9009
0.659,9008
0.659,9007
0.659,9006
0.659,9005
0.659,9004
0.659,9003
0.659,9002
0.659,9001
0.66,9000
0.66,8999
0.66,8998
0.66,8997
0.66,8996
0.66,8995
0.66,8994
0.66,8993
0.66,8992
0.661,8991
0.661,8990
0.661,8989
0.661,8988
0.661,8987
0.661,8986
0.661,8985
0.662,8984
0.662,8983
0.662,8982
0.662,8981
0.662,8980
0.663,8979
0.663,8978
0.663,8977
0.663,8976
0.663,8975
0.663,8974
0.663,8973
0.664,8972
0.664,8971
0.664,8970
0.664,8969
0.664,8968
0.664,8967
0.664,8966
0.665,8965
0.665,8964
0.665,8963
0.665,8962
0.665,8961
0.665,8960
0.665,8959
0.665,8958
0.665,8957
0.666,8956
0.666,8955
0.666,8954
0.666,8953
0.666,8952
0.667,8951
0.667,8950
0.667,8949
0.667,8948
0.667,8947
0.667,8946
0.668,8945
0.668,8944
0.668,8943
0.668,8942
0.668,8941
0.668,8940
0.669,8939
0.669,8938
0.669,8937
0.669,8936
0.669,8935
0.669,8934
0.669,8933
0.67,8932
0.67,8931
0.67,8930
0.67,8929
0.67,8928
0.671,8927
0.671,8926
0.671,8925
0.671,8924
0.671,8923
0.671,8922
0.672,8921
0.672,8920
0.672,8919
0.672,8918
0.672,8917
0.672,8916
0.672,8915
0.672,8914
0.672,8913
0.673,8912
0.673,8911
0.673,8910
0.673,8909
0.673,8908
0.673,8907
0.673,8906
0.673,8905
0.674,8904
0.674,8903
0.674,8902
0.674,8901
0.674,8900
0.674,8899
0.674,8898
0.674,8897
0.674,8896
0.674,8895
0.674,8894
0.675,8893
0.675,8892
0.675,8891
0.675,8890
0.675,8889
0.675,8888
0.675,8887
0.675,8886
0.676,8885
0.676,8884
0.676,8883
0.676,8882
0.676,8881
0.676,8880
0.677,8879
0.677,8878
0.677,8877
0.677,8876
0.677,8875
0.677,8874
0.678,8873
0.678,8872
0.678,8871
0.678,8870
0.679,8869
0.679,8868
0.679,8867
0.679,8866
0.679,8865
0.679,8864
0.679,8863
0.679,8862
0.679,8861
0.679,8860
0.68,8859
0.68,8858
0.68,8857
0.68,8856
0.68,8855
0.68,8854
0.68,8853
0.68,8852
0.681,8851
0.681,8850
0.681,8849
0.681,8848
0.681,8847
0.681,8846
0.681,8845
0.682,8844
0.682,8843
0.682,8842
0.682,8841
0.682,8840
0.682,8839
0.682,8838
0.682,8837
0.683,8836
0.683,8835
0.683,8834
0.683,8833
0.683,8832
0.683,8831
0.683,8830
0.683,8829
0.683,8828
0.684,8827
0.684,8826
0.684,8825
0.684,8824
0.684,8823
0.684,8822
0.684,8821
0.685,8820
0.685,8819
0.685,8818
0.685,8817
0.685,8816
0.685,8815
0.685,8814
0.685,8813
0.685,8812
0.686,8811
0.686,8810
0.686,8809
0.686,8808
0.687,8807
0.687,8806
0.687,8805
0.687,8804
0.687,8803
0.688,8802
0.688,8801
0.688,8800
0.688,8799
0.688,8798
0.688,8797
0.689,8796
0.689,8795
0.689,8794
0.689,8793
0.689,8792
0.69,8791
0.69,8790
0.69,8789
0.69,8788
0.69,8787
0.691,8786
0.691,8785
0.691,8784
0.691,8783
0.692,8782
0.692,8781
0.692,8780
0.692,8779
0.693,8778
0.693,8777
0.693,8776
0.693,8775
0.693,8774
0.693,8773
0.693,8772
0.693,8771
0.693,8770
0.693,8769
0.693,8768
0.693,8767
0.694,8766
0.694,8765
0.694,8764
0.695,8763
0.695,8762
0.695,8761
0.695,8760
0.695,8759
0.695,8758
0.696,8757
0.696,8756
0.696,8755
0.696,8754
0.696,8753
0.696,8752
0.696,8751
0.696,8750
0.697,8749
0.697,8748
0.697,8747
0.698,8746
0.698,8745
0.698,8744
0.698,8743
0.698,8742
0.698,8741
0.698,8740
0.698,8739
0.698,8738
0.699,8737
0.699,8736
0.699,8735
0.699,8734
0.699,8733
0.699,8732
0.699,8731
0.699,8730
0.7,8729
0.7,8728
0.7,8727
0.7,8726
0.7,8725
0.7,8724
0.701,8723
0.701,8722
0.702,8721
0.702,8720
0.702,8719
0.702,8718
0.702,8717
0.703,8716
0.703,8715
0.703,8714
0.703,8713
0.703,8712
0.704,8711
0.704,8710
0.704,8709
0.704,8708
0.704,8707
0.704,8706
0.704,8705
0.704,8704
0.705,8703
0.705,8702
0.706,8701
0.706,8700
0.706,8699
0.706,8698
0.706,8697
0.706,8696
0.707,8695
0.707,8694
0.707,8693
0.707,8692
0.707,8691
0.707,8690
0.708,8689
0.708,8688
0.708,8687
0.708,8686
0.708,8685
0.708,8684
0.708,8683
0.709,8682
0.709,8681
0.709,8680
0.709,8679
0.709,8678
0.709,8677
0.709,8676
0.71,8675
0.71,8674
0.71,8673
0.71,8672
0.71,8671
0.71,8670
0.71,8669
0.71,8668
0.711,8667
0.711,8666
0.711,8665
0.711,8664
0.711,8663
0.711,8662
0.711,8661
0.711,8660
0.711,8659
0.711,8658
0.712,8657
0.712,8656
0.712,8655
0.712,8654
0.712,8653
0.712,8652
0.713,8651
0.713,8650
0.713,8649
0.713,8648
0.713,8647
0.714,8646
0.714,8645
0.714,8644
0.714,8643
0.714,8642
0.714,8641
0.715,8640
0.715,8639
0.715,8638
0.715,8637
0.715,8636
0.715,8635
0.716,8634
0.716,8633
0.716,8632
0.717,8631
0.717,8630
0.717,8629
0.717,8628
0.718,8627
0.718,8626
0.718,8625
0.718,8624
0.718,8623
0.718,8622
0.718,8621
0.719,8620
0.719,8619
0.719,8618
0.719,8617
0.72,8616
0.72,8615
0.72,8614
0.72,8613
0.72,8612
0.72,8611
0.72,8610
0.72,8609
0.721,8608
0.721,8607
0.721,8606
0.721,8605
0.721,8604
0.721,8603
0.721,8602
0.721,8601
0.722,8600
0.722,8599
0.722,8598
0.722,8597
0.722,8596
0.722,8595
0.722,8594
0.722,8593
0.722,8592
0.722,8591
0.722,8590
0.723,8589
0.723,8588
0.723,8587
0.723,8586
0.723,8585
0.723,8584
0.723,8583
0.723,8582
0.724,8581
0.724,8580
0.724,8579
0.724,8578
0.724,8577
0.726,8576
0.726,8575
0.727,8574
0.727,8573
0.728,8572
0.728,8571
0.728,8570
0.728,8569
0.728,8568
0.729,8567
0.729,8566
0.729,8565
0.73,8564
0.73,8563
0.73,8562
0.73,8561
0.73,8560
0.74,8559
0.74,8558
0.74,8557
0.74,8556
0.74,8555
0.741,8554
0.741,8553
0.741,8552
0.741,8551
0.741,8550
0.741,8549
0.741,8548
0.742,8547
0.742,8546
0.742,8545
0.742,8544
0.742,8543
0.743,8542
0.743,8541
0.743,8540
0.743,8539
0.743,8538
0.744,8537
0.744,8536
0.744,8535
0.744,8534
0.744,8533
0.744,8532
0.744,8531
0.744,8530
0.744,8529
0.745,8528
0.745,8527
0.745,8526
0.745,8525
0.745,8524
0.745,8523
0.745,8522
0.745,8521
0.746,8520
0.746,8519
0.746,8518
0.746,8517
0.746,8516
0.746,8515
0.746,8514
0.746,8513
0.746,8512
0.746,8511
0.747,8510
0.747,8509
0.747,8508
0.747,8507
0.747,8506
0.747,8505
0.747,8504
0.747,8503
0.748,8502
0.748,8501
0.748,8500
0.748,8499
0.748,8498
0.748,8497
0.748,8496
0.748,8495
0.749,8494
0.749,8493
0.749,8492
0.749,8491
0.749,8490
0.749,8489
0.749,8488
0.75,8487
0.75,8486
0.75,8485
0.751,8484
0.751,8483
0.751,8482
0.751,8481
0.751,8480
0.752,8479
0.752,8478
0.752,8477
0.752,8476
0.753,8475
0.753,8474
0.753,8473
0.753,8472
0.753,8471
0.753,8470
0.753,8469
0.754,8468
0.754,8467
0.754,8466
0.754,8465
0.754,8464
0.754,8463
0.754,8462
0.754,8461
0.755,8460
0.755,8459
0.755,8458
0.755,8457
0.755,8456
0.755,8455
0.755,8454
0.755,8453
0.755,8452
0.756,8451
0.756,8450
0.756,8449
0.756,8448
0.756,8447
0.757,8446
0.757,8445
0.757,8444
0.757,8443
0.757,8442
0.758,8441
0.758,8440
0.758,8439
0.758,8438
0.758,8437
0.758,8436
0.758,8435
0.758,8434
0.759,8433
0.759,8432
0.759,8431
0.759,8430
0.759,8429
0.759,8428
0.759,8427
0.759,8426
0.76,8425
0.76,8424
0.76,8423
0.76,8422
0.76,8421
0.76,8420
0.76,8419
0.761,8418
0.761,8417
0.761,8416
0.761,8415
0.761,8414
0.762,8413
0.762,8412
0.762,8411
0.762,8410
0.762,8409
0.762,8408
0.763,8407
0.763,8406
0.763,8405
0.763,8404
0.763,8403
0.763,8402
0.764,8401
0.764,8400
0.764,8399
0.764,8398
0.764,8397
0.764,8396
0.764,8395
0.764,8394
0.764,8393
0.765,8392
0.765,8391
0.765,8390
0.766,8389
0.766,8388
0.766,8387
0.766,8386
0.766,8385
0.767,8384
0.767,8383
0.767,8382
0.767,8381
0.767,8380
0.767,8379
0.767,8378
0.767,8377
0.768,8376
0.768,8375
0.768,8374
0.768,8373
0.768,8372
0.768,8371
0.769,8370
0.769,8369
0.769,8368
0.769,8367
0.769,8366
0.769,8365
0.769,8364
0.77,8363
0.77,8362
0.77,8361
0.77,8360
0.77,8359
0.77,8358
0.77,8357
0.77,8356
0.77,8355
0.77,8354
0.77,8353
0.77,8352
0.771,8351
0.771,8350
0.771,8349
0.771,8348
0.771,8347
0.772,8346
0.772,8345
0.772,8344
0.772,8343
0.772,8342
0.772,8341
0.772,8340
0.773,8339
0.773,8338
0.773,8337
0.773,8336
0.773,8335
0.773,8334
0.773,8333
0.774,8332
0.774,8331
0.774,8330
0.774,8329
0.775,8328
0.775,8327
0.775,8326
0.775,8325
0.775,8324
0.775,8323
0.776,8322
0.776,8321
0.776,8320
0.776,8319
0.776,8318
0.776,8317
0.777,8316
0.777,8315
0.777,8314
0.777,8313
0.777,8312
0.777,8311
0.778,8310
0.778,8309
0.778,8308
0.778,8307
0.778,8306
0.778,8305
0.778,8304
0.778,8303
0.779,8302
0.779,8301
0.779,8300
0.779,8299
0.779,8298
0.779,8297
0.779,8296
0.78,8295
0.78,8294
0.78,8293
0.78,8292
0.78,8291
0.78,8290
0.78,8289
0.781,8288
0.781,8287
0.781,8286
0.781,8285
0.781,8284
0.781,8283
0.781,8282
0.781,8281
0.781,8280
0.781,8279
0.782,8278
0.782,8277
0.782,8276
0.782,8275
0.782,8274
0.782,8273
0.782,8272
0.783,8271
0.783,8270
0.783,8269
0.783,8268
0.783,8267
0.783,8266
0.783,8265
0.783,8264
0.783,8263
0.783,8262
0.784,8261
0.784,8260
0.784,8259
0.784,8258
0.784,8257
0.784,8256
0.784,8255
0.784,8254
0.784,8253
0.785,8252
0.785,8251
0.785,8250
0.785,8249
0.785,8248
0.785,8247
0.785,8246
0.785,8245
0.785,8244
0.785,8243
0.785,8242
0.786,8241
0.786,8240
0.786,8239
0.786,8238
0.786,8237
0.786,8236
0.787,8235
0.787,8234
0.787,8233
0.787,8232
0.787,8231
0.787,8230
0.787,8229
0.787,8228
0.787,8227
0.787,8226
0.788,8225
0.788,8224
0.788,8223
0.788,8222
0.788,8221
0.788,8220
0.788,8219
0.789,8218
0.789,8217
0.789,8216
0.789,8215
0.789,8214
0.789,8213
0.789,8212
0.789,8211
0.79,8210
0.79,8209
0.79,8208
0.79,8207
0.79,8206
0.79,8205
0.791,8204
0.791,8203
0.791,8202
0.791,8201
0.791,8200
0.792,8199
0.792,8198
0.792,8197
0.792,8196
0.792,8195
0.792,8194
0.793,8193
0.793,8192
0.793,8191
0.793,8190
0.793,8189
0.793,8188
0.794,8187
0.794,8186
0.794,8185
0.794,8184
0.794,8183
0.794,8182
0.794,8181
0.794,8180
0.794,8179
0.795,8178
0.795,8177
0.795,8176
0.795,8175
0.795,8174
0.795,8173
0.795,8172
0.795,8171
0.796,8170
0.796,8169
0.796,8168
0.796,8167
0.797,8166
0.797,8165
0.797,8164
0.797,8163
0.797,8162
0.798,8161
0.798,8160
0.798,8159
0.798,8158
0.798,8157
0.798,8156
0.798,8155
0.798,8154
0.799,8153
0.799,8152
0.799,8151
0.799,8150
0.799,8149
0.799,8148
0.799,8147
0.8,8146
0.8,8145
0.8,8144
0.8,8143
0.8,8142
0.8,8141
0.801,8140
0.801,8139
0.801,8138
0.801,8137
0.801,8136
0.801,8135
0.801,8134
0.802,8133
0.802,8132
0.802,8131
0.802,8130
0.802,8129
0.802,8128
0.803,8127
0.803,8126
0.803,8125
0.803,8124
0.803,8123
0.803,8122
0.803,8121
0.803,8120
0.803,8119
0.804,8118
0.804,8117
0.804,8116
0.804,8115
0.804,8114
0.804,8113
0.804,8112
0.805,8111
0.805,8110
0.805,8109
0.805,8108
0.805,8107
0.806,8106
0.806,8105
0.806,8104
0.807,8103
0.807,8102
0.807,8101
0.807,8100
0.807,8099
0.807,8098
0.807,8097
0.808,8096
0.808,8095
0.808,8094
0.808,8093
0.808,8092
0.808,8091
0.809,8090
0.809,8089
0.809,8088
0.809,8087
0.809,8086
0.809,8085
0.809,8084
0.81,8083
0.81,8082
0.81,8081
0.81,8080
0.81,8079
0.81,8078
0.811,8077
0.811,8076
0.811,8075
0.811,8074
0.811,8073
0.811,8072
0.812,8071
0.812,8070
0.812,8069
0.812,8068
0.812,8067
0.812,8066
0.812,8065
0.812,8064
0.813,8063
0.813,8062
0.813,8061
0.814,8060
0.814,8059
0.814,8058
0.814,8057
0.814,8056
0.814,8055
0.814,8054
0.815,8053
0.815,8052
0.815,8051
0.815,8050
0.815,8049
0.815,8048
0.815,8047
0.815,8046
0.816,8045
0.816,8044
0.816,8043
0.816,8042
0.816,8041
0.816,8040
0.816,8039
0.817,8038
0.817,8037
0.817,8036
0.817,8035
0.817,8034
0.817,8033
0.818,8032
0.818,8031
0.818,8030
0.818,8029
0.818,8028
0.818,8027
0.818,8026
0.819,8025
0.819,8024
0.819,8023
0.819,8022
0.819,8021
0.819,8020
0.819,8019
0.82,8018
0.82,8017
0.82,8016
0.82,8015
0.82,8014
0.821,8013
0.821,8012
0.821,8011
0.821,8010
0.821,8009
0.821,8008
0.822,8007
0.822,8006
0.822,8005
0.822,8004
0.822,8003
0.822,8002
0.822,8001
0.822,8000
0.822,7999
0.823,7998
0.823,7997
0.823,7996
0.823,7995
0.823,7994
0.823,7993
0.823,7992
0.823,7991
0.823,7990
0.824,7989
0.824,7988
0.824,7987
0.824,7986
0.824,7985
0.824,7984
0.825,7983
0.825,7982
0.825,7981
0.825,7980
0.825,7979
0.825,7978
0.825,7977
0.825,7976
0.826,7975
0.826,7974
0.826,7973
0.827,7972
0.827,7971
0.827,7970
0.828,7969
0.828,7968
0.828,7967
0.828,7966
0.828,7965
0.828,7964
0.828,7963
0.829,7962
0.829,7961
0.829,7960
0.83,7959
0.83,7958
0.83,7957
0.83,7956
0.83,7955
0.83,7954
0.831,7953
0.831,7952
0.831,7951
0.831,7950
0.831,7949
0.831,7948
0.831,7947
0.831,7946
0.832,7945
0.832,7944
0.832,7943
0.832,7942
0.832,7941
0.832,7940
0.832,7939
0.833,7938
0.833,7937
0.833,7936
0.833,7935
0.833,7934
0.833,7933
0.834,7932
0.834,7931
0.834,7930
0.834,7929
0.834,7928
0.834,7927
0.834,7926
0.834,7925
0.834,7924
0.834,7923
0.834,7922
0.834,7921
0.834,7920
0.834,7919
0.835,7918
0.835,7917
0.835,7916
0.835,7915
0.835,7914
0.835,7913
0.835,7912
0.835,7911
0.836,7910
0.836,7909
0.836,7908
0.836,7907
0.836,7906
0.836,7905
0.836,7904
0.836,7903
0.836,7902
0.836,7901
0.837,7900
0.837,7899
0.837,7898
0.837,7897
0.838,7896
0.838,7895
0.838,7894
0.838,7893
0.838,7892
0.838,7891
0.838,7890
0.838,7889
0.838,7888
0.838,7887
0.839,7886
0.839,7885
0.839,7884
0.839,7883
0.839,7882
0.84,7881
0.84,7880
0.84,7879
0.84,7878
0.84,7877
0.84,7876
0.84,7875
0.84,7874
0.84,7873
0.84,7872
0.841,7871
0.841,7870
0.841,7869
0.841,7868
0.841,7867
0.841,7866
0.842,7865
0.842,7864
0.842,7863
0.842,7862
0.842,7861
0.842,7860
0.842,7859
0.843,7858
0.843,7857
0.843,7856
0.843,7855
0.843,7854
0.844,7853
0.844,7852
0.844,7851
0.844,7850
0.844,7849
0.844,7848
0.844,7847
0.844,7846
0.845,7845
0.845,7844
0.845,7843
0.845,7842
0.845,7841
0.846,7840
0.846,7839
0.846,7838
0.846,7837
0.846,7836
0.847,7835
0.847,7834
0.847,7833
0.847,7832
0.847,7831
0.847,7830
0.848,7829
0.848,7828
0.848,7827
0.848,7826
0.849,7825
0.849,7824
0.849,7823
0.849,7822
0.849,7821
0.849,7820
0.849,7819
0.85,7818
0.85,7817
0.85,7816
0.85,7815
0.851,7814
0.851,7813
0.851,7812
0.852,7811
0.852,7810
0.852,7809
0.852,7808
0.852,7807
0.852,7806
0.852,7805
0.852,7804
0.853,7803
0.853,7802
0.853,7801
0.853,7800
0.853,7799
0.853,7798
0.853,7797
0.854,7796
0.854,7795
0.854,7794
0.855,7793
0.855,7792
0.855,7791
0.855,7790
0.855,7789
0.855,7788
0.855,7787
0.855,7786
0.856,7785
0.856,7784
0.856,7783
0.856,7782
0.856,7781
0.856,7780
0.856,7779
0.856,7778
0.856,7777
0.857,7776
0.857,7775
0.857,7774
0.857,7773
0.857,7772
0.857,7771
0.858,7770
0.858,7769
0.858,7768
0.858,7767
0.858,7766
0.859,7765
0.859,7764
0.859,7763
0.859,7762
0.859,7761
0.859,7760
0.86,7759
0.86,7758
0.86,7757
0.86,7756
0.86,7755
0.861,7754
0.861,7753
0.861,7752
0.861,7751
0.861,7750
0.862,7749
0.862,7748
0.862,7747
0.862,7746
0.862,7745
0.862,7744
0.863,7743
0.863,7742
0.863,7741
0.864,7740
0.864,7739
0.864,7738
0.864,7737
0.864,7736
0.865,7735
0.865,7734
0.865,7733
0.865,7732
0.865,7731
0.865,7730
0.865,7729
0.865,7728
0.865,7727
0.865,7726
0.866,7725
0.866,7724
0.866,7723
0.866,7722
0.866,7721
0.866,7720
0.866,7719
0.866,7718
0.866,7717
0.867,7716
0.867,7715
0.867,7714
0.867,7713
0.867,7712
0.867,7711
0.867,7710
0.867,7709
0.868,7708
0.868,7707
0.868,7706
0.868,7705
0.868,7704
0.868,7703
0.868,7702
0.868,7701
0.868,7700
0.869,7699
0.869,7698
0.869,7697
0.869,7696
0.87,7695
0.87,7694
0.87,7693
0.87,7692
0.87,7691
0.87,7690
0.87,7689
0.87,7688
0.87,7687
0.871,7686
0.871,7685
0.871,7684
0.871,7683
0.871,7682
0.871,7681
0.871,7680
0.871,7679
0.871,7678
0.872,7677
0.872,7676
0.872,7675
0.872,7674
0.872,7673
0.872,7672
0.872,7671
0.872,7670
0.872,7669
0.873,7668
0.873,7667
0.873,7666
0.873,7665
0.873,7664
0.873,7663
0.873,7662
0.874,7661
0.874,7660
0.874,7659
0.874,7658
0.875,7657
0.875,7656
0.875,7655
0.875,7654
0.875,7653
0.875,7652
0.875,7651
0.875,7650
0.875,7649
0.875,7648
0.876,7647
0.876,7646
0.876,7645
0.876,7644
0.876,7643
0.877,7642
0.877,7641
0.877,7640
0.877,7639
0.877,7638
0.877,7637
0.877,7636
0.877,7635
0.878,7634
0.878,7633
0.878,7632
0.878,7631
0.878,7630
0.878,7629
0.878,7628
0.879,7627
0.879,7626
0.879,7625
0.879,7624
0.879,7623
0.879,7622
0.879,7621
0.879,7620
0.88,7619
0.88,7618
0.88,7617
0.88,7616
0.88,7615
0.88,7614
0.88,7613
0.881,7612
0.881,7611
0.881,7610
0.881,7609
0.881,7608
0.881,7607
0.881,7606
0.881,7605
0.882,7604
0.882,7603
0.882,7602
0.882,7601
0.882,7600
0.882,7599
0.882,7598
0.882,7597
0.882,7596
0.883,7595
0.883,7594
0.883,7593
0.883,7592
0.883,7591
0.883,7590
0.883,7589
0.883,7588
0.883,7587
0.883,7586
0.884,7585
0.884,7584
0.884,7583
0.884,7582
0.884,7581
0.884,7580
0.885,7579
0.885,7578
0.885,7577
0.885,7576
0.885,7575
0.885,7574
0.885,7573
0.885,7572
0.885,7571
0.885,7570
0.886,7569
0.886,7568
0.886,7567
0.886,7566
0.886,7565
0.886,7564
0.886,7563
0.887,7562
0.887,7561
0.887,7560
0.887,7559
0.887,7558
0.887,7557
0.888,7556
0.888,7555
0.888,7554
0.888,7553
0.888,7552
0.888,7551
0.888,7550
0.888,7549
0.889,7548
0.889,7547
0.889,7546
0.889,7545
0.889,7544
0.889,7543
0.889,7542
0.889,7541
0.889,7540
0.89,7539
0.89,7538
0.89,7537
0.891,7536
0.891,7535
0.891,7534
0.892,7533
0.892,7532
0.893,7531
0.893,7530
0.893,7529
0.893,7528
0.894,7527
0.894,7526
0.894,7525
0.894,7524
0.894,7523
0.894,7522
0.894,7521
0.895,7520
0.895,7519
0.895,7518
0.895,7517
0.896,7516
0.896,7515
0.896,7514
0.896,7513
0.896,7512
0.897,7511
0.897,7510
0.897,7509
0.898,7508
0.898,7507
0.898,7506
0.898,7505
0.898,7504
0.899,7503
0.899,7502
0.9,7501
0.901,7500
0.901,7499
0.901,7498
0.901,7497
0.901,7496
0.901,7495
0.901,7494
0.901,7493
0.901,7492
0.902,7491
0.902,7490
0.902,7489
0.902,7488
0.902,7487
0.902,7486
0.903,7485
0.903,7484
0.903,7483
0.903,7482
0.903,7481
0.903,7480
0.903,7479
0.903,7478
0.903,7477
0.904,7476
0.904,7475
0.904,7474
0.904,7473
0.904,7472
0.904,7471
0.904,7470
0.904,7469
0.905,7468
0.905,7467
0.905,7466
0.905,7465
0.905,7464
0.905,7463
0.905,7462
0.905,7461
0.906,7460
0.906,7459
0.906,7458
0.906,7457
0.906,7456
0.906,7455
0.906,7454
0.906,7453
0.906,7452
0.906,7451
0.907,7450
0.907,7449
0.907,7448
0.907,7447
0.907,7446
0.907,7445
0.907,7444
0.908,7443
0.908,7442
0.908,7441
0.908,7440
0.908,7439
0.908,7438
0.908,7437
0.909,7436
0.909,7435
0.909,7434
0.909,7433
0.909,7432
0.909,7431
0.91,7430
0.91,7429
0.91,7428
0.91,7427
0.91,7426
0.91,7425
0.91,7424
0.91,7423
0.911,7422
0.911,7421
0.911,7420
0.911,7419
0.911,7418
0.911,7417
0.911,7416
0.911,7415
0.911,7414
0.911,7413
0.911,7412
0.912,7411
0.912,7410
0.912,7409
0.912,7408
0.912,7407
0.912,7406
0.912,7405
0.912,7404
0.913,7403
0.913,7402
0.913,7401
0.913,7400
0.913,7399
0.914,7398
0.914,7397
0.914,7396
0.914,7395
0.914,7394
0.915,7393
0.915,7392
0.915,7391
0.915,7390
0.915,7389
0.915,7388
0.915,7387
0.916,7386
0.916,7385
0.916,7384
0.916,7383
0.916,7382
0.916,7381
0.917,7380
0.917,7379
0.917,7378
0.917,7377
0.917,7376
0.917,7375
0.917,7374
0.918,7373
0.918,7372
0.918,7371
0.918,7370
0.919,7369
0.919,7368
0.919,7367
0.919,7366
0.919,7365
0.919,7364
0.919,7363
0.919,7362
0.92,7361
0.92,7360
0.92,7359
0.92,7358
0.92,7357
0.92,7356
0.92,7355
0.92,7354
0.92,7353
0.921,7352
0.921,7351
0.921,7350
0.922,7349
0.922,7348
0.922,7347
0.922,7346
0.922,7345
0.922,7344
0.922,7343
0.922,7342
0.922,7341
0.923,7340
0.923,7339
0.923,7338
0.923,7337
0.923,7336
0.923,7335
0.923,7334
0.924,7333
0.924,7332
0.924,7331
0.924,7330
0.924,7329
0.924,7328
0.924,7327
0.925,7326
0.925,7325
0.925,7324
0.925,7323
0.925,7322
0.926,7321
0.926,7320
0.926,7319
0.926,7318
0.926,7317
0.926,7316
0.927,7315
0.927,7314
0.927,7313
0.927,7312
0.927,7311
0.927,7310
0.927,7309
0.927,7308
0.927,7307
0.927,7306
0.927,7305
0.928,7304
0.928,7303
0.928,7302
0.928,7301
0.928,7300
0.929,7299
0.929,7298
0.929,7297
0.929,7296
0.929,7295
0.929,7294
0.929,7293
0.929,7292
0.929,7291
0.929,7290
0.929,7289
0.929,7288
0.93,7287
0.93,7286
0.93,7285
0.93,7284
0.93,7283
0.93,7282
0.93,7281
0.93,7280
0.93,7279
0.931,7278
0.931,7277
0.931,7276
0.931,7275
0.931,7274
0.931,7273
0.931,7272
0.931,7271
0.932,7270
0.932,7269
0.932,7268
0.932,7267
0.932,7266
0.932,7265
0.932,7264
0.933,7263
0.933,7262
0.933,7261
0.933,7260
0.933,7259
0.933,7258
0.934,7257
0.934,7256
0.934,7255
0.934,7254
0.934,7253
0.934,7252
0.934,7251
0.934,7250
0.934,7249
0.934,7248
0.935,7247
0.935,7246
0.935,7245
0.935,7244
0.935,7243
0.935,7242
0.935,7241
0.935,7240
0.935,7239
0.936,7238
0.936,7237
0.936,7236
0.936,7235
0.936,7234
0.937,7233
0.937,7232
0.937,7231
0.937,7230
0.937,7229
0.937,7228
0.938,7227
0.938,7226
0.938,7225
0.938,7224
0.938,7223
0.938,7222
0.939,7221
0.939,7220
0.939,7219
0.939,7218
0.939,7217
0.939,7216
0.94,7215
0.94,7214
0.94,7213
0.94,7212
0.94,7211
0.94,7210
0.94,7209
0.941,7208
0.941,7207
0.941,7206
0.941,7205
0.941,7204
0.941,7203
0.942,7202
0.942,7201
0.942,7200
0.942,7199
0.942,7198
0.942,7197
0.942,7196
0.942,7195
0.942,7194
0.943,7193
0.943,7192
0.943,7191
0.943,7190
0.943,7189
0.943,7188
0.943,7187
0.943,7186
0.944,7185
0.944,7184
0.944,7183
0.944,7182
0.944,7181
0.945,7180
0.945,7179
0.945,7178
0.945,7177
0.945,7176
0.945,7175
0.945,7174
0.945,7173
0.945,7172
0.945,7171
0.945,7170
0.945,7169
0.946,7168
0.946,7167
0.946,7166
0.946,7165
0.946,7164
0.946,7163
0.946,7162
0.947,7161
0.947,7160
0.947,7159
0.947,7158
0.948,7157
0.948,7156
0.949,7155
0.949,7154
0.949,7153
0.949,7152
0.95,7151
0.95,7150
0.95,7149
0.95,7148
0.951,7147
0.951,7146
0.951,7145
0.951,7144
0.952,7143
0.952,7142
0.953,7141
0.953,7140
0.953,7139
0.953,7138
0.954,7137
0.955,7136
0.955,7135
0.955,7134
0.955,7133
0.955,7132
0.955,7131
0.956,7130
0.956,7129
0.956,7128
0.957,7127
0.957,7126
0.957,7125
0.957,7124
0.957,7123
0.957,7122
0.957,7121
0.958,7120
0.958,7119
0.958,7118
0.958,7117
0.958,7116
0.959,7115
0.959,7114
0.959,7113
0.96,7112
0.961,7111
0.961,7110
0.961,7109
0.961,7108
0.961,7107
0.961,7106
0.961,7105
0.961,7104
0.961,7103
0.962,7102
0.962,7101
0.962,7100
0.962,7099
0.962,7098
0.962,7097
0.963,7096
0.963,7095
0.963,7094
0.963,7093
0.963,7092
0.964,7091
0.964,7090
0.964,7089
0.964,7088
0.964,7087
0.964,7086
0.965,7085
0.965,7084
0.965,7083
0.965,7082
0.965,7081
0.965,7080
0.965,7079
0.965,7078
0.973,7077
0.973,7076
0.973,7075
0.974,7074
0.974,7073
0.974,7072
0.974,7071
0.974,7070
0.974,7069
0.974,7068
0.974,7067
0.974,7066
0.975,7065
0.975,7064
0.975,7063
0.976,7062
0.976,7061
0.976,7060
0.976,7059
0.976,7058
0.976,7057
0.976,7056
0.976,7055
0.976,7054
0.977,7053
0.977,7052
0.977,7051
0.977,7050
0.977,7049
0.978,7048
0.978,7047
0.978,7046
0.978,7045
0.978,7044
0.978,7043
0.978,7042
0.978,7041
0.979,7040
0.979,7039
0.979,7038
0.98,7037
0.98,7036
0.98,7035
0.98,7034
0.98,7033
0.981,7032
0.981,7031
0.981,7030
0.981,7029
0.981,7028
0.981,7027
0.981,7026
0.982,7025
0.982,7024
0.982,7023
0.982,7022
0.982,7021
0.982,7020
0.983,7019
0.984,7018
0.984,7017
0.984,7016
0.985,7015
0.985,7014
0.985,7013
0.986,7012
0.986,7011
0.987,7010
0.987,7009
0.987,7008
0.988,7007
0.988,7006
0.988,7005
0.988,7004
0.989,7003
0.989,7002
0.989,7001
0.989,7000
0.989,6999
0.989,6998
0.99,6997
0.99,6996
0.99,6995
0.99,6994
0.99,6993
0.99,6992
0.991,6991
0.991,6990
0.991,6989
0.991,6988
0.991,6987
0.991,6986
0.991,6985
0.991,6984
0.992,6983
0.992,6982
0.992,6981
0.992,6980
0.992,6979
0.992,6978
0.993,6977
0.993,6976
0.993,6975
0.993,6974
0.993,6973
0.993,6972
0.993,6971
0.993,6970
0.993,6969
0.993,6968
0.993,6967
0.994,6966
0.994,6965
0.994,6964
0.994,6963
0.994,6962
0.994,6961
0.994,6960
0.994,6959
0.995,6958
0.995,6957
0.995,6956
0.995,6955
0.995,6954
0.996,6953
0.996,6952
0.996,6951
0.996,6950
0.996,6949
0.996,6948
0.996,6947
0.996,6946
0.997,6945
0.997,6944
0.997,6943
0.997,6942
0.997,6941
0.997,6940
0.997,6939
0.997,6938
0.998,6937
0.998,6936
0.998,6935
0.998,6934
0.999,6933
0.999,6932
0.999,6931
0.999,6930
1.0,6929
1.0,6928
1.0,6927
1.0,6926
1.0,6925
1.0,6924
1.0,6923
1.001,6922
1.001,6921
1.001,6920
1.001,6919
1.001,6918
1.001,6917
1.001,6916
1.002,6915
1.002,6914
1.002,6913
1.002,6912
1.003,6911
1.003,6910
1.003,6909
1.003,6908
1.004,6907
1.004,6906
1.004,6905
1.004,6904
1.004,6903
1.004,6902
1.004,6901
1.004,6900
1.004,6899
1.004,6898
1.005,6897
1.005,6896
1.005,6895
1.005,6894
1.006,6893
1.006,6892
1.006,6891
1.007,6890
1.007,6889
1.007,6888
1.007,6887
1.007,6886
1.007,6885
1.008,6884
1.008,6883
1.008,6882
1.008,6881
1.008,6880
1.008,6879
1.009,6878
1.009,6877
1.009,6876
1.009,6875
1.01,6874
1.01,6873
1.01,6872
1.01,6871
1.011,6870
1.011,6869
1.011,6868
1.011,6867
1.011,6866
1.011,6865
1.011,6864
1.012,6863
1.012,6862
1.012,6861
1.012,6860
1.012,6859
1.012,6858
1.012,6857
1.013,6856
1.013,6855
1.013,6854
1.013,6853
1.013,6852
1.013,6851
1.013,6850
1.013,6849
1.013,6848
1.013,6847
1.013,6846
1.013,6845
1.013,6844
1.014,6843
1.014,6842
1.014,6841
1.014,6840
1.015,6839
1.015,6838
1.015,6837
1.015,6836
1.015,6835
1.015,6834
1.015,6833
1.015,6832
1.016,6831
1.016,6830
1.016,6829
1.016,6828
1.016,6827
1.016,6826
1.016,6825
1.017,6824
1.017,6823
1.017,6822
1.017,6821
1.017,6820
1.018,6819
1.018,6818
1.018,6817
1.018,6816
1.019,6815
1.019,6814
1.019,6813
1.019,6812
1.019,6811
1.019,6810
1.019,6809
1.02,6808
1.02,6807
1.02,6806
1.02,6805
1.02,6804
1.02,6803
1.021,6802
1.021,6801
1.021,6800
1.021,6799
1.021,6798
1.021,6797
1.021,6796
1.021,6795
1.022,6794
1.022,6793
1.022,6792
1.023,6791
1.023,6790
1.023,6789
1.023,6788
1.023,6787
1.023,6786
1.024,6785
1.024,6784
1.024,6783
1.025,6782
1.025,6781
1.025,6780
1.026,6779
1.026,6778
1.026,6777
1.026,6776
1.026,6775
1.027,6774
1.027,6773
1.027,6772
1.027,6771
1.027,6770
1.027,6769
1.027,6768
1.028,6767
1.028,6766
1.028,6765
1.028,6764
1.029,6763
1.029,6762
1.029,6761
1.029,6760
1.029,6759
1.029,6758
1.03,6757
1.03,6756
1.03,6755
1.03,6754
1.03,6753
1.03,6752
1.03,6751
1.031,6750
1.031,6749
1.031,6748
1.032,6747
1.032,6746
1.032,6745
1.032,6744
1.032,6743
1.032,6742
1.032,6741
1.032,6740
1.032,6739
1.033,6738
1.033,6737
1.033,6736
1.033,6735
1.033,6734
1.033,6733
1.033,6732
1.034,6731
1.034,6730
1.034,6729
1.034,6728
1.034,6727
1.034,6726
1.035,6725
1.035,6724
1.035,6723
1.035,6722
1.035,6721
1.035,6720
1.035,6719
1.035,6718
1.036,6717
1.036,6716
1.036,6715
1.036,6714
1.037,6713
1.037,6712
1.037,6711
1.037,6710
1.038,6709
1.038,6708
1.038,6707
1.038,6706
1.038,6705
1.039,6704
1.04,6703
1.04,6702
1.04,6701
1.04,6700
1.04,6699
1.04,6698
1.041,6697
1.041,6696
1.041,6695
1.041,6694
1.041,6693
1.041,6692
1.041,6691
1.041,6690
1.041,6689
1.041,6688
1.041,6687
1.042,6686
1.042,6685
1.042,6684
1.042,6683
1.042,6682
1.042,6681
1.043,6680
1.043,6679
1.043,6678
1.043,6677
1.043,6676
1.043,6675
1.044,6674
1.044,6673
1.044,6672
1.044,6671
1.044,6670
1.044,6669
1.044,6668
1.045,6667
1.045,6666
1.045,6665
1.045,6664
1.045,6663
1.045,6662
1.046,6661
1.046,6660
1.046,6659
1.046,6658
1.046,6657
1.046,6656
1.047,6655
1.047,6654
1.047,6653
1.047,6652
1.047,6651
1.047,6650
1.047,6649
1.047,6648
1.048,6647
1.048,6646
1.048,6645
1.048,6644
1.048,6643
1.049,6642
1.049,6641
1.049,6640
1.049,6639
1.05,6638
1.05,6637
1.05,6636
1.05,6635
1.05,6634
1.05,6633
1.05,6632
1.051,6631
1.051,6630
1.051,6629
1.051,6628
1.051,6627
1.051,6626
1.051,6625
1.051,6624
1.052,6623
1.052,6622
1.052,6621
1.052,6620
1.052,6619
1.052,6618
1.052,6617
1.052,6616
1.053,6615
1.053,6614
1.053,6613
1.053,6612
1.053,6611
1.053,6610
1.053,6609
1.053,6608
1.054,6607
1.054,6606
1.054,6605
1.054,6604
1.055,6603
1.055,6602
1.055,6601
1.055,6600
1.055,6599
1.055,6598
1.056,6597
1.056,6596
1.056,6595
1.056,6594
1.056,6593
1.056,6592
1.056,6591
1.057,6590
1.057,6589
1.057,6588
1.058,6587
1.058,6586
1.058,6585
1.058,6584
1.058,6583
1.059,6582
1.059,6581
1.059,6580
1.059,6579
1.06,6578
1.06,6577
1.06,6576
1.06,6575
1.06,6574
1.06,6573
1.061,6572
1.061,6571
1.061,6570
1.062,6569
1.062,6568
1.062,6567
1.062,6566
1.062,6565
1.062,6564
1.062,6563
1.062,6562
1.062,6561
1.063,6560
1.063,6559
1.063,6558
1.063,6557
1.063,6556
1.063,6555
1.063,6554
1.063,6553
1.064,6552
1.064,6551
1.064,6550
1.065,6549
1.065,6548
1.065,6547
1.065,6546
1.065,6545
1.065,6544
1.066,6543
1.066,6542
1.066,6541
1.066,6540
1.066,6539
1.066,6538
1.066,6537
1.066,6536
1.067,6535
1.067,6534
1.067,6533
1.067,6532
1.067,6531
1.067,6530
1.068,6529
1.068,6528
1.068,6527
1.068,6526
1.068,6525
1.068,6524
1.068,6523
1.068,6522
1.068,6521
1.069,6520
1.069,6519
1.069,6518
1.069,6517
1.069,6516
1.07,6515
1.07,6514
1.07,6513
1.07,6512
1.071,6511
1.071,6510
1.071,6509
1.071,6508
1.072,6507
1.072,6506
1.072,6505
1.072,6504
1.073,6503
1.073,6502
1.073,6501
1.074,6500
1.074,6499
1.074,6498
1.074,6497
1.074,6496
1.075,6495
1.075,6494
1.075,6493
1.075,6492
1.075,6491
1.075,6490
1.076,6489
1.076,6488
1.076,6487
1.076,6486
1.076,6485
1.076,6484
1.076,6483
1.076,6482
1.077,6481
1.077,6480
1.077,6479
1.077,6478
1.078,6477
1.078,6476
1.078,6475
1.078,6474
1.079,6473
1.079,6472
1.079,6471
1.079,6470
1.079,6469
1.079,6468
1.079,6467
1.08,6466
1.08,6465
1.08,6464
1.08,6463
1.08,6462
1.081,6461
1.081,6460
1.081,6459
1.081,6458
1.081,6457
1.081,6456
1.081,6455
1.081,6454
1.081,6453
1.082,6452
1.082,6451
1.082,6450
1.082,6449
1.082,6448
1.082,6447
1.083,6446
1.083,6445
1.083,6444
1.083,6443
1.083,6442
1.083,6441
1.084,6440
1.084,6439
1.084,6438
1.084,6437
1.084,6436
1.085,6435
1.085,6434
1.085,6433
1.086,6432
1.086,6431
1.086,6430
1.086,6429
1.086,6428
1.087,6427
1.087,6426
1.087,6425
1.088,6424
1.088,6423
1.088,6422
1.088,6421
1.088,6420
1.089,6419
1.089,6418
1.089,6417
1.089,6416
1.09,6415
1.09,6414
1.09,6413
1.09,6412
1.09,6411
1.09,6410
1.091,6409
1.091,6408
1.091,6407
1.091,6406
1.091,6405
1.091,6404
1.091,6403
1.092,6402
1.092,6401
1.092,6400
1.092,6399
1.092,6398
1.092,6397
1.092,6396
1.093,6395
1.093,6394
1.093,6393
1.094,6392
1.094,6391
1.094,6390
1.094,6389
1.094,6388
1.095,6387
1.095,6386
1.095,6385
1.095,6384
1.095,6383
1.095,6382
1.095,6381
1.095,6380
1.096,6379
1.096,6378
1.096,6377
1.096,6376
1.096,6375
1.096,6374
1.096,6373
1.097,6372
1.097,6371
1.097,6370
1.097,6369
1.097,6368
1.098,6367
1.098,6366
1.098,6365
1.098,6364
1.098,6363
1.099,6362
1.099,6361
1.099,6360
1.099,6359
1.099,6358
1.099,6357
1.099,6356
1.099,6355
1.099,6354
1.1,6353
1.1,6352
1.1,6351
1.1,6350
1.1,6349
1.1,6348
1.1,6347
1.1,6346
1.101,6345
1.101,6344
1.101,6343
1.101,6342
1.101,6341
1.101,6340
1.101,6339
1.101,6338
1.102,6337
1.102,6336
1.102,6335
1.102,6334
1.102,6333
1.102,6332
1.102,6331
1.102,6330
1.103,6329
1.103,6328
1.103,6327
1.103,6326
1.103,6325
1.103,6324
1.104,6323
1.104,6322
1.104,6321
1.104,6320
1.105,6319
1.105,6318
1.105,6317
1.105,6316
1.105,6315
1.105,6314
1.105,6313
1.106,6312
1.106,6311
1.106,6310
1.106,6309
1.107,6308
1.107,6307
1.107,6306
1.107,6305
1.107,6304
1.107,6303
1.107,6302
1.108,6301
1.108,6300
1.108,6299
1.108,6298
1.109,6297
1.109,6296
1.109,6295
1.109,6294
1.11,6293
1.11,6292
1.11,6291
1.11,6290
1.111,6289
1.111,6288
1.111,6287
1.111,6286
1.111,6285
1.112,6284
1.112,6283
1.112,6282
1.112,6281
1.112,6280
1.112,6279
1.113,6278
1.113,6277
1.113,6276
1.113,6275
1.113,6274
1.113,6273
1.113,6272
1.114,6271
1.114,6270
1.114,6269
1.114,6268
1.114,6267
1.114,6266
1.115,6265
1.115,6264
1.115,6263
1.115,6262
1.115,6261
1.115,6260
1.115,6259
1.115,6258
1.115,6257
1.115,6256
1.115,6255
1.115,6254
1.117,6253
1.117,6252
1.117,6251
1.118,6250
1.118,6249
1.118,6248
1.118,6247
1.118,6246
1.118,6245
1.118,6244
1.119,6243
1.119,6242
1.119,6241
1.119,6240
1.12,6239
1.12,6238
1.12,6237
1.121,6236
1.121,6235
1.121,6234
1.122,6233
1.122,6232
1.122,6231
1.123,6230
1.123,6229
1.123,6228
1.123,6227
1.123,6226
1.124,6225
1.124,6224
1.125,6223
1.125,6222
1.126,6221
1.126,6220
1.126,6219
1.126,6218
1.126,6217
1.126,6216
1.126,6215
1.126,6214
1.127,6213
1.127,6212
1.127,6211
1.127,6210
1.127,6209
1.127,6208
1.127,6207
1.128,6206
1.128,6205
1.128,6204
1.128,6203
1.128,6202
1.129,6201
1.129,6200
1.129,6199
1.129,6198
1.129,6197
1.129,6196
1.13,6195
1.13,6194
1.13,6193
1.13,6192
1.13,6191
1.13,6190
1.13,6189
1.13,6188
1.13,6187
1.131,6186
1.131,6185
1.131,6184
1.131,6183
1.131,6182
1.131,6181
1.131,6180
1.132,6179
1.132,6178
1.132,6177
1.132,6176
1.132,6175
1.132,6174
1.132,6173
1.133,6172
1.133,6171
1.133,6170
1.133,6169
1.133,6168
1.134,6167
1.134,6166
1.134,6165
1.134,6164
1.135,6163
1.135,6162
1.135,6161
1.135,6160
1.135,6159
1.135,6158
1.136,6157
1.136,6156
1.136,6155
1.136,6154
1.137,6153
1.137,6152
1.137,6151
1.137,6150
1.137,6149
1.137,6148
1.137,6147
1.138,6146
1.138,6145
1.138,6144
1.138,6143
1.138,6142
1.138,6141
1.139,6140
1.139,6139
1.139,6138
1.139,6137
1.139,6136
1.139,6135
1.14,6134
1.141,6133
1.141,6132
1.141,6131
1.141,6130
1.141,6129
1.141,6128
1.142,6127
1.142,6126
1.142,6125
1.143,6124
1.143,6123
1.144,6122
1.144,6121
1.144,6120
1.145,6119
1.145,6118
1.145,6117
1.145,6116
1.145,6115
1.146,6114
1.146,6113
1.146,6112
1.146,6111
1.146,6110
1.146,6109
1.147,6108
1.147,6107
1.147,6106
1.147,6105
1.147,6104
1.148,6103
1.148,6102
1.148,6101
1.149,6100
1.149,6099
1.149,6098
1.149,6097
1.149,6096
1.149,6095
1.15,6094
1.15,6093
1.15,6092
1.15,6091
1.15,6090
1.15,6089
1.15,6088
1.15,6087
1.151,6086
1.151,6085
1.151,6084
1.151,6083
1.151,6082
1.151,6081
1.152,6080
1.152,6079
1.153,6078
1.153,6077
1.153,6076
1.153,6075
1.153,6074
1.153,6073
1.154,6072
1.154,6071
1.154,6070
1.154,6069
1.154,6068
1.154,6067
1.155,6066
1.156,6065
1.156,6064
1.156,6063
1.156,6062
1.156,6061
1.156,6060
1.156,6059
1.156,6058
1.157,6057
1.157,6056
1.157,6055
1.158,6054
1.158,6053
1.158,6052
1.159,6051
1.159,6050
1.159,6049
1.159,6048
1.16,6047
1.16,6046
1.16,6045
1.16,6044
1.161,6043
1.161,6042
1.161,6041
1.161,6040
1.161,6039
1.162,6038
1.162,6037
1.163,6036
1.163,6035
1.163,6034
1.163,6033
1.163,6032
1.163,6031
1.164,6030
1.164,6029
1.164,6028
1.164,6027
1.164,6026
1.164,6025
1.165,6024
1.165,6023
1.165,6022
1.166,6021
1.166,6020
1.166,6019
1.166,6018
1.166,6017
1.167,6016
1.167,6015
1.168,6014
1.168,6013
1.168,6012
1.169,6011
1.169,6010
1.169,6009
1.169,6008
1.169,6007
1.169,6006
1.17,6005
1.171,6004
1.171,6003
1.171,6002
1.171,6001
1.172,6000
1.172,5999
1.172,5998
1.173,5997
1.174,5996
1.174,5995
1.174,5994
1.174,5993
1.175,5992
1.175,5991
1.175,5990
1.175,5989
1.176,5988
1.176,5987
1.176,5986
1.177,5985
1.177,5984
1.177,5983
1.177,5982
1.177,5981
1.178,5980
1.178,5979
1.178,5978
1.179,5977
1.179,5976
1.179,5975
1.179,5974
1.18,5973
1.18,5972
1.18,5971
1.18,5970
1.18,5969
1.18,5968
1.18,5967
1.181,5966
1.181,5965
1.181,5964
1.181,5963
1.182,5962
1.182,5961
1.182,5960
1.182,5959
1.182,5958
1.182,5957
1.183,5956
1.183,5955
1.183,5954
1.183,5953
1.183,5952
1.183,5951
1.184,5950
1.184,5949
1.184,5948
1.184,5947
1.184,5946
1.184,5945
1.184,5944
1.185,5943
1.185,5942
1.185,5941
1.185,5940
1.185,5939
1.185,5938
1.185,5937
1.186,5936
1.186,5935
1.186,5934
1.186,5933
1.186,5932
1.187,5931
1.187,5930
1.187,5929
1.187,5928
1.188,5927
1.188,5926
1.189,5925
1.189,5924
1.19,5923
1.191,5922
1.191,5921
1.191,5920
1.191,5919
1.191,5918
1.191,5917
1.192,5916
1.192,5915
1.192,5914
1.192,5913
1.193,5912
1.193,5911
1.193,5910
1.193,5909
1.193,5908
1.194,5907
1.194,5906
1.195,5905
1.195,5904
1.196,5903
1.196,5902
1.197,5901
1.197,5900
1.197,5899
1.198,5898
1.198,5897
1.198,5896
1.199,5895
1.199,5894
1.199,5893
1.199,5892
1.199,5891
1.2,5890
1.201,5889
1.202,5888
1.203,5887
1.203,5886
1.204,5885
1.205,5884
1.205,5883
1.205,5882
1.205,5881
1.205,5880
1.205,5879
1.206,5878
1.206,5877
1.207,5876
1.207,5875
1.208,5874
1.209,5873
1.209,5872
1.21,5871
1.211,5870
1.211,5869
1.212,5868
1.212,5867
1.212,5866
1.213,5865
1.213,5864
1.213,5863
1.214,5862
1.214,5861
1.214,5860
1.214,5859
1.214,5858
1.215,5857
1.215,5856
1.216,5855
1.217,5854
1.217,5853
1.217,5852
1.217,5851
1.218,5850
1.218,5849
1.218,5848
1.219,5847
1.219,5846
1.22,5845
1.22,5844
1.221,5843
1.222,5842
1.222,5841
1.223,5840
1.223,5839
1.223,5838
1.223,5837
1.224,5836
1.224,5835
1.224,5834
1.225,5833
1.225,5832
1.225,5831
1.226,5830
1.227,5829
1.227,5828
1.227,5827
1.228,5826
1.228,5825
1.228,5824
1.23,5823
1.23,5822
1.231,5821
1.231,5820
1.231,5819
1.232,5818
1.232,5817
1.233,5816
1.234,5815
1.235,5814
1.235,5813
1.235,5812
1.235,5811
1.236,5810
1.236,5809
1.236,5808
1.237,5807
1.237,5806
1.237,5805
1.237,5804
1.239,5803
1.239,5802
1.24,5801
1.241,5800
1.241,5799
1.241,5798
1.241,5797
1.241,5796
1.242,5795
1.242,5794
1.243,5793
1.244,5792
1.244,5791
1.244,5790
1.244,5789
1.244,5788
1.245,5787
1.245,5786
1.245,5785
1.246,5784
1.246,5783
1.247,5782
1.248,5781
1.248,5780
1.248,5779
1.248,5778
1.249,5777
1.249,5776
1.25,5775
1.25,5774
1.25,5773
1.251,5772
1.251,5771
1.252,5770
1.252,5769
1.252,5768
1.253,5767
1.253,5766
1.253,5765
1.254,5764
1.254,5763
1.254,5762
1.255,5761
1.255,5760
1.256,5759
1.256,5758
1.257,5757
1.259,5756
1.259,5755
1.259,5754
1.259,5753
1.259,5752
1.259,5751
1.26,5750
1.26,5749
1.261,5748
1.261,5747
1.262,5746
1.262,5745
1.262,5744
1.263,5743
1.263,5742
1.263,5741
1.264,5740
1.264,5739
1.264,5738
1.265,5737
1.265,5736
1.266,5735
1.266,5734
1.266,5733
1.266,5732
1.267,5731
1.267,5730
1.267,5729
1.268,5728
1.268,5727
1.268,5726
1.268,5725
1.269,5724
1.269,5723
1.269,5722
1.269,5721
1.27,5720
1.27,5719
1.271,5718
1.271,5717
1.272,5716
1.272,5715
1.272,5714
1.272,5713
1.272,5712
1.272,5711
1.273,5710
1.273,5709
1.274,5708
1.274,5707
1.274,5706
1.274,5705
1.276,5704
1.276,5703
1.276,5702
1.276,5701
1.276,5700
1.277,5699
1.277,5698
1.277,5697
1.277,5696
1.277,5695
1.278,5694
1.278,5693
1.278,5692
1.278,5691
1.279,5690
1.28,5689
1.28,5688
1.281,5687
1.282,5686
1.282,5685
1.283,5684
1.283,5683
1.284,5682
1.284,5681
1.284,5680
1.284,5679
1.284,5678
1.285,5677
1.285,5676
1.285,5675
1.286,5674
1.286,5673
1.286,5672
1.287,5671
1.288,5670
1.288,5669
1.288,5668
1.288,5667
1.289,5666
1.289,5665
1.289,5664
1.289,5663
1.29,5662
1.29,5661
1.292,5660
1.292,5659
1.292,5658
1.293,5657
1.293,5656
1.293,5655
1.294,5654
1.294,5653
1.294,5652
1.294,5651
1.295,5650
1.295,5649
1.296,5648
1.296,5647
1.296,5646
1.296,5645
1.296,5644
1.297,5643
1.297,5642
1.297,5641
1.298,5640
1.298,5639
1.298,5638
1.299,5637
1.299,5636
1.3,5635
1.3,5634
1.301,5633
1.301,5632
1.301,5631
1.303,5630
1.303,5629
1.303,5628
1.303,5627
1.304,5626
1.304,5625
1.304,5624
1.304,5623
1.305,5622
1.306,5621
1.306,5620
1.306,5619
1.306,5618
1.307,5617
1.307,5616
1.307,5615
1.307,5614
1.308,5613
1.308,5612
1.31,5611
1.31,5610
1.311,5609
1.311,5608
1.312,5607
1.312,5606
1.313,5605
1.315,5604
1.317,5603
1.318,5602
1.318,5601
1.318,5600
1.32,5599
1.321,5598
1.321,5597
1.322,5596
1.322,5595
1.323,5594
1.323,5593
1.325,5592
1.327,5591
1.327,5590
1.327,5589
1.329,5588
1.329,5587
1.33,5586
1.331,5585
1.331,5584
1.331,5583
1.332,5582
1.332,5581
1.333,5580
1.333,5579
1.333,5578
1.334,5577
1.335,5576
1.335,5575
1.335,5574
1.336,5573
1.337,5572
1.337,5571
1.338,5570
1.338,5569
1.338,5568
1.338,5567
1.339,5566
1.339,5565
1.341,5564
1.343,5563
1.343,5562
1.343,5561
1.344,5560
1.344,5559
1.345,5558
1.346,5557
1.347,5556
1.348,5555
1.348,5554
1.349,5553
1.35,5552
1.351,5551
1.352,5550
1.353,5549
1.353,5548
1.354,5547
1.354,5546
1.356,5545
1.357,5544
1.357,5543
1.357,5542
1.358,5541
1.358,5540
1.359,5539
1.359,5538
1.359,5537
1.359,5536
1.36,5535
1.37,5534
1.371,5533
1.371,5532
1.371,5531
1.372,5530
1.372,5529
1.374,5528
1.374,5527
1.374,5526
1.374,5525
1.376,5524
1.376,5523
1.376,5522
1.377,5521
1.377,5520
1.378,5519
1.378,5518
1.378,5517
1.378,5516
1.379,5515
1.379,5514
1.38,5513
1.38,5512
1.381,5511
1.381,5510
1.381,5509
1.381,5508
1.382,5507
1.382,5506
1.382,5505
1.382,5504
1.383,5503
1.383,5502
1.383,5501
1.384,5500
1.384,5499
1.384,5498
1.386,5497
1.386,5496
1.386,5495
1.386,5494
1.388,5493
1.388,5492
1.389,5491
1.39,5490
1.39,5489
1.391,5488
1.391,5487
1.391,5486
1.392,5485
1.392,5484
1.392,5483
1.392,5482
1.393,5481
1.393,5480
1.393,5479
1.394,5478
1.394,5477
1.395,5476
1.395,5475
1.395,5474
1.396,5473
1.396,5472
1.396,5471
1.397,5470
1.398,5469
1.399,5468
1.399,5467
1.399,5466
1.4,5465
1.401,5464
1.401,5463
1.401,5462
1.401,5461
1.401,5460
1.402,5459
1.402,5458
1.402,5457
1.403,5456
1.403,5455
1.403,5454
1.404,5453
1.404,5452
1.405,5451
1.405,5450
1.406,5449
1.406,5448
1.406,5447
1.406,5446
1.407,5445
1.408,5444
1.409,5443
1.409,5442
1.409,5441
1.41,5440
1.411,5439
1.411,5438
1.412,5437
1.413,5436
1.414,5435
1.414,5434
1.415,5433
1.416,5432
1.416,5431
1.417,5430
1.417,5429
1.418,5428
1.419,5427
1.419,5426
1.422,5425
1.422,5424
1.424,5423
1.424,5422
1.424,5421
1.425,5420
1.426,5419
1.427,5418
1.427,5417
1.428,5416
1.429,5415
1.43,5414
1.433,5413
1.433,5412
1.433,5411
1.434,5410
1.435,5409
1.438,5408
1.438,5407
1.438,5406
1.439,5405
1.44,5404
1.44,5403
1.44,5402
1.441,5401
1.441,5400
1.441,5399
1.442,5398
1.444,5397
1.444,5396
1.445,5395
1.445,5394
1.445,5393
1.446,5392
1.449,5391
1.45,5390
1.451,5389
1.452,5388
1.453,5387
1.453,5386
1.453,5385
1.454,5384
1.455,5383
1.455,5382
1.455,5381
1.455,5380
1.455,5379
1.457,5378
1.457,5377
1.46,5376
1.46,5375
1.46,5374
1.461,5373
1.462,5372
1.463,5371
1.463,5370
1.463,5369
1.463,5368
1.466,5367
1.466,5366
1.467,5365
1.468,5364
1.469,5363
1.47,5362
1.471,5361
1.472,5360
1.473,5359
1.474,5358
1.478,5357
1.48,5356
1.481,5355
1.481,5354
1.482,5353
1.484,5352
1.485,5351
1.487,5350
1.488,5349
1.491,5348
1.491,5347
1.491,5346
1.491,5345
1.491,5344
1.493,5343
1.494,5342
1.494,5341
1.497,5340
1.499,5339
1.501,5338
1.503,5337
1.504,5336
1.504,5335
1.506,5334
1.507,5333
1.508,5332
1.508,5331
1.508,5330
1.51,5329
1.51,5328
1.514,5327
1.515,5326
1.516,5325
1.516,5324
1.522,5323
1.523,5322
1.526,5321
1.526,5320
1.528,5319
1.528,5318
1.528,5317
1.531,5316
1.536,5315
1.537,5314
1.539,5313
1.539,5312
1.541,5311
1.541,5310
1.542,5309
1.543,5308
1.544,5307
1.544,5306
1.548,5305
1.548,5304
1.552,5303
1.554,5302
1.556,5301
1.557,5300
1.559,5299
1.559,5298
1.559,5297
1.563,5296
1.564,5295
1.564,5294
1.565,5293
1.566,5292
1.566,5291
1.566,5290
1.567,5289
1.568,5288
1.568,5287
1.569,5286
1.57,5285
1.57,5284
1.57,5283
1.572,5282
1.578,5281
1.58,5280
1.585,5279
1.587,5278
1.588,5277
1.594,5276
1.594,5275
1.597,5274
1.598,5273
1.6,5272
1.601,5271
1.602,5270
1.605,5269
1.613,5268
1.614,5267
1.622,5266
1.631,5265
1.632,5264
1.644,5263
1.645,5262
1.653,5261
1.656,5260
1.658,5259
1.658,5258
1.658,5257
1.659,5256
1.665,5255
1.665,5254
1.666,5253
1.671,5252
1.671,5251
1.674,5250
1.674,5249
1.68,5248
1.681,5247
1.693,5246
1.695,5245
1.698,5244
1.715,5243
1.724,5242
1.724,5241
1.725,5240
1.733,5239
1.743,5238
1.744,5237
1.745,5236
1.749,5235
1.756,5234
1.768,5233
1.783,5232
1.787,5231
1.803,5230
1.809,5229
1.842,5228
1.843,5227
1.846,5226
1.848,5225
1.857,5224
1.876,5223
1.887,5222
1.933,5221
2.029,5220
2.042,5219
2.095,5218
2.112,5217
2.18,5216
2.308,5215
2.323,5214
