0.002,8636
0.004,8635
0.006,8634
0.006,8633
0.007,8632
0.007,8631
0.008,8630
0.008,8629
0.009,8628
0.009,8627
0.01,8626
0.01,8625
0.01,8624
0.011,8623
0.011,8622
0.011,8621
0.011,8620
0.011,8619
0.011,8618
0.012,8617
0.012,8616
0.012,8615
0.012,8614
0.012,8613
0.012,8612
0.012,8611
0.012,8610
0.012,8609
0.013,8608
0.013,8607
0.013,8606
0.013,8605
0.013,8604
0.013,8603
0.013,8602
0.013,8601
0.014,8600
0.014,8599
0.014,8598
0.014,8597
0.014,8596
0.014,8595
0.014,8594
0.014,8593
0.015,8592
0.015,8591
0.015,8590
0.015,8589
0.015,8588
0.015,8587
0.016,8586
0.016,8585
0.016,8584
0.016,8583
0.016,8582
0.017,8581
0.017,8580
0.017,8579
0.017,8578
0.017,8577
0.017,8576
0.017,8575
0.018,8574
0.018,8573
0.018,8572
0.019,8571
0.019,8570
0.019,8569
0.019,8568
0.019,8567
0.02,8566
0.02,8565
0.02,8564
0.02,8563
0.02,8562
0.02,8561
0.021,8560
0.021,8559
0.021,8558
0.021,8557
0.021,8556
0.021,8555
0.021,8554
0.021,8553
0.022,8552
0.022,8551
0.022,8550
0.024,8549
0.024,8548
0.024,8547
0.024,8546
0.024,8545
0.024,8544
0.024,8543
0.025,8542
0.025,8541
0.025,8540
0.025,8539
0.025,8538
0.025,8537
0.025,8536
0.025,8535
0.025,8534
0.026,8533
0.026,8532
0.026,8531
0.026,8530
0.026,8529
0.027,8528
0.027,8527
0.027,8526
0.027,8525
0.027,8524
0.027,8523
0.027,8522
0.028,8521
0.028,8520
0.028,8519
0.028,8518
0.028,8517
0.028,8516
0.028,8515
0.029,8514
0.029,8513
0.029,8512
0.029,8511
0.029,8510
0.029,8509
0.029,8508
0.029,8507
0.029,8506
0.029,8505
0.03,8504
0.03,8503
0.03,8502
0.03,8501
0.036,8500
0.036,8499
0.036,8498
0.036,8497
0.036,8496
0.036,8495
0.037,8494
0.037,8493
0.037,8492
0.037,8491
0.037,8490
0.037,8489
0.037,8488
0.037,8487
0.038,8486
0.038,8485
0.038,8484
0.038,8483
0.038,8482
0.039,8481
0.039,8480
0.039,8479
0.039,8478
0.039,8477
0.039,8476
0.039,8475
0.039,8474
0.04,8473
0.04,8472
0.04,8471
0.04,8470
0.041,8469
0.041,8468
0.041,8467
0.041,8466
0.042,8465
0.042,8464
0.042,8463
0.042,8462
0.042,8461
0.042,8460
0.042,8459
0.043,8458
0.043,8457
0.043,8456
0.043,8455
0.043,8454
0.043,8453
0.043,8452
0.043,8451
0.044,8450
0.044,8449
0.044,8448
0.044,8447
0.044,8446
0.045,8445
0.045,8444
0.045,8443
0.045,8442
0.045,8441
0.046,8440
0.046,8439
0.047,8438
0.047,8437
0.047,8436
0.047,8435
0.048,8434
0.048,8433
0.048,8432
0.048,8431
0.049,8430
0.049,8429
0.049,8428
0.049,8427
0.049,8426
0.049,8425
0.05,8424
0.05,8423
0.05,8422
0.05,8421
0.05,8420
0.05,8419
0.051,8418
0.051,8417
0.051,8416
0.052,8415
0.052,8414
0.052,8413
0.052,8412
0.052,8411
0.052,8410
0.052,8409
0.052,8408
0.053,8407
0.053,8406
0.053,8405
0.053,8404
0.054,8403
0.054,8402
0.054,8401
0.054,8400
0.054,8399
0.055,8398
0.055,8397
0.056,8396
0.056,8395
0.056,8394
0.056,8393
0.056,8392
0.056,8391
0.056,8390
0.056,8389
0.056,8388
0.057,8387
0.057,8386
0.057,8385
0.057,8384
0.057,8383
0.058,8382
0.061,8381
0.061,8380
0.061,8379
0.061,8378
0.061,8377
0.061,8376
0.061,8375
0.061,8374
0.062,8373
0.062,8372
0.062,8371
0.063,8370
0.063,8369
0.063,8368
0.063,8367
0.063,8366
0.064,8365
0.064,8364
0.064,8363
0.065,8362
0.065,8361
0.065,8360
0.065,8359
0.065,8358
0.066,8357
0.066,8356
0.066,8355
0.066,8354
0.066,8353
0.066,8352
0.066,8351
0.066,8350
0.067,8349
0.067,8348
0.067,8347
0.067,8346
0.067,8345
0.067,8344
0.067,8343
0.067,8342
0.068,8341
0.068,8340
0.068,8339
0.068,8338
0.069,8337
0.069,8336
0.069,8335
0.069,8334
0.069,8333
0.069,8332
0.069,8331
0.07,8330
0.07,8329
0.07,8328
0.07,8327
0.07,8326
0.07,8325
0.07,8324
0.071,8323
0.071,8322
0.071,8321
0.071,8320
0.071,8319
0.071,8318
0.072,8317
0.072,8316
0.072,8315
0.072,8314
0.072,8313
0.073,8312
0.074,8311
0.074,8310
0.074,8309
0.074,8308
0.074,8307
0.074,8306
0.075,8305
0.075,8304
0.075,8303
0.075,8302
0.075,8301
0.075,8300
0.076,8299
0.076,8298
0.076,8297
0.076,8296
0.076,8295
0.076,8294
0.076,8293
0.077,8292
0.077,8291
0.077,8290
0.077,8289
0.077,8288
0.077,8287
0.077,8286
0.078,8285
0.078,8284
0.078,8283
0.078,8282
0.078,8281
0.078,8280
0.078,8279
0.078,8278
0.079,8277
0.079,8276
0.079,8275
0.079,8274
0.079,8273
0.08,8272
0.08,8271
0.08,8270
0.08,8269
0.08,8268
0.081,8267
0.081,8266
0.081,8265
0.081,8264
0.081,8263
0.081,8262
0.081,8261
0.082,8260
0.082,8259
0.082,8258
0.082,8257
0.082,8256
0.082,8255
0.082,8254
0.083,8253
0.083,8252
0.083,8251
0.083,8250
0.083,8249
0.084,8248
0.084,8247
0.084,8246
0.084,8245
0.084,8244
0.085,8243
0.085,8242
0.085,8241
0.085,8240
0.085,8239
0.085,8238
0.086,8237
0.086,8236
0.086,8235
0.086,8234
0.087,8233
0.088,8232
0.088,8231
0.088,8230
0.088,8229
0.089,8228
0.089,8227
0.09,8226
0.09,8225
0.091,8224
0.091,8223
0.092,8222
0.092,8221
0.092,8220
0.092,8219
0.093,8218
0.093,8217
0.093,8216
0.093,8215
0.093,8214
0.094,8213
0.094,8212
0.095,8211
0.095,8210
0.095,8209
0.095,8208
0.102,8207
0.102,8206
0.102,8205
0.102,8204
0.103,8203
0.103,8202
0.103,8201
0.103,8200
0.103,8199
0.103,8198
0.103,8197
0.103,8196
0.103,8195
0.104,8194
0.104,8193
0.104,8192
0.104,8191
0.105,8190
0.105,8189
0.105,8188
0.105,8187
0.106,8186
0.106,8185
0.106,8184
0.106,8183
0.106,8182
0.106,8181
0.106,8180
0.106,8179
0.106,8178
0.107,8177
0.107,8176
0.107,8175
0.107,8174
0.108,8173
0.108,8172
0.108,8171
0.108,8170
0.108,8169
0.108,8168
0.109,8167
0.109,8166
0.109,8165
0.109,8164
0.109,8163
0.11,8162
0.11,8161
0.11,8160
0.11,8159
0.11,8158
0.11,8157
0.111,8156
0.111,8155
0.111,8154
0.111,8153
0.111,8152
0.111,8151
0.112,8150
0.112,8149
0.112,8148
0.112,8147
0.112,8146
0.112,8145
0.112,8144
0.113,8143
0.113,8142
0.113,8141
0.113,8140
0.113,8139
0.113,8138
0.113,8137
0.114,8136
0.115,8135
0.115,8134
0.115,8133
0.115,8132
0.116,8131
0.116,8130
0.116,8129
0.117,8128
0.117,8127
0.117,8126
0.118,8125
0.118,8124
0.118,8123
0.118,8122
0.118,8121
0.119,8120
0.119,8119
0.119,8118
0.119,8117
0.119,8116
0.12,8115
0.12,8114
0.12,8113
0.12,8112
0.121,8111
0.122,8110
0.122,8109
0.122,8108
0.122,8107
0.122,8106
0.122,8105
0.122,8104
0.123,8103
0.123,8102
0.123,8101
0.123,8100
0.124,8099
0.125,8098
0.125,8097
0.125,8096
0.125,8095
0.125,8094
0.126,8093
0.126,8092
0.126,8091
0.126,8090
0.126,8089
0.127,8088
0.127,8087
0.127,8086
0.128,8085
0.128,8084
0.128,8083
0.128,8082
0.128,8081
0.128,8080
0.128,8079
0.129,8078
0.129,8077
0.129,8076
0.13,8075
0.13,8074
0.131,8073
0.132,8072
0.132,8071
0.133,8070
0.133,8069
0.133,8068
0.133,8067
0.134,8066
0.134,8065
0.135,8064
0.136,8063
0.136,8062
0.136,8061
0.136,8060
0.137,8059
0.137,8058
0.138,8057
0.138,8056
0.138,8055
0.138,8054
0.139,8053
0.139,8052
0.139,8051
0.139,8050
0.139,8049
0.14,8048
0.14,8047
0.141,8046
0.141,8045
0.142,8044
0.142,8043
0.142,8042
0.142,8041
0.142,8040
0.142,8039
0.143,8038
0.143,8037
0.143,8036
0.143,8035
0.144,8034
0.144,8033
0.144,8032
0.144,8031
0.144,8030
0.144,8029
0.145,8028
0.145,8027
0.145,8026
0.146,8025
0.147,8024
0.147,8023
0.147,8022
0.147,8021
0.148,8020
0.148,8019
0.148,8018
0.148,8017
0.148,8016
0.148,8015
0.149,8014
0.149,8013
0.149,8012
0.15,8011
0.15,8010
0.15,8009
0.15,8008
0.15,8007
0.15,8006
0.151,8005
0.151,8004
0.151,8003
0.152,8002
0.152,8001
0.152,8000
0.153,7999
0.153,7998
0.153,7997
0.153,7996
0.153,7995
0.153,7994
0.154,7993
0.154,7992
0.155,7991
0.155,7990
0.155,7989
0.156,7988
0.156,7987
0.156,7986
0.156,7985
0.157,7984
0.157,7983
0.157,7982
0.157,7981
0.157,7980
0.157,7979
0.159,7978
0.159,7977
0.16,7976
0.16,7975
0.16,7974
0.162,7973
0.162,7972
0.162,7971
0.162,7970
0.162,7969
0.162,7968
0.162,7967
0.163,7966
0.163,7965
0.163,7964
0.164,7963
0.164,7962
0.164,7961
0.164,7960
0.165,7959
0.165,7958
0.166,7957
0.166,7956
0.166,7955
0.166,7954
0.167,7953
0.167,7952
0.167,7951
0.167,7950
0.167,7949
0.168,7948
0.168,7947
0.168,7946
0.169,7945
0.169,7944
0.169,7943
0.169,7942
0.169,7941
0.17,7940
0.17,7939
0.17,7938
0.171,7937
0.171,7936
0.171,7935
0.171,7934
0.172,7933
0.172,7932
0.172,7931
0.172,7930
0.173,7929
0.173,7928
0.173,7927
0.174,7926
0.174,7925
0.174,7924
0.175,7923
0.175,7922
0.175,7921
0.176,7920
0.176,7919
0.176,7918
0.176,7917
0.176,7916
0.177,7915
0.177,7914
0.177,7913
0.178,7912
0.178,7911
0.178,7910
0.179,7909
0.179,7908
0.179,7907
0.18,7906
0.181,7905
0.182,7904
0.182,7903
0.182,7902
0.182,7901
0.182,7900
0.182,7899
0.182,7898
0.183,7897
0.183,7896
0.183,7895
0.183,7894
0.183,7893
0.184,7892
0.184,7891
0.185,7890
0.186,7889
0.186,7888
0.186,7887
0.187,7886
0.187,7885
0.187,7884
0.188,7883
0.188,7882
0.188,7881
0.189,7880
0.19,7879
0.19,7878
0.191,7877
0.191,7876
0.191,7875
0.192,7874
0.192,7873
0.192,7872
0.192,7871
0.193,7870
0.193,7869
0.193,7868
0.194,7867
0.194,7866
0.195,7865
0.195,7864
0.195,7863
0.196,7862
0.196,7861
0.196,7860
0.197,7859
0.197,7858
0.197,7857
0.198,7856
0.198,7855
0.198,7854
0.198,7853
0.199,7852
0.199,7851
0.2,7850
0.2,7849
0.201,7848
0.202,7847
0.202,7846
0.202,7845
0.202,7844
0.202,7843
0.203,7842
0.203,7841
0.203,7840
0.203,7839
0.203,7838
0.204,7837
0.204,7836
0.204,7835
0.204,7834
0.204,7833
0.204,7832
0.204,7831
0.211,7830
0.211,7829
0.212,7828
0.212,7827
0.212,7826
0.214,7825
0.214,7824
0.214,7823
0.214,7822
0.214,7821
0.215,7820
0.215,7819
0.216,7818
0.216,7817
0.216,7816
0.217,7815
0.217,7814
0.218,7813
0.22,7812
0.221,7811
0.221,7810
0.222,7809
0.222,7808
0.222,7807
0.223,7806
0.224,7805
0.224,7804
0.224,7803
0.225,7802
0.225,7801
0.225,7800
0.225,7799
0.226,7798
0.227,7797
0.227,7796
0.227,7795
0.228,7794
0.228,7793
0.231,7792
0.231,7791
0.232,7790
0.232,7789
0.233,7788
0.233,7787
0.234,7786
0.234,7785
0.235,7784
0.235,7783
0.235,7782
0.236,7781
0.236,7780
0.237,7779
0.238,7778
0.238,7777
0.238,7776
0.239,7775
0.239,7774
0.24,7773
0.241,7772
0.241,7771
0.241,7770
0.241,7769
0.242,7768
0.242,7767
0.243,7766
0.243,7765
0.243,7764
0.243,7763
0.244,7762
0.244,7761
0.245,7760
0.245,7759
0.247,7758
0.247,7757
0.248,7756
0.25,7755
0.25,7754
0.251,7753
0.251,7752
0.251,7751
0.252,7750
0.253,7749
0.253,7748
0.256,7747
0.256,7746
0.256,7745
0.257,7744
0.258,7743
0.258,7742
0.259,7741
0.259,7740
0.259,7739
0.26,7738
0.261,7737
0.261,7736
0.263,7735
0.264,7734
0.264,7733
0.265,7732
0.265,7731
0.266,7730
0.266,7729
0.267,7728
0.269,7727
0.269,7726
0.27,7725
0.27,7724
0.27,7723
0.271,7722
0.273,7721
0.274,7720
0.277,7719
0.277,7718
0.278,7717
0.279,7716
0.28,7715
0.28,7714
0.281,7713
0.282,7712
0.282,7711
0.284,7710
0.285,7709
0.285,7708
0.286,7707
0.288,7706
0.288,7705
0.289,7704
0.289,7703
0.29,7702
0.29,7701
0.29,7700
0.291,7699
0.291,7698
0.292,7697
0.292,7696
0.292,7695
0.293,7694
0.294,7693
0.294,7692
0.295,7691
0.296,7690
0.296,7689
0.297,7688
0.297,7687
0.298,7686
0.298,7685
0.299,7684
0.3,7683
0.3,7682
0.305,7681
0.306,7680
0.307,7679
0.308,7678
0.309,7677
0.309,7676
0.31,7675
0.311,7674
0.311,7673
0.311,7672
0.312,7671
0.312,7670
0.314,7669
0.314,7668
0.316,7667
0.317,7666
0.319,7665
0.319,7664
0.32,7663
0.32,7662
0.321,7661
0.322,7660
0.322,7659
0.323,7658
0.323,7657
0.325,7656
0.328,7655
0.328,7654
0.329,7653
0.331,7652
0.332,7651
0.333,7650
0.335,7649
0.335,7648
0.336,7647
0.336,7646
0.336,7645
0.337,7644
0.337,7643
0.337,7642
0.338,7641
0.341,7640
0.343,7639
0.343,7638
0.345,7637
0.349,7636
0.35,7635
0.351,7634
0.351,7633
0.352,7632
0.352,7631
0.353,7630
0.355,7629
0.356,7628
0.356,7627
0.356,7626
0.357,7625
0.357,7624
0.361,7623
0.363,7622
0.363,7621
0.366,7620
0.367,7619
0.369,7618
0.37,7617
0.372,7616
0.372,7615
0.374,7614
0.376,7613
0.377,7612
0.378,7611
0.378,7610
0.38,7609
0.38,7608
0.382,7607
0.382,7606
0.383,7605
0.385,7604
0.386,7603
0.387,7602
0.387,7601
0.387,7600
0.388,7599
0.39,7598
0.391,7597
0.391,7596
0.392,7595
0.392,7594
0.392,7593
0.394,7592
0.395,7591
0.396,7590
0.399,7589
0.399,7588
0.401,7587
0.403,7586
0.403,7585
0.403,7584
0.405,7583
0.407,7582
0.416,7581
0.417,7580
0.419,7579
0.421,7578
0.422,7577
0.424,7576
0.424,7575
0.424,7574
0.426,7573
0.426,7572
0.426,7571
0.427,7570
0.427,7569
0.428,7568
0.429,7567
0.431,7566
0.432,7565
0.435,7564
0.436,7563
0.436,7562
0.437,7561
0.438,7560
0.439,7559
0.443,7558
0.444,7557
0.444,7556
0.446,7555
0.446,7554
0.449,7553
0.45,7552
0.45,7551
0.452,7550
0.452,7549
0.455,7548
0.456,7547
0.458,7546
0.459,7545
0.46,7544
0.46,7543
0.461,7542
0.465,7541
0.468,7540
0.47,7539
0.47,7538
0.471,7537
0.476,7536
0.476,7535
0.477,7534
0.477,7533
0.477,7532
0.478,7531
0.479,7530
0.48,7529
0.481,7528
0.482,7527
0.483,7526
0.485,7525
0.486,7524
0.487,7523
0.488,7522
0.489,7521
0.49,7520
0.491,7519
0.494,7518
0.496,7517
0.496,7516
0.496,7515
0.498,7514
0.503,7513
0.506,7512
0.507,7511
0.509,7510
0.51,7509
0.51,7508
0.511,7507
0.511,7506
0.512,7505
0.513,7504
0.515,7503
0.516,7502
0.521,7501
0.525,7500
0.53,7499
0.54,7498
0.542,7497
0.544,7496
0.546,7495
0.546,7494
0.547,7493
0.548,7492
0.548,7491
0.549,7490
0.551,7489
0.551,7488
0.553,7487
0.557,7486
0.568,7485
0.568,7484
0.574,7483
0.574,7482
0.575,7481
0.575,7480
0.575,7479
0.576,7478
0.577,7477
0.577,7476
0.582,7475
0.584,7474
0.588,7473
0.59,7472
0.59,7471
0.592,7470
0.592,7469
0.593,7468
0.599,7467
0.604,7466
0.608,7465
0.611,7464
0.616,7463
0.616,7462
0.62,7461
0.623,7460
0.625,7459
0.627,7458
0.631,7457
0.633,7456
0.636,7455
0.637,7454
0.639,7453
0.639,7452
0.64,7451
0.646,7450
0.646,7449
0.648,7448
0.648,7447
0.658,7446
0.662,7445
0.665,7444
0.665,7443
0.666,7442
0.669,7441
0.669,7440
0.671,7439
0.671,7438
0.672,7437
0.673,7436
0.673,7435
0.674,7434
0.676,7433
0.68,7432
0.682,7431
0.686,7430
0.686,7429
0.688,7428
0.693,7427
0.694,7426
0.696,7425
0.698,7424
0.698,7423
0.701,7422
0.704,7421
0.71,7420
0.712,7419
0.73,7418
0.735,7417
0.737,7416
0.742,7415
0.743,7414
0.752,7413
0.754,7412
0.754,7411
0.767,7410
0.77,7409
0.793,7408
0.794,7407
0.802,7406
0.809,7405
0.813,7404
0.814,7403
0.817,7402
0.818,7401
0.818,7400
0.818,7399
0.824,7398
0.824,7397
0.826,7396
0.83,7395
0.847,7394
0.86,7393
0.869,7392
0.882,7391
0.892,7390
0.897,7389
0.898,7388
0.905,7387
0.905,7386
0.918,7385
0.936,7384
0.956,7383
0.97,7382
0.98,7381
0.985,7380
0.99,7379
1.008,7378
1.014,7377
1.034,7376
1.037,7375
1.043,7374
1.054,7373
1.082,7372
1.091,7371
1.118,7370
1.119,7369
1.121,7368
1.138,7367
1.153,7366
1.192,7365
1.237,7364
1.288,7363
1.292,7362
1.313,7361
1.32,7360
1.326,7359
1.341,7358
1.347,7357
1.361,7356
1.474,7355
1.488,7354
1.509,7353
1.561,7352
1.609,7351
1.784,7350
2.024,7349
