0.002,13440
0.004,13439
0.005,13438
0.006,13437
0.007,13436
0.008,13435
0.009,13434
0.01,13433
0.011,13432
0.011,13431
0.012,13430
0.012,13429
0.012,13428
0.012,13427
0.013,13426
0.013,13425
0.013,13424
0.013,13423
0.013,13422
0.013,13421
0.013,13420
0.014,13419
0.014,13418
0.015,13417
0.015,13416
0.016,13415
0.016,13414
0.017,13413
0.017,13412
0.017,13411
0.018,13410
0.018,13409
0.018,13408
0.018,13407
0.018,13406
0.019,13405
0.019,13404
0.019,13403
0.019,13402
0.019,13401
0.019,13400
0.019,13399
0.019,13398
0.02,13397
0.02,13396
0.02,13395
0.02,13394
0.02,13393
0.02,13392
0.021,13391
0.021,13390
0.021,13389
0.021,13388
0.021,13387
0.021,13386
0.022,13385
0.022,13384
0.022,13383
0.022,13382
0.023,13381
0.023,13380
0.023,13379
0.023,13378
0.023,13377
0.023,13376
0.023,13375
0.024,13374
0.024,13373
0.024,13372
0.024,13371
0.024,13370
0.024,13369
0.025,13368
0.025,13367
0.025,13366
0.025,13365
0.025,13364
0.026,13363
0.026,13362
0.026,13361
0.026,13360
0.026,13359
0.026,13358
0.027,13357
0.027,13356
0.027,13355
0.027,13354
0.027,13353
0.028,13352
0.028,13351
0.028,13350
0.028,13349
0.03,13348
0.03,13347
0.03,13346
0.03,13345
0.03,13344
0.03,13343
0.03,13342
0.031,13341
0.031,13340
0.031,13339
0.031,13338
0.031,13337
0.031,13336
0.031,13335
0.031,13334
0.032,13333
0.032,13332
0.034,13331
0.034,13330
0.034,13329
0.035,13328
0.035,13327
0.035,13326
0.035,13325
0.036,13324
0.036,13323
0.036,13322
0.036,13321
0.036,13320
0.037,13319
0.037,13318
0.037,13317
0.037,13316
0.037,13315
0.037,13314
0.037,13313
0.037,13312
0.038,13311
0.038,13310
0.038,13309
0.038,13308
0.038,13307
0.039,13306
0.039,13305
0.039,13304
0.039,13303
0.039,13302
0.039,13301
0.04,13300
0.04,13299
0.04,13298
0.04,13297
0.04,13296
0.04,13295
0.041,13294
0.041,13293
0.041,13292
0.041,13291
0.041,13290
0.041,13289
0.041,13288
0.042,13287
0.042,13286
0.042,13285
0.042,13284
0.042,13283
0.042,13282
0.043,13281
0.043,13280
0.043,13279
0.043,13278
0.043,13277
0.043,13276
0.044,13275
0.044,13274
0.044,13273
0.044,13272
0.044,13271
0.044,13270
0.045,13269
0.045,13268
0.045,13267
0.045,13266
0.045,13265
0.046,13264
0.046,13263
0.046,13262
0.046,13261
0.046,13260
0.046,13259
0.047,13258
0.047,13257
0.047,13256
0.047,13255
0.047,13254
0.048,13253
0.048,13252
0.048,13251
0.048,13250
0.048,13249
0.048,13248
0.048,13247
0.049,13246
0.049,13245
0.049,13244
0.049,13243
0.05,13242
0.05,13241
0.05,13240
0.05,13239
0.05,13238
0.051,13237
0.051,13236
0.051,13235
0.051,13234
0.052,13233
0.052,13232
0.052,13231
0.052,13230
0.052,13229
0.052,13228
0.052,13227
0.053,13226
0.053,13225
0.053,13224
0.054,13223
0.054,13222
0.054,13221
0.054,13220
0.054,13219
0.054,13218
0.055,13217
0.055,13216
0.055,13215
0.055,13214
0.055,13213
0.056,13212
0.056,13211
0.057,13210
0.057,13209
0.057,13208
0.057,13207
0.057,13206
0.058,13205
0.058,13204
0.058,13203
0.058,13202
0.058,13201
0.059,13200
0.059,13199
0.059,13198
0.059,13197
0.059,13196
0.059,13195
0.06,13194
0.06,13193
0.06,13192
0.06,13191
0.06,13190
0.07,13189
0.07,13188
0.07,13187
0.072,13186
0.074,13185
0.075,13184
0.075,13183
0.075,13182
0.075,13181
0.075,13180
0.075,13179
0.075,13178
0.075,13177
0.075,13176
0.075,13175
0.076,13174
0.076,13173
0.076,13172
0.076,13171
0.076,13170
0.076,13169
0.076,13168
0.076,13167
0.077,13166
0.077,13165
0.077,13164
0.077,13163
0.077,13162
0.077,13161
0.077,13160
0.077,13159
0.078,13158
0.078,13157
0.078,13156
0.078,13155
0.079,13154
0.079,13153
0.079,13152
0.079,13151
0.079,13150
0.08,13149
0.08,13148
0.08,13147
0.08,13146
0.08,13145
0.08,13144
0.08,13143
0.081,13142
0.081,13141
0.081,13140
0.081,13139
0.082,13138
0.082,13137
0.082,13136
0.082,13135
0.082,13134
0.082,13133
0.082,13132
0.082,13131
0.082,13130
0.082,13129
0.083,13128
0.083,13127
0.083,13126
0.083,13125
0.083,13124
0.083,13123
0.084,13122
0.084,13121
0.085,13120
0.085,13119
0.085,13118
0.085,13117
0.085,13116
0.085,13115
0.085,13114
0.085,13113
0.086,13112
0.086,13111
0.086,13110
0.086,13109
0.086,13108
0.086,13107
0.086,13106
0.087,13105
0.087,13104
0.087,13103
0.087,13102
0.087,13101
0.087,13100
0.087,13099
0.087,13098
0.088,13097
0.088,13096
0.088,13095
0.088,13094
0.088,13093
0.088,13092
0.088,13091
0.089,13090
0.089,13089
0.089,13088
0.089,13087
0.089,13086
0.089,13085
0.089,13084
0.09,13083
0.09,13082
0.09,13081
0.09,13080
0.09,13079
0.09,13078
0.09,13077
0.09,13076
0.09,13075
0.091,13074
0.091,13073
0.091,13072
0.092,13071
0.092,13070
0.092,13069
0.092,13068
0.092,13067
0.092,13066
0.092,13065
0.092,13064
0.092,13063
0.092,13062
0.093,13061
0.093,13060
0.093,13059
0.093,13058
0.093,13057
0.093,13056
0.093,13055
0.093,13054
0.094,13053
0.094,13052
0.094,13051
0.094,13050
0.094,13049
0.094,13048
0.094,13047
0.095,13046
0.095,13045
0.095,13044
0.095,13043
0.095,13042
0.095,13041
0.095,13040
0.096,13039
0.096,13038
0.096,13037
0.096,13036
0.096,13035
0.096,13034
0.096,13033
0.096,13032
0.097,13031
0.097,13030
0.097,13029
0.097,13028
0.097,13027
0.097,13026
0.097,13025
0.097,13024
0.097,13023
0.097,13022
0.097,13021
0.098,13020
0.098,13019
0.098,13018
0.098,13017
0.098,13016
0.098,13015
0.098,13014
0.098,13013
0.099,13012
0.099,13011
0.099,13010
0.099,13009
0.099,13008
0.099,13007
0.099,13006
0.099,13005
0.1,13004
0.1,13003
0.1,13002
0.1,13001
0.1,13000
0.1,12999
0.1,12998
0.1,12997
0.1,12996
0.1,12995
0.101,12994
0.101,12993
0.101,12992
0.101,12991
0.101,12990
0.101,12989
0.101,12988
0.101,12987
0.101,12986
0.102,12985
0.102,12984
0.102,12983
0.102,12982
0.102,12981
0.102,12980
0.102,12979
0.102,12978
0.102,12977
0.102,12976
0.103,12975
0.103,12974
0.103,12973
0.103,12972
0.103,12971
0.103,12970
0.103,12969
0.103,12968
0.103,12967
0.103,12966
0.103,12965
0.104,12964
0.104,12963
0.104,12962
0.104,12961
0.104,12960
0.104,12959
0.104,12958
0.104,12957
0.104,12956
0.105,12955
0.105,12954
0.105,12953
0.105,12952
0.105,12951
0.105,12950
0.105,12949
0.105,12948
0.105,12947
0.105,12946
0.105,12945
0.106,12944
0.106,12943
0.106,12942
0.106,12941
0.106,12940
0.106,12939
0.106,12938
0.106,12937
0.106,12936
0.106,12935
0.107,12934
0.107,12933
0.107,12932
0.107,12931
0.107,12930
0.107,12929
0.108,12928
0.108,12927
0.108,12926
0.108,12925
0.108,12924
0.108,12923
0.108,12922
0.108,12921
0.108,12920
0.108,12919
0.109,12918
0.109,12917
0.109,12916
0.109,12915
0.109,12914
0.109,12913
0.11,12912
0.11,12911
0.11,12910
0.11,12909
0.11,12908
0.111,12907
0.111,12906
0.111,12905
0.111,12904
0.111,12903
0.111,12902
0.111,12901
0.111,12900
0.112,12899
0.112,12898
0.112,12897
0.112,12896
0.112,12895
0.112,12894
0.112,12893
0.113,12892
0.113,12891
0.113,12890
0.113,12889
0.113,12888
0.113,12887
0.113,12886
0.113,12885
0.114,12884
0.114,12883
0.114,12882
0.114,12881
0.114,12880
0.114,12879
0.114,12878
0.114,12877
0.114,12876
0.114,12875
0.114,12874
0.115,12873
0.115,12872
0.115,12871
0.115,12870
0.115,12869
0.115,12868
0.115,12867
0.115,12866
0.116,12865
0.116,12864
0.116,12863
0.116,12862
0.116,12861
0.116,12860
0.116,12859
0.116,12858
0.116,12857
0.116,12856
0.116,12855
0.116,12854
0.117,12853
0.117,12852
0.117,12851
0.117,12850
0.117,12849
0.117,12848
0.117,12847
0.117,12846
0.117,12845
0.118,12844
0.118,12843
0.118,12842
0.118,12841
0.118,12840
0.118,12839
0.118,12838
0.118,12837
0.118,12836
0.119,12835
0.119,12834
0.119,12833
0.119,12832
0.119,12831
0.119,12830
0.119,12829
0.119,12828
0.119,12827
0.119,12826
0.119,12825
0.119,12824
0.12,12823
0.12,12822
0.12,12821
0.12,12820
0.12,12819
0.12,12818
0.12,12817
0.12,12816
0.12,12815
0.12,12814
0.12,12813
0.121,12812
0.121,12811
0.121,12810
0.121,12809
0.121,12808
0.121,12807
0.121,12806
0.121,12805
0.121,12804
0.121,12803
0.122,12802
0.122,12801
0.122,12800
0.122,12799
0.122,12798
0.122,12797
0.122,12796
0.122,12795
0.122,12794
0.123,12793
0.123,12792
0.123,12791
0.123,12790
0.123,12789
0.123,12788
0.123,12787
0.123,12786
0.123,12785
0.123,12784
0.123,12783
0.124,12782
0.124,12781
0.124,12780
0.124,12779
0.124,12778
0.124,12777
0.124,12776
0.124,12775
0.124,12774
0.124,12773
0.124,12772
0.125,12771
0.125,12770
0.125,12769
0.125,12768
0.125,12767
0.125,12766
0.125,12765
0.125,12764
0.126,12763
0.126,12762
0.126,12761
0.126,12760
0.126,12759
0.126,12758
0.127,12757
0.127,12756
0.127,12755
0.127,12754
0.127,12753
0.127,12752
0.127,12751
0.128,12750
0.128,12749
0.128,12748
0.128,12747
0.128,12746
0.128,12745
0.128,12744
0.128,12743
0.128,12742
0.129,12741
0.129,12740
0.129,12739
0.129,12738
0.129,12737
0.129,12736
0.129,12735
0.13,12734
0.13,12733
0.13,12732
0.13,12731
0.13,12730
0.13,12729
0.13,12728
0.13,12727
0.13,12726
0.13,12725
0.131,12724
0.131,12723
0.131,12722
0.131,12721
0.131,12720
0.131,12719
0.131,12718
0.131,12717
0.132,12716
0.132,12715
0.132,12714
0.132,12713
0.132,12712
0.132,12711
0.132,12710
0.132,12709
0.132,12708
0.132,12707
0.132,12706
0.132,12705
0.133,12704
0.133,12703
0.133,12702
0.133,12701
0.133,12700
0.133,12699
0.133,12698
0.133,12697
0.133,12696
0.134,12695
0.134,12694
0.134,12693
0.134,12692
0.134,12691
0.134,12690
0.134,12689
0.134,12688
0.135,12687
0.135,12686
0.135,12685
0.135,12684
0.135,12683
0.135,12682
0.135,12681
0.136,12680
0.136,12679
0.136,12678
0.136,12677
0.136,12676
0.136,12675
0.136,12674
0.136,12673
0.136,12672
0.136,12671
0.137,12670
0.137,12669
0.137,12668
0.137,12667
0.137,12666
0.137,12665
0.137,12664
0.137,12663
0.138,12662
0.138,12661
0.138,12660
0.138,12659
0.138,12658
0.138,12657
0.138,12656
0.139,12655
0.139,12654
0.139,12653
0.139,12652
0.139,12651
0.139,12650
0.139,12649
0.139,12648
0.139,12647
0.14,12646
0.14,12645
0.14,12644
0.14,12643
0.14,12642
0.14,12641
0.14,12640
0.14,12639
0.141,12638
0.141,12637
0.141,12636
0.141,12635
0.141,12634
0.141,12633
0.141,12632
0.141,12631
0.141,12630
0.141,12629
0.142,12628
0.142,12627
0.142,12626
0.142,12625
0.142,12624
0.142,12623
0.142,12622
0.142,12621
0.142,12620
0.142,12619
0.143,12618
0.143,12617
0.143,12616
0.143,12615
0.143,12614
0.143,12613
0.143,12612
0.143,12611
0.143,12610
0.144,12609
0.144,12608
0.144,12607
0.144,12606
0.144,12605
0.144,12604
0.144,12603
0.145,12602
0.145,12601
0.145,12600
0.145,12599
0.145,12598
0.145,12597
0.145,12596
0.146,12595
0.146,12594
0.146,12593
0.146,12592
0.146,12591
0.146,12590
0.146,12589
0.146,12588
0.147,12587
0.147,12586
0.147,12585
0.147,12584
0.147,12583
0.147,12582
0.147,12581
0.147,12580
0.148,12579
0.148,12578
0.148,12577
0.148,12576
0.148,12575
0.148,12574
0.149,12573
0.149,12572
0.149,12571
0.149,12570
0.149,12569
0.149,12568
0.149,12567
0.149,12566
0.15,12565
0.15,12564
0.15,12563
0.15,12562
0.15,12561
0.15,12560
0.15,12559
0.15,12558
0.15,12557
0.151,12556
0.151,12555
0.151,12554
0.151,12553
0.151,12552
0.151,12551
0.151,12550
0.151,12549
0.151,12548
0.152,12547
0.152,12546
0.152,12545
0.152,12544
0.152,12543
0.152,12542
0.152,12541
0.153,12540
0.153,12539
0.153,12538
0.153,12537
0.153,12536
0.153,12535
0.153,12534
0.154,12533
0.154,12532
0.154,12531
0.154,12530
0.154,12529
0.154,12528
0.154,12527
0.155,12526
0.155,12525
0.155,12524
0.155,12523
0.155,12522
0.155,12521
0.155,12520
0.156,12519
0.156,12518
0.156,12517
0.156,12516
0.156,12515
0.156,12514
0.156,12513
0.156,12512
0.156,12511
0.157,12510
0.157,12509
0.157,12508
0.157,12507
0.157,12506
0.157,12505
0.157,12504
0.157,12503
0.158,12502
0.158,12501
0.158,12500
0.158,12499
0.158,12498
0.158,12497
0.158,12496
0.158,12495
0.158,12494
0.159,12493
0.159,12492
0.159,12491
0.159,12490
0.159,12489
0.159,12488
0.159,12487
0.159,12486
0.159,12485
0.159,12484
0.159,12483
0.16,12482
0.16,12481
0.16,12480
0.16,12479
0.16,12478
0.161,12477
0.161,12476
0.161,12475
0.161,12474
0.161,12473
0.161,12472
0.161,12471
0.162,12470
0.162,12469
0.162,12468
0.162,12467
0.162,12466
0.162,12465
0.162,12464
0.162,12463
0.162,12462
0.162,12461
0.163,12460
0.163,12459
0.163,12458
0.163,12457
0.163,12456
0.163,12455
0.164,12454
0.164,12453
0.164,12452
0.164,12451
0.164,12450
0.164,12449
0.164,12448
0.164,12447
0.164,12446
0.164,12445
0.164,12444
0.164,12443
0.165,12442
0.165,12441
0.165,12440
0.165,12439
0.165,12438
0.165,12437
0.165,12436
0.165,12435
0.166,12434
0.166,12433
0.166,12432
0.166,12431
0.166,12430
0.166,12429
0.166,12428
0.166,12427
0.166,12426
0.166,12425
0.167,12424
0.167,12423
0.167,12422
0.167,12421
0.167,12420
0.167,12419
0.167,12418
0.167,12417
0.167,12416
0.167,12415
0.167,12414
0.168,12413
0.168,12412
0.168,12411
0.168,12410
0.168,12409
0.168,12408
0.169,12407
0.169,12406
0.169,12405
0.169,12404
0.169,12403
0.169,12402
0.169,12401
0.17,12400
0.171,12399
0.171,12398
0.171,12397
0.171,12396
0.171,12395
0.171,12394
0.171,12393
0.172,12392
0.172,12391
0.172,12390
0.172,12389
0.172,12388
0.172,12387
0.172,12386
0.172,12385
0.173,12384
0.173,12383
0.173,12382
0.173,12381
0.173,12380
0.173,12379
0.174,12378
0.174,12377
0.174,12376
0.174,12375
0.174,12374
0.174,12373
0.174,12372
0.174,12371
0.174,12370
0.175,12369
0.175,12368
0.175,12367
0.175,12366
0.175,12365
0.175,12364
0.175,12363
0.175,12362
0.176,12361
0.176,12360
0.176,12359
0.176,12358
0.176,12357
0.176,12356
0.176,12355
0.176,12354
0.177,12353
0.177,12352
0.177,12351
0.177,12350
0.177,12349
0.177,12348
0.177,12347
0.177,12346
0.178,12345
0.178,12344
0.178,12343
0.178,12342
0.178,12341
0.178,12340
0.178,12339
0.179,12338
0.179,12337
0.179,12336
0.179,12335
0.179,12334
0.179,12333
0.18,12332
0.18,12331
0.18,12330
0.18,12329
0.18,12328
0.18,12327
0.18,12326
0.18,12325
0.18,12324
0.18,12323
0.181,12322
0.181,12321
0.181,12320
0.181,12319
0.181,12318
0.181,12317
0.181,12316
0.181,12315
0.181,12314
0.181,12313
0.182,12312
0.182,12311
0.182,12310
0.182,12309
0.182,12308
0.182,12307
0.182,12306
0.182,12305
0.183,12304
0.183,12303
0.183,12302
0.183,12301
0.183,12300
0.183,12299
0.183,12298
0.183,12297
0.183,12296
0.183,12295
0.183,12294
0.184,12293
0.184,12292
0.184,12291
0.184,12290
0.184,12289
0.184,12288
0.184,12287
0.184,12286
0.184,12285
0.184,12284
0.184,12283
0.185,12282
0.185,12281
0.185,12280
0.185,12279
0.185,12278
0.185,12277
0.185,12276
0.185,12275
0.185,12274
0.186,12273
0.186,12272
0.186,12271
0.186,12270
0.186,12269
0.187,12268
0.187,12267
0.187,12266
0.187,12265
0.188,12264
0.188,12263
0.188,12262
0.188,12261
0.188,12260
0.188,12259
0.188,12258
0.188,12257
0.189,12256
0.189,12255
0.189,12254
0.189,12253
0.189,12252
0.189,12251
0.189,12250
0.189,12249
0.189,12248
0.189,12247
0.19,12246
0.19,12245
0.19,12244
0.19,12243
0.19,12242
0.19,12241
0.19,12240
0.19,12239
0.19,12238
0.191,12237
0.191,12236
0.191,12235
0.191,12234
0.191,12233
0.191,12232
0.191,12231
0.192,12230
0.192,12229
0.192,12228
0.192,12227
0.192,12226
0.192,12225
0.192,12224
0.193,12223
0.193,12222
0.193,12221
0.193,12220
0.193,12219
0.193,12218
0.193,12217
0.193,12216
0.193,12215
0.193,12214
0.193,12213
0.194,12212
0.194,12211
0.194,12210
0.194,12209
0.194,12208
0.194,12207
0.194,12206
0.194,12205
0.194,12204
0.195,12203
0.195,12202
0.195,12201
0.195,12200
0.195,12199
0.195,12198
0.195,12197
0.195,12196
0.196,12195
0.196,12194
0.196,12193
0.196,12192
0.196,12191
0.196,12190
0.197,12189
0.197,12188
0.197,12187
0.197,12186
0.197,12185
0.197,12184
0.197,12183
0.197,12182
0.197,12181
0.198,12180
0.198,12179
0.198,12178
0.198,12177
0.198,12176
0.198,12175
0.198,12174
0.198,12173
0.198,12172
0.199,12171
0.199,12170
0.199,12169
0.199,12168
0.199,12167
0.199,12166
0.199,12165
0.199,12164
0.2,12163
0.2,12162
0.2,12161
0.2,12160
0.2,12159
0.2,12158
0.2,12157
0.209,12156
0.209,12155
0.209,12154
0.209,12153
0.209,12152
0.209,12151
0.209,12150
0.21,12149
0.21,12148
0.21,12147
0.21,12146
0.21,12145
0.21,12144
0.21,12143
0.21,12142
0.21,12141
0.211,12140
0.211,12139
0.211,12138
0.211,12137
0.211,12136
0.211,12135
0.212,12134
0.212,12133
0.212,12132
0.212,12131
0.212,12130
0.212,12129
0.212,12128
0.213,12127
0.213,12126
0.213,12125
0.213,12124
0.213,12123
0.213,12122
0.214,12121
0.214,12120
0.214,12119
0.214,12118
0.214,12117
0.214,12116
0.214,12115
0.215,12114
0.215,12113
0.215,12112
0.215,12111
0.215,12110
0.215,12109
0.215,12108
0.215,12107
0.216,12106
0.216,12105
0.216,12104
0.216,12103
0.216,12102
0.216,12101
0.217,12100
0.217,12099
0.217,12098
0.217,12097
0.217,12096
0.217,12095
0.217,12094
0.218,12093
0.218,12092
0.218,12091
0.218,12090
0.218,12089
0.219,12088
0.219,12087
0.219,12086
0.219,12085
0.219,12084
0.219,12083
0.219,12082
0.22,12081
0.22,12080
0.22,12079
0.22,12078
0.22,12077
0.221,12076
0.221,12075
0.221,12074
0.221,12073
0.221,12072
0.221,12071
0.221,12070
0.221,12069
0.221,12068
0.222,12067
0.222,12066
0.222,12065
0.222,12064
0.222,12063
0.223,12062
0.223,12061
0.223,12060
0.223,12059
0.223,12058
0.223,12057
0.224,12056
0.224,12055
0.224,12054
0.224,12053
0.224,12052
0.224,12051
0.224,12050
0.224,12049
0.224,12048
0.224,12047
0.225,12046
0.225,12045
0.225,12044
0.225,12043
0.225,12042
0.225,12041
0.225,12040
0.225,12039
0.225,12038
0.226,12037
0.226,12036
0.226,12035
0.226,12034
0.226,12033
0.226,12032
0.226,12031
0.226,12030
0.226,12029
0.226,12028
0.227,12027
0.227,12026
0.227,12025
0.227,12024
0.227,12023
0.227,12022
0.227,12021
0.227,12020
0.228,12019
0.228,12018
0.228,12017
0.228,12016
0.228,12015
0.228,12014
0.228,12013
0.228,12012
0.229,12011
0.229,12010
0.229,12009
0.229,12008
0.229,12007
0.229,12006
0.229,12005
0.229,12004
0.23,12003
0.23,12002
0.23,12001
0.23,12000
0.23,11999
0.23,11998
0.23,11997
0.23,11996
0.23,11995
0.23,11994
0.231,11993
0.231,11992
0.231,11991
0.231,11990
0.231,11989
0.232,11988
0.232,11987
0.232,11986
0.232,11985
0.232,11984
0.232,11983
0.232,11982
0.232,11981
0.232,11980
0.233,11979
0.233,11978
0.233,11977
0.233,11976
0.233,11975
0.233,11974
0.233,11973
0.234,11972
0.234,11971
0.234,11970
0.234,11969
0.234,11968
0.234,11967
0.234,11966
0.234,11965
0.234,11964
0.234,11963
0.234,11962
0.235,11961
0.235,11960
0.235,11959
0.235,11958
0.235,11957
0.235,11956
0.235,11955
0.235,11954
0.235,11953
0.235,11952
0.235,11951
0.236,11950
0.236,11949
0.236,11948
0.236,11947
0.236,11946
0.236,11945
0.236,11944
0.236,11943
0.236,11942
0.236,11941
0.237,11940
0.237,11939
0.237,11938
0.237,11937
0.237,11936
0.237,11935
0.237,11934
0.237,11933
0.238,11932
0.238,11931
0.238,11930
0.238,11929
0.238,11928
0.239,11927
0.239,11926
0.239,11925
0.239,11924
0.24,11923
0.24,11922
0.24,11921
0.24,11920
0.24,11919
0.24,11918
0.24,11917
0.24,11916
0.24,11915
0.241,11914
0.241,11913
0.241,11912
0.241,11911
0.241,11910
0.241,11909
0.242,11908
0.242,11907
0.242,11906
0.242,11905
0.242,11904
0.242,11903
0.242,11902
0.243,11901
0.243,11900
0.243,11899
0.243,11898
0.243,11897
0.243,11896
0.243,11895
0.243,11894
0.243,11893
0.243,11892
0.244,11891
0.244,11890
0.244,11889
0.244,11888
0.244,11887
0.245,11886
0.245,11885
0.245,11884
0.245,11883
0.245,11882
0.245,11881
0.246,11880
0.246,11879
0.246,11878
0.246,11877
0.246,11876
0.246,11875
0.246,11874
0.246,11873
0.246,11872
0.247,11871
0.247,11870
0.247,11869
0.247,11868
0.247,11867
0.247,11866
0.247,11865
0.247,11864
0.247,11863
0.247,11862
0.248,11861
0.248,11860
0.248,11859
0.248,11858
0.248,11857
0.248,11856
0.248,11855
0.249,11854
0.249,11853
0.249,11852
0.249,11851
0.249,11850
0.249,11849
0.25,11848
0.25,11847
0.25,11846
0.25,11845
0.25,11844
0.25,11843
0.25,11842
0.25,11841
0.25,11840
0.25,11839
0.251,11838
0.251,11837
0.251,11836
0.251,11835
0.251,11834
0.251,11833
0.251,11832
0.251,11831
0.251,11830
0.251,11829
0.252,11828
0.252,11827
0.252,11826
0.252,11825
0.252,11824
0.252,11823
0.253,11822
0.253,11821
0.253,11820
0.253,11819
0.253,11818
0.253,11817
0.254,11816
0.254,11815
0.254,11814
0.254,11813
0.254,11812
0.254,11811
0.254,11810
0.255,11809
0.255,11808
0.255,11807
0.255,11806
0.255,11805
0.255,11804
0.255,11803
0.255,11802
0.256,11801
0.256,11800
0.256,11799
0.256,11798
0.256,11797
0.256,11796
0.256,11795
0.257,11794
0.257,11793
0.257,11792
0.257,11791
0.257,11790
0.257,11789
0.257,11788
0.257,11787
0.257,11786
0.258,11785
0.258,11784
0.258,11783
0.258,11782
0.258,11781
0.258,11780
0.258,11779
0.259,11778
0.259,11777
0.259,11776
0.259,11775
0.259,11774
0.259,11773
0.259,11772
0.259,11771
0.259,11770
0.259,11769
0.26,11768
0.26,11767
0.26,11766
0.26,11765
0.26,11764
0.26,11763
0.26,11762
0.26,11761
0.26,11760
0.26,11759
0.26,11758
0.261,11757
0.261,11756
0.261,11755
0.261,11754
0.261,11753
0.261,11752
0.262,11751
0.262,11750
0.262,11749
0.262,11748
0.262,11747
0.263,11746
0.263,11745
0.263,11744
0.263,11743
0.263,11742
0.263,11741
0.263,11740
0.263,11739
0.263,11738
0.264,11737
0.264,11736
0.264,11735
0.264,11734
0.264,11733
0.264,11732
0.264,11731
0.264,11730
0.264,11729
0.265,11728
0.265,11727
0.265,11726
0.265,11725
0.265,11724
0.266,11723
0.266,11722
0.266,11721
0.266,11720
0.266,11719
0.266,11718
0.266,11717
0.266,11716
0.266,11715
0.267,11714
0.267,11713
0.267,11712
0.267,11711
0.267,11710
0.267,11709
0.267,11708
0.267,11707
0.267,11706
0.267,11705
0.268,11704
0.268,11703
0.268,11702
0.268,11701
0.268,11700
0.268,11699
0.268,11698
0.269,11697
0.269,11696
0.269,11695
0.269,11694
0.269,11693
0.269,11692
0.269,11691
0.269,11690
0.269,11689
0.27,11688
0.27,11687
0.27,11686
0.27,11685
0.271,11684
0.271,11683
0.271,11682
0.271,11681
0.271,11680
0.271,11679
0.271,11678
0.272,11677
0.272,11676
0.272,11675
0.272,11674
0.272,11673
0.272,11672
0.272,11671
0.273,11670
0.273,11669
0.273,11668
0.273,11667
0.274,11666
0.274,11665
0.274,11664
0.274,11663
0.274,11662
0.274,11661
0.274,11660
0.274,11659
0.275,11658
0.275,11657
0.275,11656
0.275,11655
0.276,11654
0.276,11653
0.276,11652
0.276,11651
0.276,11650
0.276,11649
0.276,11648
0.276,11647
0.277,11646
0.277,11645
0.277,11644
0.277,11643
0.277,11642
0.277,11641
0.278,11640
0.278,11639
0.278,11638
0.278,11637
0.278,11636
0.278,11635
0.278,11634
0.278,11633
0.278,11632
0.278,11631
0.278,11630
0.279,11629
0.279,11628
0.279,11627
0.279,11626
0.279,11625
0.279,11624
0.279,11623
0.279,11622
0.28,11621
0.28,11620
0.28,11619
0.28,11618
0.28,11617
0.28,11616
0.28,11615
0.28,11614
0.28,11613
0.28,11612
0.281,11611
0.281,11610
0.281,11609
0.281,11608
0.281,11607
0.281,11606
0.281,11605
0.281,11604
0.281,11603
0.282,11602
0.282,11601
0.282,11600
0.282,11599
0.282,11598
0.282,11597
0.283,11596
0.283,11595
0.284,11594
0.284,11593
0.284,11592
0.284,11591
0.284,11590
0.284,11589
0.284,11588
0.284,11587
0.285,11586
0.285,11585
0.285,11584
0.285,11583
0.285,11582
0.285,11581
0.285,11580
0.285,11579
0.285,11578
0.286,11577
0.286,11576
0.286,11575
0.286,11574
0.286,11573
0.286,11572
0.286,11571
0.287,11570
0.287,11569
0.287,11568
0.287,11567
0.287,11566
0.287,11565
0.287,11564
0.287,11563
0.287,11562
0.288,11561
0.288,11560
0.288,11559
0.288,11558
0.288,11557
0.288,11556
0.289,11555
0.289,11554
0.289,11553
0.289,11552
0.289,11551
0.29,11550
0.29,11549
0.29,11548
0.29,11547
0.29,11546
0.29,11545
0.29,11544
0.29,11543
0.291,11542
0.291,11541
0.291,11540
0.291,11539
0.291,11538
0.291,11537
0.291,11536
0.291,11535
0.291,11534
0.292,11533
0.292,11532
0.292,11531
0.292,11530
0.292,11529
0.292,11528
0.292,11527
0.292,11526
0.292,11525
0.293,11524
0.293,11523
0.293,11522
0.293,11521
0.293,11520
0.293,11519
0.293,11518
0.293,11517
0.293,11516
0.294,11515
0.294,11514
0.294,11513
0.294,11512
0.294,11511
0.294,11510
0.294,11509
0.295,11508
0.295,11507
0.295,11506
0.295,11505
0.295,11504
0.295,11503
0.295,11502
0.295,11501
0.295,11500
0.296,11499
0.296,11498
0.296,11497
0.296,11496
0.296,11495
0.296,11494
0.296,11493
0.297,11492
0.297,11491
0.297,11490
0.297,11489
0.297,11488
0.297,11487
0.297,11486
0.297,11485
0.297,11484
0.298,11483
0.298,11482
0.298,11481
0.298,11480
0.298,11479
0.298,11478
0.299,11477
0.299,11476
0.299,11475
0.299,11474
0.299,11473
0.299,11472
0.299,11471
0.299,11470
0.299,11469
0.299,11468
0.3,11467
0.3,11466
0.3,11465
0.3,11464
0.3,11463
0.3,11462
0.3,11461
0.3,11460
0.3,11459
0.301,11458
0.301,11457
0.301,11456
0.301,11455
0.302,11454
0.302,11453
0.302,11452
0.302,11451
0.302,11450
0.302,11449
0.302,11448
0.303,11447
0.303,11446
0.303,11445
0.303,11444
0.303,11443
0.303,11442
0.304,11441
0.304,11440
0.304,11439
0.304,11438
0.304,11437
0.304,11436
0.304,11435
0.305,11434
0.305,11433
0.305,11432
0.305,11431
0.305,11430
0.305,11429
0.305,11428
0.305,11427
0.305,11426
0.306,11425
0.306,11424
0.306,11423
0.306,11422
0.306,11421
0.306,11420
0.306,11419
0.306,11418
0.307,11417
0.307,11416
0.307,11415
0.307,11414
0.307,11413
0.307,11412
0.307,11411
0.307,11410
0.308,11409
0.308,11408
0.308,11407
0.308,11406
0.308,11405
0.308,11404
0.308,11403
0.309,11402
0.309,11401
0.309,11400
0.309,11399
0.309,11398
0.309,11397
0.309,11396
0.31,11395
0.31,11394
0.31,11393
0.31,11392
0.31,11391
0.31,11390
0.31,11389
0.31,11388
0.31,11387
0.31,11386
0.31,11385
0.31,11384
0.311,11383
0.311,11382
0.311,11381
0.311,11380
0.311,11379
0.311,11378
0.311,11377
0.312,11376
0.312,11375
0.312,11374
0.312,11373
0.313,11372
0.313,11371
0.314,11370
0.314,11369
0.314,11368
0.315,11367
0.315,11366
0.316,11365
0.316,11364
0.316,11363
0.316,11362
0.316,11361
0.316,11360
0.316,11359
0.316,11358
0.317,11357
0.317,11356
0.317,11355
0.317,11354
0.317,11353
0.318,11352
0.318,11351
0.318,11350
0.318,11349
0.319,11348
0.319,11347
0.319,11346
0.319,11345
0.32,11344
0.32,11343
0.32,11342
0.32,11341
0.32,11340
0.32,11339
0.321,11338
0.321,11337
0.321,11336
0.321,11335
0.321,11334
0.321,11333
0.321,11332
0.322,11331
0.322,11330
0.322,11329
0.322,11328
0.322,11327
0.322,11326
0.322,11325
0.322,11324
0.322,11323
0.323,11322
0.323,11321
0.323,11320
0.323,11319
0.323,11318
0.323,11317
0.323,11316
0.323,11315
0.324,11314
0.324,11313
0.324,11312
0.324,11311
0.324,11310
0.324,11309
0.325,11308
0.325,11307
0.325,11306
0.325,11305
0.325,11304
0.326,11303
0.326,11302
0.326,11301
0.326,11300
0.326,11299
0.326,11298
0.327,11297
0.327,11296
0.327,11295
0.327,11294
0.327,11293
0.327,11292
0.328,11291
0.328,11290
0.328,11289
0.328,11288
0.328,11287
0.328,11286
0.328,11285
0.328,11284
0.329,11283
0.329,11282
0.329,11281
0.329,11280
0.329,11279
0.329,11278
0.329,11277
0.33,11276
0.33,11275
0.33,11274
0.33,11273
0.33,11272
0.33,11271
0.331,11270
0.331,11269
0.331,11268
0.331,11267
0.331,11266
0.331,11265
0.331,11264
0.332,11263
0.332,11262
0.332,11261
0.332,11260
0.332,11259
0.332,11258
0.332,11257
0.332,11256
0.333,11255
0.333,11254
0.333,11253
0.333,11252
0.333,11251
0.333,11250
0.334,11249
0.334,11248
0.334,11247
0.334,11246
0.334,11245
0.334,11244
0.335,11243
0.335,11242
0.336,11241
0.336,11240
0.336,11239
0.336,11238
0.336,11237
0.336,11236
0.336,11235
0.336,11234
0.336,11233
0.336,11232
0.337,11231
0.337,11230
0.337,11229
0.337,11228
0.337,11227
0.338,11226
0.338,11225
0.338,11224
0.338,11223
0.338,11222
0.339,11221
0.339,11220
0.339,11219
0.339,11218
0.339,11217
0.339,11216
0.339,11215
0.339,11214
0.34,11213
0.34,11212
0.34,11211
0.34,11210
0.34,11209
0.341,11208
0.341,11207
0.341,11206
0.341,11205
0.341,11204
0.341,11203
0.341,11202
0.341,11201
0.341,11200
0.341,11199
0.342,11198
0.342,11197
0.342,11196
0.342,11195
0.342,11194
0.342,11193
0.342,11192
0.342,11191
0.342,11190
0.342,11189
0.343,11188
0.343,11187
0.343,11186
0.343,11185
0.343,11184
0.343,11183
0.343,11182
0.343,11181
0.343,11180
0.344,11179
0.344,11178
0.35,11177
0.351,11176
0.351,11175
0.351,11174
0.351,11173
0.351,11172
0.351,11171
0.351,11170
0.352,11169
0.352,11168
0.352,11167
0.352,11166
0.352,11165
0.353,11164
0.353,11163
0.353,11162
0.353,11161
0.353,11160
0.353,11159
0.353,11158
0.353,11157
0.354,11156
0.354,11155
0.354,11154
0.354,11153
0.354,11152
0.354,11151
0.354,11150
0.354,11149
0.354,11148
0.355,11147
0.355,11146
0.355,11145
0.355,11144
0.355,11143
0.355,11142
0.355,11141
0.356,11140
0.356,11139
0.356,11138
0.356,11137
0.356,11136
0.356,11135
0.356,11134
0.356,11133
0.357,11132
0.357,11131
0.357,11130
0.357,11129
0.357,11128
0.357,11127
0.358,11126
0.358,11125
0.358,11124
0.358,11123
0.358,11122
0.359,11121
0.359,11120
0.359,11119
0.359,11118
0.359,11117
0.36,11116
0.36,11115
0.361,11114
0.361,11113
0.361,11112
0.361,11111
0.361,11110
0.361,11109
0.361,11108
0.362,11107
0.362,11106
0.362,11105
0.362,11104
0.362,11103
0.362,11102
0.362,11101
0.362,11100
0.363,11099
0.363,11098
0.363,11097
0.363,11096
0.363,11095
0.363,11094
0.364,11093
0.364,11092
0.364,11091
0.364,11090
0.364,11089
0.364,11088
0.364,11087
0.364,11086
0.365,11085
0.365,11084
0.365,11083
0.365,11082
0.366,11081
0.366,11080
0.366,11079
0.367,11078
0.367,11077
0.367,11076
0.367,11075
0.367,11074
0.367,11073
0.367,11072
0.367,11071
0.367,11070
0.367,11069
0.367,11068
0.367,11067
0.368,11066
0.368,11065
0.368,11064
0.368,11063
0.368,11062
0.368,11061
0.368,11060
0.368,11059
0.369,11058
0.369,11057
0.369,11056
0.369,11055
0.369,11054
0.369,11053
0.369,11052
0.37,11051
0.37,11050
0.37,11049
0.37,11048
0.37,11047
0.37,11046
0.37,11045
0.371,11044
0.371,11043
0.371,11042
0.371,11041
0.371,11040
0.372,11039
0.372,11038
0.372,11037
0.372,11036
0.372,11035
0.372,11034
0.373,11033
0.373,11032
0.373,11031
0.373,11030
0.374,11029
0.374,11028
0.374,11027
0.374,11026
0.375,11025
0.375,11024
0.375,11023
0.375,11022
0.375,11021
0.376,11020
0.376,11019
0.376,11018
0.376,11017
0.376,11016
0.377,11015
0.377,11014
0.377,11013
0.377,11012
0.377,11011
0.377,11010
0.378,11009
0.378,11008
0.378,11007
0.378,11006
0.378,11005
0.378,11004
0.378,11003
0.379,11002
0.379,11001
0.379,11000
0.379,10999
0.379,10998
0.38,10997
0.38,10996
0.38,10995
0.38,10994
0.381,10993
0.381,10992
0.381,10991
0.381,10990
0.381,10989
0.381,10988
0.381,10987
0.382,10986
0.382,10985
0.382,10984
0.382,10983
0.382,10982
0.382,10981
0.382,10980
0.382,10979
0.382,10978
0.383,10977
0.383,10976
0.383,10975
0.383,10974
0.383,10973
0.383,10972
0.383,10971
0.384,10970
0.384,10969
0.384,10968
0.384,10967
0.384,10966
0.384,10965
0.384,10964
0.385,10963
0.385,10962
0.385,10961
0.385,10960
0.385,10959
0.385,10958
0.385,10957
0.385,10956
0.386,10955
0.386,10954
0.386,10953
0.386,10952
0.386,10951
0.386,10950
0.386,10949
0.386,10948
0.386,10947
0.387,10946
0.387,10945
0.387,10944
0.387,10943
0.387,10942
0.387,10941
0.387,10940
0.387,10939
0.387,10938
0.388,10937
0.388,10936
0.388,10935
0.388,10934
0.388,10933
0.388,10932
0.388,10931
0.388,10930
0.388,10929
0.389,10928
0.389,10927
0.389,10926
0.389,10925
0.389,10924
0.389,10923
0.389,10922
0.39,10921
0.39,10920
0.39,10919
0.39,10918
0.39,10917
0.39,10916
0.39,10915
0.391,10914
0.391,10913
0.391,10912
0.391,10911
0.391,10910
0.391,10909
0.392,10908
0.392,10907
0.392,10906
0.392,10905
0.392,10904
0.392,10903
0.392,10902
0.392,10901
0.393,10900
0.393,10899
0.393,10898
0.393,10897
0.393,10896
0.393,10895
0.393,10894
0.393,10893
0.393,10892
0.394,10891
0.394,10890
0.394,10889
0.394,10888
0.394,10887
0.394,10886
0.394,10885
0.394,10884
0.395,10883
0.395,10882
0.396,10881
0.396,10880
0.397,10879
0.397,10878
0.397,10877
0.397,10876
0.397,10875
0.398,10874
0.398,10873
0.398,10872
0.398,10871
0.398,10870
0.398,10869
0.398,10868
0.399,10867
0.399,10866
0.399,10865
0.399,10864
0.399,10863
0.399,10862
0.399,10861
0.399,10860
0.399,10859
0.4,10858
0.4,10857
0.4,10856
0.4,10855
0.4,10854
0.4,10853
0.4,10852
0.4,10851
0.4,10850
0.401,10849
0.401,10848
0.401,10847
0.402,10846
0.402,10845
0.402,10844
0.402,10843
0.402,10842
0.402,10841
0.402,10840
0.403,10839
0.403,10838
0.403,10837
0.403,10836
0.403,10835
0.403,10834
0.404,10833
0.404,10832
0.404,10831
0.404,10830
0.404,10829
0.404,10828
0.404,10827
0.404,10826
0.405,10825
0.405,10824
0.405,10823
0.405,10822
0.405,10821
0.405,10820
0.405,10819
0.405,10818
0.406,10817
0.406,10816
0.406,10815
0.406,10814
0.406,10813
0.406,10812
0.406,10811
0.406,10810
0.406,10809
0.407,10808
0.407,10807
0.407,10806
0.407,10805
0.407,10804
0.407,10803
0.407,10802
0.407,10801
0.407,10800
0.408,10799
0.408,10798
0.408,10797
0.408,10796
0.408,10795
0.408,10794
0.408,10793
0.409,10792
0.409,10791
0.409,10790
0.409,10789
0.409,10788
0.409,10787
0.409,10786
0.41,10785
0.41,10784
0.41,10783
0.41,10782
0.41,10781
0.41,10780
0.41,10779
0.41,10778
0.41,10777
0.411,10776
0.411,10775
0.411,10774
0.411,10773
0.411,10772
0.411,10771
0.412,10770
0.412,10769
0.412,10768
0.412,10767
0.412,10766
0.412,10765
0.412,10764
0.412,10763
0.413,10762
0.413,10761
0.413,10760
0.413,10759
0.413,10758
0.413,10757
0.413,10756
0.414,10755
0.414,10754
0.414,10753
0.414,10752
0.414,10751
0.414,10750
0.414,10749
0.414,10748
0.415,10747
0.415,10746
0.415,10745
0.415,10744
0.415,10743
0.415,10742
0.415,10741
0.415,10740
0.416,10739
0.416,10738
0.416,10737
0.416,10736
0.416,10735
0.416,10734
0.416,10733
0.417,10732
0.417,10731
0.417,10730
0.417,10729
0.417,10728
0.418,10727
0.418,10726
0.418,10725
0.418,10724
0.418,10723
0.419,10722
0.419,10721
0.419,10720
0.419,10719
0.419,10718
0.42,10717
0.42,10716
0.42,10715
0.42,10714
0.42,10713
0.42,10712
0.42,10711
0.421,10710
0.421,10709
0.421,10708
0.421,10707
0.421,10706
0.421,10705
0.422,10704
0.422,10703
0.422,10702
0.422,10701
0.422,10700
0.422,10699
0.422,10698
0.422,10697
0.422,10696
0.423,10695
0.423,10694
0.423,10693
0.423,10692
0.423,10691
0.423,10690
0.423,10689
0.423,10688
0.423,10687
0.423,10686
0.424,10685
0.424,10684
0.424,10683
0.424,10682
0.425,10681
0.425,10680
0.425,10679
0.425,10678
0.425,10677
0.425,10676
0.425,10675
0.425,10674
0.426,10673
0.426,10672
0.426,10671
0.426,10670
0.426,10669
0.426,10668
0.427,10667
0.427,10666
0.427,10665
0.428,10664
0.428,10663
0.428,10662
0.428,10661
0.428,10660
0.429,10659
0.429,10658
0.429,10657
0.429,10656
0.429,10655
0.43,10654
0.43,10653
0.43,10652
0.43,10651
0.43,10650
0.43,10649
0.43,10648
0.43,10647
0.43,10646
0.431,10645
0.431,10644
0.431,10643
0.431,10642
0.431,10641
0.431,10640
0.431,10639
0.432,10638
0.432,10637
0.432,10636
0.432,10635
0.432,10634
0.432,10633
0.432,10632
0.433,10631
0.433,10630
0.433,10629
0.433,10628
0.433,10627
0.433,10626
0.434,10625
0.434,10624
0.434,10623
0.434,10622
0.434,10621
0.434,10620
0.434,10619
0.435,10618
0.435,10617
0.435,10616
0.435,10615
0.435,10614
0.435,10613
0.436,10612
0.436,10611
0.436,10610
0.436,10609
0.436,10608
0.436,10607
0.436,10606
0.436,10605
0.437,10604
0.437,10603
0.437,10602
0.437,10601
0.437,10600
0.437,10599
0.437,10598
0.437,10597
0.437,10596
0.437,10595
0.438,10594
0.438,10593
0.438,10592
0.438,10591
0.439,10590
0.439,10589
0.439,10588
0.439,10587
0.439,10586
0.439,10585
0.439,10584
0.439,10583
0.44,10582
0.44,10581
0.44,10580
0.44,10579
0.44,10578
0.44,10577
0.44,10576
0.441,10575
0.441,10574
0.441,10573
0.441,10572
0.442,10571
0.442,10570
0.442,10569
0.442,10568
0.442,10567
0.442,10566
0.443,10565
0.443,10564
0.443,10563
0.443,10562
0.443,10561
0.443,10560
0.443,10559
0.443,10558
0.444,10557
0.444,10556
0.444,10555
0.444,10554
0.444,10553
0.444,10552
0.444,10551
0.445,10550
0.445,10549
0.445,10548
0.445,10547
0.445,10546
0.446,10545
0.446,10544
0.446,10543
0.446,10542
0.446,10541
0.446,10540
0.447,10539
0.447,10538
0.447,10537
0.447,10536
0.448,10535
0.448,10534
0.448,10533
0.448,10532
0.448,10531
0.448,10530
0.448,10529
0.448,10528
0.449,10527
0.449,10526
0.449,10525
0.449,10524
0.449,10523
0.449,10522
0.449,10521
0.449,10520
0.449,10519
0.45,10518
0.45,10517
0.45,10516
0.45,10515
0.45,10514
0.45,10513
0.45,10512
0.45,10511
0.45,10510
0.451,10509
0.451,10508
0.451,10507
0.451,10506
0.451,10505
0.451,10504
0.451,10503
0.452,10502
0.452,10501
0.452,10500
0.452,10499
0.452,10498
0.452,10497
0.452,10496
0.453,10495
0.453,10494
0.453,10493
0.453,10492
0.453,10491
0.453,10490
0.453,10489
0.454,10488
0.454,10487
0.454,10486
0.454,10485
0.454,10484
0.454,10483
0.454,10482
0.455,10481
0.455,10480
0.455,10479
0.455,10478
0.455,10477
0.455,10476
0.455,10475
0.456,10474
0.456,10473
0.456,10472
0.456,10471
0.456,10470
0.456,10469
0.456,10468
0.456,10467
0.457,10466
0.457,10465
0.457,10464
0.457,10463
0.457,10462
0.457,10461
0.457,10460
0.457,10459
0.457,10458
0.457,10457
0.458,10456
0.458,10455
0.458,10454
0.458,10453
0.458,10452
0.458,10451
0.458,10450
0.459,10449
0.459,10448
0.459,10447
0.459,10446
0.459,10445
0.459,10444
0.459,10443
0.46,10442
0.46,10441
0.46,10440
0.46,10439
0.46,10438
0.46,10437
0.46,10436
0.461,10435
0.461,10434
0.461,10433
0.461,10432
0.461,10431
0.461,10430
0.461,10429
0.461,10428
0.461,10427
0.461,10426
0.461,10425
0.462,10424
0.462,10423
0.462,10422
0.462,10421
0.462,10420
0.462,10419
0.462,10418
0.463,10417
0.463,10416
0.463,10415
0.463,10414
0.463,10413
0.463,10412
0.463,10411
0.463,10410
0.463,10409
0.464,10408
0.464,10407
0.464,10406
0.464,10405
0.464,10404
0.464,10403
0.465,10402
0.465,10401
0.465,10400
0.465,10399
0.465,10398
0.465,10397
0.465,10396
0.465,10395
0.466,10394
0.466,10393
0.466,10392
0.466,10391
0.467,10390
0.467,10389
0.467,10388
0.467,10387
0.467,10386
0.467,10385
0.467,10384
0.468,10383
0.468,10382
0.468,10381
0.468,10380
0.468,10379
0.468,10378
0.468,10377
0.468,10376
0.468,10375
0.469,10374
0.469,10373
0.469,10372
0.469,10371
0.469,10370
0.469,10369
0.469,10368
0.469,10367
0.47,10366
0.47,10365
0.47,10364
0.47,10363
0.47,10362
0.47,10361
0.47,10360
0.47,10359
0.47,10358
0.47,10357
0.47,10356
0.471,10355
0.471,10354
0.471,10353
0.471,10352
0.471,10351
0.471,10350
0.471,10349
0.472,10348
0.472,10347
0.472,10346
0.472,10345
0.472,10344
0.472,10343
0.472,10342
0.472,10341
0.472,10340
0.472,10339
0.473,10338
0.473,10337
0.473,10336
0.473,10335
0.473,10334
0.473,10333
0.473,10332
0.473,10331
0.474,10330
0.474,10329
0.474,10328
0.474,10327
0.474,10326
0.474,10325
0.474,10324
0.474,10323
0.474,10322
0.475,10321
0.475,10320
0.475,10319
0.475,10318
0.475,10317
0.475,10316
0.475,10315
0.475,10314
0.476,10313
0.476,10312
0.476,10311
0.476,10310
0.476,10309
0.476,10308
0.476,10307
0.476,10306
0.476,10305
0.477,10304
0.477,10303
0.477,10302
0.477,10301
0.477,10300
0.477,10299
0.477,10298
0.478,10297
0.478,10296
0.478,10295
0.478,10294
0.478,10293
0.478,10292
0.478,10291
0.479,10290
0.479,10289
0.479,10288
0.479,10287
0.479,10286
0.479,10285
0.479,10284
0.479,10283
0.48,10282
0.48,10281
0.48,10280
0.48,10279
0.48,10278
0.48,10277
0.481,10276
0.481,10275
0.481,10274
0.481,10273
0.481,10272
0.481,10271
0.481,10270
0.482,10269
0.482,10268
0.482,10267
0.482,10266
0.482,10265
0.482,10264
0.483,10263
0.483,10262
0.483,10261
0.483,10260
0.483,10259
0.483,10258
0.483,10257
0.483,10256
0.483,10255
0.483,10254
0.484,10253
0.484,10252
0.484,10251
0.484,10250
0.484,10249
0.484,10248
0.492,10247
0.492,10246
0.492,10245
0.492,10244
0.492,10243
0.493,10242
0.493,10241
0.493,10240
0.493,10239
0.493,10238
0.493,10237
0.494,10236
0.494,10235
0.494,10234
0.494,10233
0.494,10232
0.494,10231
0.495,10230
0.495,10229
0.495,10228
0.495,10227
0.495,10226
0.495,10225
0.496,10224
0.496,10223
0.496,10222
0.496,10221
0.496,10220
0.496,10219
0.496,10218
0.496,10217
0.496,10216
0.497,10215
0.497,10214
0.497,10213
0.497,10212
0.497,10211
0.497,10210
0.497,10209
0.498,10208
0.498,10207
0.498,10206
0.498,10205
0.498,10204
0.498,10203
0.498,10202
0.498,10201
0.499,10200
0.499,10199
0.499,10198
0.499,10197
0.499,10196
0.5,10195
0.5,10194
0.5,10193
0.5,10192
0.5,10191
0.5,10190
0.5,10189
0.501,10188
0.501,10187
0.501,10186
0.501,10185
0.502,10184
0.502,10183
0.502,10182
0.502,10181
0.502,10180
0.502,10179
0.502,10178
0.503,10177
0.503,10176
0.503,10175
0.503,10174
0.503,10173
0.503,10172
0.504,10171
0.504,10170
0.504,10169
0.504,10168
0.505,10167
0.505,10166
0.505,10165
0.505,10164
0.505,10163
0.506,10162
0.506,10161
0.506,10160
0.507,10159
0.507,10158
0.507,10157
0.507,10156
0.507,10155
0.507,10154
0.507,10153
0.507,10152
0.507,10151
0.508,10150
0.508,10149
0.508,10148
0.508,10147
0.508,10146
0.508,10145
0.508,10144
0.509,10143
0.509,10142
0.509,10141
0.509,10140
0.509,10139
0.509,10138
0.51,10137
0.51,10136
0.51,10135
0.51,10134
0.51,10133
0.51,10132
0.511,10131
0.511,10130
0.511,10129
0.511,10128
0.511,10127
0.512,10126
0.512,10125
0.512,10124
0.512,10123
0.512,10122
0.512,10121
0.513,10120
0.513,10119
0.513,10118
0.513,10117
0.513,10116
0.513,10115
0.513,10114
0.514,10113
0.514,10112
0.514,10111
0.514,10110
0.514,10109
0.514,10108
0.514,10107
0.514,10106
0.515,10105
0.515,10104
0.515,10103
0.515,10102
0.515,10101
0.515,10100
0.515,10099
0.515,10098
0.516,10097
0.516,10096
0.516,10095
0.516,10094
0.516,10093
0.516,10092
0.516,10091
0.516,10090
0.516,10089
0.517,10088
0.517,10087
0.517,10086
0.518,10085
0.518,10084
0.518,10083
0.518,10082
0.518,10081
0.519,10080
0.519,10079
0.519,10078
0.519,10077
0.519,10076
0.52,10075
0.52,10074
0.52,10073
0.52,10072
0.52,10071
0.521,10070
0.521,10069
0.521,10068
0.521,10067
0.522,10066
0.522,10065
0.522,10064
0.522,10063
0.522,10062
0.523,10061
0.523,10060
0.523,10059
0.523,10058
0.523,10057
0.523,10056
0.524,10055
0.524,10054
0.524,10053
0.524,10052
0.524,10051
0.524,10050
0.525,10049
0.525,10048
0.525,10047
0.525,10046
0.525,10045
0.526,10044
0.526,10043
0.526,10042
0.526,10041
0.526,10040
0.526,10039
0.526,10038
0.527,10037
0.527,10036
0.527,10035
0.527,10034
0.527,10033
0.527,10032
0.527,10031
0.527,10030
0.527,10029
0.528,10028
0.528,10027
0.528,10026
0.528,10025
0.528,10024
0.528,10023
0.529,10022
0.529,10021
0.529,10020
0.529,10019
0.529,10018
0.53,10017
0.53,10016
0.53,10015
0.53,10014
0.53,10013
0.531,10012
0.531,10011
0.531,10010
0.531,10009
0.531,10008
0.531,10007
0.531,10006
0.531,10005
0.531,10004
0.531,10003
0.532,10002
0.532,10001
0.532,10000
0.532,9999
0.532,9998
0.533,9997
0.533,9996
0.533,9995
0.533,9994
0.533,9993
0.534,9992
0.534,9991
0.534,9990
0.534,9989
0.534,9988
0.534,9987
0.534,9986
0.534,9985
0.534,9984
0.534,9983
0.535,9982
0.535,9981
0.535,9980
0.535,9979
0.535,9978
0.535,9977
0.535,9976
0.535,9975
0.535,9974
0.535,9973
0.535,9972
0.536,9971
0.536,9970
0.536,9969
0.536,9968
0.536,9967
0.536,9966
0.536,9965
0.536,9964
0.537,9963
0.537,9962
0.537,9961
0.537,9960
0.538,9959
0.538,9958
0.538,9957
0.538,9956
0.538,9955
0.538,9954
0.539,9953
0.539,9952
0.539,9951
0.54,9950
0.54,9949
0.54,9948
0.54,9947
0.54,9946
0.54,9945
0.54,9944
0.54,9943
0.54,9942
0.541,9941
0.541,9940
0.541,9939
0.541,9938
0.541,9937
0.541,9936
0.541,9935
0.541,9934
0.541,9933
0.541,9932
0.542,9931
0.542,9930
0.542,9929
0.542,9928
0.542,9927
0.542,9926
0.542,9925
0.542,9924
0.542,9923
0.543,9922
0.543,9921
0.543,9920
0.543,9919
0.543,9918
0.543,9917
0.543,9916
0.544,9915
0.544,9914
0.544,9913
0.544,9912
0.544,9911
0.544,9910
0.544,9909
0.544,9908
0.544,9907
0.544,9906
0.544,9905
0.545,9904
0.545,9903
0.545,9902
0.545,9901
0.545,9900
0.545,9899
0.545,9898
0.546,9897
0.546,9896
0.546,9895
0.546,9894
0.546,9893
0.546,9892
0.547,9891
0.547,9890
0.547,9889
0.547,9888
0.547,9887
0.547,9886
0.547,9885
0.548,9884
0.548,9883
0.548,9882
0.548,9881
0.548,9880
0.548,9879
0.548,9878
0.548,9877
0.549,9876
0.549,9875
0.549,9874
0.549,9873
0.549,9872
0.549,9871
0.55,9870
0.55,9869
0.55,9868
0.55,9867
0.55,9866
0.55,9865
0.55,9864
0.55,9863
0.551,9862
0.551,9861
0.551,9860
0.551,9859
0.551,9858
0.551,9857
0.552,9856
0.552,9855
0.552,9854
0.552,9853
0.553,9852
0.553,9851
0.553,9850
0.553,9849
0.554,9848
0.554,9847
0.554,9846
0.554,9845
0.554,9844
0.554,9843
0.555,9842
0.555,9841
0.555,9840
0.555,9839
0.555,9838
0.555,9837
0.555,9836
0.556,9835
0.556,9834
0.556,9833
0.556,9832
0.556,9831
0.556,9830
0.556,9829
0.556,9828
0.556,9827
0.557,9826
0.557,9825
0.557,9824
0.557,9823
0.557,9822
0.557,9821
0.557,9820
0.558,9819
0.558,9818
0.558,9817
0.558,9816
0.558,9815
0.558,9814
0.558,9813
0.559,9812
0.559,9811
0.559,9810
0.559,9809
0.559,9808
0.559,9807
0.56,9806
0.56,9805
0.56,9804
0.56,9803
0.56,9802
0.56,9801
0.56,9800
0.561,9799
0.561,9798
0.561,9797
0.561,9796
0.561,9795
0.561,9794
0.561,9793
0.562,9792
0.562,9791
0.562,9790
0.562,9789
0.562,9788
0.563,9787
0.563,9786
0.563,9785
0.563,9784
0.563,9783
0.563,9782
0.564,9781
0.564,9780
0.564,9779
0.564,9778
0.564,9777
0.564,9776
0.564,9775
0.565,9774
0.565,9773
0.565,9772
0.565,9771
0.565,9770
0.565,9769
0.565,9768
0.565,9767
0.565,9766
0.566,9765
0.566,9764
0.566,9763
0.566,9762
0.566,9761
0.566,9760
0.566,9759
0.566,9758
0.566,9757
0.567,9756
0.567,9755
0.567,9754
0.567,9753
0.567,9752
0.567,9751
0.567,9750
0.567,9749
0.568,9748
0.568,9747
0.568,9746
0.568,9745
0.568,9744
0.568,9743
0.568,9742
0.569,9741
0.569,9740
0.569,9739
0.569,9738
0.569,9737
0.569,9736
0.569,9735
0.569,9734
0.569,9733
0.569,9732
0.569,9731
0.57,9730
0.57,9729
0.57,9728
0.57,9727
0.57,9726
0.57,9725
0.57,9724
0.57,9723
0.57,9722
0.57,9721
0.57,9720
0.57,9719
0.571,9718
0.571,9717
0.571,9716
0.571,9715
0.571,9714
0.571,9713
0.571,9712
0.572,9711
0.572,9710
0.572,9709
0.572,9708
0.572,9707
0.572,9706
0.572,9705
0.572,9704
0.573,9703
0.573,9702
0.573,9701
0.573,9700
0.573,9699
0.573,9698
0.574,9697
0.574,9696
0.574,9695
0.574,9694
0.574,9693
0.574,9692
0.574,9691
0.574,9690
0.574,9689
0.574,9688
0.575,9687
0.575,9686
0.575,9685
0.575,9684
0.575,9683
0.575,9682
0.575,9681
0.575,9680
0.576,9679
0.576,9678
0.576,9677
0.576,9676
0.576,9675
0.576,9674
0.576,9673
0.576,9672
0.577,9671
0.577,9670
0.577,9669
0.577,9668
0.577,9667
0.578,9666
0.578,9665
0.578,9664
0.578,9663
0.578,9662
0.579,9661
0.579,9660
0.579,9659
0.579,9658
0.579,9657
0.579,9656
0.579,9655
0.579,9654
0.58,9653
0.58,9652
0.58,9651
0.58,9650
0.58,9649
0.58,9648
0.58,9647
0.58,9646
0.58,9645
0.58,9644
0.581,9643
0.581,9642
0.581,9641
0.581,9640
0.581,9639
0.581,9638
0.581,9637
0.582,9636
0.582,9635
0.582,9634
0.582,9633
0.582,9632
0.582,9631
0.582,9630
0.582,9629
0.582,9628
0.583,9627
0.583,9626
0.583,9625
0.583,9624
0.583,9623
0.583,9622
0.583,9621
0.583,9620
0.583,9619
0.583,9618
0.583,9617
0.583,9616
0.584,9615
0.584,9614
0.584,9613
0.584,9612
0.584,9611
0.584,9610
0.584,9609
0.585,9608
0.585,9607
0.585,9606
0.585,9605
0.585,9604
0.586,9603
0.586,9602
0.586,9601
0.586,9600
0.586,9599
0.586,9598
0.586,9597
0.587,9596
0.587,9595
0.587,9594
0.587,9593
0.587,9592
0.588,9591
0.588,9590
0.588,9589
0.588,9588
0.588,9587
0.589,9586
0.589,9585
0.589,9584
0.589,9583
0.589,9582
0.59,9581
0.59,9580
0.59,9579
0.59,9578
0.59,9577
0.59,9576
0.591,9575
0.591,9574
0.591,9573
0.591,9572
0.591,9571
0.591,9570
0.591,9569
0.591,9568
0.591,9567
0.591,9566
0.591,9565
0.592,9564
0.592,9563
0.592,9562
0.592,9561
0.592,9560
0.592,9559
0.592,9558
0.592,9557
0.593,9556
0.593,9555
0.593,9554
0.593,9553
0.593,9552
0.593,9551
0.593,9550
0.594,9549
0.594,9548
0.594,9547
0.594,9546
0.594,9545
0.594,9544
0.594,9543
0.595,9542
0.595,9541
0.595,9540
0.595,9539
0.596,9538
0.596,9537
0.596,9536
0.596,9535
0.596,9534
0.596,9533
0.597,9532
0.597,9531
0.597,9530
0.597,9529
0.597,9528
0.597,9527
0.597,9526
0.597,9525
0.597,9524
0.597,9523
0.597,9522
0.598,9521
0.598,9520
0.598,9519
0.598,9518
0.598,9517
0.598,9516
0.599,9515
0.599,9514
0.599,9513
0.599,9512
0.599,9511
0.599,9510
0.599,9509
0.599,9508
0.599,9507
0.599,9506
0.599,9505
0.599,9504
0.6,9503
0.6,9502
0.6,9501
0.6,9500
0.6,9499
0.6,9498
0.6,9497
0.6,9496
0.601,9495
0.601,9494
0.601,9493
0.601,9492
0.601,9491
0.601,9490
0.601,9489
0.601,9488
0.601,9487
0.602,9486
0.602,9485
0.602,9484
0.602,9483
0.602,9482
0.602,9481
0.603,9480
0.603,9479
0.603,9478
0.603,9477
0.603,9476
0.603,9475
0.604,9474
0.604,9473
0.604,9472
0.604,9471
0.604,9470
0.604,9469
0.604,9468
0.604,9467
0.605,9466
0.605,9465
0.605,9464
0.605,9463
0.605,9462
0.606,9461
0.606,9460
0.606,9459
0.606,9458
0.606,9457
0.606,9456
0.606,9455
0.606,9454
0.607,9453
0.607,9452
0.607,9451
0.607,9450
0.607,9449
0.607,9448
0.607,9447
0.607,9446
0.608,9445
0.608,9444
0.608,9443
0.608,9442
0.608,9441
0.608,9440
0.608,9439
0.608,9438
0.609,9437
0.609,9436
0.609,9435
0.609,9434
0.609,9433
0.609,9432
0.609,9431
0.609,9430
0.609,9429
0.61,9428
0.61,9427
0.61,9426
0.61,9425
0.61,9424
0.61,9423
0.61,9422
0.61,9421
0.61,9420
0.611,9419
0.611,9418
0.611,9417
0.611,9416
0.611,9415
0.611,9414
0.611,9413
0.612,9412
0.612,9411
0.612,9410
0.612,9409
0.612,9408
0.612,9407
0.612,9406
0.613,9405
0.613,9404
0.613,9403
0.613,9402
0.613,9401
0.613,9400
0.613,9399
0.613,9398
0.614,9397
0.614,9396
0.614,9395
0.614,9394
0.614,9393
0.614,9392
0.615,9391
0.615,9390
0.615,9389
0.615,9388
0.615,9387
0.615,9386
0.615,9385
0.615,9384
0.615,9383
0.615,9382
0.616,9381
0.616,9380
0.616,9379
0.616,9378
0.616,9377
0.616,9376
0.617,9375
0.617,9374
0.617,9373
0.617,9372
0.617,9371
0.617,9370
0.617,9369
0.617,9368
0.618,9367
0.618,9366
0.618,9365
0.618,9364
0.618,9363
0.618,9362
0.618,9361
0.619,9360
0.619,9359
0.619,9358
0.619,9357
0.619,9356
0.619,9355
0.619,9354
0.619,9353
0.619,9352
0.62,9351
0.62,9350
0.62,9349
0.62,9348
0.62,9347
0.62,9346
0.62,9345
0.62,9344
0.62,9343
0.62,9342
0.621,9341
0.621,9340
0.621,9339
0.621,9338
0.621,9337
0.621,9336
0.622,9335
0.622,9334
0.622,9333
0.622,9332
0.622,9331
0.622,9330
0.622,9329
0.623,9328
0.623,9327
0.623,9326
0.623,9325
0.623,9324
0.623,9323
0.623,9322
0.624,9321
0.624,9320
0.624,9319
0.624,9318
0.624,9317
0.624,9316
0.624,9315
0.625,9314
0.625,9313
0.625,9312
0.625,9311
0.625,9310
0.625,9309
0.625,9308
0.625,9307
0.625,9306
0.626,9305
0.626,9304
0.626,9303
0.626,9302
0.626,9301
0.626,9300
0.626,9299
0.627,9298
0.627,9297
0.627,9296
0.627,9295
0.627,9294
0.628,9293
0.628,9292
0.628,9291
0.628,9290
0.628,9289
0.628,9288
0.628,9287
0.629,9286
0.629,9285
0.629,9284
0.629,9283
0.629,9282
0.629,9281
0.63,9280
0.63,9279
0.63,9278
0.63,9277
0.63,9276
0.63,9275
0.631,9274
0.631,9273
0.631,9272
0.631,9271
0.631,9270
0.631,9269
0.631,9268
0.631,9267
0.631,9266
0.631,9265
0.632,9264
0.632,9263
0.632,9262
0.632,9261
0.632,9260
0.632,9259
0.632,9258
0.632,9257
0.632,9256
0.633,9255
0.633,9254
0.633,9253
0.633,9252
0.633,9251
0.633,9250
0.633,9249
0.634,9248
0.634,9247
0.634,9246
0.634,9245
0.634,9244
0.634,9243
0.634,9242
0.634,9241
0.634,9240
0.634,9239
0.635,9238
0.635,9237
0.635,9236
0.635,9235
0.636,9234
0.636,9233
0.636,9232
0.636,9231
0.636,9230
0.636,9229
0.636,9228
0.637,9227
0.637,9226
0.637,9225
0.637,9224
0.637,9223
0.638,9222
0.638,9221
0.638,9220
0.638,9219
0.638,9218
0.639,9217
0.639,9216
0.639,9215
0.639,9214
0.639,9213
0.639,9212
0.639,9211
0.639,9210
0.639,9209
0.639,9208
0.64,9207
0.64,9206
0.64,9205
0.64,9204
0.64,9203
0.64,9202
0.641,9201
0.641,9200
0.641,9199
0.641,9198
0.641,9197
0.641,9196
0.641,9195
0.642,9194
0.642,9193
0.642,9192
0.642,9191
0.642,9190
0.642,9189
0.643,9188
0.643,9187
0.643,9186
0.643,9185
0.643,9184
0.643,9183
0.644,9182
0.644,9181
0.644,9180
0.644,9179
0.644,9178
0.644,9177
0.644,9176
0.644,9175
0.645,9174
0.645,9173
0.645,9172
0.645,9171
0.645,9170
0.645,9169
0.645,9168
0.645,9167
0.646,9166
0.646,9165
0.646,9164
0.646,9163
0.646,9162
0.646,9161
0.646,9160
0.646,9159
0.647,9158
0.647,9157
0.647,9156
0.647,9155
0.647,9154
0.647,9153
0.647,9152
0.647,9151
0.647,9150
0.647,9149
0.647,9148
0.648,9147
0.648,9146
0.648,9145
0.648,9144
0.648,9143
0.648,9142
0.648,9141
0.648,9140
0.648,9139
0.648,9138
0.648,9137
0.649,9136
0.649,9135
0.649,9134
0.649,9133
0.649,9132
0.649,9131
0.649,9130
0.649,9129
0.649,9128
0.649,9127
0.65,9126
0.65,9125
0.65,9124
0.65,9123
0.65,9122
0.65,9121
0.651,9120
0.651,9119
0.651,9118
0.651,9117
0.651,9116
0.651,9115
0.652,9114
0.652,9113
0.652,9112
0.652,9111
0.652,9110
0.652,9109
0.652,9108
0.652,9107
0.652,9106
0.652,9105
0.652,9104
0.652,9103
0.652,9102
0.653,9101
0.653,9100
0.653,9099
0.653,9098
0.653,9097
0.653,9096
0.653,9095
0.654,9094
0.654,9093
0.654,9092
0.655,9091
0.655,9090
0.655,9089
0.655,9088
0.655,9087
0.655,9086
0.655,9085
0.656,9084
0.656,9083
0.656,9082
0.656,9081
0.656,9080
0.656,9079
0.657,9078
0.657,9077
0.657,9076
0.657,9075
0.658,9074
0.658,9073
0.658,9072
0.658,9071
0.658,9070
0.659,9069
0.659,9068
0.66,9067
0.66,9066
0.66,9065
0.66,9064
0.66,9063
0.661,9062
0.661,9061
0.661,9060
0.661,9059
0.662,9058
0.662,9057
0.663,9056
0.663,9055
0.663,9054
0.663,9053
0.663,9052
0.664,9051
0.664,9050
0.664,9049
0.664,9048
0.664,9047
0.664,9046
0.665,9045
0.665,9044
0.665,9043
0.665,9042
0.665,9041
0.665,9040
0.666,9039
0.666,9038
0.666,9037
0.666,9036
0.666,9035
0.666,9034
0.666,9033
0.666,9032
0.666,9031
0.667,9030
0.667,9029
0.667,9028
0.667,9027
0.667,9026
0.667,9025
0.667,9024
0.668,9023
0.668,9022
0.668,9021
0.668,9020
0.668,9019
0.668,9018
0.669,9017
0.669,9016
0.669,9015
0.669,9014
0.669,9013
0.669,9012
0.669,9011
0.669,9010
0.669,9009
0.669,9008
0.67,9007
0.67,9006
0.67,9005
0.67,9004
0.67,9003
0.67,9002
0.67,9001
0.671,9000
0.671,8999
0.671,8998
0.671,8997
0.671,8996
0.671,8995
0.671,8994
0.671,8993
0.672,8992
0.672,8991
0.672,8990
0.672,8989
0.672,8988
0.672,8987
0.672,8986
0.673,8985
0.673,8984
0.673,8983
0.673,8982
0.673,8981
0.674,8980
0.674,8979
0.674,8978
0.674,8977
0.674,8976
0.674,8975
0.674,8974
0.674,8973
0.675,8972
0.675,8971
0.675,8970
0.675,8969
0.675,8968
0.675,8967
0.675,8966
0.676,8965
0.676,8964
0.676,8963
0.676,8962
0.677,8961
0.677,8960
0.677,8959
0.677,8958
0.677,8957
0.677,8956
0.678,8955
0.678,8954
0.678,8953
0.678,8952
0.678,8951
0.679,8950
0.679,8949
0.679,8948
0.679,8947
0.679,8946
0.679,8945
0.68,8944
0.68,8943
0.68,8942
0.68,8941
0.681,8940
0.681,8939
0.681,8938
0.681,8937
0.681,8936
0.681,8935
0.681,8934
0.682,8933
0.682,8932
0.682,8931
0.682,8930
0.682,8929
0.682,8928
0.682,8927
0.682,8926
0.683,8925
0.683,8924
0.683,8923
0.683,8922
0.683,8921
0.683,8920
0.683,8919
0.684,8918
0.684,8917
0.684,8916
0.684,8915
0.684,8914
0.684,8913
0.684,8912
0.684,8911
0.685,8910
0.685,8909
0.685,8908
0.685,8907
0.685,8906
0.685,8905
0.686,8904
0.686,8903
0.686,8902
0.686,8901
0.686,8900
0.686,8899
0.687,8898
0.687,8897
0.687,8896
0.687,8895
0.687,8894
0.687,8893
0.687,8892
0.688,8891
0.688,8890
0.688,8889
0.688,8888
0.688,8887
0.688,8886
0.688,8885
0.688,8884
0.688,8883
0.689,8882
0.689,8881
0.689,8880
0.689,8879
0.689,8878
0.689,8877
0.689,8876
0.689,8875
0.689,8874
0.689,8873
0.689,8872
0.69,8871
0.69,8870
0.69,8869
0.69,8868
0.69,8867
0.69,8866
0.691,8865
0.691,8864
0.691,8863
0.691,8862
0.691,8861
0.692,8860
0.692,8859
0.692,8858
0.692,8857
0.692,8856
0.692,8855
0.693,8854
0.693,8853
0.693,8852
0.693,8851
0.693,8850
0.693,8849
0.694,8848
0.694,8847
0.694,8846
0.694,8845
0.694,8844
0.694,8843
0.695,8842
0.695,8841
0.695,8840
0.695,8839
0.695,8838
0.696,8837
0.696,8836
0.696,8835
0.696,8834
0.696,8833
0.697,8832
0.697,8831
0.698,8830
0.698,8829
0.698,8828
0.699,8827
0.699,8826
0.699,8825
0.699,8824
0.699,8823
0.7,8822
0.7,8821
0.7,8820
0.7,8819
0.7,8818
0.7,8817
0.701,8816
0.701,8815
0.701,8814
0.701,8813
0.701,8812
0.701,8811
0.701,8810
0.701,8809
0.702,8808
0.702,8807
0.702,8806
0.702,8805
0.702,8804
0.703,8803
0.703,8802
0.703,8801
0.703,8800
0.704,8799
0.704,8798
0.704,8797
0.704,8796
0.704,8795
0.704,8794
0.704,8793
0.704,8792
0.704,8791
0.705,8790
0.705,8789
0.705,8788
0.706,8787
0.706,8786
0.706,8785
0.706,8784
0.706,8783
0.706,8782
0.707,8781
0.707,8780
0.707,8779
0.708,8778
0.708,8777
0.708,8776
0.708,8775
0.708,8774
0.708,8773
0.709,8772
0.709,8771
0.709,8770
0.709,8769
0.709,8768
0.709,8767
0.709,8766
0.71,8765
0.71,8764
0.71,8763
0.71,8762
0.71,8761
0.71,8760
0.711,8759
0.711,8758
0.711,8757
0.711,8756
0.711,8755
0.712,8754
0.712,8753
0.712,8752
0.712,8751
0.712,8750
0.713,8749
0.713,8748
0.713,8747
0.713,8746
0.713,8745
0.714,8744
0.714,8743
0.714,8742
0.714,8741
0.714,8740
0.714,8739
0.714,8738
0.714,8737
0.715,8736
0.715,8735
0.715,8734
0.715,8733
0.715,8732
0.715,8731
0.715,8730
0.715,8729
0.716,8728
0.716,8727
0.716,8726
0.716,8725
0.716,8724
0.716,8723
0.716,8722
0.716,8721
0.717,8720
0.717,8719
0.717,8718
0.717,8717
0.717,8716
0.717,8715
0.717,8714
0.717,8713
0.718,8712
0.718,8711
0.718,8710
0.718,8709
0.718,8708
0.718,8707
0.718,8706
0.719,8705
0.719,8704
0.719,8703
0.719,8702
0.719,8701
0.719,8700
0.719,8699
0.719,8698
0.719,8697
0.72,8696
0.72,8695
0.72,8694
0.72,8693
0.72,8692
0.72,8691
0.72,8690
0.721,8689
0.721,8688
0.721,8687
0.721,8686
0.721,8685
0.722,8684
0.722,8683
0.722,8682
0.722,8681
0.722,8680
0.722,8679
0.722,8678
0.722,8677
0.722,8676
0.722,8675
0.723,8674
0.723,8673
0.723,8672
0.723,8671
0.723,8670
0.723,8669
0.723,8668
0.723,8667
0.723,8666
0.723,8665
0.723,8664
0.724,8663
0.724,8662
0.724,8661
0.724,8660
0.724,8659
0.724,8658
0.724,8657
0.725,8656
0.725,8655
0.725,8654
0.725,8653
0.725,8652
0.725,8651
0.725,8650
0.725,8649
0.725,8648
0.725,8647
0.726,8646
0.726,8645
0.726,8644
0.726,8643
0.726,8642
0.727,8641
0.727,8640
0.727,8639
0.727,8638
0.727,8637
0.727,8636
0.728,8635
0.728,8634
0.728,8633
0.729,8632
0.729,8631
0.729,8630
0.729,8629
0.73,8628
0.73,8627
0.73,8626
0.73,8625
0.73,8624
0.73,8623
0.73,8622
0.731,8621
0.731,8620
0.731,8619
0.731,8618
0.731,8617
0.732,8616
0.732,8615
0.732,8614
0.732,8613
0.732,8612
0.732,8611
0.733,8610
0.733,8609
0.733,8608
0.733,8607
0.734,8606
0.734,8605
0.734,8604
0.734,8603
0.734,8602
0.734,8601
0.735,8600
0.735,8599
0.735,8598
0.735,8597
0.735,8596
0.736,8595
0.736,8594
0.736,8593
0.736,8592
0.736,8591
0.736,8590
0.736,8589
0.737,8588
0.737,8587
0.737,8586
0.737,8585
0.738,8584
0.739,8583
0.739,8582
0.739,8581
0.739,8580
0.74,8579
0.74,8578
0.74,8577
0.74,8576
0.74,8575
0.74,8574
0.741,8573
0.741,8572
0.741,8571
0.741,8570
0.742,8569
0.742,8568
0.742,8567
0.742,8566
0.742,8565
0.742,8564
0.743,8563
0.743,8562
0.743,8561
0.743,8560
0.743,8559
0.744,8558
0.744,8557
0.744,8556
0.744,8555
0.744,8554
0.745,8553
0.745,8552
0.745,8551
0.745,8550
0.746,8549
0.746,8548
0.746,8547
0.746,8546
0.746,8545
0.747,8544
0.747,8543
0.747,8542
0.747,8541
0.747,8540
0.748,8539
0.748,8538
0.748,8537
0.748,8536
0.748,8535
0.749,8534
0.757,8533
0.757,8532
0.757,8531
0.757,8530
0.757,8529
0.757,8528
0.758,8527
0.758,8526
0.758,8525
0.758,8524
0.758,8523
0.758,8522
0.758,8521
0.758,8520
0.758,8519
0.758,8518
0.759,8517
0.759,8516
0.759,8515
0.759,8514
0.759,8513
0.759,8512
0.759,8511
0.759,8510
0.759,8509
0.759,8508
0.76,8507
0.76,8506
0.76,8505
0.76,8504
0.76,8503
0.76,8502
0.76,8501
0.761,8500
0.761,8499
0.761,8498
0.761,8497
0.761,8496
0.761,8495
0.762,8494
0.762,8493
0.762,8492
0.762,8491
0.762,8490
0.762,8489
0.762,8488
0.763,8487
0.763,8486
0.763,8485
0.763,8484
0.763,8483
0.763,8482
0.763,8481
0.763,8480
0.764,8479
0.764,8478
0.764,8477
0.764,8476
0.764,8475
0.764,8474
0.764,8473
0.764,8472
0.765,8471
0.765,8470
0.765,8469
0.765,8468
0.766,8467
0.766,8466
0.766,8465
0.766,8464
0.767,8463
0.767,8462
0.767,8461
0.767,8460
0.768,8459
0.768,8458
0.769,8457
0.769,8456
0.769,8455
0.769,8454
0.769,8453
0.769,8452
0.769,8451
0.77,8450
0.77,8449
0.77,8448
0.77,8447
0.77,8446
0.77,8445
0.77,8444
0.77,8443
0.771,8442
0.771,8441
0.771,8440
0.771,8439
0.771,8438
0.771,8437
0.771,8436
0.771,8435
0.772,8434
0.772,8433
0.772,8432
0.772,8431
0.772,8430
0.772,8429
0.772,8428
0.773,8427
0.773,8426
0.773,8425
0.773,8424
0.773,8423
0.773,8422
0.773,8421
0.773,8420
0.773,8419
0.773,8418
0.774,8417
0.774,8416
0.774,8415
0.774,8414
0.774,8413
0.774,8412
0.775,8411
0.775,8410
0.775,8409
0.775,8408
0.775,8407
0.775,8406
0.776,8405
0.776,8404
0.776,8403
0.776,8402
0.776,8401
0.776,8400
0.777,8399
0.777,8398
0.777,8397
0.777,8396
0.777,8395
0.777,8394
0.777,8393
0.778,8392
0.778,8391
0.778,8390
0.778,8389
0.778,8388
0.778,8387
0.778,8386
0.778,8385
0.778,8384
0.779,8383
0.779,8382
0.779,8381
0.779,8380
0.779,8379
0.779,8378
0.779,8377
0.78,8376
0.78,8375
0.78,8374
0.78,8373
0.78,8372
0.78,8371
0.78,8370
0.78,8369
0.781,8368
0.781,8367
0.781,8366
0.781,8365
0.781,8364
0.781,8363
0.781,8362
0.782,8361
0.782,8360
0.782,8359
0.782,8358
0.782,8357
0.782,8356
0.782,8355
0.782,8354
0.782,8353
0.783,8352
0.783,8351
0.783,8350
0.783,8349
0.783,8348
0.783,8347
0.783,8346
0.784,8345
0.784,8344
0.784,8343
0.784,8342
0.784,8341
0.784,8340
0.784,8339
0.784,8338
0.785,8337
0.785,8336
0.785,8335
0.785,8334
0.785,8333
0.785,8332
0.786,8331
0.786,8330
0.786,8329
0.786,8328
0.786,8327
0.786,8326
0.786,8325
0.787,8324
0.787,8323
0.787,8322
0.787,8321
0.787,8320
0.787,8319
0.787,8318
0.787,8317
0.787,8316
0.788,8315
0.788,8314
0.788,8313
0.788,8312
0.788,8311
0.788,8310
0.788,8309
0.788,8308
0.789,8307
0.789,8306
0.789,8305
0.789,8304
0.789,8303
0.789,8302
0.789,8301
0.79,8300
0.79,8299
0.79,8298
0.79,8297
0.79,8296
0.79,8295
0.791,8294
0.791,8293
0.791,8292
0.791,8291
0.791,8290
0.791,8289
0.791,8288
0.791,8287
0.791,8286
0.791,8285
0.791,8284
0.792,8283
0.792,8282
0.792,8281
0.792,8280
0.792,8279
0.792,8278
0.792,8277
0.792,8276
0.792,8275
0.792,8274
0.792,8273
0.792,8272
0.792,8271
0.793,8270
0.793,8269
0.793,8268
0.793,8267
0.793,8266
0.793,8265
0.793,8264
0.794,8263
0.794,8262
0.794,8261
0.794,8260
0.795,8259
0.795,8258
0.795,8257
0.795,8256
0.795,8255
0.795,8254
0.795,8253
0.796,8252
0.796,8251
0.796,8250
0.796,8249
0.796,8248
0.796,8247
0.796,8246
0.797,8245
0.797,8244
0.797,8243
0.797,8242
0.797,8241
0.797,8240
0.797,8239
0.798,8238
0.798,8237
0.798,8236
0.798,8235
0.798,8234
0.799,8233
0.799,8232
0.799,8231
0.799,8230
0.799,8229
0.8,8228
0.8,8227
0.8,8226
0.8,8225
0.8,8224
0.8,8223
0.8,8222
0.801,8221
0.801,8220
0.801,8219
0.801,8218
0.801,8217
0.802,8216
0.802,8215
0.802,8214
0.802,8213
0.802,8212
0.802,8211
0.803,8210
0.803,8209
0.803,8208
0.803,8207
0.803,8206
0.803,8205
0.803,8204
0.803,8203
0.804,8202
0.804,8201
0.804,8200
0.804,8199
0.804,8198
0.804,8197
0.804,8196
0.804,8195
0.804,8194
0.805,8193
0.805,8192
0.805,8191
0.805,8190
0.805,8189
0.805,8188
0.805,8187
0.805,8186
0.806,8185
0.806,8184
0.806,8183
0.806,8182
0.806,8181
0.806,8180
0.806,8179
0.806,8178
0.806,8177
0.806,8176
0.807,8175
0.807,8174
0.807,8173
0.807,8172
0.808,8171
0.808,8170
0.808,8169
0.808,8168
0.808,8167
0.808,8166
0.808,8165
0.808,8164
0.808,8163
0.809,8162
0.809,8161
0.809,8160
0.809,8159
0.809,8158
0.809,8157
0.809,8156
0.809,8155
0.809,8154
0.809,8153
0.81,8152
0.81,8151
0.81,8150
0.81,8149
0.81,8148
0.811,8147
0.811,8146
0.811,8145
0.811,8144
0.811,8143
0.812,8142
0.812,8141
0.812,8140
0.812,8139
0.812,8138
0.812,8137
0.812,8136
0.812,8135
0.813,8134
0.813,8133
0.813,8132
0.813,8131
0.814,8130
0.814,8129
0.814,8128
0.814,8127
0.814,8126
0.814,8125
0.814,8124
0.814,8123
0.815,8122
0.815,8121
0.815,8120
0.815,8119
0.815,8118
0.815,8117
0.816,8116
0.816,8115
0.816,8114
0.816,8113
0.816,8112
0.817,8111
0.817,8110
0.817,8109
0.817,8108
0.817,8107
0.818,8106
0.818,8105
0.818,8104
0.818,8103
0.819,8102
0.819,8101
0.819,8100
0.819,8099
0.819,8098
0.819,8097
0.819,8096
0.819,8095
0.819,8094
0.82,8093
0.82,8092
0.82,8091
0.82,8090
0.82,8089
0.82,8088
0.82,8087
0.82,8086
0.82,8085
0.82,8084
0.821,8083
0.821,8082
0.821,8081
0.821,8080
0.821,8079
0.821,8078
0.821,8077
0.821,8076
0.821,8075
0.822,8074
0.822,8073
0.822,8072
0.822,8071
0.822,8070
0.822,8069
0.822,8068
0.822,8067
0.823,8066
0.823,8065
0.823,8064
0.823,8063
0.823,8062
0.823,8061
0.823,8060
0.823,8059
0.824,8058
0.824,8057
0.824,8056
0.824,8055
0.824,8054
0.824,8053
0.824,8052
0.824,8051
0.825,8050
0.825,8049
0.825,8048
0.825,8047
0.825,8046
0.826,8045
0.826,8044
0.826,8043
0.826,8042
0.826,8041
0.827,8040
0.827,8039
0.827,8038
0.827,8037
0.827,8036
0.827,8035
0.827,8034
0.827,8033
0.828,8032
0.828,8031
0.828,8030
0.829,8029
0.829,8028
0.829,8027
0.829,8026
0.83,8025
0.83,8024
0.83,8023
0.83,8022
0.83,8021
0.83,8020
0.83,8019
0.83,8018
0.831,8017
0.831,8016
0.831,8015
0.831,8014
0.831,8013
0.831,8012
0.831,8011
0.831,8010
0.831,8009
0.831,8008
0.831,8007
0.832,8006
0.832,8005
0.832,8004
0.832,8003
0.832,8002
0.832,8001
0.833,8000
0.833,7999
0.833,7998
0.833,7997
0.833,7996
0.833,7995
0.833,7994
0.833,7993
0.833,7992
0.834,7991
0.834,7990
0.834,7989
0.834,7988
0.834,7987
0.834,7986
0.834,7985
0.835,7984
0.835,7983
0.835,7982
0.835,7981
0.835,7980
0.835,7979
0.836,7978
0.836,7977
0.836,7976
0.836,7975
0.836,7974
0.836,7973
0.836,7972
0.836,7971
0.836,7970
0.836,7969
0.836,7968
0.836,7967
0.837,7966
0.837,7965
0.837,7964
0.837,7963
0.837,7962
0.837,7961
0.837,7960
0.838,7959
0.838,7958
0.838,7957
0.838,7956
0.838,7955
0.838,7954
0.838,7953
0.838,7952
0.839,7951
0.839,7950
0.839,7949
0.839,7948
0.84,7947
0.84,7946
0.84,7945
0.84,7944
0.84,7943
0.84,7942
0.84,7941
0.84,7940
0.841,7939
0.841,7938
0.841,7937
0.841,7936
0.841,7935
0.841,7934
0.841,7933
0.842,7932
0.842,7931
0.842,7930
0.842,7929
0.842,7928
0.842,7927
0.842,7926
0.842,7925
0.842,7924
0.842,7923
0.843,7922
0.843,7921
0.843,7920
0.843,7919
0.843,7918
0.843,7917
0.844,7916
0.844,7915
0.844,7914
0.844,7913
0.844,7912
0.845,7911
0.845,7910
0.845,7909
0.845,7908
0.845,7907
0.846,7906
0.846,7905
0.846,7904
0.846,7903
0.846,7902
0.846,7901
0.846,7900
0.846,7899
0.847,7898
0.847,7897
0.847,7896
0.847,7895
0.847,7894
0.847,7893
0.847,7892
0.848,7891
0.848,7890
0.848,7889
0.848,7888
0.848,7887
0.848,7886
0.848,7885
0.848,7884
0.848,7883
0.849,7882
0.849,7881
0.849,7880
0.849,7879
0.849,7878
0.849,7877
0.85,7876
0.85,7875
0.85,7874
0.85,7873
0.85,7872
0.85,7871
0.85,7870
0.85,7869
0.85,7868
0.85,7867
0.85,7866
0.851,7865
0.851,7864
0.851,7863
0.851,7862
0.852,7861
0.852,7860
0.852,7859
0.852,7858
0.852,7857
0.852,7856
0.852,7855
0.853,7854
0.853,7853
0.853,7852
0.854,7851
0.854,7850
0.854,7849
0.854,7848
0.854,7847
0.855,7846
0.855,7845
0.855,7844
0.855,7843
0.855,7842
0.855,7841
0.856,7840
0.856,7839
0.856,7838
0.857,7837
0.857,7836
0.857,7835
0.857,7834
0.857,7833
0.858,7832
0.858,7831
0.858,7830
0.858,7829
0.858,7828
0.858,7827
0.858,7826
0.858,7825
0.859,7824
0.859,7823
0.859,7822
0.859,7821
0.859,7820
0.859,7819
0.86,7818
0.86,7817
0.86,7816
0.86,7815
0.86,7814
0.861,7813
0.861,7812
0.861,7811
0.861,7810
0.861,7809
0.861,7808
0.861,7807
0.861,7806
0.861,7805
0.861,7804
0.862,7803
0.862,7802
0.862,7801
0.862,7800
0.862,7799
0.862,7798
0.862,7797
0.862,7796
0.862,7795
0.862,7794
0.862,7793
0.863,7792
0.863,7791
0.863,7790
0.863,7789
0.863,7788
0.863,7787
0.863,7786
0.864,7785
0.864,7784
0.864,7783
0.864,7782
0.864,7781
0.864,7780
0.864,7779
0.864,7778
0.864,7777
0.865,7776
0.865,7775
0.865,7774
0.865,7773
0.865,7772
0.865,7771
0.866,7770
0.866,7769
0.866,7768
0.866,7767
0.866,7766
0.866,7765
0.866,7764
0.866,7763
0.866,7762
0.866,7761
0.867,7760
0.867,7759
0.867,7758
0.867,7757
0.867,7756
0.867,7755
0.867,7754
0.868,7753
0.868,7752
0.868,7751
0.868,7750
0.868,7749
0.868,7748
0.868,7747
0.869,7746
0.869,7745
0.869,7744
0.869,7743
0.869,7742
0.869,7741
0.869,7740
0.869,7739
0.869,7738
0.869,7737
0.869,7736
0.87,7735
0.87,7734
0.87,7733
0.871,7732
0.871,7731
0.871,7730
0.871,7729
0.871,7728
0.871,7727
0.871,7726
0.871,7725
0.871,7724
0.871,7723
0.872,7722
0.872,7721
0.872,7720
0.872,7719
0.872,7718
0.873,7717
0.873,7716
0.873,7715
0.873,7714
0.873,7713
0.873,7712
0.873,7711
0.873,7710
0.873,7709
0.874,7708
0.874,7707
0.874,7706
0.874,7705
0.874,7704
0.874,7703
0.875,7702
0.875,7701
0.875,7700
0.875,7699
0.875,7698
0.875,7697
0.875,7696
0.875,7695
0.876,7694
0.876,7693
0.876,7692
0.876,7691
0.877,7690
0.877,7689
0.877,7688
0.877,7687
0.877,7686
0.877,7685
0.877,7684
0.878,7683
0.878,7682
0.878,7681
0.878,7680
0.878,7679
0.878,7678
0.878,7677
0.878,7676
0.878,7675
0.879,7674
0.879,7673
0.879,7672
0.879,7671
0.879,7670
0.879,7669
0.879,7668
0.88,7667
0.88,7666
0.88,7665
0.881,7664
0.881,7663
0.881,7662
0.881,7661
0.881,7660
0.881,7659
0.881,7658
0.882,7657
0.882,7656
0.882,7655
0.882,7654
0.882,7653
0.882,7652
0.882,7651
0.882,7650
0.882,7649
0.883,7648
0.883,7647
0.883,7646
0.883,7645
0.883,7644
0.883,7643
0.883,7642
0.884,7641
0.884,7640
0.884,7639
0.884,7638
0.884,7637
0.884,7636
0.884,7635
0.885,7634
0.885,7633
0.885,7632
0.885,7631
0.886,7630
0.886,7629
0.886,7628
0.886,7627
0.886,7626
0.886,7625
0.886,7624
0.887,7623
0.887,7622
0.887,7621
0.887,7620
0.887,7619
0.887,7618
0.887,7617
0.887,7616
0.887,7615
0.887,7614
0.888,7613
0.888,7612
0.888,7611
0.888,7610
0.889,7609
0.889,7608
0.889,7607
0.889,7606
0.889,7605
0.889,7604
0.889,7603
0.889,7602
0.889,7601
0.889,7600
0.89,7599
0.89,7598
0.891,7597
0.891,7596
0.891,7595
0.891,7594
0.891,7593
0.891,7592
0.891,7591
0.891,7590
0.891,7589
0.892,7588
0.892,7587
0.892,7586
0.892,7585
0.892,7584
0.892,7583
0.892,7582
0.893,7581
0.893,7580
0.893,7579
0.893,7578
0.893,7577
0.893,7576
0.893,7575
0.893,7574
0.894,7573
0.894,7572
0.894,7571
0.894,7570
0.894,7569
0.894,7568
0.895,7567
0.895,7566
0.895,7565
0.895,7564
0.896,7563
0.896,7562
0.896,7561
0.896,7560
0.896,7559
0.897,7558
0.897,7557
0.897,7556
0.897,7555
0.897,7554
0.897,7553
0.898,7552
0.898,7551
0.898,7550
0.898,7549
0.898,7548
0.898,7547
0.898,7546
0.899,7545
0.899,7544
0.899,7543
0.899,7542
0.899,7541
0.899,7540
0.899,7539
0.899,7538
0.9,7537
0.9,7536
0.9,7535
0.9,7534
0.9,7533
0.9,7532
0.9,7531
0.9,7530
0.901,7529
0.901,7528
0.901,7527
0.901,7526
0.901,7525
0.901,7524
0.901,7523
0.901,7522
0.901,7521
0.902,7520
0.902,7519
0.902,7518
0.902,7517
0.903,7516
0.903,7515
0.903,7514
0.903,7513
0.903,7512
0.903,7511
0.904,7510
0.904,7509
0.904,7508
0.905,7507
0.905,7506
0.905,7505
0.905,7504
0.905,7503
0.905,7502
0.905,7501
0.905,7500
0.906,7499
0.906,7498
0.906,7497
0.906,7496
0.906,7495
0.906,7494
0.906,7493
0.906,7492
0.907,7491
0.907,7490
0.907,7489
0.907,7488
0.907,7487
0.908,7486
0.908,7485
0.908,7484
0.908,7483
0.909,7482
0.909,7481
0.909,7480
0.909,7479
0.909,7478
0.909,7477
0.909,7476
0.909,7475
0.91,7474
0.91,7473
0.91,7472
0.91,7471
0.91,7470
0.91,7469
0.91,7468
0.91,7467
0.91,7466
0.911,7465
0.911,7464
0.911,7463
0.912,7462
0.912,7461
0.912,7460
0.912,7459
0.912,7458
0.912,7457
0.913,7456
0.913,7455
0.913,7454
0.913,7453
0.913,7452
0.913,7451
0.913,7450
0.913,7449
0.914,7448
0.914,7447
0.914,7446
0.914,7445
0.914,7444
0.914,7443
0.915,7442
0.915,7441
0.916,7440
0.916,7439
0.916,7438
0.917,7437
0.917,7436
0.917,7435
0.917,7434
0.918,7433
0.918,7432
0.918,7431
0.918,7430
0.918,7429
0.919,7428
0.919,7427
0.919,7426
0.919,7425
0.919,7424
0.919,7423
0.919,7422
0.92,7421
0.92,7420
0.92,7419
0.92,7418
0.921,7417
0.921,7416
0.921,7415
0.921,7414
0.922,7413
0.922,7412
0.922,7411
0.922,7410
0.922,7409
0.922,7408
0.923,7407
0.923,7406
0.923,7405
0.923,7404
0.923,7403
0.923,7402
0.923,7401
0.924,7400
0.924,7399
0.924,7398
0.924,7397
0.924,7396
0.925,7395
0.925,7394
0.925,7393
0.925,7392
0.925,7391
0.925,7390
0.925,7389
0.926,7388
0.926,7387
0.926,7386
0.926,7385
0.926,7384
0.926,7383
0.926,7382
0.926,7381
0.926,7380
0.926,7379
0.926,7378
0.927,7377
0.927,7376
0.927,7375
0.927,7374
0.927,7373
0.927,7372
0.928,7371
0.928,7370
0.928,7369
0.928,7368
0.928,7367
0.928,7366
0.928,7365
0.928,7364
0.929,7363
0.929,7362
0.929,7361
0.929,7360
0.929,7359
0.929,7358
0.929,7357
0.93,7356
0.93,7355
0.93,7354
0.93,7353
0.93,7352
0.93,7351
0.931,7350
0.931,7349
0.931,7348
0.931,7347
0.931,7346
0.931,7345
0.932,7344
0.932,7343
0.932,7342
0.932,7341
0.932,7340
0.932,7339
0.932,7338
0.933,7337
0.933,7336
0.934,7335
0.934,7334
0.934,7333
0.934,7332
0.934,7331
0.934,7330
0.935,7329
0.935,7328
0.935,7327
0.935,7326
0.935,7325
0.935,7324
0.935,7323
0.935,7322
0.936,7321
0.936,7320
0.936,7319
0.936,7318
0.936,7317
0.936,7316
0.936,7315
0.936,7314
0.937,7313
0.937,7312
0.937,7311
0.937,7310
0.937,7309
0.937,7308
0.937,7307
0.937,7306
0.937,7305
0.938,7304
0.938,7303
0.938,7302
0.938,7301
0.938,7300
0.938,7299
0.938,7298
0.938,7297
0.939,7296
0.939,7295
0.939,7294
0.939,7293
0.94,7292
0.94,7291
0.94,7290
0.94,7289
0.94,7288
0.94,7287
0.941,7286
0.941,7285
0.941,7284
0.941,7283
0.941,7282
0.942,7281
0.942,7280
0.942,7279
0.942,7278
0.942,7277
0.942,7276
0.942,7275
0.943,7274
0.943,7273
0.943,7272
0.943,7271
0.944,7270
0.944,7269
0.944,7268
0.944,7267
0.944,7266
0.944,7265
0.944,7264
0.945,7263
0.945,7262
0.945,7261
0.945,7260
0.945,7259
0.945,7258
0.945,7257
0.946,7256
0.946,7255
0.946,7254
0.946,7253
0.946,7252
0.946,7251
0.946,7250
0.947,7249
0.947,7248
0.947,7247
0.947,7246
0.947,7245
0.947,7244
0.947,7243
0.947,7242
0.947,7241
0.948,7240
0.948,7239
0.948,7238
0.948,7237
0.948,7236
0.948,7235
0.948,7234
0.948,7233
0.948,7232
0.949,7231
0.949,7230
0.949,7229
0.949,7228
0.949,7227
0.95,7226
0.95,7225
0.95,7224
0.95,7223
0.95,7222
0.95,7221
0.95,7220
0.95,7219
0.95,7218
0.951,7217
0.951,7216
0.951,7215
0.951,7214
0.951,7213
0.951,7212
0.952,7211
0.952,7210
0.952,7209
0.952,7208
0.952,7207
0.953,7206
0.953,7205
0.953,7204
0.953,7203
0.953,7202
0.953,7201
0.953,7200
0.954,7199
0.954,7198
0.954,7197
0.954,7196
0.954,7195
0.954,7194
0.954,7193
0.955,7192
0.955,7191
0.955,7190
0.955,7189
0.956,7188
0.956,7187
0.956,7186
0.956,7185
0.956,7184
0.957,7183
0.957,7182
0.957,7181
0.957,7180
0.957,7179
0.957,7178
0.957,7177
0.957,7176
0.957,7175
0.958,7174
0.958,7173
0.958,7172
0.958,7171
0.958,7170
0.958,7169
0.959,7168
0.959,7167
0.96,7166
0.96,7165
0.96,7164
0.96,7163
0.96,7162
0.96,7161
0.961,7160
0.961,7159
0.961,7158
0.961,7157
0.961,7156
0.961,7155
0.962,7154
0.962,7153
0.962,7152
0.962,7151
0.962,7150
0.963,7149
0.963,7148
0.963,7147
0.964,7146
0.964,7145
0.964,7144
0.964,7143
0.965,7142
0.965,7141
0.965,7140
0.965,7139
0.966,7138
0.966,7137
0.966,7136
0.966,7135
0.966,7134
0.966,7133
0.966,7132
0.966,7131
0.967,7130
0.967,7129
0.967,7128
0.967,7127
0.968,7126
0.968,7125
0.968,7124
0.968,7123
0.968,7122
0.968,7121
0.968,7120
0.969,7119
0.969,7118
0.969,7117
0.969,7116
0.969,7115
0.97,7114
0.97,7113
0.97,7112
0.97,7111
0.97,7110
0.97,7109
0.971,7108
0.971,7107
0.971,7106
0.971,7105
0.971,7104
0.971,7103
0.972,7102
0.972,7101
0.972,7100
0.972,7099
0.972,7098
0.972,7097
0.973,7096
0.973,7095
0.973,7094
0.973,7093
0.973,7092
0.982,7091
0.982,7090
0.982,7089
0.982,7088
0.982,7087
0.983,7086
0.983,7085
0.983,7084
0.983,7083
0.983,7082
0.983,7081
0.983,7080
0.983,7079
0.983,7078
0.984,7077
0.984,7076
0.985,7075
0.985,7074
0.985,7073
0.985,7072
0.985,7071
0.985,7070
0.985,7069
0.985,7068
0.985,7067
0.986,7066
0.986,7065
0.986,7064
0.986,7063
0.986,7062
0.986,7061
0.986,7060
0.987,7059
0.987,7058
0.987,7057
0.987,7056
0.987,7055
0.988,7054
0.988,7053
0.988,7052
0.988,7051
0.989,7050
0.989,7049
0.989,7048
0.99,7047
0.99,7046
0.99,7045
0.99,7044
0.99,7043
0.99,7042
0.99,7041
0.99,7040
0.99,7039
0.99,7038
0.991,7037
0.991,7036
0.992,7035
0.992,7034
0.992,7033
0.992,7032
0.992,7031
0.992,7030
0.992,7029
0.993,7028
0.993,7027
0.993,7026
0.993,7025
0.994,7024
0.994,7023
0.994,7022
0.994,7021
0.995,7020
0.995,7019
0.995,7018
0.995,7017
0.996,7016
0.996,7015
0.996,7014
0.996,7013
0.996,7012
0.996,7011
0.996,7010
0.997,7009
0.997,7008
0.997,7007
0.997,7006
0.997,7005
0.998,7004
0.998,7003
0.998,7002
0.998,7001
0.999,7000
0.999,6999
0.999,6998
1.0,6997
1.0,6996
1.0,6995
1.0,6994
1.0,6993
1.0,6992
1.001,6991
1.001,6990
1.001,6989
1.001,6988
1.001,6987
1.001,6986
1.001,6985
1.001,6984
1.001,6983
1.001,6982
1.002,6981
1.002,6980
1.002,6979
1.002,6978
1.002,6977
1.002,6976
1.003,6975
1.003,6974
1.003,6973
1.003,6972
1.003,6971
1.003,6970
1.004,6969
1.004,6968
1.004,6967
1.004,6966
1.004,6965
1.004,6964
1.004,6963
1.004,6962
1.005,6961
1.005,6960
1.005,6959
1.005,6958
1.005,6957
1.005,6956
1.006,6955
1.006,6954
1.006,6953
1.006,6952
1.006,6951
1.006,6950
1.007,6949
1.007,6948
1.007,6947
1.007,6946
1.007,6945
1.007,6944
1.008,6943
1.008,6942
1.008,6941
1.008,6940
1.008,6939
1.008,6938
1.009,6937
1.009,6936
1.009,6935
1.009,6934
1.01,6933
1.01,6932
1.01,6931
1.01,6930
1.01,6929
1.011,6928
1.011,6927
1.011,6926
1.011,6925
1.011,6924
1.012,6923
1.012,6922
1.012,6921
1.012,6920
1.012,6919
1.012,6918
1.012,6917
1.013,6916
1.013,6915
1.013,6914
1.013,6913
1.013,6912
1.013,6911
1.013,6910
1.013,6909
1.014,6908
1.014,6907
1.014,6906
1.014,6905
1.014,6904
1.015,6903
1.015,6902
1.015,6901
1.015,6900
1.015,6899
1.015,6898
1.015,6897
1.015,6896
1.016,6895
1.016,6894
1.016,6893
1.017,6892
1.017,6891
1.017,6890
1.017,6889
1.017,6888
1.017,6887
1.018,6886
1.018,6885
1.018,6884
1.018,6883
1.018,6882
1.018,6881
1.018,6880
1.019,6879
1.019,6878
1.019,6877
1.019,6876
1.02,6875
1.02,6874
1.02,6873
1.02,6872
1.02,6871
1.02,6870
1.021,6869
1.021,6868
1.021,6867
1.021,6866
1.021,6865
1.022,6864
1.022,6863
1.022,6862
1.022,6861
1.022,6860
1.022,6859
1.022,6858
1.022,6857
1.023,6856
1.023,6855
1.023,6854
1.023,6853
1.023,6852
1.023,6851
1.023,6850
1.023,6849
1.024,6848
1.025,6847
1.025,6846
1.025,6845
1.025,6844
1.025,6843
1.025,6842
1.025,6841
1.026,6840
1.026,6839
1.026,6838
1.026,6837
1.027,6836
1.027,6835
1.027,6834
1.027,6833
1.027,6832
1.027,6831
1.027,6830
1.027,6829
1.027,6828
1.027,6827
1.028,6826
1.028,6825
1.028,6824
1.028,6823
1.028,6822
1.028,6821
1.028,6820
1.028,6819
1.029,6818
1.029,6817
1.029,6816
1.029,6815
1.029,6814
1.029,6813
1.03,6812
1.03,6811
1.03,6810
1.03,6809
1.03,6808
1.03,6807
1.03,6806
1.031,6805
1.031,6804
1.031,6803
1.032,6802
1.032,6801
1.032,6800
1.032,6799
1.032,6798
1.032,6797
1.032,6796
1.032,6795
1.033,6794
1.033,6793
1.033,6792
1.033,6791
1.033,6790
1.033,6789
1.034,6788
1.034,6787
1.034,6786
1.034,6785
1.035,6784
1.035,6783
1.035,6782
1.035,6781
1.035,6780
1.035,6779
1.035,6778
1.036,6777
1.036,6776
1.036,6775
1.036,6774
1.036,6773
1.036,6772
1.036,6771
1.037,6770
1.037,6769
1.037,6768
1.037,6767
1.037,6766
1.037,6765
1.037,6764
1.038,6763
1.038,6762
1.038,6761
1.038,6760
1.039,6759
1.039,6758
1.039,6757
1.04,6756
1.04,6755
1.04,6754
1.04,6753
1.04,6752
1.04,6751
1.04,6750
1.041,6749
1.041,6748
1.041,6747
1.041,6746
1.041,6745
1.042,6744
1.042,6743
1.042,6742
1.042,6741
1.042,6740
1.042,6739
1.043,6738
1.043,6737
1.043,6736
1.043,6735
1.043,6734
1.043,6733
1.044,6732
1.044,6731
1.044,6730
1.044,6729
1.044,6728
1.044,6727
1.045,6726
1.045,6725
1.046,6724
1.046,6723
1.046,6722
1.046,6721
1.046,6720
1.046,6719
1.046,6718
1.046,6717
1.047,6716
1.047,6715
1.047,6714
1.047,6713
1.047,6712
1.047,6711
1.048,6710
1.048,6709
1.048,6708
1.048,6707
1.048,6706
1.048,6705
1.048,6704
1.048,6703
1.049,6702
1.049,6701
1.049,6700
1.049,6699
1.049,6698
1.049,6697
1.049,6696
1.049,6695
1.049,6694
1.049,6693
1.05,6692
1.05,6691
1.05,6690
1.05,6689
1.051,6688
1.051,6687
1.051,6686
1.051,6685
1.052,6684
1.052,6683
1.053,6682
1.053,6681
1.053,6680
1.053,6679
1.053,6678
1.053,6677
1.054,6676
1.054,6675
1.054,6674
1.055,6673
1.055,6672
1.055,6671
1.055,6670
1.055,6669
1.056,6668
1.056,6667
1.056,6666
1.056,6665
1.056,6664
1.056,6663
1.056,6662
1.057,6661
1.057,6660
1.057,6659
1.057,6658
1.057,6657
1.057,6656
1.057,6655
1.058,6654
1.058,6653
1.058,6652
1.058,6651
1.058,6650
1.059,6649
1.059,6648
1.059,6647
1.059,6646
1.059,6645
1.059,6644
1.059,6643
1.059,6642
1.06,6641
1.06,6640
1.06,6639
1.06,6638
1.06,6637
1.06,6636
1.06,6635
1.06,6634
1.061,6633
1.061,6632
1.061,6631
1.061,6630
1.061,6629
1.062,6628
1.062,6627
1.062,6626
1.062,6625
1.062,6624
1.062,6623
1.062,6622
1.062,6621
1.062,6620
1.062,6619
1.062,6618
1.063,6617
1.063,6616
1.063,6615
1.063,6614
1.063,6613
1.063,6612
1.064,6611
1.064,6610
1.065,6609
1.065,6608
1.065,6607
1.066,6606
1.066,6605
1.066,6604
1.066,6603
1.066,6602
1.066,6601
1.067,6600
1.067,6599
1.067,6598
1.067,6597
1.067,6596
1.068,6595
1.068,6594
1.068,6593
1.068,6592
1.068,6591
1.068,6590
1.068,6589
1.069,6588
1.069,6587
1.069,6586
1.069,6585
1.069,6584
1.07,6583
1.07,6582
1.07,6581
1.07,6580
1.07,6579
1.07,6578
1.07,6577
1.07,6576
1.071,6575
1.071,6574
1.071,6573
1.071,6572
1.071,6571
1.071,6570
1.071,6569
1.072,6568
1.072,6567
1.072,6566
1.072,6565
1.073,6564
1.073,6563
1.073,6562
1.074,6561
1.074,6560
1.075,6559
1.075,6558
1.075,6557
1.075,6556
1.075,6555
1.076,6554
1.076,6553
1.076,6552
1.076,6551
1.076,6550
1.076,6549
1.077,6548
1.077,6547
1.077,6546
1.077,6545
1.077,6544
1.077,6543
1.077,6542
1.078,6541
1.078,6540
1.078,6539
1.078,6538
1.078,6537
1.079,6536
1.079,6535
1.08,6534
1.08,6533
1.08,6532
1.08,6531
1.08,6530
1.081,6529
1.081,6528
1.081,6527
1.081,6526
1.081,6525
1.081,6524
1.081,6523
1.081,6522
1.081,6521
1.081,6520
1.082,6519
1.082,6518
1.082,6517
1.082,6516
1.082,6515
1.082,6514
1.082,6513
1.083,6512
1.083,6511
1.083,6510
1.083,6509
1.083,6508
1.083,6507
1.084,6506
1.084,6505
1.084,6504
1.084,6503
1.084,6502
1.084,6501
1.085,6500
1.085,6499
1.085,6498
1.085,6497
1.085,6496
1.085,6495
1.086,6494
1.086,6493
1.086,6492
1.086,6491
1.086,6490
1.086,6489
1.086,6488
1.087,6487
1.087,6486
1.087,6485
1.087,6484
1.087,6483
1.087,6482
1.087,6481
1.087,6480
1.088,6479
1.088,6478
1.088,6477
1.088,6476
1.088,6475
1.088,6474
1.088,6473
1.088,6472
1.089,6471
1.089,6470
1.089,6469
1.089,6468
1.09,6467
1.09,6466
1.09,6465
1.09,6464
1.09,6463
1.09,6462
1.09,6461
1.09,6460
1.09,6459
1.091,6458
1.091,6457
1.091,6456
1.091,6455
1.091,6454
1.091,6453
1.091,6452
1.091,6451
1.092,6450
1.092,6449
1.092,6448
1.092,6447
1.093,6446
1.093,6445
1.093,6444
1.093,6443
1.094,6442
1.094,6441
1.094,6440
1.094,6439
1.094,6438
1.094,6437
1.094,6436
1.094,6435
1.095,6434
1.095,6433
1.095,6432
1.095,6431
1.095,6430
1.095,6429
1.096,6428
1.096,6427
1.096,6426
1.097,6425
1.097,6424
1.097,6423
1.098,6422
1.098,6421
1.098,6420
1.098,6419
1.098,6418
1.098,6417
1.098,6416
1.098,6415
1.099,6414
1.099,6413
1.099,6412
1.099,6411
1.099,6410
1.099,6409
1.1,6408
1.1,6407
1.1,6406
1.1,6405
1.1,6404
1.1,6403
1.1,6402
1.101,6401
1.101,6400
1.101,6399
1.101,6398
1.102,6397
1.102,6396
1.102,6395
1.102,6394
1.103,6393
1.103,6392
1.103,6391
1.104,6390
1.104,6389
1.104,6388
1.104,6387
1.104,6386
1.104,6385
1.104,6384
1.104,6383
1.104,6382
1.105,6381
1.105,6380
1.105,6379
1.105,6378
1.105,6377
1.105,6376
1.105,6375
1.106,6374
1.106,6373
1.106,6372
1.106,6371
1.106,6370
1.107,6369
1.107,6368
1.107,6367
1.107,6366
1.107,6365
1.107,6364
1.108,6363
1.108,6362
1.108,6361
1.108,6360
1.108,6359
1.108,6358
1.109,6357
1.109,6356
1.109,6355
1.109,6354
1.109,6353
1.109,6352
1.109,6351
1.109,6350
1.11,6349
1.11,6348
1.11,6347
1.11,6346
1.11,6345
1.11,6344
1.111,6343
1.111,6342
1.111,6341
1.111,6340
1.111,6339
1.111,6338
1.111,6337
1.111,6336
1.111,6335
1.111,6334
1.112,6333
1.112,6332
1.112,6331
1.112,6330
1.112,6329
1.113,6328
1.113,6327
1.113,6326
1.113,6325
1.114,6324
1.114,6323
1.114,6322
1.114,6321
1.114,6320
1.114,6319
1.114,6318
1.114,6317
1.114,6316
1.114,6315
1.115,6314
1.115,6313
1.115,6312
1.115,6311
1.115,6310
1.115,6309
1.115,6308
1.116,6307
1.116,6306
1.116,6305
1.116,6304
1.117,6303
1.117,6302
1.117,6301
1.117,6300
1.117,6299
1.117,6298
1.118,6297
1.118,6296
1.118,6295
1.118,6294
1.118,6293
1.118,6292
1.119,6291
1.119,6290
1.119,6289
1.119,6288
1.119,6287
1.119,6286
1.119,6285
1.119,6284
1.12,6283
1.12,6282
1.12,6281
1.12,6280
1.12,6279
1.12,6278
1.12,6277
1.12,6276
1.121,6275
1.121,6274
1.121,6273
1.121,6272
1.121,6271
1.121,6270
1.121,6269
1.121,6268
1.121,6267
1.121,6266
1.122,6265
1.122,6264
1.122,6263
1.122,6262
1.122,6261
1.122,6260
1.122,6259
1.122,6258
1.123,6257
1.123,6256
1.123,6255
1.123,6254
1.123,6253
1.124,6252
1.124,6251
1.124,6250
1.124,6249
1.124,6248
1.124,6247
1.124,6246
1.125,6245
1.125,6244
1.125,6243
1.125,6242
1.126,6241
1.126,6240
1.126,6239
1.127,6238
1.127,6237
1.128,6236
1.128,6235
1.128,6234
1.129,6233
1.129,6232
1.129,6231
1.129,6230
1.13,6229
1.13,6228
1.13,6227
1.13,6226
1.13,6225
1.131,6224
1.131,6223
1.131,6222
1.131,6221
1.132,6220
1.132,6219
1.132,6218
1.132,6217
1.132,6216
1.133,6215
1.133,6214
1.133,6213
1.133,6212
1.133,6211
1.133,6210
1.133,6209
1.134,6208
1.134,6207
1.134,6206
1.134,6205
1.134,6204
1.135,6203
1.135,6202
1.136,6201
1.136,6200
1.136,6199
1.136,6198
1.137,6197
1.137,6196
1.137,6195
1.137,6194
1.138,6193
1.138,6192
1.138,6191
1.138,6190
1.138,6189
1.139,6188
1.139,6187
1.139,6186
1.139,6185
1.14,6184
1.14,6183
1.14,6182
1.14,6181
1.14,6180
1.14,6179
1.141,6178
1.141,6177
1.141,6176
1.141,6175
1.141,6174
1.141,6173
1.141,6172
1.142,6171
1.142,6170
1.142,6169
1.142,6168
1.142,6167
1.142,6166
1.142,6165
1.142,6164
1.142,6163
1.143,6162
1.143,6161
1.143,6160
1.143,6159
1.144,6158
1.144,6157
1.144,6156
1.144,6155
1.144,6154
1.145,6153
1.145,6152
1.145,6151
1.146,6150
1.146,6149
1.146,6148
1.146,6147
1.146,6146
1.147,6145
1.147,6144
1.147,6143
1.147,6142
1.148,6141
1.148,6140
1.149,6139
1.149,6138
1.149,6137
1.149,6136
1.149,6135
1.15,6134
1.15,6133
1.15,6132
1.15,6131
1.151,6130
1.151,6129
1.151,6128
1.151,6127
1.151,6126
1.152,6125
1.152,6124
1.152,6123
1.152,6122
1.153,6121
1.153,6120
1.153,6119
1.154,6118
1.154,6117
1.154,6116
1.154,6115
1.154,6114
1.155,6113
1.155,6112
1.155,6111
1.155,6110
1.155,6109
1.155,6108
1.155,6107
1.156,6106
1.156,6105
1.156,6104
1.156,6103
1.156,6102
1.156,6101
1.157,6100
1.157,6099
1.157,6098
1.158,6097
1.158,6096
1.158,6095
1.158,6094
1.159,6093
1.159,6092
1.159,6091
1.159,6090
1.159,6089
1.16,6088
1.16,6087
1.16,6086
1.16,6085
1.161,6084
1.161,6083
1.161,6082
1.161,6081
1.161,6080
1.161,6079
1.162,6078
1.162,6077
1.162,6076
1.162,6075
1.162,6074
1.163,6073
1.163,6072
1.163,6071
1.164,6070
1.164,6069
1.164,6068
1.164,6067
1.164,6066
1.165,6065
1.165,6064
1.165,6063
1.165,6062
1.166,6061
1.166,6060
1.166,6059
1.167,6058
1.167,6057
1.167,6056
1.167,6055
1.168,6054
1.169,6053
1.169,6052
1.169,6051
1.169,6050
1.169,6049
1.169,6048
1.17,6047
1.17,6046
1.17,6045
1.17,6044
1.17,6043
1.17,6042
1.171,6041
1.171,6040
1.171,6039
1.172,6038
1.172,6037
1.172,6036
1.172,6035
1.172,6034
1.172,6033
1.173,6032
1.173,6031
1.173,6030
1.173,6029
1.173,6028
1.173,6027
1.174,6026
1.174,6025
1.174,6024
1.175,6023
1.175,6022
1.175,6021
1.175,6020
1.175,6019
1.176,6018
1.176,6017
1.176,6016
1.176,6015
1.176,6014
1.176,6013
1.177,6012
1.177,6011
1.177,6010
1.177,6009
1.177,6008
1.178,6007
1.179,6006
1.179,6005
1.179,6004
1.179,6003
1.18,6002
1.18,6001
1.18,6000
1.18,5999
1.181,5998
1.181,5997
1.181,5996
1.181,5995
1.181,5994
1.182,5993
1.182,5992
1.183,5991
1.183,5990
1.183,5989
1.183,5988
1.183,5987
1.183,5986
1.184,5985
1.184,5984
1.184,5983
1.185,5982
1.185,5981
1.185,5980
1.186,5979
1.186,5978
1.186,5977
1.186,5976
1.186,5975
1.186,5974
1.187,5973
1.187,5972
1.188,5971
1.188,5970
1.189,5969
1.19,5968
1.19,5967
1.191,5966
1.191,5965
1.191,5964
1.192,5963
1.192,5962
1.192,5961
1.192,5960
1.193,5959
1.193,5958
1.193,5957
1.193,5956
1.194,5955
1.194,5954
1.194,5953
1.194,5952
1.194,5951
1.194,5950
1.195,5949
1.195,5948
1.196,5947
1.196,5946
1.196,5945
1.196,5944
1.196,5943
1.197,5942
1.197,5941
1.199,5940
1.199,5939
1.199,5938
1.199,5937
1.199,5936
1.199,5935
1.2,5934
1.201,5933
1.202,5932
1.202,5931
1.202,5930
1.203,5929
1.203,5928
1.203,5927
1.203,5926
1.203,5925
1.203,5924
1.204,5923
1.204,5922
1.205,5921
1.206,5920
1.206,5919
1.206,5918
1.206,5917
1.206,5916
1.206,5915
1.207,5914
1.208,5913
1.208,5912
1.208,5911
1.208,5910
1.208,5909
1.208,5908
1.209,5907
1.209,5906
1.209,5905
1.209,5904
1.209,5903
1.21,5902
1.21,5901
1.21,5900
1.21,5899
1.211,5898
1.211,5897
1.211,5896
1.212,5895
1.212,5894
1.213,5893
1.213,5892
1.214,5891
1.214,5890
1.214,5889
1.214,5888
1.214,5887
1.214,5886
1.214,5885
1.215,5884
1.215,5883
1.215,5882
1.216,5881
1.216,5880
1.217,5879
1.217,5878
1.217,5877
1.217,5876
1.218,5875
1.218,5874
1.218,5873
1.219,5872
1.219,5871
1.219,5870
1.22,5869
1.22,5868
1.22,5867
1.222,5866
1.223,5865
1.223,5864
1.223,5863
1.223,5862
1.223,5861
1.224,5860
1.224,5859
1.224,5858
1.224,5857
1.225,5856
1.225,5855
1.226,5854
1.226,5853
1.227,5852
1.227,5851
1.228,5850
1.228,5849
1.229,5848
1.229,5847
1.229,5846
1.23,5845
1.23,5844
1.231,5843
1.231,5842
1.231,5841
1.231,5840
1.231,5839
1.232,5838
1.232,5837
1.233,5836
1.233,5835
1.233,5834
1.233,5833
1.233,5832
1.234,5831
1.234,5830
1.234,5829
1.234,5828
1.234,5827
1.234,5826
1.234,5825
1.235,5824
1.235,5823
1.235,5822
1.236,5821
1.236,5820
1.236,5819
1.236,5818
1.237,5817
1.237,5816
1.237,5815
1.237,5814
1.237,5813
1.237,5812
1.237,5811
1.238,5810
1.239,5809
1.239,5808
1.239,5807
1.239,5806
1.239,5805
1.24,5804
1.241,5803
1.241,5802
1.241,5801
1.241,5800
1.242,5799
1.242,5798
1.242,5797
1.242,5796
1.243,5795
1.243,5794
1.243,5793
1.244,5792
1.244,5791
1.244,5790
1.244,5789
1.244,5788
1.245,5787
1.245,5786
1.245,5785
1.247,5784
1.247,5783
1.247,5782
1.247,5781
1.248,5780
1.248,5779
1.249,5778
1.249,5777
1.25,5776
1.25,5775
1.25,5774
1.25,5773
1.251,5772
1.251,5771
1.251,5770
1.251,5769
1.252,5768
1.252,5767
1.252,5766
1.252,5765
1.253,5764
1.253,5763
1.253,5762
1.253,5761
1.254,5760
1.254,5759
1.254,5758
1.254,5757
1.255,5756
1.255,5755
1.256,5754
1.256,5753
1.256,5752
1.256,5751
1.257,5750
1.257,5749
1.257,5748
1.258,5747
1.258,5746
1.258,5745
1.258,5744
1.26,5743
1.26,5742
1.26,5741
1.261,5740
1.261,5739
1.261,5738
1.262,5737
1.262,5736
1.262,5735
1.263,5734
1.263,5733
1.263,5732
1.264,5731
1.264,5730
1.264,5729
1.265,5728
1.265,5727
1.265,5726
1.265,5725
1.265,5724
1.265,5723
1.266,5722
1.266,5721
1.266,5720
1.267,5719
1.267,5718
1.267,5717
1.268,5716
1.268,5715
1.268,5714
1.269,5713
1.269,5712
1.269,5711
1.269,5710
1.269,5709
1.269,5708
1.27,5707
1.27,5706
1.27,5705
1.272,5704
1.272,5703
1.273,5702
1.273,5701
1.273,5700
1.274,5699
1.274,5698
1.275,5697
1.276,5696
1.277,5695
1.277,5694
1.278,5693
1.278,5692
1.278,5691
1.279,5690
1.279,5689
1.28,5688
1.28,5687
1.28,5686
1.28,5685
1.281,5684
1.282,5683
1.282,5682
1.282,5681
1.282,5680
1.283,5679
1.283,5678
1.283,5677
1.283,5676
1.284,5675
1.284,5674
1.284,5673
1.284,5672
1.285,5671
1.286,5670
1.286,5669
1.286,5668
1.286,5667
1.287,5666
1.287,5665
1.287,5664
1.287,5663
1.288,5662
1.288,5661
1.289,5660
1.289,5659
1.289,5658
1.29,5657
1.291,5656
1.291,5655
1.291,5654
1.292,5653
1.292,5652
1.292,5651
1.292,5650
1.293,5649
1.294,5648
1.294,5647
1.294,5646
1.294,5645
1.295,5644
1.296,5643
1.297,5642
1.297,5641
1.297,5640
1.299,5639
1.299,5638
1.301,5637
1.301,5636
1.301,5635
1.302,5634
1.302,5633
1.302,5632
1.304,5631
1.304,5630
1.304,5629
1.304,5628
1.305,5627
1.306,5626
1.306,5625
1.307,5624
1.307,5623
1.309,5622
1.309,5621
1.31,5620
1.31,5619
1.311,5618
1.313,5617
1.313,5616
1.313,5615
1.313,5614
1.314,5613
1.314,5612
1.314,5611
1.314,5610
1.315,5609
1.315,5608
1.315,5607
1.315,5606
1.315,5605
1.316,5604
1.316,5603
1.316,5602
1.317,5601
1.318,5600
1.318,5599
1.319,5598
1.319,5597
1.319,5596
1.321,5595
1.322,5594
1.322,5593
1.322,5592
1.322,5591
1.323,5590
1.323,5589
1.324,5588
1.324,5587
1.325,5586
1.325,5585
1.326,5584
1.326,5583
1.326,5582
1.327,5581
1.327,5580
1.327,5579
1.327,5578
1.328,5577
1.328,5576
1.329,5575
1.329,5574
1.33,5573
1.331,5572
1.331,5571
1.331,5570
1.332,5569
1.332,5568
1.332,5567
1.332,5566
1.333,5565
1.333,5564
1.334,5563
1.334,5562
1.334,5561
1.334,5560
1.335,5559
1.336,5558
1.336,5557
1.337,5556
1.337,5555
1.338,5554
1.338,5553
1.339,5552
1.339,5551
1.34,5550
1.34,5549
1.34,5548
1.34,5547
1.34,5546
1.342,5545
1.342,5544
1.342,5543
1.343,5542
1.344,5541
1.344,5540
1.344,5539
1.344,5538
1.345,5537
1.345,5536
1.346,5535
1.347,5534
1.347,5533
1.348,5532
1.348,5531
1.349,5530
1.349,5529
1.35,5528
1.35,5527
1.351,5526
1.352,5525
1.352,5524
1.353,5523
1.353,5522
1.353,5521
1.353,5520
1.354,5519
1.354,5518
1.354,5517
1.355,5516
1.356,5515
1.356,5514
1.357,5513
1.357,5512
1.357,5511
1.357,5510
1.358,5509
1.359,5508
1.359,5507
1.359,5506
1.36,5505
1.36,5504
1.361,5503
1.362,5502
1.362,5501
1.362,5500
1.362,5499
1.363,5498
1.364,5497
1.364,5496
1.364,5495
1.364,5494
1.364,5493
1.365,5492
1.365,5491
1.365,5490
1.366,5489
1.366,5488
1.366,5487
1.367,5486
1.369,5485
1.369,5484
1.369,5483
1.369,5482
1.37,5481
1.371,5480
1.373,5479
1.374,5478
1.374,5477
1.374,5476
1.375,5475
1.376,5474
1.376,5473
1.376,5472
1.377,5471
1.377,5470
1.377,5469
1.377,5468
1.378,5467
1.378,5466
1.378,5465
1.379,5464
1.379,5463
1.38,5462
1.38,5461
1.38,5460
1.381,5459
1.382,5458
1.382,5457
1.382,5456
1.385,5455
1.386,5454
1.386,5453
1.386,5452
1.387,5451
1.387,5450
1.387,5449
1.389,5448
1.39,5447
1.39,5446
1.391,5445
1.391,5444
1.392,5443
1.392,5442
1.404,5441
1.404,5440
1.405,5439
1.405,5438
1.406,5437
1.407,5436
1.407,5435
1.407,5434
1.408,5433
1.408,5432
1.408,5431
1.408,5430
1.409,5429
1.41,5428
1.41,5427
1.41,5426
1.412,5425
1.412,5424
1.412,5423
1.413,5422
1.415,5421
1.415,5420
1.416,5419
1.416,5418
1.416,5417
1.416,5416
1.417,5415
1.419,5414
1.419,5413
1.419,5412
1.419,5411
1.42,5410
1.42,5409
1.422,5408
1.422,5407
1.424,5406
1.425,5405
1.426,5404
1.426,5403
1.427,5402
1.427,5401
1.427,5400
1.428,5399
1.428,5398
1.429,5397
1.43,5396
1.43,5395
1.431,5394
1.432,5393
1.434,5392
1.434,5391
1.435,5390
1.436,5389
1.436,5388
1.436,5387
1.437,5386
1.438,5385
1.438,5384
1.438,5383
1.439,5382
1.44,5381
1.441,5380
1.442,5379
1.442,5378
1.442,5377
1.443,5376
1.443,5375
1.444,5374
1.445,5373
1.446,5372
1.447,5371
1.448,5370
1.45,5369
1.451,5368
1.452,5367
1.452,5366
1.454,5365
1.454,5364
1.458,5363
1.459,5362
1.459,5361
1.46,5360
1.461,5359
1.463,5358
1.465,5357
1.467,5356
1.469,5355
1.47,5354
1.47,5353
1.47,5352
1.47,5351
1.471,5350
1.473,5349
1.473,5348
1.476,5347
1.478,5346
1.481,5345
1.481,5344
1.482,5343
1.482,5342
1.484,5341
1.484,5340
1.485,5339
1.485,5338
1.485,5337
1.487,5336
1.487,5335
1.49,5334
1.491,5333
1.491,5332
1.491,5331
1.492,5330
1.493,5329
1.493,5328
1.493,5327
1.494,5326
1.494,5325
1.494,5324
1.494,5323
1.495,5322
1.496,5321
1.497,5320
1.499,5319
1.5,5318
1.501,5317
1.502,5316
1.503,5315
1.504,5314
1.505,5313
1.506,5312
1.507,5311
1.508,5310
1.509,5309
1.509,5308
1.509,5307
1.51,5306
1.51,5305
1.511,5304
1.511,5303
1.512,5302
1.516,5301
1.517,5300
1.518,5299
1.518,5298
1.519,5297
1.52,5296
1.522,5295
1.523,5294
1.524,5293
1.524,5292
1.525,5291
1.526,5290
1.531,5289
1.531,5288
1.532,5287
1.533,5286
1.534,5285
1.534,5284
1.535,5283
1.538,5282
1.538,5281
1.539,5280
1.539,5279
1.54,5278
1.541,5277
1.541,5276
1.541,5275
1.543,5274
1.544,5273
1.546,5272
1.547,5271
1.549,5270
1.55,5269
1.556,5268
1.557,5267
1.558,5266
1.558,5265
1.561,5264
1.561,5263
1.562,5262
1.566,5261
1.57,5260
1.574,5259
1.575,5258
1.575,5257
1.577,5256
1.58,5255
1.582,5254
1.583,5253
1.585,5252
1.588,5251
1.589,5250
1.591,5249
1.591,5248
1.591,5247
1.598,5246
1.601,5245
1.604,5244
1.606,5243
1.61,5242
1.61,5241
1.613,5240
1.615,5239
1.617,5238
1.619,5237
1.623,5236
1.631,5235
1.634,5234
1.635,5233
1.636,5232
1.64,5231
1.64,5230
1.644,5229
1.645,5228
1.646,5227
1.647,5226
1.653,5225
1.654,5224
1.658,5223
1.659,5222
1.659,5221
1.671,5220
1.671,5219
1.672,5218
1.676,5217
1.678,5216
1.678,5215
1.686,5214
1.687,5213
1.698,5212
1.7,5211
1.701,5210
1.701,5209
1.705,5208
1.706,5207
1.725,5206
1.725,5205
1.739,5204
1.739,5203
1.758,5202
1.778,5201
1.781,5200
1.783,5199
1.788,5198
1.792,5197
1.794,5196
1.81,5195
1.819,5194
1.827,5193
1.83,5192
1.848,5191
1.858,5190
1.869,5189
1.878,5188
1.9,5187
1.954,5186
1.957,5185
1.961,5184
1.972,5183
1.997,5182
2.04,5181
2.173,5180
2.367,5179
