0.002,8636
0.004,8635
0.005,8634
0.006,8633
0.006,8632
0.007,8631
0.008,8630
0.008,8629
0.01,8628
0.01,8627
0.01,8626
0.01,8625
0.01,8624
0.01,8623
0.01,8622
0.011,8621
0.012,8620
0.012,8619
0.013,8618
0.014,8617
0.015,8616
0.015,8615
0.017,8614
0.017,8613
0.017,8612
0.017,8611
0.017,8610
0.017,8609
0.018,8608
0.018,8607
0.018,8606
0.018,8605
0.018,8604
0.018,8603
0.018,8602
0.018,8601
0.019,8600
0.019,8599
0.019,8598
0.019,8597
0.019,8596
0.019,8595
0.02,8594
0.02,8593
0.02,8592
0.02,8591
0.021,8590
0.021,8589
0.021,8588
0.021,8587
0.021,8586
0.021,8585
0.022,8584
0.022,8583
0.022,8582
0.022,8581
0.022,8580
0.022,8579
0.023,8578
0.023,8577
0.023,8576
0.023,8575
0.023,8574
0.023,8573
0.023,8572
0.023,8571
0.024,8570
0.024,8569
0.024,8568
0.024,8567
0.025,8566
0.025,8565
0.025,8564
0.025,8563
0.025,8562
0.025,8561
0.025,8560
0.026,8559
0.026,8558
0.026,8557
0.026,8556
0.026,8555
0.026,8554
0.026,8553
0.026,8552
0.027,8551
0.029,8550
0.029,8549
0.029,8548
0.029,8547
0.029,8546
0.029,8545
0.029,8544
0.03,8543
0.03,8542
0.03,8541
0.03,8540
0.03,8539
0.03,8538
0.03,8537
0.03,8536
0.03,8535
0.031,8534
0.031,8533
0.031,8532
0.032,8531
0.032,8530
0.032,8529
0.032,8528
0.032,8527
0.032,8526
0.032,8525
0.033,8524
0.033,8523
0.033,8522
0.034,8521
0.034,8520
0.034,8519
0.034,8518
0.034,8517
0.035,8516
0.035,8515
0.035,8514
0.035,8513
0.035,8512
0.036,8511
0.036,8510
0.036,8509
0.036,8508
0.036,8507
0.036,8506
0.036,8505
0.037,8504
0.037,8503
0.037,8502
0.037,8501
0.037,8500
0.037,8499
0.037,8498
0.038,8497
0.038,8496
0.038,8495
0.038,8494
0.038,8493
0.039,8492
0.039,8491
0.04,8490
0.04,8489
0.04,8488
0.04,8487
0.04,8486
0.04,8485
0.04,8484
0.04,8483
0.041,8482
0.041,8481
0.041,8480
0.041,8479
0.041,8478
0.041,8477
0.041,8476
0.042,8475
0.042,8474
0.042,8473
0.042,8472
0.042,8471
0.043,8470
0.043,8469
0.043,8468
0.043,8467
0.044,8466
0.044,8465
0.044,8464
0.044,8463
0.044,8462
0.044,8461
0.044,8460
0.045,8459
0.045,8458
0.045,8457
0.045,8456
0.046,8455
0.046,8454
0.046,8453
0.046,8452
0.046,8451
0.047,8450
0.047,8449
0.047,8448
0.047,8447
0.047,8446
0.047,8445
0.047,8444
0.048,8443
0.048,8442
0.048,8441
0.048,8440
0.048,8439
0.048,8438
0.049,8437
0.049,8436
0.049,8435
0.049,8434
0.05,8433
0.05,8432
0.05,8431
0.05,8430
0.05,8429
0.051,8428
0.053,8427
0.053,8426
0.053,8425
0.053,8424
0.053,8423
0.053,8422
0.054,8421
0.054,8420
0.054,8419
0.054,8418
0.054,8417
0.054,8416
0.054,8415
0.055,8414
0.055,8413
0.055,8412
0.055,8411
0.055,8410
0.055,8409
0.056,8408
0.056,8407
0.056,8406
0.057,8405
0.057,8404
0.057,8403
0.057,8402
0.057,8401
0.057,8400
0.057,8399
0.058,8398
0.058,8397
0.058,8396
0.058,8395
0.058,8394
0.059,8393
0.059,8392
0.059,8391
0.059,8390
0.059,8389
0.059,8388
0.06,8387
0.06,8386
0.06,8385
0.06,8384
0.06,8383
0.062,8382
0.064,8381
0.064,8380
0.065,8379
0.065,8378
0.065,8377
0.065,8376
0.065,8375
0.065,8374
0.066,8373
0.066,8372
0.066,8371
0.066,8370
0.066,8369
0.066,8368
0.066,8367
0.066,8366
0.066,8365
0.067,8364
0.067,8363
0.067,8362
0.067,8361
0.068,8360
0.068,8359
0.068,8358
0.068,8357
0.068,8356
0.068,8355
0.069,8354
0.069,8353
0.069,8352
0.069,8351
0.069,8350
0.069,8349
0.07,8348
0.07,8347
0.07,8346
0.071,8345
0.071,8344
0.071,8343
0.071,8342
0.072,8341
0.072,8340
0.072,8339
0.072,8338
0.073,8337
0.073,8336
0.073,8335
0.073,8334
0.075,8333
0.075,8332
0.075,8331
0.075,8330
0.075,8329
0.075,8328
0.075,8327
0.076,8326
0.076,8325
0.076,8324
0.076,8323
0.077,8322
0.077,8321
0.077,8320
0.077,8319
0.077,8318
0.077,8317
0.077,8316
0.077,8315
0.077,8314
0.078,8313
0.078,8312
0.078,8311
0.078,8310
0.078,8309
0.078,8308
0.079,8307
0.079,8306
0.079,8305
0.079,8304
0.079,8303
0.079,8302
0.08,8301
0.08,8300
0.08,8299
0.08,8298
0.081,8297
0.081,8296
0.081,8295
0.081,8294
0.081,8293
0.082,8292
0.082,8291
0.082,8290
0.083,8289
0.083,8288
0.083,8287
0.084,8286
0.084,8285
0.084,8284
0.084,8283
0.084,8282
0.085,8281
0.085,8280
0.085,8279
0.085,8278
0.086,8277
0.086,8276
0.086,8275
0.086,8274
0.086,8273
0.086,8272
0.086,8271
0.086,8270
0.087,8269
0.087,8268
0.087,8267
0.087,8266
0.087,8265
0.087,8264
0.087,8263
0.087,8262
0.087,8261
0.088,8260
0.088,8259
0.088,8258
0.088,8257
0.089,8256
0.089,8255
0.089,8254
0.089,8253
0.09,8252
0.09,8251
0.09,8250
0.09,8249
0.091,8248
0.091,8247
0.091,8246
0.091,8245
0.091,8244
0.092,8243
0.092,8242
0.092,8241
0.092,8240
0.092,8239
0.092,8238
0.093,8237
0.093,8236
0.093,8235
0.093,8234
0.094,8233
0.094,8232
0.094,8231
0.094,8230
0.094,8229
0.095,8228
0.096,8227
0.096,8226
0.096,8225
0.096,8224
0.096,8223
0.097,8222
0.097,8221
0.097,8220
0.097,8219
0.097,8218
0.097,8217
0.098,8216
0.098,8215
0.098,8214
0.105,8213
0.105,8212
0.106,8211
0.106,8210
0.106,8209
0.106,8208
0.106,8207
0.106,8206
0.106,8205
0.107,8204
0.107,8203
0.107,8202
0.107,8201
0.108,8200
0.108,8199
0.109,8198
0.109,8197
0.109,8196
0.11,8195
0.11,8194
0.11,8193
0.11,8192
0.111,8191
0.111,8190
0.111,8189
0.111,8188
0.111,8187
0.111,8186
0.111,8185
0.112,8184
0.112,8183
0.112,8182
0.112,8181
0.112,8180
0.113,8179
0.113,8178
0.113,8177
0.113,8176
0.113,8175
0.114,8174
0.114,8173
0.114,8172
0.114,8171
0.114,8170
0.114,8169
0.114,8168
0.114,8167
0.115,8166
0.115,8165
0.115,8164
0.115,8163
0.116,8162
0.116,8161
0.116,8160
0.116,8159
0.117,8158
0.117,8157
0.117,8156
0.117,8155
0.117,8154
0.117,8153
0.117,8152
0.118,8151
0.118,8150
0.118,8149
0.118,8148
0.118,8147
0.118,8146
0.118,8145
0.118,8144
0.119,8143
0.119,8142
0.119,8141
0.119,8140
0.12,8139
0.12,8138
0.12,8137
0.12,8136
0.12,8135
0.121,8134
0.121,8133
0.121,8132
0.121,8131
0.121,8130
0.122,8129
0.122,8128
0.122,8127
0.122,8126
0.123,8125
0.123,8124
0.123,8123
0.123,8122
0.124,8121
0.124,8120
0.124,8119
0.124,8118
0.124,8117
0.124,8116
0.124,8115
0.125,8114
0.125,8113
0.125,8112
0.126,8111
0.126,8110
0.126,8109
0.126,8108
0.126,8107
0.126,8106
0.127,8105
0.127,8104
0.127,8103
0.127,8102
0.127,8101
0.127,8100
0.127,8099
0.127,8098
0.127,8097
0.128,8096
0.128,8095
0.128,8094
0.128,8093
0.129,8092
0.129,8091
0.129,8090
0.129,8089
0.13,8088
0.13,8087
0.13,8086
0.13,8085
0.13,8084
0.13,8083
0.131,8082
0.131,8081
0.131,8080
0.132,8079
0.132,8078
0.132,8077
0.132,8076
0.132,8075
0.132,8074
0.132,8073
0.132,8072
0.132,8071
0.133,8070
0.133,8069
0.133,8068
0.133,8067
0.133,8066
0.134,8065
0.135,8064
0.135,8063
0.135,8062
0.135,8061
0.135,8060
0.135,8059
0.136,8058
0.136,8057
0.137,8056
0.137,8055
0.137,8054
0.137,8053
0.137,8052
0.138,8051
0.138,8050
0.138,8049
0.138,8048
0.139,8047
0.139,8046
0.14,8045
0.14,8044
0.14,8043
0.14,8042
0.141,8041
0.141,8040
0.141,8039
0.141,8038
0.141,8037
0.142,8036
0.142,8035
0.142,8034
0.143,8033
0.143,8032
0.143,8031
0.144,8030
0.144,8029
0.144,8028
0.144,8027
0.145,8026
0.145,8025
0.145,8024
0.145,8023
0.145,8022
0.146,8021
0.146,8020
0.146,8019
0.146,8018
0.146,8017
0.147,8016
0.147,8015
0.147,8014
0.147,8013
0.148,8012
0.148,8011
0.149,8010
0.149,8009
0.149,8008
0.15,8007
0.15,8006
0.15,8005
0.15,8004
0.151,8003
0.151,8002
0.151,8001
0.152,8000
0.152,7999
0.152,7998
0.153,7997
0.153,7996
0.154,7995
0.154,7994
0.154,7993
0.155,7992
0.155,7991
0.155,7990
0.155,7989
0.155,7988
0.155,7987
0.156,7986
0.156,7985
0.156,7984
0.156,7983
0.156,7982
0.156,7981
0.157,7980
0.157,7979
0.158,7978
0.158,7977
0.158,7976
0.158,7975
0.158,7974
0.158,7973
0.159,7972
0.16,7971
0.16,7970
0.161,7969
0.161,7968
0.161,7967
0.161,7966
0.161,7965
0.162,7964
0.162,7963
0.163,7962
0.163,7961
0.163,7960
0.164,7959
0.164,7958
0.165,7957
0.165,7956
0.165,7955
0.166,7954
0.166,7953
0.167,7952
0.167,7951
0.167,7950
0.167,7949
0.168,7948
0.168,7947
0.168,7946
0.169,7945
0.169,7944
0.169,7943
0.17,7942
0.17,7941
0.17,7940
0.171,7939
0.171,7938
0.171,7937
0.171,7936
0.171,7935
0.171,7934
0.171,7933
0.172,7932
0.172,7931
0.173,7930
0.173,7929
0.174,7928
0.174,7927
0.174,7926
0.174,7925
0.174,7924
0.174,7923
0.175,7922
0.175,7921
0.175,7920
0.175,7919
0.176,7918
0.176,7917
0.177,7916
0.177,7915
0.177,7914
0.178,7913
0.178,7912
0.179,7911
0.179,7910
0.179,7909
0.18,7908
0.18,7907
0.181,7906
0.181,7905
0.182,7904
0.182,7903
0.182,7902
0.183,7901
0.184,7900
0.184,7899
0.184,7898
0.184,7897
0.184,7896
0.185,7895
0.185,7894
0.186,7893
0.186,7892
0.187,7891
0.188,7890
0.189,7889
0.189,7888
0.189,7887
0.189,7886
0.19,7885
0.19,7884
0.19,7883
0.19,7882
0.191,7881
0.192,7880
0.192,7879
0.193,7878
0.193,7877
0.193,7876
0.194,7875
0.194,7874
0.195,7873
0.195,7872
0.195,7871
0.196,7870
0.196,7869
0.196,7868
0.197,7867
0.197,7866
0.197,7865
0.198,7864
0.198,7863
0.198,7862
0.198,7861
0.198,7860
0.198,7859
0.199,7858
0.199,7857
0.2,7856
0.2,7855
0.201,7854
0.202,7853
0.203,7852
0.208,7851
0.209,7850
0.209,7849
0.209,7848
0.209,7847
0.21,7846
0.21,7845
0.21,7844
0.21,7843
0.21,7842
0.211,7841
0.211,7840
0.211,7839
0.211,7838
0.212,7837
0.213,7836
0.213,7835
0.213,7834
0.213,7833
0.213,7832
0.215,7831
0.215,7830
0.215,7829
0.216,7828
0.216,7827
0.216,7826
0.219,7825
0.219,7824
0.219,7823
0.219,7822
0.22,7821
0.22,7820
0.22,7819
0.22,7818
0.22,7817
0.221,7816
0.221,7815
0.223,7814
0.223,7813
0.223,7812
0.224,7811
0.224,7810
0.225,7809
0.225,7808
0.226,7807
0.226,7806
0.226,7805
0.226,7804
0.227,7803
0.227,7802
0.228,7801
0.228,7800
0.228,7799
0.229,7798
0.229,7797
0.229,7796
0.23,7795
0.23,7794
0.23,7793
0.23,7792
0.231,7791
0.233,7790
0.233,7789
0.233,7788
0.233,7787
0.236,7786
0.237,7785
0.237,7784
0.237,7783
0.237,7782
0.238,7781
0.238,7780
0.238,7779
0.238,7778
0.239,7777
0.24,7776
0.24,7775
0.241,7774
0.242,7773
0.243,7772
0.243,7771
0.243,7770
0.245,7769
0.245,7768
0.246,7767
0.247,7766
0.247,7765
0.247,7764
0.248,7763
0.249,7762
0.249,7761
0.249,7760
0.25,7759
0.251,7758
0.251,7757
0.251,7756
0.251,7755
0.251,7754
0.252,7753
0.253,7752
0.255,7751
0.255,7750
0.256,7749
0.257,7748
0.258,7747
0.258,7746
0.258,7745
0.26,7744
0.26,7743
0.261,7742
0.262,7741
0.262,7740
0.262,7739
0.262,7738
0.262,7737
0.263,7736
0.263,7735
0.263,7734
0.263,7733
0.263,7732
0.264,7731
0.266,7730
0.266,7729
0.267,7728
0.267,7727
0.269,7726
0.27,7725
0.271,7724
0.271,7723
0.271,7722
0.272,7721
0.275,7720
0.275,7719
0.275,7718
0.276,7717
0.276,7716
0.277,7715
0.277,7714
0.277,7713
0.277,7712
0.278,7711
0.279,7710
0.28,7709
0.281,7708
0.282,7707
0.283,7706
0.283,7705
0.285,7704
0.285,7703
0.285,7702
0.286,7701
0.286,7700
0.286,7699
0.286,7698
0.288,7697
0.288,7696
0.29,7695
0.292,7694
0.293,7693
0.296,7692
0.296,7691
0.297,7690
0.297,7689
0.303,7688
0.303,7687
0.304,7686
0.308,7685
0.309,7684
0.309,7683
0.311,7682
0.312,7681
0.313,7680
0.314,7679
0.315,7678
0.315,7677
0.316,7676
0.318,7675
0.319,7674
0.321,7673
0.321,7672
0.321,7671
0.322,7670
0.323,7669
0.324,7668
0.324,7667
0.326,7666
0.326,7665
0.327,7664
0.327,7663
0.327,7662
0.328,7661
0.329,7660
0.329,7659
0.33,7658
0.331,7657
0.332,7656
0.333,7655
0.334,7654
0.335,7653
0.335,7652
0.337,7651
0.337,7650
0.337,7649
0.338,7648
0.338,7647
0.339,7646
0.341,7645
0.341,7644
0.341,7643
0.342,7642
0.343,7641
0.343,7640
0.345,7639
0.346,7638
0.346,7637
0.348,7636
0.348,7635
0.349,7634
0.35,7633
0.35,7632
0.351,7631
0.351,7630
0.351,7629
0.351,7628
0.351,7627
0.352,7626
0.353,7625
0.357,7624
0.357,7623
0.357,7622
0.358,7621
0.36,7620
0.36,7619
0.36,7618
0.36,7617
0.361,7616
0.362,7615
0.362,7614
0.363,7613
0.363,7612
0.364,7611
0.364,7610
0.365,7609
0.365,7608
0.365,7607
0.368,7606
0.369,7605
0.37,7604
0.371,7603
0.372,7602
0.372,7601
0.372,7600
0.372,7599
0.373,7598
0.375,7597
0.375,7596
0.376,7595
0.379,7594
0.381,7593
0.381,7592
0.382,7591
0.382,7590
0.382,7589
0.384,7588
0.386,7587
0.386,7586
0.386,7585
0.388,7584
0.389,7583
0.389,7582
0.396,7581
0.398,7580
0.398,7579
0.399,7578
0.4,7577
0.4,7576
0.402,7575
0.403,7574
0.403,7573
0.404,7572
0.404,7571
0.409,7570
0.41,7569
0.411,7568
0.413,7567
0.415,7566
0.415,7565
0.416,7564
0.42,7563
0.421,7562
0.422,7561
0.423,7560
0.423,7559
0.423,7558
0.425,7557
0.426,7556
0.426,7555
0.426,7554
0.426,7553
0.427,7552
0.427,7551
0.428,7550
0.428,7549
0.428,7548
0.429,7547
0.429,7546
0.43,7545
0.432,7544
0.432,7543
0.433,7542
0.433,7541
0.435,7540
0.438,7539
0.438,7538
0.438,7537
0.441,7536
0.447,7535
0.447,7534
0.451,7533
0.451,7532
0.452,7531
0.452,7530
0.455,7529
0.455,7528
0.457,7527
0.458,7526
0.458,7525
0.459,7524
0.459,7523
0.459,7522
0.459,7521
0.459,7520
0.46,7519
0.464,7518
0.466,7517
0.466,7516
0.468,7515
0.47,7514
0.47,7513
0.472,7512
0.475,7511
0.475,7510
0.476,7509
0.477,7508
0.482,7507
0.483,7506
0.484,7505
0.486,7504
0.493,7503
0.493,7502
0.493,7501
0.495,7500
0.495,7499
0.497,7498
0.499,7497
0.502,7496
0.504,7495
0.504,7494
0.51,7493
0.511,7492
0.512,7491
0.515,7490
0.515,7489
0.517,7488
0.518,7487
0.521,7486
0.528,7485
0.528,7484
0.53,7483
0.532,7482
0.534,7481
0.541,7480
0.544,7479
0.547,7478
0.549,7477
0.55,7476
0.55,7475
0.553,7474
0.555,7473
0.558,7472
0.56,7471
0.562,7470
0.572,7469
0.582,7468
0.583,7467
0.585,7466
0.586,7465
0.586,7464
0.586,7463
0.586,7462
0.588,7461
0.588,7460
0.589,7459
0.59,7458
0.596,7457
0.596,7456
0.597,7455
0.599,7454
0.6,7453
0.6,7452
0.603,7451
0.604,7450
0.605,7449
0.607,7448
0.608,7447
0.613,7446
0.617,7445
0.617,7444
0.618,7443
0.62,7442
0.621,7441
0.626,7440
0.63,7439
0.633,7438
0.634,7437
0.635,7436
0.638,7435
0.639,7434
0.645,7433
0.648,7432
0.654,7431
0.659,7430
0.666,7429
0.667,7428
0.668,7427
0.668,7426
0.673,7425
0.673,7424
0.678,7423
0.679,7422
0.68,7421
0.681,7420
0.686,7419
0.692,7418
0.705,7417
0.705,7416
0.706,7415
0.709,7414
0.712,7413
0.713,7412
0.714,7411
0.714,7410
0.718,7409
0.718,7408
0.718,7407
0.719,7406
0.725,7405
0.726,7404
0.736,7403
0.738,7402
0.74,7401
0.74,7400
0.741,7399
0.75,7398
0.752,7397
0.756,7396
0.774,7395
0.785,7394
0.789,7393
0.79,7392
0.804,7391
0.809,7390
0.811,7389
0.818,7388
0.819,7387
0.82,7386
0.832,7385
0.837,7384
0.841,7383
0.851,7382
0.866,7381
0.878,7380
0.88,7379
0.882,7378
0.89,7377
0.893,7376
0.894,7375
0.921,7374
0.933,7373
0.94,7372
0.957,7371
0.979,7370
0.984,7369
0.997,7368
1.022,7367
1.023,7366
1.026,7365
1.033,7364
1.036,7363
1.038,7362
1.041,7361
1.049,7360
1.067,7359
1.085,7358
1.107,7357
1.124,7356
1.158,7355
1.162,7354
1.165,7353
1.174,7352
1.226,7351
1.278,7350
1.296,7349
1.324,7348
1.338,7347
1.357,7346
1.362,7345
1.363,7344
1.39,7343
1.426,7342
1.496,7341
1.831,7340
1.855,7339
