0.003,13440
0.005,13439
0.006,13438
0.007,13437
0.008,13436
0.009,13435
0.01,13434
0.011,13433
0.011,13432
0.011,13431
0.011,13430
0.011,13429
0.012,13428
0.012,13427
0.012,13426
0.012,13425
0.012,13424
0.013,13423
0.013,13422
0.013,13421
0.013,13420
0.013,13419
0.013,13418
0.014,13417
0.014,13416
0.014,13415
0.014,13414
0.014,13413
0.014,13412
0.014,13411
0.015,13410
0.015,13409
0.015,13408
0.015,13407
0.015,13406
0.016,13405
0.016,13404
0.016,13403
0.016,13402
0.017,13401
0.02,13400
0.02,13399
0.02,13398
0.02,13397
0.02,13396
0.021,13395
0.021,13394
0.021,13393
0.021,13392
0.021,13391
0.021,13390
0.021,13389
0.022,13388
0.022,13387
0.022,13386
0.023,13385
0.023,13384
0.023,13383
0.023,13382
0.023,13381
0.024,13380
0.024,13379
0.024,13378
0.024,13377
0.024,13376
0.024,13375
0.025,13374
0.025,13373
0.025,13372
0.025,13371
0.025,13370
0.026,13369
0.026,13368
0.026,13367
0.026,13366
0.027,13365
0.027,13364
0.027,13363
0.027,13362
0.027,13361
0.027,13360
0.028,13359
0.028,13358
0.028,13357
0.028,13356
0.028,13355
0.028,13354
0.028,13353
0.029,13352
0.029,13351
0.029,13350
0.029,13349
0.029,13348
0.029,13347
0.029,13346
0.03,13345
0.03,13344
0.03,13343
0.03,13342
0.03,13341
0.03,13340
0.03,13339
0.03,13338
0.031,13337
0.031,13336
0.033,13335
0.033,13334
0.033,13333
0.033,13332
0.033,13331
0.034,13330
0.034,13329
0.034,13328
0.034,13327
0.034,13326
0.034,13325
0.035,13324
0.035,13323
0.035,13322
0.035,13321
0.035,13320
0.035,13319
0.036,13318
0.036,13317
0.036,13316
0.036,13315
0.036,13314
0.037,13313
0.037,13312
0.037,13311
0.037,13310
0.037,13309
0.037,13308
0.038,13307
0.038,13306
0.038,13305
0.038,13304
0.038,13303
0.038,13302
0.039,13301
0.039,13300
0.039,13299
0.039,13298
0.039,13297
0.04,13296
0.04,13295
0.04,13294
0.04,13293
0.04,13292
0.04,13291
0.04,13290
0.041,13289
0.041,13288
0.041,13287
0.041,13286
0.041,13285
0.041,13284
0.042,13283
0.042,13282
0.042,13281
0.042,13280
0.042,13279
0.043,13278
0.043,13277
0.043,13276
0.043,13275
0.044,13274
0.045,13273
0.045,13272
0.045,13271
0.046,13270
0.046,13269
0.047,13268
0.047,13267
0.047,13266
0.048,13265
0.048,13264
0.048,13263
0.048,13262
0.048,13261
0.048,13260
0.049,13259
0.049,13258
0.049,13257
0.05,13256
0.051,13255
0.051,13254
0.051,13253
0.051,13252
0.051,13251
0.051,13250
0.051,13249
0.052,13248
0.052,13247
0.052,13246
0.052,13245
0.052,13244
0.053,13243
0.053,13242
0.053,13241
0.053,13240
0.053,13239
0.053,13238
0.053,13237
0.054,13236
0.054,13235
0.054,13234
0.054,13233
0.054,13232
0.055,13231
0.055,13230
0.055,13229
0.055,13228
0.055,13227
0.055,13226
0.055,13225
0.055,13224
0.056,13223
0.056,13222
0.056,13221
0.057,13220
0.057,13219
0.057,13218
0.057,13217
0.057,13216
0.058,13215
0.058,13214
0.058,13213
0.058,13212
0.058,13211
0.059,13210
0.059,13209
0.059,13208
0.059,13207
0.059,13206
0.059,13205
0.059,13204
0.059,13203
0.06,13202
0.06,13201
0.06,13200
0.06,13199
0.06,13198
0.06,13197
0.061,13196
0.061,13195
0.061,13194
0.061,13193
0.061,13192
0.061,13191
0.061,13190
0.062,13189
0.062,13188
0.062,13187
0.063,13186
0.066,13185
0.066,13184
0.078,13183
0.078,13182
0.078,13181
0.078,13180
0.078,13179
0.078,13178
0.078,13177
0.078,13176
0.079,13175
0.079,13174
0.079,13173
0.079,13172
0.079,13171
0.079,13170
0.079,13169
0.079,13168
0.08,13167
0.08,13166
0.08,13165
0.08,13164
0.08,13163
0.08,13162
0.08,13161
0.08,13160
0.08,13159
0.081,13158
0.081,13157
0.081,13156
0.081,13155
0.081,13154
0.081,13153
0.081,13152
0.081,13151
0.082,13150
0.082,13149
0.082,13148
0.082,13147
0.082,13146
0.083,13145
0.083,13144
0.083,13143
0.083,13142
0.083,13141
0.083,13140
0.083,13139
0.083,13138
0.083,13137
0.084,13136
0.084,13135
0.084,13134
0.084,13133
0.084,13132
0.084,13131
0.084,13130
0.084,13129
0.085,13128
0.085,13127
0.085,13126
0.085,13125
0.085,13124
0.085,13123
0.085,13122
0.085,13121
0.085,13120
0.086,13119
0.086,13118
0.086,13117
0.086,13116
0.087,13115
0.087,13114
0.087,13113
0.087,13112
0.087,13111
0.087,13110
0.087,13109
0.088,13108
0.088,13107
0.088,13106
0.088,13105
0.088,13104
0.089,13103
0.089,13102
0.089,13101
0.089,13100
0.089,13099
0.089,13098
0.089,13097
0.089,13096
0.09,13095
0.09,13094
0.09,13093
0.09,13092
0.091,13091
0.091,13090
0.091,13089
0.091,13088
0.091,13087
0.091,13086
0.091,13085
0.091,13084
0.091,13083
0.091,13082
0.092,13081
0.092,13080
0.092,13079
0.092,13078
0.092,13077
0.092,13076
0.092,13075
0.092,13074
0.093,13073
0.093,13072
0.093,13071
0.093,13070
0.093,13069
0.093,13068
0.093,13067
0.093,13066
0.093,13065
0.093,13064
0.093,13063
0.094,13062
0.094,13061
0.094,13060
0.094,13059
0.094,13058
0.095,13057
0.095,13056
0.095,13055
0.095,13054
0.095,13053
0.095,13052
0.095,13051
0.095,13050
0.095,13049
0.095,13048
0.096,13047
0.096,13046
0.096,13045
0.096,13044
0.096,13043
0.096,13042
0.096,13041
0.096,13040
0.096,13039
0.097,13038
0.097,13037
0.097,13036
0.097,13035
0.097,13034
0.097,13033
0.097,13032
0.098,13031
0.098,13030
0.098,13029
0.098,13028
0.098,13027
0.098,13026
0.098,13025
0.099,13024
0.099,13023
0.099,13022
0.099,13021
0.1,13020
0.1,13019
0.1,13018
0.1,13017
0.1,13016
0.1,13015
0.1,13014
0.101,13013
0.101,13012
0.101,13011
0.101,13010
0.101,13009
0.101,13008
0.102,13007
0.102,13006
0.102,13005
0.102,13004
0.102,13003
0.102,13002
0.102,13001
0.103,13000
0.103,12999
0.103,12998
0.103,12997
0.103,12996
0.103,12995
0.103,12994
0.103,12993
0.104,12992
0.104,12991
0.104,12990
0.104,12989
0.104,12988
0.104,12987
0.105,12986
0.105,12985
0.105,12984
0.105,12983
0.105,12982
0.105,12981
0.105,12980
0.106,12979
0.106,12978
0.106,12977
0.106,12976
0.106,12975
0.106,12974
0.106,12973
0.106,12972
0.106,12971
0.106,12970
0.107,12969
0.107,12968
0.107,12967
0.107,12966
0.107,12965
0.107,12964
0.107,12963
0.107,12962
0.107,12961
0.107,12960
0.107,12959
0.107,12958
0.107,12957
0.107,12956
0.108,12955
0.108,12954
0.108,12953
0.108,12952
0.108,12951
0.108,12950
0.108,12949
0.108,12948
0.108,12947
0.108,12946
0.109,12945
0.109,12944
0.109,12943
0.109,12942
0.109,12941
0.109,12940
0.109,12939
0.109,12938
0.11,12937
0.11,12936
0.11,12935
0.11,12934
0.11,12933
0.11,12932
0.11,12931
0.111,12930
0.111,12929
0.111,12928
0.111,12927
0.111,12926
0.111,12925
0.111,12924
0.111,12923
0.111,12922
0.112,12921
0.112,12920
0.112,12919
0.112,12918
0.112,12917
0.112,12916
0.112,12915
0.113,12914
0.113,12913
0.113,12912
0.113,12911
0.113,12910
0.113,12909
0.114,12908
0.114,12907
0.114,12906
0.114,12905
0.114,12904
0.114,12903
0.114,12902
0.114,12901
0.114,12900
0.114,12899
0.114,12898
0.115,12897
0.115,12896
0.115,12895
0.115,12894
0.115,12893
0.115,12892
0.115,12891
0.115,12890
0.116,12889
0.116,12888
0.116,12887
0.116,12886
0.116,12885
0.116,12884
0.116,12883
0.116,12882
0.116,12881
0.116,12880
0.117,12879
0.117,12878
0.117,12877
0.117,12876
0.117,12875
0.118,12874
0.118,12873
0.118,12872
0.118,12871
0.118,12870
0.119,12869
0.119,12868
0.119,12867
0.119,12866
0.119,12865
0.12,12864
0.12,12863
0.12,12862
0.12,12861
0.12,12860
0.12,12859
0.12,12858
0.121,12857
0.121,12856
0.121,12855
0.121,12854
0.121,12853
0.121,12852
0.121,12851
0.121,12850
0.121,12849
0.122,12848
0.122,12847
0.122,12846
0.122,12845
0.122,12844
0.122,12843
0.122,12842
0.123,12841
0.123,12840
0.123,12839
0.123,12838
0.123,12837
0.124,12836
0.124,12835
0.124,12834
0.124,12833
0.124,12832
0.124,12831
0.124,12830
0.124,12829
0.124,12828
0.125,12827
0.125,12826
0.125,12825
0.125,12824
0.125,12823
0.125,12822
0.126,12821
0.126,12820
0.126,12819
0.126,12818
0.126,12817
0.126,12816
0.126,12815
0.126,12814
0.127,12813
0.127,12812
0.127,12811
0.127,12810
0.127,12809
0.127,12808
0.127,12807
0.127,12806
0.127,12805
0.128,12804
0.128,12803
0.128,12802
0.128,12801
0.128,12800
0.128,12799
0.128,12798
0.128,12797
0.129,12796
0.129,12795
0.129,12794
0.129,12793
0.129,12792
0.129,12791
0.129,12790
0.129,12789
0.129,12788
0.129,12787
0.13,12786
0.13,12785
0.13,12784
0.13,12783
0.13,12782
0.13,12781
0.13,12780
0.13,12779
0.13,12778
0.13,12777
0.131,12776
0.131,12775
0.131,12774
0.131,12773
0.131,12772
0.131,12771
0.132,12770
0.132,12769
0.132,12768
0.132,12767
0.132,12766
0.132,12765
0.132,12764
0.132,12763
0.133,12762
0.133,12761
0.133,12760
0.133,12759
0.133,12758
0.133,12757
0.133,12756
0.133,12755
0.134,12754
0.134,12753
0.134,12752
0.134,12751
0.134,12750
0.134,12749
0.134,12748
0.134,12747
0.135,12746
0.135,12745
0.135,12744
0.135,12743
0.135,12742
0.135,12741
0.135,12740
0.136,12739
0.136,12738
0.136,12737
0.136,12736
0.136,12735
0.136,12734
0.137,12733
0.137,12732
0.137,12731
0.137,12730
0.137,12729
0.137,12728
0.137,12727
0.138,12726
0.138,12725
0.138,12724
0.138,12723
0.138,12722
0.138,12721
0.138,12720
0.138,12719
0.139,12718
0.139,12717
0.139,12716
0.139,12715
0.139,12714
0.139,12713
0.14,12712
0.14,12711
0.14,12710
0.14,12709
0.14,12708
0.14,12707
0.14,12706
0.14,12705
0.14,12704
0.14,12703
0.14,12702
0.141,12701
0.141,12700
0.141,12699
0.141,12698
0.141,12697
0.141,12696
0.141,12695
0.141,12694
0.141,12693
0.141,12692
0.141,12691
0.141,12690
0.142,12689
0.142,12688
0.142,12687
0.142,12686
0.142,12685
0.142,12684
0.142,12683
0.142,12682
0.142,12681
0.142,12680
0.142,12679
0.142,12678
0.143,12677
0.143,12676
0.143,12675
0.143,12674
0.143,12673
0.144,12672
0.144,12671
0.144,12670
0.144,12669
0.144,12668
0.144,12667
0.144,12666
0.145,12665
0.145,12664
0.145,12663
0.145,12662
0.145,12661
0.145,12660
0.145,12659
0.146,12658
0.146,12657
0.146,12656
0.146,12655
0.146,12654
0.146,12653
0.146,12652
0.146,12651
0.146,12650
0.146,12649
0.147,12648
0.147,12647
0.147,12646
0.147,12645
0.147,12644
0.147,12643
0.147,12642
0.147,12641
0.147,12640
0.147,12639
0.148,12638
0.148,12637
0.148,12636
0.148,12635
0.148,12634
0.148,12633
0.148,12632
0.148,12631
0.148,12630
0.149,12629
0.149,12628
0.149,12627
0.149,12626
0.149,12625
0.149,12624
0.149,12623
0.149,12622
0.149,12621
0.15,12620
0.15,12619
0.15,12618
0.15,12617
0.15,12616
0.15,12615
0.15,12614
0.151,12613
0.151,12612
0.151,12611
0.151,12610
0.152,12609
0.152,12608
0.152,12607
0.152,12606
0.152,12605
0.152,12604
0.152,12603
0.153,12602
0.153,12601
0.154,12600
0.154,12599
0.154,12598
0.154,12597
0.154,12596
0.154,12595
0.154,12594
0.155,12593
0.155,12592
0.155,12591
0.155,12590
0.155,12589
0.156,12588
0.156,12587
0.156,12586
0.156,12585
0.156,12584
0.156,12583
0.156,12582
0.157,12581
0.157,12580
0.157,12579
0.157,12578
0.158,12577
0.158,12576
0.158,12575
0.158,12574
0.158,12573
0.158,12572
0.158,12571
0.159,12570
0.159,12569
0.159,12568
0.159,12567
0.159,12566
0.159,12565
0.159,12564
0.159,12563
0.16,12562
0.16,12561
0.16,12560
0.16,12559
0.16,12558
0.16,12557
0.16,12556
0.161,12555
0.161,12554
0.161,12553
0.161,12552
0.161,12551
0.161,12550
0.161,12549
0.161,12548
0.162,12547
0.162,12546
0.162,12545
0.162,12544
0.162,12543
0.163,12542
0.163,12541
0.163,12540
0.163,12539
0.163,12538
0.163,12537
0.163,12536
0.163,12535
0.163,12534
0.163,12533
0.164,12532
0.164,12531
0.164,12530
0.164,12529
0.164,12528
0.164,12527
0.164,12526
0.165,12525
0.165,12524
0.165,12523
0.165,12522
0.165,12521
0.165,12520
0.166,12519
0.166,12518
0.166,12517
0.166,12516
0.166,12515
0.166,12514
0.166,12513
0.166,12512
0.166,12511
0.167,12510
0.167,12509
0.167,12508
0.167,12507
0.167,12506
0.167,12505
0.168,12504
0.168,12503
0.168,12502
0.168,12501
0.168,12500
0.168,12499
0.168,12498
0.168,12497
0.169,12496
0.169,12495
0.169,12494
0.169,12493
0.169,12492
0.169,12491
0.17,12490
0.17,12489
0.17,12488
0.17,12487
0.17,12486
0.17,12485
0.17,12484
0.171,12483
0.171,12482
0.171,12481
0.171,12480
0.171,12479
0.171,12478
0.171,12477
0.172,12476
0.172,12475
0.172,12474
0.172,12473
0.172,12472
0.172,12471
0.173,12470
0.173,12469
0.173,12468
0.173,12467
0.173,12466
0.173,12465
0.173,12464
0.173,12463
0.174,12462
0.174,12461
0.174,12460
0.174,12459
0.174,12458
0.174,12457
0.174,12456
0.174,12455
0.175,12454
0.175,12453
0.175,12452
0.175,12451
0.175,12450
0.175,12449
0.175,12448
0.175,12447
0.176,12446
0.176,12445
0.176,12444
0.176,12443
0.176,12442
0.176,12441
0.176,12440
0.176,12439
0.177,12438
0.177,12437
0.177,12436
0.177,12435
0.177,12434
0.177,12433
0.177,12432
0.177,12431
0.178,12430
0.178,12429
0.178,12428
0.178,12427
0.178,12426
0.178,12425
0.178,12424
0.178,12423
0.178,12422
0.179,12421
0.179,12420
0.179,12419
0.179,12418
0.179,12417
0.179,12416
0.179,12415
0.179,12414
0.18,12413
0.18,12412
0.18,12411
0.18,12410
0.18,12409
0.18,12408
0.18,12407
0.18,12406
0.18,12405
0.18,12404
0.181,12403
0.181,12402
0.181,12401
0.181,12400
0.181,12399
0.181,12398
0.181,12397
0.182,12396
0.182,12395
0.182,12394
0.182,12393
0.182,12392
0.182,12391
0.182,12390
0.182,12389
0.182,12388
0.183,12387
0.183,12386
0.183,12385
0.183,12384
0.183,12383
0.183,12382
0.183,12381
0.183,12380
0.183,12379
0.184,12378
0.184,12377
0.184,12376
0.184,12375
0.184,12374
0.184,12373
0.184,12372
0.184,12371
0.184,12370
0.184,12369
0.185,12368
0.185,12367
0.185,12366
0.185,12365
0.185,12364
0.185,12363
0.186,12362
0.186,12361
0.186,12360
0.186,12359
0.186,12358
0.186,12357
0.186,12356
0.187,12355
0.187,12354
0.187,12353
0.187,12352
0.187,12351
0.187,12350
0.188,12349
0.188,12348
0.188,12347
0.188,12346
0.188,12345
0.188,12344
0.188,12343
0.188,12342
0.188,12341
0.188,12340
0.188,12339
0.188,12338
0.189,12337
0.189,12336
0.189,12335
0.189,12334
0.189,12333
0.189,12332
0.189,12331
0.189,12330
0.189,12329
0.189,12328
0.19,12327
0.19,12326
0.19,12325
0.19,12324
0.19,12323
0.19,12322
0.19,12321
0.191,12320
0.191,12319
0.191,12318
0.191,12317
0.191,12316
0.191,12315
0.192,12314
0.192,12313
0.192,12312
0.192,12311
0.193,12310
0.193,12309
0.193,12308
0.193,12307
0.193,12306
0.193,12305
0.193,12304
0.193,12303
0.193,12302
0.193,12301
0.193,12300
0.194,12299
0.194,12298
0.194,12297
0.194,12296
0.195,12295
0.195,12294
0.195,12293
0.195,12292
0.195,12291
0.195,12290
0.195,12289
0.195,12288
0.195,12287
0.195,12286
0.196,12285
0.196,12284
0.196,12283
0.196,12282
0.196,12281
0.196,12280
0.197,12279
0.197,12278
0.197,12277
0.197,12276
0.197,12275
0.197,12274
0.197,12273
0.197,12272
0.198,12271
0.198,12270
0.198,12269
0.198,12268
0.198,12267
0.198,12266
0.198,12265
0.198,12264
0.198,12263
0.198,12262
0.199,12261
0.199,12260
0.199,12259
0.199,12258
0.199,12257
0.199,12256
0.199,12255
0.2,12254
0.2,12253
0.2,12252
0.2,12251
0.2,12250
0.2,12249
0.2,12248
0.2,12247
0.2,12246
0.2,12245
0.201,12244
0.201,12243
0.201,12242
0.201,12241
0.201,12240
0.201,12239
0.201,12238
0.202,12237
0.202,12236
0.202,12235
0.202,12234
0.202,12233
0.203,12232
0.203,12231
0.203,12230
0.203,12229
0.203,12228
0.203,12227
0.203,12226
0.203,12225
0.204,12224
0.204,12223
0.204,12222
0.204,12221
0.204,12220
0.204,12219
0.205,12218
0.205,12217
0.205,12216
0.205,12215
0.205,12214
0.206,12213
0.206,12212
0.206,12211
0.206,12210
0.206,12209
0.207,12208
0.207,12207
0.207,12206
0.207,12205
0.207,12204
0.207,12203
0.207,12202
0.208,12201
0.208,12200
0.208,12199
0.208,12198
0.208,12197
0.208,12196
0.208,12195
0.208,12194
0.209,12193
0.209,12192
0.209,12191
0.209,12190
0.209,12189
0.21,12188
0.21,12187
0.21,12186
0.21,12185
0.21,12184
0.21,12183
0.21,12182
0.21,12181
0.211,12180
0.211,12179
0.211,12178
0.211,12177
0.211,12176
0.211,12175
0.211,12174
0.211,12173
0.211,12172
0.211,12171
0.212,12170
0.212,12169
0.212,12168
0.212,12167
0.212,12166
0.212,12165
0.212,12164
0.212,12163
0.212,12162
0.212,12161
0.212,12160
0.212,12159
0.213,12158
0.213,12157
0.213,12156
0.213,12155
0.213,12154
0.213,12153
0.213,12152
0.213,12151
0.213,12150
0.214,12149
0.214,12148
0.214,12147
0.214,12146
0.214,12145
0.214,12144
0.214,12143
0.214,12142
0.223,12141
0.223,12140
0.223,12139
0.223,12138
0.223,12137
0.223,12136
0.223,12135
0.223,12134
0.223,12133
0.223,12132
0.224,12131
0.224,12130
0.224,12129
0.224,12128
0.224,12127
0.225,12126
0.225,12125
0.225,12124
0.225,12123
0.225,12122
0.226,12121
0.226,12120
0.226,12119
0.226,12118
0.226,12117
0.226,12116
0.226,12115
0.226,12114
0.226,12113
0.227,12112
0.227,12111
0.227,12110
0.227,12109
0.227,12108
0.227,12107
0.227,12106
0.227,12105
0.228,12104
0.228,12103
0.228,12102
0.229,12101
0.229,12100
0.229,12099
0.229,12098
0.229,12097
0.229,12096
0.229,12095
0.23,12094
0.23,12093
0.23,12092
0.23,12091
0.23,12090
0.23,12089
0.23,12088
0.23,12087
0.231,12086
0.231,12085
0.231,12084
0.231,12083
0.231,12082
0.231,12081
0.231,12080
0.231,12079
0.231,12078
0.232,12077
0.232,12076
0.232,12075
0.232,12074
0.232,12073
0.232,12072
0.232,12071
0.233,12070
0.233,12069
0.233,12068
0.233,12067
0.233,12066
0.233,12065
0.234,12064
0.234,12063
0.234,12062
0.235,12061
0.235,12060
0.235,12059
0.235,12058
0.235,12057
0.235,12056
0.235,12055
0.236,12054
0.236,12053
0.236,12052
0.237,12051
0.237,12050
0.237,12049
0.237,12048
0.237,12047
0.237,12046
0.238,12045
0.238,12044
0.238,12043
0.238,12042
0.238,12041
0.238,12040
0.238,12039
0.238,12038
0.238,12037
0.239,12036
0.239,12035
0.239,12034
0.239,12033
0.24,12032
0.24,12031
0.24,12030
0.24,12029
0.24,12028
0.241,12027
0.241,12026
0.241,12025
0.241,12024
0.241,12023
0.242,12022
0.242,12021
0.242,12020
0.242,12019
0.242,12018
0.242,12017
0.242,12016
0.242,12015
0.242,12014
0.243,12013
0.243,12012
0.243,12011
0.243,12010
0.244,12009
0.244,12008
0.244,12007
0.244,12006
0.244,12005
0.244,12004
0.244,12003
0.245,12002
0.245,12001
0.245,12000
0.245,11999
0.245,11998
0.246,11997
0.246,11996
0.246,11995
0.246,11994
0.246,11993
0.246,11992
0.246,11991
0.247,11990
0.247,11989
0.247,11988
0.247,11987
0.247,11986
0.247,11985
0.247,11984
0.248,11983
0.248,11982
0.248,11981
0.248,11980
0.248,11979
0.248,11978
0.249,11977
0.249,11976
0.249,11975
0.249,11974
0.249,11973
0.249,11972
0.249,11971
0.25,11970
0.25,11969
0.25,11968
0.25,11967
0.25,11966
0.25,11965
0.25,11964
0.25,11963
0.25,11962
0.251,11961
0.251,11960
0.251,11959
0.251,11958
0.251,11957
0.251,11956
0.251,11955
0.252,11954
0.252,11953
0.252,11952
0.252,11951
0.252,11950
0.252,11949
0.253,11948
0.253,11947
0.253,11946
0.253,11945
0.253,11944
0.253,11943
0.254,11942
0.254,11941
0.254,11940
0.254,11939
0.254,11938
0.254,11937
0.255,11936
0.255,11935
0.255,11934
0.255,11933
0.255,11932
0.255,11931
0.256,11930
0.256,11929
0.256,11928
0.256,11927
0.256,11926
0.256,11925
0.256,11924
0.257,11923
0.257,11922
0.257,11921
0.257,11920
0.257,11919
0.257,11918
0.257,11917
0.257,11916
0.257,11915
0.257,11914
0.258,11913
0.258,11912
0.258,11911
0.258,11910
0.258,11909
0.258,11908
0.258,11907
0.258,11906
0.259,11905
0.259,11904
0.259,11903
0.259,11902
0.259,11901
0.259,11900
0.259,11899
0.259,11898
0.259,11897
0.26,11896
0.26,11895
0.26,11894
0.26,11893
0.26,11892
0.26,11891
0.26,11890
0.26,11889
0.26,11888
0.26,11887
0.261,11886
0.261,11885
0.261,11884
0.261,11883
0.261,11882
0.261,11881
0.261,11880
0.261,11879
0.261,11878
0.262,11877
0.262,11876
0.262,11875
0.262,11874
0.262,11873
0.262,11872
0.262,11871
0.262,11870
0.262,11869
0.262,11868
0.263,11867
0.263,11866
0.263,11865
0.263,11864
0.263,11863
0.264,11862
0.264,11861
0.264,11860
0.264,11859
0.264,11858
0.264,11857
0.265,11856
0.265,11855
0.265,11854
0.265,11853
0.265,11852
0.265,11851
0.265,11850
0.265,11849
0.266,11848
0.266,11847
0.266,11846
0.266,11845
0.266,11844
0.266,11843
0.266,11842
0.266,11841
0.266,11840
0.266,11839
0.267,11838
0.267,11837
0.267,11836
0.267,11835
0.267,11834
0.267,11833
0.268,11832
0.268,11831
0.268,11830
0.268,11829
0.268,11828
0.268,11827
0.268,11826
0.269,11825
0.269,11824
0.269,11823
0.269,11822
0.269,11821
0.269,11820
0.269,11819
0.27,11818
0.27,11817
0.27,11816
0.27,11815
0.27,11814
0.271,11813
0.271,11812
0.271,11811
0.271,11810
0.271,11809
0.272,11808
0.272,11807
0.272,11806
0.272,11805
0.272,11804
0.272,11803
0.272,11802
0.272,11801
0.273,11800
0.273,11799
0.273,11798
0.273,11797
0.273,11796
0.273,11795
0.273,11794
0.273,11793
0.274,11792
0.274,11791
0.274,11790
0.274,11789
0.274,11788
0.274,11787
0.274,11786
0.275,11785
0.275,11784
0.275,11783
0.275,11782
0.275,11781
0.275,11780
0.275,11779
0.276,11778
0.276,11777
0.276,11776
0.276,11775
0.276,11774
0.276,11773
0.276,11772
0.276,11771
0.277,11770
0.277,11769
0.277,11768
0.277,11767
0.277,11766
0.277,11765
0.277,11764
0.277,11763
0.277,11762
0.277,11761
0.278,11760
0.278,11759
0.278,11758
0.279,11757
0.279,11756
0.279,11755
0.279,11754
0.279,11753
0.279,11752
0.279,11751
0.279,11750
0.279,11749
0.279,11748
0.28,11747
0.28,11746
0.28,11745
0.28,11744
0.28,11743
0.28,11742
0.28,11741
0.28,11740
0.281,11739
0.281,11738
0.281,11737
0.281,11736
0.281,11735
0.281,11734
0.282,11733
0.282,11732
0.282,11731
0.282,11730
0.282,11729
0.282,11728
0.282,11727
0.282,11726
0.282,11725
0.282,11724
0.283,11723
0.283,11722
0.283,11721
0.283,11720
0.283,11719
0.283,11718
0.283,11717
0.284,11716
0.284,11715
0.284,11714
0.284,11713
0.284,11712
0.284,11711
0.284,11710
0.284,11709
0.285,11708
0.285,11707
0.285,11706
0.285,11705
0.285,11704
0.286,11703
0.286,11702
0.286,11701
0.286,11700
0.286,11699
0.286,11698
0.287,11697
0.287,11696
0.287,11695
0.287,11694
0.287,11693
0.287,11692
0.287,11691
0.287,11690
0.287,11689
0.287,11688
0.288,11687
0.288,11686
0.288,11685
0.288,11684
0.288,11683
0.288,11682
0.288,11681
0.288,11680
0.289,11679
0.289,11678
0.289,11677
0.289,11676
0.289,11675
0.289,11674
0.289,11673
0.29,11672
0.29,11671
0.29,11670
0.29,11669
0.29,11668
0.29,11667
0.291,11666
0.291,11665
0.291,11664
0.291,11663
0.292,11662
0.292,11661
0.292,11660
0.292,11659
0.292,11658
0.292,11657
0.293,11656
0.293,11655
0.293,11654
0.293,11653
0.294,11652
0.294,11651
0.294,11650
0.294,11649
0.295,11648
0.295,11647
0.295,11646
0.295,11645
0.295,11644
0.295,11643
0.295,11642
0.295,11641
0.296,11640
0.296,11639
0.296,11638
0.296,11637
0.296,11636
0.296,11635
0.296,11634
0.297,11633
0.297,11632
0.298,11631
0.298,11630
0.298,11629
0.298,11628
0.298,11627
0.298,11626
0.299,11625
0.299,11624
0.299,11623
0.299,11622
0.299,11621
0.299,11620
0.299,11619
0.3,11618
0.3,11617
0.3,11616
0.3,11615
0.3,11614
0.3,11613
0.301,11612
0.301,11611
0.301,11610
0.301,11609
0.301,11608
0.301,11607
0.301,11606
0.301,11605
0.302,11604
0.302,11603
0.302,11602
0.302,11601
0.302,11600
0.303,11599
0.303,11598
0.303,11597
0.303,11596
0.303,11595
0.304,11594
0.304,11593
0.304,11592
0.304,11591
0.304,11590
0.304,11589
0.304,11588
0.305,11587
0.305,11586
0.305,11585
0.305,11584
0.305,11583
0.305,11582
0.305,11581
0.305,11580
0.306,11579
0.306,11578
0.306,11577
0.306,11576
0.306,11575
0.306,11574
0.306,11573
0.306,11572
0.307,11571
0.307,11570
0.307,11569
0.307,11568
0.307,11567
0.307,11566
0.307,11565
0.307,11564
0.307,11563
0.307,11562
0.307,11561
0.308,11560
0.308,11559
0.308,11558
0.308,11557
0.308,11556
0.308,11555
0.308,11554
0.308,11553
0.308,11552
0.309,11551
0.309,11550
0.309,11549
0.309,11548
0.309,11547
0.309,11546
0.31,11545
0.31,11544
0.31,11543
0.31,11542
0.31,11541
0.31,11540
0.31,11539
0.31,11538
0.31,11537
0.31,11536
0.311,11535
0.311,11534
0.311,11533
0.311,11532
0.311,11531
0.311,11530
0.312,11529
0.312,11528
0.312,11527
0.312,11526
0.312,11525
0.312,11524
0.312,11523
0.312,11522
0.313,11521
0.313,11520
0.313,11519
0.313,11518
0.313,11517
0.313,11516
0.313,11515
0.313,11514
0.313,11513
0.313,11512
0.314,11511
0.314,11510
0.314,11509
0.314,11508
0.314,11507
0.314,11506
0.314,11505
0.315,11504
0.315,11503
0.315,11502
0.315,11501
0.315,11500
0.315,11499
0.315,11498
0.315,11497
0.315,11496
0.316,11495
0.316,11494
0.316,11493
0.316,11492
0.316,11491
0.316,11490
0.316,11489
0.316,11488
0.316,11487
0.316,11486
0.317,11485
0.317,11484
0.317,11483
0.317,11482
0.317,11481
0.317,11480
0.317,11479
0.317,11478
0.318,11477
0.318,11476
0.318,11475
0.318,11474
0.318,11473
0.318,11472
0.319,11471
0.319,11470
0.319,11469
0.319,11468
0.319,11467
0.319,11466
0.319,11465
0.319,11464
0.319,11463
0.32,11462
0.32,11461
0.32,11460
0.32,11459
0.321,11458
0.321,11457
0.321,11456
0.321,11455
0.321,11454
0.321,11453
0.322,11452
0.322,11451
0.322,11450
0.322,11449
0.322,11448
0.323,11447
0.323,11446
0.323,11445
0.323,11444
0.324,11443
0.324,11442
0.324,11441
0.324,11440
0.324,11439
0.324,11438
0.324,11437
0.324,11436
0.326,11435
0.326,11434
0.326,11433
0.326,11432
0.326,11431
0.326,11430
0.327,11429
0.327,11428
0.327,11427
0.327,11426
0.327,11425
0.327,11424
0.327,11423
0.328,11422
0.328,11421
0.328,11420
0.328,11419
0.328,11418
0.328,11417
0.329,11416
0.329,11415
0.329,11414
0.329,11413
0.329,11412
0.329,11411
0.329,11410
0.33,11409
0.33,11408
0.33,11407
0.33,11406
0.33,11405
0.33,11404
0.33,11403
0.33,11402
0.33,11401
0.331,11400
0.331,11399
0.331,11398
0.331,11397
0.331,11396
0.332,11395
0.332,11394
0.332,11393
0.332,11392
0.332,11391
0.332,11390
0.332,11389
0.333,11388
0.333,11387
0.333,11386
0.333,11385
0.333,11384
0.333,11383
0.333,11382
0.334,11381
0.334,11380
0.334,11379
0.334,11378
0.335,11377
0.335,11376
0.335,11375
0.335,11374
0.335,11373
0.335,11372
0.336,11371
0.336,11370
0.336,11369
0.336,11368
0.336,11367
0.336,11366
0.336,11365
0.337,11364
0.337,11363
0.337,11362
0.337,11361
0.337,11360
0.337,11359
0.337,11358
0.338,11357
0.338,11356
0.338,11355
0.338,11354
0.338,11353
0.338,11352
0.338,11351
0.338,11350
0.339,11349
0.339,11348
0.339,11347
0.339,11346
0.339,11345
0.339,11344
0.339,11343
0.339,11342
0.34,11341
0.34,11340
0.34,11339
0.34,11338
0.34,11337
0.34,11336
0.34,11335
0.34,11334
0.34,11333
0.34,11332
0.341,11331
0.341,11330
0.341,11329
0.341,11328
0.341,11327
0.341,11326
0.342,11325
0.342,11324
0.342,11323
0.342,11322
0.342,11321
0.342,11320
0.342,11319
0.342,11318
0.342,11317
0.343,11316
0.343,11315
0.343,11314
0.343,11313
0.343,11312
0.343,11311
0.343,11310
0.344,11309
0.344,11308
0.344,11307
0.344,11306
0.344,11305
0.344,11304
0.344,11303
0.344,11302
0.345,11301
0.345,11300
0.345,11299
0.345,11298
0.345,11297
0.345,11296
0.346,11295
0.346,11294
0.346,11293
0.346,11292
0.346,11291
0.346,11290
0.346,11289
0.346,11288
0.347,11287
0.347,11286
0.347,11285
0.347,11284
0.347,11283
0.347,11282
0.347,11281
0.347,11280
0.347,11279
0.347,11278
0.347,11277
0.348,11276
0.348,11275
0.348,11274
0.348,11273
0.348,11272
0.348,11271
0.348,11270
0.348,11269
0.349,11268
0.349,11267
0.349,11266
0.349,11265
0.349,11264
0.349,11263
0.349,11262
0.35,11261
0.35,11260
0.35,11259
0.35,11258
0.35,11257
0.35,11256
0.35,11255
0.351,11254
0.351,11253
0.351,11252
0.351,11251
0.351,11250
0.351,11249
0.352,11248
0.352,11247
0.352,11246
0.352,11245
0.353,11244
0.353,11243
0.353,11242
0.353,11241
0.353,11240
0.354,11239
0.354,11238
0.354,11237
0.354,11236
0.354,11235
0.354,11234
0.355,11233
0.355,11232
0.355,11231
0.355,11230
0.356,11229
0.356,11228
0.356,11227
0.356,11226
0.356,11225
0.356,11224
0.357,11223
0.357,11222
0.357,11221
0.357,11220
0.358,11219
0.358,11218
0.358,11217
0.358,11216
0.358,11215
0.359,11214
0.359,11213
0.359,11212
0.359,11211
0.359,11210
0.359,11209
0.359,11208
0.359,11207
0.36,11206
0.36,11205
0.36,11204
0.36,11203
0.36,11202
0.361,11201
0.361,11200
0.361,11199
0.361,11198
0.362,11197
0.362,11196
0.362,11195
0.362,11194
0.362,11193
0.362,11192
0.363,11191
0.363,11190
0.37,11189
0.37,11188
0.37,11187
0.37,11186
0.37,11185
0.37,11184
0.371,11183
0.371,11182
0.371,11181
0.371,11180
0.371,11179
0.371,11178
0.371,11177
0.371,11176
0.371,11175
0.372,11174
0.372,11173
0.372,11172
0.372,11171
0.372,11170
0.372,11169
0.372,11168
0.372,11167
0.373,11166
0.373,11165
0.373,11164
0.373,11163
0.373,11162
0.373,11161
0.373,11160
0.373,11159
0.373,11158
0.374,11157
0.374,11156
0.374,11155
0.374,11154
0.374,11153
0.374,11152
0.374,11151
0.374,11150
0.374,11149
0.375,11148
0.375,11147
0.375,11146
0.375,11145
0.375,11144
0.375,11143
0.375,11142
0.375,11141
0.375,11140
0.376,11139
0.376,11138
0.376,11137
0.376,11136
0.376,11135
0.376,11134
0.376,11133
0.376,11132
0.377,11131
0.377,11130
0.377,11129
0.377,11128
0.377,11127
0.377,11126
0.377,11125
0.378,11124
0.378,11123
0.378,11122
0.378,11121
0.378,11120
0.378,11119
0.378,11118
0.378,11117
0.378,11116
0.379,11115
0.379,11114
0.379,11113
0.379,11112
0.38,11111
0.38,11110
0.38,11109
0.38,11108
0.38,11107
0.38,11106
0.381,11105
0.381,11104
0.381,11103
0.381,11102
0.381,11101
0.381,11100
0.381,11099
0.382,11098
0.382,11097
0.382,11096
0.382,11095
0.382,11094
0.382,11093
0.382,11092
0.383,11091
0.383,11090
0.383,11089
0.383,11088
0.383,11087
0.383,11086
0.384,11085
0.384,11084
0.384,11083
0.384,11082
0.384,11081
0.384,11080
0.385,11079
0.385,11078
0.385,11077
0.385,11076
0.385,11075
0.385,11074
0.385,11073
0.386,11072
0.386,11071
0.386,11070
0.386,11069
0.386,11068
0.386,11067
0.386,11066
0.387,11065
0.387,11064
0.387,11063
0.387,11062
0.387,11061
0.387,11060
0.387,11059
0.388,11058
0.388,11057
0.388,11056
0.388,11055
0.388,11054
0.388,11053
0.388,11052
0.388,11051
0.388,11050
0.388,11049
0.389,11048
0.389,11047
0.389,11046
0.389,11045
0.389,11044
0.39,11043
0.39,11042
0.39,11041
0.39,11040
0.39,11039
0.39,11038
0.39,11037
0.39,11036
0.39,11035
0.39,11034
0.39,11033
0.39,11032
0.39,11031
0.391,11030
0.391,11029
0.391,11028
0.391,11027
0.391,11026
0.391,11025
0.391,11024
0.392,11023
0.392,11022
0.392,11021
0.392,11020
0.392,11019
0.393,11018
0.393,11017
0.393,11016
0.393,11015
0.393,11014
0.393,11013
0.393,11012
0.393,11011
0.393,11010
0.393,11009
0.394,11008
0.394,11007
0.394,11006
0.394,11005
0.394,11004
0.394,11003
0.394,11002
0.394,11001
0.394,11000
0.394,10999
0.394,10998
0.395,10997
0.395,10996
0.395,10995
0.395,10994
0.395,10993
0.396,10992
0.396,10991
0.396,10990
0.396,10989
0.396,10988
0.397,10987
0.397,10986
0.398,10985
0.398,10984
0.398,10983
0.399,10982
0.399,10981
0.399,10980
0.399,10979
0.399,10978
0.399,10977
0.399,10976
0.4,10975
0.4,10974
0.4,10973
0.4,10972
0.4,10971
0.401,10970
0.401,10969
0.401,10968
0.401,10967
0.401,10966
0.402,10965
0.402,10964
0.402,10963
0.403,10962
0.403,10961
0.403,10960
0.403,10959
0.403,10958
0.403,10957
0.404,10956
0.404,10955
0.404,10954
0.404,10953
0.404,10952
0.405,10951
0.405,10950
0.405,10949
0.405,10948
0.405,10947
0.406,10946
0.406,10945
0.406,10944
0.406,10943
0.406,10942
0.406,10941
0.406,10940
0.407,10939
0.407,10938
0.407,10937
0.407,10936
0.407,10935
0.407,10934
0.408,10933
0.408,10932
0.408,10931
0.408,10930
0.408,10929
0.408,10928
0.408,10927
0.409,10926
0.409,10925
0.409,10924
0.409,10923
0.409,10922
0.409,10921
0.41,10920
0.41,10919
0.41,10918
0.41,10917
0.41,10916
0.41,10915
0.41,10914
0.411,10913
0.411,10912
0.411,10911
0.411,10910
0.411,10909
0.411,10908
0.412,10907
0.412,10906
0.412,10905
0.412,10904
0.412,10903
0.412,10902
0.412,10901
0.412,10900
0.413,10899
0.413,10898
0.413,10897
0.413,10896
0.414,10895
0.414,10894
0.414,10893
0.414,10892
0.414,10891
0.414,10890
0.415,10889
0.415,10888
0.415,10887
0.415,10886
0.415,10885
0.415,10884
0.416,10883
0.416,10882
0.416,10881
0.416,10880
0.416,10879
0.416,10878
0.416,10877
0.416,10876
0.417,10875
0.417,10874
0.417,10873
0.417,10872
0.417,10871
0.417,10870
0.417,10869
0.418,10868
0.418,10867
0.418,10866
0.418,10865
0.418,10864
0.418,10863
0.418,10862
0.418,10861
0.418,10860
0.419,10859
0.419,10858
0.419,10857
0.419,10856
0.419,10855
0.419,10854
0.419,10853
0.42,10852
0.42,10851
0.42,10850
0.42,10849
0.42,10848
0.421,10847
0.421,10846
0.421,10845
0.421,10844
0.421,10843
0.421,10842
0.421,10841
0.421,10840
0.421,10839
0.422,10838
0.422,10837
0.422,10836
0.422,10835
0.423,10834
0.423,10833
0.423,10832
0.423,10831
0.423,10830
0.423,10829
0.424,10828
0.424,10827
0.424,10826
0.424,10825
0.425,10824
0.425,10823
0.425,10822
0.425,10821
0.425,10820
0.425,10819
0.426,10818
0.426,10817
0.426,10816
0.426,10815
0.426,10814
0.426,10813
0.427,10812
0.427,10811
0.427,10810
0.427,10809
0.427,10808
0.427,10807
0.427,10806
0.428,10805
0.428,10804
0.428,10803
0.428,10802
0.428,10801
0.428,10800
0.429,10799
0.429,10798
0.429,10797
0.429,10796
0.429,10795
0.43,10794
0.43,10793
0.43,10792
0.43,10791
0.43,10790
0.43,10789
0.431,10788
0.431,10787
0.431,10786
0.431,10785
0.431,10784
0.431,10783
0.431,10782
0.431,10781
0.431,10780
0.431,10779
0.432,10778
0.432,10777
0.432,10776
0.432,10775
0.432,10774
0.432,10773
0.433,10772
0.433,10771
0.433,10770
0.433,10769
0.434,10768
0.434,10767
0.434,10766
0.434,10765
0.434,10764
0.434,10763
0.434,10762
0.434,10761
0.435,10760
0.435,10759
0.435,10758
0.435,10757
0.436,10756
0.436,10755
0.436,10754
0.436,10753
0.436,10752
0.436,10751
0.436,10750
0.437,10749
0.437,10748
0.437,10747
0.437,10746
0.437,10745
0.437,10744
0.437,10743
0.438,10742
0.438,10741
0.438,10740
0.438,10739
0.438,10738
0.438,10737
0.438,10736
0.438,10735
0.438,10734
0.438,10733
0.439,10732
0.439,10731
0.439,10730
0.439,10729
0.439,10728
0.44,10727
0.44,10726
0.44,10725
0.44,10724
0.44,10723
0.44,10722
0.44,10721
0.44,10720
0.441,10719
0.441,10718
0.441,10717
0.441,10716
0.441,10715
0.441,10714
0.441,10713
0.441,10712
0.441,10711
0.441,10710
0.442,10709
0.442,10708
0.442,10707
0.442,10706
0.442,10705
0.442,10704
0.442,10703
0.442,10702
0.442,10701
0.443,10700
0.443,10699
0.443,10698
0.443,10697
0.443,10696
0.443,10695
0.443,10694
0.443,10693
0.443,10692
0.443,10691
0.443,10690
0.444,10689
0.444,10688
0.444,10687
0.444,10686
0.444,10685
0.444,10684
0.444,10683
0.445,10682
0.445,10681
0.445,10680
0.445,10679
0.445,10678
0.445,10677
0.446,10676
0.446,10675
0.446,10674
0.446,10673
0.446,10672
0.446,10671
0.446,10670
0.446,10669
0.446,10668
0.447,10667
0.447,10666
0.447,10665
0.447,10664
0.447,10663
0.447,10662
0.448,10661
0.448,10660
0.448,10659
0.448,10658
0.448,10657
0.448,10656
0.448,10655
0.448,10654
0.449,10653
0.449,10652
0.449,10651
0.449,10650
0.449,10649
0.449,10648
0.449,10647
0.449,10646
0.45,10645
0.45,10644
0.45,10643
0.45,10642
0.45,10641
0.45,10640
0.45,10639
0.451,10638
0.451,10637
0.451,10636
0.451,10635
0.451,10634
0.451,10633
0.451,10632
0.451,10631
0.452,10630
0.452,10629
0.452,10628
0.452,10627
0.452,10626
0.452,10625
0.452,10624
0.452,10623
0.452,10622
0.452,10621
0.452,10620
0.453,10619
0.453,10618
0.453,10617
0.453,10616
0.453,10615
0.453,10614
0.454,10613
0.454,10612
0.454,10611
0.454,10610
0.454,10609
0.455,10608
0.455,10607
0.455,10606
0.455,10605
0.455,10604
0.455,10603
0.455,10602
0.455,10601
0.455,10600
0.455,10599
0.456,10598
0.456,10597
0.456,10596
0.456,10595
0.456,10594
0.456,10593
0.456,10592
0.456,10591
0.456,10590
0.457,10589
0.457,10588
0.457,10587
0.457,10586
0.457,10585
0.457,10584
0.458,10583
0.458,10582
0.458,10581
0.458,10580
0.458,10579
0.458,10578
0.458,10577
0.458,10576
0.458,10575
0.458,10574
0.458,10573
0.459,10572
0.459,10571
0.459,10570
0.459,10569
0.459,10568
0.459,10567
0.459,10566
0.459,10565
0.459,10564
0.459,10563
0.459,10562
0.459,10561
0.46,10560
0.46,10559
0.46,10558
0.461,10557
0.461,10556
0.461,10555
0.461,10554
0.461,10553
0.461,10552
0.462,10551
0.462,10550
0.462,10549
0.462,10548
0.462,10547
0.462,10546
0.463,10545
0.463,10544
0.463,10543
0.463,10542
0.463,10541
0.464,10540
0.464,10539
0.464,10538
0.464,10537
0.464,10536
0.464,10535
0.465,10534
0.465,10533
0.466,10532
0.466,10531
0.466,10530
0.466,10529
0.466,10528
0.466,10527
0.466,10526
0.466,10525
0.467,10524
0.467,10523
0.467,10522
0.468,10521
0.468,10520
0.468,10519
0.468,10518
0.468,10517
0.468,10516
0.468,10515
0.469,10514
0.469,10513
0.469,10512
0.469,10511
0.469,10510
0.469,10509
0.469,10508
0.469,10507
0.47,10506
0.47,10505
0.47,10504
0.47,10503
0.47,10502
0.47,10501
0.47,10500
0.471,10499
0.471,10498
0.471,10497
0.471,10496
0.471,10495
0.471,10494
0.472,10493
0.472,10492
0.472,10491
0.472,10490
0.472,10489
0.472,10488
0.472,10487
0.473,10486
0.473,10485
0.473,10484
0.473,10483
0.473,10482
0.473,10481
0.473,10480
0.473,10479
0.474,10478
0.474,10477
0.474,10476
0.474,10475
0.474,10474
0.474,10473
0.474,10472
0.475,10471
0.475,10470
0.475,10469
0.475,10468
0.475,10467
0.475,10466
0.475,10465
0.476,10464
0.476,10463
0.476,10462
0.476,10461
0.476,10460
0.476,10459
0.476,10458
0.476,10457
0.476,10456
0.477,10455
0.477,10454
0.477,10453
0.477,10452
0.477,10451
0.477,10450
0.477,10449
0.477,10448
0.477,10447
0.477,10446
0.478,10445
0.478,10444
0.478,10443
0.478,10442
0.478,10441
0.478,10440
0.479,10439
0.479,10438
0.479,10437
0.479,10436
0.479,10435
0.479,10434
0.479,10433
0.479,10432
0.479,10431
0.479,10430
0.479,10429
0.479,10428
0.479,10427
0.48,10426
0.48,10425
0.48,10424
0.48,10423
0.48,10422
0.48,10421
0.48,10420
0.48,10419
0.481,10418
0.481,10417
0.481,10416
0.481,10415
0.481,10414
0.481,10413
0.481,10412
0.481,10411
0.481,10410
0.481,10409
0.482,10408
0.482,10407
0.482,10406
0.482,10405
0.482,10404
0.482,10403
0.483,10402
0.483,10401
0.483,10400
0.483,10399
0.483,10398
0.484,10397
0.484,10396
0.484,10395
0.484,10394
0.484,10393
0.484,10392
0.485,10391
0.485,10390
0.485,10389
0.485,10388
0.485,10387
0.485,10386
0.485,10385
0.485,10384
0.486,10383
0.486,10382
0.486,10381
0.486,10380
0.486,10379
0.486,10378
0.486,10377
0.487,10376
0.487,10375
0.487,10374
0.487,10373
0.487,10372
0.487,10371
0.487,10370
0.487,10369
0.488,10368
0.488,10367
0.488,10366
0.489,10365
0.489,10364
0.489,10363
0.489,10362
0.489,10361
0.489,10360
0.49,10359
0.49,10358
0.49,10357
0.49,10356
0.49,10355
0.49,10354
0.49,10353
0.49,10352
0.491,10351
0.491,10350
0.491,10349
0.491,10348
0.491,10347
0.491,10346
0.491,10345
0.492,10344
0.492,10343
0.492,10342
0.492,10341
0.492,10340
0.492,10339
0.492,10338
0.492,10337
0.492,10336
0.493,10335
0.493,10334
0.493,10333
0.493,10332
0.493,10331
0.493,10330
0.493,10329
0.493,10328
0.493,10327
0.493,10326
0.494,10325
0.494,10324
0.494,10323
0.494,10322
0.495,10321
0.495,10320
0.495,10319
0.495,10318
0.495,10317
0.495,10316
0.496,10315
0.496,10314
0.496,10313
0.496,10312
0.496,10311
0.496,10310
0.496,10309
0.496,10308
0.497,10307
0.497,10306
0.497,10305
0.497,10304
0.497,10303
0.497,10302
0.497,10301
0.497,10300
0.497,10299
0.498,10298
0.498,10297
0.498,10296
0.498,10295
0.498,10294
0.498,10293
0.499,10292
0.499,10291
0.499,10290
0.499,10289
0.5,10288
0.5,10287
0.5,10286
0.5,10285
0.5,10284
0.5,10283
0.5,10282
0.501,10281
0.501,10280
0.501,10279
0.501,10278
0.501,10277
0.501,10276
0.502,10275
0.502,10274
0.502,10273
0.511,10272
0.511,10271
0.511,10270
0.511,10269
0.511,10268
0.511,10267
0.511,10266
0.511,10265
0.511,10264
0.512,10263
0.512,10262
0.512,10261
0.512,10260
0.512,10259
0.513,10258
0.513,10257
0.513,10256
0.513,10255
0.513,10254
0.513,10253
0.513,10252
0.513,10251
0.514,10250
0.514,10249
0.514,10248
0.514,10247
0.515,10246
0.515,10245
0.515,10244
0.515,10243
0.515,10242
0.515,10241
0.515,10240
0.515,10239
0.516,10238
0.516,10237
0.516,10236
0.516,10235
0.516,10234
0.516,10233
0.517,10232
0.517,10231
0.517,10230
0.517,10229
0.517,10228
0.517,10227
0.518,10226
0.518,10225
0.518,10224
0.518,10223
0.519,10222
0.519,10221
0.519,10220
0.519,10219
0.519,10218
0.519,10217
0.519,10216
0.52,10215
0.52,10214
0.52,10213
0.52,10212
0.52,10211
0.52,10210
0.52,10209
0.52,10208
0.521,10207
0.521,10206
0.521,10205
0.521,10204
0.521,10203
0.522,10202
0.522,10201
0.522,10200
0.522,10199
0.522,10198
0.522,10197
0.522,10196
0.523,10195
0.523,10194
0.523,10193
0.523,10192
0.523,10191
0.523,10190
0.524,10189
0.524,10188
0.524,10187
0.524,10186
0.524,10185
0.524,10184
0.524,10183
0.524,10182
0.524,10181
0.524,10180
0.524,10179
0.525,10178
0.525,10177
0.525,10176
0.525,10175
0.525,10174
0.525,10173
0.525,10172
0.525,10171
0.525,10170
0.525,10169
0.526,10168
0.526,10167
0.526,10166
0.526,10165
0.526,10164
0.526,10163
0.526,10162
0.526,10161
0.527,10160
0.527,10159
0.527,10158
0.527,10157
0.527,10156
0.527,10155
0.527,10154
0.527,10153
0.528,10152
0.528,10151
0.528,10150
0.528,10149
0.528,10148
0.528,10147
0.528,10146
0.528,10145
0.529,10144
0.529,10143
0.529,10142
0.529,10141
0.529,10140
0.529,10139
0.529,10138
0.529,10137
0.53,10136
0.53,10135
0.53,10134
0.53,10133
0.53,10132
0.53,10131
0.53,10130
0.531,10129
0.531,10128
0.531,10127
0.531,10126
0.531,10125
0.531,10124
0.531,10123
0.531,10122
0.531,10121
0.532,10120
0.532,10119
0.532,10118
0.532,10117
0.532,10116
0.532,10115
0.532,10114
0.533,10113
0.533,10112
0.533,10111
0.533,10110
0.533,10109
0.533,10108
0.534,10107
0.534,10106
0.534,10105
0.534,10104
0.535,10103
0.535,10102
0.535,10101
0.535,10100
0.535,10099
0.536,10098
0.536,10097
0.536,10096
0.537,10095
0.537,10094
0.537,10093
0.537,10092
0.537,10091
0.538,10090
0.538,10089
0.538,10088
0.538,10087
0.538,10086
0.539,10085
0.539,10084
0.539,10083
0.539,10082
0.54,10081
0.54,10080
0.54,10079
0.54,10078
0.54,10077
0.54,10076
0.541,10075
0.541,10074
0.541,10073
0.541,10072
0.541,10071
0.541,10070
0.541,10069
0.541,10068
0.542,10067
0.542,10066
0.542,10065
0.542,10064
0.542,10063
0.542,10062
0.542,10061
0.543,10060
0.543,10059
0.543,10058
0.543,10057
0.543,10056
0.543,10055
0.543,10054
0.544,10053
0.544,10052
0.544,10051
0.544,10050
0.545,10049
0.545,10048
0.545,10047
0.545,10046
0.545,10045
0.545,10044
0.545,10043
0.545,10042
0.546,10041
0.546,10040
0.546,10039
0.546,10038
0.546,10037
0.546,10036
0.546,10035
0.546,10034
0.547,10033
0.547,10032
0.547,10031
0.547,10030
0.547,10029
0.547,10028
0.547,10027
0.548,10026
0.548,10025
0.548,10024
0.548,10023
0.548,10022
0.548,10021
0.548,10020
0.548,10019
0.549,10018
0.549,10017
0.549,10016
0.549,10015
0.549,10014
0.549,10013
0.549,10012
0.55,10011
0.55,10010
0.55,10009
0.55,10008
0.55,10007
0.55,10006
0.551,10005
0.551,10004
0.551,10003
0.551,10002
0.551,10001
0.551,10000
0.551,9999
0.551,9998
0.552,9997
0.552,9996
0.552,9995
0.552,9994
0.552,9993
0.553,9992
0.553,9991
0.553,9990
0.553,9989
0.553,9988
0.553,9987
0.553,9986
0.554,9985
0.554,9984
0.554,9983
0.554,9982
0.554,9981
0.554,9980
0.554,9979
0.554,9978
0.555,9977
0.555,9976
0.555,9975
0.555,9974
0.555,9973
0.555,9972
0.555,9971
0.555,9970
0.556,9969
0.556,9968
0.556,9967
0.556,9966
0.556,9965
0.556,9964
0.556,9963
0.556,9962
0.556,9961
0.557,9960
0.557,9959
0.557,9958
0.557,9957
0.557,9956
0.558,9955
0.558,9954
0.558,9953
0.558,9952
0.558,9951
0.559,9950
0.559,9949
0.559,9948
0.559,9947
0.559,9946
0.559,9945
0.559,9944
0.559,9943
0.56,9942
0.56,9941
0.56,9940
0.56,9939
0.56,9938
0.56,9937
0.56,9936
0.56,9935
0.56,9934
0.561,9933
0.561,9932
0.561,9931
0.561,9930
0.561,9929
0.561,9928
0.561,9927
0.562,9926
0.562,9925
0.562,9924
0.562,9923
0.562,9922
0.562,9921
0.562,9920
0.562,9919
0.562,9918
0.563,9917
0.563,9916
0.563,9915
0.563,9914
0.563,9913
0.563,9912
0.563,9911
0.564,9910
0.564,9909
0.564,9908
0.564,9907
0.564,9906
0.564,9905
0.564,9904
0.564,9903
0.564,9902
0.565,9901
0.565,9900
0.565,9899
0.566,9898
0.566,9897
0.566,9896
0.566,9895
0.566,9894
0.566,9893
0.567,9892
0.567,9891
0.567,9890
0.567,9889
0.567,9888
0.568,9887
0.568,9886
0.568,9885
0.568,9884
0.568,9883
0.568,9882
0.568,9881
0.568,9880
0.568,9879
0.569,9878
0.569,9877
0.569,9876
0.569,9875
0.569,9874
0.57,9873
0.57,9872
0.57,9871
0.57,9870
0.57,9869
0.57,9868
0.57,9867
0.571,9866
0.571,9865
0.571,9864
0.571,9863
0.571,9862
0.571,9861
0.571,9860
0.571,9859
0.571,9858
0.571,9857
0.572,9856
0.572,9855
0.572,9854
0.572,9853
0.572,9852
0.572,9851
0.572,9850
0.572,9849
0.572,9848
0.572,9847
0.573,9846
0.573,9845
0.573,9844
0.573,9843
0.573,9842
0.573,9841
0.573,9840
0.573,9839
0.573,9838
0.574,9837
0.574,9836
0.574,9835
0.574,9834
0.574,9833
0.574,9832
0.574,9831
0.574,9830
0.575,9829
0.575,9828
0.575,9827
0.575,9826
0.575,9825
0.575,9824
0.575,9823
0.576,9822
0.576,9821
0.576,9820
0.576,9819
0.577,9818
0.577,9817
0.577,9816
0.577,9815
0.577,9814
0.577,9813
0.577,9812
0.578,9811
0.578,9810
0.578,9809
0.578,9808
0.578,9807
0.578,9806
0.579,9805
0.579,9804
0.579,9803
0.579,9802
0.579,9801
0.579,9800
0.579,9799
0.579,9798
0.58,9797
0.58,9796
0.58,9795
0.58,9794
0.58,9793
0.58,9792
0.58,9791
0.58,9790
0.58,9789
0.58,9788
0.581,9787
0.581,9786
0.581,9785
0.581,9784
0.581,9783
0.581,9782
0.581,9781
0.582,9780
0.582,9779
0.582,9778
0.582,9777
0.582,9776
0.582,9775
0.582,9774
0.582,9773
0.582,9772
0.583,9771
0.583,9770
0.583,9769
0.583,9768
0.583,9767
0.584,9766
0.584,9765
0.584,9764
0.584,9763
0.584,9762
0.584,9761
0.584,9760
0.584,9759
0.585,9758
0.585,9757
0.585,9756
0.585,9755
0.585,9754
0.585,9753
0.585,9752
0.585,9751
0.585,9750
0.585,9749
0.585,9748
0.586,9747
0.586,9746
0.586,9745
0.586,9744
0.586,9743
0.586,9742
0.586,9741
0.586,9740
0.586,9739
0.587,9738
0.587,9737
0.587,9736
0.587,9735
0.587,9734
0.587,9733
0.587,9732
0.587,9731
0.588,9730
0.588,9729
0.588,9728
0.588,9727
0.588,9726
0.588,9725
0.588,9724
0.589,9723
0.589,9722
0.589,9721
0.589,9720
0.589,9719
0.589,9718
0.589,9717
0.589,9716
0.59,9715
0.59,9714
0.59,9713
0.59,9712
0.59,9711
0.59,9710
0.59,9709
0.59,9708
0.591,9707
0.591,9706
0.591,9705
0.591,9704
0.591,9703
0.591,9702
0.591,9701
0.591,9700
0.592,9699
0.592,9698
0.592,9697
0.592,9696
0.592,9695
0.592,9694
0.593,9693
0.593,9692
0.593,9691
0.593,9690
0.593,9689
0.593,9688
0.593,9687
0.593,9686
0.593,9685
0.593,9684
0.593,9683
0.594,9682
0.594,9681
0.594,9680
0.594,9679
0.594,9678
0.594,9677
0.594,9676
0.594,9675
0.594,9674
0.594,9673
0.595,9672
0.595,9671
0.595,9670
0.595,9669
0.595,9668
0.595,9667
0.595,9666
0.595,9665
0.595,9664
0.595,9663
0.596,9662
0.596,9661
0.596,9660
0.596,9659
0.596,9658
0.596,9657
0.596,9656
0.596,9655
0.597,9654
0.597,9653
0.597,9652
0.597,9651
0.597,9650
0.597,9649
0.597,9648
0.597,9647
0.597,9646
0.597,9645
0.597,9644
0.598,9643
0.598,9642
0.598,9641
0.598,9640
0.598,9639
0.598,9638
0.598,9637
0.598,9636
0.598,9635
0.599,9634
0.599,9633
0.599,9632
0.599,9631
0.599,9630
0.599,9629
0.599,9628
0.599,9627
0.599,9626
0.599,9625
0.599,9624
0.6,9623
0.6,9622
0.6,9621
0.6,9620
0.6,9619
0.6,9618
0.601,9617
0.601,9616
0.601,9615
0.601,9614
0.601,9613
0.602,9612
0.602,9611
0.602,9610
0.602,9609
0.602,9608
0.602,9607
0.603,9606
0.603,9605
0.603,9604
0.603,9603
0.603,9602
0.603,9601
0.603,9600
0.603,9599
0.604,9598
0.604,9597
0.604,9596
0.604,9595
0.605,9594
0.605,9593
0.605,9592
0.605,9591
0.605,9590
0.605,9589
0.605,9588
0.605,9587
0.605,9586
0.605,9585
0.606,9584
0.606,9583
0.606,9582
0.606,9581
0.606,9580
0.606,9579
0.606,9578
0.607,9577
0.607,9576
0.607,9575
0.607,9574
0.607,9573
0.607,9572
0.608,9571
0.608,9570
0.608,9569
0.608,9568
0.608,9567
0.608,9566
0.608,9565
0.609,9564
0.609,9563
0.609,9562
0.609,9561
0.609,9560
0.609,9559
0.609,9558
0.609,9557
0.61,9556
0.61,9555
0.61,9554
0.61,9553
0.61,9552
0.61,9551
0.61,9550
0.61,9549
0.61,9548
0.61,9547
0.61,9546
0.611,9545
0.611,9544
0.611,9543
0.611,9542
0.611,9541
0.611,9540
0.611,9539
0.612,9538
0.612,9537
0.612,9536
0.612,9535
0.612,9534
0.612,9533
0.613,9532
0.613,9531
0.613,9530
0.613,9529
0.613,9528
0.613,9527
0.613,9526
0.613,9525
0.613,9524
0.614,9523
0.614,9522
0.614,9521
0.614,9520
0.614,9519
0.614,9518
0.614,9517
0.614,9516
0.615,9515
0.615,9514
0.615,9513
0.615,9512
0.615,9511
0.615,9510
0.615,9509
0.615,9508
0.615,9507
0.616,9506
0.616,9505
0.616,9504
0.616,9503
0.616,9502
0.616,9501
0.616,9500
0.616,9499
0.616,9498
0.617,9497
0.617,9496
0.617,9495
0.617,9494
0.617,9493
0.618,9492
0.618,9491
0.618,9490
0.618,9489
0.618,9488
0.618,9487
0.618,9486
0.619,9485
0.619,9484
0.619,9483
0.619,9482
0.619,9481
0.619,9480
0.619,9479
0.619,9478
0.619,9477
0.619,9476
0.62,9475
0.62,9474
0.62,9473
0.62,9472
0.62,9471
0.62,9470
0.62,9469
0.62,9468
0.62,9467
0.62,9466
0.621,9465
0.621,9464
0.621,9463
0.621,9462
0.621,9461
0.621,9460
0.621,9459
0.621,9458
0.622,9457
0.622,9456
0.622,9455
0.622,9454
0.622,9453
0.622,9452
0.623,9451
0.623,9450
0.623,9449
0.623,9448
0.623,9447
0.623,9446
0.623,9445
0.624,9444
0.624,9443
0.624,9442
0.624,9441
0.625,9440
0.625,9439
0.625,9438
0.625,9437
0.625,9436
0.625,9435
0.625,9434
0.625,9433
0.625,9432
0.625,9431
0.625,9430
0.626,9429
0.626,9428
0.626,9427
0.626,9426
0.626,9425
0.626,9424
0.626,9423
0.626,9422
0.627,9421
0.627,9420
0.627,9419
0.627,9418
0.627,9417
0.627,9416
0.627,9415
0.627,9414
0.628,9413
0.628,9412
0.628,9411
0.628,9410
0.628,9409
0.628,9408
0.628,9407
0.628,9406
0.629,9405
0.629,9404
0.629,9403
0.629,9402
0.629,9401
0.629,9400
0.629,9399
0.63,9398
0.63,9397
0.63,9396
0.63,9395
0.63,9394
0.63,9393
0.63,9392
0.63,9391
0.631,9390
0.631,9389
0.631,9388
0.631,9387
0.631,9386
0.631,9385
0.632,9384
0.632,9383
0.632,9382
0.632,9381
0.632,9380
0.632,9379
0.632,9378
0.632,9377
0.632,9376
0.633,9375
0.633,9374
0.633,9373
0.633,9372
0.633,9371
0.633,9370
0.633,9369
0.634,9368
0.634,9367
0.634,9366
0.634,9365
0.634,9364
0.634,9363
0.634,9362
0.634,9361
0.635,9360
0.635,9359
0.635,9358
0.635,9357
0.635,9356
0.636,9355
0.636,9354
0.636,9353
0.636,9352
0.636,9351
0.636,9350
0.636,9349
0.637,9348
0.637,9347
0.637,9346
0.637,9345
0.637,9344
0.637,9343
0.637,9342
0.637,9341
0.637,9340
0.638,9339
0.638,9338
0.638,9337
0.638,9336
0.638,9335
0.638,9334
0.638,9333
0.638,9332
0.638,9331
0.639,9330
0.639,9329
0.639,9328
0.639,9327
0.639,9326
0.639,9325
0.639,9324
0.639,9323
0.639,9322
0.639,9321
0.64,9320
0.64,9319
0.64,9318
0.64,9317
0.64,9316
0.64,9315
0.641,9314
0.641,9313
0.641,9312
0.641,9311
0.641,9310
0.641,9309
0.642,9308
0.642,9307
0.642,9306
0.642,9305
0.642,9304
0.642,9303
0.642,9302
0.643,9301
0.643,9300
0.643,9299
0.643,9298
0.643,9297
0.643,9296
0.644,9295
0.644,9294
0.644,9293
0.644,9292
0.644,9291
0.644,9290
0.644,9289
0.644,9288
0.644,9287
0.644,9286
0.645,9285
0.645,9284
0.645,9283
0.645,9282
0.645,9281
0.645,9280
0.645,9279
0.645,9278
0.645,9277
0.646,9276
0.646,9275
0.646,9274
0.646,9273
0.646,9272
0.646,9271
0.646,9270
0.647,9269
0.647,9268
0.647,9267
0.647,9266
0.647,9265
0.647,9264
0.647,9263
0.647,9262
0.648,9261
0.648,9260
0.648,9259
0.648,9258
0.648,9257
0.648,9256
0.649,9255
0.649,9254
0.649,9253
0.649,9252
0.649,9251
0.649,9250
0.649,9249
0.649,9248
0.65,9247
0.65,9246
0.65,9245
0.65,9244
0.65,9243
0.65,9242
0.651,9241
0.651,9240
0.651,9239
0.652,9238
0.652,9237
0.652,9236
0.652,9235
0.652,9234
0.652,9233
0.653,9232
0.653,9231
0.653,9230
0.653,9229
0.653,9228
0.653,9227
0.653,9226
0.653,9225
0.653,9224
0.653,9223
0.653,9222
0.654,9221
0.654,9220
0.654,9219
0.654,9218
0.654,9217
0.654,9216
0.654,9215
0.654,9214
0.655,9213
0.655,9212
0.655,9211
0.655,9210
0.655,9209
0.655,9208
0.655,9207
0.655,9206
0.656,9205
0.656,9204
0.656,9203
0.656,9202
0.657,9201
0.657,9200
0.657,9199
0.657,9198
0.657,9197
0.657,9196
0.657,9195
0.657,9194
0.657,9193
0.658,9192
0.658,9191
0.658,9190
0.658,9189
0.658,9188
0.659,9187
0.659,9186
0.659,9185
0.659,9184
0.659,9183
0.66,9182
0.66,9181
0.66,9180
0.66,9179
0.66,9178
0.66,9177
0.66,9176
0.66,9175
0.66,9174
0.66,9173
0.66,9172
0.661,9171
0.661,9170
0.661,9169
0.661,9168
0.662,9167
0.662,9166
0.662,9165
0.662,9164
0.662,9163
0.662,9162
0.662,9161
0.662,9160
0.663,9159
0.663,9158
0.664,9157
0.664,9156
0.664,9155
0.664,9154
0.664,9153
0.664,9152
0.664,9151
0.664,9150
0.665,9149
0.665,9148
0.665,9147
0.665,9146
0.665,9145
0.665,9144
0.665,9143
0.666,9142
0.666,9141
0.666,9140
0.666,9139
0.666,9138
0.666,9137
0.666,9136
0.666,9135
0.666,9134
0.667,9133
0.667,9132
0.667,9131
0.667,9130
0.667,9129
0.667,9128
0.667,9127
0.668,9126
0.668,9125
0.668,9124
0.668,9123
0.668,9122
0.668,9121
0.669,9120
0.669,9119
0.669,9118
0.669,9117
0.669,9116
0.67,9115
0.67,9114
0.67,9113
0.67,9112
0.67,9111
0.67,9110
0.671,9109
0.671,9108
0.671,9107
0.671,9106
0.671,9105
0.671,9104
0.671,9103
0.672,9102
0.672,9101
0.672,9100
0.672,9099
0.672,9098
0.672,9097
0.672,9096
0.673,9095
0.673,9094
0.673,9093
0.673,9092
0.673,9091
0.673,9090
0.674,9089
0.674,9088
0.674,9087
0.674,9086
0.675,9085
0.675,9084
0.675,9083
0.675,9082
0.675,9081
0.675,9080
0.675,9079
0.676,9078
0.676,9077
0.676,9076
0.676,9075
0.676,9074
0.677,9073
0.677,9072
0.677,9071
0.677,9070
0.677,9069
0.677,9068
0.677,9067
0.677,9066
0.677,9065
0.678,9064
0.678,9063
0.678,9062
0.678,9061
0.678,9060
0.678,9059
0.678,9058
0.678,9057
0.678,9056
0.679,9055
0.679,9054
0.679,9053
0.679,9052
0.679,9051
0.68,9050
0.68,9049
0.68,9048
0.68,9047
0.681,9046
0.681,9045
0.681,9044
0.681,9043
0.682,9042
0.682,9041
0.682,9040
0.682,9039
0.683,9038
0.683,9037
0.683,9036
0.684,9035
0.684,9034
0.684,9033
0.684,9032
0.684,9031
0.684,9030
0.685,9029
0.685,9028
0.686,9027
0.686,9026
0.686,9025
0.686,9024
0.686,9023
0.687,9022
0.687,9021
0.687,9020
0.687,9019
0.687,9018
0.687,9017
0.688,9016
0.688,9015
0.688,9014
0.688,9013
0.688,9012
0.688,9011
0.689,9010
0.689,9009
0.69,9008
0.69,9007
0.69,9006
0.69,9005
0.69,9004
0.691,9003
0.691,9002
0.691,9001
0.691,9000
0.691,8999
0.691,8998
0.691,8997
0.692,8996
0.692,8995
0.692,8994
0.692,8993
0.692,8992
0.693,8991
0.693,8990
0.693,8989
0.693,8988
0.694,8987
0.694,8986
0.694,8985
0.694,8984
0.694,8983
0.694,8982
0.694,8981
0.694,8980
0.695,8979
0.695,8978
0.695,8977
0.695,8976
0.695,8975
0.695,8974
0.696,8973
0.696,8972
0.696,8971
0.696,8970
0.696,8969
0.696,8968
0.697,8967
0.697,8966
0.697,8965
0.697,8964
0.697,8963
0.697,8962
0.697,8961
0.698,8960
0.698,8959
0.698,8958
0.698,8957
0.698,8956
0.698,8955
0.698,8954
0.699,8953
0.699,8952
0.699,8951
0.7,8950
0.7,8949
0.7,8948
0.701,8947
0.701,8946
0.701,8945
0.701,8944
0.701,8943
0.701,8942
0.702,8941
0.702,8940
0.702,8939
0.702,8938
0.703,8937
0.703,8936
0.703,8935
0.703,8934
0.703,8933
0.703,8932
0.703,8931
0.704,8930
0.704,8929
0.704,8928
0.704,8927
0.704,8926
0.704,8925
0.704,8924
0.705,8923
0.705,8922
0.705,8921
0.705,8920
0.705,8919
0.705,8918
0.706,8917
0.706,8916
0.706,8915
0.706,8914
0.706,8913
0.706,8912
0.706,8911
0.707,8910
0.707,8909
0.707,8908
0.707,8907
0.707,8906
0.707,8905
0.707,8904
0.708,8903
0.708,8902
0.708,8901
0.708,8900
0.708,8899
0.708,8898
0.708,8897
0.709,8896
0.709,8895
0.709,8894
0.71,8893
0.71,8892
0.71,8891
0.71,8890
0.711,8889
0.711,8888
0.711,8887
0.711,8886
0.711,8885
0.711,8884
0.711,8883
0.711,8882
0.712,8881
0.712,8880
0.712,8879
0.712,8878
0.712,8877
0.712,8876
0.713,8875
0.713,8874
0.713,8873
0.713,8872
0.713,8871
0.714,8870
0.714,8869
0.714,8868
0.714,8867
0.714,8866
0.714,8865
0.714,8864
0.714,8863
0.714,8862
0.715,8861
0.715,8860
0.715,8859
0.715,8858
0.715,8857
0.715,8856
0.715,8855
0.716,8854
0.716,8853
0.716,8852
0.716,8851
0.716,8850
0.717,8849
0.717,8848
0.717,8847
0.717,8846
0.717,8845
0.717,8844
0.717,8843
0.717,8842
0.717,8841
0.718,8840
0.718,8839
0.718,8838
0.718,8837
0.718,8836
0.719,8835
0.719,8834
0.719,8833
0.719,8832
0.719,8831
0.719,8830
0.719,8829
0.72,8828
0.72,8827
0.72,8826
0.72,8825
0.72,8824
0.72,8823
0.72,8822
0.721,8821
0.721,8820
0.721,8819
0.721,8818
0.721,8817
0.721,8816
0.722,8815
0.722,8814
0.722,8813
0.722,8812
0.722,8811
0.722,8810
0.722,8809
0.722,8808
0.722,8807
0.723,8806
0.723,8805
0.723,8804
0.723,8803
0.723,8802
0.723,8801
0.723,8800
0.723,8799
0.723,8798
0.724,8797
0.724,8796
0.724,8795
0.724,8794
0.724,8793
0.724,8792
0.724,8791
0.724,8790
0.724,8789
0.725,8788
0.725,8787
0.725,8786
0.725,8785
0.725,8784
0.726,8783
0.726,8782
0.727,8781
0.727,8780
0.727,8779
0.728,8778
0.728,8777
0.728,8776
0.729,8775
0.729,8774
0.729,8773
0.729,8772
0.729,8771
0.729,8770
0.729,8769
0.73,8768
0.73,8767
0.73,8766
0.73,8765
0.731,8764
0.732,8763
0.732,8762
0.732,8761
0.732,8760
0.733,8759
0.733,8758
0.733,8757
0.733,8756
0.733,8755
0.734,8754
0.734,8753
0.734,8752
0.734,8751
0.734,8750
0.734,8749
0.734,8748
0.734,8747
0.735,8746
0.735,8745
0.735,8744
0.735,8743
0.735,8742
0.735,8741
0.735,8740
0.735,8739
0.736,8738
0.736,8737
0.736,8736
0.736,8735
0.736,8734
0.736,8733
0.736,8732
0.737,8731
0.737,8730
0.737,8729
0.737,8728
0.737,8727
0.738,8726
0.738,8725
0.739,8724
0.739,8723
0.739,8722
0.739,8721
0.739,8720
0.739,8719
0.74,8718
0.74,8717
0.74,8716
0.74,8715
0.74,8714
0.74,8713
0.74,8712
0.74,8711
0.741,8710
0.741,8709
0.741,8708
0.741,8707
0.741,8706
0.741,8705
0.741,8704
0.741,8703
0.742,8702
0.742,8701
0.742,8700
0.742,8699
0.742,8698
0.742,8697
0.742,8696
0.742,8695
0.743,8694
0.743,8693
0.743,8692
0.743,8691
0.743,8690
0.743,8689
0.743,8688
0.744,8687
0.744,8686
0.744,8685
0.744,8684
0.744,8683
0.744,8682
0.744,8681
0.744,8680
0.744,8679
0.745,8678
0.745,8677
0.745,8676
0.746,8675
0.746,8674
0.746,8673
0.746,8672
0.746,8671
0.746,8670
0.746,8669
0.747,8668
0.747,8667
0.748,8666
0.748,8665
0.748,8664
0.748,8663
0.748,8662
0.748,8661
0.748,8660
0.749,8659
0.749,8658
0.749,8657
0.749,8656
0.749,8655
0.749,8654
0.749,8653
0.749,8652
0.749,8651
0.75,8650
0.75,8649
0.75,8648
0.75,8647
0.75,8646
0.75,8645
0.75,8644
0.75,8643
0.751,8642
0.751,8641
0.751,8640
0.751,8639
0.751,8638
0.751,8637
0.752,8636
0.752,8635
0.752,8634
0.752,8633
0.752,8632
0.752,8631
0.752,8630
0.752,8629
0.753,8628
0.753,8627
0.754,8626
0.754,8625
0.754,8624
0.755,8623
0.755,8622
0.756,8621
0.756,8620
0.756,8619
0.756,8618
0.757,8617
0.757,8616
0.757,8615
0.758,8614
0.758,8613
0.758,8612
0.758,8611
0.758,8610
0.759,8609
0.759,8608
0.759,8607
0.759,8606
0.759,8605
0.76,8604
0.76,8603
0.76,8602
0.76,8601
0.76,8600
0.761,8599
0.761,8598
0.761,8597
0.761,8596
0.762,8595
0.762,8594
0.762,8593
0.762,8592
0.762,8591
0.763,8590
0.763,8589
0.763,8588
0.763,8587
0.763,8586
0.763,8585
0.763,8584
0.763,8583
0.764,8582
0.764,8581
0.764,8580
0.764,8579
0.764,8578
0.765,8577
0.765,8576
0.765,8575
0.765,8574
0.765,8573
0.765,8572
0.766,8571
0.766,8570
0.766,8569
0.767,8568
0.767,8567
0.767,8566
0.767,8565
0.767,8564
0.768,8563
0.768,8562
0.768,8561
0.768,8560
0.768,8559
0.768,8558
0.768,8557
0.769,8556
0.769,8555
0.769,8554
0.769,8553
0.77,8552
0.77,8551
0.77,8550
0.77,8549
0.771,8548
0.771,8547
0.771,8546
0.778,8545
0.778,8544
0.779,8543
0.779,8542
0.779,8541
0.779,8540
0.779,8539
0.779,8538
0.779,8537
0.779,8536
0.779,8535
0.779,8534
0.78,8533
0.78,8532
0.78,8531
0.78,8530
0.78,8529
0.78,8528
0.78,8527
0.781,8526
0.781,8525
0.781,8524
0.781,8523
0.781,8522
0.781,8521
0.781,8520
0.781,8519
0.781,8518
0.781,8517
0.781,8516
0.781,8515
0.782,8514
0.782,8513
0.782,8512
0.782,8511
0.782,8510
0.782,8509
0.783,8508
0.783,8507
0.783,8506
0.783,8505
0.783,8504
0.783,8503
0.783,8502
0.783,8501
0.784,8500
0.784,8499
0.784,8498
0.784,8497
0.784,8496
0.784,8495
0.784,8494
0.784,8493
0.784,8492
0.785,8491
0.785,8490
0.785,8489
0.785,8488
0.785,8487
0.785,8486
0.786,8485
0.786,8484
0.786,8483
0.786,8482
0.786,8481
0.786,8480
0.787,8479
0.787,8478
0.787,8477
0.787,8476
0.787,8475
0.787,8474
0.787,8473
0.788,8472
0.788,8471
0.788,8470
0.788,8469
0.788,8468
0.789,8467
0.789,8466
0.789,8465
0.789,8464
0.789,8463
0.79,8462
0.79,8461
0.79,8460
0.791,8459
0.791,8458
0.791,8457
0.791,8456
0.791,8455
0.791,8454
0.791,8453
0.791,8452
0.791,8451
0.791,8450
0.792,8449
0.792,8448
0.792,8447
0.792,8446
0.792,8445
0.792,8444
0.793,8443
0.793,8442
0.793,8441
0.793,8440
0.793,8439
0.793,8438
0.793,8437
0.793,8436
0.794,8435
0.794,8434
0.794,8433
0.794,8432
0.794,8431
0.794,8430
0.794,8429
0.794,8428
0.794,8427
0.794,8426
0.795,8425
0.795,8424
0.795,8423
0.795,8422
0.795,8421
0.795,8420
0.795,8419
0.795,8418
0.795,8417
0.796,8416
0.796,8415
0.796,8414
0.796,8413
0.796,8412
0.796,8411
0.796,8410
0.796,8409
0.796,8408
0.797,8407
0.797,8406
0.797,8405
0.797,8404
0.797,8403
0.798,8402
0.798,8401
0.798,8400
0.798,8399
0.798,8398
0.798,8397
0.798,8396
0.799,8395
0.799,8394
0.799,8393
0.799,8392
0.799,8391
0.799,8390
0.799,8389
0.799,8388
0.799,8387
0.799,8386
0.799,8385
0.8,8384
0.8,8383
0.8,8382
0.8,8381
0.8,8380
0.8,8379
0.8,8378
0.801,8377
0.801,8376
0.801,8375
0.801,8374
0.801,8373
0.801,8372
0.802,8371
0.802,8370
0.802,8369
0.802,8368
0.802,8367
0.802,8366
0.802,8365
0.802,8364
0.802,8363
0.803,8362
0.803,8361
0.803,8360
0.803,8359
0.803,8358
0.803,8357
0.803,8356
0.803,8355
0.804,8354
0.804,8353
0.804,8352
0.804,8351
0.804,8350
0.804,8349
0.804,8348
0.805,8347
0.805,8346
0.805,8345
0.805,8344
0.805,8343
0.805,8342
0.805,8341
0.806,8340
0.806,8339
0.806,8338
0.806,8337
0.806,8336
0.806,8335
0.806,8334
0.806,8333
0.807,8332
0.807,8331
0.807,8330
0.807,8329
0.807,8328
0.807,8327
0.807,8326
0.807,8325
0.807,8324
0.807,8323
0.808,8322
0.808,8321
0.808,8320
0.808,8319
0.808,8318
0.808,8317
0.808,8316
0.809,8315
0.809,8314
0.809,8313
0.809,8312
0.809,8311
0.809,8310
0.809,8309
0.809,8308
0.809,8307
0.809,8306
0.809,8305
0.809,8304
0.81,8303
0.81,8302
0.81,8301
0.81,8300
0.81,8299
0.81,8298
0.81,8297
0.81,8296
0.81,8295
0.81,8294
0.811,8293
0.811,8292
0.811,8291
0.811,8290
0.811,8289
0.811,8288
0.811,8287
0.811,8286
0.811,8285
0.811,8284
0.812,8283
0.812,8282
0.812,8281
0.812,8280
0.812,8279
0.812,8278
0.812,8277
0.813,8276
0.813,8275
0.813,8274
0.813,8273
0.813,8272
0.813,8271
0.813,8270
0.813,8269
0.813,8268
0.814,8267
0.814,8266
0.814,8265
0.814,8264
0.814,8263
0.814,8262
0.814,8261
0.814,8260
0.814,8259
0.814,8258
0.815,8257
0.815,8256
0.815,8255
0.815,8254
0.815,8253
0.815,8252
0.815,8251
0.815,8250
0.816,8249
0.816,8248
0.816,8247
0.816,8246
0.816,8245
0.816,8244
0.816,8243
0.816,8242
0.816,8241
0.816,8240
0.817,8239
0.817,8238
0.817,8237
0.817,8236
0.817,8235
0.817,8234
0.817,8233
0.817,8232
0.817,8231
0.818,8230
0.818,8229
0.818,8228
0.818,8227
0.818,8226
0.818,8225
0.818,8224
0.819,8223
0.819,8222
0.819,8221
0.819,8220
0.819,8219
0.819,8218
0.82,8217
0.82,8216
0.82,8215
0.82,8214
0.82,8213
0.82,8212
0.82,8211
0.821,8210
0.821,8209
0.821,8208
0.821,8207
0.821,8206
0.822,8205
0.822,8204
0.822,8203
0.822,8202
0.823,8201
0.823,8200
0.823,8199
0.824,8198
0.824,8197
0.824,8196
0.824,8195
0.824,8194
0.824,8193
0.824,8192
0.825,8191
0.825,8190
0.825,8189
0.825,8188
0.825,8187
0.825,8186
0.825,8185
0.826,8184
0.826,8183
0.826,8182
0.826,8181
0.826,8180
0.826,8179
0.826,8178
0.826,8177
0.826,8176
0.826,8175
0.827,8174
0.827,8173
0.827,8172
0.827,8171
0.827,8170
0.827,8169
0.827,8168
0.827,8167
0.827,8166
0.828,8165
0.828,8164
0.828,8163
0.828,8162
0.828,8161
0.828,8160
0.829,8159
0.829,8158
0.829,8157
0.829,8156
0.829,8155
0.829,8154
0.829,8153
0.83,8152
0.83,8151
0.83,8150
0.831,8149
0.831,8148
0.831,8147
0.831,8146
0.831,8145
0.831,8144
0.831,8143
0.831,8142
0.831,8141
0.832,8140
0.832,8139
0.832,8138
0.832,8137
0.832,8136
0.832,8135
0.832,8134
0.833,8133
0.833,8132
0.833,8131
0.833,8130
0.834,8129
0.834,8128
0.834,8127
0.834,8126
0.834,8125
0.834,8124
0.834,8123
0.834,8122
0.834,8121
0.834,8120
0.835,8119
0.835,8118
0.835,8117
0.835,8116
0.835,8115
0.835,8114
0.835,8113
0.836,8112
0.836,8111
0.836,8110
0.836,8109
0.836,8108
0.836,8107
0.837,8106
0.837,8105
0.837,8104
0.837,8103
0.837,8102
0.837,8101
0.837,8100
0.838,8099
0.838,8098
0.838,8097
0.838,8096
0.838,8095
0.838,8094
0.838,8093
0.838,8092
0.838,8091
0.839,8090
0.839,8089
0.839,8088
0.839,8087
0.839,8086
0.839,8085
0.839,8084
0.839,8083
0.839,8082
0.839,8081
0.839,8080
0.84,8079
0.84,8078
0.84,8077
0.84,8076
0.84,8075
0.84,8074
0.84,8073
0.84,8072
0.841,8071
0.841,8070
0.841,8069
0.841,8068
0.841,8067
0.841,8066
0.841,8065
0.841,8064
0.841,8063
0.842,8062
0.842,8061
0.842,8060
0.842,8059
0.843,8058
0.843,8057
0.843,8056
0.843,8055
0.843,8054
0.843,8053
0.843,8052
0.844,8051
0.844,8050
0.844,8049
0.844,8048
0.844,8047
0.844,8046
0.844,8045
0.844,8044
0.845,8043
0.845,8042
0.845,8041
0.845,8040
0.845,8039
0.845,8038
0.845,8037
0.845,8036
0.845,8035
0.845,8034
0.845,8033
0.845,8032
0.846,8031
0.846,8030
0.846,8029
0.846,8028
0.846,8027
0.846,8026
0.846,8025
0.846,8024
0.846,8023
0.847,8022
0.847,8021
0.847,8020
0.847,8019
0.847,8018
0.847,8017
0.847,8016
0.848,8015
0.848,8014
0.848,8013
0.848,8012
0.848,8011
0.848,8010
0.849,8009
0.849,8008
0.849,8007
0.849,8006
0.849,8005
0.849,8004
0.85,8003
0.85,8002
0.85,8001
0.85,8000
0.85,7999
0.85,7998
0.85,7997
0.85,7996
0.851,7995
0.851,7994
0.851,7993
0.851,7992
0.852,7991
0.852,7990
0.852,7989
0.852,7988
0.853,7987
0.853,7986
0.853,7985
0.854,7984
0.854,7983
0.854,7982
0.854,7981
0.854,7980
0.854,7979
0.854,7978
0.854,7977
0.855,7976
0.855,7975
0.855,7974
0.855,7973
0.855,7972
0.855,7971
0.855,7970
0.855,7969
0.855,7968
0.855,7967
0.856,7966
0.856,7965
0.856,7964
0.856,7963
0.856,7962
0.856,7961
0.857,7960
0.857,7959
0.858,7958
0.858,7957
0.858,7956
0.858,7955
0.858,7954
0.859,7953
0.859,7952
0.859,7951
0.859,7950
0.859,7949
0.859,7948
0.859,7947
0.86,7946
0.86,7945
0.86,7944
0.86,7943
0.86,7942
0.86,7941
0.861,7940
0.861,7939
0.861,7938
0.861,7937
0.861,7936
0.861,7935
0.862,7934
0.862,7933
0.862,7932
0.862,7931
0.862,7930
0.863,7929
0.863,7928
0.863,7927
0.863,7926
0.864,7925
0.864,7924
0.864,7923
0.864,7922
0.864,7921
0.864,7920
0.865,7919
0.865,7918
0.865,7917
0.865,7916
0.865,7915
0.865,7914
0.866,7913
0.866,7912
0.866,7911
0.866,7910
0.866,7909
0.866,7908
0.867,7907
0.867,7906
0.867,7905
0.867,7904
0.867,7903
0.868,7902
0.868,7901
0.868,7900
0.868,7899
0.868,7898
0.868,7897
0.868,7896
0.868,7895
0.868,7894
0.869,7893
0.869,7892
0.869,7891
0.869,7890
0.869,7889
0.87,7888
0.87,7887
0.87,7886
0.87,7885
0.87,7884
0.87,7883
0.87,7882
0.87,7881
0.87,7880
0.871,7879
0.871,7878
0.871,7877
0.871,7876
0.871,7875
0.872,7874
0.873,7873
0.873,7872
0.873,7871
0.873,7870
0.873,7869
0.873,7868
0.873,7867
0.873,7866
0.874,7865
0.874,7864
0.874,7863
0.874,7862
0.874,7861
0.874,7860
0.874,7859
0.875,7858
0.875,7857
0.875,7856
0.875,7855
0.875,7854
0.875,7853
0.875,7852
0.875,7851
0.875,7850
0.875,7849
0.876,7848
0.876,7847
0.876,7846
0.876,7845
0.876,7844
0.876,7843
0.876,7842
0.876,7841
0.876,7840
0.876,7839
0.877,7838
0.877,7837
0.877,7836
0.878,7835
0.878,7834
0.878,7833
0.878,7832
0.878,7831
0.878,7830
0.878,7829
0.878,7828
0.878,7827
0.878,7826
0.879,7825
0.879,7824
0.879,7823
0.879,7822
0.879,7821
0.88,7820
0.88,7819
0.88,7818
0.88,7817
0.88,7816
0.88,7815
0.88,7814
0.881,7813
0.881,7812
0.881,7811
0.881,7810
0.881,7809
0.881,7808
0.881,7807
0.882,7806
0.882,7805
0.882,7804
0.882,7803
0.882,7802
0.882,7801
0.882,7800
0.883,7799
0.883,7798
0.883,7797
0.883,7796
0.883,7795
0.883,7794
0.883,7793
0.883,7792
0.884,7791
0.884,7790
0.884,7789
0.884,7788
0.884,7787
0.884,7786
0.884,7785
0.884,7784
0.884,7783
0.885,7782
0.885,7781
0.885,7780
0.885,7779
0.885,7778
0.885,7777
0.885,7776
0.885,7775
0.886,7774
0.886,7773
0.886,7772
0.886,7771
0.887,7770
0.887,7769
0.887,7768
0.887,7767
0.887,7766
0.887,7765
0.887,7764
0.887,7763
0.887,7762
0.887,7761
0.887,7760
0.888,7759
0.888,7758
0.888,7757
0.888,7756
0.888,7755
0.889,7754
0.889,7753
0.889,7752
0.889,7751
0.889,7750
0.889,7749
0.889,7748
0.89,7747
0.89,7746
0.89,7745
0.89,7744
0.89,7743
0.89,7742
0.891,7741
0.891,7740
0.891,7739
0.891,7738
0.891,7737
0.891,7736
0.892,7735
0.892,7734
0.892,7733
0.892,7732
0.892,7731
0.892,7730
0.892,7729
0.892,7728
0.892,7727
0.892,7726
0.892,7725
0.893,7724
0.893,7723
0.893,7722
0.893,7721
0.893,7720
0.894,7719
0.894,7718
0.894,7717
0.894,7716
0.894,7715
0.894,7714
0.894,7713
0.894,7712
0.895,7711
0.895,7710
0.895,7709
0.895,7708
0.895,7707
0.895,7706
0.895,7705
0.895,7704
0.896,7703
0.896,7702
0.896,7701
0.896,7700
0.896,7699
0.897,7698
0.897,7697
0.897,7696
0.897,7695
0.897,7694
0.897,7693
0.898,7692
0.898,7691
0.898,7690
0.898,7689
0.898,7688
0.898,7687
0.898,7686
0.898,7685
0.899,7684
0.899,7683
0.899,7682
0.899,7681
0.899,7680
0.9,7679
0.9,7678
0.9,7677
0.9,7676
0.9,7675
0.9,7674
0.9,7673
0.901,7672
0.901,7671
0.901,7670
0.901,7669
0.901,7668
0.901,7667
0.901,7666
0.901,7665
0.901,7664
0.902,7663
0.902,7662
0.902,7661
0.902,7660
0.902,7659
0.902,7658
0.902,7657
0.902,7656
0.903,7655
0.903,7654
0.903,7653
0.903,7652
0.903,7651
0.903,7650
0.903,7649
0.904,7648
0.904,7647
0.904,7646
0.904,7645
0.904,7644
0.904,7643
0.905,7642
0.905,7641
0.905,7640
0.905,7639
0.905,7638
0.905,7637
0.905,7636
0.906,7635
0.906,7634
0.906,7633
0.906,7632
0.906,7631
0.907,7630
0.907,7629
0.907,7628
0.907,7627
0.907,7626
0.907,7625
0.907,7624
0.908,7623
0.908,7622
0.908,7621
0.909,7620
0.909,7619
0.909,7618
0.909,7617
0.909,7616
0.909,7615
0.909,7614
0.91,7613
0.91,7612
0.91,7611
0.91,7610
0.911,7609
0.911,7608
0.911,7607
0.911,7606
0.911,7605
0.911,7604
0.911,7603
0.911,7602
0.912,7601
0.912,7600
0.912,7599
0.912,7598
0.912,7597
0.912,7596
0.912,7595
0.912,7594
0.913,7593
0.913,7592
0.913,7591
0.913,7590
0.913,7589
0.913,7588
0.913,7587
0.913,7586
0.913,7585
0.913,7584
0.913,7583
0.913,7582
0.914,7581
0.914,7580
0.914,7579
0.914,7578
0.914,7577
0.914,7576
0.914,7575
0.914,7574
0.915,7573
0.915,7572
0.915,7571
0.915,7570
0.915,7569
0.915,7568
0.915,7567
0.916,7566
0.916,7565
0.916,7564
0.917,7563
0.917,7562
0.917,7561
0.917,7560
0.917,7559
0.917,7558
0.917,7557
0.917,7556
0.918,7555
0.918,7554
0.918,7553
0.918,7552
0.918,7551
0.918,7550
0.918,7549
0.919,7548
0.919,7547
0.919,7546
0.92,7545
0.92,7544
0.92,7543
0.92,7542
0.92,7541
0.921,7540
0.921,7539
0.921,7538
0.921,7537
0.921,7536
0.921,7535
0.922,7534
0.922,7533
0.922,7532
0.922,7531
0.922,7530
0.922,7529
0.922,7528
0.923,7527
0.923,7526
0.923,7525
0.923,7524
0.923,7523
0.924,7522
0.924,7521
0.924,7520
0.924,7519
0.924,7518
0.924,7517
0.924,7516
0.925,7515
0.925,7514
0.925,7513
0.925,7512
0.925,7511
0.925,7510
0.926,7509
0.926,7508
0.926,7507
0.926,7506
0.927,7505
0.927,7504
0.927,7503
0.927,7502
0.927,7501
0.928,7500
0.928,7499
0.928,7498
0.928,7497
0.928,7496
0.929,7495
0.929,7494
0.929,7493
0.929,7492
0.929,7491
0.929,7490
0.929,7489
0.93,7488
0.93,7487
0.93,7486
0.93,7485
0.93,7484
0.93,7483
0.93,7482
0.93,7481
0.93,7480
0.93,7479
0.931,7478
0.931,7477
0.931,7476
0.931,7475
0.931,7474
0.931,7473
0.931,7472
0.931,7471
0.932,7470
0.932,7469
0.932,7468
0.932,7467
0.932,7466
0.932,7465
0.932,7464
0.933,7463
0.933,7462
0.933,7461
0.933,7460
0.933,7459
0.933,7458
0.933,7457
0.934,7456
0.934,7455
0.934,7454
0.934,7453
0.934,7452
0.934,7451
0.935,7450
0.935,7449
0.935,7448
0.935,7447
0.935,7446
0.935,7445
0.935,7444
0.936,7443
0.936,7442
0.936,7441
0.936,7440
0.936,7439
0.936,7438
0.936,7437
0.936,7436
0.936,7435
0.937,7434
0.937,7433
0.937,7432
0.937,7431
0.937,7430
0.937,7429
0.938,7428
0.938,7427
0.938,7426
0.938,7425
0.939,7424
0.939,7423
0.939,7422
0.94,7421
0.94,7420
0.94,7419
0.94,7418
0.94,7417
0.94,7416
0.94,7415
0.941,7414
0.941,7413
0.941,7412
0.941,7411
0.942,7410
0.942,7409
0.942,7408
0.942,7407
0.942,7406
0.943,7405
0.943,7404
0.943,7403
0.943,7402
0.943,7401
0.943,7400
0.944,7399
0.944,7398
0.944,7397
0.944,7396
0.944,7395
0.944,7394
0.945,7393
0.945,7392
0.945,7391
0.946,7390
0.946,7389
0.946,7388
0.946,7387
0.947,7386
0.947,7385
0.947,7384
0.947,7383
0.947,7382
0.947,7381
0.947,7380
0.948,7379
0.948,7378
0.948,7377
0.948,7376
0.948,7375
0.948,7374
0.949,7373
0.949,7372
0.949,7371
0.949,7370
0.949,7369
0.949,7368
0.95,7367
0.95,7366
0.95,7365
0.95,7364
0.951,7363
0.951,7362
0.951,7361
0.951,7360
0.951,7359
0.951,7358
0.952,7357
0.952,7356
0.952,7355
0.952,7354
0.952,7353
0.952,7352
0.953,7351
0.953,7350
0.953,7349
0.953,7348
0.953,7347
0.953,7346
0.953,7345
0.953,7344
0.954,7343
0.954,7342
0.954,7341
0.954,7340
0.954,7339
0.954,7338
0.954,7337
0.954,7336
0.955,7335
0.955,7334
0.955,7333
0.955,7332
0.955,7331
0.956,7330
0.956,7329
0.956,7328
0.956,7327
0.956,7326
0.956,7325
0.956,7324
0.956,7323
0.956,7322
0.956,7321
0.957,7320
0.957,7319
0.957,7318
0.957,7317
0.957,7316
0.957,7315
0.957,7314
0.958,7313
0.958,7312
0.958,7311
0.958,7310
0.958,7309
0.958,7308
0.959,7307
0.959,7306
0.959,7305
0.959,7304
0.959,7303
0.959,7302
0.959,7301
0.959,7300
0.959,7299
0.959,7298
0.96,7297
0.96,7296
0.96,7295
0.96,7294
0.96,7293
0.96,7292
0.96,7291
0.96,7290
0.961,7289
0.961,7288
0.961,7287
0.961,7286
0.961,7285
0.961,7284
0.962,7283
0.962,7282
0.962,7281
0.962,7280
0.962,7279
0.962,7278
0.963,7277
0.963,7276
0.963,7275
0.963,7274
0.963,7273
0.963,7272
0.963,7271
0.964,7270
0.964,7269
0.964,7268
0.964,7267
0.964,7266
0.964,7265
0.965,7264
0.965,7263
0.965,7262
0.965,7261
0.965,7260
0.965,7259
0.965,7258
0.966,7257
0.966,7256
0.966,7255
0.966,7254
0.966,7253
0.966,7252
0.966,7251
0.966,7250
0.966,7249
0.967,7248
0.967,7247
0.967,7246
0.967,7245
0.967,7244
0.968,7243
0.968,7242
0.968,7241
0.968,7240
0.969,7239
0.969,7238
0.969,7237
0.969,7236
0.97,7235
0.97,7234
0.97,7233
0.97,7232
0.97,7231
0.971,7230
0.971,7229
0.971,7228
0.972,7227
0.972,7226
0.972,7225
0.972,7224
0.972,7223
0.973,7222
0.973,7221
0.973,7220
0.973,7219
0.974,7218
0.974,7217
0.974,7216
0.974,7215
0.975,7214
0.975,7213
0.975,7212
0.975,7211
0.975,7210
0.975,7209
0.975,7208
0.975,7207
0.975,7206
0.975,7205
0.975,7204
0.976,7203
0.976,7202
0.976,7201
0.976,7200
0.976,7199
0.976,7198
0.976,7197
0.976,7196
0.976,7195
0.976,7194
0.977,7193
0.977,7192
0.977,7191
0.977,7190
0.977,7189
0.977,7188
0.978,7187
0.978,7186
0.978,7185
0.978,7184
0.978,7183
0.978,7182
0.978,7181
0.978,7180
0.978,7179
0.978,7178
0.979,7177
0.979,7176
0.979,7175
0.98,7174
0.98,7173
0.98,7172
0.98,7171
0.981,7170
0.981,7169
0.981,7168
0.981,7167
0.981,7166
0.982,7165
0.982,7164
0.982,7163
0.982,7162
0.983,7161
0.983,7160
0.983,7159
0.983,7158
0.983,7157
0.983,7156
0.983,7155
0.984,7154
0.984,7153
0.984,7152
0.984,7151
0.985,7150
0.985,7149
0.985,7148
0.985,7147
0.985,7146
0.985,7145
0.985,7144
0.985,7143
0.986,7142
0.986,7141
0.986,7140
0.986,7139
0.986,7138
0.986,7137
0.986,7136
0.986,7135
0.986,7134
0.987,7133
0.987,7132
0.987,7131
0.987,7130
0.987,7129
0.987,7128
0.987,7127
0.988,7126
0.988,7125
0.988,7124
0.988,7123
0.988,7122
0.988,7121
0.988,7120
0.989,7119
0.989,7118
0.989,7117
0.989,7116
0.989,7115
0.989,7114
0.989,7113
0.989,7112
0.99,7111
0.99,7110
0.99,7109
0.99,7108
0.99,7107
0.99,7106
0.99,7105
0.99,7104
0.99,7103
0.99,7102
0.99,7101
0.991,7100
0.991,7099
0.991,7098
0.991,7097
0.991,7096
0.991,7095
1.0,7094
1.0,7093
1.0,7092
1.0,7091
1.0,7090
1.0,7089
1.001,7088
1.001,7087
1.001,7086
1.001,7085
1.001,7084
1.001,7083
1.002,7082
1.002,7081
1.002,7080
1.002,7079
1.002,7078
1.003,7077
1.003,7076
1.003,7075
1.003,7074
1.003,7073
1.004,7072
1.004,7071
1.005,7070
1.005,7069
1.005,7068
1.005,7067
1.005,7066
1.005,7065
1.005,7064
1.005,7063
1.005,7062
1.006,7061
1.006,7060
1.006,7059
1.006,7058
1.006,7057
1.006,7056
1.006,7055
1.006,7054
1.006,7053
1.006,7052
1.006,7051
1.007,7050
1.007,7049
1.007,7048
1.007,7047
1.007,7046
1.008,7045
1.008,7044
1.008,7043
1.008,7042
1.008,7041
1.008,7040
1.009,7039
1.009,7038
1.009,7037
1.009,7036
1.009,7035
1.009,7034
1.01,7033
1.01,7032
1.01,7031
1.01,7030
1.01,7029
1.01,7028
1.011,7027
1.011,7026
1.011,7025
1.011,7024
1.011,7023
1.011,7022
1.011,7021
1.012,7020
1.012,7019
1.012,7018
1.013,7017
1.013,7016
1.013,7015
1.013,7014
1.013,7013
1.013,7012
1.013,7011
1.014,7010
1.014,7009
1.014,7008
1.014,7007
1.014,7006
1.014,7005
1.014,7004
1.014,7003
1.014,7002
1.015,7001
1.015,7000
1.015,6999
1.015,6998
1.015,6997
1.015,6996
1.016,6995
1.016,6994
1.016,6993
1.016,6992
1.016,6991
1.016,6990
1.016,6989
1.016,6988
1.016,6987
1.016,6986
1.016,6985
1.016,6984
1.017,6983
1.017,6982
1.017,6981
1.017,6980
1.017,6979
1.017,6978
1.017,6977
1.018,6976
1.018,6975
1.018,6974
1.018,6973
1.018,6972
1.018,6971
1.019,6970
1.019,6969
1.019,6968
1.019,6967
1.019,6966
1.019,6965
1.019,6964
1.02,6963
1.02,6962
1.02,6961
1.02,6960
1.02,6959
1.021,6958
1.021,6957
1.021,6956
1.021,6955
1.021,6954
1.021,6953
1.021,6952
1.021,6951
1.021,6950
1.022,6949
1.022,6948
1.022,6947
1.022,6946
1.022,6945
1.022,6944
1.022,6943
1.023,6942
1.023,6941
1.023,6940
1.023,6939
1.023,6938
1.023,6937
1.023,6936
1.023,6935
1.023,6934
1.024,6933
1.024,6932
1.024,6931
1.024,6930
1.025,6929
1.025,6928
1.025,6927
1.025,6926
1.025,6925
1.025,6924
1.026,6923
1.026,6922
1.026,6921
1.026,6920
1.026,6919
1.026,6918
1.026,6917
1.026,6916
1.026,6915
1.027,6914
1.027,6913
1.027,6912
1.027,6911
1.027,6910
1.027,6909
1.027,6908
1.027,6907
1.028,6906
1.028,6905
1.028,6904
1.028,6903
1.028,6902
1.028,6901
1.028,6900
1.028,6899
1.029,6898
1.029,6897
1.029,6896
1.029,6895
1.029,6894
1.029,6893
1.029,6892
1.029,6891
1.029,6890
1.03,6889
1.03,6888
1.03,6887
1.03,6886
1.03,6885
1.03,6884
1.03,6883
1.03,6882
1.03,6881
1.031,6880
1.031,6879
1.031,6878
1.031,6877
1.031,6876
1.031,6875
1.032,6874
1.032,6873
1.032,6872
1.032,6871
1.032,6870
1.032,6869
1.032,6868
1.033,6867
1.033,6866
1.033,6865
1.033,6864
1.033,6863
1.033,6862
1.033,6861
1.033,6860
1.033,6859
1.034,6858
1.034,6857
1.034,6856
1.034,6855
1.034,6854
1.034,6853
1.034,6852
1.034,6851
1.034,6850
1.035,6849
1.035,6848
1.035,6847
1.035,6846
1.035,6845
1.036,6844
1.036,6843
1.036,6842
1.036,6841
1.036,6840
1.037,6839
1.037,6838
1.037,6837
1.037,6836
1.037,6835
1.037,6834
1.037,6833
1.037,6832
1.037,6831
1.038,6830
1.038,6829
1.038,6828
1.038,6827
1.038,6826
1.039,6825
1.039,6824
1.039,6823
1.039,6822
1.039,6821
1.039,6820
1.039,6819
1.039,6818
1.04,6817
1.04,6816
1.04,6815
1.04,6814
1.04,6813
1.04,6812
1.041,6811
1.041,6810
1.041,6809
1.041,6808
1.041,6807
1.041,6806
1.041,6805
1.043,6804
1.043,6803
1.043,6802
1.043,6801
1.043,6800
1.043,6799
1.044,6798
1.044,6797
1.044,6796
1.044,6795
1.044,6794
1.045,6793
1.045,6792
1.045,6791
1.045,6790
1.045,6789
1.046,6788
1.046,6787
1.046,6786
1.046,6785
1.046,6784
1.047,6783
1.047,6782
1.047,6781
1.048,6780
1.048,6779
1.048,6778
1.049,6777
1.049,6776
1.049,6775
1.049,6774
1.049,6773
1.049,6772
1.05,6771
1.05,6770
1.05,6769
1.05,6768
1.05,6767
1.05,6766
1.05,6765
1.05,6764
1.051,6763
1.051,6762
1.051,6761
1.051,6760
1.051,6759
1.051,6758
1.052,6757
1.052,6756
1.052,6755
1.052,6754
1.052,6753
1.052,6752
1.052,6751
1.053,6750
1.053,6749
1.053,6748
1.053,6747
1.053,6746
1.053,6745
1.054,6744
1.054,6743
1.054,6742
1.054,6741
1.054,6740
1.054,6739
1.055,6738
1.055,6737
1.055,6736
1.055,6735
1.055,6734
1.056,6733
1.056,6732
1.056,6731
1.056,6730
1.056,6729
1.056,6728
1.056,6727
1.057,6726
1.057,6725
1.057,6724
1.057,6723
1.057,6722
1.057,6721
1.058,6720
1.058,6719
1.058,6718
1.058,6717
1.058,6716
1.059,6715
1.059,6714
1.059,6713
1.059,6712
1.059,6711
1.059,6710
1.059,6709
1.059,6708
1.059,6707
1.06,6706
1.06,6705
1.06,6704
1.06,6703
1.06,6702
1.06,6701
1.06,6700
1.06,6699
1.06,6698
1.06,6697
1.061,6696
1.061,6695
1.061,6694
1.061,6693
1.061,6692
1.061,6691
1.062,6690
1.062,6689
1.062,6688
1.062,6687
1.062,6686
1.062,6685
1.063,6684
1.063,6683
1.063,6682
1.063,6681
1.063,6680
1.063,6679
1.063,6678
1.063,6677
1.064,6676
1.064,6675
1.064,6674
1.064,6673
1.064,6672
1.064,6671
1.065,6670
1.065,6669
1.065,6668
1.065,6667
1.065,6666
1.066,6665
1.066,6664
1.066,6663
1.066,6662
1.066,6661
1.067,6660
1.068,6659
1.068,6658
1.068,6657
1.068,6656
1.068,6655
1.068,6654
1.069,6653
1.069,6652
1.069,6651
1.069,6650
1.069,6649
1.069,6648
1.069,6647
1.07,6646
1.07,6645
1.07,6644
1.07,6643
1.07,6642
1.07,6641
1.07,6640
1.07,6639
1.07,6638
1.071,6637
1.071,6636
1.072,6635
1.072,6634
1.072,6633
1.072,6632
1.073,6631
1.073,6630
1.073,6629
1.073,6628
1.073,6627
1.073,6626
1.074,6625
1.074,6624
1.074,6623
1.074,6622
1.074,6621
1.074,6620
1.075,6619
1.075,6618
1.075,6617
1.075,6616
1.075,6615
1.075,6614
1.075,6613
1.076,6612
1.076,6611
1.076,6610
1.076,6609
1.077,6608
1.077,6607
1.077,6606
1.077,6605
1.077,6604
1.077,6603
1.078,6602
1.078,6601
1.079,6600
1.079,6599
1.079,6598
1.079,6597
1.079,6596
1.079,6595
1.08,6594
1.08,6593
1.08,6592
1.08,6591
1.08,6590
1.08,6589
1.08,6588
1.081,6587
1.081,6586
1.081,6585
1.081,6584
1.081,6583
1.081,6582
1.081,6581
1.081,6580
1.082,6579
1.082,6578
1.082,6577
1.082,6576
1.082,6575
1.083,6574
1.083,6573
1.083,6572
1.083,6571
1.083,6570
1.083,6569
1.084,6568
1.084,6567
1.084,6566
1.084,6565
1.085,6564
1.085,6563
1.085,6562
1.085,6561
1.085,6560
1.085,6559
1.086,6558
1.086,6557
1.086,6556
1.087,6555
1.087,6554
1.087,6553
1.087,6552
1.087,6551
1.088,6550
1.088,6549
1.088,6548
1.088,6547
1.089,6546
1.089,6545
1.089,6544
1.09,6543
1.09,6542
1.09,6541
1.09,6540
1.09,6539
1.09,6538
1.09,6537
1.09,6536
1.09,6535
1.091,6534
1.091,6533
1.091,6532
1.091,6531
1.091,6530
1.092,6529
1.092,6528
1.092,6527
1.092,6526
1.092,6525
1.092,6524
1.092,6523
1.092,6522
1.093,6521
1.093,6520
1.093,6519
1.093,6518
1.094,6517
1.094,6516
1.094,6515
1.094,6514
1.094,6513
1.094,6512
1.094,6511
1.095,6510
1.095,6509
1.095,6508
1.095,6507
1.095,6506
1.095,6505
1.095,6504
1.095,6503
1.095,6502
1.096,6501
1.096,6500
1.096,6499
1.096,6498
1.097,6497
1.097,6496
1.097,6495
1.097,6494
1.097,6493
1.097,6492
1.098,6491
1.098,6490
1.098,6489
1.098,6488
1.098,6487
1.098,6486
1.098,6485
1.098,6484
1.099,6483
1.099,6482
1.099,6481
1.099,6480
1.099,6479
1.1,6478
1.1,6477
1.1,6476
1.1,6475
1.1,6474
1.1,6473
1.1,6472
1.1,6471
1.101,6470
1.101,6469
1.101,6468
1.101,6467
1.101,6466
1.102,6465
1.102,6464
1.102,6463
1.102,6462
1.102,6461
1.102,6460
1.102,6459
1.103,6458
1.103,6457
1.103,6456
1.103,6455
1.103,6454
1.103,6453
1.103,6452
1.103,6451
1.103,6450
1.104,6449
1.104,6448
1.104,6447
1.104,6446
1.104,6445
1.104,6444
1.104,6443
1.104,6442
1.105,6441
1.105,6440
1.105,6439
1.105,6438
1.105,6437
1.106,6436
1.106,6435
1.106,6434
1.106,6433
1.106,6432
1.106,6431
1.106,6430
1.107,6429
1.107,6428
1.107,6427
1.107,6426
1.107,6425
1.108,6424
1.108,6423
1.108,6422
1.108,6421
1.108,6420
1.109,6419
1.109,6418
1.109,6417
1.109,6416
1.109,6415
1.109,6414
1.11,6413
1.11,6412
1.11,6411
1.11,6410
1.11,6409
1.111,6408
1.111,6407
1.111,6406
1.111,6405
1.111,6404
1.111,6403
1.112,6402
1.112,6401
1.112,6400
1.112,6399
1.112,6398
1.113,6397
1.113,6396
1.113,6395
1.113,6394
1.113,6393
1.114,6392
1.114,6391
1.114,6390
1.114,6389
1.114,6388
1.114,6387
1.115,6386
1.115,6385
1.115,6384
1.115,6383
1.115,6382
1.115,6381
1.116,6380
1.116,6379
1.116,6378
1.116,6377
1.116,6376
1.116,6375
1.116,6374
1.116,6373
1.117,6372
1.117,6371
1.117,6370
1.117,6369
1.117,6368
1.117,6367
1.118,6366
1.118,6365
1.118,6364
1.118,6363
1.118,6362
1.118,6361
1.119,6360
1.119,6359
1.119,6358
1.119,6357
1.119,6356
1.119,6355
1.12,6354
1.12,6353
1.12,6352
1.12,6351
1.12,6350
1.12,6349
1.121,6348
1.121,6347
1.121,6346
1.121,6345
1.121,6344
1.121,6343
1.121,6342
1.121,6341
1.122,6340
1.122,6339
1.122,6338
1.122,6337
1.122,6336
1.122,6335
1.122,6334
1.122,6333
1.123,6332
1.123,6331
1.123,6330
1.123,6329
1.124,6328
1.124,6327
1.124,6326
1.124,6325
1.124,6324
1.124,6323
1.125,6322
1.125,6321
1.125,6320
1.125,6319
1.125,6318
1.126,6317
1.126,6316
1.126,6315
1.126,6314
1.126,6313
1.127,6312
1.127,6311
1.127,6310
1.127,6309
1.127,6308
1.127,6307
1.127,6306
1.128,6305
1.128,6304
1.128,6303
1.128,6302
1.128,6301
1.129,6300
1.129,6299
1.129,6298
1.129,6297
1.129,6296
1.129,6295
1.129,6294
1.13,6293
1.13,6292
1.13,6291
1.13,6290
1.13,6289
1.13,6288
1.13,6287
1.131,6286
1.132,6285
1.132,6284
1.132,6283
1.132,6282
1.132,6281
1.132,6280
1.132,6279
1.132,6278
1.132,6277
1.132,6276
1.133,6275
1.133,6274
1.133,6273
1.133,6272
1.133,6271
1.133,6270
1.135,6269
1.135,6268
1.136,6267
1.136,6266
1.137,6265
1.137,6264
1.137,6263
1.137,6262
1.138,6261
1.138,6260
1.138,6259
1.138,6258
1.139,6257
1.139,6256
1.139,6255
1.139,6254
1.139,6253
1.139,6252
1.139,6251
1.14,6250
1.14,6249
1.14,6248
1.14,6247
1.141,6246
1.141,6245
1.141,6244
1.141,6243
1.141,6242
1.141,6241
1.141,6240
1.142,6239
1.142,6238
1.142,6237
1.142,6236
1.142,6235
1.142,6234
1.143,6233
1.143,6232
1.143,6231
1.143,6230
1.144,6229
1.144,6228
1.144,6227
1.144,6226
1.145,6225
1.145,6224
1.146,6223
1.146,6222
1.146,6221
1.146,6220
1.147,6219
1.147,6218
1.147,6217
1.147,6216
1.147,6215
1.147,6214
1.148,6213
1.148,6212
1.148,6211
1.148,6210
1.148,6209
1.148,6208
1.149,6207
1.149,6206
1.149,6205
1.149,6204
1.149,6203
1.149,6202
1.149,6201
1.15,6200
1.15,6199
1.15,6198
1.15,6197
1.15,6196
1.15,6195
1.151,6194
1.151,6193
1.151,6192
1.151,6191
1.152,6190
1.152,6189
1.152,6188
1.152,6187
1.153,6186
1.153,6185
1.153,6184
1.154,6183
1.154,6182
1.154,6181
1.154,6180
1.155,6179
1.155,6178
1.156,6177
1.156,6176
1.156,6175
1.156,6174
1.156,6173
1.156,6172
1.156,6171
1.157,6170
1.157,6169
1.157,6168
1.157,6167
1.158,6166
1.158,6165
1.158,6164
1.158,6163
1.158,6162
1.158,6161
1.159,6160
1.159,6159
1.159,6158
1.16,6157
1.16,6156
1.16,6155
1.16,6154
1.161,6153
1.161,6152
1.161,6151
1.161,6150
1.162,6149
1.162,6148
1.162,6147
1.162,6146
1.162,6145
1.162,6144
1.162,6143
1.162,6142
1.163,6141
1.163,6140
1.163,6139
1.163,6138
1.163,6137
1.163,6136
1.163,6135
1.164,6134
1.164,6133
1.164,6132
1.165,6131
1.165,6130
1.165,6129
1.165,6128
1.165,6127
1.165,6126
1.166,6125
1.166,6124
1.166,6123
1.166,6122
1.166,6121
1.166,6120
1.166,6119
1.166,6118
1.167,6117
1.167,6116
1.167,6115
1.167,6114
1.167,6113
1.167,6112
1.168,6111
1.168,6110
1.168,6109
1.168,6108
1.168,6107
1.169,6106
1.169,6105
1.17,6104
1.17,6103
1.17,6102
1.17,6101
1.17,6100
1.17,6099
1.171,6098
1.171,6097
1.171,6096
1.171,6095
1.171,6094
1.171,6093
1.172,6092
1.172,6091
1.172,6090
1.172,6089
1.172,6088
1.172,6087
1.173,6086
1.173,6085
1.173,6084
1.173,6083
1.174,6082
1.174,6081
1.174,6080
1.174,6079
1.174,6078
1.174,6077
1.174,6076
1.175,6075
1.175,6074
1.176,6073
1.176,6072
1.176,6071
1.177,6070
1.177,6069
1.177,6068
1.177,6067
1.178,6066
1.178,6065
1.178,6064
1.178,6063
1.179,6062
1.179,6061
1.179,6060
1.179,6059
1.18,6058
1.18,6057
1.18,6056
1.18,6055
1.181,6054
1.181,6053
1.181,6052
1.182,6051
1.182,6050
1.182,6049
1.183,6048
1.183,6047
1.183,6046
1.184,6045
1.184,6044
1.184,6043
1.184,6042
1.184,6041
1.185,6040
1.185,6039
1.185,6038
1.185,6037
1.186,6036
1.186,6035
1.186,6034
1.186,6033
1.186,6032
1.186,6031
1.187,6030
1.187,6029
1.187,6028
1.187,6027
1.187,6026
1.187,6025
1.187,6024
1.188,6023
1.188,6022
1.188,6021
1.189,6020
1.189,6019
1.189,6018
1.189,6017
1.189,6016
1.19,6015
1.19,6014
1.19,6013
1.19,6012
1.191,6011
1.191,6010
1.191,6009
1.191,6008
1.192,6007
1.192,6006
1.192,6005
1.192,6004
1.192,6003
1.193,6002
1.193,6001
1.194,6000
1.194,5999
1.194,5998
1.194,5997
1.195,5996
1.195,5995
1.196,5994
1.196,5993
1.196,5992
1.196,5991
1.197,5990
1.197,5989
1.197,5988
1.197,5987
1.197,5986
1.198,5985
1.198,5984
1.198,5983
1.198,5982
1.198,5981
1.199,5980
1.199,5979
1.199,5978
1.199,5977
1.2,5976
1.2,5975
1.2,5974
1.2,5973
1.2,5972
1.2,5971
1.2,5970
1.201,5969
1.201,5968
1.201,5967
1.201,5966
1.201,5965
1.202,5964
1.202,5963
1.203,5962
1.203,5961
1.203,5960
1.203,5959
1.204,5958
1.204,5957
1.204,5956
1.205,5955
1.205,5954
1.205,5953
1.206,5952
1.206,5951
1.206,5950
1.206,5949
1.207,5948
1.207,5947
1.207,5946
1.208,5945
1.208,5944
1.208,5943
1.208,5942
1.208,5941
1.208,5940
1.209,5939
1.209,5938
1.209,5937
1.21,5936
1.21,5935
1.21,5934
1.21,5933
1.21,5932
1.21,5931
1.211,5930
1.211,5929
1.211,5928
1.211,5927
1.211,5926
1.211,5925
1.212,5924
1.212,5923
1.212,5922
1.213,5921
1.213,5920
1.213,5919
1.213,5918
1.214,5917
1.214,5916
1.215,5915
1.215,5914
1.215,5913
1.215,5912
1.215,5911
1.216,5910
1.217,5909
1.217,5908
1.217,5907
1.218,5906
1.218,5905
1.218,5904
1.219,5903
1.219,5902
1.219,5901
1.22,5900
1.22,5899
1.22,5898
1.221,5897
1.221,5896
1.221,5895
1.221,5894
1.221,5893
1.221,5892
1.222,5891
1.222,5890
1.222,5889
1.222,5888
1.223,5887
1.223,5886
1.223,5885
1.224,5884
1.224,5883
1.224,5882
1.225,5881
1.225,5880
1.225,5879
1.225,5878
1.225,5877
1.226,5876
1.226,5875
1.227,5874
1.227,5873
1.227,5872
1.228,5871
1.229,5870
1.229,5869
1.229,5868
1.23,5867
1.23,5866
1.23,5865
1.231,5864
1.231,5863
1.231,5862
1.231,5861
1.232,5860
1.232,5859
1.233,5858
1.234,5857
1.235,5856
1.235,5855
1.235,5854
1.235,5853
1.236,5852
1.236,5851
1.236,5850
1.236,5849
1.237,5848
1.238,5847
1.238,5846
1.238,5845
1.238,5844
1.239,5843
1.239,5842
1.24,5841
1.24,5840
1.24,5839
1.241,5838
1.241,5837
1.241,5836
1.241,5835
1.241,5834
1.242,5833
1.242,5832
1.242,5831
1.242,5830
1.243,5829
1.243,5828
1.244,5827
1.244,5826
1.244,5825
1.244,5824
1.244,5823
1.245,5822
1.245,5821
1.245,5820
1.245,5819
1.246,5818
1.246,5817
1.246,5816
1.247,5815
1.247,5814
1.248,5813
1.248,5812
1.248,5811
1.248,5810
1.248,5809
1.249,5808
1.249,5807
1.25,5806
1.25,5805
1.251,5804
1.251,5803
1.252,5802
1.252,5801
1.252,5800
1.252,5799
1.253,5798
1.253,5797
1.254,5796
1.255,5795
1.256,5794
1.256,5793
1.256,5792
1.256,5791
1.256,5790
1.256,5789
1.256,5788
1.257,5787
1.257,5786
1.257,5785
1.258,5784
1.258,5783
1.259,5782
1.26,5781
1.26,5780
1.26,5779
1.261,5778
1.261,5777
1.261,5776
1.262,5775
1.262,5774
1.263,5773
1.263,5772
1.263,5771
1.263,5770
1.264,5769
1.264,5768
1.264,5767
1.265,5766
1.265,5765
1.266,5764
1.266,5763
1.267,5762
1.267,5761
1.267,5760
1.267,5759
1.268,5758
1.268,5757
1.268,5756
1.268,5755
1.269,5754
1.269,5753
1.269,5752
1.27,5751
1.27,5750
1.27,5749
1.271,5748
1.271,5747
1.272,5746
1.272,5745
1.272,5744
1.274,5743
1.274,5742
1.274,5741
1.274,5740
1.275,5739
1.275,5738
1.275,5737
1.276,5736
1.276,5735
1.276,5734
1.276,5733
1.277,5732
1.277,5731
1.277,5730
1.278,5729
1.278,5728
1.278,5727
1.278,5726
1.279,5725
1.279,5724
1.279,5723
1.279,5722
1.279,5721
1.28,5720
1.28,5719
1.28,5718
1.28,5717
1.281,5716
1.281,5715
1.281,5714
1.282,5713
1.282,5712
1.283,5711
1.283,5710
1.284,5709
1.285,5708
1.285,5707
1.285,5706
1.285,5705
1.286,5704
1.286,5703
1.286,5702
1.286,5701
1.287,5700
1.287,5699
1.287,5698
1.287,5697
1.288,5696
1.288,5695
1.288,5694
1.289,5693
1.289,5692
1.29,5691
1.29,5690
1.29,5689
1.291,5688
1.291,5687
1.291,5686
1.292,5685
1.292,5684
1.293,5683
1.293,5682
1.293,5681
1.293,5680
1.293,5679
1.294,5678
1.294,5677
1.295,5676
1.295,5675
1.295,5674
1.296,5673
1.296,5672
1.297,5671
1.297,5670
1.297,5669
1.297,5668
1.298,5667
1.298,5666
1.299,5665
1.3,5664
1.3,5663
1.3,5662
1.3,5661
1.301,5660
1.301,5659
1.301,5658
1.301,5657
1.301,5656
1.302,5655
1.303,5654
1.305,5653
1.305,5652
1.305,5651
1.305,5650
1.305,5649
1.305,5648
1.305,5647
1.306,5646
1.306,5645
1.306,5644
1.307,5643
1.307,5642
1.308,5641
1.308,5640
1.308,5639
1.309,5638
1.309,5637
1.31,5636
1.31,5635
1.31,5634
1.311,5633
1.311,5632
1.311,5631
1.311,5630
1.312,5629
1.314,5628
1.314,5627
1.315,5626
1.315,5625
1.316,5624
1.316,5623
1.316,5622
1.317,5621
1.317,5620
1.317,5619
1.317,5618
1.318,5617
1.318,5616
1.319,5615
1.319,5614
1.32,5613
1.32,5612
1.32,5611
1.32,5610
1.32,5609
1.321,5608
1.321,5607
1.322,5606
1.322,5605
1.322,5604
1.323,5603
1.323,5602
1.324,5601
1.324,5600
1.324,5599
1.324,5598
1.324,5597
1.325,5596
1.325,5595
1.325,5594
1.325,5593
1.326,5592
1.326,5591
1.327,5590
1.328,5589
1.329,5588
1.331,5587
1.331,5586
1.333,5585
1.333,5584
1.333,5583
1.334,5582
1.334,5581
1.334,5580
1.335,5579
1.335,5578
1.337,5577
1.338,5576
1.338,5575
1.338,5574
1.338,5573
1.338,5572
1.338,5571
1.339,5570
1.339,5569
1.34,5568
1.34,5567
1.34,5566
1.341,5565
1.341,5564
1.342,5563
1.342,5562
1.342,5561
1.344,5560
1.344,5559
1.345,5558
1.345,5557
1.346,5556
1.346,5555
1.347,5554
1.347,5553
1.348,5552
1.348,5551
1.348,5550
1.348,5549
1.353,5548
1.354,5547
1.354,5546
1.355,5545
1.355,5544
1.355,5543
1.355,5542
1.356,5541
1.356,5540
1.357,5539
1.357,5538
1.358,5537
1.358,5536
1.358,5535
1.358,5534
1.359,5533
1.359,5532
1.36,5531
1.36,5530
1.36,5529
1.361,5528
1.361,5527
1.361,5526
1.362,5525
1.363,5524
1.364,5523
1.364,5522
1.364,5521
1.365,5520
1.366,5519
1.366,5518
1.367,5517
1.367,5516
1.368,5515
1.368,5514
1.368,5513
1.369,5512
1.369,5511
1.37,5510
1.37,5509
1.371,5508
1.371,5507
1.372,5506
1.373,5505
1.375,5504
1.375,5503
1.376,5502
1.376,5501
1.376,5500
1.376,5499
1.377,5498
1.377,5497
1.378,5496
1.378,5495
1.378,5494
1.378,5493
1.378,5492
1.379,5491
1.379,5490
1.379,5489
1.379,5488
1.379,5487
1.38,5486
1.38,5485
1.381,5484
1.381,5483
1.383,5482
1.385,5481
1.385,5480
1.385,5479
1.386,5478
1.386,5477
1.387,5476
1.387,5475
1.387,5474
1.388,5473
1.388,5472
1.388,5471
1.389,5470
1.39,5469
1.391,5468
1.391,5467
1.391,5466
1.392,5465
1.392,5464
1.392,5463
1.392,5462
1.394,5461
1.395,5460
1.396,5459
1.397,5458
1.397,5457
1.397,5456
1.397,5455
1.398,5454
1.398,5453
1.399,5452
1.399,5451
1.4,5450
1.401,5449
1.401,5448
1.401,5447
1.404,5446
1.404,5445
1.405,5444
1.405,5443
1.406,5442
1.415,5441
1.415,5440
1.416,5439
1.416,5438
1.417,5437
1.417,5436
1.418,5435
1.418,5434
1.419,5433
1.419,5432
1.419,5431
1.42,5430
1.42,5429
1.421,5428
1.421,5427
1.422,5426
1.422,5425
1.423,5424
1.423,5423
1.424,5422
1.424,5421
1.425,5420
1.425,5419
1.426,5418
1.426,5417
1.426,5416
1.426,5415
1.427,5414
1.427,5413
1.428,5412
1.428,5411
1.428,5410
1.429,5409
1.429,5408
1.43,5407
1.431,5406
1.431,5405
1.431,5404
1.432,5403
1.434,5402
1.436,5401
1.436,5400
1.436,5399
1.437,5398
1.437,5397
1.439,5396
1.44,5395
1.441,5394
1.441,5393
1.442,5392
1.442,5391
1.442,5390
1.443,5389
1.443,5388
1.443,5387
1.444,5386
1.444,5385
1.445,5384
1.445,5383
1.445,5382
1.445,5381
1.447,5380
1.447,5379
1.447,5378
1.448,5377
1.449,5376
1.449,5375
1.449,5374
1.45,5373
1.45,5372
1.451,5371
1.451,5370
1.452,5369
1.453,5368
1.455,5367
1.456,5366
1.456,5365
1.456,5364
1.458,5363
1.459,5362
1.459,5361
1.46,5360
1.46,5359
1.461,5358
1.461,5357
1.462,5356
1.462,5355
1.462,5354
1.462,5353
1.463,5352
1.463,5351
1.463,5350
1.464,5349
1.464,5348
1.465,5347
1.467,5346
1.469,5345
1.47,5344
1.471,5343
1.471,5342
1.471,5341
1.472,5340
1.472,5339
1.473,5338
1.474,5337
1.474,5336
1.474,5335
1.478,5334
1.478,5333
1.479,5332
1.479,5331
1.481,5330
1.481,5329
1.482,5328
1.482,5327
1.483,5326
1.483,5325
1.484,5324
1.484,5323
1.485,5322
1.485,5321
1.486,5320
1.487,5319
1.49,5318
1.491,5317
1.492,5316
1.493,5315
1.494,5314
1.495,5313
1.495,5312
1.495,5311
1.496,5310
1.497,5309
1.497,5308
1.498,5307
1.498,5306
1.498,5305
1.499,5304
1.499,5303
1.499,5302
1.5,5301
1.501,5300
1.501,5299
1.503,5298
1.504,5297
1.505,5296
1.506,5295
1.509,5294
1.509,5293
1.51,5292
1.51,5291
1.51,5290
1.511,5289
1.512,5288
1.512,5287
1.514,5286
1.514,5285
1.515,5284
1.518,5283
1.518,5282
1.519,5281
1.52,5280
1.521,5279
1.521,5278
1.523,5277
1.523,5276
1.524,5275
1.525,5274
1.525,5273
1.526,5272
1.526,5271
1.526,5270
1.529,5269
1.529,5268
1.531,5267
1.531,5266
1.531,5265
1.533,5264
1.533,5263
1.534,5262
1.535,5261
1.538,5260
1.541,5259
1.543,5258
1.543,5257
1.544,5256
1.545,5255
1.546,5254
1.547,5253
1.548,5252
1.548,5251
1.548,5250
1.55,5249
1.551,5248
1.552,5247
1.553,5246
1.554,5245
1.554,5244
1.556,5243
1.557,5242
1.557,5241
1.56,5240
1.56,5239
1.561,5238
1.563,5237
1.563,5236
1.563,5235
1.564,5234
1.564,5233
1.567,5232
1.569,5231
1.571,5230
1.573,5229
1.575,5228
1.576,5227
1.577,5226
1.578,5225
1.578,5224
1.579,5223
1.58,5222
1.584,5221
1.586,5220
1.589,5219
1.59,5218
1.593,5217
1.593,5216
1.595,5215
1.597,5214
1.597,5213
1.599,5212
1.603,5211
1.617,5210
1.618,5209
1.618,5208
1.62,5207
1.622,5206
1.627,5205
1.631,5204
1.637,5203
1.637,5202
1.637,5201
1.639,5200
1.644,5199
1.645,5198
1.648,5197
1.649,5196
1.65,5195
1.653,5194
1.654,5193
1.654,5192
1.656,5191
1.658,5190
1.659,5189
1.659,5188
1.66,5187
1.661,5186
1.662,5185
1.669,5184
1.67,5183
1.674,5182
1.675,5181
1.677,5180
1.678,5179
1.68,5178
1.689,5177
1.69,5176
1.698,5175
1.7,5174
1.711,5173
1.712,5172
1.715,5171
1.73,5170
1.732,5169
1.751,5168
1.752,5167
1.758,5166
1.771,5165
1.776,5164
1.784,5163
1.788,5162
1.8,5161
1.801,5160
1.803,5159
1.811,5158
1.84,5157
1.866,5156
1.952,5155
1.977,5154
1.997,5153
2.002,5152
2.046,5151
2.065,5150
2.196,5149
