0.002,8636
0.007,8635
0.007,8634
0.008,8633
0.009,8632
0.009,8631
0.011,8630
0.012,8629
0.013,8628
0.014,8627
0.014,8626
0.014,8625
0.014,8624
0.014,8623
0.015,8622
0.015,8621
0.015,8620
0.015,8619
0.015,8618
0.015,8617
0.015,8616
0.016,8615
0.016,8614
0.016,8613
0.016,8612
0.016,8611
0.016,8610
0.016,8609
0.017,8608
0.017,8607
0.017,8606
0.017,8605
0.017,8604
0.017,8603
0.017,8602
0.017,8601
0.018,8600
0.018,8599
0.018,8598
0.018,8597
0.018,8596
0.019,8595
0.019,8594
0.019,8593
0.019,8592
0.019,8591
0.019,8590
0.02,8589
0.02,8588
0.02,8587
0.02,8586
0.02,8585
0.02,8584
0.02,8583
0.021,8582
0.021,8581
0.021,8580
0.021,8579
0.021,8578
0.021,8577
0.021,8576
0.021,8575
0.022,8574
0.022,8573
0.022,8572
0.022,8571
0.022,8570
0.022,8569
0.023,8568
0.023,8567
0.023,8566
0.023,8565
0.023,8564
0.023,8563
0.024,8562
0.024,8561
0.024,8560
0.024,8559
0.024,8558
0.024,8557
0.025,8556
0.025,8555
0.025,8554
0.025,8553
0.025,8552
0.026,8551
0.026,8550
0.026,8549
0.026,8548
0.026,8547
0.028,8546
0.028,8545
0.028,8544
0.028,8543
0.029,8542
0.029,8541
0.029,8540
0.03,8539
0.03,8538
0.03,8537
0.03,8536
0.031,8535
0.031,8534
0.032,8533
0.032,8532
0.032,8531
0.032,8530
0.033,8529
0.033,8528
0.033,8527
0.033,8526
0.045,8525
0.045,8524
0.046,8523
0.046,8522
0.046,8521
0.046,8520
0.046,8519
0.046,8518
0.046,8517
0.047,8516
0.047,8515
0.047,8514
0.047,8513
0.048,8512
0.048,8511
0.048,8510
0.048,8509
0.048,8508
0.048,8507
0.048,8506
0.048,8505
0.049,8504
0.049,8503
0.049,8502
0.049,8501
0.049,8500
0.049,8499
0.049,8498
0.049,8497
0.049,8496
0.05,8495
0.05,8494
0.05,8493
0.05,8492
0.05,8491
0.05,8490
0.05,8489
0.051,8488
0.051,8487
0.051,8486
0.051,8485
0.051,8484
0.051,8483
0.051,8482
0.052,8481
0.052,8480
0.052,8479
0.052,8478
0.052,8477
0.052,8476
0.052,8475
0.053,8474
0.053,8473
0.053,8472
0.053,8471
0.053,8470
0.053,8469
0.053,8468
0.053,8467
0.054,8466
0.054,8465
0.054,8464
0.054,8463
0.054,8462
0.054,8461
0.054,8460
0.054,8459
0.055,8458
0.055,8457
0.055,8456
0.055,8455
0.055,8454
0.055,8453
0.055,8452
0.056,8451
0.056,8450
0.056,8449
0.056,8448
0.056,8447
0.057,8446
0.057,8445
0.057,8444
0.057,8443
0.058,8442
0.058,8441
0.058,8440
0.058,8439
0.058,8438
0.058,8437
0.058,8436
0.059,8435
0.059,8434
0.059,8433
0.059,8432
0.059,8431
0.059,8430
0.059,8429
0.059,8428
0.06,8427
0.06,8426
0.06,8425
0.06,8424
0.06,8423
0.06,8422
0.06,8421
0.06,8420
0.06,8419
0.061,8418
0.061,8417
0.061,8416
0.061,8415
0.061,8414
0.061,8413
0.061,8412
0.061,8411
0.062,8410
0.062,8409
0.062,8408
0.062,8407
0.062,8406
0.062,8405
0.062,8404
0.062,8403
0.062,8402
0.062,8401
0.063,8400
0.063,8399
0.063,8398
0.063,8397
0.063,8396
0.063,8395
0.063,8394
0.063,8393
0.064,8392
0.064,8391
0.064,8390
0.064,8389
0.064,8388
0.065,8387
0.065,8386
0.065,8385
0.065,8384
0.065,8383
0.066,8382
0.069,8381
0.069,8380
0.069,8379
0.069,8378
0.069,8377
0.07,8376
0.07,8375
0.07,8374
0.07,8373
0.07,8372
0.07,8371
0.07,8370
0.07,8369
0.071,8368
0.071,8367
0.071,8366
0.071,8365
0.071,8364
0.071,8363
0.071,8362
0.072,8361
0.072,8360
0.072,8359
0.072,8358
0.072,8357
0.072,8356
0.072,8355
0.072,8354
0.072,8353
0.073,8352
0.073,8351
0.073,8350
0.073,8349
0.073,8348
0.073,8347
0.073,8346
0.073,8345
0.074,8344
0.074,8343
0.074,8342
0.074,8341
0.074,8340
0.074,8339
0.075,8338
0.075,8337
0.075,8336
0.075,8335
0.076,8334
0.076,8333
0.076,8332
0.076,8331
0.076,8330
0.077,8329
0.077,8328
0.077,8327
0.077,8326
0.077,8325
0.077,8324
0.077,8323
0.078,8322
0.078,8321
0.078,8320
0.078,8319
0.078,8318
0.079,8317
0.079,8316
0.079,8315
0.079,8314
0.079,8313
0.079,8312
0.079,8311
0.079,8310
0.079,8309
0.079,8308
0.08,8307
0.08,8306
0.08,8305
0.08,8304
0.08,8303
0.08,8302
0.081,8301
0.081,8300
0.081,8299
0.081,8298
0.081,8297
0.081,8296
0.081,8295
0.082,8294
0.082,8293
0.082,8292
0.082,8291
0.083,8290
0.083,8289
0.083,8288
0.083,8287
0.083,8286
0.083,8285
0.083,8284
0.083,8283
0.083,8282
0.083,8281
0.084,8280
0.084,8279
0.084,8278
0.084,8277
0.084,8276
0.084,8275
0.084,8274
0.085,8273
0.085,8272
0.085,8271
0.085,8270
0.085,8269
0.085,8268
0.086,8267
0.086,8266
0.086,8265
0.086,8264
0.086,8263
0.086,8262
0.087,8261
0.087,8260
0.087,8259
0.087,8258
0.087,8257
0.088,8256
0.088,8255
0.088,8254
0.088,8253
0.088,8252
0.089,8251
0.089,8250
0.089,8249
0.089,8248
0.089,8247
0.089,8246
0.089,8245
0.089,8244
0.09,8243
0.09,8242
0.09,8241
0.09,8240
0.09,8239
0.09,8238
0.091,8237
0.091,8236
0.091,8235
0.091,8234
0.091,8233
0.092,8232
0.092,8231
0.092,8230
0.093,8229
0.093,8228
0.093,8227
0.093,8226
0.094,8225
0.094,8224
0.094,8223
0.094,8222
0.095,8221
0.095,8220
0.095,8219
0.095,8218
0.095,8217
0.095,8216
0.095,8215
0.095,8214
0.096,8213
0.096,8212
0.096,8211
0.096,8210
0.096,8209
0.096,8208
0.096,8207
0.097,8206
0.097,8205
0.097,8204
0.097,8203
0.097,8202
0.097,8201
0.098,8200
0.098,8199
0.098,8198
0.098,8197
0.098,8196
0.099,8195
0.099,8194
0.1,8193
0.101,8192
0.101,8191
0.102,8190
0.102,8189
0.103,8188
0.103,8187
0.105,8186
0.105,8185
0.106,8184
0.106,8183
0.114,8182
0.114,8181
0.114,8180
0.114,8179
0.114,8178
0.114,8177
0.115,8176
0.115,8175
0.115,8174
0.116,8173
0.116,8172
0.116,8171
0.116,8170
0.117,8169
0.117,8168
0.117,8167
0.117,8166
0.117,8165
0.118,8164
0.118,8163
0.118,8162
0.118,8161
0.118,8160
0.118,8159
0.118,8158
0.119,8157
0.119,8156
0.119,8155
0.119,8154
0.119,8153
0.119,8152
0.119,8151
0.119,8150
0.12,8149
0.12,8148
0.12,8147
0.12,8146
0.12,8145
0.12,8144
0.12,8143
0.12,8142
0.12,8141
0.121,8140
0.121,8139
0.121,8138
0.121,8137
0.121,8136
0.122,8135
0.122,8134
0.122,8133
0.122,8132
0.122,8131
0.122,8130
0.122,8129
0.122,8128
0.123,8127
0.123,8126
0.123,8125
0.123,8124
0.124,8123
0.124,8122
0.124,8121
0.124,8120
0.124,8119
0.124,8118
0.125,8117
0.125,8116
0.125,8115
0.125,8114
0.125,8113
0.125,8112
0.125,8111
0.126,8110
0.126,8109
0.126,8108
0.126,8107
0.126,8106
0.126,8105
0.126,8104
0.126,8103
0.127,8102
0.127,8101
0.127,8100
0.127,8099
0.128,8098
0.128,8097
0.128,8096
0.128,8095
0.129,8094
0.129,8093
0.129,8092
0.129,8091
0.129,8090
0.129,8089
0.129,8088
0.13,8087
0.13,8086
0.13,8085
0.131,8084
0.131,8083
0.131,8082
0.131,8081
0.132,8080
0.132,8079
0.132,8078
0.132,8077
0.132,8076
0.132,8075
0.132,8074
0.133,8073
0.133,8072
0.134,8071
0.134,8070
0.134,8069
0.135,8068
0.135,8067
0.135,8066
0.135,8065
0.135,8064
0.136,8063
0.136,8062
0.136,8061
0.137,8060
0.137,8059
0.138,8058
0.138,8057
0.139,8056
0.139,8055
0.139,8054
0.139,8053
0.139,8052
0.141,8051
0.142,8050
0.142,8049
0.143,8048
0.143,8047
0.144,8046
0.144,8045
0.144,8044
0.144,8043
0.144,8042
0.145,8041
0.145,8040
0.145,8039
0.145,8038
0.146,8037
0.146,8036
0.146,8035
0.146,8034
0.146,8033
0.146,8032
0.146,8031
0.147,8030
0.147,8029
0.151,8028
0.151,8027
0.151,8026
0.152,8025
0.152,8024
0.152,8023
0.152,8022
0.152,8021
0.152,8020
0.153,8019
0.153,8018
0.153,8017
0.153,8016
0.153,8015
0.154,8014
0.154,8013
0.154,8012
0.154,8011
0.154,8010
0.155,8009
0.155,8008
0.155,8007
0.155,8006
0.155,8005
0.155,8004
0.155,8003
0.156,8002
0.156,8001
0.156,8000
0.156,7999
0.156,7998
0.157,7997
0.158,7996
0.158,7995
0.159,7994
0.159,7993
0.16,7992
0.16,7991
0.16,7990
0.16,7989
0.161,7988
0.161,7987
0.161,7986
0.161,7985
0.161,7984
0.162,7983
0.162,7982
0.162,7981
0.162,7980
0.162,7979
0.163,7978
0.164,7977
0.164,7976
0.164,7975
0.165,7974
0.165,7973
0.165,7972
0.166,7971
0.166,7970
0.166,7969
0.166,7968
0.166,7967
0.166,7966
0.166,7965
0.167,7964
0.167,7963
0.167,7962
0.168,7961
0.168,7960
0.168,7959
0.169,7958
0.169,7957
0.169,7956
0.169,7955
0.17,7954
0.17,7953
0.171,7952
0.171,7951
0.171,7950
0.171,7949
0.172,7948
0.173,7947
0.173,7946
0.173,7945
0.174,7944
0.175,7943
0.175,7942
0.176,7941
0.176,7940
0.176,7939
0.176,7938
0.176,7937
0.177,7936
0.177,7935
0.177,7934
0.177,7933
0.177,7932
0.177,7931
0.177,7930
0.177,7929
0.177,7928
0.178,7927
0.178,7926
0.179,7925
0.179,7924
0.179,7923
0.179,7922
0.179,7921
0.179,7920
0.18,7919
0.18,7918
0.18,7917
0.18,7916
0.181,7915
0.181,7914
0.181,7913
0.182,7912
0.182,7911
0.183,7910
0.183,7909
0.183,7908
0.184,7907
0.184,7906
0.184,7905
0.185,7904
0.186,7903
0.186,7902
0.186,7901
0.186,7900
0.186,7899
0.187,7898
0.187,7897
0.187,7896
0.187,7895
0.187,7894
0.187,7893
0.187,7892
0.188,7891
0.188,7890
0.188,7889
0.188,7888
0.188,7887
0.188,7886
0.188,7885
0.189,7884
0.189,7883
0.189,7882
0.189,7881
0.189,7880
0.19,7879
0.19,7878
0.19,7877
0.19,7876
0.19,7875
0.191,7874
0.191,7873
0.191,7872
0.192,7871
0.193,7870
0.193,7869
0.193,7868
0.193,7867
0.194,7866
0.194,7865
0.194,7864
0.195,7863
0.195,7862
0.196,7861
0.197,7860
0.197,7859
0.197,7858
0.197,7857
0.197,7856
0.198,7855
0.198,7854
0.198,7853
0.199,7852
0.199,7851
0.199,7850
0.205,7849
0.206,7848
0.206,7847
0.206,7846
0.206,7845
0.208,7844
0.208,7843
0.208,7842
0.209,7841
0.209,7840
0.209,7839
0.21,7838
0.21,7837
0.217,7836
0.218,7835
0.218,7834
0.219,7833
0.219,7832
0.22,7831
0.22,7830
0.22,7829
0.221,7828
0.221,7827
0.222,7826
0.222,7825
0.222,7824
0.223,7823
0.223,7822
0.223,7821
0.223,7820
0.223,7819
0.223,7818
0.224,7817
0.225,7816
0.225,7815
0.225,7814
0.226,7813
0.226,7812
0.226,7811
0.227,7810
0.227,7809
0.227,7808
0.227,7807
0.227,7806
0.228,7805
0.228,7804
0.228,7803
0.229,7802
0.229,7801
0.229,7800
0.23,7799
0.23,7798
0.23,7797
0.23,7796
0.231,7795
0.231,7794
0.231,7793
0.231,7792
0.232,7791
0.232,7790
0.233,7789
0.233,7788
0.233,7787
0.237,7786
0.237,7785
0.238,7784
0.238,7783
0.238,7782
0.239,7781
0.239,7780
0.24,7779
0.24,7778
0.24,7777
0.244,7776
0.244,7775
0.245,7774
0.245,7773
0.246,7772
0.246,7771
0.246,7770
0.247,7769
0.247,7768
0.247,7767
0.248,7766
0.248,7765
0.248,7764
0.248,7763
0.249,7762
0.249,7761
0.249,7760
0.249,7759
0.249,7758
0.25,7757
0.25,7756
0.251,7755
0.251,7754
0.251,7753
0.252,7752
0.253,7751
0.253,7750
0.254,7749
0.254,7748
0.255,7747
0.255,7746
0.256,7745
0.257,7744
0.257,7743
0.257,7742
0.257,7741
0.258,7740
0.259,7739
0.26,7738
0.26,7737
0.26,7736
0.26,7735
0.261,7734
0.263,7733
0.263,7732
0.263,7731
0.263,7730
0.268,7729
0.269,7728
0.271,7727
0.271,7726
0.272,7725
0.273,7724
0.274,7723
0.275,7722
0.275,7721
0.275,7720
0.276,7719
0.276,7718
0.277,7717
0.277,7716
0.277,7715
0.277,7714
0.277,7713
0.278,7712
0.28,7711
0.28,7710
0.28,7709
0.28,7708
0.28,7707
0.28,7706
0.281,7705
0.281,7704
0.281,7703
0.282,7702
0.282,7701
0.283,7700
0.283,7699
0.283,7698
0.284,7697
0.284,7696
0.284,7695
0.284,7694
0.285,7693
0.285,7692
0.285,7691
0.285,7690
0.286,7689
0.287,7688
0.288,7687
0.288,7686
0.289,7685
0.289,7684
0.29,7683
0.29,7682
0.29,7681
0.291,7680
0.291,7679
0.293,7678
0.294,7677
0.294,7676
0.295,7675
0.295,7674
0.295,7673
0.297,7672
0.298,7671
0.298,7670
0.298,7669
0.298,7668
0.304,7667
0.304,7666
0.304,7665
0.305,7664
0.305,7663
0.305,7662
0.305,7661
0.307,7660
0.308,7659
0.309,7658
0.309,7657
0.309,7656
0.31,7655
0.31,7654
0.31,7653
0.312,7652
0.312,7651
0.313,7650
0.314,7649
0.314,7648
0.314,7647
0.315,7646
0.315,7645
0.315,7644
0.316,7643
0.317,7642
0.317,7641
0.318,7640
0.319,7639
0.32,7638
0.322,7637
0.323,7636
0.323,7635
0.326,7634
0.326,7633
0.326,7632
0.327,7631
0.327,7630
0.327,7629
0.328,7628
0.328,7627
0.328,7626
0.328,7625
0.329,7624
0.329,7623
0.329,7622
0.33,7621
0.331,7620
0.332,7619
0.333,7618
0.334,7617
0.334,7616
0.335,7615
0.335,7614
0.337,7613
0.337,7612
0.337,7611
0.338,7610
0.338,7609
0.338,7608
0.338,7607
0.339,7606
0.339,7605
0.34,7604
0.34,7603
0.34,7602
0.341,7601
0.341,7600
0.343,7599
0.343,7598
0.344,7597
0.345,7596
0.346,7595
0.347,7594
0.348,7593
0.349,7592
0.349,7591
0.351,7590
0.351,7589
0.351,7588
0.351,7587
0.351,7586
0.352,7585
0.353,7584
0.358,7583
0.358,7582
0.36,7581
0.361,7580
0.362,7579
0.362,7578
0.362,7577
0.364,7576
0.364,7575
0.366,7574
0.366,7573
0.366,7572
0.368,7571
0.369,7570
0.37,7569
0.37,7568
0.37,7567
0.38,7566
0.381,7565
0.385,7564
0.386,7563
0.389,7562
0.391,7561
0.391,7560
0.394,7559
0.4,7558
0.401,7557
0.401,7556
0.402,7555
0.402,7554
0.407,7553
0.408,7552
0.409,7551
0.41,7550
0.41,7549
0.411,7548
0.412,7547
0.412,7546
0.414,7545
0.415,7544
0.416,7543
0.416,7542
0.417,7541
0.418,7540
0.418,7539
0.419,7538
0.422,7537
0.422,7536
0.423,7535
0.423,7534
0.425,7533
0.426,7532
0.427,7531
0.428,7530
0.429,7529
0.43,7528
0.43,7527
0.43,7526
0.432,7525
0.434,7524
0.435,7523
0.435,7522
0.441,7521
0.443,7520
0.444,7519
0.446,7518
0.447,7517
0.448,7516
0.448,7515
0.448,7514
0.449,7513
0.449,7512
0.449,7511
0.45,7510
0.45,7509
0.452,7508
0.453,7507
0.458,7506
0.459,7505
0.46,7504
0.461,7503
0.461,7502
0.462,7501
0.464,7500
0.467,7499
0.47,7498
0.471,7497
0.471,7496
0.472,7495
0.474,7494
0.475,7493
0.475,7492
0.476,7491
0.476,7490
0.478,7489
0.48,7488
0.481,7487
0.482,7486
0.486,7485
0.491,7484
0.493,7483
0.5,7482
0.5,7481
0.5,7480
0.501,7479
0.505,7478
0.505,7477
0.506,7476
0.507,7475
0.508,7474
0.509,7473
0.51,7472
0.518,7471
0.518,7470
0.521,7469
0.521,7468
0.528,7467
0.529,7466
0.535,7465
0.537,7464
0.537,7463
0.54,7462
0.549,7461
0.549,7460
0.55,7459
0.551,7458
0.554,7457
0.557,7456
0.557,7455
0.559,7454
0.564,7453
0.564,7452
0.581,7451
0.581,7450
0.584,7449
0.585,7448
0.588,7447
0.589,7446
0.59,7445
0.593,7444
0.595,7443
0.597,7442
0.601,7441
0.602,7440
0.604,7439
0.61,7438
0.61,7437
0.615,7436
0.617,7435
0.617,7434
0.62,7433
0.621,7432
0.623,7431
0.626,7430
0.628,7429
0.629,7428
0.629,7427
0.631,7426
0.632,7425
0.634,7424
0.636,7423
0.639,7422
0.639,7421
0.64,7420
0.64,7419
0.64,7418
0.641,7417
0.643,7416
0.648,7415
0.651,7414
0.656,7413
0.657,7412
0.657,7411
0.661,7410
0.662,7409
0.666,7408
0.67,7407
0.674,7406
0.675,7405
0.68,7404
0.682,7403
0.692,7402
0.693,7401
0.697,7400
0.698,7399
0.699,7398
0.7,7397
0.705,7396
0.714,7395
0.715,7394
0.718,7393
0.72,7392
0.72,7391
0.726,7390
0.73,7389
0.737,7388
0.74,7387
0.743,7386
0.744,7385
0.755,7384
0.758,7383
0.759,7382
0.76,7381
0.762,7380
0.763,7379
0.765,7378
0.766,7377
0.767,7376
0.772,7375
0.778,7374
0.78,7373
0.788,7372
0.79,7371
0.796,7370
0.806,7369
0.806,7368
0.838,7367
0.846,7366
0.86,7365
0.883,7364
0.912,7363
0.912,7362
0.926,7361
0.929,7360
0.931,7359
0.945,7358
0.947,7357
0.949,7356
0.98,7355
0.992,7354
1.021,7353
1.022,7352
1.023,7351
1.031,7350
1.043,7349
1.091,7348
1.101,7347
1.116,7346
1.126,7345
1.133,7344
1.196,7343
1.199,7342
1.201,7341
1.241,7340
1.402,7339
1.456,7338
1.46,7337
1.905,7336
