0.002,13440
0.005,13439
0.005,13438
0.006,13437
0.007,13436
0.008,13435
0.009,13434
0.01,13433
0.01,13432
0.011,13431
0.011,13430
0.011,13429
0.011,13428
0.012,13427
0.012,13426
0.012,13425
0.012,13424
0.012,13423
0.013,13422
0.014,13421
0.014,13420
0.015,13419
0.015,13418
0.016,13417
0.016,13416
0.016,13415
0.016,13414
0.017,13413
0.017,13412
0.017,13411
0.017,13410
0.017,13409
0.017,13408
0.017,13407
0.017,13406
0.018,13405
0.018,13404
0.018,13403
0.018,13402
0.018,13401
0.018,13400
0.018,13399
0.019,13398
0.019,13397
0.019,13396
0.019,13395
0.019,13394
0.019,13393
0.02,13392
0.02,13391
0.02,13390
0.02,13389
0.02,13388
0.021,13387
0.021,13386
0.021,13385
0.021,13384
0.021,13383
0.021,13382
0.021,13381
0.022,13380
0.022,13379
0.022,13378
0.022,13377
0.022,13376
0.023,13375
0.023,13374
0.023,13373
0.023,13372
0.023,13371
0.023,13370
0.024,13369
0.024,13368
0.024,13367
0.024,13366
0.024,13365
0.024,13364
0.025,13363
0.025,13362
0.025,13361
0.025,13360
0.025,13359
0.026,13358
0.026,13357
0.026,13356
0.026,13355
0.026,13354
0.026,13353
0.026,13352
0.027,13351
0.027,13350
0.027,13349
0.027,13348
0.027,13347
0.027,13346
0.027,13345
0.027,13344
0.028,13343
0.028,13342
0.028,13341
0.028,13340
0.028,13339
0.029,13338
0.029,13337
0.029,13336
0.029,13335
0.029,13334
0.029,13333
0.032,13332
0.032,13331
0.032,13330
0.032,13329
0.032,13328
0.032,13327
0.032,13326
0.033,13325
0.033,13324
0.033,13323
0.033,13322
0.033,13321
0.033,13320
0.033,13319
0.034,13318
0.034,13317
0.034,13316
0.034,13315
0.035,13314
0.035,13313
0.035,13312
0.035,13311
0.035,13310
0.035,13309
0.035,13308
0.035,13307
0.036,13306
0.036,13305
0.036,13304
0.036,13303
0.036,13302
0.036,13301
0.037,13300
0.037,13299
0.037,13298
0.037,13297
0.037,13296
0.037,13295
0.038,13294
0.039,13293
0.039,13292
0.04,13291
0.04,13290
0.04,13289
0.04,13288
0.04,13287
0.04,13286
0.04,13285
0.041,13284
0.041,13283
0.041,13282
0.041,13281
0.042,13280
0.042,13279
0.042,13278
0.042,13277
0.042,13276
0.042,13275
0.042,13274
0.042,13273
0.042,13272
0.043,13271
0.043,13270
0.043,13269
0.043,13268
0.043,13267
0.043,13266
0.043,13265
0.044,13264
0.044,13263
0.044,13262
0.044,13261
0.044,13260
0.044,13259
0.044,13258
0.044,13257
0.045,13256
0.045,13255
0.045,13254
0.045,13253
0.045,13252
0.045,13251
0.046,13250
0.046,13249
0.046,13248
0.046,13247
0.046,13246
0.046,13245
0.046,13244
0.047,13243
0.047,13242
0.047,13241
0.047,13240
0.047,13239
0.047,13238
0.048,13237
0.048,13236
0.048,13235
0.048,13234
0.049,13233
0.049,13232
0.049,13231
0.049,13230
0.049,13229
0.049,13228
0.049,13227
0.05,13226
0.05,13225
0.05,13224
0.05,13223
0.051,13222
0.051,13221
0.051,13220
0.051,13219
0.051,13218
0.051,13217
0.052,13216
0.052,13215
0.052,13214
0.052,13213
0.052,13212
0.052,13211
0.052,13210
0.052,13209
0.052,13208
0.053,13207
0.053,13206
0.053,13205
0.053,13204
0.053,13203
0.053,13202
0.054,13201
0.054,13200
0.054,13199
0.054,13198
0.054,13197
0.054,13196
0.054,13195
0.055,13194
0.055,13193
0.055,13192
0.055,13191
0.056,13190
0.056,13189
0.066,13188
0.066,13187
0.067,13186
0.07,13185
0.07,13184
0.07,13183
0.07,13182
0.07,13181
0.07,13180
0.07,13179
0.07,13178
0.071,13177
0.071,13176
0.071,13175
0.071,13174
0.071,13173
0.071,13172
0.072,13171
0.072,13170
0.072,13169
0.072,13168
0.072,13167
0.073,13166
0.073,13165
0.073,13164
0.073,13163
0.073,13162
0.073,13161
0.074,13160
0.074,13159
0.074,13158
0.074,13157
0.074,13156
0.074,13155
0.075,13154
0.075,13153
0.075,13152
0.075,13151
0.075,13150
0.075,13149
0.076,13148
0.076,13147
0.076,13146
0.077,13145
0.077,13144
0.077,13143
0.077,13142
0.077,13141
0.077,13140
0.077,13139
0.078,13138
0.078,13137
0.078,13136
0.078,13135
0.079,13134
0.079,13133
0.079,13132
0.079,13131
0.079,13130
0.079,13129
0.079,13128
0.079,13127
0.079,13126
0.079,13125
0.08,13124
0.08,13123
0.08,13122
0.08,13121
0.08,13120
0.081,13119
0.081,13118
0.081,13117
0.081,13116
0.081,13115
0.081,13114
0.081,13113
0.082,13112
0.082,13111
0.082,13110
0.082,13109
0.082,13108
0.082,13107
0.082,13106
0.083,13105
0.083,13104
0.083,13103
0.083,13102
0.083,13101
0.084,13100
0.084,13099
0.084,13098
0.084,13097
0.084,13096
0.084,13095
0.084,13094
0.084,13093
0.084,13092
0.084,13091
0.085,13090
0.085,13089
0.085,13088
0.085,13087
0.085,13086
0.085,13085
0.085,13084
0.085,13083
0.085,13082
0.086,13081
0.086,13080
0.086,13079
0.086,13078
0.086,13077
0.086,13076
0.086,13075
0.086,13074
0.086,13073
0.086,13072
0.087,13071
0.087,13070
0.087,13069
0.087,13068
0.087,13067
0.087,13066
0.087,13065
0.088,13064
0.088,13063
0.088,13062
0.088,13061
0.088,13060
0.088,13059
0.088,13058
0.088,13057
0.088,13056
0.089,13055
0.089,13054
0.089,13053
0.089,13052
0.089,13051
0.089,13050
0.089,13049
0.089,13048
0.09,13047
0.09,13046
0.09,13045
0.09,13044
0.09,13043
0.09,13042
0.09,13041
0.09,13040
0.09,13039
0.09,13038
0.091,13037
0.091,13036
0.091,13035
0.091,13034
0.091,13033
0.091,13032
0.091,13031
0.091,13030
0.092,13029
0.092,13028
0.092,13027
0.092,13026
0.092,13025
0.092,13024
0.092,13023
0.092,13022
0.092,13021
0.093,13020
0.093,13019
0.093,13018
0.093,13017
0.093,13016
0.093,13015
0.093,13014
0.093,13013
0.093,13012
0.094,13011
0.094,13010
0.094,13009
0.094,13008
0.094,13007
0.094,13006
0.094,13005
0.094,13004
0.094,13003
0.094,13002
0.095,13001
0.095,13000
0.095,12999
0.095,12998
0.095,12997
0.095,12996
0.095,12995
0.096,12994
0.096,12993
0.096,12992
0.096,12991
0.096,12990
0.096,12989
0.096,12988
0.096,12987
0.096,12986
0.097,12985
0.097,12984
0.097,12983
0.097,12982
0.097,12981
0.098,12980
0.098,12979
0.098,12978
0.098,12977
0.098,12976
0.098,12975
0.098,12974
0.098,12973
0.098,12972
0.098,12971
0.099,12970
0.099,12969
0.099,12968
0.099,12967
0.099,12966
0.099,12965
0.099,12964
0.099,12963
0.099,12962
0.1,12961
0.1,12960
0.1,12959
0.1,12958
0.101,12957
0.101,12956
0.101,12955
0.101,12954
0.101,12953
0.101,12952
0.101,12951
0.101,12950
0.101,12949
0.101,12948
0.101,12947
0.102,12946
0.102,12945
0.102,12944
0.102,12943
0.102,12942
0.102,12941
0.102,12940
0.102,12939
0.102,12938
0.102,12937
0.103,12936
0.103,12935
0.103,12934
0.103,12933
0.103,12932
0.103,12931
0.103,12930
0.103,12929
0.103,12928
0.104,12927
0.104,12926
0.104,12925
0.104,12924
0.104,12923
0.104,12922
0.104,12921
0.105,12920
0.105,12919
0.105,12918
0.105,12917
0.105,12916
0.105,12915
0.105,12914
0.105,12913
0.105,12912
0.105,12911
0.106,12910
0.106,12909
0.106,12908
0.106,12907
0.106,12906
0.106,12905
0.106,12904
0.106,12903
0.106,12902
0.107,12901
0.107,12900
0.107,12899
0.107,12898
0.107,12897
0.107,12896
0.107,12895
0.107,12894
0.107,12893
0.107,12892
0.108,12891
0.108,12890
0.108,12889
0.108,12888
0.108,12887
0.108,12886
0.109,12885
0.109,12884
0.11,12883
0.11,12882
0.11,12881
0.11,12880
0.11,12879
0.11,12878
0.111,12877
0.111,12876
0.111,12875
0.111,12874
0.111,12873
0.111,12872
0.111,12871
0.111,12870
0.111,12869
0.112,12868
0.112,12867
0.112,12866
0.112,12865
0.112,12864
0.112,12863
0.112,12862
0.113,12861
0.113,12860
0.113,12859
0.113,12858
0.113,12857
0.113,12856
0.113,12855
0.113,12854
0.113,12853
0.114,12852
0.114,12851
0.114,12850
0.114,12849
0.114,12848
0.114,12847
0.114,12846
0.114,12845
0.114,12844
0.114,12843
0.114,12842
0.114,12841
0.114,12840
0.115,12839
0.115,12838
0.115,12837
0.115,12836
0.115,12835
0.115,12834
0.115,12833
0.116,12832
0.116,12831
0.116,12830
0.116,12829
0.116,12828
0.116,12827
0.117,12826
0.117,12825
0.117,12824
0.117,12823
0.117,12822
0.117,12821
0.117,12820
0.117,12819
0.117,12818
0.117,12817
0.118,12816
0.118,12815
0.118,12814
0.118,12813
0.118,12812
0.119,12811
0.119,12810
0.119,12809
0.119,12808
0.119,12807
0.119,12806
0.119,12805
0.119,12804
0.12,12803
0.12,12802
0.12,12801
0.12,12800
0.12,12799
0.12,12798
0.12,12797
0.12,12796
0.12,12795
0.121,12794
0.121,12793
0.121,12792
0.121,12791
0.121,12790
0.121,12789
0.122,12788
0.122,12787
0.122,12786
0.122,12785
0.122,12784
0.122,12783
0.122,12782
0.122,12781
0.123,12780
0.123,12779
0.123,12778
0.123,12777
0.123,12776
0.123,12775
0.123,12774
0.123,12773
0.123,12772
0.124,12771
0.124,12770
0.124,12769
0.124,12768
0.124,12767
0.124,12766
0.124,12765
0.124,12764
0.124,12763
0.125,12762
0.125,12761
0.125,12760
0.125,12759
0.125,12758
0.125,12757
0.125,12756
0.125,12755
0.125,12754
0.125,12753
0.126,12752
0.126,12751
0.126,12750
0.126,12749
0.126,12748
0.126,12747
0.126,12746
0.127,12745
0.127,12744
0.127,12743
0.127,12742
0.127,12741
0.127,12740
0.127,12739
0.127,12738
0.127,12737
0.128,12736
0.128,12735
0.128,12734
0.128,12733
0.129,12732
0.129,12731
0.129,12730
0.129,12729
0.129,12728
0.129,12727
0.129,12726
0.129,12725
0.129,12724
0.129,12723
0.129,12722
0.129,12721
0.13,12720
0.13,12719
0.13,12718
0.13,12717
0.13,12716
0.13,12715
0.13,12714
0.13,12713
0.131,12712
0.131,12711
0.131,12710
0.131,12709
0.131,12708
0.131,12707
0.131,12706
0.131,12705
0.131,12704
0.132,12703
0.132,12702
0.132,12701
0.132,12700
0.132,12699
0.133,12698
0.133,12697
0.133,12696
0.133,12695
0.134,12694
0.134,12693
0.134,12692
0.134,12691
0.135,12690
0.135,12689
0.135,12688
0.136,12687
0.136,12686
0.137,12685
0.137,12684
0.137,12683
0.137,12682
0.137,12681
0.138,12680
0.138,12679
0.138,12678
0.138,12677
0.138,12676
0.138,12675
0.139,12674
0.139,12673
0.139,12672
0.139,12671
0.139,12670
0.139,12669
0.139,12668
0.139,12667
0.14,12666
0.14,12665
0.14,12664
0.14,12663
0.14,12662
0.14,12661
0.14,12660
0.141,12659
0.141,12658
0.141,12657
0.141,12656
0.141,12655
0.141,12654
0.141,12653
0.142,12652
0.142,12651
0.142,12650
0.143,12649
0.143,12648
0.143,12647
0.143,12646
0.143,12645
0.143,12644
0.144,12643
0.144,12642
0.144,12641
0.144,12640
0.144,12639
0.144,12638
0.144,12637
0.144,12636
0.145,12635
0.145,12634
0.145,12633
0.145,12632
0.145,12631
0.145,12630
0.145,12629
0.145,12628
0.146,12627
0.146,12626
0.146,12625
0.146,12624
0.146,12623
0.146,12622
0.146,12621
0.146,12620
0.146,12619
0.146,12618
0.147,12617
0.147,12616
0.147,12615
0.147,12614
0.147,12613
0.147,12612
0.147,12611
0.147,12610
0.148,12609
0.148,12608
0.148,12607
0.148,12606
0.148,12605
0.148,12604
0.148,12603
0.148,12602
0.149,12601
0.149,12600
0.149,12599
0.149,12598
0.149,12597
0.149,12596
0.149,12595
0.15,12594
0.15,12593
0.15,12592
0.15,12591
0.15,12590
0.15,12589
0.15,12588
0.15,12587
0.15,12586
0.15,12585
0.151,12584
0.151,12583
0.151,12582
0.151,12581
0.151,12580
0.151,12579
0.151,12578
0.151,12577
0.151,12576
0.152,12575
0.152,12574
0.152,12573
0.152,12572
0.152,12571
0.152,12570
0.152,12569
0.152,12568
0.152,12567
0.153,12566
0.153,12565
0.153,12564
0.153,12563
0.153,12562
0.153,12561
0.153,12560
0.153,12559
0.153,12558
0.153,12557
0.153,12556
0.153,12555
0.154,12554
0.154,12553
0.154,12552
0.154,12551
0.154,12550
0.155,12549
0.155,12548
0.155,12547
0.155,12546
0.155,12545
0.156,12544
0.156,12543
0.156,12542
0.156,12541
0.156,12540
0.156,12539
0.156,12538
0.156,12537
0.156,12536
0.157,12535
0.157,12534
0.157,12533
0.157,12532
0.157,12531
0.157,12530
0.157,12529
0.157,12528
0.157,12527
0.157,12526
0.157,12525
0.158,12524
0.158,12523
0.158,12522
0.158,12521
0.158,12520
0.158,12519
0.158,12518
0.158,12517
0.158,12516
0.158,12515
0.159,12514
0.159,12513
0.159,12512
0.16,12511
0.16,12510
0.16,12509
0.16,12508
0.16,12507
0.161,12506
0.161,12505
0.161,12504
0.161,12503
0.161,12502
0.161,12501
0.161,12500
0.162,12499
0.162,12498
0.162,12497
0.162,12496
0.162,12495
0.162,12494
0.162,12493
0.163,12492
0.163,12491
0.163,12490
0.163,12489
0.163,12488
0.163,12487
0.164,12486
0.164,12485
0.164,12484
0.164,12483
0.164,12482
0.164,12481
0.165,12480
0.165,12479
0.165,12478
0.165,12477
0.165,12476
0.165,12475
0.166,12474
0.166,12473
0.166,12472
0.166,12471
0.166,12470
0.166,12469
0.167,12468
0.167,12467
0.167,12466
0.167,12465
0.167,12464
0.167,12463
0.167,12462
0.168,12461
0.168,12460
0.168,12459
0.168,12458
0.168,12457
0.168,12456
0.168,12455
0.169,12454
0.169,12453
0.169,12452
0.17,12451
0.17,12450
0.17,12449
0.17,12448
0.17,12447
0.17,12446
0.17,12445
0.171,12444
0.171,12443
0.171,12442
0.171,12441
0.171,12440
0.171,12439
0.171,12438
0.171,12437
0.172,12436
0.172,12435
0.172,12434
0.172,12433
0.172,12432
0.172,12431
0.172,12430
0.173,12429
0.173,12428
0.173,12427
0.173,12426
0.173,12425
0.173,12424
0.174,12423
0.174,12422
0.174,12421
0.174,12420
0.174,12419
0.174,12418
0.174,12417
0.174,12416
0.174,12415
0.175,12414
0.175,12413
0.175,12412
0.175,12411
0.175,12410
0.175,12409
0.175,12408
0.175,12407
0.175,12406
0.176,12405
0.176,12404
0.176,12403
0.176,12402
0.176,12401
0.176,12400
0.176,12399
0.177,12398
0.177,12397
0.177,12396
0.177,12395
0.177,12394
0.177,12393
0.178,12392
0.178,12391
0.178,12390
0.178,12389
0.178,12388
0.178,12387
0.178,12386
0.179,12385
0.179,12384
0.179,12383
0.179,12382
0.179,12381
0.179,12380
0.179,12379
0.179,12378
0.179,12377
0.179,12376
0.179,12375
0.179,12374
0.18,12373
0.18,12372
0.18,12371
0.18,12370
0.18,12369
0.18,12368
0.18,12367
0.181,12366
0.181,12365
0.181,12364
0.181,12363
0.181,12362
0.181,12361
0.181,12360
0.181,12359
0.181,12358
0.181,12357
0.181,12356
0.182,12355
0.182,12354
0.182,12353
0.182,12352
0.182,12351
0.182,12350
0.182,12349
0.182,12348
0.182,12347
0.183,12346
0.183,12345
0.183,12344
0.183,12343
0.183,12342
0.183,12341
0.183,12340
0.184,12339
0.184,12338
0.184,12337
0.184,12336
0.184,12335
0.184,12334
0.184,12333
0.184,12332
0.184,12331
0.184,12330
0.185,12329
0.185,12328
0.185,12327
0.185,12326
0.185,12325
0.185,12324
0.185,12323
0.185,12322
0.185,12321
0.185,12320
0.186,12319
0.186,12318
0.186,12317
0.186,12316
0.186,12315
0.186,12314
0.186,12313
0.186,12312
0.186,12311
0.186,12310
0.186,12309
0.187,12308
0.187,12307
0.187,12306
0.187,12305
0.187,12304
0.187,12303
0.187,12302
0.187,12301
0.188,12300
0.188,12299
0.188,12298
0.188,12297
0.188,12296
0.188,12295
0.188,12294
0.188,12293
0.189,12292
0.189,12291
0.189,12290
0.189,12289
0.189,12288
0.189,12287
0.19,12286
0.19,12285
0.19,12284
0.19,12283
0.19,12282
0.19,12281
0.19,12280
0.19,12279
0.191,12278
0.191,12277
0.191,12276
0.191,12275
0.191,12274
0.191,12273
0.191,12272
0.191,12271
0.192,12270
0.192,12269
0.192,12268
0.192,12267
0.192,12266
0.192,12265
0.192,12264
0.192,12263
0.192,12262
0.193,12261
0.193,12260
0.193,12259
0.193,12258
0.193,12257
0.193,12256
0.193,12255
0.193,12254
0.193,12253
0.193,12252
0.193,12251
0.194,12250
0.194,12249
0.194,12248
0.194,12247
0.194,12246
0.194,12245
0.194,12244
0.194,12243
0.194,12242
0.194,12241
0.195,12240
0.195,12239
0.195,12238
0.195,12237
0.195,12236
0.195,12235
0.195,12234
0.195,12233
0.195,12232
0.195,12231
0.196,12230
0.196,12229
0.196,12228
0.196,12227
0.196,12226
0.196,12225
0.196,12224
0.196,12223
0.196,12222
0.196,12221
0.197,12220
0.197,12219
0.197,12218
0.197,12217
0.197,12216
0.197,12215
0.197,12214
0.197,12213
0.198,12212
0.198,12211
0.198,12210
0.198,12209
0.198,12208
0.198,12207
0.198,12206
0.198,12205
0.198,12204
0.198,12203
0.199,12202
0.199,12201
0.199,12200
0.199,12199
0.199,12198
0.199,12197
0.199,12196
0.199,12195
0.199,12194
0.199,12193
0.2,12192
0.207,12191
0.208,12190
0.208,12189
0.208,12188
0.208,12187
0.208,12186
0.208,12185
0.209,12184
0.209,12183
0.209,12182
0.209,12181
0.209,12180
0.209,12179
0.209,12178
0.209,12177
0.21,12176
0.21,12175
0.21,12174
0.21,12173
0.21,12172
0.21,12171
0.21,12170
0.21,12169
0.211,12168
0.211,12167
0.211,12166
0.212,12165
0.212,12164
0.212,12163
0.212,12162
0.212,12161
0.213,12160
0.213,12159
0.213,12158
0.213,12157
0.214,12156
0.214,12155
0.214,12154
0.214,12153
0.214,12152
0.214,12151
0.214,12150
0.214,12149
0.215,12148
0.215,12147
0.215,12146
0.215,12145
0.215,12144
0.215,12143
0.215,12142
0.216,12141
0.216,12140
0.216,12139
0.216,12138
0.216,12137
0.216,12136
0.216,12135
0.216,12134
0.217,12133
0.217,12132
0.217,12131
0.217,12130
0.217,12129
0.218,12128
0.218,12127
0.218,12126
0.218,12125
0.218,12124
0.218,12123
0.218,12122
0.218,12121
0.219,12120
0.219,12119
0.219,12118
0.219,12117
0.219,12116
0.219,12115
0.219,12114
0.219,12113
0.22,12112
0.22,12111
0.22,12110
0.22,12109
0.221,12108
0.221,12107
0.221,12106
0.221,12105
0.221,12104
0.221,12103
0.222,12102
0.222,12101
0.223,12100
0.223,12099
0.223,12098
0.223,12097
0.224,12096
0.224,12095
0.224,12094
0.224,12093
0.224,12092
0.224,12091
0.224,12090
0.225,12089
0.225,12088
0.225,12087
0.225,12086
0.225,12085
0.225,12084
0.226,12083
0.226,12082
0.226,12081
0.226,12080
0.226,12079
0.226,12078
0.227,12077
0.227,12076
0.227,12075
0.227,12074
0.227,12073
0.227,12072
0.228,12071
0.228,12070
0.228,12069
0.228,12068
0.229,12067
0.229,12066
0.229,12065
0.229,12064
0.23,12063
0.23,12062
0.23,12061
0.23,12060
0.23,12059
0.23,12058
0.231,12057
0.231,12056
0.231,12055
0.231,12054
0.231,12053
0.231,12052
0.231,12051
0.232,12050
0.232,12049
0.232,12048
0.232,12047
0.232,12046
0.232,12045
0.233,12044
0.233,12043
0.233,12042
0.233,12041
0.233,12040
0.233,12039
0.233,12038
0.234,12037
0.234,12036
0.234,12035
0.234,12034
0.234,12033
0.234,12032
0.234,12031
0.235,12030
0.235,12029
0.235,12028
0.235,12027
0.235,12026
0.236,12025
0.236,12024
0.236,12023
0.236,12022
0.236,12021
0.236,12020
0.236,12019
0.236,12018
0.237,12017
0.237,12016
0.237,12015
0.237,12014
0.237,12013
0.237,12012
0.237,12011
0.238,12010
0.238,12009
0.238,12008
0.238,12007
0.238,12006
0.239,12005
0.239,12004
0.239,12003
0.239,12002
0.239,12001
0.24,12000
0.24,11999
0.24,11998
0.24,11997
0.24,11996
0.24,11995
0.24,11994
0.241,11993
0.241,11992
0.241,11991
0.241,11990
0.241,11989
0.241,11988
0.241,11987
0.241,11986
0.241,11985
0.241,11984
0.242,11983
0.242,11982
0.242,11981
0.242,11980
0.242,11979
0.242,11978
0.242,11977
0.242,11976
0.243,11975
0.243,11974
0.243,11973
0.243,11972
0.243,11971
0.243,11970
0.243,11969
0.243,11968
0.243,11967
0.244,11966
0.244,11965
0.244,11964
0.244,11963
0.244,11962
0.244,11961
0.244,11960
0.244,11959
0.244,11958
0.245,11957
0.245,11956
0.245,11955
0.245,11954
0.245,11953
0.246,11952
0.246,11951
0.246,11950
0.246,11949
0.246,11948
0.246,11947
0.247,11946
0.247,11945
0.247,11944
0.247,11943
0.247,11942
0.247,11941
0.247,11940
0.247,11939
0.247,11938
0.248,11937
0.248,11936
0.248,11935
0.248,11934
0.248,11933
0.248,11932
0.248,11931
0.248,11930
0.249,11929
0.249,11928
0.249,11927
0.249,11926
0.249,11925
0.249,11924
0.249,11923
0.249,11922
0.25,11921
0.25,11920
0.25,11919
0.25,11918
0.25,11917
0.25,11916
0.25,11915
0.25,11914
0.25,11913
0.25,11912
0.25,11911
0.251,11910
0.251,11909
0.251,11908
0.251,11907
0.251,11906
0.251,11905
0.252,11904
0.252,11903
0.252,11902
0.252,11901
0.252,11900
0.253,11899
0.253,11898
0.253,11897
0.253,11896
0.253,11895
0.253,11894
0.253,11893
0.254,11892
0.254,11891
0.254,11890
0.254,11889
0.254,11888
0.255,11887
0.255,11886
0.255,11885
0.255,11884
0.255,11883
0.255,11882
0.255,11881
0.256,11880
0.256,11879
0.256,11878
0.256,11877
0.256,11876
0.256,11875
0.256,11874
0.257,11873
0.257,11872
0.257,11871
0.257,11870
0.257,11869
0.257,11868
0.257,11867
0.258,11866
0.258,11865
0.258,11864
0.258,11863
0.258,11862
0.258,11861
0.259,11860
0.259,11859
0.259,11858
0.259,11857
0.259,11856
0.259,11855
0.259,11854
0.259,11853
0.259,11852
0.259,11851
0.26,11850
0.26,11849
0.26,11848
0.26,11847
0.26,11846
0.26,11845
0.261,11844
0.261,11843
0.261,11842
0.261,11841
0.261,11840
0.262,11839
0.262,11838
0.262,11837
0.262,11836
0.262,11835
0.262,11834
0.262,11833
0.263,11832
0.263,11831
0.263,11830
0.263,11829
0.263,11828
0.263,11827
0.264,11826
0.264,11825
0.264,11824
0.264,11823
0.264,11822
0.264,11821
0.264,11820
0.265,11819
0.265,11818
0.265,11817
0.265,11816
0.265,11815
0.266,11814
0.266,11813
0.266,11812
0.266,11811
0.266,11810
0.266,11809
0.266,11808
0.266,11807
0.266,11806
0.267,11805
0.267,11804
0.267,11803
0.267,11802
0.267,11801
0.267,11800
0.267,11799
0.268,11798
0.268,11797
0.268,11796
0.268,11795
0.268,11794
0.268,11793
0.268,11792
0.269,11791
0.269,11790
0.269,11789
0.269,11788
0.269,11787
0.269,11786
0.269,11785
0.269,11784
0.27,11783
0.27,11782
0.27,11781
0.27,11780
0.27,11779
0.27,11778
0.27,11777
0.271,11776
0.271,11775
0.271,11774
0.271,11773
0.271,11772
0.271,11771
0.271,11770
0.271,11769
0.272,11768
0.272,11767
0.272,11766
0.272,11765
0.272,11764
0.272,11763
0.272,11762
0.272,11761
0.272,11760
0.272,11759
0.273,11758
0.273,11757
0.273,11756
0.273,11755
0.273,11754
0.273,11753
0.273,11752
0.273,11751
0.274,11750
0.274,11749
0.274,11748
0.274,11747
0.274,11746
0.274,11745
0.274,11744
0.275,11743
0.275,11742
0.275,11741
0.275,11740
0.275,11739
0.275,11738
0.275,11737
0.275,11736
0.276,11735
0.276,11734
0.276,11733
0.276,11732
0.276,11731
0.276,11730
0.276,11729
0.276,11728
0.276,11727
0.276,11726
0.277,11725
0.277,11724
0.277,11723
0.277,11722
0.277,11721
0.277,11720
0.277,11719
0.277,11718
0.277,11717
0.277,11716
0.278,11715
0.278,11714
0.278,11713
0.278,11712
0.278,11711
0.278,11710
0.278,11709
0.278,11708
0.278,11707
0.279,11706
0.279,11705
0.279,11704
0.279,11703
0.279,11702
0.279,11701
0.279,11700
0.279,11699
0.279,11698
0.279,11697
0.28,11696
0.28,11695
0.28,11694
0.28,11693
0.28,11692
0.28,11691
0.28,11690
0.28,11689
0.281,11688
0.281,11687
0.281,11686
0.281,11685
0.281,11684
0.282,11683
0.282,11682
0.282,11681
0.282,11680
0.282,11679
0.282,11678
0.283,11677
0.283,11676
0.283,11675
0.283,11674
0.283,11673
0.283,11672
0.284,11671
0.284,11670
0.284,11669
0.284,11668
0.284,11667
0.284,11666
0.284,11665
0.284,11664
0.285,11663
0.285,11662
0.285,11661
0.285,11660
0.285,11659
0.285,11658
0.285,11657
0.286,11656
0.286,11655
0.286,11654
0.286,11653
0.286,11652
0.286,11651
0.286,11650
0.286,11649
0.287,11648
0.287,11647
0.287,11646
0.287,11645
0.287,11644
0.287,11643
0.287,11642
0.287,11641
0.287,11640
0.288,11639
0.288,11638
0.288,11637
0.288,11636
0.288,11635
0.288,11634
0.288,11633
0.288,11632
0.288,11631
0.289,11630
0.289,11629
0.289,11628
0.289,11627
0.289,11626
0.289,11625
0.289,11624
0.29,11623
0.29,11622
0.29,11621
0.29,11620
0.29,11619
0.29,11618
0.29,11617
0.29,11616
0.29,11615
0.291,11614
0.291,11613
0.291,11612
0.291,11611
0.291,11610
0.291,11609
0.291,11608
0.291,11607
0.292,11606
0.292,11605
0.292,11604
0.292,11603
0.292,11602
0.292,11601
0.293,11600
0.293,11599
0.293,11598
0.293,11597
0.293,11596
0.293,11595
0.293,11594
0.294,11593
0.294,11592
0.294,11591
0.294,11590
0.294,11589
0.294,11588
0.294,11587
0.294,11586
0.294,11585
0.295,11584
0.295,11583
0.295,11582
0.295,11581
0.295,11580
0.295,11579
0.295,11578
0.295,11577
0.295,11576
0.295,11575
0.296,11574
0.296,11573
0.296,11572
0.296,11571
0.296,11570
0.296,11569
0.296,11568
0.296,11567
0.297,11566
0.297,11565
0.297,11564
0.297,11563
0.297,11562
0.297,11561
0.298,11560
0.298,11559
0.298,11558
0.298,11557
0.298,11556
0.298,11555
0.299,11554
0.299,11553
0.299,11552
0.299,11551
0.299,11550
0.3,11549
0.3,11548
0.3,11547
0.3,11546
0.3,11545
0.3,11544
0.3,11543
0.3,11542
0.301,11541
0.301,11540
0.301,11539
0.301,11538
0.301,11537
0.301,11536
0.301,11535
0.301,11534
0.302,11533
0.302,11532
0.302,11531
0.302,11530
0.302,11529
0.303,11528
0.303,11527
0.303,11526
0.303,11525
0.303,11524
0.303,11523
0.303,11522
0.303,11521
0.303,11520
0.303,11519
0.304,11518
0.304,11517
0.304,11516
0.304,11515
0.304,11514
0.304,11513
0.304,11512
0.305,11511
0.305,11510
0.305,11509
0.305,11508
0.305,11507
0.305,11506
0.305,11505
0.305,11504
0.305,11503
0.305,11502
0.306,11501
0.306,11500
0.306,11499
0.306,11498
0.306,11497
0.306,11496
0.306,11495
0.306,11494
0.307,11493
0.307,11492
0.307,11491
0.307,11490
0.307,11489
0.307,11488
0.307,11487
0.307,11486
0.307,11485
0.308,11484
0.308,11483
0.308,11482
0.308,11481
0.308,11480
0.308,11479
0.309,11478
0.309,11477
0.309,11476
0.309,11475
0.309,11474
0.309,11473
0.309,11472
0.31,11471
0.31,11470
0.31,11469
0.31,11468
0.31,11467
0.31,11466
0.31,11465
0.311,11464
0.311,11463
0.311,11462
0.311,11461
0.311,11460
0.311,11459
0.311,11458
0.311,11457
0.312,11456
0.312,11455
0.312,11454
0.312,11453
0.312,11452
0.312,11451
0.312,11450
0.313,11449
0.313,11448
0.313,11447
0.313,11446
0.314,11445
0.314,11444
0.314,11443
0.314,11442
0.314,11441
0.314,11440
0.314,11439
0.314,11438
0.314,11437
0.314,11436
0.314,11435
0.314,11434
0.315,11433
0.315,11432
0.315,11431
0.315,11430
0.315,11429
0.315,11428
0.316,11427
0.316,11426
0.316,11425
0.316,11424
0.316,11423
0.316,11422
0.316,11421
0.316,11420
0.316,11419
0.316,11418
0.316,11417
0.316,11416
0.317,11415
0.317,11414
0.317,11413
0.317,11412
0.317,11411
0.317,11410
0.317,11409
0.317,11408
0.317,11407
0.317,11406
0.318,11405
0.318,11404
0.318,11403
0.318,11402
0.318,11401
0.318,11400
0.318,11399
0.318,11398
0.319,11397
0.319,11396
0.319,11395
0.319,11394
0.319,11393
0.319,11392
0.319,11391
0.319,11390
0.319,11389
0.319,11388
0.319,11387
0.32,11386
0.32,11385
0.32,11384
0.32,11383
0.32,11382
0.32,11381
0.32,11380
0.32,11379
0.321,11378
0.321,11377
0.321,11376
0.321,11375
0.321,11374
0.321,11373
0.321,11372
0.322,11371
0.322,11370
0.322,11369
0.322,11368
0.322,11367
0.323,11366
0.323,11365
0.323,11364
0.323,11363
0.323,11362
0.323,11361
0.323,11360
0.323,11359
0.324,11358
0.324,11357
0.324,11356
0.324,11355
0.324,11354
0.324,11353
0.324,11352
0.324,11351
0.324,11350
0.324,11349
0.325,11348
0.325,11347
0.325,11346
0.325,11345
0.325,11344
0.325,11343
0.325,11342
0.325,11341
0.325,11340
0.325,11339
0.325,11338
0.326,11337
0.326,11336
0.326,11335
0.326,11334
0.326,11333
0.326,11332
0.326,11331
0.326,11330
0.327,11329
0.327,11328
0.327,11327
0.327,11326
0.327,11325
0.327,11324
0.327,11323
0.327,11322
0.328,11321
0.328,11320
0.328,11319
0.328,11318
0.328,11317
0.328,11316
0.328,11315
0.328,11314
0.328,11313
0.329,11312
0.329,11311
0.329,11310
0.329,11309
0.329,11308
0.329,11307
0.329,11306
0.329,11305
0.329,11304
0.329,11303
0.33,11302
0.33,11301
0.33,11300
0.33,11299
0.33,11298
0.33,11297
0.33,11296
0.33,11295
0.33,11294
0.33,11293
0.33,11292
0.331,11291
0.331,11290
0.331,11289
0.331,11288
0.331,11287
0.331,11286
0.331,11285
0.331,11284
0.331,11283
0.331,11282
0.332,11281
0.332,11280
0.332,11279
0.332,11278
0.332,11277
0.332,11276
0.332,11275
0.332,11274
0.332,11273
0.333,11272
0.333,11271
0.333,11270
0.333,11269
0.333,11268
0.333,11267
0.333,11266
0.333,11265
0.333,11264
0.333,11263
0.334,11262
0.334,11261
0.34,11260
0.34,11259
0.34,11258
0.34,11257
0.34,11256
0.341,11255
0.341,11254
0.341,11253
0.341,11252
0.341,11251
0.341,11250
0.341,11249
0.341,11248
0.342,11247
0.342,11246
0.342,11245
0.342,11244
0.342,11243
0.342,11242
0.342,11241
0.342,11240
0.342,11239
0.342,11238
0.343,11237
0.343,11236
0.343,11235
0.343,11234
0.343,11233
0.343,11232
0.343,11231
0.343,11230
0.344,11229
0.344,11228
0.344,11227
0.344,11226
0.344,11225
0.344,11224
0.344,11223
0.344,11222
0.344,11221
0.345,11220
0.345,11219
0.345,11218
0.345,11217
0.345,11216
0.345,11215
0.345,11214
0.345,11213
0.345,11212
0.346,11211
0.346,11210
0.346,11209
0.346,11208
0.346,11207
0.346,11206
0.346,11205
0.346,11204
0.347,11203
0.347,11202
0.347,11201
0.347,11200
0.347,11199
0.347,11198
0.347,11197
0.347,11196
0.348,11195
0.348,11194
0.348,11193
0.348,11192
0.348,11191
0.348,11190
0.348,11189
0.348,11188
0.349,11187
0.349,11186
0.349,11185
0.349,11184
0.349,11183
0.349,11182
0.349,11181
0.349,11180
0.349,11179
0.35,11178
0.35,11177
0.35,11176
0.35,11175
0.35,11174
0.35,11173
0.35,11172
0.351,11171
0.351,11170
0.351,11169
0.351,11168
0.351,11167
0.351,11166
0.352,11165
0.352,11164
0.352,11163
0.352,11162
0.353,11161
0.353,11160
0.353,11159
0.353,11158
0.353,11157
0.353,11156
0.353,11155
0.353,11154
0.353,11153
0.354,11152
0.354,11151
0.354,11150
0.354,11149
0.354,11148
0.354,11147
0.354,11146
0.354,11145
0.354,11144
0.354,11143
0.354,11142
0.354,11141
0.355,11140
0.355,11139
0.355,11138
0.355,11137
0.355,11136
0.356,11135
0.356,11134
0.356,11133
0.356,11132
0.356,11131
0.356,11130
0.356,11129
0.356,11128
0.357,11127
0.357,11126
0.357,11125
0.357,11124
0.357,11123
0.357,11122
0.357,11121
0.357,11120
0.358,11119
0.358,11118
0.358,11117
0.358,11116
0.358,11115
0.358,11114
0.358,11113
0.358,11112
0.359,11111
0.359,11110
0.359,11109
0.359,11108
0.359,11107
0.359,11106
0.359,11105
0.359,11104
0.359,11103
0.359,11102
0.36,11101
0.36,11100
0.36,11099
0.36,11098
0.36,11097
0.36,11096
0.36,11095
0.36,11094
0.36,11093
0.36,11092
0.361,11091
0.361,11090
0.361,11089
0.361,11088
0.361,11087
0.361,11086
0.361,11085
0.361,11084
0.361,11083
0.362,11082
0.362,11081
0.362,11080
0.362,11079
0.362,11078
0.362,11077
0.362,11076
0.362,11075
0.363,11074
0.363,11073
0.363,11072
0.363,11071
0.363,11070
0.363,11069
0.364,11068
0.364,11067
0.364,11066
0.364,11065
0.364,11064
0.364,11063
0.364,11062
0.364,11061
0.364,11060
0.364,11059
0.364,11058
0.365,11057
0.365,11056
0.365,11055
0.365,11054
0.365,11053
0.365,11052
0.365,11051
0.365,11050
0.365,11049
0.366,11048
0.366,11047
0.366,11046
0.366,11045
0.367,11044
0.367,11043
0.367,11042
0.367,11041
0.367,11040
0.367,11039
0.367,11038
0.367,11037
0.367,11036
0.367,11035
0.367,11034
0.368,11033
0.368,11032
0.368,11031
0.368,11030
0.368,11029
0.368,11028
0.369,11027
0.369,11026
0.369,11025
0.369,11024
0.369,11023
0.37,11022
0.37,11021
0.37,11020
0.37,11019
0.37,11018
0.37,11017
0.37,11016
0.37,11015
0.371,11014
0.371,11013
0.371,11012
0.371,11011
0.372,11010
0.372,11009
0.372,11008
0.372,11007
0.372,11006
0.372,11005
0.373,11004
0.373,11003
0.373,11002
0.373,11001
0.373,11000
0.373,10999
0.374,10998
0.374,10997
0.374,10996
0.374,10995
0.374,10994
0.374,10993
0.374,10992
0.374,10991
0.375,10990
0.375,10989
0.375,10988
0.375,10987
0.375,10986
0.376,10985
0.376,10984
0.376,10983
0.376,10982
0.376,10981
0.376,10980
0.376,10979
0.376,10978
0.376,10977
0.376,10976
0.377,10975
0.377,10974
0.377,10973
0.377,10972
0.377,10971
0.377,10970
0.377,10969
0.377,10968
0.378,10967
0.378,10966
0.378,10965
0.378,10964
0.378,10963
0.378,10962
0.378,10961
0.378,10960
0.378,10959
0.379,10958
0.379,10957
0.379,10956
0.379,10955
0.379,10954
0.379,10953
0.379,10952
0.38,10951
0.38,10950
0.38,10949
0.38,10948
0.38,10947
0.38,10946
0.38,10945
0.38,10944
0.381,10943
0.381,10942
0.381,10941
0.381,10940
0.381,10939
0.381,10938
0.381,10937
0.381,10936
0.382,10935
0.382,10934
0.382,10933
0.382,10932
0.382,10931
0.382,10930
0.382,10929
0.382,10928
0.383,10927
0.383,10926
0.383,10925
0.383,10924
0.383,10923
0.383,10922
0.384,10921
0.384,10920
0.384,10919
0.384,10918
0.384,10917
0.384,10916
0.384,10915
0.384,10914
0.384,10913
0.384,10912
0.385,10911
0.385,10910
0.385,10909
0.385,10908
0.385,10907
0.385,10906
0.385,10905
0.386,10904
0.386,10903
0.386,10902
0.386,10901
0.386,10900
0.386,10899
0.386,10898
0.386,10897
0.387,10896
0.387,10895
0.387,10894
0.387,10893
0.387,10892
0.387,10891
0.388,10890
0.388,10889
0.388,10888
0.388,10887
0.388,10886
0.388,10885
0.388,10884
0.388,10883
0.388,10882
0.388,10881
0.389,10880
0.389,10879
0.389,10878
0.389,10877
0.389,10876
0.389,10875
0.389,10874
0.389,10873
0.39,10872
0.39,10871
0.39,10870
0.39,10869
0.391,10868
0.391,10867
0.391,10866
0.391,10865
0.391,10864
0.391,10863
0.392,10862
0.392,10861
0.392,10860
0.392,10859
0.392,10858
0.393,10857
0.393,10856
0.393,10855
0.393,10854
0.393,10853
0.393,10852
0.393,10851
0.393,10850
0.393,10849
0.394,10848
0.394,10847
0.394,10846
0.394,10845
0.394,10844
0.394,10843
0.395,10842
0.395,10841
0.395,10840
0.395,10839
0.395,10838
0.395,10837
0.396,10836
0.396,10835
0.396,10834
0.396,10833
0.396,10832
0.396,10831
0.396,10830
0.396,10829
0.397,10828
0.397,10827
0.397,10826
0.397,10825
0.397,10824
0.397,10823
0.397,10822
0.397,10821
0.397,10820
0.398,10819
0.398,10818
0.398,10817
0.398,10816
0.398,10815
0.398,10814
0.398,10813
0.399,10812
0.399,10811
0.399,10810
0.399,10809
0.399,10808
0.399,10807
0.399,10806
0.4,10805
0.4,10804
0.4,10803
0.4,10802
0.4,10801
0.4,10800
0.4,10799
0.4,10798
0.4,10797
0.401,10796
0.401,10795
0.401,10794
0.401,10793
0.401,10792
0.401,10791
0.401,10790
0.401,10789
0.402,10788
0.402,10787
0.402,10786
0.402,10785
0.402,10784
0.402,10783
0.402,10782
0.402,10781
0.403,10780
0.403,10779
0.403,10778
0.403,10777
0.403,10776
0.403,10775
0.404,10774
0.404,10773
0.404,10772
0.404,10771
0.404,10770
0.404,10769
0.404,10768
0.404,10767
0.405,10766
0.405,10765
0.405,10764
0.405,10763
0.405,10762
0.405,10761
0.405,10760
0.406,10759
0.406,10758
0.406,10757
0.406,10756
0.406,10755
0.406,10754
0.406,10753
0.406,10752
0.407,10751
0.407,10750
0.407,10749
0.407,10748
0.407,10747
0.407,10746
0.407,10745
0.407,10744
0.407,10743
0.407,10742
0.407,10741
0.408,10740
0.408,10739
0.408,10738
0.408,10737
0.408,10736
0.408,10735
0.408,10734
0.408,10733
0.409,10732
0.409,10731
0.409,10730
0.409,10729
0.409,10728
0.409,10727
0.409,10726
0.41,10725
0.41,10724
0.41,10723
0.41,10722
0.41,10721
0.41,10720
0.41,10719
0.41,10718
0.41,10717
0.41,10716
0.411,10715
0.411,10714
0.411,10713
0.411,10712
0.411,10711
0.411,10710
0.412,10709
0.412,10708
0.412,10707
0.412,10706
0.412,10705
0.412,10704
0.412,10703
0.412,10702
0.412,10701
0.412,10700
0.413,10699
0.413,10698
0.413,10697
0.413,10696
0.413,10695
0.413,10694
0.413,10693
0.414,10692
0.414,10691
0.414,10690
0.414,10689
0.414,10688
0.414,10687
0.414,10686
0.414,10685
0.415,10684
0.415,10683
0.415,10682
0.415,10681
0.415,10680
0.415,10679
0.415,10678
0.416,10677
0.416,10676
0.416,10675
0.416,10674
0.416,10673
0.416,10672
0.416,10671
0.417,10670
0.417,10669
0.417,10668
0.417,10667
0.417,10666
0.417,10665
0.417,10664
0.417,10663
0.417,10662
0.417,10661
0.418,10660
0.418,10659
0.418,10658
0.418,10657
0.418,10656
0.418,10655
0.418,10654
0.418,10653
0.418,10652
0.418,10651
0.418,10650
0.419,10649
0.419,10648
0.419,10647
0.419,10646
0.419,10645
0.419,10644
0.419,10643
0.419,10642
0.419,10641
0.419,10640
0.419,10639
0.419,10638
0.419,10637
0.42,10636
0.42,10635
0.42,10634
0.42,10633
0.42,10632
0.42,10631
0.42,10630
0.42,10629
0.42,10628
0.421,10627
0.421,10626
0.421,10625
0.421,10624
0.421,10623
0.421,10622
0.421,10621
0.421,10620
0.421,10619
0.422,10618
0.422,10617
0.422,10616
0.422,10615
0.422,10614
0.422,10613
0.423,10612
0.423,10611
0.423,10610
0.423,10609
0.423,10608
0.423,10607
0.423,10606
0.423,10605
0.423,10604
0.423,10603
0.424,10602
0.424,10601
0.424,10600
0.424,10599
0.424,10598
0.424,10597
0.424,10596
0.424,10595
0.425,10594
0.425,10593
0.425,10592
0.425,10591
0.425,10590
0.425,10589
0.425,10588
0.425,10587
0.426,10586
0.426,10585
0.426,10584
0.426,10583
0.426,10582
0.426,10581
0.426,10580
0.426,10579
0.426,10578
0.426,10577
0.426,10576
0.426,10575
0.426,10574
0.426,10573
0.426,10572
0.427,10571
0.427,10570
0.427,10569
0.427,10568
0.427,10567
0.427,10566
0.427,10565
0.427,10564
0.427,10563
0.427,10562
0.428,10561
0.428,10560
0.428,10559
0.428,10558
0.428,10557
0.428,10556
0.428,10555
0.428,10554
0.428,10553
0.428,10552
0.428,10551
0.428,10550
0.429,10549
0.429,10548
0.429,10547
0.429,10546
0.429,10545
0.429,10544
0.429,10543
0.429,10542
0.429,10541
0.429,10540
0.43,10539
0.43,10538
0.43,10537
0.43,10536
0.43,10535
0.43,10534
0.43,10533
0.43,10532
0.431,10531
0.431,10530
0.431,10529
0.431,10528
0.431,10527
0.431,10526
0.431,10525
0.431,10524
0.431,10523
0.431,10522
0.431,10521
0.432,10520
0.432,10519
0.432,10518
0.432,10517
0.432,10516
0.432,10515
0.432,10514
0.433,10513
0.433,10512
0.433,10511
0.433,10510
0.433,10509
0.433,10508
0.433,10507
0.433,10506
0.434,10505
0.434,10504
0.434,10503
0.434,10502
0.434,10501
0.434,10500
0.434,10499
0.434,10498
0.434,10497
0.434,10496
0.434,10495
0.435,10494
0.435,10493
0.435,10492
0.435,10491
0.435,10490
0.435,10489
0.435,10488
0.435,10487
0.436,10486
0.436,10485
0.436,10484
0.436,10483
0.436,10482
0.436,10481
0.436,10480
0.436,10479
0.436,10478
0.436,10477
0.436,10476
0.437,10475
0.437,10474
0.437,10473
0.437,10472
0.437,10471
0.437,10470
0.438,10469
0.438,10468
0.438,10467
0.438,10466
0.438,10465
0.438,10464
0.438,10463
0.439,10462
0.439,10461
0.439,10460
0.439,10459
0.439,10458
0.439,10457
0.44,10456
0.44,10455
0.44,10454
0.44,10453
0.44,10452
0.44,10451
0.44,10450
0.44,10449
0.441,10448
0.441,10447
0.441,10446
0.441,10445
0.441,10444
0.441,10443
0.441,10442
0.442,10441
0.442,10440
0.442,10439
0.442,10438
0.442,10437
0.442,10436
0.442,10435
0.443,10434
0.443,10433
0.443,10432
0.443,10431
0.443,10430
0.443,10429
0.443,10428
0.443,10427
0.443,10426
0.443,10425
0.443,10424
0.444,10423
0.444,10422
0.444,10421
0.444,10420
0.444,10419
0.444,10418
0.444,10417
0.444,10416
0.444,10415
0.444,10414
0.445,10413
0.445,10412
0.445,10411
0.445,10410
0.445,10409
0.445,10408
0.445,10407
0.446,10406
0.446,10405
0.446,10404
0.446,10403
0.446,10402
0.446,10401
0.446,10400
0.446,10399
0.447,10398
0.447,10397
0.447,10396
0.447,10395
0.447,10394
0.447,10393
0.447,10392
0.447,10391
0.447,10390
0.447,10389
0.447,10388
0.448,10387
0.448,10386
0.448,10385
0.448,10384
0.448,10383
0.448,10382
0.448,10381
0.448,10380
0.449,10379
0.449,10378
0.449,10377
0.449,10376
0.449,10375
0.449,10374
0.449,10373
0.449,10372
0.449,10371
0.449,10370
0.45,10369
0.45,10368
0.45,10367
0.45,10366
0.45,10365
0.45,10364
0.45,10363
0.451,10362
0.451,10361
0.451,10360
0.451,10359
0.451,10358
0.451,10357
0.451,10356
0.451,10355
0.451,10354
0.452,10353
0.452,10352
0.452,10351
0.452,10350
0.452,10349
0.452,10348
0.452,10347
0.452,10346
0.452,10345
0.452,10344
0.453,10343
0.453,10342
0.453,10341
0.453,10340
0.453,10339
0.453,10338
0.461,10337
0.461,10336
0.461,10335
0.461,10334
0.461,10333
0.461,10332
0.461,10331
0.462,10330
0.462,10329
0.462,10328
0.462,10327
0.462,10326
0.462,10325
0.462,10324
0.462,10323
0.462,10322
0.462,10321
0.462,10320
0.462,10319
0.463,10318
0.463,10317
0.463,10316
0.463,10315
0.463,10314
0.463,10313
0.464,10312
0.464,10311
0.464,10310
0.464,10309
0.464,10308
0.464,10307
0.464,10306
0.464,10305
0.464,10304
0.464,10303
0.464,10302
0.464,10301
0.465,10300
0.465,10299
0.465,10298
0.465,10297
0.465,10296
0.465,10295
0.465,10294
0.465,10293
0.466,10292
0.466,10291
0.466,10290
0.466,10289
0.466,10288
0.466,10287
0.467,10286
0.467,10285
0.467,10284
0.467,10283
0.467,10282
0.467,10281
0.467,10280
0.467,10279
0.468,10278
0.468,10277
0.468,10276
0.468,10275
0.468,10274
0.468,10273
0.468,10272
0.468,10271
0.468,10270
0.469,10269
0.469,10268
0.469,10267
0.469,10266
0.469,10265
0.469,10264
0.469,10263
0.47,10262
0.47,10261
0.47,10260
0.47,10259
0.47,10258
0.47,10257
0.47,10256
0.47,10255
0.47,10254
0.47,10253
0.471,10252
0.471,10251
0.471,10250
0.471,10249
0.471,10248
0.471,10247
0.472,10246
0.472,10245
0.472,10244
0.472,10243
0.472,10242
0.473,10241
0.473,10240
0.473,10239
0.473,10238
0.473,10237
0.473,10236
0.473,10235
0.474,10234
0.474,10233
0.474,10232
0.474,10231
0.474,10230
0.474,10229
0.474,10228
0.475,10227
0.475,10226
0.475,10225
0.475,10224
0.475,10223
0.475,10222
0.475,10221
0.475,10220
0.475,10219
0.476,10218
0.476,10217
0.476,10216
0.476,10215
0.476,10214
0.476,10213
0.477,10212
0.477,10211
0.477,10210
0.477,10209
0.477,10208
0.477,10207
0.477,10206
0.478,10205
0.478,10204
0.478,10203
0.478,10202
0.478,10201
0.478,10200
0.478,10199
0.478,10198
0.479,10197
0.479,10196
0.479,10195
0.479,10194
0.479,10193
0.479,10192
0.479,10191
0.479,10190
0.48,10189
0.48,10188
0.48,10187
0.48,10186
0.48,10185
0.48,10184
0.48,10183
0.48,10182
0.48,10181
0.48,10180
0.481,10179
0.481,10178
0.481,10177
0.481,10176
0.481,10175
0.481,10174
0.481,10173
0.481,10172
0.482,10171
0.482,10170
0.482,10169
0.482,10168
0.482,10167
0.482,10166
0.482,10165
0.483,10164
0.483,10163
0.483,10162
0.483,10161
0.483,10160
0.483,10159
0.483,10158
0.483,10157
0.483,10156
0.484,10155
0.484,10154
0.484,10153
0.484,10152
0.484,10151
0.484,10150
0.484,10149
0.484,10148
0.484,10147
0.485,10146
0.485,10145
0.485,10144
0.485,10143
0.485,10142
0.485,10141
0.486,10140
0.486,10139
0.486,10138
0.486,10137
0.486,10136
0.486,10135
0.486,10134
0.486,10133
0.487,10132
0.487,10131
0.487,10130
0.487,10129
0.487,10128
0.487,10127
0.488,10126
0.488,10125
0.488,10124
0.488,10123
0.488,10122
0.488,10121
0.489,10120
0.489,10119
0.489,10118
0.489,10117
0.489,10116
0.489,10115
0.49,10114
0.49,10113
0.49,10112
0.49,10111
0.49,10110
0.49,10109
0.49,10108
0.491,10107
0.491,10106
0.491,10105
0.491,10104
0.492,10103
0.492,10102
0.492,10101
0.492,10100
0.492,10099
0.492,10098
0.492,10097
0.493,10096
0.493,10095
0.493,10094
0.493,10093
0.493,10092
0.493,10091
0.493,10090
0.493,10089
0.494,10088
0.494,10087
0.494,10086
0.494,10085
0.494,10084
0.495,10083
0.495,10082
0.495,10081
0.495,10080
0.495,10079
0.495,10078
0.495,10077
0.495,10076
0.496,10075
0.496,10074
0.496,10073
0.496,10072
0.496,10071
0.496,10070
0.496,10069
0.496,10068
0.496,10067
0.497,10066
0.497,10065
0.497,10064
0.497,10063
0.497,10062
0.497,10061
0.497,10060
0.497,10059
0.498,10058
0.498,10057
0.498,10056
0.498,10055
0.498,10054
0.498,10053
0.499,10052
0.499,10051
0.499,10050
0.499,10049
0.499,10048
0.499,10047
0.499,10046
0.499,10045
0.5,10044
0.5,10043
0.5,10042
0.5,10041
0.5,10040
0.5,10039
0.501,10038
0.501,10037
0.501,10036
0.501,10035
0.501,10034
0.501,10033
0.502,10032
0.502,10031
0.502,10030
0.502,10029
0.502,10028
0.503,10027
0.503,10026
0.503,10025
0.503,10024
0.503,10023
0.504,10022
0.504,10021
0.504,10020
0.504,10019
0.505,10018
0.505,10017
0.505,10016
0.505,10015
0.505,10014
0.505,10013
0.505,10012
0.506,10011
0.506,10010
0.506,10009
0.506,10008
0.506,10007
0.506,10006
0.506,10005
0.506,10004
0.506,10003
0.506,10002
0.507,10001
0.507,10000
0.507,9999
0.507,9998
0.507,9997
0.507,9996
0.508,9995
0.508,9994
0.508,9993
0.508,9992
0.508,9991
0.508,9990
0.508,9989
0.508,9988
0.508,9987
0.509,9986
0.509,9985
0.509,9984
0.509,9983
0.509,9982
0.509,9981
0.509,9980
0.509,9979
0.509,9978
0.509,9977
0.51,9976
0.51,9975
0.51,9974
0.51,9973
0.51,9972
0.51,9971
0.51,9970
0.511,9969
0.511,9968
0.511,9967
0.511,9966
0.511,9965
0.511,9964
0.511,9963
0.512,9962
0.512,9961
0.512,9960
0.512,9959
0.512,9958
0.512,9957
0.512,9956
0.512,9955
0.512,9954
0.513,9953
0.513,9952
0.513,9951
0.513,9950
0.513,9949
0.513,9948
0.514,9947
0.515,9946
0.515,9945
0.515,9944
0.515,9943
0.515,9942
0.515,9941
0.515,9940
0.515,9939
0.515,9938
0.516,9937
0.516,9936
0.516,9935
0.516,9934
0.516,9933
0.516,9932
0.516,9931
0.516,9930
0.516,9929
0.517,9928
0.517,9927
0.517,9926
0.517,9925
0.517,9924
0.517,9923
0.517,9922
0.517,9921
0.517,9920
0.518,9919
0.518,9918
0.518,9917
0.518,9916
0.518,9915
0.519,9914
0.519,9913
0.519,9912
0.519,9911
0.519,9910
0.519,9909
0.519,9908
0.519,9907
0.52,9906
0.52,9905
0.52,9904
0.52,9903
0.52,9902
0.52,9901
0.52,9900
0.52,9899
0.52,9898
0.52,9897
0.521,9896
0.521,9895
0.521,9894
0.521,9893
0.521,9892
0.521,9891
0.521,9890
0.521,9889
0.521,9888
0.522,9887
0.522,9886
0.522,9885
0.522,9884
0.522,9883
0.522,9882
0.522,9881
0.522,9880
0.522,9879
0.522,9878
0.522,9877
0.522,9876
0.523,9875
0.523,9874
0.523,9873
0.523,9872
0.523,9871
0.523,9870
0.523,9869
0.523,9868
0.523,9867
0.523,9866
0.523,9865
0.524,9864
0.524,9863
0.524,9862
0.524,9861
0.524,9860
0.524,9859
0.524,9858
0.524,9857
0.524,9856
0.524,9855
0.525,9854
0.525,9853
0.525,9852
0.525,9851
0.525,9850
0.525,9849
0.525,9848
0.525,9847
0.526,9846
0.526,9845
0.526,9844
0.526,9843
0.526,9842
0.526,9841
0.526,9840
0.527,9839
0.527,9838
0.527,9837
0.527,9836
0.527,9835
0.527,9834
0.528,9833
0.528,9832
0.528,9831
0.528,9830
0.528,9829
0.528,9828
0.528,9827
0.528,9826
0.529,9825
0.529,9824
0.529,9823
0.529,9822
0.529,9821
0.529,9820
0.529,9819
0.529,9818
0.53,9817
0.53,9816
0.53,9815
0.53,9814
0.53,9813
0.53,9812
0.53,9811
0.53,9810
0.53,9809
0.53,9808
0.53,9807
0.53,9806
0.53,9805
0.531,9804
0.531,9803
0.531,9802
0.531,9801
0.531,9800
0.531,9799
0.532,9798
0.532,9797
0.532,9796
0.533,9795
0.533,9794
0.533,9793
0.533,9792
0.533,9791
0.533,9790
0.533,9789
0.533,9788
0.534,9787
0.534,9786
0.534,9785
0.534,9784
0.534,9783
0.534,9782
0.535,9781
0.535,9780
0.535,9779
0.535,9778
0.535,9777
0.535,9776
0.535,9775
0.535,9774
0.535,9773
0.536,9772
0.536,9771
0.536,9770
0.536,9769
0.536,9768
0.536,9767
0.536,9766
0.536,9765
0.537,9764
0.537,9763
0.537,9762
0.537,9761
0.537,9760
0.537,9759
0.537,9758
0.537,9757
0.537,9756
0.537,9755
0.537,9754
0.538,9753
0.538,9752
0.538,9751
0.538,9750
0.538,9749
0.538,9748
0.538,9747
0.538,9746
0.539,9745
0.539,9744
0.539,9743
0.539,9742
0.539,9741
0.539,9740
0.539,9739
0.54,9738
0.54,9737
0.54,9736
0.54,9735
0.54,9734
0.54,9733
0.54,9732
0.54,9731
0.54,9730
0.54,9729
0.54,9728
0.541,9727
0.541,9726
0.541,9725
0.541,9724
0.541,9723
0.541,9722
0.541,9721
0.541,9720
0.542,9719
0.542,9718
0.542,9717
0.542,9716
0.542,9715
0.542,9714
0.543,9713
0.543,9712
0.543,9711
0.543,9710
0.543,9709
0.543,9708
0.543,9707
0.543,9706
0.543,9705
0.544,9704
0.544,9703
0.544,9702
0.544,9701
0.544,9700
0.544,9699
0.544,9698
0.545,9697
0.545,9696
0.545,9695
0.545,9694
0.545,9693
0.545,9692
0.545,9691
0.545,9690
0.545,9689
0.545,9688
0.545,9687
0.546,9686
0.546,9685
0.546,9684
0.546,9683
0.546,9682
0.546,9681
0.546,9680
0.546,9679
0.547,9678
0.547,9677
0.547,9676
0.547,9675
0.547,9674
0.547,9673
0.547,9672
0.548,9671
0.548,9670
0.548,9669
0.548,9668
0.548,9667
0.548,9666
0.548,9665
0.548,9664
0.548,9663
0.548,9662
0.548,9661
0.549,9660
0.549,9659
0.549,9658
0.549,9657
0.549,9656
0.549,9655
0.549,9654
0.55,9653
0.55,9652
0.55,9651
0.55,9650
0.55,9649
0.55,9648
0.55,9647
0.55,9646
0.55,9645
0.551,9644
0.551,9643
0.551,9642
0.551,9641
0.551,9640
0.551,9639
0.551,9638
0.551,9637
0.552,9636
0.552,9635
0.552,9634
0.552,9633
0.552,9632
0.552,9631
0.552,9630
0.552,9629
0.552,9628
0.553,9627
0.553,9626
0.553,9625
0.553,9624
0.553,9623
0.553,9622
0.553,9621
0.553,9620
0.553,9619
0.554,9618
0.554,9617
0.554,9616
0.554,9615
0.554,9614
0.554,9613
0.554,9612
0.554,9611
0.555,9610
0.555,9609
0.555,9608
0.555,9607
0.555,9606
0.555,9605
0.555,9604
0.556,9603
0.556,9602
0.556,9601
0.556,9600
0.556,9599
0.556,9598
0.556,9597
0.556,9596
0.556,9595
0.557,9594
0.557,9593
0.557,9592
0.557,9591
0.557,9590
0.557,9589
0.557,9588
0.558,9587
0.558,9586
0.558,9585
0.558,9584
0.558,9583
0.558,9582
0.558,9581
0.558,9580
0.559,9579
0.559,9578
0.559,9577
0.559,9576
0.559,9575
0.559,9574
0.559,9573
0.559,9572
0.559,9571
0.559,9570
0.559,9569
0.559,9568
0.559,9567
0.56,9566
0.56,9565
0.56,9564
0.56,9563
0.56,9562
0.56,9561
0.56,9560
0.561,9559
0.561,9558
0.561,9557
0.561,9556
0.561,9555
0.561,9554
0.561,9553
0.561,9552
0.562,9551
0.562,9550
0.562,9549
0.562,9548
0.562,9547
0.562,9546
0.562,9545
0.562,9544
0.562,9543
0.563,9542
0.563,9541
0.563,9540
0.563,9539
0.563,9538
0.563,9537
0.563,9536
0.564,9535
0.564,9534
0.564,9533
0.564,9532
0.564,9531
0.564,9530
0.564,9529
0.564,9528
0.565,9527
0.565,9526
0.565,9525
0.565,9524
0.565,9523
0.565,9522
0.566,9521
0.566,9520
0.566,9519
0.566,9518
0.566,9517
0.567,9516
0.567,9515
0.567,9514
0.567,9513
0.567,9512
0.567,9511
0.567,9510
0.567,9509
0.567,9508
0.568,9507
0.568,9506
0.568,9505
0.568,9504
0.568,9503
0.568,9502
0.568,9501
0.568,9500
0.569,9499
0.569,9498
0.569,9497
0.569,9496
0.569,9495
0.569,9494
0.569,9493
0.57,9492
0.57,9491
0.57,9490
0.57,9489
0.57,9488
0.57,9487
0.57,9486
0.57,9485
0.57,9484
0.57,9483
0.57,9482
0.571,9481
0.571,9480
0.571,9479
0.571,9478
0.571,9477
0.571,9476
0.571,9475
0.571,9474
0.571,9473
0.571,9472
0.572,9471
0.572,9470
0.572,9469
0.572,9468
0.572,9467
0.572,9466
0.572,9465
0.572,9464
0.572,9463
0.572,9462
0.572,9461
0.572,9460
0.572,9459
0.573,9458
0.573,9457
0.573,9456
0.573,9455
0.573,9454
0.573,9453
0.573,9452
0.573,9451
0.573,9450
0.574,9449
0.574,9448
0.574,9447
0.574,9446
0.574,9445
0.574,9444
0.574,9443
0.575,9442
0.575,9441
0.575,9440
0.575,9439
0.575,9438
0.575,9437
0.575,9436
0.575,9435
0.576,9434
0.576,9433
0.576,9432
0.576,9431
0.576,9430
0.577,9429
0.577,9428
0.577,9427
0.577,9426
0.577,9425
0.577,9424
0.577,9423
0.578,9422
0.578,9421
0.578,9420
0.578,9419
0.578,9418
0.578,9417
0.578,9416
0.578,9415
0.579,9414
0.579,9413
0.579,9412
0.579,9411
0.579,9410
0.579,9409
0.579,9408
0.58,9407
0.58,9406
0.58,9405
0.58,9404
0.58,9403
0.58,9402
0.58,9401
0.581,9400
0.581,9399
0.581,9398
0.581,9397
0.581,9396
0.581,9395
0.581,9394
0.581,9393
0.581,9392
0.581,9391
0.581,9390
0.582,9389
0.582,9388
0.582,9387
0.582,9386
0.582,9385
0.583,9384
0.583,9383
0.583,9382
0.583,9381
0.583,9380
0.583,9379
0.583,9378
0.583,9377
0.584,9376
0.584,9375
0.584,9374
0.584,9373
0.584,9372
0.584,9371
0.584,9370
0.585,9369
0.585,9368
0.585,9367
0.585,9366
0.585,9365
0.585,9364
0.585,9363
0.585,9362
0.585,9361
0.585,9360
0.585,9359
0.585,9358
0.585,9357
0.586,9356
0.586,9355
0.586,9354
0.586,9353
0.586,9352
0.586,9351
0.586,9350
0.586,9349
0.586,9348
0.586,9347
0.586,9346
0.587,9345
0.587,9344
0.587,9343
0.587,9342
0.587,9341
0.587,9340
0.587,9339
0.587,9338
0.587,9337
0.587,9336
0.587,9335
0.588,9334
0.588,9333
0.588,9332
0.588,9331
0.588,9330
0.588,9329
0.588,9328
0.588,9327
0.588,9326
0.589,9325
0.589,9324
0.589,9323
0.589,9322
0.589,9321
0.589,9320
0.589,9319
0.589,9318
0.589,9317
0.59,9316
0.59,9315
0.59,9314
0.59,9313
0.59,9312
0.59,9311
0.59,9310
0.59,9309
0.59,9308
0.59,9307
0.591,9306
0.591,9305
0.591,9304
0.591,9303
0.591,9302
0.591,9301
0.591,9300
0.591,9299
0.591,9298
0.591,9297
0.591,9296
0.591,9295
0.592,9294
0.592,9293
0.592,9292
0.592,9291
0.592,9290
0.592,9289
0.592,9288
0.592,9287
0.592,9286
0.593,9285
0.593,9284
0.593,9283
0.593,9282
0.593,9281
0.593,9280
0.593,9279
0.593,9278
0.593,9277
0.593,9276
0.594,9275
0.594,9274
0.594,9273
0.594,9272
0.594,9271
0.594,9270
0.595,9269
0.595,9268
0.595,9267
0.595,9266
0.596,9265
0.596,9264
0.596,9263
0.596,9262
0.596,9261
0.596,9260
0.596,9259
0.597,9258
0.597,9257
0.597,9256
0.597,9255
0.597,9254
0.597,9253
0.597,9252
0.597,9251
0.597,9250
0.597,9249
0.598,9248
0.598,9247
0.598,9246
0.598,9245
0.598,9244
0.598,9243
0.598,9242
0.598,9241
0.599,9240
0.599,9239
0.599,9238
0.599,9237
0.599,9236
0.599,9235
0.599,9234
0.6,9233
0.6,9232
0.6,9231
0.6,9230
0.6,9229
0.601,9228
0.601,9227
0.601,9226
0.601,9225
0.601,9224
0.602,9223
0.602,9222
0.602,9221
0.602,9220
0.602,9219
0.602,9218
0.602,9217
0.603,9216
0.603,9215
0.603,9214
0.603,9213
0.603,9212
0.603,9211
0.603,9210
0.604,9209
0.604,9208
0.604,9207
0.604,9206
0.604,9205
0.604,9204
0.605,9203
0.605,9202
0.605,9201
0.605,9200
0.605,9199
0.605,9198
0.605,9197
0.605,9196
0.605,9195
0.605,9194
0.606,9193
0.606,9192
0.606,9191
0.606,9190
0.606,9189
0.606,9188
0.606,9187
0.606,9186
0.606,9185
0.607,9184
0.607,9183
0.607,9182
0.607,9181
0.607,9180
0.608,9179
0.608,9178
0.608,9177
0.608,9176
0.608,9175
0.608,9174
0.608,9173
0.608,9172
0.608,9171
0.608,9170
0.608,9169
0.609,9168
0.609,9167
0.609,9166
0.609,9165
0.609,9164
0.609,9163
0.609,9162
0.609,9161
0.609,9160
0.61,9159
0.61,9158
0.61,9157
0.61,9156
0.61,9155
0.61,9154
0.61,9153
0.61,9152
0.611,9151
0.611,9150
0.611,9149
0.611,9148
0.611,9147
0.611,9146
0.611,9145
0.611,9144
0.611,9143
0.611,9142
0.612,9141
0.612,9140
0.612,9139
0.612,9138
0.612,9137
0.612,9136
0.612,9135
0.612,9134
0.612,9133
0.613,9132
0.613,9131
0.613,9130
0.613,9129
0.613,9128
0.614,9127
0.614,9126
0.614,9125
0.614,9124
0.614,9123
0.615,9122
0.615,9121
0.615,9120
0.615,9119
0.615,9118
0.615,9117
0.616,9116
0.616,9115
0.616,9114
0.616,9113
0.616,9112
0.616,9111
0.616,9110
0.616,9109
0.616,9108
0.617,9107
0.617,9106
0.617,9105
0.617,9104
0.617,9103
0.617,9102
0.617,9101
0.618,9100
0.618,9099
0.618,9098
0.618,9097
0.618,9096
0.619,9095
0.619,9094
0.619,9093
0.619,9092
0.619,9091
0.619,9090
0.619,9089
0.62,9088
0.62,9087
0.62,9086
0.62,9085
0.62,9084
0.62,9083
0.62,9082
0.62,9081
0.621,9080
0.621,9079
0.621,9078
0.621,9077
0.621,9076
0.621,9075
0.621,9074
0.621,9073
0.621,9072
0.621,9071
0.621,9070
0.622,9069
0.622,9068
0.622,9067
0.622,9066
0.622,9065
0.622,9064
0.622,9063
0.622,9062
0.622,9061
0.622,9060
0.623,9059
0.623,9058
0.623,9057
0.623,9056
0.623,9055
0.623,9054
0.623,9053
0.623,9052
0.623,9051
0.624,9050
0.624,9049
0.624,9048
0.624,9047
0.624,9046
0.624,9045
0.624,9044
0.625,9043
0.625,9042
0.625,9041
0.625,9040
0.625,9039
0.625,9038
0.625,9037
0.625,9036
0.625,9035
0.626,9034
0.626,9033
0.626,9032
0.626,9031
0.626,9030
0.626,9029
0.627,9028
0.627,9027
0.627,9026
0.627,9025
0.627,9024
0.627,9023
0.627,9022
0.627,9021
0.627,9020
0.627,9019
0.628,9018
0.628,9017
0.628,9016
0.628,9015
0.628,9014
0.628,9013
0.628,9012
0.628,9011
0.628,9010
0.628,9009
0.629,9008
0.629,9007
0.629,9006
0.629,9005
0.629,9004
0.629,9003
0.629,9002
0.63,9001
0.63,9000
0.63,8999
0.63,8998
0.63,8997
0.63,8996
0.63,8995
0.63,8994
0.631,8993
0.631,8992
0.631,8991
0.631,8990
0.631,8989
0.632,8988
0.632,8987
0.632,8986
0.632,8985
0.632,8984
0.632,8983
0.633,8982
0.633,8981
0.633,8980
0.633,8979
0.633,8978
0.633,8977
0.634,8976
0.634,8975
0.634,8974
0.634,8973
0.634,8972
0.635,8971
0.635,8970
0.635,8969
0.635,8968
0.636,8967
0.636,8966
0.636,8965
0.637,8964
0.637,8963
0.637,8962
0.637,8961
0.637,8960
0.638,8959
0.638,8958
0.638,8957
0.638,8956
0.638,8955
0.639,8954
0.639,8953
0.64,8952
0.64,8951
0.64,8950
0.64,8949
0.641,8948
0.641,8947
0.641,8946
0.641,8945
0.641,8944
0.642,8943
0.642,8942
0.642,8941
0.642,8940
0.642,8939
0.643,8938
0.643,8937
0.643,8936
0.643,8935
0.643,8934
0.643,8933
0.643,8932
0.644,8931
0.644,8930
0.644,8929
0.644,8928
0.644,8927
0.644,8926
0.644,8925
0.644,8924
0.644,8923
0.645,8922
0.645,8921
0.645,8920
0.645,8919
0.645,8918
0.645,8917
0.646,8916
0.646,8915
0.646,8914
0.646,8913
0.646,8912
0.646,8911
0.646,8910
0.647,8909
0.647,8908
0.647,8907
0.647,8906
0.647,8905
0.647,8904
0.647,8903
0.647,8902
0.648,8901
0.648,8900
0.648,8899
0.648,8898
0.648,8897
0.648,8896
0.648,8895
0.648,8894
0.649,8893
0.649,8892
0.649,8891
0.649,8890
0.649,8889
0.649,8888
0.65,8887
0.65,8886
0.65,8885
0.65,8884
0.65,8883
0.65,8882
0.651,8881
0.651,8880
0.651,8879
0.651,8878
0.651,8877
0.651,8876
0.651,8875
0.651,8874
0.651,8873
0.652,8872
0.652,8871
0.652,8870
0.652,8869
0.652,8868
0.652,8867
0.652,8866
0.652,8865
0.652,8864
0.653,8863
0.653,8862
0.653,8861
0.653,8860
0.653,8859
0.653,8858
0.653,8857
0.654,8856
0.654,8855
0.654,8854
0.654,8853
0.654,8852
0.655,8851
0.655,8850
0.655,8849
0.655,8848
0.655,8847
0.655,8846
0.655,8845
0.656,8844
0.656,8843
0.656,8842
0.656,8841
0.656,8840
0.656,8839
0.656,8838
0.656,8837
0.657,8836
0.657,8835
0.657,8834
0.657,8833
0.657,8832
0.657,8831
0.657,8830
0.657,8829
0.657,8828
0.658,8827
0.658,8826
0.658,8825
0.658,8824
0.658,8823
0.658,8822
0.658,8821
0.658,8820
0.658,8819
0.659,8818
0.659,8817
0.659,8816
0.659,8815
0.659,8814
0.659,8813
0.659,8812
0.659,8811
0.66,8810
0.66,8809
0.66,8808
0.66,8807
0.66,8806
0.66,8805
0.661,8804
0.661,8803
0.661,8802
0.661,8801
0.661,8800
0.661,8799
0.661,8798
0.662,8797
0.662,8796
0.662,8795
0.662,8794
0.662,8793
0.662,8792
0.662,8791
0.663,8790
0.663,8789
0.663,8788
0.663,8787
0.663,8786
0.663,8785
0.663,8784
0.664,8783
0.664,8782
0.664,8781
0.664,8780
0.664,8779
0.664,8778
0.664,8777
0.664,8776
0.665,8775
0.665,8774
0.665,8773
0.665,8772
0.665,8771
0.665,8770
0.665,8769
0.665,8768
0.666,8767
0.666,8766
0.666,8765
0.666,8764
0.666,8763
0.666,8762
0.666,8761
0.666,8760
0.667,8759
0.667,8758
0.667,8757
0.667,8756
0.667,8755
0.667,8754
0.667,8753
0.668,8752
0.668,8751
0.668,8750
0.668,8749
0.668,8748
0.669,8747
0.669,8746
0.669,8745
0.669,8744
0.669,8743
0.669,8742
0.669,8741
0.669,8740
0.67,8739
0.67,8738
0.67,8737
0.67,8736
0.67,8735
0.67,8734
0.67,8733
0.671,8732
0.671,8731
0.671,8730
0.671,8729
0.671,8728
0.671,8727
0.671,8726
0.671,8725
0.671,8724
0.671,8723
0.671,8722
0.672,8721
0.672,8720
0.672,8719
0.672,8718
0.672,8717
0.672,8716
0.672,8715
0.673,8714
0.673,8713
0.673,8712
0.673,8711
0.673,8710
0.673,8709
0.673,8708
0.674,8707
0.674,8706
0.674,8705
0.674,8704
0.674,8703
0.674,8702
0.674,8701
0.674,8700
0.675,8699
0.675,8698
0.675,8697
0.675,8696
0.675,8695
0.676,8694
0.676,8693
0.676,8692
0.676,8691
0.676,8690
0.676,8689
0.677,8688
0.677,8687
0.677,8686
0.677,8685
0.677,8684
0.677,8683
0.677,8682
0.677,8681
0.677,8680
0.678,8679
0.678,8678
0.678,8677
0.678,8676
0.678,8675
0.678,8674
0.678,8673
0.679,8672
0.679,8671
0.679,8670
0.679,8669
0.679,8668
0.679,8667
0.679,8666
0.679,8665
0.68,8664
0.68,8663
0.68,8662
0.68,8661
0.68,8660
0.68,8659
0.68,8658
0.681,8657
0.681,8656
0.681,8655
0.681,8654
0.681,8653
0.681,8652
0.681,8651
0.681,8650
0.681,8649
0.682,8648
0.682,8647
0.682,8646
0.682,8645
0.682,8644
0.682,8643
0.682,8642
0.682,8641
0.682,8640
0.683,8639
0.683,8638
0.683,8637
0.683,8636
0.683,8635
0.683,8634
0.683,8633
0.683,8632
0.684,8631
0.684,8630
0.684,8629
0.684,8628
0.684,8627
0.685,8626
0.685,8625
0.685,8624
0.685,8623
0.685,8622
0.685,8621
0.685,8620
0.685,8619
0.686,8618
0.686,8617
0.686,8616
0.686,8615
0.686,8614
0.686,8613
0.686,8612
0.686,8611
0.687,8610
0.687,8609
0.687,8608
0.687,8607
0.687,8606
0.687,8605
0.687,8604
0.687,8603
0.687,8602
0.688,8601
0.688,8600
0.688,8599
0.688,8598
0.688,8597
0.688,8596
0.688,8595
0.689,8594
0.689,8593
0.689,8592
0.689,8591
0.689,8590
0.689,8589
0.689,8588
0.69,8587
0.69,8586
0.69,8585
0.69,8584
0.69,8583
0.69,8582
0.69,8581
0.69,8580
0.691,8579
0.691,8578
0.691,8577
0.691,8576
0.691,8575
0.691,8574
0.691,8573
0.691,8572
0.692,8571
0.692,8570
0.692,8569
0.692,8568
0.692,8567
0.692,8566
0.693,8565
0.693,8564
0.7,8563
0.701,8562
0.701,8561
0.701,8560
0.701,8559
0.701,8558
0.701,8557
0.701,8556
0.701,8555
0.702,8554
0.702,8553
0.702,8552
0.702,8551
0.702,8550
0.702,8549
0.702,8548
0.703,8547
0.703,8546
0.703,8545
0.703,8544
0.704,8543
0.704,8542
0.704,8541
0.704,8540
0.704,8539
0.704,8538
0.704,8537
0.704,8536
0.704,8535
0.704,8534
0.705,8533
0.705,8532
0.705,8531
0.705,8530
0.705,8529
0.705,8528
0.705,8527
0.705,8526
0.705,8525
0.706,8524
0.706,8523
0.706,8522
0.706,8521
0.706,8520
0.706,8519
0.706,8518
0.706,8517
0.706,8516
0.706,8515
0.706,8514
0.706,8513
0.707,8512
0.707,8511
0.707,8510
0.707,8509
0.707,8508
0.707,8507
0.707,8506
0.707,8505
0.707,8504
0.707,8503
0.707,8502
0.707,8501
0.708,8500
0.708,8499
0.708,8498
0.708,8497
0.708,8496
0.708,8495
0.708,8494
0.708,8493
0.708,8492
0.709,8491
0.709,8490
0.709,8489
0.71,8488
0.71,8487
0.71,8486
0.71,8485
0.71,8484
0.71,8483
0.71,8482
0.71,8481
0.71,8480
0.71,8479
0.71,8478
0.711,8477
0.711,8476
0.711,8475
0.711,8474
0.711,8473
0.711,8472
0.712,8471
0.712,8470
0.712,8469
0.712,8468
0.712,8467
0.712,8466
0.713,8465
0.713,8464
0.713,8463
0.713,8462
0.713,8461
0.713,8460
0.714,8459
0.714,8458
0.714,8457
0.714,8456
0.714,8455
0.714,8454
0.714,8453
0.714,8452
0.714,8451
0.714,8450
0.715,8449
0.715,8448
0.715,8447
0.715,8446
0.715,8445
0.715,8444
0.715,8443
0.715,8442
0.715,8441
0.715,8440
0.715,8439
0.716,8438
0.716,8437
0.716,8436
0.716,8435
0.716,8434
0.716,8433
0.716,8432
0.716,8431
0.717,8430
0.717,8429
0.717,8428
0.717,8427
0.717,8426
0.717,8425
0.717,8424
0.718,8423
0.718,8422
0.718,8421
0.718,8420
0.718,8419
0.718,8418
0.718,8417
0.719,8416
0.719,8415
0.719,8414
0.719,8413
0.719,8412
0.719,8411
0.719,8410
0.719,8409
0.72,8408
0.72,8407
0.72,8406
0.72,8405
0.72,8404
0.72,8403
0.72,8402
0.721,8401
0.721,8400
0.721,8399
0.721,8398
0.721,8397
0.721,8396
0.721,8395
0.721,8394
0.722,8393
0.722,8392
0.722,8391
0.722,8390
0.723,8389
0.723,8388
0.723,8387
0.723,8386
0.723,8385
0.723,8384
0.723,8383
0.724,8382
0.724,8381
0.724,8380
0.724,8379
0.724,8378
0.725,8377
0.725,8376
0.725,8375
0.725,8374
0.725,8373
0.725,8372
0.726,8371
0.726,8370
0.726,8369
0.726,8368
0.726,8367
0.726,8366
0.726,8365
0.727,8364
0.727,8363
0.727,8362
0.727,8361
0.727,8360
0.727,8359
0.727,8358
0.727,8357
0.728,8356
0.728,8355
0.728,8354
0.728,8353
0.728,8352
0.728,8351
0.728,8350
0.728,8349
0.729,8348
0.729,8347
0.729,8346
0.729,8345
0.73,8344
0.73,8343
0.73,8342
0.73,8341
0.73,8340
0.73,8339
0.73,8338
0.73,8337
0.731,8336
0.731,8335
0.731,8334
0.731,8333
0.731,8332
0.731,8331
0.731,8330
0.731,8329
0.731,8328
0.731,8327
0.732,8326
0.732,8325
0.732,8324
0.732,8323
0.732,8322
0.732,8321
0.732,8320
0.732,8319
0.732,8318
0.732,8317
0.732,8316
0.732,8315
0.732,8314
0.733,8313
0.733,8312
0.733,8311
0.733,8310
0.733,8309
0.733,8308
0.733,8307
0.733,8306
0.733,8305
0.734,8304
0.734,8303
0.734,8302
0.734,8301
0.734,8300
0.734,8299
0.735,8298
0.735,8297
0.735,8296
0.735,8295
0.735,8294
0.735,8293
0.735,8292
0.735,8291
0.735,8290
0.735,8289
0.735,8288
0.736,8287
0.736,8286
0.736,8285
0.736,8284
0.736,8283
0.737,8282
0.737,8281
0.737,8280
0.737,8279
0.737,8278
0.737,8277
0.737,8276
0.737,8275
0.737,8274
0.737,8273
0.738,8272
0.738,8271
0.738,8270
0.738,8269
0.738,8268
0.738,8267
0.738,8266
0.739,8265
0.739,8264
0.739,8263
0.739,8262
0.739,8261
0.739,8260
0.74,8259
0.74,8258
0.74,8257
0.74,8256
0.74,8255
0.74,8254
0.74,8253
0.74,8252
0.741,8251
0.741,8250
0.741,8249
0.741,8248
0.741,8247
0.741,8246
0.742,8245
0.742,8244
0.742,8243
0.742,8242
0.742,8241
0.742,8240
0.742,8239
0.742,8238
0.743,8237
0.743,8236
0.743,8235
0.743,8234
0.743,8233
0.743,8232
0.743,8231
0.743,8230
0.743,8229
0.744,8228
0.744,8227
0.744,8226
0.745,8225
0.745,8224
0.745,8223
0.745,8222
0.745,8221
0.745,8220
0.745,8219
0.745,8218
0.745,8217
0.745,8216
0.746,8215
0.746,8214
0.746,8213
0.746,8212
0.746,8211
0.746,8210
0.746,8209
0.746,8208
0.746,8207
0.746,8206
0.746,8205
0.746,8204
0.747,8203
0.747,8202
0.747,8201
0.747,8200
0.747,8199
0.747,8198
0.747,8197
0.747,8196
0.747,8195
0.747,8194
0.747,8193
0.748,8192
0.748,8191
0.748,8190
0.748,8189
0.748,8188
0.748,8187
0.748,8186
0.748,8185
0.749,8184
0.749,8183
0.749,8182
0.749,8181
0.749,8180
0.749,8179
0.749,8178
0.749,8177
0.749,8176
0.75,8175
0.75,8174
0.75,8173
0.75,8172
0.75,8171
0.75,8170
0.75,8169
0.75,8168
0.75,8167
0.75,8166
0.75,8165
0.751,8164
0.751,8163
0.751,8162
0.751,8161
0.751,8160
0.752,8159
0.752,8158
0.752,8157
0.752,8156
0.752,8155
0.752,8154
0.752,8153
0.752,8152
0.753,8151
0.753,8150
0.753,8149
0.753,8148
0.753,8147
0.753,8146
0.753,8145
0.754,8144
0.754,8143
0.754,8142
0.754,8141
0.754,8140
0.754,8139
0.754,8138
0.754,8137
0.754,8136
0.754,8135
0.754,8134
0.754,8133
0.755,8132
0.755,8131
0.755,8130
0.755,8129
0.755,8128
0.755,8127
0.755,8126
0.756,8125
0.756,8124
0.756,8123
0.756,8122
0.756,8121
0.756,8120
0.756,8119
0.756,8118
0.756,8117
0.756,8116
0.756,8115
0.757,8114
0.757,8113
0.757,8112
0.757,8111
0.757,8110
0.757,8109
0.757,8108
0.758,8107
0.758,8106
0.758,8105
0.758,8104
0.758,8103
0.759,8102
0.759,8101
0.759,8100
0.759,8099
0.759,8098
0.76,8097
0.76,8096
0.76,8095
0.76,8094
0.76,8093
0.76,8092
0.76,8091
0.76,8090
0.761,8089
0.761,8088
0.761,8087
0.761,8086
0.761,8085
0.761,8084
0.761,8083
0.761,8082
0.762,8081
0.762,8080
0.762,8079
0.762,8078
0.762,8077
0.762,8076
0.762,8075
0.763,8074
0.763,8073
0.763,8072
0.763,8071
0.763,8070
0.764,8069
0.764,8068
0.764,8067
0.764,8066
0.764,8065
0.765,8064
0.765,8063
0.765,8062
0.765,8061
0.765,8060
0.765,8059
0.766,8058
0.766,8057
0.766,8056
0.766,8055
0.766,8054
0.766,8053
0.767,8052
0.767,8051
0.767,8050
0.767,8049
0.767,8048
0.768,8047
0.768,8046
0.768,8045
0.768,8044
0.768,8043
0.768,8042
0.768,8041
0.768,8040
0.768,8039
0.768,8038
0.769,8037
0.769,8036
0.769,8035
0.769,8034
0.769,8033
0.769,8032
0.769,8031
0.769,8030
0.769,8029
0.769,8028
0.77,8027
0.77,8026
0.77,8025
0.77,8024
0.77,8023
0.77,8022
0.77,8021
0.77,8020
0.77,8019
0.771,8018
0.771,8017
0.771,8016
0.771,8015
0.771,8014
0.771,8013
0.771,8012
0.772,8011
0.772,8010
0.772,8009
0.772,8008
0.772,8007
0.772,8006
0.772,8005
0.772,8004
0.772,8003
0.773,8002
0.773,8001
0.773,8000
0.773,7999
0.773,7998
0.773,7997
0.773,7996
0.773,7995
0.774,7994
0.774,7993
0.774,7992
0.774,7991
0.774,7990
0.774,7989
0.774,7988
0.775,7987
0.775,7986
0.775,7985
0.775,7984
0.775,7983
0.775,7982
0.776,7981
0.776,7980
0.776,7979
0.776,7978
0.776,7977
0.776,7976
0.776,7975
0.777,7974
0.777,7973
0.777,7972
0.777,7971
0.777,7970
0.777,7969
0.777,7968
0.778,7967
0.778,7966
0.778,7965
0.778,7964
0.778,7963
0.778,7962
0.778,7961
0.779,7960
0.779,7959
0.779,7958
0.779,7957
0.779,7956
0.779,7955
0.779,7954
0.779,7953
0.78,7952
0.78,7951
0.78,7950
0.78,7949
0.78,7948
0.78,7947
0.781,7946
0.781,7945
0.781,7944
0.781,7943
0.781,7942
0.781,7941
0.782,7940
0.782,7939
0.782,7938
0.782,7937
0.782,7936
0.782,7935
0.783,7934
0.783,7933
0.783,7932
0.783,7931
0.783,7930
0.783,7929
0.783,7928
0.783,7927
0.783,7926
0.783,7925
0.783,7924
0.784,7923
0.784,7922
0.784,7921
0.784,7920
0.784,7919
0.784,7918
0.784,7917
0.784,7916
0.785,7915
0.785,7914
0.785,7913
0.785,7912
0.785,7911
0.785,7910
0.785,7909
0.785,7908
0.785,7907
0.785,7906
0.786,7905
0.786,7904
0.786,7903
0.786,7902
0.786,7901
0.786,7900
0.786,7899
0.786,7898
0.786,7897
0.787,7896
0.787,7895
0.787,7894
0.787,7893
0.787,7892
0.787,7891
0.787,7890
0.787,7889
0.787,7888
0.788,7887
0.788,7886
0.788,7885
0.788,7884
0.788,7883
0.788,7882
0.788,7881
0.788,7880
0.789,7879
0.789,7878
0.789,7877
0.789,7876
0.789,7875
0.789,7874
0.789,7873
0.789,7872
0.789,7871
0.789,7870
0.79,7869
0.79,7868
0.79,7867
0.79,7866
0.79,7865
0.79,7864
0.79,7863
0.791,7862
0.791,7861
0.791,7860
0.791,7859
0.791,7858
0.791,7857
0.791,7856
0.791,7855
0.791,7854
0.792,7853
0.792,7852
0.792,7851
0.793,7850
0.793,7849
0.793,7848
0.793,7847
0.793,7846
0.793,7845
0.793,7844
0.793,7843
0.793,7842
0.793,7841
0.793,7840
0.794,7839
0.794,7838
0.794,7837
0.794,7836
0.794,7835
0.794,7834
0.794,7833
0.794,7832
0.794,7831
0.794,7830
0.794,7829
0.794,7828
0.795,7827
0.795,7826
0.795,7825
0.795,7824
0.795,7823
0.796,7822
0.796,7821
0.796,7820
0.796,7819
0.796,7818
0.796,7817
0.796,7816
0.797,7815
0.797,7814
0.797,7813
0.797,7812
0.798,7811
0.798,7810
0.798,7809
0.798,7808
0.799,7807
0.799,7806
0.799,7805
0.799,7804
0.799,7803
0.799,7802
0.799,7801
0.8,7800
0.8,7799
0.8,7798
0.8,7797
0.8,7796
0.8,7795
0.8,7794
0.8,7793
0.8,7792
0.801,7791
0.801,7790
0.801,7789
0.801,7788
0.801,7787
0.801,7786
0.801,7785
0.801,7784
0.802,7783
0.802,7782
0.802,7781
0.802,7780
0.802,7779
0.802,7778
0.803,7777
0.803,7776
0.803,7775
0.803,7774
0.803,7773
0.803,7772
0.803,7771
0.804,7770
0.804,7769
0.804,7768
0.804,7767
0.804,7766
0.804,7765
0.804,7764
0.804,7763
0.804,7762
0.804,7761
0.805,7760
0.805,7759
0.805,7758
0.805,7757
0.805,7756
0.806,7755
0.806,7754
0.806,7753
0.806,7752
0.806,7751
0.806,7750
0.806,7749
0.807,7748
0.807,7747
0.807,7746
0.807,7745
0.807,7744
0.808,7743
0.808,7742
0.808,7741
0.808,7740
0.808,7739
0.808,7738
0.809,7737
0.809,7736
0.809,7735
0.809,7734
0.809,7733
0.809,7732
0.809,7731
0.81,7730
0.81,7729
0.81,7728
0.81,7727
0.81,7726
0.81,7725
0.81,7724
0.811,7723
0.811,7722
0.811,7721
0.811,7720
0.811,7719
0.812,7718
0.812,7717
0.812,7716
0.812,7715
0.812,7714
0.812,7713
0.812,7712
0.813,7711
0.813,7710
0.813,7709
0.813,7708
0.813,7707
0.813,7706
0.813,7705
0.813,7704
0.814,7703
0.814,7702
0.814,7701
0.814,7700
0.814,7699
0.814,7698
0.814,7697
0.814,7696
0.814,7695
0.814,7694
0.815,7693
0.815,7692
0.815,7691
0.815,7690
0.815,7689
0.815,7688
0.815,7687
0.815,7686
0.816,7685
0.816,7684
0.816,7683
0.817,7682
0.817,7681
0.817,7680
0.817,7679
0.817,7678
0.817,7677
0.817,7676
0.818,7675
0.818,7674
0.818,7673
0.818,7672
0.818,7671
0.818,7670
0.818,7669
0.818,7668
0.819,7667
0.819,7666
0.819,7665
0.819,7664
0.819,7663
0.819,7662
0.819,7661
0.819,7660
0.819,7659
0.819,7658
0.82,7657
0.82,7656
0.82,7655
0.82,7654
0.82,7653
0.82,7652
0.82,7651
0.82,7650
0.82,7649
0.82,7648
0.82,7647
0.821,7646
0.821,7645
0.821,7644
0.821,7643
0.821,7642
0.821,7641
0.822,7640
0.822,7639
0.822,7638
0.822,7637
0.822,7636
0.823,7635
0.823,7634
0.823,7633
0.823,7632
0.823,7631
0.823,7630
0.824,7629
0.824,7628
0.824,7627
0.824,7626
0.824,7625
0.824,7624
0.824,7623
0.824,7622
0.825,7621
0.825,7620
0.825,7619
0.825,7618
0.825,7617
0.825,7616
0.825,7615
0.825,7614
0.826,7613
0.826,7612
0.826,7611
0.826,7610
0.826,7609
0.826,7608
0.826,7607
0.826,7606
0.826,7605
0.827,7604
0.827,7603
0.827,7602
0.827,7601
0.827,7600
0.827,7599
0.827,7598
0.827,7597
0.828,7596
0.828,7595
0.828,7594
0.828,7593
0.828,7592
0.828,7591
0.828,7590
0.828,7589
0.828,7588
0.828,7587
0.828,7586
0.829,7585
0.829,7584
0.829,7583
0.829,7582
0.829,7581
0.829,7580
0.829,7579
0.829,7578
0.829,7577
0.829,7576
0.83,7575
0.83,7574
0.83,7573
0.83,7572
0.83,7571
0.83,7570
0.83,7569
0.83,7568
0.83,7567
0.83,7566
0.83,7565
0.831,7564
0.831,7563
0.831,7562
0.831,7561
0.832,7560
0.832,7559
0.832,7558
0.832,7557
0.832,7556
0.832,7555
0.832,7554
0.833,7553
0.833,7552
0.833,7551
0.833,7550
0.833,7549
0.833,7548
0.833,7547
0.833,7546
0.833,7545
0.834,7544
0.834,7543
0.834,7542
0.834,7541
0.834,7540
0.834,7539
0.834,7538
0.834,7537
0.835,7536
0.835,7535
0.835,7534
0.835,7533
0.835,7532
0.835,7531
0.835,7530
0.835,7529
0.835,7528
0.836,7527
0.836,7526
0.836,7525
0.837,7524
0.837,7523
0.837,7522
0.837,7521
0.837,7520
0.837,7519
0.838,7518
0.838,7517
0.838,7516
0.838,7515
0.838,7514
0.838,7513
0.838,7512
0.838,7511
0.839,7510
0.839,7509
0.839,7508
0.839,7507
0.839,7506
0.839,7505
0.839,7504
0.84,7503
0.84,7502
0.84,7501
0.84,7500
0.84,7499
0.84,7498
0.84,7497
0.84,7496
0.84,7495
0.84,7494
0.84,7493
0.841,7492
0.841,7491
0.841,7490
0.841,7489
0.842,7488
0.842,7487
0.842,7486
0.842,7485
0.842,7484
0.842,7483
0.842,7482
0.842,7481
0.843,7480
0.843,7479
0.843,7478
0.843,7477
0.843,7476
0.843,7475
0.844,7474
0.844,7473
0.844,7472
0.844,7471
0.844,7470
0.844,7469
0.844,7468
0.844,7467
0.844,7466
0.844,7465
0.844,7464
0.845,7463
0.845,7462
0.845,7461
0.845,7460
0.845,7459
0.845,7458
0.846,7457
0.846,7456
0.846,7455
0.846,7454
0.846,7453
0.846,7452
0.846,7451
0.846,7450
0.847,7449
0.847,7448
0.847,7447
0.847,7446
0.847,7445
0.847,7444
0.847,7443
0.847,7442
0.848,7441
0.848,7440
0.848,7439
0.848,7438
0.848,7437
0.848,7436
0.848,7435
0.849,7434
0.849,7433
0.849,7432
0.849,7431
0.849,7430
0.85,7429
0.85,7428
0.85,7427
0.85,7426
0.85,7425
0.85,7424
0.851,7423
0.851,7422
0.851,7421
0.851,7420
0.851,7419
0.851,7418
0.851,7417
0.852,7416
0.852,7415
0.852,7414
0.852,7413
0.852,7412
0.852,7411
0.852,7410
0.852,7409
0.852,7408
0.853,7407
0.853,7406
0.853,7405
0.853,7404
0.854,7403
0.854,7402
0.854,7401
0.854,7400
0.854,7399
0.854,7398
0.854,7397
0.854,7396
0.855,7395
0.855,7394
0.855,7393
0.856,7392
0.856,7391
0.856,7390
0.856,7389
0.856,7388
0.856,7387
0.856,7386
0.857,7385
0.857,7384
0.857,7383
0.857,7382
0.857,7381
0.857,7380
0.858,7379
0.858,7378
0.858,7377
0.858,7376
0.858,7375
0.858,7374
0.858,7373
0.859,7372
0.859,7371
0.859,7370
0.859,7369
0.859,7368
0.859,7367
0.859,7366
0.86,7365
0.86,7364
0.86,7363
0.86,7362
0.86,7361
0.86,7360
0.86,7359
0.86,7358
0.861,7357
0.861,7356
0.861,7355
0.861,7354
0.861,7353
0.861,7352
0.861,7351
0.861,7350
0.861,7349
0.861,7348
0.862,7347
0.862,7346
0.862,7345
0.862,7344
0.862,7343
0.862,7342
0.862,7341
0.862,7340
0.862,7339
0.862,7338
0.863,7337
0.863,7336
0.863,7335
0.863,7334
0.863,7333
0.864,7332
0.864,7331
0.864,7330
0.864,7329
0.864,7328
0.864,7327
0.864,7326
0.865,7325
0.865,7324
0.865,7323
0.865,7322
0.865,7321
0.865,7320
0.865,7319
0.866,7318
0.866,7317
0.866,7316
0.866,7315
0.866,7314
0.866,7313
0.867,7312
0.867,7311
0.867,7310
0.867,7309
0.867,7308
0.867,7307
0.867,7306
0.868,7305
0.868,7304
0.868,7303
0.868,7302
0.869,7301
0.869,7300
0.869,7299
0.869,7298
0.869,7297
0.87,7296
0.87,7295
0.87,7294
0.87,7293
0.87,7292
0.87,7291
0.871,7290
0.871,7289
0.871,7288
0.871,7287
0.871,7286
0.871,7285
0.871,7284
0.871,7283
0.871,7282
0.871,7281
0.871,7280
0.872,7279
0.872,7278
0.872,7277
0.872,7276
0.872,7275
0.872,7274
0.872,7273
0.872,7272
0.872,7271
0.873,7270
0.873,7269
0.873,7268
0.873,7267
0.873,7266
0.874,7265
0.874,7264
0.874,7263
0.874,7262
0.874,7261
0.874,7260
0.874,7259
0.874,7258
0.875,7257
0.875,7256
0.875,7255
0.875,7254
0.875,7253
0.875,7252
0.875,7251
0.876,7250
0.876,7249
0.876,7248
0.876,7247
0.876,7246
0.876,7245
0.876,7244
0.876,7243
0.876,7242
0.877,7241
0.877,7240
0.877,7239
0.877,7238
0.877,7237
0.878,7236
0.878,7235
0.878,7234
0.878,7233
0.878,7232
0.878,7231
0.878,7230
0.878,7229
0.879,7228
0.879,7227
0.879,7226
0.879,7225
0.879,7224
0.879,7223
0.879,7222
0.879,7221
0.879,7220
0.88,7219
0.88,7218
0.88,7217
0.88,7216
0.88,7215
0.881,7214
0.881,7213
0.881,7212
0.881,7211
0.881,7210
0.881,7209
0.882,7208
0.882,7207
0.882,7206
0.882,7205
0.882,7204
0.882,7203
0.882,7202
0.882,7201
0.882,7200
0.883,7199
0.883,7198
0.883,7197
0.883,7196
0.883,7195
0.883,7194
0.883,7193
0.884,7192
0.884,7191
0.884,7190
0.884,7189
0.884,7188
0.884,7187
0.884,7186
0.884,7185
0.884,7184
0.884,7183
0.884,7182
0.885,7181
0.885,7180
0.885,7179
0.885,7178
0.885,7177
0.885,7176
0.885,7175
0.886,7174
0.886,7173
0.886,7172
0.886,7171
0.886,7170
0.886,7169
0.886,7168
0.886,7167
0.886,7166
0.887,7165
0.887,7164
0.887,7163
0.887,7162
0.887,7161
0.887,7160
0.887,7159
0.888,7158
0.888,7157
0.888,7156
0.888,7155
0.888,7154
0.888,7153
0.888,7152
0.888,7151
0.888,7150
0.888,7149
0.889,7148
0.889,7147
0.889,7146
0.889,7145
0.889,7144
0.889,7143
0.89,7142
0.89,7141
0.89,7140
0.89,7139
0.89,7138
0.89,7137
0.89,7136
0.89,7135
0.89,7134
0.891,7133
0.891,7132
0.891,7131
0.891,7130
0.891,7129
0.891,7128
0.891,7127
0.891,7126
0.891,7125
0.891,7124
0.892,7123
0.892,7122
0.892,7121
0.892,7120
0.892,7119
0.892,7118
0.892,7117
0.892,7116
0.893,7115
0.893,7114
0.893,7113
0.893,7112
0.893,7111
0.893,7110
0.893,7109
0.893,7108
0.893,7107
0.893,7106
0.894,7105
0.894,7104
0.894,7103
0.894,7102
0.894,7101
0.894,7100
0.894,7099
0.895,7098
0.895,7097
0.895,7096
0.895,7095
0.895,7094
0.895,7093
0.895,7092
0.895,7091
0.895,7090
0.895,7089
0.896,7088
0.896,7087
0.896,7086
0.896,7085
0.896,7084
0.896,7083
0.896,7082
0.897,7081
0.897,7080
0.897,7079
0.897,7078
0.897,7077
0.897,7076
0.897,7075
0.898,7074
0.898,7073
0.898,7072
0.898,7071
0.907,7070
0.907,7069
0.907,7068
0.907,7067
0.907,7066
0.907,7065
0.907,7064
0.907,7063
0.907,7062
0.908,7061
0.908,7060
0.908,7059
0.908,7058
0.908,7057
0.909,7056
0.909,7055
0.909,7054
0.909,7053
0.909,7052
0.909,7051
0.909,7050
0.909,7049
0.909,7048
0.909,7047
0.909,7046
0.909,7045
0.91,7044
0.91,7043
0.91,7042
0.91,7041
0.91,7040
0.91,7039
0.911,7038
0.911,7037
0.911,7036
0.911,7035
0.911,7034
0.911,7033
0.911,7032
0.911,7031
0.912,7030
0.912,7029
0.912,7028
0.912,7027
0.912,7026
0.912,7025
0.912,7024
0.912,7023
0.913,7022
0.913,7021
0.913,7020
0.913,7019
0.913,7018
0.913,7017
0.914,7016
0.914,7015
0.914,7014
0.914,7013
0.914,7012
0.914,7011
0.914,7010
0.915,7009
0.915,7008
0.915,7007
0.915,7006
0.915,7005
0.915,7004
0.915,7003
0.916,7002
0.916,7001
0.916,7000
0.916,6999
0.917,6998
0.917,6997
0.917,6996
0.917,6995
0.917,6994
0.918,6993
0.918,6992
0.918,6991
0.919,6990
0.919,6989
0.919,6988
0.919,6987
0.919,6986
0.92,6985
0.92,6984
0.92,6983
0.92,6982
0.92,6981
0.92,6980
0.921,6979
0.921,6978
0.921,6977
0.921,6976
0.921,6975
0.922,6974
0.922,6973
0.922,6972
0.922,6971
0.922,6970
0.922,6969
0.922,6968
0.922,6967
0.923,6966
0.923,6965
0.923,6964
0.923,6963
0.923,6962
0.923,6961
0.923,6960
0.923,6959
0.923,6958
0.924,6957
0.924,6956
0.924,6955
0.924,6954
0.925,6953
0.925,6952
0.925,6951
0.925,6950
0.925,6949
0.925,6948
0.925,6947
0.925,6946
0.926,6945
0.926,6944
0.926,6943
0.926,6942
0.926,6941
0.926,6940
0.926,6939
0.926,6938
0.927,6937
0.927,6936
0.927,6935
0.927,6934
0.927,6933
0.927,6932
0.927,6931
0.927,6930
0.927,6929
0.928,6928
0.928,6927
0.928,6926
0.928,6925
0.929,6924
0.929,6923
0.929,6922
0.929,6921
0.929,6920
0.929,6919
0.929,6918
0.929,6917
0.929,6916
0.93,6915
0.93,6914
0.93,6913
0.93,6912
0.93,6911
0.931,6910
0.931,6909
0.931,6908
0.931,6907
0.931,6906
0.931,6905
0.931,6904
0.932,6903
0.932,6902
0.932,6901
0.932,6900
0.932,6899
0.932,6898
0.933,6897
0.933,6896
0.933,6895
0.933,6894
0.933,6893
0.933,6892
0.933,6891
0.933,6890
0.934,6889
0.934,6888
0.935,6887
0.935,6886
0.935,6885
0.935,6884
0.935,6883
0.936,6882
0.936,6881
0.936,6880
0.936,6879
0.936,6878
0.936,6877
0.937,6876
0.937,6875
0.937,6874
0.937,6873
0.937,6872
0.937,6871
0.937,6870
0.937,6869
0.938,6868
0.938,6867
0.938,6866
0.938,6865
0.938,6864
0.938,6863
0.938,6862
0.938,6861
0.938,6860
0.939,6859
0.939,6858
0.939,6857
0.939,6856
0.939,6855
0.939,6854
0.94,6853
0.94,6852
0.94,6851
0.94,6850
0.94,6849
0.941,6848
0.941,6847
0.941,6846
0.941,6845
0.941,6844
0.941,6843
0.942,6842
0.942,6841
0.942,6840
0.942,6839
0.942,6838
0.942,6837
0.942,6836
0.942,6835
0.943,6834
0.943,6833
0.943,6832
0.943,6831
0.943,6830
0.943,6829
0.943,6828
0.944,6827
0.944,6826
0.944,6825
0.944,6824
0.944,6823
0.944,6822
0.944,6821
0.944,6820
0.944,6819
0.944,6818
0.944,6817
0.944,6816
0.945,6815
0.945,6814
0.946,6813
0.946,6812
0.946,6811
0.946,6810
0.946,6809
0.946,6808
0.946,6807
0.946,6806
0.947,6805
0.947,6804
0.947,6803
0.948,6802
0.948,6801
0.948,6800
0.948,6799
0.948,6798
0.948,6797
0.948,6796
0.948,6795
0.949,6794
0.949,6793
0.949,6792
0.949,6791
0.949,6790
0.949,6789
0.949,6788
0.95,6787
0.95,6786
0.95,6785
0.951,6784
0.951,6783
0.951,6782
0.951,6781
0.952,6780
0.952,6779
0.952,6778
0.952,6777
0.952,6776
0.953,6775
0.953,6774
0.953,6773
0.953,6772
0.953,6771
0.953,6770
0.954,6769
0.954,6768
0.954,6767
0.954,6766
0.954,6765
0.954,6764
0.955,6763
0.955,6762
0.955,6761
0.955,6760
0.955,6759
0.955,6758
0.955,6757
0.955,6756
0.955,6755
0.956,6754
0.956,6753
0.956,6752
0.956,6751
0.956,6750
0.956,6749
0.956,6748
0.956,6747
0.957,6746
0.957,6745
0.957,6744
0.957,6743
0.958,6742
0.958,6741
0.958,6740
0.958,6739
0.958,6738
0.959,6737
0.959,6736
0.959,6735
0.959,6734
0.959,6733
0.959,6732
0.959,6731
0.96,6730
0.96,6729
0.96,6728
0.96,6727
0.96,6726
0.961,6725
0.961,6724
0.961,6723
0.961,6722
0.961,6721
0.961,6720
0.962,6719
0.962,6718
0.962,6717
0.962,6716
0.962,6715
0.963,6714
0.963,6713
0.963,6712
0.963,6711
0.963,6710
0.963,6709
0.963,6708
0.964,6707
0.964,6706
0.964,6705
0.964,6704
0.964,6703
0.964,6702
0.964,6701
0.964,6700
0.964,6699
0.964,6698
0.965,6697
0.965,6696
0.965,6695
0.965,6694
0.965,6693
0.965,6692
0.965,6691
0.965,6690
0.966,6689
0.966,6688
0.966,6687
0.966,6686
0.966,6685
0.966,6684
0.966,6683
0.966,6682
0.966,6681
0.967,6680
0.967,6679
0.967,6678
0.967,6677
0.967,6676
0.968,6675
0.968,6674
0.968,6673
0.968,6672
0.968,6671
0.968,6670
0.968,6669
0.969,6668
0.969,6667
0.969,6666
0.969,6665
0.97,6664
0.97,6663
0.97,6662
0.97,6661
0.97,6660
0.971,6659
0.971,6658
0.971,6657
0.971,6656
0.971,6655
0.971,6654
0.971,6653
0.971,6652
0.971,6651
0.972,6650
0.972,6649
0.972,6648
0.972,6647
0.972,6646
0.972,6645
0.972,6644
0.973,6643
0.973,6642
0.973,6641
0.973,6640
0.973,6639
0.973,6638
0.973,6637
0.973,6636
0.973,6635
0.974,6634
0.974,6633
0.974,6632
0.974,6631
0.974,6630
0.974,6629
0.974,6628
0.974,6627
0.974,6626
0.974,6625
0.974,6624
0.974,6623
0.975,6622
0.975,6621
0.975,6620
0.975,6619
0.975,6618
0.975,6617
0.975,6616
0.975,6615
0.975,6614
0.975,6613
0.976,6612
0.976,6611
0.976,6610
0.976,6609
0.976,6608
0.976,6607
0.976,6606
0.976,6605
0.976,6604
0.976,6603
0.976,6602
0.977,6601
0.978,6600
0.978,6599
0.978,6598
0.978,6597
0.978,6596
0.978,6595
0.978,6594
0.978,6593
0.978,6592
0.979,6591
0.979,6590
0.979,6589
0.98,6588
0.98,6587
0.98,6586
0.98,6585
0.98,6584
0.98,6583
0.98,6582
0.98,6581
0.981,6580
0.981,6579
0.981,6578
0.981,6577
0.981,6576
0.981,6575
0.982,6574
0.982,6573
0.982,6572
0.982,6571
0.982,6570
0.982,6569
0.983,6568
0.983,6567
0.983,6566
0.983,6565
0.984,6564
0.984,6563
0.984,6562
0.984,6561
0.984,6560
0.984,6559
0.984,6558
0.984,6557
0.985,6556
0.985,6555
0.985,6554
0.985,6553
0.985,6552
0.985,6551
0.985,6550
0.985,6549
0.986,6548
0.986,6547
0.986,6546
0.986,6545
0.986,6544
0.986,6543
0.987,6542
0.987,6541
0.987,6540
0.987,6539
0.987,6538
0.987,6537
0.987,6536
0.987,6535
0.987,6534
0.988,6533
0.988,6532
0.988,6531
0.988,6530
0.988,6529
0.989,6528
0.989,6527
0.989,6526
0.989,6525
0.989,6524
0.99,6523
0.99,6522
0.99,6521
0.99,6520
0.99,6519
0.99,6518
0.99,6517
0.99,6516
0.991,6515
0.991,6514
0.991,6513
0.991,6512
0.991,6511
0.991,6510
0.991,6509
0.991,6508
0.992,6507
0.992,6506
0.992,6505
0.992,6504
0.992,6503
0.992,6502
0.992,6501
0.993,6500
0.993,6499
0.993,6498
0.993,6497
0.993,6496
0.993,6495
0.994,6494
0.994,6493
0.994,6492
0.994,6491
0.994,6490
0.995,6489
0.995,6488
0.995,6487
0.995,6486
0.995,6485
0.995,6484
0.995,6483
0.995,6482
0.996,6481
0.996,6480
0.996,6479
0.997,6478
0.997,6477
0.997,6476
0.997,6475
0.997,6474
0.997,6473
0.998,6472
0.998,6471
0.998,6470
0.998,6469
0.998,6468
0.998,6467
0.998,6466
0.998,6465
0.999,6464
0.999,6463
0.999,6462
0.999,6461
0.999,6460
1.0,6459
1.0,6458
1.0,6457
1.0,6456
1.0,6455
1.0,6454
1.0,6453
1.0,6452
1.001,6451
1.001,6450
1.001,6449
1.001,6448
1.001,6447
1.001,6446
1.001,6445
1.002,6444
1.002,6443
1.002,6442
1.002,6441
1.002,6440
1.002,6439
1.003,6438
1.003,6437
1.003,6436
1.003,6435
1.003,6434
1.003,6433
1.003,6432
1.003,6431
1.004,6430
1.004,6429
1.004,6428
1.004,6427
1.004,6426
1.005,6425
1.005,6424
1.005,6423
1.005,6422
1.005,6421
1.005,6420
1.006,6419
1.006,6418
1.006,6417
1.006,6416
1.006,6415
1.006,6414
1.006,6413
1.006,6412
1.006,6411
1.006,6410
1.006,6409
1.007,6408
1.007,6407
1.007,6406
1.007,6405
1.007,6404
1.007,6403
1.008,6402
1.008,6401
1.008,6400
1.008,6399
1.008,6398
1.008,6397
1.008,6396
1.008,6395
1.008,6394
1.009,6393
1.009,6392
1.009,6391
1.009,6390
1.009,6389
1.009,6388
1.009,6387
1.009,6386
1.01,6385
1.01,6384
1.01,6383
1.01,6382
1.01,6381
1.01,6380
1.01,6379
1.01,6378
1.011,6377
1.011,6376
1.011,6375
1.011,6374
1.011,6373
1.011,6372
1.011,6371
1.011,6370
1.012,6369
1.012,6368
1.012,6367
1.013,6366
1.013,6365
1.013,6364
1.013,6363
1.013,6362
1.014,6361
1.014,6360
1.014,6359
1.014,6358
1.014,6357
1.014,6356
1.014,6355
1.014,6354
1.014,6353
1.014,6352
1.014,6351
1.015,6350
1.015,6349
1.015,6348
1.015,6347
1.015,6346
1.015,6345
1.015,6344
1.015,6343
1.015,6342
1.016,6341
1.016,6340
1.016,6339
1.016,6338
1.016,6337
1.017,6336
1.018,6335
1.018,6334
1.018,6333
1.018,6332
1.018,6331
1.018,6330
1.018,6329
1.018,6328
1.018,6327
1.019,6326
1.019,6325
1.02,6324
1.02,6323
1.02,6322
1.02,6321
1.02,6320
1.02,6319
1.02,6318
1.02,6317
1.02,6316
1.02,6315
1.021,6314
1.021,6313
1.021,6312
1.021,6311
1.021,6310
1.021,6309
1.022,6308
1.022,6307
1.022,6306
1.022,6305
1.023,6304
1.023,6303
1.023,6302
1.023,6301
1.023,6300
1.023,6299
1.023,6298
1.023,6297
1.024,6296
1.024,6295
1.024,6294
1.024,6293
1.024,6292
1.024,6291
1.025,6290
1.025,6289
1.025,6288
1.025,6287
1.025,6286
1.026,6285
1.026,6284
1.026,6283
1.026,6282
1.026,6281
1.026,6280
1.026,6279
1.027,6278
1.027,6277
1.027,6276
1.027,6275
1.027,6274
1.028,6273
1.028,6272
1.028,6271
1.029,6270
1.029,6269
1.029,6268
1.03,6267
1.03,6266
1.03,6265
1.03,6264
1.031,6263
1.031,6262
1.031,6261
1.031,6260
1.031,6259
1.031,6258
1.031,6257
1.031,6256
1.031,6255
1.032,6254
1.032,6253
1.032,6252
1.032,6251
1.032,6250
1.033,6249
1.033,6248
1.033,6247
1.033,6246
1.033,6245
1.033,6244
1.033,6243
1.034,6242
1.034,6241
1.034,6240
1.034,6239
1.034,6238
1.034,6237
1.035,6236
1.035,6235
1.035,6234
1.035,6233
1.035,6232
1.035,6231
1.036,6230
1.036,6229
1.036,6228
1.036,6227
1.036,6226
1.036,6225
1.036,6224
1.036,6223
1.037,6222
1.037,6221
1.037,6220
1.037,6219
1.037,6218
1.037,6217
1.038,6216
1.038,6215
1.038,6214
1.038,6213
1.038,6212
1.038,6211
1.039,6210
1.039,6209
1.039,6208
1.039,6207
1.039,6206
1.039,6205
1.04,6204
1.041,6203
1.041,6202
1.041,6201
1.041,6200
1.041,6199
1.041,6198
1.042,6197
1.042,6196
1.042,6195
1.042,6194
1.042,6193
1.042,6192
1.042,6191
1.042,6190
1.042,6189
1.043,6188
1.043,6187
1.043,6186
1.043,6185
1.043,6184
1.043,6183
1.043,6182
1.044,6181
1.044,6180
1.044,6179
1.044,6178
1.044,6177
1.044,6176
1.044,6175
1.044,6174
1.044,6173
1.044,6172
1.045,6171
1.045,6170
1.045,6169
1.045,6168
1.045,6167
1.045,6166
1.046,6165
1.046,6164
1.046,6163
1.046,6162
1.046,6161
1.046,6160
1.047,6159
1.047,6158
1.047,6157
1.047,6156
1.047,6155
1.047,6154
1.048,6153
1.048,6152
1.048,6151
1.049,6150
1.049,6149
1.049,6148
1.049,6147
1.049,6146
1.05,6145
1.05,6144
1.05,6143
1.05,6142
1.05,6141
1.051,6140
1.051,6139
1.051,6138
1.051,6137
1.051,6136
1.051,6135
1.052,6134
1.052,6133
1.053,6132
1.053,6131
1.053,6130
1.053,6129
1.053,6128
1.053,6127
1.053,6126
1.053,6125
1.054,6124
1.054,6123
1.054,6122
1.054,6121
1.054,6120
1.054,6119
1.054,6118
1.054,6117
1.054,6116
1.055,6115
1.055,6114
1.055,6113
1.055,6112
1.056,6111
1.056,6110
1.057,6109
1.057,6108
1.057,6107
1.057,6106
1.058,6105
1.058,6104
1.058,6103
1.058,6102
1.058,6101
1.058,6100
1.058,6099
1.059,6098
1.059,6097
1.059,6096
1.059,6095
1.059,6094
1.059,6093
1.059,6092
1.06,6091
1.06,6090
1.06,6089
1.061,6088
1.061,6087
1.061,6086
1.062,6085
1.062,6084
1.062,6083
1.062,6082
1.063,6081
1.063,6080
1.063,6079
1.064,6078
1.064,6077
1.064,6076
1.064,6075
1.064,6074
1.064,6073
1.064,6072
1.065,6071
1.065,6070
1.065,6069
1.065,6068
1.065,6067
1.065,6066
1.066,6065
1.066,6064
1.066,6063
1.066,6062
1.066,6061
1.067,6060
1.067,6059
1.067,6058
1.068,6057
1.068,6056
1.068,6055
1.068,6054
1.068,6053
1.068,6052
1.068,6051
1.068,6050
1.069,6049
1.069,6048
1.069,6047
1.069,6046
1.069,6045
1.069,6044
1.069,6043
1.069,6042
1.07,6041
1.07,6040
1.07,6039
1.07,6038
1.07,6037
1.07,6036
1.071,6035
1.071,6034
1.071,6033
1.071,6032
1.072,6031
1.072,6030
1.072,6029
1.072,6028
1.072,6027
1.073,6026
1.073,6025
1.073,6024
1.073,6023
1.073,6022
1.073,6021
1.073,6020
1.073,6019
1.073,6018
1.074,6017
1.074,6016
1.074,6015
1.074,6014
1.074,6013
1.074,6012
1.075,6011
1.075,6010
1.075,6009
1.076,6008
1.076,6007
1.076,6006
1.076,6005
1.076,6004
1.077,6003
1.077,6002
1.077,6001
1.077,6000
1.078,5999
1.078,5998
1.078,5997
1.078,5996
1.078,5995
1.078,5994
1.078,5993
1.079,5992
1.079,5991
1.079,5990
1.079,5989
1.079,5988
1.08,5987
1.08,5986
1.08,5985
1.08,5984
1.08,5983
1.08,5982
1.081,5981
1.081,5980
1.081,5979
1.081,5978
1.081,5977
1.081,5976
1.081,5975
1.082,5974
1.082,5973
1.082,5972
1.082,5971
1.082,5970
1.082,5969
1.083,5968
1.083,5967
1.083,5966
1.083,5965
1.084,5964
1.085,5963
1.085,5962
1.085,5961
1.085,5960
1.085,5959
1.085,5958
1.086,5957
1.086,5956
1.086,5955
1.087,5954
1.087,5953
1.088,5952
1.088,5951
1.088,5950
1.089,5949
1.089,5948
1.089,5947
1.089,5946
1.089,5945
1.089,5944
1.089,5943
1.089,5942
1.09,5941
1.09,5940
1.091,5939
1.091,5938
1.091,5937
1.091,5936
1.091,5935
1.092,5934
1.092,5933
1.092,5932
1.092,5931
1.092,5930
1.092,5929
1.093,5928
1.093,5927
1.093,5926
1.094,5925
1.094,5924
1.094,5923
1.094,5922
1.094,5921
1.095,5920
1.095,5919
1.096,5918
1.096,5917
1.096,5916
1.096,5915
1.096,5914
1.097,5913
1.097,5912
1.097,5911
1.097,5910
1.097,5909
1.097,5908
1.098,5907
1.098,5906
1.098,5905
1.098,5904
1.098,5903
1.099,5902
1.099,5901
1.099,5900
1.099,5899
1.099,5898
1.1,5897
1.1,5896
1.1,5895
1.1,5894
1.1,5893
1.1,5892
1.1,5891
1.101,5890
1.101,5889
1.101,5888
1.102,5887
1.102,5886
1.103,5885
1.103,5884
1.103,5883
1.103,5882
1.103,5881
1.103,5880
1.103,5879
1.103,5878
1.104,5877
1.104,5876
1.104,5875
1.104,5874
1.104,5873
1.105,5872
1.105,5871
1.105,5870
1.105,5869
1.105,5868
1.106,5867
1.106,5866
1.106,5865
1.106,5864
1.106,5863
1.107,5862
1.107,5861
1.107,5860
1.107,5859
1.108,5858
1.108,5857
1.109,5856
1.109,5855
1.11,5854
1.11,5853
1.11,5852
1.111,5851
1.111,5850
1.111,5849
1.111,5848
1.111,5847
1.112,5846
1.112,5845
1.113,5844
1.114,5843
1.114,5842
1.115,5841
1.115,5840
1.115,5839
1.115,5838
1.115,5837
1.116,5836
1.116,5835
1.116,5834
1.117,5833
1.117,5832
1.118,5831
1.118,5830
1.118,5829
1.119,5828
1.119,5827
1.119,5826
1.119,5825
1.12,5824
1.12,5823
1.12,5822
1.12,5821
1.121,5820
1.121,5819
1.121,5818
1.121,5817
1.122,5816
1.122,5815
1.123,5814
1.123,5813
1.123,5812
1.123,5811
1.123,5810
1.124,5809
1.124,5808
1.124,5807
1.125,5806
1.125,5805
1.126,5804
1.126,5803
1.126,5802
1.127,5801
1.127,5800
1.127,5799
1.128,5798
1.128,5797
1.128,5796
1.13,5795
1.13,5794
1.131,5793
1.131,5792
1.131,5791
1.131,5790
1.133,5789
1.133,5788
1.133,5787
1.134,5786
1.134,5785
1.134,5784
1.134,5783
1.135,5782
1.135,5781
1.135,5780
1.135,5779
1.136,5778
1.136,5777
1.136,5776
1.137,5775
1.137,5774
1.137,5773
1.138,5772
1.138,5771
1.138,5770
1.138,5769
1.138,5768
1.139,5767
1.139,5766
1.139,5765
1.14,5764
1.14,5763
1.14,5762
1.14,5761
1.14,5760
1.141,5759
1.141,5758
1.141,5757
1.141,5756
1.142,5755
1.142,5754
1.142,5753
1.142,5752
1.142,5751
1.142,5750
1.142,5749
1.143,5748
1.143,5747
1.143,5746
1.144,5745
1.144,5744
1.145,5743
1.146,5742
1.147,5741
1.147,5740
1.148,5739
1.148,5738
1.148,5737
1.149,5736
1.149,5735
1.15,5734
1.15,5733
1.15,5732
1.15,5731
1.151,5730
1.151,5729
1.151,5728
1.151,5727
1.151,5726
1.151,5725
1.152,5724
1.153,5723
1.153,5722
1.154,5721
1.154,5720
1.154,5719
1.156,5718
1.156,5717
1.157,5716
1.157,5715
1.157,5714
1.158,5713
1.158,5712
1.159,5711
1.16,5710
1.161,5709
1.162,5708
1.162,5707
1.163,5706
1.163,5705
1.163,5704
1.164,5703
1.164,5702
1.165,5701
1.165,5700
1.165,5699
1.165,5698
1.166,5697
1.166,5696
1.166,5695
1.167,5694
1.167,5693
1.168,5692
1.169,5691
1.17,5690
1.17,5689
1.17,5688
1.171,5687
1.171,5686
1.173,5685
1.174,5684
1.174,5683
1.175,5682
1.175,5681
1.175,5680
1.176,5679
1.176,5678
1.177,5677
1.177,5676
1.178,5675
1.178,5674
1.178,5673
1.179,5672
1.179,5671
1.179,5670
1.179,5669
1.18,5668
1.181,5667
1.181,5666
1.181,5665
1.181,5664
1.181,5663
1.183,5662
1.184,5661
1.184,5660
1.185,5659
1.186,5658
1.187,5657
1.187,5656
1.188,5655
1.188,5654
1.188,5653
1.188,5652
1.188,5651
1.188,5650
1.188,5649
1.19,5648
1.191,5647
1.191,5646
1.192,5645
1.192,5644
1.192,5643
1.193,5642
1.193,5641
1.194,5640
1.194,5639
1.194,5638
1.194,5637
1.195,5636
1.195,5635
1.195,5634
1.195,5633
1.196,5632
1.196,5631
1.197,5630
1.197,5629
1.197,5628
1.197,5627
1.197,5626
1.198,5625
1.198,5624
1.198,5623
1.198,5622
1.2,5621
1.202,5620
1.202,5619
1.202,5618
1.203,5617
1.203,5616
1.204,5615
1.204,5614
1.204,5613
1.205,5612
1.205,5611
1.205,5610
1.206,5609
1.206,5608
1.207,5607
1.207,5606
1.207,5605
1.208,5604
1.208,5603
1.208,5602
1.208,5601
1.21,5600
1.21,5599
1.211,5598
1.211,5597
1.211,5596
1.212,5595
1.212,5594
1.214,5593
1.215,5592
1.215,5591
1.216,5590
1.216,5589
1.216,5588
1.216,5587
1.216,5586
1.216,5585
1.216,5584
1.217,5583
1.217,5582
1.217,5581
1.218,5580
1.219,5579
1.219,5578
1.219,5577
1.219,5576
1.221,5575
1.221,5574
1.221,5573
1.222,5572
1.223,5571
1.223,5570
1.225,5569
1.225,5568
1.225,5567
1.226,5566
1.227,5565
1.227,5564
1.228,5563
1.228,5562
1.228,5561
1.228,5560
1.229,5559
1.23,5558
1.23,5557
1.231,5556
1.231,5555
1.231,5554
1.232,5553
1.232,5552
1.232,5551
1.233,5550
1.233,5549
1.234,5548
1.234,5547
1.235,5546
1.235,5545
1.236,5544
1.237,5543
1.238,5542
1.242,5541
1.242,5540
1.242,5539
1.243,5538
1.243,5537
1.244,5536
1.244,5535
1.245,5534
1.246,5533
1.247,5532
1.248,5531
1.248,5530
1.248,5529
1.249,5528
1.249,5527
1.25,5526
1.25,5525
1.25,5524
1.251,5523
1.252,5522
1.252,5521
1.253,5520
1.253,5519
1.254,5518
1.255,5517
1.255,5516
1.256,5515
1.256,5514
1.257,5513
1.258,5512
1.258,5511
1.258,5510
1.26,5509
1.263,5508
1.263,5507
1.263,5506
1.264,5505
1.264,5504
1.265,5503
1.266,5502
1.266,5501
1.266,5500
1.266,5499
1.267,5498
1.267,5497
1.268,5496
1.268,5495
1.268,5494
1.268,5493
1.269,5492
1.269,5491
1.272,5490
1.272,5489
1.273,5488
1.275,5487
1.275,5486
1.276,5485
1.276,5484
1.277,5483
1.278,5482
1.281,5481
1.291,5480
1.292,5479
1.292,5478
1.293,5477
1.293,5476
1.294,5475
1.294,5474
1.294,5473
1.295,5472
1.296,5471
1.296,5470
1.297,5469
1.297,5468
1.298,5467
1.298,5466
1.298,5465
1.299,5464
1.299,5463
1.299,5462
1.299,5461
1.301,5460
1.301,5459
1.302,5458
1.302,5457
1.302,5456
1.302,5455
1.302,5454
1.304,5453
1.304,5452
1.304,5451
1.305,5450
1.305,5449
1.306,5448
1.307,5447
1.307,5446
1.308,5445
1.308,5444
1.309,5443
1.309,5442
1.31,5441
1.312,5440
1.312,5439
1.313,5438
1.313,5437
1.313,5436
1.313,5435
1.314,5434
1.314,5433
1.314,5432
1.314,5431
1.314,5430
1.315,5429
1.315,5428
1.315,5427
1.316,5426
1.316,5425
1.316,5424
1.317,5423
1.318,5422
1.318,5421
1.319,5420
1.321,5419
1.322,5418
1.323,5417
1.323,5416
1.323,5415
1.324,5414
1.325,5413
1.325,5412
1.325,5411
1.325,5410
1.327,5409
1.328,5408
1.329,5407
1.33,5406
1.33,5405
1.33,5404
1.332,5403
1.333,5402
1.334,5401
1.334,5400
1.335,5399
1.336,5398
1.337,5397
1.338,5396
1.34,5395
1.342,5394
1.342,5393
1.344,5392
1.345,5391
1.345,5390
1.345,5389
1.347,5388
1.347,5387
1.347,5386
1.348,5385
1.348,5384
1.348,5383
1.348,5382
1.349,5381
1.349,5380
1.353,5379
1.356,5378
1.357,5377
1.358,5376
1.358,5375
1.36,5374
1.361,5373
1.362,5372
1.362,5371
1.363,5370
1.364,5369
1.364,5368
1.364,5367
1.365,5366
1.366,5365
1.368,5364
1.368,5363
1.37,5362
1.372,5361
1.372,5360
1.373,5359
1.373,5358
1.374,5357
1.374,5356
1.375,5355
1.375,5354
1.377,5353
1.377,5352
1.378,5351
1.378,5350
1.378,5349
1.378,5348
1.379,5347
1.38,5346
1.381,5345
1.382,5344
1.383,5343
1.384,5342
1.384,5341
1.385,5340
1.385,5339
1.387,5338
1.387,5337
1.391,5336
1.392,5335
1.393,5334
1.393,5333
1.393,5332
1.394,5331
1.394,5330
1.395,5329
1.396,5328
1.397,5327
1.397,5326
1.399,5325
1.402,5324
1.402,5323
1.403,5322
1.404,5321
1.404,5320
1.405,5319
1.407,5318
1.412,5317
1.413,5316
1.413,5315
1.413,5314
1.414,5313
1.415,5312
1.415,5311
1.419,5310
1.42,5309
1.42,5308
1.422,5307
1.424,5306
1.426,5305
1.427,5304
1.427,5303
1.428,5302
1.428,5301
1.429,5300
1.431,5299
1.432,5298
1.433,5297
1.434,5296
1.434,5295
1.435,5294
1.436,5293
1.436,5292
1.436,5291
1.437,5290
1.438,5289
1.439,5288
1.439,5287
1.439,5286
1.439,5285
1.444,5284
1.444,5283
1.448,5282
1.452,5281
1.452,5280
1.453,5279
1.455,5278
1.456,5277
1.458,5276
1.459,5275
1.46,5274
1.462,5273
1.463,5272
1.463,5271
1.464,5270
1.467,5269
1.469,5268
1.472,5267
1.478,5266
1.48,5265
1.48,5264
1.48,5263
1.483,5262
1.484,5261
1.486,5260
1.487,5259
1.495,5258
1.496,5257
1.496,5256
1.496,5255
1.497,5254
1.498,5253
1.503,5252
1.507,5251
1.509,5250
1.514,5249
1.517,5248
1.52,5247
1.522,5246
1.523,5245
1.529,5244
1.534,5243
1.54,5242
1.547,5241
1.548,5240
1.555,5239
1.557,5238
1.558,5237
1.559,5236
1.561,5235
1.562,5234
1.562,5233
1.566,5232
1.567,5231
1.569,5230
1.572,5229
1.573,5228
1.579,5227
1.587,5226
1.597,5225
1.599,5224
1.607,5223
1.621,5222
1.629,5221
1.636,5220
1.639,5219
1.673,5218
1.677,5217
1.68,5216
1.687,5215
1.695,5214
1.71,5213
1.711,5212
1.712,5211
1.719,5210
1.75,5209
1.752,5208
1.774,5207
1.774,5206
1.775,5205
1.779,5204
1.793,5203
1.798,5202
1.887,5201
