0.001,8636
0.004,8635
0.004,8634
0.006,8633
0.006,8632
0.008,8631
0.009,8630
0.01,8629
0.01,8628
0.01,8627
0.01,8626
0.01,8625
0.01,8624
0.011,8623
0.011,8622
0.011,8621
0.011,8620
0.011,8619
0.011,8618
0.012,8617
0.012,8616
0.012,8615
0.012,8614
0.012,8613
0.012,8612
0.013,8611
0.013,8610
0.013,8609
0.013,8608
0.013,8607
0.013,8606
0.013,8605
0.013,8604
0.013,8603
0.013,8602
0.014,8601
0.014,8600
0.014,8599
0.014,8598
0.014,8597
0.014,8596
0.015,8595
0.015,8594
0.015,8593
0.015,8592
0.015,8591
0.015,8590
0.015,8589
0.015,8588
0.016,8587
0.016,8586
0.016,8585
0.016,8584
0.016,8583
0.016,8582
0.016,8581
0.016,8580
0.017,8579
0.017,8578
0.017,8577
0.017,8576
0.017,8575
0.017,8574
0.017,8573
0.017,8572
0.018,8571
0.018,8570
0.018,8569
0.018,8568
0.019,8567
0.019,8566
0.019,8565
0.019,8564
0.019,8563
0.019,8562
0.019,8561
0.019,8560
0.019,8559
0.02,8558
0.02,8557
0.02,8556
0.02,8555
0.02,8554
0.02,8553
0.02,8552
0.021,8551
0.021,8550
0.023,8549
0.023,8548
0.023,8547
0.024,8546
0.024,8545
0.024,8544
0.024,8543
0.024,8542
0.024,8541
0.024,8540
0.025,8539
0.025,8538
0.025,8537
0.025,8536
0.025,8535
0.025,8534
0.026,8533
0.026,8532
0.026,8531
0.026,8530
0.027,8529
0.027,8528
0.027,8527
0.027,8526
0.027,8525
0.027,8524
0.027,8523
0.027,8522
0.028,8521
0.028,8520
0.028,8519
0.028,8518
0.028,8517
0.029,8516
0.029,8515
0.029,8514
0.03,8513
0.03,8512
0.03,8511
0.03,8510
0.03,8509
0.031,8508
0.031,8507
0.031,8506
0.031,8505
0.031,8504
0.031,8503
0.031,8502
0.031,8501
0.032,8500
0.032,8499
0.032,8498
0.032,8497
0.032,8496
0.032,8495
0.033,8494
0.033,8493
0.033,8492
0.033,8491
0.033,8490
0.034,8489
0.034,8488
0.034,8487
0.034,8486
0.035,8485
0.035,8484
0.035,8483
0.035,8482
0.035,8481
0.036,8480
0.036,8479
0.036,8478
0.036,8477
0.036,8476
0.036,8475
0.036,8474
0.036,8473
0.037,8472
0.037,8471
0.037,8470
0.037,8469
0.037,8468
0.037,8467
0.037,8466
0.038,8465
0.038,8464
0.038,8463
0.038,8462
0.038,8461
0.038,8460
0.038,8459
0.039,8458
0.039,8457
0.039,8456
0.039,8455
0.039,8454
0.039,8453
0.039,8452
0.04,8451
0.04,8450
0.04,8449
0.04,8448
0.04,8447
0.04,8446
0.041,8445
0.041,8444
0.041,8443
0.041,8442
0.041,8441
0.042,8440
0.042,8439
0.042,8438
0.042,8437
0.043,8436
0.043,8435
0.043,8434
0.043,8433
0.043,8432
0.043,8431
0.043,8430
0.044,8429
0.044,8428
0.044,8427
0.044,8426
0.044,8425
0.044,8424
0.045,8423
0.045,8422
0.045,8421
0.045,8420
0.045,8419
0.045,8418
0.046,8417
0.046,8416
0.046,8415
0.047,8414
0.047,8413
0.047,8412
0.047,8411
0.048,8410
0.048,8409
0.048,8408
0.048,8407
0.048,8406
0.049,8405
0.049,8404
0.049,8403
0.049,8402
0.049,8401
0.049,8400
0.049,8399
0.049,8398
0.049,8397
0.05,8396
0.05,8395
0.05,8394
0.05,8393
0.05,8392
0.05,8391
0.05,8390
0.05,8389
0.051,8388
0.051,8387
0.051,8386
0.051,8385
0.051,8384
0.051,8383
0.053,8382
0.055,8381
0.055,8380
0.055,8379
0.055,8378
0.056,8377
0.056,8376
0.056,8375
0.056,8374
0.056,8373
0.057,8372
0.057,8371
0.057,8370
0.057,8369
0.057,8368
0.057,8367
0.057,8366
0.057,8365
0.058,8364
0.058,8363
0.058,8362
0.058,8361
0.059,8360
0.06,8359
0.06,8358
0.06,8357
0.06,8356
0.06,8355
0.061,8354
0.061,8353
0.061,8352
0.061,8351
0.061,8350
0.061,8349
0.062,8348
0.062,8347
0.062,8346
0.062,8345
0.062,8344
0.063,8343
0.063,8342
0.063,8341
0.063,8340
0.063,8339
0.063,8338
0.064,8337
0.064,8336
0.064,8335
0.064,8334
0.064,8333
0.064,8332
0.065,8331
0.065,8330
0.065,8329
0.065,8328
0.066,8327
0.066,8326
0.066,8325
0.066,8324
0.067,8323
0.067,8322
0.067,8321
0.067,8320
0.067,8319
0.067,8318
0.067,8317
0.067,8316
0.068,8315
0.068,8314
0.068,8313
0.068,8312
0.068,8311
0.068,8310
0.069,8309
0.069,8308
0.069,8307
0.069,8306
0.069,8305
0.069,8304
0.07,8303
0.07,8302
0.07,8301
0.071,8300
0.071,8299
0.071,8298
0.071,8297
0.071,8296
0.071,8295
0.072,8294
0.072,8293
0.073,8292
0.073,8291
0.074,8290
0.074,8289
0.074,8288
0.074,8287
0.075,8286
0.075,8285
0.075,8284
0.075,8283
0.076,8282
0.076,8281
0.076,8280
0.077,8279
0.077,8278
0.077,8277
0.077,8276
0.077,8275
0.078,8274
0.078,8273
0.078,8272
0.078,8271
0.078,8270
0.079,8269
0.079,8268
0.08,8267
0.08,8266
0.08,8265
0.08,8264
0.08,8263
0.081,8262
0.081,8261
0.081,8260
0.081,8259
0.081,8258
0.081,8257
0.081,8256
0.082,8255
0.082,8254
0.082,8253
0.082,8252
0.083,8251
0.083,8250
0.083,8249
0.084,8248
0.084,8247
0.084,8246
0.085,8245
0.085,8244
0.085,8243
0.086,8242
0.086,8241
0.086,8240
0.086,8239
0.086,8238
0.086,8237
0.087,8236
0.087,8235
0.087,8234
0.087,8233
0.088,8232
0.088,8231
0.088,8230
0.088,8229
0.088,8228
0.088,8227
0.095,8226
0.095,8225
0.095,8224
0.095,8223
0.095,8222
0.096,8221
0.096,8220
0.096,8219
0.096,8218
0.096,8217
0.096,8216
0.096,8215
0.097,8214
0.097,8213
0.097,8212
0.097,8211
0.097,8210
0.097,8209
0.097,8208
0.098,8207
0.098,8206
0.098,8205
0.098,8204
0.098,8203
0.098,8202
0.098,8201
0.099,8200
0.099,8199
0.099,8198
0.1,8197
0.1,8196
0.1,8195
0.1,8194
0.1,8193
0.1,8192
0.101,8191
0.101,8190
0.101,8189
0.101,8188
0.101,8187
0.102,8186
0.102,8185
0.102,8184
0.102,8183
0.102,8182
0.103,8181
0.103,8180
0.103,8179
0.103,8178
0.103,8177
0.103,8176
0.103,8175
0.103,8174
0.103,8173
0.105,8172
0.105,8171
0.106,8170
0.106,8169
0.106,8168
0.106,8167
0.106,8166
0.106,8165
0.106,8164
0.107,8163
0.107,8162
0.108,8161
0.108,8160
0.108,8159
0.108,8158
0.108,8157
0.108,8156
0.109,8155
0.109,8154
0.109,8153
0.11,8152
0.11,8151
0.111,8150
0.111,8149
0.111,8148
0.111,8147
0.111,8146
0.111,8145
0.111,8144
0.112,8143
0.112,8142
0.112,8141
0.113,8140
0.113,8139
0.113,8138
0.113,8137
0.114,8136
0.114,8135
0.114,8134
0.114,8133
0.114,8132
0.115,8131
0.115,8130
0.115,8129
0.115,8128
0.116,8127
0.116,8126
0.116,8125
0.116,8124
0.117,8123
0.117,8122
0.117,8121
0.117,8120
0.117,8119
0.117,8118
0.118,8117
0.118,8116
0.118,8115
0.118,8114
0.118,8113
0.118,8112
0.119,8111
0.119,8110
0.119,8109
0.119,8108
0.12,8107
0.12,8106
0.12,8105
0.12,8104
0.12,8103
0.121,8102
0.121,8101
0.121,8100
0.121,8099
0.121,8098
0.121,8097
0.122,8096
0.122,8095
0.123,8094
0.123,8093
0.123,8092
0.123,8091
0.124,8090
0.124,8089
0.124,8088
0.125,8087
0.125,8086
0.125,8085
0.125,8084
0.126,8083
0.126,8082
0.127,8081
0.127,8080
0.127,8079
0.127,8078
0.128,8077
0.128,8076
0.128,8075
0.129,8074
0.129,8073
0.129,8072
0.129,8071
0.129,8070
0.129,8069
0.13,8068
0.13,8067
0.13,8066
0.13,8065
0.131,8064
0.131,8063
0.131,8062
0.132,8061
0.132,8060
0.132,8059
0.132,8058
0.133,8057
0.133,8056
0.133,8055
0.133,8054
0.133,8053
0.134,8052
0.134,8051
0.134,8050
0.134,8049
0.135,8048
0.135,8047
0.135,8046
0.135,8045
0.135,8044
0.136,8043
0.136,8042
0.136,8041
0.136,8040
0.136,8039
0.137,8038
0.137,8037
0.138,8036
0.138,8035
0.138,8034
0.138,8033
0.138,8032
0.138,8031
0.139,8030
0.139,8029
0.14,8028
0.14,8027
0.141,8026
0.141,8025
0.141,8024
0.142,8023
0.142,8022
0.142,8021
0.142,8020
0.142,8019
0.142,8018
0.143,8017
0.143,8016
0.143,8015
0.143,8014
0.145,8013
0.145,8012
0.145,8011
0.145,8010
0.146,8009
0.146,8008
0.146,8007
0.146,8006
0.147,8005
0.148,8004
0.148,8003
0.148,8002
0.149,8001
0.149,8000
0.149,7999
0.149,7998
0.149,7997
0.149,7996
0.15,7995
0.15,7994
0.15,7993
0.15,7992
0.151,7991
0.151,7990
0.151,7989
0.152,7988
0.152,7987
0.152,7986
0.153,7985
0.153,7984
0.153,7983
0.154,7982
0.154,7981
0.154,7980
0.154,7979
0.155,7978
0.155,7977
0.155,7976
0.155,7975
0.156,7974
0.156,7973
0.156,7972
0.157,7971
0.157,7970
0.157,7969
0.157,7968
0.158,7967
0.158,7966
0.158,7965
0.158,7964
0.158,7963
0.158,7962
0.158,7961
0.159,7960
0.159,7959
0.159,7958
0.159,7957
0.16,7956
0.16,7955
0.16,7954
0.161,7953
0.161,7952
0.161,7951
0.162,7950
0.162,7949
0.163,7948
0.163,7947
0.163,7946
0.164,7945
0.164,7944
0.164,7943
0.165,7942
0.165,7941
0.165,7940
0.165,7939
0.165,7938
0.166,7937
0.166,7936
0.166,7935
0.166,7934
0.167,7933
0.167,7932
0.168,7931
0.168,7930
0.168,7929
0.169,7928
0.169,7927
0.169,7926
0.169,7925
0.17,7924
0.17,7923
0.171,7922
0.172,7921
0.172,7920
0.172,7919
0.173,7918
0.173,7917
0.173,7916
0.173,7915
0.174,7914
0.174,7913
0.174,7912
0.174,7911
0.174,7910
0.174,7909
0.175,7908
0.175,7907
0.175,7906
0.176,7905
0.176,7904
0.176,7903
0.178,7902
0.178,7901
0.179,7900
0.18,7899
0.18,7898
0.18,7897
0.181,7896
0.181,7895
0.181,7894
0.182,7893
0.182,7892
0.182,7891
0.182,7890
0.182,7889
0.182,7888
0.182,7887
0.183,7886
0.183,7885
0.183,7884
0.183,7883
0.184,7882
0.184,7881
0.184,7880
0.184,7879
0.185,7878
0.185,7877
0.185,7876
0.186,7875
0.186,7874
0.187,7873
0.187,7872
0.187,7871
0.188,7870
0.188,7869
0.188,7868
0.189,7867
0.189,7866
0.195,7865
0.196,7864
0.196,7863
0.196,7862
0.196,7861
0.196,7860
0.199,7859
0.199,7858
0.199,7857
0.2,7856
0.2,7855
0.201,7854
0.201,7853
0.201,7852
0.201,7851
0.202,7850
0.205,7849
0.206,7848
0.206,7847
0.207,7846
0.207,7845
0.207,7844
0.207,7843
0.208,7842
0.209,7841
0.209,7840
0.21,7839
0.21,7838
0.21,7837
0.211,7836
0.211,7835
0.212,7834
0.212,7833
0.212,7832
0.213,7831
0.213,7830
0.214,7829
0.215,7828
0.215,7827
0.215,7826
0.216,7825
0.216,7824
0.216,7823
0.216,7822
0.217,7821
0.217,7820
0.217,7819
0.218,7818
0.218,7817
0.218,7816
0.219,7815
0.219,7814
0.22,7813
0.22,7812
0.22,7811
0.221,7810
0.221,7809
0.221,7808
0.222,7807
0.223,7806
0.223,7805
0.224,7804
0.224,7803
0.224,7802
0.225,7801
0.225,7800
0.225,7799
0.225,7798
0.226,7797
0.226,7796
0.227,7795
0.227,7794
0.228,7793
0.229,7792
0.229,7791
0.229,7790
0.229,7789
0.229,7788
0.23,7787
0.23,7786
0.231,7785
0.233,7784
0.233,7783
0.233,7782
0.233,7781
0.234,7780
0.234,7779
0.235,7778
0.235,7777
0.235,7776
0.236,7775
0.236,7774
0.236,7773
0.236,7772
0.236,7771
0.236,7770
0.237,7769
0.238,7768
0.238,7767
0.238,7766
0.238,7765
0.239,7764
0.24,7763
0.24,7762
0.24,7761
0.24,7760
0.24,7759
0.24,7758
0.241,7757
0.241,7756
0.242,7755
0.242,7754
0.243,7753
0.244,7752
0.245,7751
0.245,7750
0.245,7749
0.246,7748
0.246,7747
0.246,7746
0.247,7745
0.248,7744
0.249,7743
0.25,7742
0.251,7741
0.251,7740
0.252,7739
0.252,7738
0.252,7737
0.253,7736
0.253,7735
0.255,7734
0.258,7733
0.258,7732
0.26,7731
0.26,7730
0.261,7729
0.262,7728
0.262,7727
0.263,7726
0.264,7725
0.265,7724
0.265,7723
0.265,7722
0.265,7721
0.266,7720
0.267,7719
0.268,7718
0.268,7717
0.268,7716
0.269,7715
0.27,7714
0.271,7713
0.271,7712
0.271,7711
0.272,7710
0.272,7709
0.273,7708
0.273,7707
0.274,7706
0.275,7705
0.276,7704
0.277,7703
0.277,7702
0.278,7701
0.278,7700
0.279,7699
0.28,7698
0.28,7697
0.281,7696
0.281,7695
0.281,7694
0.281,7693
0.281,7692
0.284,7691
0.284,7690
0.284,7689
0.285,7688
0.285,7687
0.291,7686
0.292,7685
0.292,7684
0.293,7683
0.293,7682
0.295,7681
0.295,7680
0.295,7679
0.296,7678
0.297,7677
0.298,7676
0.299,7675
0.3,7674
0.3,7673
0.301,7672
0.301,7671
0.301,7670
0.302,7669
0.302,7668
0.302,7667
0.303,7666
0.303,7665
0.304,7664
0.305,7663
0.305,7662
0.306,7661
0.306,7660
0.307,7659
0.307,7658
0.308,7657
0.309,7656
0.31,7655
0.31,7654
0.31,7653
0.313,7652
0.314,7651
0.315,7650
0.315,7649
0.315,7648
0.316,7647
0.317,7646
0.317,7645
0.319,7644
0.32,7643
0.32,7642
0.322,7641
0.322,7640
0.323,7639
0.323,7638
0.324,7637
0.324,7636
0.325,7635
0.326,7634
0.326,7633
0.327,7632
0.327,7631
0.327,7630
0.328,7629
0.329,7628
0.329,7627
0.33,7626
0.332,7625
0.332,7624
0.333,7623
0.335,7622
0.335,7621
0.337,7620
0.338,7619
0.338,7618
0.34,7617
0.34,7616
0.342,7615
0.347,7614
0.353,7613
0.354,7612
0.354,7611
0.355,7610
0.356,7609
0.359,7608
0.36,7607
0.36,7606
0.36,7605
0.362,7604
0.363,7603
0.364,7602
0.365,7601
0.365,7600
0.369,7599
0.37,7598
0.37,7597
0.373,7596
0.374,7595
0.374,7594
0.374,7593
0.378,7592
0.379,7591
0.379,7590
0.38,7589
0.381,7588
0.381,7587
0.39,7586
0.391,7585
0.392,7584
0.392,7583
0.394,7582
0.395,7581
0.396,7580
0.396,7579
0.399,7578
0.399,7577
0.4,7576
0.401,7575
0.401,7574
0.401,7573
0.402,7572
0.404,7571
0.404,7570
0.408,7569
0.412,7568
0.413,7567
0.413,7566
0.414,7565
0.415,7564
0.417,7563
0.418,7562
0.423,7561
0.423,7560
0.424,7559
0.427,7558
0.428,7557
0.429,7556
0.429,7555
0.429,7554
0.43,7553
0.431,7552
0.431,7551
0.432,7550
0.432,7549
0.433,7548
0.434,7547
0.436,7546
0.437,7545
0.44,7544
0.44,7543
0.44,7542
0.442,7541
0.443,7540
0.443,7539
0.444,7538
0.446,7537
0.451,7536
0.451,7535
0.451,7534
0.453,7533
0.454,7532
0.454,7531
0.454,7530
0.457,7529
0.457,7528
0.458,7527
0.458,7526
0.462,7525
0.464,7524
0.466,7523
0.467,7522
0.469,7521
0.473,7520
0.475,7519
0.476,7518
0.476,7517
0.481,7516
0.482,7515
0.488,7514
0.492,7513
0.493,7512
0.493,7511
0.494,7510
0.495,7509
0.495,7508
0.497,7507
0.498,7506
0.502,7505
0.502,7504
0.506,7503
0.509,7502
0.509,7501
0.511,7500
0.512,7499
0.514,7498
0.518,7497
0.52,7496
0.525,7495
0.525,7494
0.527,7493
0.528,7492
0.529,7491
0.53,7490
0.53,7489
0.53,7488
0.531,7487
0.532,7486
0.532,7485
0.532,7484
0.533,7483
0.534,7482
0.534,7481
0.535,7480
0.535,7479
0.538,7478
0.55,7477
0.552,7476
0.558,7475
0.56,7474
0.563,7473
0.565,7472
0.565,7471
0.566,7470
0.568,7469
0.569,7468
0.569,7467
0.572,7466
0.574,7465
0.574,7464
0.577,7463
0.578,7462
0.582,7461
0.589,7460
0.59,7459
0.591,7458
0.595,7457
0.597,7456
0.599,7455
0.6,7454
0.609,7453
0.609,7452
0.62,7451
0.62,7450
0.626,7449
0.629,7448
0.632,7447
0.646,7446
0.65,7445
0.651,7444
0.653,7443
0.657,7442
0.66,7441
0.66,7440
0.667,7439
0.679,7438
0.683,7437
0.683,7436
0.689,7435
0.689,7434
0.691,7433
0.692,7432
0.712,7431
0.72,7430
0.73,7429
0.731,7428
0.734,7427
0.735,7426
0.74,7425
0.741,7424
0.747,7423
0.747,7422
0.752,7421
0.757,7420
0.758,7419
0.763,7418
0.765,7417
0.767,7416
0.77,7415
0.774,7414
0.784,7413
0.792,7412
0.795,7411
0.796,7410
0.799,7409
0.82,7408
0.841,7407
0.844,7406
0.847,7405
0.856,7404
0.868,7403
0.87,7402
0.874,7401
0.878,7400
0.883,7399
0.889,7398
0.89,7397
0.893,7396
0.894,7395
0.894,7394
0.896,7393
0.928,7392
0.934,7391
0.946,7390
0.954,7389
0.968,7388
0.987,7387
0.988,7386
0.992,7385
1.009,7384
1.012,7383
1.025,7382
1.084,7381
1.099,7380
1.171,7379
1.221,7378
1.282,7377
1.698,7376
1.824,7375
2.11,7374
2.47,7373
