0.002,8636
0.005,8635
0.006,8634
0.007,8633
0.008,8632
0.008,8631
0.009,8630
0.01,8629
0.01,8628
0.01,8627
0.01,8626
0.01,8625
0.011,8624
0.011,8623
0.011,8622
0.011,8621
0.011,8620
0.012,8619
0.012,8618
0.012,8617
0.012,8616
0.013,8615
0.013,8614
0.013,8613
0.013,8612
0.013,8611
0.013,8610
0.014,8609
0.014,8608
0.014,8607
0.014,8606
0.014,8605
0.014,8604
0.014,8603
0.014,8602
0.014,8601
0.014,8600
0.015,8599
0.015,8598
0.015,8597
0.015,8596
0.015,8595
0.015,8594
0.015,8593
0.016,8592
0.016,8591
0.016,8590
0.016,8589
0.016,8588
0.016,8587
0.016,8586
0.016,8585
0.016,8584
0.016,8583
0.017,8582
0.017,8581
0.017,8580
0.017,8579
0.017,8578
0.017,8577
0.017,8576
0.017,8575
0.017,8574
0.018,8573
0.018,8572
0.018,8571
0.019,8570
0.019,8569
0.019,8568
0.019,8567
0.019,8566
0.019,8565
0.019,8564
0.02,8563
0.02,8562
0.02,8561
0.02,8560
0.02,8559
0.021,8558
0.021,8557
0.021,8556
0.021,8555
0.021,8554
0.021,8553
0.021,8552
0.021,8551
0.022,8550
0.022,8549
0.022,8548
0.022,8547
0.022,8546
0.022,8545
0.024,8544
0.024,8543
0.025,8542
0.025,8541
0.025,8540
0.025,8539
0.025,8538
0.025,8537
0.026,8536
0.026,8535
0.026,8534
0.026,8533
0.026,8532
0.026,8531
0.027,8530
0.027,8529
0.027,8528
0.027,8527
0.027,8526
0.028,8525
0.028,8524
0.028,8523
0.028,8522
0.028,8521
0.028,8520
0.029,8519
0.029,8518
0.029,8517
0.03,8516
0.03,8515
0.03,8514
0.03,8513
0.03,8512
0.031,8511
0.031,8510
0.031,8509
0.031,8508
0.031,8507
0.031,8506
0.031,8505
0.032,8504
0.032,8503
0.032,8502
0.032,8501
0.032,8500
0.033,8499
0.033,8498
0.033,8497
0.033,8496
0.033,8495
0.033,8494
0.034,8493
0.034,8492
0.034,8491
0.035,8490
0.035,8489
0.035,8488
0.035,8487
0.035,8486
0.035,8485
0.035,8484
0.036,8483
0.036,8482
0.036,8481
0.036,8480
0.036,8479
0.037,8478
0.037,8477
0.037,8476
0.037,8475
0.037,8474
0.037,8473
0.038,8472
0.038,8471
0.038,8470
0.038,8469
0.038,8468
0.038,8467
0.039,8466
0.039,8465
0.04,8464
0.041,8463
0.042,8462
0.042,8461
0.042,8460
0.042,8459
0.042,8458
0.042,8457
0.042,8456
0.042,8455
0.043,8454
0.043,8453
0.043,8452
0.044,8451
0.044,8450
0.044,8449
0.044,8448
0.044,8447
0.044,8446
0.045,8445
0.045,8444
0.045,8443
0.045,8442
0.046,8441
0.046,8440
0.046,8439
0.046,8438
0.047,8437
0.047,8436
0.047,8435
0.047,8434
0.047,8433
0.048,8432
0.048,8431
0.048,8430
0.048,8429
0.048,8428
0.048,8427
0.049,8426
0.049,8425
0.049,8424
0.049,8423
0.049,8422
0.049,8421
0.05,8420
0.05,8419
0.05,8418
0.05,8417
0.05,8416
0.05,8415
0.05,8414
0.051,8413
0.051,8412
0.051,8411
0.051,8410
0.051,8409
0.051,8408
0.051,8407
0.052,8406
0.052,8405
0.053,8404
0.053,8403
0.053,8402
0.053,8401
0.053,8400
0.054,8399
0.054,8398
0.054,8397
0.054,8396
0.054,8395
0.055,8394
0.055,8393
0.055,8392
0.056,8391
0.056,8390
0.056,8389
0.056,8388
0.056,8387
0.056,8386
0.057,8385
0.057,8384
0.057,8383
0.059,8382
0.061,8381
0.061,8380
0.061,8379
0.062,8378
0.062,8377
0.062,8376
0.063,8375
0.063,8374
0.063,8373
0.064,8372
0.064,8371
0.064,8370
0.064,8369
0.064,8368
0.065,8367
0.065,8366
0.066,8365
0.066,8364
0.066,8363
0.066,8362
0.066,8361
0.066,8360
0.067,8359
0.067,8358
0.067,8357
0.067,8356
0.067,8355
0.067,8354
0.068,8353
0.068,8352
0.068,8351
0.068,8350
0.069,8349
0.069,8348
0.069,8347
0.07,8346
0.07,8345
0.07,8344
0.07,8343
0.07,8342
0.07,8341
0.07,8340
0.071,8339
0.071,8338
0.071,8337
0.071,8336
0.072,8335
0.072,8334
0.072,8333
0.072,8332
0.072,8331
0.072,8330
0.072,8329
0.072,8328
0.072,8327
0.073,8326
0.073,8325
0.073,8324
0.073,8323
0.074,8322
0.074,8321
0.074,8320
0.074,8319
0.075,8318
0.076,8317
0.076,8316
0.076,8315
0.076,8314
0.076,8313
0.077,8312
0.077,8311
0.077,8310
0.077,8309
0.077,8308
0.077,8307
0.077,8306
0.077,8305
0.078,8304
0.078,8303
0.078,8302
0.078,8301
0.078,8300
0.079,8299
0.079,8298
0.079,8297
0.079,8296
0.079,8295
0.08,8294
0.08,8293
0.08,8292
0.08,8291
0.08,8290
0.08,8289
0.08,8288
0.081,8287
0.081,8286
0.082,8285
0.082,8284
0.082,8283
0.082,8282
0.083,8281
0.084,8280
0.084,8279
0.084,8278
0.084,8277
0.084,8276
0.085,8275
0.085,8274
0.085,8273
0.085,8272
0.085,8271
0.085,8270
0.086,8269
0.086,8268
0.088,8267
0.088,8266
0.088,8265
0.088,8264
0.088,8263
0.089,8262
0.089,8261
0.089,8260
0.089,8259
0.089,8258
0.089,8257
0.089,8256
0.09,8255
0.09,8254
0.09,8253
0.091,8252
0.091,8251
0.092,8250
0.092,8249
0.092,8248
0.092,8247
0.095,8246
0.095,8245
0.096,8244
0.096,8243
0.096,8242
0.096,8241
0.097,8240
0.097,8239
0.097,8238
0.098,8237
0.098,8236
0.098,8235
0.098,8234
0.099,8233
0.099,8232
0.099,8231
0.099,8230
0.099,8229
0.1,8228
0.101,8227
0.101,8226
0.102,8225
0.102,8224
0.102,8223
0.103,8222
0.103,8221
0.103,8220
0.103,8219
0.103,8218
0.104,8217
0.104,8216
0.104,8215
0.105,8214
0.105,8213
0.112,8212
0.112,8211
0.112,8210
0.112,8209
0.112,8208
0.112,8207
0.114,8206
0.114,8205
0.114,8204
0.115,8203
0.116,8202
0.116,8201
0.117,8200
0.117,8199
0.117,8198
0.117,8197
0.118,8196
0.118,8195
0.118,8194
0.119,8193
0.119,8192
0.119,8191
0.119,8190
0.12,8189
0.12,8188
0.12,8187
0.12,8186
0.12,8185
0.12,8184
0.121,8183
0.121,8182
0.121,8181
0.121,8180
0.121,8179
0.122,8178
0.122,8177
0.122,8176
0.122,8175
0.123,8174
0.123,8173
0.123,8172
0.123,8171
0.123,8170
0.123,8169
0.123,8168
0.123,8167
0.124,8166
0.124,8165
0.124,8164
0.124,8163
0.125,8162
0.125,8161
0.125,8160
0.125,8159
0.126,8158
0.126,8157
0.126,8156
0.127,8155
0.127,8154
0.127,8153
0.128,8152
0.128,8151
0.128,8150
0.128,8149
0.129,8148
0.129,8147
0.129,8146
0.129,8145
0.13,8144
0.13,8143
0.13,8142
0.13,8141
0.13,8140
0.13,8139
0.131,8138
0.131,8137
0.131,8136
0.131,8135
0.131,8134
0.132,8133
0.132,8132
0.133,8131
0.133,8130
0.133,8129
0.134,8128
0.134,8127
0.134,8126
0.134,8125
0.135,8124
0.135,8123
0.135,8122
0.136,8121
0.136,8120
0.136,8119
0.136,8118
0.136,8117
0.136,8116
0.137,8115
0.137,8114
0.137,8113
0.137,8112
0.137,8111
0.138,8110
0.139,8109
0.139,8108
0.142,8107
0.142,8106
0.142,8105
0.142,8104
0.142,8103
0.142,8102
0.142,8101
0.143,8100
0.143,8099
0.143,8098
0.143,8097
0.143,8096
0.143,8095
0.143,8094
0.143,8093
0.144,8092
0.144,8091
0.144,8090
0.145,8089
0.146,8088
0.146,8087
0.146,8086
0.147,8085
0.147,8084
0.147,8083
0.147,8082
0.147,8081
0.148,8080
0.148,8079
0.148,8078
0.149,8077
0.149,8076
0.15,8075
0.151,8074
0.151,8073
0.151,8072
0.152,8071
0.152,8070
0.152,8069
0.152,8068
0.152,8067
0.153,8066
0.153,8065
0.154,8064
0.154,8063
0.154,8062
0.154,8061
0.154,8060
0.154,8059
0.155,8058
0.155,8057
0.155,8056
0.156,8055
0.156,8054
0.156,8053
0.156,8052
0.156,8051
0.157,8050
0.157,8049
0.157,8048
0.157,8047
0.158,8046
0.159,8045
0.159,8044
0.159,8043
0.16,8042
0.16,8041
0.16,8040
0.161,8039
0.161,8038
0.161,8037
0.162,8036
0.163,8035
0.164,8034
0.164,8033
0.164,8032
0.164,8031
0.164,8030
0.165,8029
0.165,8028
0.165,8027
0.166,8026
0.166,8025
0.166,8024
0.167,8023
0.167,8022
0.167,8021
0.168,8020
0.168,8019
0.168,8018
0.168,8017
0.169,8016
0.169,8015
0.17,8014
0.17,8013
0.17,8012
0.17,8011
0.17,8010
0.171,8009
0.171,8008
0.171,8007
0.172,8006
0.172,8005
0.173,8004
0.174,8003
0.174,8002
0.174,8001
0.174,8000
0.174,7999
0.175,7998
0.175,7997
0.176,7996
0.177,7995
0.177,7994
0.177,7993
0.177,7992
0.177,7991
0.177,7990
0.177,7989
0.178,7988
0.178,7987
0.179,7986
0.179,7985
0.179,7984
0.179,7983
0.179,7982
0.179,7981
0.18,7980
0.18,7979
0.18,7978
0.18,7977
0.18,7976
0.18,7975
0.181,7974
0.181,7973
0.181,7972
0.181,7971
0.182,7970
0.182,7969
0.183,7968
0.184,7967
0.184,7966
0.184,7965
0.184,7964
0.184,7963
0.184,7962
0.184,7961
0.184,7960
0.185,7959
0.185,7958
0.185,7957
0.185,7956
0.186,7955
0.186,7954
0.186,7953
0.186,7952
0.187,7951
0.187,7950
0.187,7949
0.187,7948
0.188,7947
0.189,7946
0.189,7945
0.189,7944
0.189,7943
0.19,7942
0.191,7941
0.191,7940
0.191,7939
0.191,7938
0.192,7937
0.192,7936
0.192,7935
0.192,7934
0.193,7933
0.193,7932
0.193,7931
0.193,7930
0.194,7929
0.194,7928
0.194,7927
0.194,7926
0.194,7925
0.194,7924
0.195,7923
0.195,7922
0.195,7921
0.195,7920
0.195,7919
0.196,7918
0.196,7917
0.196,7916
0.196,7915
0.198,7914
0.198,7913
0.198,7912
0.198,7911
0.199,7910
0.199,7909
0.199,7908
0.199,7907
0.2,7906
0.201,7905
0.201,7904
0.201,7903
0.201,7902
0.202,7901
0.202,7900
0.202,7899
0.202,7898
0.203,7897
0.203,7896
0.203,7895
0.204,7894
0.204,7893
0.205,7892
0.205,7891
0.206,7890
0.206,7889
0.206,7888
0.207,7887
0.207,7886
0.207,7885
0.208,7884
0.209,7883
0.209,7882
0.21,7881
0.21,7880
0.21,7879
0.21,7878
0.211,7877
0.211,7876
0.211,7875
0.212,7874
0.212,7873
0.213,7872
0.214,7871
0.215,7870
0.216,7869
0.216,7868
0.216,7867
0.218,7866
0.218,7865
0.219,7864
0.219,7863
0.22,7862
0.22,7861
0.22,7860
0.221,7859
0.221,7858
0.221,7857
0.222,7856
0.229,7855
0.23,7854
0.23,7853
0.23,7852
0.231,7851
0.231,7850
0.232,7849
0.232,7848
0.232,7847
0.232,7846
0.233,7845
0.233,7844
0.234,7843
0.234,7842
0.235,7841
0.235,7840
0.236,7839
0.236,7838
0.236,7837
0.237,7836
0.237,7835
0.237,7834
0.238,7833
0.238,7832
0.238,7831
0.238,7830
0.239,7829
0.239,7828
0.24,7827
0.24,7826
0.241,7825
0.241,7824
0.241,7823
0.241,7822
0.241,7821
0.242,7820
0.242,7819
0.242,7818
0.244,7817
0.244,7816
0.245,7815
0.246,7814
0.247,7813
0.247,7812
0.248,7811
0.248,7810
0.248,7809
0.249,7808
0.249,7807
0.25,7806
0.251,7805
0.251,7804
0.251,7803
0.253,7802
0.253,7801
0.253,7800
0.254,7799
0.255,7798
0.255,7797
0.255,7796
0.256,7795
0.256,7794
0.256,7793
0.256,7792
0.256,7791
0.257,7790
0.257,7789
0.257,7788
0.258,7787
0.259,7786
0.259,7785
0.26,7784
0.26,7783
0.262,7782
0.263,7781
0.263,7780
0.263,7779
0.263,7778
0.264,7777
0.264,7776
0.265,7775
0.266,7774
0.266,7773
0.266,7772
0.268,7771
0.27,7770
0.27,7769
0.271,7768
0.272,7767
0.273,7766
0.273,7765
0.273,7764
0.274,7763
0.274,7762
0.275,7761
0.278,7760
0.278,7759
0.279,7758
0.279,7757
0.28,7756
0.28,7755
0.28,7754
0.28,7753
0.28,7752
0.28,7751
0.281,7750
0.281,7749
0.282,7748
0.284,7747
0.286,7746
0.286,7745
0.287,7744
0.287,7743
0.287,7742
0.288,7741
0.289,7740
0.289,7739
0.289,7738
0.29,7737
0.29,7736
0.291,7735
0.291,7734
0.291,7733
0.293,7732
0.293,7731
0.294,7730
0.294,7729
0.296,7728
0.296,7727
0.296,7726
0.297,7725
0.298,7724
0.298,7723
0.298,7722
0.298,7721
0.298,7720
0.299,7719
0.299,7718
0.299,7717
0.299,7716
0.3,7715
0.302,7714
0.302,7713
0.302,7712
0.303,7711
0.304,7710
0.304,7709
0.306,7708
0.306,7707
0.307,7706
0.307,7705
0.307,7704
0.308,7703
0.308,7702
0.308,7701
0.312,7700
0.312,7699
0.32,7698
0.32,7697
0.32,7696
0.321,7695
0.322,7694
0.323,7693
0.323,7692
0.323,7691
0.324,7690
0.324,7689
0.324,7688
0.327,7687
0.327,7686
0.327,7685
0.327,7684
0.327,7683
0.328,7682
0.329,7681
0.33,7680
0.33,7679
0.33,7678
0.331,7677
0.332,7676
0.333,7675
0.335,7674
0.336,7673
0.336,7672
0.337,7671
0.337,7670
0.339,7669
0.34,7668
0.341,7667
0.342,7666
0.343,7665
0.344,7664
0.346,7663
0.347,7662
0.347,7661
0.349,7660
0.35,7659
0.35,7658
0.351,7657
0.352,7656
0.354,7655
0.354,7654
0.354,7653
0.356,7652
0.356,7651
0.358,7650
0.358,7649
0.358,7648
0.359,7647
0.36,7646
0.36,7645
0.36,7644
0.36,7643
0.361,7642
0.361,7641
0.362,7640
0.363,7639
0.364,7638
0.364,7637
0.365,7636
0.365,7635
0.367,7634
0.368,7633
0.37,7632
0.371,7631
0.371,7630
0.372,7629
0.372,7628
0.373,7627
0.374,7626
0.374,7625
0.375,7624
0.375,7623
0.376,7622
0.376,7621
0.379,7620
0.38,7619
0.38,7618
0.382,7617
0.383,7616
0.384,7615
0.387,7614
0.388,7613
0.388,7612
0.388,7611
0.388,7610
0.388,7609
0.391,7608
0.397,7607
0.399,7606
0.399,7605
0.399,7604
0.401,7603
0.403,7602
0.41,7601
0.411,7600
0.412,7599
0.413,7598
0.413,7597
0.414,7596
0.415,7595
0.417,7594
0.417,7593
0.418,7592
0.419,7591
0.419,7590
0.429,7589
0.432,7588
0.434,7587
0.434,7586
0.436,7585
0.44,7584
0.442,7583
0.444,7582
0.445,7581
0.446,7580
0.446,7579
0.447,7578
0.45,7577
0.455,7576
0.455,7575
0.457,7574
0.457,7573
0.458,7572
0.464,7571
0.467,7570
0.467,7569
0.47,7568
0.471,7567
0.472,7566
0.476,7565
0.476,7564
0.477,7563
0.478,7562
0.479,7561
0.48,7560
0.482,7559
0.485,7558
0.486,7557
0.489,7556
0.491,7555
0.491,7554
0.491,7553
0.491,7552
0.492,7551
0.498,7550
0.498,7549
0.499,7548
0.499,7547
0.5,7546
0.5,7545
0.501,7544
0.502,7543
0.504,7542
0.508,7541
0.509,7540
0.509,7539
0.514,7538
0.518,7537
0.52,7536
0.525,7535
0.526,7534
0.526,7533
0.528,7532
0.531,7531
0.531,7530
0.531,7529
0.532,7528
0.537,7527
0.537,7526
0.539,7525
0.54,7524
0.54,7523
0.541,7522
0.549,7521
0.553,7520
0.553,7519
0.555,7518
0.559,7517
0.559,7516
0.561,7515
0.562,7514
0.562,7513
0.564,7512
0.571,7511
0.586,7510
0.592,7509
0.596,7508
0.596,7507
0.598,7506
0.6,7505
0.602,7504
0.603,7503
0.615,7502
0.618,7501
0.624,7500
0.626,7499
0.627,7498
0.635,7497
0.64,7496
0.641,7495
0.642,7494
0.648,7493
0.649,7492
0.65,7491
0.653,7490
0.654,7489
0.654,7488
0.658,7487
0.658,7486
0.662,7485
0.667,7484
0.675,7483
0.684,7482
0.684,7481
0.685,7480
0.688,7479
0.692,7478
0.696,7477
0.7,7476
0.7,7475
0.701,7474
0.721,7473
0.722,7472
0.727,7471
0.73,7470
0.733,7469
0.735,7468
0.736,7467
0.737,7466
0.74,7465
0.742,7464
0.743,7463
0.751,7462
0.755,7461
0.756,7460
0.757,7459
0.759,7458
0.763,7457
0.764,7456
0.765,7455
0.768,7454
0.77,7453
0.773,7452
0.777,7451
0.787,7450
0.79,7449
0.791,7448
0.795,7447
0.8,7446
0.8,7445
0.801,7444
0.802,7443
0.807,7442
0.811,7441
0.812,7440
0.813,7439
0.815,7438
0.828,7437
0.828,7436
0.839,7435
0.877,7434
0.885,7433
0.89,7432
0.892,7431
0.898,7430
0.901,7429
0.921,7428
0.927,7427
0.939,7426
0.948,7425
0.949,7424
0.96,7423
0.979,7422
0.986,7421
0.991,7420
0.996,7419
0.998,7418
1.018,7417
1.03,7416
1.037,7415
1.078,7414
1.095,7413
1.101,7412
1.106,7411
1.112,7410
1.113,7409
1.114,7408
1.119,7407
1.134,7406
1.14,7405
1.14,7404
1.152,7403
1.169,7402
1.228,7401
1.232,7400
1.256,7399
1.291,7398
1.31,7397
1.351,7396
1.363,7395
1.388,7394
1.391,7393
1.398,7392
1.398,7391
1.415,7390
1.523,7389
1.976,7388
2.753,7387
3.288,7386
