0.003,8636
0.005,8635
0.006,8634
0.006,8633
0.007,8632
0.008,8631
0.008,8630
0.008,8629
0.009,8628
0.009,8627
0.009,8626
0.01,8625
0.01,8624
0.01,8623
0.011,8622
0.011,8621
0.011,8620
0.011,8619
0.011,8618
0.011,8617
0.012,8616
0.012,8615
0.012,8614
0.012,8613
0.012,8612
0.012,8611
0.012,8610
0.013,8609
0.013,8608
0.013,8607
0.013,8606
0.013,8605
0.013,8604
0.013,8603
0.013,8602
0.014,8601
0.014,8600
0.014,8599
0.014,8598
0.014,8597
0.015,8596
0.022,8595
0.022,8594
0.022,8593
0.022,8592
0.022,8591
0.022,8590
0.022,8589
0.022,8588
0.023,8587
0.023,8586
0.023,8585
0.023,8584
0.023,8583
0.023,8582
0.023,8581
0.024,8580
0.024,8579
0.024,8578
0.024,8577
0.024,8576
0.024,8575
0.024,8574
0.024,8573
0.024,8572
0.025,8571
0.025,8570
0.025,8569
0.025,8568
0.025,8567
0.025,8566
0.025,8565
0.025,8564
0.026,8563
0.026,8562
0.026,8561
0.026,8560
0.026,8559
0.026,8558
0.026,8557
0.027,8556
0.027,8555
0.027,8554
0.027,8553
0.029,8552
0.029,8551
0.029,8550
0.03,8549
0.03,8548
0.03,8547
0.03,8546
0.03,8545
0.03,8544
0.03,8543
0.03,8542
0.03,8541
0.03,8540
0.03,8539
0.03,8538
0.031,8537
0.031,8536
0.031,8535
0.031,8534
0.031,8533
0.031,8532
0.031,8531
0.031,8530
0.032,8529
0.032,8528
0.032,8527
0.033,8526
0.033,8525
0.033,8524
0.033,8523
0.033,8522
0.034,8521
0.034,8520
0.034,8519
0.035,8518
0.035,8517
0.035,8516
0.035,8515
0.037,8514
0.037,8513
0.037,8512
0.037,8511
0.038,8510
0.038,8509
0.038,8508
0.038,8507
0.038,8506
0.039,8505
0.039,8504
0.039,8503
0.039,8502
0.039,8501
0.039,8500
0.039,8499
0.04,8498
0.04,8497
0.04,8496
0.04,8495
0.04,8494
0.041,8493
0.041,8492
0.041,8491
0.041,8490
0.041,8489
0.041,8488
0.042,8487
0.042,8486
0.042,8485
0.042,8484
0.042,8483
0.043,8482
0.043,8481
0.043,8480
0.043,8479
0.043,8478
0.043,8477
0.043,8476
0.043,8475
0.044,8474
0.044,8473
0.044,8472
0.044,8471
0.044,8470
0.044,8469
0.044,8468
0.045,8467
0.046,8466
0.046,8465
0.046,8464
0.046,8463
0.046,8462
0.046,8461
0.046,8460
0.047,8459
0.047,8458
0.047,8457
0.047,8456
0.047,8455
0.047,8454
0.047,8453
0.048,8452
0.048,8451
0.048,8450
0.048,8449
0.048,8448
0.048,8447
0.048,8446
0.049,8445
0.049,8444
0.049,8443
0.049,8442
0.05,8441
0.05,8440
0.05,8439
0.051,8438
0.051,8437
0.051,8436
0.051,8435
0.052,8434
0.052,8433
0.053,8432
0.053,8431
0.053,8430
0.053,8429
0.053,8428
0.053,8427
0.053,8426
0.054,8425
0.054,8424
0.054,8423
0.054,8422
0.054,8421
0.054,8420
0.055,8419
0.055,8418
0.055,8417
0.055,8416
0.055,8415
0.055,8414
0.056,8413
0.056,8412
0.056,8411
0.056,8410
0.056,8409
0.056,8408
0.056,8407
0.056,8406
0.057,8405
0.057,8404
0.057,8403
0.057,8402
0.057,8401
0.057,8400
0.057,8399
0.058,8398
0.058,8397
0.058,8396
0.058,8395
0.058,8394
0.058,8393
0.058,8392
0.058,8391
0.059,8390
0.059,8389
0.059,8388
0.059,8387
0.059,8386
0.059,8385
0.06,8384
0.06,8383
0.061,8382
0.064,8381
0.064,8380
0.065,8379
0.066,8378
0.066,8377
0.066,8376
0.066,8375
0.067,8374
0.067,8373
0.067,8372
0.067,8371
0.067,8370
0.067,8369
0.067,8368
0.068,8367
0.068,8366
0.068,8365
0.068,8364
0.068,8363
0.068,8362
0.068,8361
0.069,8360
0.069,8359
0.069,8358
0.069,8357
0.07,8356
0.07,8355
0.07,8354
0.07,8353
0.07,8352
0.071,8351
0.071,8350
0.071,8349
0.071,8348
0.071,8347
0.071,8346
0.072,8345
0.072,8344
0.072,8343
0.072,8342
0.073,8341
0.073,8340
0.073,8339
0.073,8338
0.073,8337
0.073,8336
0.074,8335
0.074,8334
0.074,8333
0.075,8332
0.075,8331
0.075,8330
0.075,8329
0.075,8328
0.075,8327
0.075,8326
0.076,8325
0.076,8324
0.076,8323
0.076,8322
0.076,8321
0.077,8320
0.077,8319
0.077,8318
0.077,8317
0.077,8316
0.077,8315
0.077,8314
0.077,8313
0.078,8312
0.078,8311
0.078,8310
0.078,8309
0.078,8308
0.078,8307
0.078,8306
0.079,8305
0.079,8304
0.079,8303
0.079,8302
0.079,8301
0.079,8300
0.08,8299
0.08,8298
0.08,8297
0.08,8296
0.08,8295
0.081,8294
0.081,8293
0.081,8292
0.081,8291
0.081,8290
0.081,8289
0.082,8288
0.082,8287
0.082,8286
0.082,8285
0.082,8284
0.082,8283
0.082,8282
0.083,8281
0.083,8280
0.083,8279
0.084,8278
0.084,8277
0.084,8276
0.084,8275
0.084,8274
0.084,8273
0.084,8272
0.084,8271
0.085,8270
0.085,8269
0.085,8268
0.085,8267
0.086,8266
0.086,8265
0.086,8264
0.086,8263
0.086,8262
0.086,8261
0.086,8260
0.087,8259
0.087,8258
0.087,8257
0.087,8256
0.087,8255
0.087,8254
0.087,8253
0.087,8252
0.088,8251
0.088,8250
0.088,8249
0.088,8248
0.088,8247
0.088,8246
0.089,8245
0.089,8244
0.089,8243
0.089,8242
0.089,8241
0.089,8240
0.089,8239
0.089,8238
0.09,8237
0.09,8236
0.09,8235
0.09,8234
0.09,8233
0.091,8232
0.091,8231
0.092,8230
0.092,8229
0.092,8228
0.092,8227
0.093,8226
0.093,8225
0.093,8224
0.093,8223
0.094,8222
0.094,8221
0.094,8220
0.094,8219
0.095,8218
0.095,8217
0.102,8216
0.102,8215
0.103,8214
0.103,8213
0.103,8212
0.103,8211
0.104,8210
0.104,8209
0.104,8208
0.104,8207
0.104,8206
0.105,8205
0.105,8204
0.105,8203
0.105,8202
0.105,8201
0.106,8200
0.106,8199
0.106,8198
0.106,8197
0.106,8196
0.107,8195
0.107,8194
0.107,8193
0.107,8192
0.107,8191
0.107,8190
0.108,8189
0.108,8188
0.108,8187
0.113,8186
0.113,8185
0.114,8184
0.114,8183
0.114,8182
0.114,8181
0.114,8180
0.114,8179
0.114,8178
0.114,8177
0.115,8176
0.115,8175
0.115,8174
0.115,8173
0.116,8172
0.116,8171
0.116,8170
0.116,8169
0.116,8168
0.117,8167
0.117,8166
0.117,8165
0.117,8164
0.118,8163
0.118,8162
0.118,8161
0.118,8160
0.118,8159
0.118,8158
0.118,8157
0.118,8156
0.119,8155
0.119,8154
0.119,8153
0.119,8152
0.12,8151
0.12,8150
0.12,8149
0.12,8148
0.12,8147
0.12,8146
0.121,8145
0.121,8144
0.121,8143
0.121,8142
0.121,8141
0.122,8140
0.122,8139
0.122,8138
0.122,8137
0.123,8136
0.123,8135
0.123,8134
0.123,8133
0.123,8132
0.124,8131
0.124,8130
0.124,8129
0.125,8128
0.125,8127
0.125,8126
0.125,8125
0.125,8124
0.126,8123
0.126,8122
0.126,8121
0.126,8120
0.126,8119
0.127,8118
0.127,8117
0.127,8116
0.127,8115
0.127,8114
0.127,8113
0.127,8112
0.128,8111
0.128,8110
0.128,8109
0.129,8108
0.129,8107
0.129,8106
0.129,8105
0.129,8104
0.13,8103
0.13,8102
0.13,8101
0.13,8100
0.13,8099
0.13,8098
0.13,8097
0.13,8096
0.131,8095
0.131,8094
0.131,8093
0.131,8092
0.131,8091
0.131,8090
0.132,8089
0.132,8088
0.132,8087
0.132,8086
0.133,8085
0.133,8084
0.133,8083
0.133,8082
0.133,8081
0.133,8080
0.133,8079
0.134,8078
0.134,8077
0.134,8076
0.134,8075
0.134,8074
0.135,8073
0.135,8072
0.135,8071
0.135,8070
0.136,8069
0.136,8068
0.136,8067
0.136,8066
0.136,8065
0.137,8064
0.137,8063
0.137,8062
0.138,8061
0.138,8060
0.138,8059
0.138,8058
0.139,8057
0.139,8056
0.14,8055
0.14,8054
0.14,8053
0.141,8052
0.141,8051
0.141,8050
0.141,8049
0.142,8048
0.142,8047
0.142,8046
0.142,8045
0.142,8044
0.143,8043
0.143,8042
0.143,8041
0.143,8040
0.143,8039
0.144,8038
0.144,8037
0.145,8036
0.145,8035
0.145,8034
0.147,8033
0.147,8032
0.147,8031
0.147,8030
0.147,8029
0.148,8028
0.148,8027
0.148,8026
0.148,8025
0.148,8024
0.148,8023
0.149,8022
0.15,8021
0.15,8020
0.15,8019
0.151,8018
0.151,8017
0.151,8016
0.151,8015
0.151,8014
0.152,8013
0.152,8012
0.152,8011
0.152,8010
0.152,8009
0.153,8008
0.153,8007
0.153,8006
0.153,8005
0.154,8004
0.154,8003
0.154,8002
0.154,8001
0.154,8000
0.155,7999
0.155,7998
0.155,7997
0.156,7996
0.156,7995
0.157,7994
0.157,7993
0.158,7992
0.158,7991
0.158,7990
0.158,7989
0.159,7988
0.159,7987
0.159,7986
0.159,7985
0.16,7984
0.16,7983
0.16,7982
0.161,7981
0.161,7980
0.161,7979
0.162,7978
0.162,7977
0.162,7976
0.162,7975
0.162,7974
0.163,7973
0.163,7972
0.163,7971
0.163,7970
0.163,7969
0.164,7968
0.164,7967
0.164,7966
0.165,7965
0.165,7964
0.165,7963
0.165,7962
0.166,7961
0.166,7960
0.166,7959
0.166,7958
0.166,7957
0.166,7956
0.168,7955
0.168,7954
0.168,7953
0.168,7952
0.17,7951
0.17,7950
0.17,7949
0.171,7948
0.171,7947
0.171,7946
0.171,7945
0.171,7944
0.172,7943
0.172,7942
0.172,7941
0.172,7940
0.172,7939
0.173,7938
0.173,7937
0.173,7936
0.174,7935
0.174,7934
0.174,7933
0.174,7932
0.175,7931
0.175,7930
0.175,7929
0.175,7928
0.176,7927
0.176,7926
0.177,7925
0.177,7924
0.177,7923
0.177,7922
0.177,7921
0.177,7920
0.177,7919
0.178,7918
0.179,7917
0.179,7916
0.179,7915
0.179,7914
0.18,7913
0.18,7912
0.18,7911
0.18,7910
0.181,7909
0.181,7908
0.182,7907
0.182,7906
0.182,7905
0.184,7904
0.185,7903
0.185,7902
0.187,7901
0.187,7900
0.188,7899
0.188,7898
0.188,7897
0.189,7896
0.19,7895
0.191,7894
0.191,7893
0.192,7892
0.192,7891
0.192,7890
0.193,7889
0.193,7888
0.193,7887
0.194,7886
0.194,7885
0.195,7884
0.195,7883
0.195,7882
0.196,7881
0.196,7880
0.196,7879
0.196,7878
0.197,7877
0.197,7876
0.198,7875
0.198,7874
0.199,7873
0.2,7872
0.2,7871
0.201,7870
0.201,7869
0.201,7868
0.202,7867
0.202,7866
0.203,7865
0.203,7864
0.204,7863
0.204,7862
0.204,7861
0.204,7860
0.205,7859
0.212,7858
0.212,7857
0.212,7856
0.213,7855
0.213,7854
0.213,7853
0.214,7852
0.214,7851
0.214,7850
0.214,7849
0.214,7848
0.215,7847
0.215,7846
0.216,7845
0.216,7844
0.216,7843
0.217,7842
0.218,7841
0.218,7840
0.218,7839
0.219,7838
0.219,7837
0.219,7836
0.22,7835
0.22,7834
0.221,7833
0.221,7832
0.221,7831
0.221,7830
0.222,7829
0.222,7828
0.222,7827
0.223,7826
0.223,7825
0.223,7824
0.223,7823
0.223,7822
0.224,7821
0.224,7820
0.225,7819
0.225,7818
0.225,7817
0.225,7816
0.226,7815
0.226,7814
0.226,7813
0.227,7812
0.229,7811
0.229,7810
0.229,7809
0.23,7808
0.23,7807
0.23,7806
0.23,7805
0.231,7804
0.231,7803
0.231,7802
0.232,7801
0.233,7800
0.233,7799
0.234,7798
0.234,7797
0.235,7796
0.235,7795
0.235,7794
0.236,7793
0.236,7792
0.236,7791
0.236,7790
0.237,7789
0.237,7788
0.238,7787
0.239,7786
0.239,7785
0.239,7784
0.24,7783
0.24,7782
0.241,7781
0.241,7780
0.241,7779
0.241,7778
0.242,7777
0.243,7776
0.243,7775
0.243,7774
0.243,7773
0.244,7772
0.245,7771
0.246,7770
0.246,7769
0.247,7768
0.247,7767
0.248,7766
0.249,7765
0.25,7764
0.25,7763
0.251,7762
0.252,7761
0.252,7760
0.252,7759
0.253,7758
0.253,7757
0.254,7756
0.255,7755
0.255,7754
0.255,7753
0.255,7752
0.256,7751
0.256,7750
0.257,7749
0.257,7748
0.257,7747
0.259,7746
0.259,7745
0.26,7744
0.26,7743
0.26,7742
0.261,7741
0.262,7740
0.263,7739
0.263,7738
0.264,7737
0.264,7736
0.264,7735
0.265,7734
0.265,7733
0.265,7732
0.266,7731
0.266,7730
0.266,7729
0.267,7728
0.267,7727
0.268,7726
0.269,7725
0.27,7724
0.271,7723
0.272,7722
0.272,7721
0.273,7720
0.273,7719
0.273,7718
0.273,7717
0.274,7716
0.274,7715
0.274,7714
0.275,7713
0.275,7712
0.276,7711
0.276,7710
0.276,7709
0.276,7708
0.276,7707
0.277,7706
0.277,7705
0.277,7704
0.278,7703
0.281,7702
0.281,7701
0.282,7700
0.282,7699
0.284,7698
0.284,7697
0.284,7696
0.285,7695
0.286,7694
0.286,7693
0.286,7692
0.286,7691
0.286,7690
0.287,7689
0.287,7688
0.288,7687
0.288,7686
0.289,7685
0.289,7684
0.289,7683
0.297,7682
0.297,7681
0.298,7680
0.299,7679
0.299,7678
0.3,7677
0.3,7676
0.301,7675
0.303,7674
0.304,7673
0.304,7672
0.305,7671
0.306,7670
0.306,7669
0.308,7668
0.309,7667
0.309,7666
0.31,7665
0.311,7664
0.311,7663
0.311,7662
0.312,7661
0.312,7660
0.314,7659
0.314,7658
0.314,7657
0.314,7656
0.316,7655
0.316,7654
0.317,7653
0.317,7652
0.317,7651
0.317,7650
0.319,7649
0.321,7648
0.322,7647
0.322,7646
0.322,7645
0.324,7644
0.324,7643
0.324,7642
0.324,7641
0.325,7640
0.325,7639
0.326,7638
0.327,7637
0.327,7636
0.327,7635
0.328,7634
0.328,7633
0.329,7632
0.33,7631
0.331,7630
0.331,7629
0.331,7628
0.331,7627
0.332,7626
0.332,7625
0.333,7624
0.333,7623
0.333,7622
0.334,7621
0.334,7620
0.335,7619
0.335,7618
0.336,7617
0.337,7616
0.337,7615
0.337,7614
0.339,7613
0.339,7612
0.339,7611
0.34,7610
0.341,7609
0.341,7608
0.341,7607
0.341,7606
0.343,7605
0.343,7604
0.344,7603
0.345,7602
0.346,7601
0.347,7600
0.349,7599
0.35,7598
0.351,7597
0.351,7596
0.352,7595
0.352,7594
0.352,7593
0.353,7592
0.354,7591
0.354,7590
0.354,7589
0.355,7588
0.356,7587
0.357,7586
0.358,7585
0.359,7584
0.359,7583
0.36,7582
0.36,7581
0.36,7580
0.36,7579
0.36,7578
0.36,7577
0.361,7576
0.361,7575
0.362,7574
0.362,7573
0.362,7572
0.363,7571
0.364,7570
0.364,7569
0.365,7568
0.365,7567
0.366,7566
0.366,7565
0.367,7564
0.367,7563
0.368,7562
0.368,7561
0.369,7560
0.369,7559
0.37,7558
0.37,7557
0.372,7556
0.372,7555
0.383,7554
0.383,7553
0.384,7552
0.387,7551
0.388,7550
0.388,7549
0.388,7548
0.388,7547
0.389,7546
0.39,7545
0.391,7544
0.392,7543
0.393,7542
0.393,7541
0.394,7540
0.396,7539
0.396,7538
0.397,7537
0.398,7536
0.399,7535
0.4,7534
0.4,7533
0.401,7532
0.402,7531
0.403,7530
0.403,7529
0.405,7528
0.406,7527
0.407,7526
0.407,7525
0.409,7524
0.409,7523
0.409,7522
0.411,7521
0.411,7520
0.412,7519
0.413,7518
0.413,7517
0.413,7516
0.414,7515
0.416,7514
0.417,7513
0.418,7512
0.418,7511
0.419,7510
0.42,7509
0.421,7508
0.421,7507
0.421,7506
0.427,7505
0.427,7504
0.429,7503
0.429,7502
0.43,7501
0.433,7500
0.434,7499
0.435,7498
0.438,7497
0.438,7496
0.438,7495
0.439,7494
0.44,7493
0.442,7492
0.442,7491
0.443,7490
0.443,7489
0.444,7488
0.446,7487
0.447,7486
0.449,7485
0.45,7484
0.45,7483
0.452,7482
0.453,7481
0.453,7480
0.454,7479
0.456,7478
0.456,7477
0.456,7476
0.458,7475
0.459,7474
0.461,7473
0.463,7472
0.466,7471
0.466,7470
0.472,7469
0.473,7468
0.476,7467
0.477,7466
0.48,7465
0.486,7464
0.487,7463
0.487,7462
0.491,7461
0.493,7460
0.493,7459
0.494,7458
0.495,7457
0.499,7456
0.502,7455
0.503,7454
0.504,7453
0.504,7452
0.505,7451
0.506,7450
0.507,7449
0.507,7448
0.512,7447
0.512,7446
0.513,7445
0.514,7444
0.515,7443
0.516,7442
0.519,7441
0.52,7440
0.521,7439
0.522,7438
0.523,7437
0.524,7436
0.524,7435
0.525,7434
0.526,7433
0.527,7432
0.538,7431
0.539,7430
0.543,7429
0.544,7428
0.546,7427
0.55,7426
0.556,7425
0.557,7424
0.558,7423
0.563,7422
0.571,7421
0.576,7420
0.581,7419
0.582,7418
0.583,7417
0.584,7416
0.585,7415
0.586,7414
0.587,7413
0.592,7412
0.601,7411
0.601,7410
0.604,7409
0.605,7408
0.607,7407
0.609,7406
0.611,7405
0.613,7404
0.615,7403
0.616,7402
0.618,7401
0.618,7400
0.622,7399
0.625,7398
0.627,7397
0.633,7396
0.638,7395
0.639,7394
0.639,7393
0.644,7392
0.649,7391
0.651,7390
0.652,7389
0.653,7388
0.654,7387
0.658,7386
0.66,7385
0.66,7384
0.665,7383
0.666,7382
0.666,7381
0.667,7380
0.668,7379
0.678,7378
0.693,7377
0.701,7376
0.701,7375
0.704,7374
0.704,7373
0.712,7372
0.717,7371
0.718,7370
0.72,7369
0.722,7368
0.722,7367
0.724,7366
0.734,7365
0.739,7364
0.739,7363
0.741,7362
0.749,7361
0.75,7360
0.752,7359
0.754,7358
0.754,7357
0.763,7356
0.763,7355
0.765,7354
0.769,7353
0.77,7352
0.775,7351
0.779,7350
0.785,7349
0.788,7348
0.792,7347
0.801,7346
0.804,7345
0.815,7344
0.82,7343
0.831,7342
0.848,7341
0.849,7340
0.851,7339
0.866,7338
0.875,7337
0.883,7336
0.902,7335
0.904,7334
0.928,7333
0.944,7332
0.987,7331
1.011,7330
1.019,7329
1.03,7328
1.035,7327
1.037,7326
1.043,7325
1.047,7324
1.048,7323
1.058,7322
1.072,7321
1.088,7320
1.109,7319
1.126,7318
1.141,7317
1.172,7316
1.227,7315
1.235,7314
1.293,7313
