0.003,13440
0.005,13439
0.006,13438
0.007,13437
0.007,13436
0.008,13435
0.009,13434
0.01,13433
0.011,13432
0.011,13431
0.011,13430
0.012,13429
0.012,13428
0.012,13427
0.012,13426
0.012,13425
0.012,13424
0.012,13423
0.013,13422
0.013,13421
0.015,13420
0.015,13419
0.016,13418
0.016,13417
0.016,13416
0.016,13415
0.017,13414
0.017,13413
0.017,13412
0.017,13411
0.017,13410
0.017,13409
0.017,13408
0.017,13407
0.018,13406
0.018,13405
0.018,13404
0.018,13403
0.018,13402
0.019,13401
0.019,13400
0.019,13399
0.02,13398
0.02,13397
0.02,13396
0.02,13395
0.02,13394
0.02,13393
0.02,13392
0.021,13391
0.021,13390
0.021,13389
0.021,13388
0.021,13387
0.021,13386
0.022,13385
0.022,13384
0.022,13383
0.022,13382
0.022,13381
0.022,13380
0.023,13379
0.023,13378
0.023,13377
0.023,13376
0.023,13375
0.023,13374
0.024,13373
0.024,13372
0.024,13371
0.024,13370
0.024,13369
0.025,13368
0.025,13367
0.025,13366
0.025,13365
0.026,13364
0.026,13363
0.026,13362
0.026,13361
0.026,13360
0.026,13359
0.027,13358
0.027,13357
0.027,13356
0.027,13355
0.027,13354
0.027,13353
0.027,13352
0.028,13351
0.028,13350
0.028,13349
0.028,13348
0.028,13347
0.028,13346
0.029,13345
0.029,13344
0.029,13343
0.029,13342
0.029,13341
0.03,13340
0.03,13339
0.03,13338
0.03,13337
0.03,13336
0.031,13335
0.031,13334
0.033,13333
0.033,13332
0.033,13331
0.033,13330
0.034,13329
0.034,13328
0.034,13327
0.034,13326
0.035,13325
0.035,13324
0.035,13323
0.035,13322
0.035,13321
0.036,13320
0.036,13319
0.036,13318
0.036,13317
0.037,13316
0.037,13315
0.037,13314
0.037,13313
0.038,13312
0.038,13311
0.038,13310
0.038,13309
0.038,13308
0.039,13307
0.039,13306
0.039,13305
0.039,13304
0.039,13303
0.039,13302
0.039,13301
0.04,13300
0.04,13299
0.04,13298
0.04,13297
0.04,13296
0.04,13295
0.041,13294
0.041,13293
0.042,13292
0.042,13291
0.042,13290
0.042,13289
0.042,13288
0.043,13287
0.043,13286
0.043,13285
0.043,13284
0.043,13283
0.043,13282
0.043,13281
0.044,13280
0.044,13279
0.044,13278
0.044,13277
0.044,13276
0.044,13275
0.045,13274
0.045,13273
0.045,13272
0.045,13271
0.045,13270
0.045,13269
0.046,13268
0.046,13267
0.046,13266
0.046,13265
0.047,13264
0.047,13263
0.047,13262
0.047,13261
0.047,13260
0.047,13259
0.048,13258
0.048,13257
0.048,13256
0.048,13255
0.049,13254
0.049,13253
0.049,13252
0.049,13251
0.049,13250
0.05,13249
0.05,13248
0.05,13247
0.05,13246
0.05,13245
0.051,13244
0.051,13243
0.051,13242
0.051,13241
0.051,13240
0.051,13239
0.052,13238
0.052,13237
0.052,13236
0.053,13235
0.053,13234
0.053,13233
0.053,13232
0.053,13231
0.054,13230
0.054,13229
0.054,13228
0.054,13227
0.054,13226
0.054,13225
0.055,13224
0.055,13223
0.055,13222
0.055,13221
0.055,13220
0.056,13219
0.056,13218
0.056,13217
0.056,13216
0.056,13215
0.056,13214
0.057,13213
0.057,13212
0.057,13211
0.057,13210
0.057,13209
0.058,13208
0.058,13207
0.058,13206
0.058,13205
0.058,13204
0.059,13203
0.059,13202
0.059,13201
0.06,13200
0.06,13199
0.06,13198
0.06,13197
0.06,13196
0.061,13195
0.061,13194
0.062,13193
0.062,13192
0.062,13191
0.073,13190
0.073,13189
0.073,13188
0.073,13187
0.075,13186
0.077,13185
0.077,13184
0.077,13183
0.077,13182
0.078,13181
0.078,13180
0.078,13179
0.078,13178
0.078,13177
0.079,13176
0.079,13175
0.079,13174
0.079,13173
0.079,13172
0.079,13171
0.079,13170
0.08,13169
0.08,13168
0.08,13167
0.08,13166
0.08,13165
0.08,13164
0.08,13163
0.08,13162
0.081,13161
0.081,13160
0.081,13159
0.081,13158
0.081,13157
0.081,13156
0.081,13155
0.082,13154
0.082,13153
0.082,13152
0.082,13151
0.082,13150
0.082,13149
0.082,13148
0.082,13147
0.083,13146
0.083,13145
0.083,13144
0.083,13143
0.083,13142
0.083,13141
0.083,13140
0.083,13139
0.083,13138
0.084,13137
0.084,13136
0.084,13135
0.084,13134
0.084,13133
0.084,13132
0.084,13131
0.085,13130
0.085,13129
0.085,13128
0.085,13127
0.085,13126
0.085,13125
0.085,13124
0.085,13123
0.085,13122
0.086,13121
0.086,13120
0.086,13119
0.086,13118
0.086,13117
0.086,13116
0.086,13115
0.087,13114
0.087,13113
0.087,13112
0.087,13111
0.087,13110
0.087,13109
0.088,13108
0.088,13107
0.088,13106
0.088,13105
0.088,13104
0.088,13103
0.088,13102
0.088,13101
0.089,13100
0.089,13099
0.089,13098
0.089,13097
0.089,13096
0.089,13095
0.089,13094
0.09,13093
0.09,13092
0.09,13091
0.09,13090
0.09,13089
0.09,13088
0.091,13087
0.091,13086
0.091,13085
0.091,13084
0.091,13083
0.091,13082
0.091,13081
0.091,13080
0.091,13079
0.091,13078
0.092,13077
0.092,13076
0.092,13075
0.092,13074
0.092,13073
0.092,13072
0.093,13071
0.093,13070
0.093,13069
0.093,13068
0.093,13067
0.093,13066
0.093,13065
0.093,13064
0.094,13063
0.094,13062
0.094,13061
0.094,13060
0.094,13059
0.094,13058
0.094,13057
0.094,13056
0.095,13055
0.095,13054
0.095,13053
0.095,13052
0.095,13051
0.096,13050
0.096,13049
0.096,13048
0.096,13047
0.096,13046
0.096,13045
0.097,13044
0.097,13043
0.097,13042
0.098,13041
0.098,13040
0.098,13039
0.098,13038
0.099,13037
0.099,13036
0.099,13035
0.099,13034
0.099,13033
0.099,13032
0.099,13031
0.099,13030
0.099,13029
0.099,13028
0.099,13027
0.1,13026
0.1,13025
0.1,13024
0.1,13023
0.1,13022
0.1,13021
0.101,13020
0.101,13019
0.101,13018
0.101,13017
0.101,13016
0.101,13015
0.101,13014
0.102,13013
0.102,13012
0.102,13011
0.102,13010
0.103,13009
0.103,13008
0.103,13007
0.103,13006
0.103,13005
0.103,13004
0.103,13003
0.103,13002
0.103,13001
0.104,13000
0.104,12999
0.104,12998
0.104,12997
0.104,12996
0.104,12995
0.104,12994
0.104,12993
0.104,12992
0.104,12991
0.104,12990
0.105,12989
0.105,12988
0.105,12987
0.105,12986
0.105,12985
0.105,12984
0.105,12983
0.105,12982
0.105,12981
0.106,12980
0.106,12979
0.106,12978
0.106,12977
0.106,12976
0.106,12975
0.106,12974
0.106,12973
0.106,12972
0.107,12971
0.107,12970
0.107,12969
0.107,12968
0.107,12967
0.107,12966
0.107,12965
0.107,12964
0.108,12963
0.108,12962
0.108,12961
0.108,12960
0.108,12959
0.108,12958
0.108,12957
0.108,12956
0.108,12955
0.108,12954
0.109,12953
0.109,12952
0.109,12951
0.109,12950
0.109,12949
0.109,12948
0.109,12947
0.109,12946
0.109,12945
0.109,12944
0.109,12943
0.11,12942
0.11,12941
0.11,12940
0.11,12939
0.11,12938
0.111,12937
0.111,12936
0.111,12935
0.111,12934
0.111,12933
0.111,12932
0.111,12931
0.111,12930
0.111,12929
0.112,12928
0.112,12927
0.112,12926
0.112,12925
0.113,12924
0.113,12923
0.113,12922
0.113,12921
0.113,12920
0.113,12919
0.113,12918
0.113,12917
0.114,12916
0.114,12915
0.114,12914
0.114,12913
0.114,12912
0.114,12911
0.114,12910
0.115,12909
0.115,12908
0.115,12907
0.115,12906
0.115,12905
0.115,12904
0.116,12903
0.116,12902
0.116,12901
0.116,12900
0.116,12899
0.116,12898
0.116,12897
0.117,12896
0.117,12895
0.117,12894
0.117,12893
0.117,12892
0.117,12891
0.117,12890
0.117,12889
0.117,12888
0.117,12887
0.118,12886
0.118,12885
0.118,12884
0.118,12883
0.118,12882
0.118,12881
0.118,12880
0.119,12879
0.119,12878
0.119,12877
0.119,12876
0.119,12875
0.119,12874
0.119,12873
0.12,12872
0.12,12871
0.12,12870
0.12,12869
0.12,12868
0.12,12867
0.12,12866
0.12,12865
0.121,12864
0.121,12863
0.121,12862
0.121,12861
0.121,12860
0.121,12859
0.122,12858
0.122,12857
0.122,12856
0.122,12855
0.122,12854
0.122,12853
0.122,12852
0.122,12851
0.122,12850
0.123,12849
0.123,12848
0.123,12847
0.123,12846
0.123,12845
0.123,12844
0.123,12843
0.124,12842
0.124,12841
0.124,12840
0.124,12839
0.124,12838
0.124,12837
0.124,12836
0.124,12835
0.125,12834
0.125,12833
0.125,12832
0.125,12831
0.125,12830
0.125,12829
0.125,12828
0.126,12827
0.126,12826
0.126,12825
0.126,12824
0.126,12823
0.126,12822
0.126,12821
0.126,12820
0.127,12819
0.127,12818
0.127,12817
0.127,12816
0.127,12815
0.127,12814
0.127,12813
0.127,12812
0.128,12811
0.128,12810
0.128,12809
0.128,12808
0.128,12807
0.129,12806
0.129,12805
0.129,12804
0.129,12803
0.129,12802
0.129,12801
0.129,12800
0.129,12799
0.13,12798
0.13,12797
0.13,12796
0.13,12795
0.13,12794
0.13,12793
0.13,12792
0.13,12791
0.131,12790
0.131,12789
0.131,12788
0.131,12787
0.131,12786
0.131,12785
0.131,12784
0.131,12783
0.131,12782
0.132,12781
0.132,12780
0.132,12779
0.132,12778
0.132,12777
0.132,12776
0.132,12775
0.132,12774
0.133,12773
0.133,12772
0.133,12771
0.133,12770
0.133,12769
0.133,12768
0.133,12767
0.133,12766
0.133,12765
0.134,12764
0.134,12763
0.134,12762
0.134,12761
0.134,12760
0.134,12759
0.134,12758
0.135,12757
0.135,12756
0.135,12755
0.135,12754
0.135,12753
0.135,12752
0.135,12751
0.136,12750
0.136,12749
0.136,12748
0.136,12747
0.136,12746
0.136,12745
0.136,12744
0.136,12743
0.136,12742
0.136,12741
0.136,12740
0.137,12739
0.137,12738
0.137,12737
0.137,12736
0.137,12735
0.137,12734
0.137,12733
0.137,12732
0.138,12731
0.138,12730
0.138,12729
0.138,12728
0.138,12727
0.138,12726
0.139,12725
0.139,12724
0.139,12723
0.139,12722
0.139,12721
0.139,12720
0.139,12719
0.139,12718
0.139,12717
0.139,12716
0.139,12715
0.14,12714
0.14,12713
0.14,12712
0.14,12711
0.14,12710
0.14,12709
0.14,12708
0.14,12707
0.141,12706
0.141,12705
0.141,12704
0.141,12703
0.141,12702
0.141,12701
0.141,12700
0.141,12699
0.142,12698
0.142,12697
0.142,12696
0.142,12695
0.142,12694
0.142,12693
0.143,12692
0.143,12691
0.143,12690
0.143,12689
0.143,12688
0.143,12687
0.143,12686
0.143,12685
0.143,12684
0.143,12683
0.144,12682
0.144,12681
0.144,12680
0.144,12679
0.144,12678
0.144,12677
0.144,12676
0.144,12675
0.145,12674
0.145,12673
0.145,12672
0.145,12671
0.145,12670
0.145,12669
0.145,12668
0.145,12667
0.146,12666
0.146,12665
0.146,12664
0.146,12663
0.146,12662
0.146,12661
0.146,12660
0.146,12659
0.146,12658
0.147,12657
0.147,12656
0.147,12655
0.147,12654
0.147,12653
0.147,12652
0.147,12651
0.148,12650
0.148,12649
0.148,12648
0.148,12647
0.148,12646
0.148,12645
0.148,12644
0.148,12643
0.148,12642
0.149,12641
0.149,12640
0.149,12639
0.149,12638
0.149,12637
0.149,12636
0.149,12635
0.149,12634
0.15,12633
0.15,12632
0.15,12631
0.15,12630
0.151,12629
0.151,12628
0.151,12627
0.151,12626
0.151,12625
0.151,12624
0.151,12623
0.151,12622
0.151,12621
0.151,12620
0.152,12619
0.152,12618
0.152,12617
0.152,12616
0.152,12615
0.152,12614
0.152,12613
0.152,12612
0.153,12611
0.153,12610
0.153,12609
0.153,12608
0.153,12607
0.153,12606
0.153,12605
0.153,12604
0.154,12603
0.154,12602
0.154,12601
0.154,12600
0.154,12599
0.154,12598
0.154,12597
0.155,12596
0.155,12595
0.155,12594
0.155,12593
0.155,12592
0.155,12591
0.155,12590
0.156,12589
0.156,12588
0.156,12587
0.156,12586
0.156,12585
0.156,12584
0.156,12583
0.156,12582
0.157,12581
0.157,12580
0.157,12579
0.157,12578
0.157,12577
0.157,12576
0.157,12575
0.157,12574
0.157,12573
0.157,12572
0.157,12571
0.158,12570
0.158,12569
0.158,12568
0.158,12567
0.158,12566
0.158,12565
0.158,12564
0.158,12563
0.159,12562
0.159,12561
0.159,12560
0.159,12559
0.159,12558
0.159,12557
0.16,12556
0.16,12555
0.16,12554
0.16,12553
0.16,12552
0.16,12551
0.16,12550
0.161,12549
0.161,12548
0.161,12547
0.161,12546
0.161,12545
0.161,12544
0.161,12543
0.161,12542
0.162,12541
0.162,12540
0.162,12539
0.162,12538
0.162,12537
0.162,12536
0.162,12535
0.162,12534
0.162,12533
0.162,12532
0.163,12531
0.163,12530
0.163,12529
0.163,12528
0.163,12527
0.163,12526
0.163,12525
0.163,12524
0.164,12523
0.164,12522
0.164,12521
0.164,12520
0.164,12519
0.164,12518
0.164,12517
0.165,12516
0.165,12515
0.165,12514
0.165,12513
0.165,12512
0.165,12511
0.165,12510
0.165,12509
0.166,12508
0.166,12507
0.166,12506
0.166,12505
0.166,12504
0.166,12503
0.166,12502
0.166,12501
0.167,12500
0.167,12499
0.167,12498
0.167,12497
0.167,12496
0.168,12495
0.168,12494
0.168,12493
0.168,12492
0.168,12491
0.168,12490
0.168,12489
0.168,12488
0.168,12487
0.168,12486
0.169,12485
0.169,12484
0.169,12483
0.169,12482
0.169,12481
0.169,12480
0.169,12479
0.169,12478
0.169,12477
0.169,12476
0.17,12475
0.17,12474
0.17,12473
0.17,12472
0.17,12471
0.17,12470
0.17,12469
0.17,12468
0.17,12467
0.171,12466
0.171,12465
0.171,12464
0.171,12463
0.171,12462
0.171,12461
0.171,12460
0.171,12459
0.171,12458
0.171,12457
0.171,12456
0.171,12455
0.172,12454
0.172,12453
0.172,12452
0.172,12451
0.172,12450
0.172,12449
0.172,12448
0.172,12447
0.172,12446
0.173,12445
0.173,12444
0.173,12443
0.173,12442
0.173,12441
0.173,12440
0.174,12439
0.174,12438
0.174,12437
0.174,12436
0.174,12435
0.174,12434
0.174,12433
0.174,12432
0.175,12431
0.175,12430
0.175,12429
0.175,12428
0.175,12427
0.175,12426
0.175,12425
0.175,12424
0.176,12423
0.176,12422
0.176,12421
0.176,12420
0.176,12419
0.176,12418
0.176,12417
0.177,12416
0.177,12415
0.177,12414
0.177,12413
0.177,12412
0.177,12411
0.177,12410
0.177,12409
0.178,12408
0.178,12407
0.178,12406
0.178,12405
0.178,12404
0.178,12403
0.178,12402
0.178,12401
0.178,12400
0.179,12399
0.179,12398
0.179,12397
0.179,12396
0.179,12395
0.179,12394
0.179,12393
0.18,12392
0.18,12391
0.18,12390
0.18,12389
0.18,12388
0.18,12387
0.18,12386
0.181,12385
0.181,12384
0.181,12383
0.181,12382
0.181,12381
0.181,12380
0.181,12379
0.182,12378
0.182,12377
0.182,12376
0.182,12375
0.182,12374
0.182,12373
0.182,12372
0.182,12371
0.182,12370
0.183,12369
0.183,12368
0.183,12367
0.183,12366
0.183,12365
0.183,12364
0.183,12363
0.184,12362
0.184,12361
0.184,12360
0.184,12359
0.184,12358
0.184,12357
0.184,12356
0.184,12355
0.184,12354
0.185,12353
0.185,12352
0.185,12351
0.185,12350
0.185,12349
0.185,12348
0.185,12347
0.186,12346
0.186,12345
0.186,12344
0.186,12343
0.186,12342
0.186,12341
0.186,12340
0.186,12339
0.186,12338
0.186,12337
0.186,12336
0.186,12335
0.187,12334
0.187,12333
0.187,12332
0.187,12331
0.187,12330
0.187,12329
0.187,12328
0.187,12327
0.188,12326
0.188,12325
0.188,12324
0.188,12323
0.188,12322
0.188,12321
0.188,12320
0.188,12319
0.188,12318
0.188,12317
0.188,12316
0.188,12315
0.189,12314
0.189,12313
0.189,12312
0.189,12311
0.189,12310
0.189,12309
0.189,12308
0.189,12307
0.189,12306
0.19,12305
0.19,12304
0.19,12303
0.19,12302
0.19,12301
0.19,12300
0.19,12299
0.19,12298
0.19,12297
0.19,12296
0.19,12295
0.191,12294
0.191,12293
0.191,12292
0.191,12291
0.191,12290
0.191,12289
0.191,12288
0.191,12287
0.192,12286
0.192,12285
0.192,12284
0.192,12283
0.192,12282
0.192,12281
0.192,12280
0.192,12279
0.193,12278
0.193,12277
0.193,12276
0.193,12275
0.193,12274
0.193,12273
0.193,12272
0.193,12271
0.193,12270
0.193,12269
0.194,12268
0.194,12267
0.194,12266
0.194,12265
0.194,12264
0.194,12263
0.194,12262
0.194,12261
0.194,12260
0.194,12259
0.194,12258
0.195,12257
0.195,12256
0.195,12255
0.195,12254
0.195,12253
0.195,12252
0.195,12251
0.195,12250
0.196,12249
0.196,12248
0.196,12247
0.196,12246
0.196,12245
0.196,12244
0.196,12243
0.197,12242
0.197,12241
0.197,12240
0.197,12239
0.197,12238
0.197,12237
0.197,12236
0.197,12235
0.197,12234
0.197,12233
0.198,12232
0.198,12231
0.198,12230
0.198,12229
0.198,12228
0.198,12227
0.198,12226
0.198,12225
0.198,12224
0.198,12223
0.198,12222
0.199,12221
0.199,12220
0.199,12219
0.199,12218
0.199,12217
0.199,12216
0.199,12215
0.199,12214
0.2,12213
0.2,12212
0.2,12211
0.2,12210
0.2,12209
0.2,12208
0.2,12207
0.2,12206
0.2,12205
0.201,12204
0.201,12203
0.201,12202
0.201,12201
0.201,12200
0.201,12199
0.201,12198
0.201,12197
0.202,12196
0.202,12195
0.202,12194
0.202,12193
0.202,12192
0.202,12191
0.202,12190
0.202,12189
0.203,12188
0.203,12187
0.203,12186
0.203,12185
0.203,12184
0.203,12183
0.203,12182
0.204,12181
0.204,12180
0.204,12179
0.204,12178
0.204,12177
0.204,12176
0.204,12175
0.204,12174
0.205,12173
0.205,12172
0.205,12171
0.205,12170
0.205,12169
0.205,12168
0.205,12167
0.205,12166
0.205,12165
0.206,12164
0.206,12163
0.206,12162
0.206,12161
0.206,12160
0.206,12159
0.206,12158
0.206,12157
0.215,12156
0.215,12155
0.215,12154
0.215,12153
0.215,12152
0.215,12151
0.215,12150
0.215,12149
0.216,12148
0.216,12147
0.216,12146
0.216,12145
0.216,12144
0.216,12143
0.216,12142
0.216,12141
0.217,12140
0.217,12139
0.217,12138
0.217,12137
0.217,12136
0.217,12135
0.217,12134
0.217,12133
0.217,12132
0.218,12131
0.218,12130
0.218,12129
0.218,12128
0.218,12127
0.219,12126
0.219,12125
0.219,12124
0.219,12123
0.219,12122
0.219,12121
0.219,12120
0.22,12119
0.22,12118
0.22,12117
0.22,12116
0.22,12115
0.22,12114
0.22,12113
0.221,12112
0.221,12111
0.221,12110
0.221,12109
0.221,12108
0.221,12107
0.222,12106
0.222,12105
0.222,12104
0.222,12103
0.222,12102
0.222,12101
0.222,12100
0.222,12099
0.223,12098
0.223,12097
0.223,12096
0.223,12095
0.223,12094
0.223,12093
0.223,12092
0.223,12091
0.223,12090
0.224,12089
0.224,12088
0.224,12087
0.224,12086
0.224,12085
0.224,12084
0.224,12083
0.224,12082
0.225,12081
0.225,12080
0.225,12079
0.225,12078
0.225,12077
0.225,12076
0.225,12075
0.225,12074
0.225,12073
0.226,12072
0.226,12071
0.227,12070
0.227,12069
0.227,12068
0.227,12067
0.227,12066
0.227,12065
0.227,12064
0.228,12063
0.228,12062
0.228,12061
0.228,12060
0.228,12059
0.229,12058
0.229,12057
0.229,12056
0.229,12055
0.229,12054
0.229,12053
0.229,12052
0.23,12051
0.23,12050
0.23,12049
0.23,12048
0.23,12047
0.231,12046
0.231,12045
0.231,12044
0.231,12043
0.232,12042
0.232,12041
0.232,12040
0.232,12039
0.232,12038
0.233,12037
0.233,12036
0.233,12035
0.233,12034
0.233,12033
0.233,12032
0.233,12031
0.234,12030
0.234,12029
0.234,12028
0.234,12027
0.234,12026
0.234,12025
0.235,12024
0.235,12023
0.235,12022
0.235,12021
0.235,12020
0.235,12019
0.236,12018
0.236,12017
0.236,12016
0.236,12015
0.236,12014
0.236,12013
0.236,12012
0.236,12011
0.237,12010
0.237,12009
0.237,12008
0.237,12007
0.237,12006
0.237,12005
0.237,12004
0.238,12003
0.238,12002
0.238,12001
0.238,12000
0.238,11999
0.238,11998
0.238,11997
0.238,11996
0.239,11995
0.239,11994
0.239,11993
0.239,11992
0.239,11991
0.24,11990
0.24,11989
0.24,11988
0.24,11987
0.24,11986
0.24,11985
0.24,11984
0.24,11983
0.24,11982
0.241,11981
0.241,11980
0.241,11979
0.241,11978
0.241,11977
0.241,11976
0.241,11975
0.242,11974
0.242,11973
0.242,11972
0.242,11971
0.242,11970
0.243,11969
0.243,11968
0.243,11967
0.243,11966
0.243,11965
0.244,11964
0.244,11963
0.244,11962
0.244,11961
0.244,11960
0.244,11959
0.244,11958
0.244,11957
0.245,11956
0.245,11955
0.245,11954
0.245,11953
0.245,11952
0.245,11951
0.246,11950
0.246,11949
0.246,11948
0.246,11947
0.246,11946
0.246,11945
0.246,11944
0.247,11943
0.247,11942
0.247,11941
0.247,11940
0.247,11939
0.247,11938
0.248,11937
0.248,11936
0.248,11935
0.248,11934
0.248,11933
0.248,11932
0.248,11931
0.249,11930
0.249,11929
0.249,11928
0.25,11927
0.25,11926
0.25,11925
0.25,11924
0.25,11923
0.251,11922
0.251,11921
0.251,11920
0.251,11919
0.251,11918
0.251,11917
0.251,11916
0.251,11915
0.252,11914
0.252,11913
0.252,11912
0.252,11911
0.252,11910
0.252,11909
0.252,11908
0.253,11907
0.253,11906
0.253,11905
0.253,11904
0.253,11903
0.253,11902
0.254,11901
0.254,11900
0.254,11899
0.254,11898
0.254,11897
0.254,11896
0.255,11895
0.255,11894
0.255,11893
0.255,11892
0.256,11891
0.256,11890
0.256,11889
0.256,11888
0.257,11887
0.257,11886
0.257,11885
0.257,11884
0.257,11883
0.257,11882
0.257,11881
0.258,11880
0.258,11879
0.258,11878
0.258,11877
0.258,11876
0.258,11875
0.258,11874
0.258,11873
0.259,11872
0.259,11871
0.259,11870
0.259,11869
0.259,11868
0.259,11867
0.259,11866
0.26,11865
0.26,11864
0.26,11863
0.26,11862
0.26,11861
0.26,11860
0.26,11859
0.26,11858
0.26,11857
0.261,11856
0.261,11855
0.261,11854
0.261,11853
0.261,11852
0.262,11851
0.262,11850
0.262,11849
0.262,11848
0.262,11847
0.262,11846
0.263,11845
0.263,11844
0.263,11843
0.263,11842
0.263,11841
0.263,11840
0.263,11839
0.264,11838
0.264,11837
0.264,11836
0.264,11835
0.265,11834
0.265,11833
0.265,11832
0.265,11831
0.265,11830
0.266,11829
0.266,11828
0.266,11827
0.266,11826
0.266,11825
0.266,11824
0.266,11823
0.266,11822
0.267,11821
0.267,11820
0.267,11819
0.267,11818
0.267,11817
0.267,11816
0.267,11815
0.268,11814
0.268,11813
0.268,11812
0.268,11811
0.268,11810
0.268,11809
0.268,11808
0.269,11807
0.269,11806
0.269,11805
0.269,11804
0.269,11803
0.269,11802
0.269,11801
0.269,11800
0.269,11799
0.269,11798
0.27,11797
0.27,11796
0.27,11795
0.27,11794
0.27,11793
0.27,11792
0.27,11791
0.271,11790
0.271,11789
0.271,11788
0.271,11787
0.271,11786
0.271,11785
0.271,11784
0.271,11783
0.271,11782
0.271,11781
0.272,11780
0.272,11779
0.272,11778
0.272,11777
0.272,11776
0.272,11775
0.272,11774
0.272,11773
0.273,11772
0.273,11771
0.273,11770
0.273,11769
0.273,11768
0.273,11767
0.273,11766
0.274,11765
0.274,11764
0.274,11763
0.274,11762
0.274,11761
0.274,11760
0.274,11759
0.275,11758
0.275,11757
0.275,11756
0.275,11755
0.275,11754
0.275,11753
0.275,11752
0.275,11751
0.275,11750
0.276,11749
0.276,11748
0.276,11747
0.276,11746
0.276,11745
0.276,11744
0.276,11743
0.277,11742
0.277,11741
0.277,11740
0.277,11739
0.277,11738
0.277,11737
0.277,11736
0.277,11735
0.278,11734
0.278,11733
0.278,11732
0.278,11731
0.278,11730
0.279,11729
0.279,11728
0.279,11727
0.279,11726
0.279,11725
0.28,11724
0.28,11723
0.28,11722
0.28,11721
0.28,11720
0.28,11719
0.281,11718
0.281,11717
0.281,11716
0.281,11715
0.281,11714
0.281,11713
0.282,11712
0.282,11711
0.282,11710
0.282,11709
0.282,11708
0.282,11707
0.283,11706
0.283,11705
0.283,11704
0.283,11703
0.283,11702
0.283,11701
0.283,11700
0.284,11699
0.284,11698
0.284,11697
0.284,11696
0.284,11695
0.285,11694
0.285,11693
0.285,11692
0.285,11691
0.285,11690
0.286,11689
0.286,11688
0.286,11687
0.286,11686
0.286,11685
0.286,11684
0.286,11683
0.286,11682
0.286,11681
0.286,11680
0.287,11679
0.287,11678
0.287,11677
0.287,11676
0.287,11675
0.287,11674
0.287,11673
0.288,11672
0.288,11671
0.288,11670
0.288,11669
0.288,11668
0.288,11667
0.289,11666
0.289,11665
0.289,11664
0.289,11663
0.289,11662
0.289,11661
0.289,11660
0.289,11659
0.29,11658
0.29,11657
0.29,11656
0.29,11655
0.29,11654
0.29,11653
0.29,11652
0.29,11651
0.291,11650
0.291,11649
0.291,11648
0.291,11647
0.291,11646
0.291,11645
0.292,11644
0.292,11643
0.292,11642
0.292,11641
0.292,11640
0.292,11639
0.292,11638
0.292,11637
0.292,11636
0.293,11635
0.293,11634
0.293,11633
0.293,11632
0.293,11631
0.293,11630
0.293,11629
0.293,11628
0.293,11627
0.294,11626
0.294,11625
0.294,11624
0.294,11623
0.294,11622
0.294,11621
0.294,11620
0.294,11619
0.295,11618
0.295,11617
0.295,11616
0.295,11615
0.295,11614
0.295,11613
0.295,11612
0.295,11611
0.296,11610
0.296,11609
0.296,11608
0.296,11607
0.297,11606
0.297,11605
0.297,11604
0.297,11603
0.297,11602
0.297,11601
0.297,11600
0.297,11599
0.297,11598
0.298,11597
0.298,11596
0.298,11595
0.298,11594
0.298,11593
0.298,11592
0.298,11591
0.298,11590
0.298,11589
0.299,11588
0.299,11587
0.299,11586
0.299,11585
0.299,11584
0.299,11583
0.299,11582
0.299,11581
0.299,11580
0.299,11579
0.3,11578
0.3,11577
0.3,11576
0.3,11575
0.3,11574
0.3,11573
0.3,11572
0.3,11571
0.3,11570
0.301,11569
0.301,11568
0.301,11567
0.301,11566
0.301,11565
0.301,11564
0.301,11563
0.301,11562
0.302,11561
0.302,11560
0.302,11559
0.302,11558
0.302,11557
0.302,11556
0.302,11555
0.302,11554
0.302,11553
0.302,11552
0.303,11551
0.303,11550
0.303,11549
0.303,11548
0.303,11547
0.304,11546
0.304,11545
0.304,11544
0.304,11543
0.304,11542
0.304,11541
0.304,11540
0.304,11539
0.304,11538
0.305,11537
0.305,11536
0.305,11535
0.305,11534
0.305,11533
0.305,11532
0.305,11531
0.305,11530
0.305,11529
0.305,11528
0.306,11527
0.306,11526
0.306,11525
0.306,11524
0.306,11523
0.306,11522
0.307,11521
0.307,11520
0.307,11519
0.307,11518
0.307,11517
0.307,11516
0.308,11515
0.308,11514
0.308,11513
0.308,11512
0.308,11511
0.308,11510
0.308,11509
0.308,11508
0.308,11507
0.308,11506
0.309,11505
0.309,11504
0.309,11503
0.309,11502
0.309,11501
0.31,11500
0.31,11499
0.31,11498
0.31,11497
0.31,11496
0.311,11495
0.311,11494
0.311,11493
0.311,11492
0.311,11491
0.312,11490
0.312,11489
0.312,11488
0.312,11487
0.312,11486
0.312,11485
0.312,11484
0.313,11483
0.313,11482
0.313,11481
0.313,11480
0.313,11479
0.314,11478
0.314,11477
0.314,11476
0.314,11475
0.314,11474
0.314,11473
0.314,11472
0.315,11471
0.315,11470
0.315,11469
0.315,11468
0.315,11467
0.315,11466
0.316,11465
0.316,11464
0.316,11463
0.316,11462
0.316,11461
0.316,11460
0.316,11459
0.316,11458
0.316,11457
0.316,11456
0.317,11455
0.317,11454
0.317,11453
0.317,11452
0.317,11451
0.317,11450
0.317,11449
0.317,11448
0.317,11447
0.317,11446
0.318,11445
0.318,11444
0.318,11443
0.318,11442
0.318,11441
0.318,11440
0.318,11439
0.318,11438
0.319,11437
0.319,11436
0.319,11435
0.319,11434
0.319,11433
0.319,11432
0.319,11431
0.319,11430
0.32,11429
0.32,11428
0.32,11427
0.32,11426
0.32,11425
0.32,11424
0.32,11423
0.32,11422
0.32,11421
0.32,11420
0.321,11419
0.321,11418
0.321,11417
0.321,11416
0.321,11415
0.321,11414
0.321,11413
0.321,11412
0.322,11411
0.322,11410
0.322,11409
0.322,11408
0.322,11407
0.322,11406
0.322,11405
0.322,11404
0.322,11403
0.323,11402
0.323,11401
0.323,11400
0.323,11399
0.323,11398
0.323,11397
0.323,11396
0.323,11395
0.323,11394
0.324,11393
0.324,11392
0.324,11391
0.324,11390
0.324,11389
0.324,11388
0.324,11387
0.324,11386
0.324,11385
0.325,11384
0.325,11383
0.325,11382
0.325,11381
0.325,11380
0.325,11379
0.325,11378
0.325,11377
0.325,11376
0.326,11375
0.326,11374
0.326,11373
0.326,11372
0.326,11371
0.326,11370
0.326,11369
0.326,11368
0.326,11367
0.327,11366
0.327,11365
0.327,11364
0.327,11363
0.327,11362
0.328,11361
0.328,11360
0.328,11359
0.328,11358
0.328,11357
0.328,11356
0.329,11355
0.329,11354
0.329,11353
0.329,11352
0.329,11351
0.329,11350
0.33,11349
0.33,11348
0.33,11347
0.33,11346
0.33,11345
0.33,11344
0.33,11343
0.33,11342
0.331,11341
0.331,11340
0.331,11339
0.331,11338
0.331,11337
0.331,11336
0.331,11335
0.331,11334
0.332,11333
0.332,11332
0.332,11331
0.332,11330
0.332,11329
0.332,11328
0.333,11327
0.333,11326
0.333,11325
0.333,11324
0.333,11323
0.334,11322
0.334,11321
0.334,11320
0.334,11319
0.334,11318
0.334,11317
0.335,11316
0.335,11315
0.335,11314
0.335,11313
0.335,11312
0.335,11311
0.335,11310
0.335,11309
0.336,11308
0.336,11307
0.336,11306
0.336,11305
0.336,11304
0.336,11303
0.336,11302
0.336,11301
0.336,11300
0.336,11299
0.336,11298
0.336,11297
0.337,11296
0.337,11295
0.337,11294
0.337,11293
0.337,11292
0.337,11291
0.337,11290
0.337,11289
0.337,11288
0.338,11287
0.338,11286
0.338,11285
0.338,11284
0.338,11283
0.338,11282
0.338,11281
0.339,11280
0.339,11279
0.339,11278
0.339,11277
0.339,11276
0.339,11275
0.339,11274
0.339,11273
0.339,11272
0.339,11271
0.34,11270
0.34,11269
0.34,11268
0.34,11267
0.341,11266
0.341,11265
0.341,11264
0.341,11263
0.341,11262
0.341,11261
0.341,11260
0.341,11259
0.342,11258
0.342,11257
0.342,11256
0.342,11255
0.342,11254
0.342,11253
0.342,11252
0.342,11251
0.343,11250
0.343,11249
0.343,11248
0.343,11247
0.343,11246
0.343,11245
0.343,11244
0.343,11243
0.343,11242
0.344,11241
0.344,11240
0.344,11239
0.344,11238
0.344,11237
0.344,11236
0.344,11235
0.344,11234
0.345,11233
0.345,11232
0.345,11231
0.345,11230
0.345,11229
0.345,11228
0.345,11227
0.345,11226
0.346,11225
0.346,11224
0.346,11223
0.346,11222
0.346,11221
0.346,11220
0.346,11219
0.346,11218
0.347,11217
0.347,11216
0.347,11215
0.347,11214
0.347,11213
0.347,11212
0.347,11211
0.348,11210
0.348,11209
0.348,11208
0.348,11207
0.348,11206
0.348,11205
0.349,11204
0.349,11203
0.349,11202
0.349,11201
0.349,11200
0.35,11199
0.35,11198
0.35,11197
0.35,11196
0.35,11195
0.35,11194
0.35,11193
0.35,11192
0.35,11191
0.35,11190
0.351,11189
0.351,11188
0.351,11187
0.351,11186
0.351,11185
0.351,11184
0.358,11183
0.358,11182
0.358,11181
0.358,11180
0.358,11179
0.358,11178
0.359,11177
0.359,11176
0.359,11175
0.36,11174
0.36,11173
0.36,11172
0.36,11171
0.36,11170
0.361,11169
0.361,11168
0.361,11167
0.361,11166
0.361,11165
0.361,11164
0.361,11163
0.362,11162
0.362,11161
0.362,11160
0.362,11159
0.362,11158
0.362,11157
0.362,11156
0.363,11155
0.363,11154
0.363,11153
0.363,11152
0.363,11151
0.363,11150
0.363,11149
0.363,11148
0.363,11147
0.363,11146
0.364,11145
0.364,11144
0.364,11143
0.364,11142
0.364,11141
0.364,11140
0.365,11139
0.365,11138
0.365,11137
0.365,11136
0.365,11135
0.365,11134
0.366,11133
0.366,11132
0.366,11131
0.366,11130
0.366,11129
0.366,11128
0.366,11127
0.367,11126
0.367,11125
0.367,11124
0.367,11123
0.368,11122
0.368,11121
0.368,11120
0.368,11119
0.368,11118
0.368,11117
0.368,11116
0.368,11115
0.368,11114
0.369,11113
0.369,11112
0.369,11111
0.369,11110
0.369,11109
0.37,11108
0.37,11107
0.37,11106
0.37,11105
0.37,11104
0.37,11103
0.371,11102
0.371,11101
0.371,11100
0.371,11099
0.371,11098
0.371,11097
0.371,11096
0.371,11095
0.372,11094
0.372,11093
0.372,11092
0.372,11091
0.372,11090
0.372,11089
0.372,11088
0.372,11087
0.373,11086
0.373,11085
0.373,11084
0.373,11083
0.373,11082
0.374,11081
0.374,11080
0.374,11079
0.374,11078
0.374,11077
0.374,11076
0.374,11075
0.374,11074
0.374,11073
0.375,11072
0.375,11071
0.375,11070
0.375,11069
0.375,11068
0.375,11067
0.375,11066
0.375,11065
0.376,11064
0.376,11063
0.376,11062
0.376,11061
0.376,11060
0.376,11059
0.377,11058
0.377,11057
0.377,11056
0.377,11055
0.377,11054
0.377,11053
0.377,11052
0.377,11051
0.377,11050
0.377,11049
0.377,11048
0.378,11047
0.378,11046
0.378,11045
0.378,11044
0.378,11043
0.378,11042
0.378,11041
0.378,11040
0.378,11039
0.379,11038
0.379,11037
0.379,11036
0.379,11035
0.379,11034
0.379,11033
0.379,11032
0.38,11031
0.38,11030
0.38,11029
0.38,11028
0.38,11027
0.38,11026
0.38,11025
0.381,11024
0.381,11023
0.381,11022
0.381,11021
0.381,11020
0.381,11019
0.381,11018
0.382,11017
0.382,11016
0.382,11015
0.382,11014
0.382,11013
0.382,11012
0.383,11011
0.383,11010
0.383,11009
0.383,11008
0.383,11007
0.383,11006
0.384,11005
0.384,11004
0.384,11003
0.384,11002
0.384,11001
0.385,11000
0.385,10999
0.385,10998
0.385,10997
0.385,10996
0.385,10995
0.385,10994
0.385,10993
0.385,10992
0.386,10991
0.386,10990
0.386,10989
0.386,10988
0.386,10987
0.386,10986
0.386,10985
0.387,10984
0.387,10983
0.387,10982
0.387,10981
0.387,10980
0.387,10979
0.387,10978
0.387,10977
0.387,10976
0.387,10975
0.387,10974
0.388,10973
0.388,10972
0.388,10971
0.388,10970
0.388,10969
0.388,10968
0.388,10967
0.388,10966
0.389,10965
0.389,10964
0.389,10963
0.389,10962
0.389,10961
0.389,10960
0.39,10959
0.39,10958
0.39,10957
0.39,10956
0.39,10955
0.39,10954
0.391,10953
0.391,10952
0.391,10951
0.391,10950
0.392,10949
0.392,10948
0.392,10947
0.392,10946
0.392,10945
0.392,10944
0.393,10943
0.393,10942
0.393,10941
0.393,10940
0.393,10939
0.394,10938
0.394,10937
0.394,10936
0.394,10935
0.394,10934
0.394,10933
0.395,10932
0.395,10931
0.395,10930
0.395,10929
0.395,10928
0.395,10927
0.396,10926
0.396,10925
0.396,10924
0.396,10923
0.396,10922
0.396,10921
0.396,10920
0.396,10919
0.396,10918
0.396,10917
0.397,10916
0.397,10915
0.397,10914
0.397,10913
0.397,10912
0.397,10911
0.397,10910
0.397,10909
0.397,10908
0.398,10907
0.398,10906
0.398,10905
0.398,10904
0.398,10903
0.398,10902
0.398,10901
0.399,10900
0.399,10899
0.399,10898
0.399,10897
0.399,10896
0.399,10895
0.399,10894
0.399,10893
0.399,10892
0.4,10891
0.4,10890
0.4,10889
0.4,10888
0.4,10887
0.4,10886
0.4,10885
0.4,10884
0.401,10883
0.401,10882
0.401,10881
0.401,10880
0.401,10879
0.401,10878
0.401,10877
0.402,10876
0.402,10875
0.402,10874
0.402,10873
0.402,10872
0.402,10871
0.402,10870
0.403,10869
0.403,10868
0.403,10867
0.403,10866
0.403,10865
0.403,10864
0.403,10863
0.404,10862
0.404,10861
0.404,10860
0.404,10859
0.404,10858
0.404,10857
0.405,10856
0.405,10855
0.405,10854
0.405,10853
0.405,10852
0.405,10851
0.405,10850
0.406,10849
0.406,10848
0.406,10847
0.406,10846
0.406,10845
0.406,10844
0.407,10843
0.407,10842
0.407,10841
0.407,10840
0.407,10839
0.407,10838
0.407,10837
0.407,10836
0.407,10835
0.408,10834
0.408,10833
0.408,10832
0.408,10831
0.408,10830
0.408,10829
0.409,10828
0.409,10827
0.409,10826
0.409,10825
0.409,10824
0.409,10823
0.409,10822
0.409,10821
0.409,10820
0.41,10819
0.41,10818
0.41,10817
0.41,10816
0.41,10815
0.41,10814
0.41,10813
0.41,10812
0.41,10811
0.41,10810
0.411,10809
0.411,10808
0.411,10807
0.411,10806
0.411,10805
0.411,10804
0.412,10803
0.412,10802
0.412,10801
0.412,10800
0.412,10799
0.412,10798
0.413,10797
0.413,10796
0.413,10795
0.413,10794
0.413,10793
0.413,10792
0.413,10791
0.413,10790
0.414,10789
0.414,10788
0.414,10787
0.414,10786
0.414,10785
0.414,10784
0.414,10783
0.414,10782
0.414,10781
0.415,10780
0.415,10779
0.415,10778
0.415,10777
0.415,10776
0.416,10775
0.416,10774
0.416,10773
0.416,10772
0.416,10771
0.416,10770
0.417,10769
0.417,10768
0.417,10767
0.417,10766
0.417,10765
0.417,10764
0.417,10763
0.417,10762
0.418,10761
0.418,10760
0.418,10759
0.418,10758
0.418,10757
0.418,10756
0.418,10755
0.418,10754
0.418,10753
0.418,10752
0.419,10751
0.419,10750
0.419,10749
0.419,10748
0.419,10747
0.419,10746
0.419,10745
0.419,10744
0.419,10743
0.42,10742
0.42,10741
0.42,10740
0.42,10739
0.42,10738
0.42,10737
0.42,10736
0.421,10735
0.421,10734
0.421,10733
0.421,10732
0.421,10731
0.421,10730
0.421,10729
0.421,10728
0.422,10727
0.422,10726
0.422,10725
0.422,10724
0.422,10723
0.422,10722
0.422,10721
0.422,10720
0.423,10719
0.423,10718
0.423,10717
0.423,10716
0.423,10715
0.423,10714
0.423,10713
0.423,10712
0.423,10711
0.423,10710
0.423,10709
0.424,10708
0.424,10707
0.424,10706
0.424,10705
0.424,10704
0.424,10703
0.424,10702
0.424,10701
0.425,10700
0.425,10699
0.425,10698
0.425,10697
0.425,10696
0.425,10695
0.425,10694
0.425,10693
0.425,10692
0.426,10691
0.426,10690
0.426,10689
0.426,10688
0.426,10687
0.426,10686
0.426,10685
0.426,10684
0.427,10683
0.427,10682
0.427,10681
0.427,10680
0.428,10679
0.428,10678
0.428,10677
0.428,10676
0.428,10675
0.428,10674
0.429,10673
0.429,10672
0.429,10671
0.429,10670
0.429,10669
0.43,10668
0.43,10667
0.43,10666
0.43,10665
0.43,10664
0.43,10663
0.43,10662
0.43,10661
0.43,10660
0.43,10659
0.431,10658
0.431,10657
0.431,10656
0.431,10655
0.431,10654
0.431,10653
0.432,10652
0.432,10651
0.432,10650
0.432,10649
0.432,10648
0.432,10647
0.433,10646
0.433,10645
0.433,10644
0.433,10643
0.433,10642
0.433,10641
0.433,10640
0.433,10639
0.433,10638
0.434,10637
0.434,10636
0.434,10635
0.434,10634
0.435,10633
0.435,10632
0.435,10631
0.435,10630
0.435,10629
0.435,10628
0.435,10627
0.436,10626
0.436,10625
0.436,10624
0.436,10623
0.436,10622
0.436,10621
0.436,10620
0.436,10619
0.437,10618
0.437,10617
0.437,10616
0.437,10615
0.437,10614
0.437,10613
0.437,10612
0.438,10611
0.438,10610
0.438,10609
0.438,10608
0.438,10607
0.439,10606
0.439,10605
0.439,10604
0.439,10603
0.439,10602
0.44,10601
0.44,10600
0.44,10599
0.44,10598
0.44,10597
0.441,10596
0.441,10595
0.441,10594
0.441,10593
0.441,10592
0.441,10591
0.441,10590
0.441,10589
0.441,10588
0.442,10587
0.442,10586
0.442,10585
0.442,10584
0.443,10583
0.443,10582
0.443,10581
0.443,10580
0.443,10579
0.443,10578
0.443,10577
0.444,10576
0.444,10575
0.444,10574
0.444,10573
0.444,10572
0.444,10571
0.444,10570
0.444,10569
0.444,10568
0.445,10567
0.445,10566
0.445,10565
0.445,10564
0.445,10563
0.445,10562
0.445,10561
0.445,10560
0.446,10559
0.446,10558
0.446,10557
0.446,10556
0.447,10555
0.447,10554
0.447,10553
0.447,10552
0.447,10551
0.447,10550
0.447,10549
0.447,10548
0.447,10547
0.448,10546
0.448,10545
0.448,10544
0.448,10543
0.448,10542
0.448,10541
0.448,10540
0.448,10539
0.449,10538
0.449,10537
0.449,10536
0.449,10535
0.449,10534
0.449,10533
0.449,10532
0.449,10531
0.449,10530
0.45,10529
0.45,10528
0.45,10527
0.45,10526
0.45,10525
0.45,10524
0.45,10523
0.45,10522
0.451,10521
0.451,10520
0.451,10519
0.451,10518
0.451,10517
0.451,10516
0.452,10515
0.452,10514
0.452,10513
0.452,10512
0.452,10511
0.452,10510
0.452,10509
0.452,10508
0.453,10507
0.453,10506
0.453,10505
0.453,10504
0.453,10503
0.454,10502
0.454,10501
0.454,10500
0.454,10499
0.454,10498
0.454,10497
0.454,10496
0.455,10495
0.455,10494
0.455,10493
0.455,10492
0.455,10491
0.455,10490
0.455,10489
0.456,10488
0.456,10487
0.456,10486
0.456,10485
0.456,10484
0.456,10483
0.456,10482
0.456,10481
0.457,10480
0.457,10479
0.457,10478
0.457,10477
0.457,10476
0.457,10475
0.458,10474
0.458,10473
0.458,10472
0.458,10471
0.458,10470
0.458,10469
0.458,10468
0.458,10467
0.459,10466
0.459,10465
0.459,10464
0.459,10463
0.459,10462
0.459,10461
0.459,10460
0.459,10459
0.459,10458
0.46,10457
0.46,10456
0.46,10455
0.46,10454
0.46,10453
0.46,10452
0.46,10451
0.46,10450
0.461,10449
0.461,10448
0.461,10447
0.461,10446
0.461,10445
0.461,10444
0.461,10443
0.462,10442
0.462,10441
0.462,10440
0.462,10439
0.463,10438
0.463,10437
0.463,10436
0.463,10435
0.463,10434
0.463,10433
0.463,10432
0.463,10431
0.463,10430
0.464,10429
0.464,10428
0.464,10427
0.464,10426
0.464,10425
0.464,10424
0.464,10423
0.465,10422
0.465,10421
0.465,10420
0.465,10419
0.465,10418
0.465,10417
0.465,10416
0.465,10415
0.465,10414
0.465,10413
0.465,10412
0.465,10411
0.466,10410
0.466,10409
0.466,10408
0.466,10407
0.466,10406
0.466,10405
0.466,10404
0.466,10403
0.467,10402
0.467,10401
0.467,10400
0.467,10399
0.467,10398
0.467,10397
0.468,10396
0.468,10395
0.468,10394
0.468,10393
0.469,10392
0.469,10391
0.469,10390
0.469,10389
0.469,10388
0.469,10387
0.469,10386
0.469,10385
0.469,10384
0.47,10383
0.47,10382
0.47,10381
0.47,10380
0.47,10379
0.47,10378
0.47,10377
0.47,10376
0.47,10375
0.47,10374
0.47,10373
0.471,10372
0.471,10371
0.471,10370
0.471,10369
0.471,10368
0.471,10367
0.471,10366
0.471,10365
0.471,10364
0.472,10363
0.472,10362
0.472,10361
0.472,10360
0.472,10359
0.472,10358
0.473,10357
0.473,10356
0.473,10355
0.473,10354
0.474,10353
0.474,10352
0.474,10351
0.474,10350
0.474,10349
0.474,10348
0.474,10347
0.475,10346
0.475,10345
0.475,10344
0.475,10343
0.475,10342
0.475,10341
0.475,10340
0.475,10339
0.475,10338
0.476,10337
0.476,10336
0.476,10335
0.476,10334
0.476,10333
0.476,10332
0.477,10331
0.477,10330
0.477,10329
0.477,10328
0.477,10327
0.477,10326
0.477,10325
0.477,10324
0.477,10323
0.478,10322
0.478,10321
0.478,10320
0.478,10319
0.478,10318
0.478,10317
0.478,10316
0.479,10315
0.479,10314
0.479,10313
0.479,10312
0.479,10311
0.479,10310
0.479,10309
0.479,10308
0.479,10307
0.48,10306
0.48,10305
0.48,10304
0.48,10303
0.48,10302
0.48,10301
0.48,10300
0.48,10299
0.481,10298
0.481,10297
0.481,10296
0.481,10295
0.481,10294
0.481,10293
0.481,10292
0.481,10291
0.481,10290
0.481,10289
0.482,10288
0.482,10287
0.482,10286
0.482,10285
0.482,10284
0.482,10283
0.482,10282
0.482,10281
0.482,10280
0.491,10279
0.491,10278
0.491,10277
0.491,10276
0.491,10275
0.491,10274
0.491,10273
0.492,10272
0.492,10271
0.492,10270
0.492,10269
0.492,10268
0.492,10267
0.493,10266
0.493,10265
0.493,10264
0.493,10263
0.493,10262
0.493,10261
0.493,10260
0.493,10259
0.493,10258
0.494,10257
0.494,10256
0.494,10255
0.494,10254
0.494,10253
0.494,10252
0.494,10251
0.495,10250
0.495,10249
0.495,10248
0.495,10247
0.495,10246
0.496,10245
0.496,10244
0.496,10243
0.496,10242
0.496,10241
0.496,10240
0.496,10239
0.496,10238
0.496,10237
0.497,10236
0.497,10235
0.497,10234
0.497,10233
0.497,10232
0.497,10231
0.497,10230
0.497,10229
0.498,10228
0.498,10227
0.498,10226
0.498,10225
0.498,10224
0.498,10223
0.499,10222
0.499,10221
0.499,10220
0.499,10219
0.499,10218
0.499,10217
0.5,10216
0.5,10215
0.5,10214
0.5,10213
0.5,10212
0.5,10211
0.501,10210
0.501,10209
0.501,10208
0.501,10207
0.501,10206
0.501,10205
0.502,10204
0.502,10203
0.502,10202
0.502,10201
0.502,10200
0.503,10199
0.503,10198
0.503,10197
0.503,10196
0.503,10195
0.503,10194
0.503,10193
0.503,10192
0.503,10191
0.503,10190
0.503,10189
0.504,10188
0.504,10187
0.504,10186
0.504,10185
0.504,10184
0.504,10183
0.504,10182
0.504,10181
0.504,10180
0.505,10179
0.505,10178
0.505,10177
0.505,10176
0.505,10175
0.505,10174
0.505,10173
0.505,10172
0.506,10171
0.506,10170
0.506,10169
0.506,10168
0.506,10167
0.506,10166
0.506,10165
0.506,10164
0.506,10163
0.507,10162
0.507,10161
0.507,10160
0.507,10159
0.507,10158
0.507,10157
0.507,10156
0.508,10155
0.508,10154
0.508,10153
0.508,10152
0.508,10151
0.508,10150
0.508,10149
0.508,10148
0.509,10147
0.509,10146
0.509,10145
0.509,10144
0.509,10143
0.509,10142
0.509,10141
0.509,10140
0.51,10139
0.51,10138
0.51,10137
0.51,10136
0.51,10135
0.51,10134
0.51,10133
0.51,10132
0.51,10131
0.51,10130
0.511,10129
0.511,10128
0.511,10127
0.511,10126
0.511,10125
0.511,10124
0.511,10123
0.512,10122
0.512,10121
0.512,10120
0.512,10119
0.512,10118
0.512,10117
0.512,10116
0.512,10115
0.513,10114
0.513,10113
0.513,10112
0.513,10111
0.513,10110
0.513,10109
0.514,10108
0.514,10107
0.514,10106
0.514,10105
0.514,10104
0.514,10103
0.514,10102
0.514,10101
0.514,10100
0.515,10099
0.515,10098
0.515,10097
0.515,10096
0.516,10095
0.516,10094
0.516,10093
0.516,10092
0.516,10091
0.516,10090
0.517,10089
0.517,10088
0.517,10087
0.517,10086
0.517,10085
0.517,10084
0.517,10083
0.518,10082
0.518,10081
0.518,10080
0.518,10079
0.518,10078
0.518,10077
0.518,10076
0.519,10075
0.519,10074
0.519,10073
0.519,10072
0.519,10071
0.519,10070
0.519,10069
0.519,10068
0.52,10067
0.52,10066
0.52,10065
0.52,10064
0.52,10063
0.52,10062
0.52,10061
0.52,10060
0.521,10059
0.521,10058
0.521,10057
0.521,10056
0.521,10055
0.522,10054
0.522,10053
0.522,10052
0.522,10051
0.522,10050
0.522,10049
0.522,10048
0.522,10047
0.522,10046
0.523,10045
0.523,10044
0.523,10043
0.523,10042
0.523,10041
0.523,10040
0.523,10039
0.524,10038
0.524,10037
0.524,10036
0.524,10035
0.524,10034
0.524,10033
0.524,10032
0.525,10031
0.525,10030
0.525,10029
0.525,10028
0.525,10027
0.525,10026
0.525,10025
0.525,10024
0.525,10023
0.525,10022
0.526,10021
0.526,10020
0.526,10019
0.526,10018
0.526,10017
0.526,10016
0.526,10015
0.526,10014
0.526,10013
0.527,10012
0.527,10011
0.527,10010
0.527,10009
0.527,10008
0.527,10007
0.527,10006
0.527,10005
0.527,10004
0.527,10003
0.528,10002
0.528,10001
0.528,10000
0.528,9999
0.528,9998
0.528,9997
0.528,9996
0.528,9995
0.529,9994
0.529,9993
0.529,9992
0.529,9991
0.529,9990
0.529,9989
0.53,9988
0.53,9987
0.53,9986
0.53,9985
0.53,9984
0.53,9983
0.53,9982
0.53,9981
0.53,9980
0.531,9979
0.531,9978
0.531,9977
0.531,9976
0.532,9975
0.532,9974
0.532,9973
0.532,9972
0.532,9971
0.532,9970
0.532,9969
0.532,9968
0.532,9967
0.533,9966
0.533,9965
0.533,9964
0.533,9963
0.533,9962
0.533,9961
0.533,9960
0.533,9959
0.533,9958
0.534,9957
0.534,9956
0.534,9955
0.534,9954
0.534,9953
0.534,9952
0.534,9951
0.535,9950
0.535,9949
0.535,9948
0.535,9947
0.535,9946
0.535,9945
0.535,9944
0.536,9943
0.536,9942
0.536,9941
0.536,9940
0.536,9939
0.537,9938
0.537,9937
0.537,9936
0.537,9935
0.537,9934
0.538,9933
0.538,9932
0.538,9931
0.538,9930
0.538,9929
0.538,9928
0.538,9927
0.538,9926
0.538,9925
0.539,9924
0.539,9923
0.539,9922
0.539,9921
0.539,9920
0.54,9919
0.54,9918
0.54,9917
0.54,9916
0.54,9915
0.54,9914
0.54,9913
0.541,9912
0.541,9911
0.541,9910
0.541,9909
0.541,9908
0.541,9907
0.541,9906
0.541,9905
0.542,9904
0.542,9903
0.542,9902
0.542,9901
0.542,9900
0.542,9899
0.543,9898
0.543,9897
0.543,9896
0.544,9895
0.544,9894
0.544,9893
0.544,9892
0.544,9891
0.544,9890
0.545,9889
0.545,9888
0.545,9887
0.545,9886
0.545,9885
0.545,9884
0.545,9883
0.545,9882
0.546,9881
0.546,9880
0.546,9879
0.546,9878
0.546,9877
0.546,9876
0.546,9875
0.546,9874
0.546,9873
0.546,9872
0.547,9871
0.547,9870
0.547,9869
0.547,9868
0.547,9867
0.547,9866
0.548,9865
0.548,9864
0.548,9863
0.548,9862
0.548,9861
0.548,9860
0.548,9859
0.548,9858
0.549,9857
0.549,9856
0.549,9855
0.549,9854
0.549,9853
0.549,9852
0.549,9851
0.549,9850
0.549,9849
0.549,9848
0.55,9847
0.55,9846
0.55,9845
0.55,9844
0.55,9843
0.55,9842
0.55,9841
0.55,9840
0.55,9839
0.551,9838
0.551,9837
0.551,9836
0.551,9835
0.551,9834
0.551,9833
0.551,9832
0.552,9831
0.552,9830
0.552,9829
0.552,9828
0.552,9827
0.552,9826
0.552,9825
0.553,9824
0.553,9823
0.553,9822
0.553,9821
0.553,9820
0.553,9819
0.553,9818
0.553,9817
0.553,9816
0.553,9815
0.554,9814
0.554,9813
0.554,9812
0.554,9811
0.554,9810
0.555,9809
0.555,9808
0.555,9807
0.555,9806
0.555,9805
0.555,9804
0.555,9803
0.556,9802
0.556,9801
0.556,9800
0.556,9799
0.557,9798
0.557,9797
0.557,9796
0.557,9795
0.557,9794
0.557,9793
0.558,9792
0.558,9791
0.558,9790
0.558,9789
0.558,9788
0.558,9787
0.559,9786
0.559,9785
0.559,9784
0.559,9783
0.559,9782
0.559,9781
0.559,9780
0.559,9779
0.56,9778
0.56,9777
0.56,9776
0.56,9775
0.56,9774
0.56,9773
0.56,9772
0.56,9771
0.561,9770
0.561,9769
0.561,9768
0.561,9767
0.561,9766
0.561,9765
0.561,9764
0.561,9763
0.561,9762
0.562,9761
0.562,9760
0.562,9759
0.562,9758
0.562,9757
0.562,9756
0.562,9755
0.562,9754
0.562,9753
0.562,9752
0.563,9751
0.563,9750
0.563,9749
0.563,9748
0.563,9747
0.563,9746
0.563,9745
0.564,9744
0.564,9743
0.564,9742
0.564,9741
0.564,9740
0.564,9739
0.565,9738
0.565,9737
0.565,9736
0.565,9735
0.565,9734
0.566,9733
0.566,9732
0.566,9731
0.566,9730
0.566,9729
0.566,9728
0.566,9727
0.566,9726
0.566,9725
0.567,9724
0.567,9723
0.567,9722
0.567,9721
0.567,9720
0.567,9719
0.567,9718
0.567,9717
0.568,9716
0.568,9715
0.568,9714
0.568,9713
0.568,9712
0.568,9711
0.568,9710
0.568,9709
0.568,9708
0.568,9707
0.568,9706
0.569,9705
0.569,9704
0.569,9703
0.569,9702
0.569,9701
0.569,9700
0.569,9699
0.569,9698
0.569,9697
0.569,9696
0.57,9695
0.57,9694
0.57,9693
0.57,9692
0.57,9691
0.57,9690
0.57,9689
0.57,9688
0.57,9687
0.571,9686
0.571,9685
0.571,9684
0.571,9683
0.571,9682
0.571,9681
0.571,9680
0.571,9679
0.571,9678
0.572,9677
0.572,9676
0.572,9675
0.572,9674
0.572,9673
0.572,9672
0.572,9671
0.572,9670
0.573,9669
0.573,9668
0.573,9667
0.573,9666
0.573,9665
0.574,9664
0.574,9663
0.574,9662
0.574,9661
0.574,9660
0.574,9659
0.574,9658
0.574,9657
0.574,9656
0.574,9655
0.574,9654
0.575,9653
0.575,9652
0.575,9651
0.575,9650
0.575,9649
0.575,9648
0.575,9647
0.575,9646
0.575,9645
0.576,9644
0.576,9643
0.576,9642
0.576,9641
0.576,9640
0.577,9639
0.577,9638
0.577,9637
0.577,9636
0.577,9635
0.578,9634
0.578,9633
0.578,9632
0.578,9631
0.578,9630
0.578,9629
0.578,9628
0.578,9627
0.578,9626
0.578,9625
0.579,9624
0.579,9623
0.579,9622
0.579,9621
0.579,9620
0.579,9619
0.579,9618
0.579,9617
0.58,9616
0.58,9615
0.58,9614
0.58,9613
0.58,9612
0.58,9611
0.58,9610
0.581,9609
0.581,9608
0.581,9607
0.581,9606
0.581,9605
0.581,9604
0.581,9603
0.581,9602
0.582,9601
0.582,9600
0.582,9599
0.582,9598
0.582,9597
0.582,9596
0.582,9595
0.583,9594
0.583,9593
0.583,9592
0.583,9591
0.583,9590
0.583,9589
0.584,9588
0.584,9587
0.584,9586
0.584,9585
0.584,9584
0.584,9583
0.584,9582
0.584,9581
0.585,9580
0.585,9579
0.585,9578
0.585,9577
0.585,9576
0.585,9575
0.585,9574
0.585,9573
0.586,9572
0.586,9571
0.586,9570
0.586,9569
0.586,9568
0.586,9567
0.586,9566
0.586,9565
0.586,9564
0.586,9563
0.586,9562
0.587,9561
0.587,9560
0.587,9559
0.587,9558
0.587,9557
0.588,9556
0.588,9555
0.588,9554
0.588,9553
0.588,9552
0.588,9551
0.589,9550
0.589,9549
0.589,9548
0.589,9547
0.589,9546
0.589,9545
0.59,9544
0.59,9543
0.59,9542
0.59,9541
0.591,9540
0.591,9539
0.591,9538
0.591,9537
0.591,9536
0.591,9535
0.591,9534
0.591,9533
0.592,9532
0.592,9531
0.592,9530
0.592,9529
0.593,9528
0.593,9527
0.593,9526
0.593,9525
0.594,9524
0.594,9523
0.594,9522
0.594,9521
0.594,9520
0.595,9519
0.595,9518
0.595,9517
0.595,9516
0.596,9515
0.596,9514
0.596,9513
0.596,9512
0.596,9511
0.596,9510
0.596,9509
0.597,9508
0.597,9507
0.597,9506
0.598,9505
0.598,9504
0.598,9503
0.598,9502
0.598,9501
0.598,9500
0.598,9499
0.598,9498
0.599,9497
0.599,9496
0.599,9495
0.599,9494
0.599,9493
0.599,9492
0.599,9491
0.599,9490
0.599,9489
0.599,9488
0.599,9487
0.6,9486
0.6,9485
0.6,9484
0.6,9483
0.601,9482
0.601,9481
0.601,9480
0.601,9479
0.601,9478
0.601,9477
0.601,9476
0.601,9475
0.601,9474
0.602,9473
0.602,9472
0.602,9471
0.602,9470
0.602,9469
0.602,9468
0.602,9467
0.602,9466
0.602,9465
0.603,9464
0.603,9463
0.603,9462
0.603,9461
0.603,9460
0.603,9459
0.603,9458
0.603,9457
0.603,9456
0.604,9455
0.604,9454
0.604,9453
0.604,9452
0.604,9451
0.604,9450
0.604,9449
0.604,9448
0.604,9447
0.604,9446
0.605,9445
0.605,9444
0.605,9443
0.605,9442
0.605,9441
0.605,9440
0.605,9439
0.605,9438
0.605,9437
0.605,9436
0.605,9435
0.606,9434
0.606,9433
0.606,9432
0.606,9431
0.606,9430
0.606,9429
0.606,9428
0.606,9427
0.606,9426
0.606,9425
0.607,9424
0.607,9423
0.607,9422
0.607,9421
0.607,9420
0.607,9419
0.607,9418
0.607,9417
0.608,9416
0.608,9415
0.608,9414
0.608,9413
0.608,9412
0.608,9411
0.608,9410
0.608,9409
0.608,9408
0.608,9407
0.609,9406
0.609,9405
0.609,9404
0.609,9403
0.609,9402
0.609,9401
0.609,9400
0.61,9399
0.61,9398
0.61,9397
0.61,9396
0.61,9395
0.611,9394
0.611,9393
0.611,9392
0.611,9391
0.611,9390
0.611,9389
0.611,9388
0.611,9387
0.611,9386
0.611,9385
0.611,9384
0.611,9383
0.612,9382
0.612,9381
0.612,9380
0.612,9379
0.612,9378
0.612,9377
0.612,9376
0.613,9375
0.613,9374
0.613,9373
0.613,9372
0.613,9371
0.613,9370
0.613,9369
0.613,9368
0.613,9367
0.614,9366
0.614,9365
0.614,9364
0.614,9363
0.614,9362
0.614,9361
0.614,9360
0.614,9359
0.615,9358
0.615,9357
0.615,9356
0.615,9355
0.615,9354
0.615,9353
0.615,9352
0.615,9351
0.616,9350
0.616,9349
0.616,9348
0.616,9347
0.616,9346
0.616,9345
0.616,9344
0.616,9343
0.617,9342
0.617,9341
0.617,9340
0.617,9339
0.617,9338
0.617,9337
0.617,9336
0.617,9335
0.617,9334
0.618,9333
0.618,9332
0.618,9331
0.618,9330
0.618,9329
0.618,9328
0.618,9327
0.618,9326
0.619,9325
0.619,9324
0.619,9323
0.619,9322
0.619,9321
0.619,9320
0.619,9319
0.619,9318
0.62,9317
0.62,9316
0.62,9315
0.62,9314
0.62,9313
0.62,9312
0.62,9311
0.62,9310
0.621,9309
0.621,9308
0.621,9307
0.621,9306
0.621,9305
0.621,9304
0.621,9303
0.621,9302
0.621,9301
0.621,9300
0.622,9299
0.622,9298
0.622,9297
0.622,9296
0.622,9295
0.622,9294
0.622,9293
0.622,9292
0.623,9291
0.623,9290
0.623,9289
0.624,9288
0.624,9287
0.624,9286
0.624,9285
0.624,9284
0.624,9283
0.625,9282
0.625,9281
0.625,9280
0.626,9279
0.626,9278
0.626,9277
0.626,9276
0.626,9275
0.626,9274
0.626,9273
0.627,9272
0.627,9271
0.627,9270
0.627,9269
0.627,9268
0.627,9267
0.627,9266
0.628,9265
0.628,9264
0.628,9263
0.629,9262
0.629,9261
0.629,9260
0.629,9259
0.629,9258
0.629,9257
0.629,9256
0.629,9255
0.629,9254
0.629,9253
0.629,9252
0.629,9251
0.63,9250
0.63,9249
0.63,9248
0.63,9247
0.63,9246
0.63,9245
0.63,9244
0.63,9243
0.63,9242
0.63,9241
0.631,9240
0.631,9239
0.631,9238
0.631,9237
0.631,9236
0.631,9235
0.631,9234
0.631,9233
0.631,9232
0.631,9231
0.631,9230
0.632,9229
0.632,9228
0.632,9227
0.632,9226
0.632,9225
0.632,9224
0.632,9223
0.632,9222
0.632,9221
0.633,9220
0.633,9219
0.633,9218
0.633,9217
0.633,9216
0.634,9215
0.634,9214
0.634,9213
0.634,9212
0.634,9211
0.634,9210
0.634,9209
0.634,9208
0.634,9207
0.634,9206
0.635,9205
0.635,9204
0.635,9203
0.635,9202
0.635,9201
0.635,9200
0.635,9199
0.635,9198
0.635,9197
0.636,9196
0.636,9195
0.636,9194
0.636,9193
0.636,9192
0.636,9191
0.636,9190
0.636,9189
0.637,9188
0.637,9187
0.637,9186
0.637,9185
0.637,9184
0.637,9183
0.637,9182
0.638,9181
0.638,9180
0.638,9179
0.638,9178
0.638,9177
0.638,9176
0.638,9175
0.638,9174
0.638,9173
0.638,9172
0.638,9171
0.639,9170
0.639,9169
0.639,9168
0.639,9167
0.639,9166
0.639,9165
0.639,9164
0.639,9163
0.639,9162
0.639,9161
0.64,9160
0.64,9159
0.64,9158
0.64,9157
0.64,9156
0.64,9155
0.64,9154
0.64,9153
0.641,9152
0.641,9151
0.641,9150
0.641,9149
0.641,9148
0.641,9147
0.641,9146
0.642,9145
0.642,9144
0.642,9143
0.642,9142
0.642,9141
0.642,9140
0.642,9139
0.642,9138
0.642,9137
0.642,9136
0.642,9135
0.643,9134
0.643,9133
0.643,9132
0.643,9131
0.643,9130
0.643,9129
0.643,9128
0.643,9127
0.643,9126
0.643,9125
0.644,9124
0.644,9123
0.644,9122
0.644,9121
0.644,9120
0.644,9119
0.644,9118
0.644,9117
0.644,9116
0.645,9115
0.645,9114
0.645,9113
0.645,9112
0.645,9111
0.645,9110
0.645,9109
0.645,9108
0.646,9107
0.646,9106
0.646,9105
0.646,9104
0.647,9103
0.647,9102
0.647,9101
0.647,9100
0.647,9099
0.648,9098
0.648,9097
0.648,9096
0.648,9095
0.648,9094
0.649,9093
0.649,9092
0.649,9091
0.649,9090
0.649,9089
0.649,9088
0.65,9087
0.65,9086
0.65,9085
0.651,9084
0.651,9083
0.651,9082
0.651,9081
0.651,9080
0.651,9079
0.651,9078
0.651,9077
0.651,9076
0.652,9075
0.652,9074
0.652,9073
0.652,9072
0.652,9071
0.652,9070
0.652,9069
0.652,9068
0.652,9067
0.652,9066
0.653,9065
0.653,9064
0.653,9063
0.653,9062
0.653,9061
0.653,9060
0.654,9059
0.654,9058
0.654,9057
0.654,9056
0.655,9055
0.655,9054
0.655,9053
0.655,9052
0.655,9051
0.655,9050
0.656,9049
0.656,9048
0.656,9047
0.656,9046
0.656,9045
0.656,9044
0.657,9043
0.657,9042
0.657,9041
0.657,9040
0.657,9039
0.657,9038
0.658,9037
0.658,9036
0.658,9035
0.658,9034
0.658,9033
0.658,9032
0.658,9031
0.658,9030
0.658,9029
0.659,9028
0.659,9027
0.659,9026
0.659,9025
0.659,9024
0.659,9023
0.659,9022
0.66,9021
0.66,9020
0.66,9019
0.66,9018
0.66,9017
0.661,9016
0.661,9015
0.661,9014
0.661,9013
0.661,9012
0.661,9011
0.661,9010
0.662,9009
0.662,9008
0.662,9007
0.662,9006
0.662,9005
0.662,9004
0.662,9003
0.662,9002
0.663,9001
0.663,9000
0.663,8999
0.663,8998
0.663,8997
0.663,8996
0.663,8995
0.664,8994
0.664,8993
0.664,8992
0.664,8991
0.664,8990
0.665,8989
0.665,8988
0.665,8987
0.665,8986
0.665,8985
0.665,8984
0.666,8983
0.666,8982
0.666,8981
0.666,8980
0.667,8979
0.667,8978
0.667,8977
0.667,8976
0.667,8975
0.667,8974
0.668,8973
0.668,8972
0.668,8971
0.668,8970
0.668,8969
0.668,8968
0.668,8967
0.668,8966
0.668,8965
0.668,8964
0.668,8963
0.669,8962
0.669,8961
0.669,8960
0.669,8959
0.669,8958
0.669,8957
0.67,8956
0.67,8955
0.671,8954
0.671,8953
0.671,8952
0.671,8951
0.671,8950
0.671,8949
0.671,8948
0.671,8947
0.671,8946
0.672,8945
0.672,8944
0.672,8943
0.672,8942
0.672,8941
0.673,8940
0.673,8939
0.673,8938
0.673,8937
0.673,8936
0.673,8935
0.673,8934
0.674,8933
0.674,8932
0.674,8931
0.674,8930
0.674,8929
0.674,8928
0.675,8927
0.675,8926
0.675,8925
0.675,8924
0.675,8923
0.675,8922
0.675,8921
0.675,8920
0.675,8919
0.676,8918
0.676,8917
0.676,8916
0.676,8915
0.676,8914
0.676,8913
0.677,8912
0.677,8911
0.677,8910
0.677,8909
0.677,8908
0.677,8907
0.678,8906
0.678,8905
0.678,8904
0.678,8903
0.678,8902
0.678,8901
0.678,8900
0.679,8899
0.679,8898
0.679,8897
0.679,8896
0.679,8895
0.68,8894
0.68,8893
0.68,8892
0.68,8891
0.681,8890
0.681,8889
0.681,8888
0.682,8887
0.682,8886
0.682,8885
0.682,8884
0.682,8883
0.682,8882
0.683,8881
0.683,8880
0.683,8879
0.683,8878
0.683,8877
0.684,8876
0.684,8875
0.684,8874
0.684,8873
0.684,8872
0.685,8871
0.685,8870
0.685,8869
0.685,8868
0.685,8867
0.686,8866
0.686,8865
0.686,8864
0.686,8863
0.686,8862
0.686,8861
0.687,8860
0.687,8859
0.687,8858
0.687,8857
0.687,8856
0.687,8855
0.688,8854
0.688,8853
0.688,8852
0.688,8851
0.688,8850
0.688,8849
0.688,8848
0.688,8847
0.689,8846
0.689,8845
0.689,8844
0.689,8843
0.689,8842
0.689,8841
0.689,8840
0.69,8839
0.69,8838
0.69,8837
0.69,8836
0.69,8835
0.69,8834
0.69,8833
0.691,8832
0.691,8831
0.691,8830
0.692,8829
0.692,8828
0.692,8827
0.692,8826
0.692,8825
0.693,8824
0.693,8823
0.694,8822
0.694,8821
0.694,8820
0.694,8819
0.695,8818
0.695,8817
0.695,8816
0.695,8815
0.695,8814
0.695,8813
0.696,8812
0.696,8811
0.696,8810
0.696,8809
0.696,8808
0.697,8807
0.697,8806
0.697,8805
0.697,8804
0.697,8803
0.697,8802
0.697,8801
0.698,8800
0.698,8799
0.698,8798
0.698,8797
0.698,8796
0.698,8795
0.698,8794
0.698,8793
0.698,8792
0.699,8791
0.699,8790
0.699,8789
0.699,8788
0.699,8787
0.699,8786
0.699,8785
0.7,8784
0.7,8783
0.7,8782
0.7,8781
0.7,8780
0.7,8779
0.7,8778
0.701,8777
0.701,8776
0.701,8775
0.701,8774
0.701,8773
0.702,8772
0.702,8771
0.702,8770
0.702,8769
0.702,8768
0.702,8767
0.702,8766
0.703,8765
0.703,8764
0.703,8763
0.703,8762
0.703,8761
0.703,8760
0.703,8759
0.704,8758
0.704,8757
0.704,8756
0.704,8755
0.704,8754
0.704,8753
0.704,8752
0.705,8751
0.705,8750
0.705,8749
0.705,8748
0.705,8747
0.706,8746
0.706,8745
0.706,8744
0.706,8743
0.707,8742
0.707,8741
0.707,8740
0.707,8739
0.707,8738
0.707,8737
0.707,8736
0.707,8735
0.707,8734
0.707,8733
0.708,8732
0.708,8731
0.708,8730
0.708,8729
0.709,8728
0.709,8727
0.709,8726
0.709,8725
0.709,8724
0.709,8723
0.71,8722
0.71,8721
0.71,8720
0.71,8719
0.71,8718
0.71,8717
0.711,8716
0.711,8715
0.711,8714
0.712,8713
0.712,8712
0.712,8711
0.712,8710
0.712,8709
0.713,8708
0.713,8707
0.713,8706
0.713,8705
0.714,8704
0.714,8703
0.714,8702
0.715,8701
0.715,8700
0.715,8699
0.715,8698
0.715,8697
0.715,8696
0.715,8695
0.716,8694
0.716,8693
0.716,8692
0.716,8691
0.716,8690
0.716,8689
0.717,8688
0.717,8687
0.717,8686
0.717,8685
0.717,8684
0.718,8683
0.718,8682
0.718,8681
0.719,8680
0.719,8679
0.719,8678
0.719,8677
0.72,8676
0.72,8675
0.72,8674
0.72,8673
0.721,8672
0.721,8671
0.721,8670
0.721,8669
0.721,8668
0.721,8667
0.722,8666
0.722,8665
0.722,8664
0.722,8663
0.722,8662
0.723,8661
0.723,8660
0.723,8659
0.723,8658
0.723,8657
0.724,8656
0.724,8655
0.724,8654
0.724,8653
0.725,8652
0.725,8651
0.725,8650
0.725,8649
0.725,8648
0.726,8647
0.726,8646
0.726,8645
0.726,8644
0.727,8643
0.727,8642
0.727,8641
0.727,8640
0.727,8639
0.728,8638
0.728,8637
0.728,8636
0.728,8635
0.728,8634
0.728,8633
0.728,8632
0.728,8631
0.728,8630
0.729,8629
0.729,8628
0.729,8627
0.729,8626
0.729,8625
0.729,8624
0.729,8623
0.729,8622
0.73,8621
0.73,8620
0.73,8619
0.73,8618
0.73,8617
0.731,8616
0.732,8615
0.732,8614
0.732,8613
0.732,8612
0.732,8611
0.733,8610
0.733,8609
0.733,8608
0.733,8607
0.733,8606
0.734,8605
0.734,8604
0.734,8603
0.734,8602
0.734,8601
0.734,8600
0.735,8599
0.735,8598
0.735,8597
0.735,8596
0.735,8595
0.735,8594
0.735,8593
0.735,8592
0.736,8591
0.736,8590
0.736,8589
0.736,8588
0.737,8587
0.737,8586
0.745,8585
0.745,8584
0.745,8583
0.745,8582
0.745,8581
0.745,8580
0.745,8579
0.745,8578
0.745,8577
0.745,8576
0.746,8575
0.746,8574
0.746,8573
0.746,8572
0.746,8571
0.746,8570
0.746,8569
0.747,8568
0.747,8567
0.747,8566
0.747,8565
0.747,8564
0.747,8563
0.747,8562
0.747,8561
0.747,8560
0.748,8559
0.748,8558
0.748,8557
0.748,8556
0.748,8555
0.748,8554
0.749,8553
0.749,8552
0.749,8551
0.749,8550
0.749,8549
0.749,8548
0.749,8547
0.749,8546
0.749,8545
0.75,8544
0.75,8543
0.75,8542
0.75,8541
0.75,8540
0.75,8539
0.751,8538
0.751,8537
0.751,8536
0.751,8535
0.751,8534
0.751,8533
0.751,8532
0.751,8531
0.752,8530
0.752,8529
0.752,8528
0.752,8527
0.752,8526
0.752,8525
0.752,8524
0.752,8523
0.752,8522
0.753,8521
0.753,8520
0.753,8519
0.753,8518
0.753,8517
0.753,8516
0.753,8515
0.754,8514
0.754,8513
0.754,8512
0.754,8511
0.754,8510
0.755,8509
0.755,8508
0.755,8507
0.755,8506
0.755,8505
0.756,8504
0.756,8503
0.756,8502
0.756,8501
0.756,8500
0.756,8499
0.756,8498
0.756,8497
0.757,8496
0.757,8495
0.757,8494
0.757,8493
0.757,8492
0.757,8491
0.757,8490
0.758,8489
0.758,8488
0.758,8487
0.758,8486
0.758,8485
0.758,8484
0.758,8483
0.758,8482
0.758,8481
0.758,8480
0.759,8479
0.759,8478
0.759,8477
0.759,8476
0.759,8475
0.759,8474
0.759,8473
0.76,8472
0.76,8471
0.76,8470
0.76,8469
0.76,8468
0.76,8467
0.76,8466
0.76,8465
0.76,8464
0.76,8463
0.761,8462
0.761,8461
0.761,8460
0.761,8459
0.761,8458
0.761,8457
0.761,8456
0.761,8455
0.762,8454
0.762,8453
0.762,8452
0.762,8451
0.762,8450
0.762,8449
0.763,8448
0.763,8447
0.763,8446
0.763,8445
0.763,8444
0.763,8443
0.764,8442
0.764,8441
0.764,8440
0.764,8439
0.764,8438
0.764,8437
0.764,8436
0.765,8435
0.765,8434
0.765,8433
0.765,8432
0.765,8431
0.765,8430
0.765,8429
0.766,8428
0.766,8427
0.766,8426
0.766,8425
0.766,8424
0.766,8423
0.766,8422
0.766,8421
0.766,8420
0.766,8419
0.766,8418
0.766,8417
0.767,8416
0.767,8415
0.767,8414
0.767,8413
0.767,8412
0.767,8411
0.767,8410
0.768,8409
0.768,8408
0.768,8407
0.768,8406
0.768,8405
0.768,8404
0.768,8403
0.768,8402
0.769,8401
0.769,8400
0.769,8399
0.769,8398
0.769,8397
0.769,8396
0.769,8395
0.769,8394
0.769,8393
0.77,8392
0.77,8391
0.77,8390
0.77,8389
0.77,8388
0.77,8387
0.77,8386
0.77,8385
0.77,8384
0.77,8383
0.771,8382
0.771,8381
0.771,8380
0.771,8379
0.771,8378
0.771,8377
0.772,8376
0.772,8375
0.772,8374
0.772,8373
0.772,8372
0.772,8371
0.772,8370
0.772,8369
0.772,8368
0.772,8367
0.772,8366
0.772,8365
0.773,8364
0.773,8363
0.773,8362
0.773,8361
0.773,8360
0.773,8359
0.773,8358
0.773,8357
0.774,8356
0.774,8355
0.774,8354
0.775,8353
0.775,8352
0.775,8351
0.775,8350
0.775,8349
0.776,8348
0.776,8347
0.776,8346
0.776,8345
0.776,8344
0.776,8343
0.777,8342
0.777,8341
0.777,8340
0.777,8339
0.777,8338
0.777,8337
0.777,8336
0.778,8335
0.778,8334
0.778,8333
0.778,8332
0.778,8331
0.778,8330
0.778,8329
0.778,8328
0.778,8327
0.779,8326
0.779,8325
0.779,8324
0.779,8323
0.779,8322
0.779,8321
0.779,8320
0.779,8319
0.779,8318
0.78,8317
0.78,8316
0.78,8315
0.78,8314
0.78,8313
0.78,8312
0.78,8311
0.781,8310
0.781,8309
0.781,8308
0.781,8307
0.781,8306
0.782,8305
0.782,8304
0.782,8303
0.782,8302
0.782,8301
0.782,8300
0.782,8299
0.782,8298
0.783,8297
0.783,8296
0.783,8295
0.783,8294
0.784,8293
0.784,8292
0.784,8291
0.785,8290
0.785,8289
0.785,8288
0.785,8287
0.785,8286
0.785,8285
0.785,8284
0.785,8283
0.786,8282
0.786,8281
0.786,8280
0.786,8279
0.786,8278
0.786,8277
0.786,8276
0.786,8275
0.786,8274
0.786,8273
0.786,8272
0.787,8271
0.787,8270
0.787,8269
0.787,8268
0.787,8267
0.787,8266
0.787,8265
0.787,8264
0.787,8263
0.788,8262
0.788,8261
0.788,8260
0.788,8259
0.789,8258
0.789,8257
0.789,8256
0.789,8255
0.789,8254
0.79,8253
0.79,8252
0.79,8251
0.79,8250
0.79,8249
0.79,8248
0.79,8247
0.791,8246
0.791,8245
0.791,8244
0.791,8243
0.791,8242
0.791,8241
0.791,8240
0.791,8239
0.792,8238
0.792,8237
0.792,8236
0.792,8235
0.792,8234
0.792,8233
0.792,8232
0.793,8231
0.793,8230
0.793,8229
0.793,8228
0.793,8227
0.793,8226
0.793,8225
0.793,8224
0.793,8223
0.793,8222
0.793,8221
0.794,8220
0.794,8219
0.794,8218
0.794,8217
0.794,8216
0.794,8215
0.794,8214
0.794,8213
0.795,8212
0.795,8211
0.795,8210
0.795,8209
0.795,8208
0.795,8207
0.795,8206
0.796,8205
0.796,8204
0.796,8203
0.796,8202
0.796,8201
0.796,8200
0.796,8199
0.796,8198
0.796,8197
0.797,8196
0.797,8195
0.797,8194
0.797,8193
0.797,8192
0.797,8191
0.797,8190
0.798,8189
0.798,8188
0.798,8187
0.798,8186
0.798,8185
0.799,8184
0.799,8183
0.799,8182
0.799,8181
0.799,8180
0.799,8179
0.799,8178
0.8,8177
0.8,8176
0.8,8175
0.8,8174
0.8,8173
0.8,8172
0.8,8171
0.8,8170
0.8,8169
0.8,8168
0.8,8167
0.801,8166
0.801,8165
0.801,8164
0.801,8163
0.801,8162
0.801,8161
0.801,8160
0.801,8159
0.801,8158
0.801,8157
0.802,8156
0.802,8155
0.802,8154
0.802,8153
0.802,8152
0.802,8151
0.802,8150
0.802,8149
0.802,8148
0.803,8147
0.803,8146
0.803,8145
0.803,8144
0.803,8143
0.803,8142
0.804,8141
0.804,8140
0.804,8139
0.804,8138
0.804,8137
0.804,8136
0.804,8135
0.804,8134
0.805,8133
0.805,8132
0.805,8131
0.805,8130
0.805,8129
0.805,8128
0.806,8127
0.806,8126
0.806,8125
0.806,8124
0.806,8123
0.806,8122
0.806,8121
0.806,8120
0.806,8119
0.807,8118
0.807,8117
0.807,8116
0.807,8115
0.807,8114
0.807,8113
0.807,8112
0.808,8111
0.808,8110
0.808,8109
0.808,8108
0.808,8107
0.808,8106
0.809,8105
0.809,8104
0.809,8103
0.809,8102
0.809,8101
0.809,8100
0.809,8099
0.81,8098
0.81,8097
0.81,8096
0.81,8095
0.81,8094
0.81,8093
0.81,8092
0.81,8091
0.81,8090
0.811,8089
0.811,8088
0.811,8087
0.811,8086
0.811,8085
0.812,8084
0.812,8083
0.812,8082
0.812,8081
0.812,8080
0.812,8079
0.812,8078
0.813,8077
0.813,8076
0.813,8075
0.813,8074
0.813,8073
0.813,8072
0.814,8071
0.814,8070
0.814,8069
0.814,8068
0.814,8067
0.814,8066
0.815,8065
0.815,8064
0.815,8063
0.815,8062
0.815,8061
0.815,8060
0.815,8059
0.816,8058
0.816,8057
0.816,8056
0.816,8055
0.816,8054
0.816,8053
0.816,8052
0.816,8051
0.817,8050
0.817,8049
0.817,8048
0.817,8047
0.817,8046
0.817,8045
0.818,8044
0.818,8043
0.818,8042
0.818,8041
0.818,8040
0.819,8039
0.819,8038
0.819,8037
0.819,8036
0.819,8035
0.819,8034
0.819,8033
0.819,8032
0.819,8031
0.819,8030
0.82,8029
0.82,8028
0.82,8027
0.82,8026
0.82,8025
0.82,8024
0.82,8023
0.82,8022
0.821,8021
0.821,8020
0.821,8019
0.821,8018
0.821,8017
0.821,8016
0.821,8015
0.822,8014
0.822,8013
0.822,8012
0.822,8011
0.823,8010
0.823,8009
0.823,8008
0.823,8007
0.823,8006
0.823,8005
0.823,8004
0.823,8003
0.823,8002
0.824,8001
0.824,8000
0.824,7999
0.824,7998
0.824,7997
0.824,7996
0.824,7995
0.824,7994
0.825,7993
0.825,7992
0.825,7991
0.825,7990
0.825,7989
0.825,7988
0.825,7987
0.825,7986
0.826,7985
0.826,7984
0.826,7983
0.826,7982
0.826,7981
0.826,7980
0.826,7979
0.827,7978
0.827,7977
0.827,7976
0.827,7975
0.827,7974
0.827,7973
0.827,7972
0.828,7971
0.828,7970
0.828,7969
0.828,7968
0.828,7967
0.828,7966
0.828,7965
0.829,7964
0.829,7963
0.829,7962
0.829,7961
0.829,7960
0.83,7959
0.83,7958
0.83,7957
0.83,7956
0.83,7955
0.83,7954
0.83,7953
0.83,7952
0.83,7951
0.831,7950
0.831,7949
0.831,7948
0.831,7947
0.831,7946
0.831,7945
0.832,7944
0.832,7943
0.832,7942
0.832,7941
0.832,7940
0.833,7939
0.833,7938
0.833,7937
0.833,7936
0.833,7935
0.833,7934
0.834,7933
0.834,7932
0.834,7931
0.834,7930
0.834,7929
0.834,7928
0.834,7927
0.834,7926
0.835,7925
0.835,7924
0.835,7923
0.835,7922
0.835,7921
0.835,7920
0.835,7919
0.835,7918
0.835,7917
0.836,7916
0.836,7915
0.836,7914
0.836,7913
0.836,7912
0.836,7911
0.837,7910
0.837,7909
0.837,7908
0.837,7907
0.838,7906
0.838,7905
0.838,7904
0.838,7903
0.838,7902
0.838,7901
0.838,7900
0.838,7899
0.839,7898
0.839,7897
0.839,7896
0.839,7895
0.839,7894
0.839,7893
0.84,7892
0.84,7891
0.84,7890
0.84,7889
0.84,7888
0.84,7887
0.84,7886
0.841,7885
0.841,7884
0.841,7883
0.841,7882
0.841,7881
0.841,7880
0.841,7879
0.841,7878
0.842,7877
0.842,7876
0.842,7875
0.842,7874
0.842,7873
0.842,7872
0.842,7871
0.843,7870
0.843,7869
0.843,7868
0.843,7867
0.843,7866
0.844,7865
0.844,7864
0.844,7863
0.844,7862
0.844,7861
0.844,7860
0.844,7859
0.844,7858
0.845,7857
0.845,7856
0.845,7855
0.845,7854
0.845,7853
0.845,7852
0.846,7851
0.846,7850
0.846,7849
0.846,7848
0.846,7847
0.846,7846
0.846,7845
0.846,7844
0.847,7843
0.847,7842
0.847,7841
0.848,7840
0.848,7839
0.848,7838
0.848,7837
0.848,7836
0.848,7835
0.848,7834
0.849,7833
0.849,7832
0.849,7831
0.849,7830
0.849,7829
0.849,7828
0.849,7827
0.849,7826
0.849,7825
0.85,7824
0.85,7823
0.85,7822
0.85,7821
0.85,7820
0.85,7819
0.85,7818
0.851,7817
0.851,7816
0.851,7815
0.851,7814
0.851,7813
0.852,7812
0.852,7811
0.852,7810
0.852,7809
0.853,7808
0.853,7807
0.853,7806
0.853,7805
0.853,7804
0.853,7803
0.853,7802
0.853,7801
0.854,7800
0.854,7799
0.854,7798
0.854,7797
0.854,7796
0.854,7795
0.854,7794
0.854,7793
0.855,7792
0.855,7791
0.855,7790
0.855,7789
0.855,7788
0.855,7787
0.855,7786
0.855,7785
0.855,7784
0.855,7783
0.855,7782
0.856,7781
0.856,7780
0.856,7779
0.856,7778
0.856,7777
0.856,7776
0.856,7775
0.856,7774
0.856,7773
0.857,7772
0.857,7771
0.857,7770
0.857,7769
0.857,7768
0.857,7767
0.857,7766
0.857,7765
0.857,7764
0.858,7763
0.858,7762
0.858,7761
0.858,7760
0.858,7759
0.858,7758
0.858,7757
0.858,7756
0.858,7755
0.858,7754
0.858,7753
0.858,7752
0.858,7751
0.859,7750
0.859,7749
0.859,7748
0.859,7747
0.859,7746
0.859,7745
0.86,7744
0.86,7743
0.86,7742
0.86,7741
0.86,7740
0.86,7739
0.86,7738
0.86,7737
0.861,7736
0.861,7735
0.861,7734
0.861,7733
0.861,7732
0.861,7731
0.861,7730
0.861,7729
0.861,7728
0.862,7727
0.862,7726
0.862,7725
0.862,7724
0.862,7723
0.862,7722
0.862,7721
0.863,7720
0.863,7719
0.863,7718
0.863,7717
0.863,7716
0.863,7715
0.863,7714
0.863,7713
0.864,7712
0.864,7711
0.864,7710
0.864,7709
0.864,7708
0.864,7707
0.865,7706
0.865,7705
0.865,7704
0.865,7703
0.865,7702
0.865,7701
0.866,7700
0.866,7699
0.866,7698
0.866,7697
0.866,7696
0.866,7695
0.866,7694
0.866,7693
0.867,7692
0.867,7691
0.867,7690
0.868,7689
0.868,7688
0.868,7687
0.868,7686
0.868,7685
0.868,7684
0.868,7683
0.868,7682
0.869,7681
0.869,7680
0.869,7679
0.87,7678
0.87,7677
0.87,7676
0.87,7675
0.87,7674
0.871,7673
0.871,7672
0.871,7671
0.871,7670
0.871,7669
0.871,7668
0.872,7667
0.872,7666
0.872,7665
0.872,7664
0.872,7663
0.872,7662
0.872,7661
0.872,7660
0.872,7659
0.872,7658
0.872,7657
0.872,7656
0.873,7655
0.873,7654
0.873,7653
0.873,7652
0.873,7651
0.873,7650
0.874,7649
0.874,7648
0.874,7647
0.875,7646
0.875,7645
0.875,7644
0.875,7643
0.875,7642
0.875,7641
0.875,7640
0.876,7639
0.876,7638
0.876,7637
0.876,7636
0.876,7635
0.877,7634
0.877,7633
0.877,7632
0.877,7631
0.877,7630
0.877,7629
0.878,7628
0.878,7627
0.878,7626
0.879,7625
0.879,7624
0.879,7623
0.879,7622
0.879,7621
0.88,7620
0.88,7619
0.88,7618
0.88,7617
0.881,7616
0.881,7615
0.881,7614
0.881,7613
0.881,7612
0.881,7611
0.881,7610
0.881,7609
0.881,7608
0.881,7607
0.881,7606
0.882,7605
0.882,7604
0.882,7603
0.882,7602
0.882,7601
0.882,7600
0.882,7599
0.882,7598
0.882,7597
0.883,7596
0.883,7595
0.883,7594
0.883,7593
0.883,7592
0.883,7591
0.883,7590
0.883,7589
0.883,7588
0.884,7587
0.884,7586
0.884,7585
0.884,7584
0.885,7583
0.885,7582
0.885,7581
0.885,7580
0.885,7579
0.885,7578
0.885,7577
0.885,7576
0.885,7575
0.885,7574
0.886,7573
0.886,7572
0.886,7571
0.886,7570
0.886,7569
0.886,7568
0.887,7567
0.887,7566
0.887,7565
0.887,7564
0.887,7563
0.887,7562
0.887,7561
0.887,7560
0.888,7559
0.888,7558
0.888,7557
0.888,7556
0.888,7555
0.888,7554
0.888,7553
0.888,7552
0.888,7551
0.889,7550
0.889,7549
0.889,7548
0.889,7547
0.889,7546
0.889,7545
0.89,7544
0.89,7543
0.89,7542
0.89,7541
0.89,7540
0.89,7539
0.891,7538
0.891,7537
0.891,7536
0.891,7535
0.891,7534
0.891,7533
0.891,7532
0.891,7531
0.891,7530
0.892,7529
0.892,7528
0.892,7527
0.892,7526
0.892,7525
0.892,7524
0.893,7523
0.893,7522
0.893,7521
0.893,7520
0.893,7519
0.894,7518
0.894,7517
0.894,7516
0.894,7515
0.894,7514
0.894,7513
0.894,7512
0.894,7511
0.894,7510
0.894,7509
0.895,7508
0.895,7507
0.895,7506
0.895,7505
0.895,7504
0.895,7503
0.896,7502
0.896,7501
0.896,7500
0.896,7499
0.896,7498
0.896,7497
0.896,7496
0.896,7495
0.896,7494
0.897,7493
0.897,7492
0.897,7491
0.897,7490
0.897,7489
0.897,7488
0.897,7487
0.898,7486
0.898,7485
0.898,7484
0.898,7483
0.898,7482
0.898,7481
0.899,7480
0.899,7479
0.899,7478
0.899,7477
0.899,7476
0.9,7475
0.9,7474
0.9,7473
0.9,7472
0.9,7471
0.9,7470
0.9,7469
0.9,7468
0.901,7467
0.901,7466
0.901,7465
0.901,7464
0.901,7463
0.901,7462
0.901,7461
0.901,7460
0.901,7459
0.901,7458
0.901,7457
0.901,7456
0.902,7455
0.902,7454
0.902,7453
0.902,7452
0.902,7451
0.902,7450
0.903,7449
0.903,7448
0.903,7447
0.903,7446
0.903,7445
0.903,7444
0.903,7443
0.903,7442
0.904,7441
0.904,7440
0.904,7439
0.904,7438
0.904,7437
0.904,7436
0.904,7435
0.904,7434
0.904,7433
0.905,7432
0.905,7431
0.905,7430
0.905,7429
0.905,7428
0.906,7427
0.906,7426
0.906,7425
0.906,7424
0.906,7423
0.906,7422
0.906,7421
0.906,7420
0.907,7419
0.907,7418
0.907,7417
0.907,7416
0.907,7415
0.907,7414
0.908,7413
0.908,7412
0.908,7411
0.908,7410
0.908,7409
0.908,7408
0.908,7407
0.908,7406
0.908,7405
0.909,7404
0.909,7403
0.909,7402
0.909,7401
0.909,7400
0.909,7399
0.91,7398
0.91,7397
0.91,7396
0.91,7395
0.91,7394
0.91,7393
0.91,7392
0.91,7391
0.91,7390
0.91,7389
0.911,7388
0.911,7387
0.911,7386
0.911,7385
0.911,7384
0.911,7383
0.911,7382
0.912,7381
0.912,7380
0.912,7379
0.912,7378
0.912,7377
0.912,7376
0.912,7375
0.912,7374
0.912,7373
0.912,7372
0.913,7371
0.913,7370
0.913,7369
0.913,7368
0.913,7367
0.913,7366
0.913,7365
0.913,7364
0.914,7363
0.914,7362
0.914,7361
0.914,7360
0.914,7359
0.914,7358
0.914,7357
0.914,7356
0.915,7355
0.915,7354
0.915,7353
0.915,7352
0.915,7351
0.916,7350
0.916,7349
0.916,7348
0.916,7347
0.916,7346
0.916,7345
0.916,7344
0.917,7343
0.917,7342
0.917,7341
0.917,7340
0.918,7339
0.918,7338
0.918,7337
0.918,7336
0.918,7335
0.918,7334
0.919,7333
0.919,7332
0.919,7331
0.919,7330
0.919,7329
0.919,7328
0.919,7327
0.92,7326
0.92,7325
0.92,7324
0.92,7323
0.92,7322
0.92,7321
0.921,7320
0.921,7319
0.921,7318
0.921,7317
0.921,7316
0.921,7315
0.921,7314
0.921,7313
0.921,7312
0.922,7311
0.923,7310
0.923,7309
0.923,7308
0.923,7307
0.923,7306
0.923,7305
0.923,7304
0.923,7303
0.923,7302
0.924,7301
0.924,7300
0.924,7299
0.924,7298
0.924,7297
0.924,7296
0.924,7295
0.924,7294
0.924,7293
0.925,7292
0.925,7291
0.925,7290
0.925,7289
0.925,7288
0.926,7287
0.926,7286
0.926,7285
0.926,7284
0.926,7283
0.926,7282
0.926,7281
0.927,7280
0.927,7279
0.927,7278
0.927,7277
0.927,7276
0.927,7275
0.927,7274
0.927,7273
0.927,7272
0.928,7271
0.928,7270
0.928,7269
0.928,7268
0.929,7267
0.929,7266
0.929,7265
0.929,7264
0.929,7263
0.929,7262
0.93,7261
0.93,7260
0.93,7259
0.93,7258
0.93,7257
0.93,7256
0.93,7255
0.931,7254
0.931,7253
0.931,7252
0.931,7251
0.931,7250
0.931,7249
0.931,7248
0.931,7247
0.932,7246
0.932,7245
0.932,7244
0.932,7243
0.932,7242
0.932,7241
0.932,7240
0.932,7239
0.932,7238
0.932,7237
0.933,7236
0.933,7235
0.933,7234
0.933,7233
0.933,7232
0.933,7231
0.933,7230
0.934,7229
0.934,7228
0.934,7227
0.934,7226
0.934,7225
0.935,7224
0.935,7223
0.935,7222
0.935,7221
0.935,7220
0.935,7219
0.935,7218
0.935,7217
0.936,7216
0.936,7215
0.936,7214
0.936,7213
0.936,7212
0.936,7211
0.936,7210
0.936,7209
0.936,7208
0.936,7207
0.936,7206
0.937,7205
0.937,7204
0.937,7203
0.938,7202
0.938,7201
0.938,7200
0.938,7199
0.938,7198
0.939,7197
0.939,7196
0.939,7195
0.939,7194
0.939,7193
0.939,7192
0.939,7191
0.939,7190
0.939,7189
0.94,7188
0.94,7187
0.94,7186
0.94,7185
0.94,7184
0.94,7183
0.94,7182
0.941,7181
0.941,7180
0.941,7179
0.941,7178
0.941,7177
0.941,7176
0.941,7175
0.941,7174
0.941,7173
0.942,7172
0.942,7171
0.942,7170
0.942,7169
0.942,7168
0.942,7167
0.942,7166
0.943,7165
0.943,7164
0.943,7163
0.943,7162
0.943,7161
0.943,7160
0.944,7159
0.944,7158
0.944,7157
0.944,7156
0.944,7155
0.944,7154
0.945,7153
0.945,7152
0.945,7151
0.945,7150
0.946,7149
0.946,7148
0.946,7147
0.946,7146
0.946,7145
0.946,7144
0.946,7143
0.946,7142
0.947,7141
0.947,7140
0.947,7139
0.947,7138
0.947,7137
0.947,7136
0.948,7135
0.948,7134
0.948,7133
0.948,7132
0.948,7131
0.948,7130
0.948,7129
0.949,7128
0.949,7127
0.949,7126
0.949,7125
0.949,7124
0.95,7123
0.95,7122
0.95,7121
0.95,7120
0.95,7119
0.95,7118
0.95,7117
0.951,7116
0.951,7115
0.951,7114
0.951,7113
0.951,7112
0.959,7111
0.96,7110
0.96,7109
0.96,7108
0.96,7107
0.96,7106
0.96,7105
0.961,7104
0.961,7103
0.961,7102
0.961,7101
0.961,7100
0.962,7099
0.962,7098
0.962,7097
0.962,7096
0.962,7095
0.962,7094
0.962,7093
0.962,7092
0.962,7091
0.963,7090
0.963,7089
0.963,7088
0.963,7087
0.963,7086
0.963,7085
0.963,7084
0.963,7083
0.963,7082
0.964,7081
0.964,7080
0.964,7079
0.964,7078
0.964,7077
0.964,7076
0.964,7075
0.965,7074
0.965,7073
0.965,7072
0.965,7071
0.965,7070
0.965,7069
0.966,7068
0.966,7067
0.966,7066
0.966,7065
0.966,7064
0.967,7063
0.967,7062
0.967,7061
0.967,7060
0.967,7059
0.968,7058
0.968,7057
0.968,7056
0.968,7055
0.968,7054
0.968,7053
0.969,7052
0.969,7051
0.969,7050
0.969,7049
0.969,7048
0.969,7047
0.97,7046
0.97,7045
0.97,7044
0.97,7043
0.97,7042
0.97,7041
0.97,7040
0.971,7039
0.971,7038
0.971,7037
0.971,7036
0.971,7035
0.971,7034
0.971,7033
0.971,7032
0.971,7031
0.972,7030
0.972,7029
0.972,7028
0.972,7027
0.972,7026
0.972,7025
0.972,7024
0.972,7023
0.973,7022
0.973,7021
0.973,7020
0.973,7019
0.973,7018
0.973,7017
0.973,7016
0.973,7015
0.974,7014
0.974,7013
0.974,7012
0.974,7011
0.974,7010
0.974,7009
0.975,7008
0.975,7007
0.975,7006
0.976,7005
0.976,7004
0.976,7003
0.976,7002
0.977,7001
0.977,7000
0.977,6999
0.977,6998
0.977,6997
0.977,6996
0.978,6995
0.978,6994
0.978,6993
0.978,6992
0.978,6991
0.978,6990
0.978,6989
0.978,6988
0.978,6987
0.978,6986
0.978,6985
0.979,6984
0.979,6983
0.979,6982
0.979,6981
0.979,6980
0.979,6979
0.979,6978
0.979,6977
0.979,6976
0.979,6975
0.98,6974
0.98,6973
0.98,6972
0.98,6971
0.98,6970
0.98,6969
0.981,6968
0.981,6967
0.981,6966
0.981,6965
0.981,6964
0.981,6963
0.981,6962
0.982,6961
0.982,6960
0.982,6959
0.982,6958
0.982,6957
0.982,6956
0.982,6955
0.982,6954
0.983,6953
0.983,6952
0.983,6951
0.983,6950
0.983,6949
0.984,6948
0.984,6947
0.984,6946
0.984,6945
0.984,6944
0.984,6943
0.984,6942
0.985,6941
0.985,6940
0.985,6939
0.985,6938
0.985,6937
0.985,6936
0.986,6935
0.986,6934
0.986,6933
0.986,6932
0.986,6931
0.986,6930
0.986,6929
0.987,6928
0.987,6927
0.987,6926
0.987,6925
0.987,6924
0.987,6923
0.988,6922
0.988,6921
0.988,6920
0.988,6919
0.988,6918
0.988,6917
0.988,6916
0.988,6915
0.989,6914
0.989,6913
0.989,6912
0.989,6911
0.989,6910
0.989,6909
0.99,6908
0.99,6907
0.99,6906
0.99,6905
0.99,6904
0.991,6903
0.991,6902
0.991,6901
0.991,6900
0.991,6899
0.991,6898
0.991,6897
0.991,6896
0.991,6895
0.991,6894
0.991,6893
0.991,6892
0.992,6891
0.992,6890
0.992,6889
0.992,6888
0.993,6887
0.993,6886
0.993,6885
0.993,6884
0.993,6883
0.993,6882
0.993,6881
0.994,6880
0.994,6879
0.994,6878
0.994,6877
0.994,6876
0.994,6875
0.994,6874
0.994,6873
0.994,6872
0.995,6871
0.995,6870
0.995,6869
0.995,6868
0.995,6867
0.995,6866
0.995,6865
0.995,6864
0.996,6863
0.996,6862
0.996,6861
0.996,6860
0.996,6859
0.996,6858
0.997,6857
0.997,6856
0.997,6855
0.998,6854
0.998,6853
0.998,6852
0.998,6851
0.998,6850
0.998,6849
0.998,6848
0.998,6847
0.998,6846
0.999,6845
0.999,6844
0.999,6843
0.999,6842
0.999,6841
0.999,6840
0.999,6839
0.999,6838
0.999,6837
0.999,6836
0.999,6835
1.0,6834
1.0,6833
1.0,6832
1.0,6831
1.0,6830
1.0,6829
1.0,6828
1.0,6827
1.001,6826
1.001,6825
1.001,6824
1.001,6823
1.001,6822
1.002,6821
1.002,6820
1.002,6819
1.002,6818
1.003,6817
1.003,6816
1.003,6815
1.003,6814
1.003,6813
1.003,6812
1.003,6811
1.004,6810
1.004,6809
1.004,6808
1.004,6807
1.004,6806
1.004,6805
1.004,6804
1.005,6803
1.005,6802
1.005,6801
1.005,6800
1.006,6799
1.006,6798
1.006,6797
1.006,6796
1.006,6795
1.007,6794
1.007,6793
1.007,6792
1.007,6791
1.007,6790
1.007,6789
1.007,6788
1.007,6787
1.008,6786
1.008,6785
1.008,6784
1.008,6783
1.008,6782
1.009,6781
1.009,6780
1.009,6779
1.009,6778
1.009,6777
1.009,6776
1.009,6775
1.01,6774
1.01,6773
1.01,6772
1.01,6771
1.01,6770
1.011,6769
1.011,6768
1.011,6767
1.011,6766
1.011,6765
1.011,6764
1.012,6763
1.012,6762
1.012,6761
1.012,6760
1.012,6759
1.012,6758
1.013,6757
1.013,6756
1.013,6755
1.013,6754
1.013,6753
1.013,6752
1.014,6751
1.014,6750
1.014,6749
1.014,6748
1.015,6747
1.015,6746
1.015,6745
1.015,6744
1.015,6743
1.016,6742
1.016,6741
1.016,6740
1.016,6739
1.016,6738
1.016,6737
1.016,6736
1.017,6735
1.017,6734
1.017,6733
1.017,6732
1.017,6731
1.018,6730
1.018,6729
1.018,6728
1.018,6727
1.018,6726
1.018,6725
1.018,6724
1.018,6723
1.019,6722
1.019,6721
1.019,6720
1.019,6719
1.019,6718
1.019,6717
1.019,6716
1.019,6715
1.02,6714
1.02,6713
1.02,6712
1.02,6711
1.02,6710
1.02,6709
1.02,6708
1.02,6707
1.02,6706
1.02,6705
1.02,6704
1.021,6703
1.021,6702
1.021,6701
1.021,6700
1.022,6699
1.022,6698
1.022,6697
1.023,6696
1.023,6695
1.023,6694
1.023,6693
1.023,6692
1.023,6691
1.023,6690
1.023,6689
1.024,6688
1.024,6687
1.024,6686
1.024,6685
1.024,6684
1.025,6683
1.025,6682
1.025,6681
1.025,6680
1.025,6679
1.025,6678
1.025,6677
1.025,6676
1.025,6675
1.025,6674
1.025,6673
1.026,6672
1.026,6671
1.026,6670
1.026,6669
1.026,6668
1.027,6667
1.027,6666
1.027,6665
1.028,6664
1.028,6663
1.028,6662
1.029,6661
1.029,6660
1.029,6659
1.029,6658
1.029,6657
1.029,6656
1.03,6655
1.03,6654
1.03,6653
1.03,6652
1.03,6651
1.03,6650
1.03,6649
1.03,6648
1.031,6647
1.031,6646
1.031,6645
1.031,6644
1.031,6643
1.031,6642
1.031,6641
1.031,6640
1.032,6639
1.032,6638
1.032,6637
1.032,6636
1.032,6635
1.032,6634
1.032,6633
1.033,6632
1.033,6631
1.033,6630
1.033,6629
1.033,6628
1.033,6627
1.033,6626
1.034,6625
1.034,6624
1.034,6623
1.034,6622
1.034,6621
1.034,6620
1.035,6619
1.035,6618
1.035,6617
1.035,6616
1.035,6615
1.035,6614
1.035,6613
1.036,6612
1.036,6611
1.036,6610
1.036,6609
1.036,6608
1.036,6607
1.036,6606
1.037,6605
1.037,6604
1.037,6603
1.037,6602
1.037,6601
1.037,6600
1.037,6599
1.037,6598
1.038,6597
1.038,6596
1.038,6595
1.038,6594
1.038,6593
1.038,6592
1.039,6591
1.04,6590
1.04,6589
1.04,6588
1.04,6587
1.04,6586
1.041,6585
1.041,6584
1.041,6583
1.041,6582
1.041,6581
1.041,6580
1.041,6579
1.041,6578
1.042,6577
1.042,6576
1.042,6575
1.042,6574
1.043,6573
1.043,6572
1.044,6571
1.044,6570
1.044,6569
1.044,6568
1.044,6567
1.044,6566
1.044,6565
1.045,6564
1.045,6563
1.045,6562
1.046,6561
1.046,6560
1.046,6559
1.046,6558
1.046,6557
1.046,6556
1.047,6555
1.047,6554
1.047,6553
1.047,6552
1.047,6551
1.047,6550
1.048,6549
1.048,6548
1.048,6547
1.048,6546
1.048,6545
1.048,6544
1.048,6543
1.048,6542
1.049,6541
1.049,6540
1.049,6539
1.049,6538
1.049,6537
1.05,6536
1.05,6535
1.05,6534
1.05,6533
1.05,6532
1.05,6531
1.051,6530
1.051,6529
1.051,6528
1.051,6527
1.051,6526
1.051,6525
1.052,6524
1.052,6523
1.052,6522
1.052,6521
1.052,6520
1.052,6519
1.052,6518
1.053,6517
1.053,6516
1.054,6515
1.054,6514
1.054,6513
1.054,6512
1.054,6511
1.054,6510
1.054,6509
1.055,6508
1.055,6507
1.055,6506
1.055,6505
1.055,6504
1.056,6503
1.056,6502
1.056,6501
1.056,6500
1.056,6499
1.056,6498
1.056,6497
1.056,6496
1.057,6495
1.057,6494
1.058,6493
1.058,6492
1.058,6491
1.058,6490
1.058,6489
1.058,6488
1.059,6487
1.059,6486
1.059,6485
1.059,6484
1.06,6483
1.06,6482
1.06,6481
1.06,6480
1.06,6479
1.061,6478
1.061,6477
1.061,6476
1.061,6475
1.061,6474
1.062,6473
1.062,6472
1.062,6471
1.062,6470
1.062,6469
1.062,6468
1.063,6467
1.063,6466
1.064,6465
1.064,6464
1.064,6463
1.065,6462
1.066,6461
1.067,6460
1.067,6459
1.067,6458
1.067,6457
1.067,6456
1.067,6455
1.067,6454
1.067,6453
1.068,6452
1.068,6451
1.068,6450
1.068,6449
1.068,6448
1.068,6447
1.069,6446
1.069,6445
1.069,6444
1.069,6443
1.069,6442
1.069,6441
1.07,6440
1.07,6439
1.07,6438
1.07,6437
1.07,6436
1.07,6435
1.071,6434
1.071,6433
1.071,6432
1.072,6431
1.072,6430
1.072,6429
1.072,6428
1.072,6427
1.073,6426
1.073,6425
1.073,6424
1.074,6423
1.074,6422
1.074,6421
1.074,6420
1.074,6419
1.074,6418
1.075,6417
1.075,6416
1.075,6415
1.075,6414
1.075,6413
1.075,6412
1.076,6411
1.076,6410
1.076,6409
1.076,6408
1.076,6407
1.076,6406
1.076,6405
1.077,6404
1.077,6403
1.077,6402
1.077,6401
1.077,6400
1.077,6399
1.078,6398
1.078,6397
1.078,6396
1.078,6395
1.078,6394
1.079,6393
1.079,6392
1.079,6391
1.08,6390
1.08,6389
1.08,6388
1.08,6387
1.08,6386
1.08,6385
1.081,6384
1.081,6383
1.081,6382
1.082,6381
1.082,6380
1.082,6379
1.082,6378
1.082,6377
1.083,6376
1.083,6375
1.083,6374
1.083,6373
1.083,6372
1.084,6371
1.084,6370
1.084,6369
1.084,6368
1.085,6367
1.085,6366
1.085,6365
1.085,6364
1.085,6363
1.086,6362
1.086,6361
1.086,6360
1.086,6359
1.086,6358
1.087,6357
1.087,6356
1.087,6355
1.087,6354
1.087,6353
1.087,6352
1.088,6351
1.088,6350
1.088,6349
1.088,6348
1.088,6347
1.089,6346
1.089,6345
1.089,6344
1.089,6343
1.089,6342
1.09,6341
1.09,6340
1.09,6339
1.091,6338
1.091,6337
1.091,6336
1.091,6335
1.092,6334
1.092,6333
1.092,6332
1.092,6331
1.092,6330
1.093,6329
1.093,6328
1.093,6327
1.094,6326
1.094,6325
1.094,6324
1.094,6323
1.095,6322
1.095,6321
1.095,6320
1.096,6319
1.096,6318
1.096,6317
1.097,6316
1.097,6315
1.097,6314
1.097,6313
1.097,6312
1.097,6311
1.098,6310
1.098,6309
1.098,6308
1.098,6307
1.099,6306
1.099,6305
1.099,6304
1.099,6303
1.099,6302
1.099,6301
1.099,6300
1.099,6299
1.1,6298
1.1,6297
1.1,6296
1.1,6295
1.1,6294
1.1,6293
1.1,6292
1.101,6291
1.101,6290
1.101,6289
1.101,6288
1.101,6287
1.102,6286
1.102,6285
1.102,6284
1.102,6283
1.102,6282
1.102,6281
1.103,6280
1.103,6279
1.103,6278
1.103,6277
1.103,6276
1.103,6275
1.103,6274
1.103,6273
1.104,6272
1.104,6271
1.104,6270
1.104,6269
1.104,6268
1.104,6267
1.105,6266
1.105,6265
1.105,6264
1.105,6263
1.105,6262
1.105,6261
1.106,6260
1.106,6259
1.106,6258
1.106,6257
1.106,6256
1.107,6255
1.107,6254
1.107,6253
1.107,6252
1.107,6251
1.107,6250
1.107,6249
1.107,6248
1.107,6247
1.108,6246
1.108,6245
1.108,6244
1.108,6243
1.108,6242
1.108,6241
1.109,6240
1.109,6239
1.109,6238
1.109,6237
1.109,6236
1.11,6235
1.11,6234
1.11,6233
1.111,6232
1.112,6231
1.112,6230
1.112,6229
1.112,6228
1.112,6227
1.112,6226
1.112,6225
1.112,6224
1.113,6223
1.113,6222
1.113,6221
1.113,6220
1.114,6219
1.114,6218
1.114,6217
1.114,6216
1.114,6215
1.114,6214
1.114,6213
1.115,6212
1.115,6211
1.115,6210
1.115,6209
1.115,6208
1.115,6207
1.116,6206
1.116,6205
1.116,6204
1.116,6203
1.116,6202
1.116,6201
1.117,6200
1.117,6199
1.117,6198
1.117,6197
1.117,6196
1.118,6195
1.118,6194
1.118,6193
1.118,6192
1.118,6191
1.118,6190
1.119,6189
1.119,6188
1.119,6187
1.119,6186
1.119,6185
1.119,6184
1.12,6183
1.12,6182
1.121,6181
1.121,6180
1.121,6179
1.122,6178
1.122,6177
1.122,6176
1.122,6175
1.122,6174
1.123,6173
1.123,6172
1.123,6171
1.123,6170
1.123,6169
1.124,6168
1.124,6167
1.124,6166
1.125,6165
1.125,6164
1.125,6163
1.125,6162
1.125,6161
1.126,6160
1.126,6159
1.126,6158
1.126,6157
1.126,6156
1.127,6155
1.127,6154
1.127,6153
1.127,6152
1.127,6151
1.127,6150
1.127,6149
1.127,6148
1.128,6147
1.128,6146
1.129,6145
1.129,6144
1.129,6143
1.129,6142
1.129,6141
1.129,6140
1.129,6139
1.129,6138
1.13,6137
1.131,6136
1.131,6135
1.131,6134
1.131,6133
1.131,6132
1.131,6131
1.131,6130
1.132,6129
1.132,6128
1.132,6127
1.132,6126
1.132,6125
1.133,6124
1.133,6123
1.133,6122
1.133,6121
1.134,6120
1.134,6119
1.134,6118
1.134,6117
1.134,6116
1.134,6115
1.134,6114
1.134,6113
1.135,6112
1.135,6111
1.135,6110
1.135,6109
1.135,6108
1.135,6107
1.135,6106
1.136,6105
1.136,6104
1.136,6103
1.136,6102
1.136,6101
1.137,6100
1.137,6099
1.138,6098
1.138,6097
1.138,6096
1.138,6095
1.138,6094
1.139,6093
1.139,6092
1.139,6091
1.139,6090
1.139,6089
1.14,6088
1.14,6087
1.14,6086
1.141,6085
1.141,6084
1.141,6083
1.142,6082
1.142,6081
1.142,6080
1.143,6079
1.143,6078
1.143,6077
1.143,6076
1.143,6075
1.144,6074
1.144,6073
1.144,6072
1.145,6071
1.145,6070
1.145,6069
1.145,6068
1.146,6067
1.146,6066
1.147,6065
1.147,6064
1.148,6063
1.148,6062
1.148,6061
1.148,6060
1.148,6059
1.148,6058
1.148,6057
1.149,6056
1.149,6055
1.149,6054
1.149,6053
1.15,6052
1.15,6051
1.15,6050
1.15,6049
1.151,6048
1.151,6047
1.151,6046
1.151,6045
1.152,6044
1.152,6043
1.152,6042
1.152,6041
1.152,6040
1.152,6039
1.152,6038
1.153,6037
1.153,6036
1.153,6035
1.154,6034
1.154,6033
1.154,6032
1.154,6031
1.154,6030
1.154,6029
1.154,6028
1.154,6027
1.154,6026
1.154,6025
1.154,6024
1.155,6023
1.155,6022
1.155,6021
1.155,6020
1.155,6019
1.156,6018
1.156,6017
1.156,6016
1.156,6015
1.156,6014
1.156,6013
1.156,6012
1.156,6011
1.156,6010
1.157,6009
1.157,6008
1.157,6007
1.157,6006
1.157,6005
1.158,6004
1.158,6003
1.158,6002
1.158,6001
1.159,6000
1.159,5999
1.16,5998
1.16,5997
1.16,5996
1.16,5995
1.16,5994
1.16,5993
1.161,5992
1.161,5991
1.161,5990
1.161,5989
1.161,5988
1.162,5987
1.162,5986
1.162,5985
1.162,5984
1.163,5983
1.163,5982
1.163,5981
1.164,5980
1.164,5979
1.164,5978
1.165,5977
1.165,5976
1.165,5975
1.165,5974
1.165,5973
1.165,5972
1.166,5971
1.166,5970
1.166,5969
1.166,5968
1.166,5967
1.166,5966
1.166,5965
1.167,5964
1.167,5963
1.167,5962
1.168,5961
1.168,5960
1.168,5959
1.168,5958
1.168,5957
1.168,5956
1.169,5955
1.169,5954
1.17,5953
1.17,5952
1.17,5951
1.17,5950
1.17,5949
1.17,5948
1.171,5947
1.171,5946
1.171,5945
1.171,5944
1.171,5943
1.172,5942
1.172,5941
1.172,5940
1.172,5939
1.172,5938
1.173,5937
1.173,5936
1.173,5935
1.173,5934
1.173,5933
1.173,5932
1.173,5931
1.173,5930
1.173,5929
1.174,5928
1.174,5927
1.174,5926
1.175,5925
1.175,5924
1.175,5923
1.175,5922
1.176,5921
1.176,5920
1.176,5919
1.176,5918
1.176,5917
1.176,5916
1.177,5915
1.177,5914
1.177,5913
1.177,5912
1.179,5911
1.179,5910
1.179,5909
1.179,5908
1.18,5907
1.18,5906
1.18,5905
1.18,5904
1.18,5903
1.181,5902
1.181,5901
1.181,5900
1.181,5899
1.181,5898
1.182,5897
1.182,5896
1.182,5895
1.182,5894
1.182,5893
1.182,5892
1.182,5891
1.182,5890
1.183,5889
1.183,5888
1.183,5887
1.183,5886
1.183,5885
1.183,5884
1.183,5883
1.184,5882
1.184,5881
1.184,5880
1.184,5879
1.185,5878
1.185,5877
1.186,5876
1.187,5875
1.187,5874
1.188,5873
1.188,5872
1.189,5871
1.189,5870
1.189,5869
1.19,5868
1.19,5867
1.191,5866
1.191,5865
1.191,5864
1.193,5863
1.194,5862
1.194,5861
1.194,5860
1.195,5859
1.195,5858
1.196,5857
1.196,5856
1.196,5855
1.197,5854
1.198,5853
1.198,5852
1.198,5851
1.199,5850
1.199,5849
1.199,5848
1.2,5847
1.2,5846
1.201,5845
1.201,5844
1.202,5843
1.203,5842
1.203,5841
1.204,5840
1.204,5839
1.204,5838
1.205,5837
1.205,5836
1.206,5835
1.206,5834
1.207,5833
1.207,5832
1.207,5831
1.207,5830
1.208,5829
1.209,5828
1.209,5827
1.209,5826
1.209,5825
1.21,5824
1.21,5823
1.21,5822
1.21,5821
1.21,5820
1.21,5819
1.211,5818
1.211,5817
1.211,5816
1.211,5815
1.212,5814
1.212,5813
1.212,5812
1.212,5811
1.213,5810
1.213,5809
1.213,5808
1.214,5807
1.214,5806
1.214,5805
1.215,5804
1.215,5803
1.216,5802
1.216,5801
1.216,5800
1.216,5799
1.217,5798
1.217,5797
1.218,5796
1.218,5795
1.218,5794
1.218,5793
1.218,5792
1.219,5791
1.219,5790
1.219,5789
1.22,5788
1.22,5787
1.22,5786
1.221,5785
1.221,5784
1.221,5783
1.221,5782
1.222,5781
1.222,5780
1.222,5779
1.223,5778
1.223,5777
1.223,5776
1.223,5775
1.224,5774
1.225,5773
1.225,5772
1.226,5771
1.227,5770
1.228,5769
1.228,5768
1.228,5767
1.228,5766
1.229,5765
1.229,5764
1.231,5763
1.231,5762
1.232,5761
1.232,5760
1.233,5759
1.233,5758
1.233,5757
1.233,5756
1.233,5755
1.234,5754
1.234,5753
1.234,5752
1.234,5751
1.235,5750
1.235,5749
1.235,5748
1.235,5747
1.236,5746
1.236,5745
1.236,5744
1.237,5743
1.237,5742
1.237,5741
1.238,5740
1.238,5739
1.238,5738
1.241,5737
1.241,5736
1.241,5735
1.241,5734
1.241,5733
1.241,5732
1.242,5731
1.242,5730
1.242,5729
1.242,5728
1.243,5727
1.243,5726
1.244,5725
1.245,5724
1.245,5723
1.246,5722
1.246,5721
1.246,5720
1.247,5719
1.247,5718
1.247,5717
1.248,5716
1.248,5715
1.248,5714
1.249,5713
1.249,5712
1.249,5711
1.249,5710
1.25,5709
1.25,5708
1.25,5707
1.25,5706
1.251,5705
1.251,5704
1.252,5703
1.252,5702
1.252,5701
1.253,5700
1.253,5699
1.253,5698
1.253,5697
1.253,5696
1.254,5695
1.256,5694
1.256,5693
1.256,5692
1.256,5691
1.257,5690
1.258,5689
1.258,5688
1.259,5687
1.26,5686
1.26,5685
1.261,5684
1.261,5683
1.261,5682
1.261,5681
1.261,5680
1.261,5679
1.261,5678
1.261,5677
1.262,5676
1.262,5675
1.263,5674
1.263,5673
1.263,5672
1.263,5671
1.264,5670
1.264,5669
1.264,5668
1.265,5667
1.265,5666
1.265,5665
1.266,5664
1.267,5663
1.267,5662
1.267,5661
1.267,5660
1.267,5659
1.268,5658
1.269,5657
1.27,5656
1.271,5655
1.271,5654
1.271,5653
1.271,5652
1.271,5651
1.271,5650
1.272,5649
1.273,5648
1.273,5647
1.274,5646
1.274,5645
1.274,5644
1.275,5643
1.276,5642
1.277,5641
1.277,5640
1.277,5639
1.277,5638
1.278,5637
1.279,5636
1.28,5635
1.28,5634
1.28,5633
1.281,5632
1.281,5631
1.281,5630
1.282,5629
1.282,5628
1.282,5627
1.283,5626
1.284,5625
1.284,5624
1.285,5623
1.286,5622
1.286,5621
1.287,5620
1.288,5619
1.288,5618
1.289,5617
1.289,5616
1.29,5615
1.291,5614
1.291,5613
1.291,5612
1.292,5611
1.292,5610
1.293,5609
1.293,5608
1.293,5607
1.295,5606
1.295,5605
1.295,5604
1.295,5603
1.296,5602
1.296,5601
1.296,5600
1.296,5599
1.297,5598
1.297,5597
1.297,5596
1.298,5595
1.299,5594
1.299,5593
1.299,5592
1.299,5591
1.3,5590
1.3,5589
1.3,5588
1.301,5587
1.301,5586
1.302,5585
1.302,5584
1.302,5583
1.303,5582
1.303,5581
1.304,5580
1.304,5579
1.304,5578
1.305,5577
1.305,5576
1.305,5575
1.306,5574
1.306,5573
1.306,5572
1.306,5571
1.306,5570
1.306,5569
1.307,5568
1.307,5567
1.307,5566
1.308,5565
1.308,5564
1.309,5563
1.31,5562
1.31,5561
1.31,5560
1.311,5559
1.311,5558
1.311,5557
1.312,5556
1.312,5555
1.312,5554
1.313,5553
1.314,5552
1.314,5551
1.315,5550
1.315,5549
1.315,5548
1.317,5547
1.317,5546
1.32,5545
1.32,5544
1.32,5543
1.321,5542
1.321,5541
1.321,5540
1.322,5539
1.322,5538
1.323,5537
1.324,5536
1.324,5535
1.325,5534
1.326,5533
1.326,5532
1.326,5531
1.327,5530
1.327,5529
1.329,5528
1.329,5527
1.329,5526
1.33,5525
1.331,5524
1.332,5523
1.332,5522
1.332,5521
1.333,5520
1.333,5519
1.333,5518
1.335,5517
1.335,5516
1.336,5515
1.337,5514
1.337,5513
1.338,5512
1.338,5511
1.339,5510
1.339,5509
1.34,5508
1.34,5507
1.341,5506
1.341,5505
1.341,5504
1.342,5503
1.342,5502
1.342,5501
1.344,5500
1.345,5499
1.345,5498
1.346,5497
1.347,5496
1.348,5495
1.348,5494
1.348,5493
1.349,5492
1.349,5491
1.349,5490
1.35,5489
1.35,5488
1.35,5487
1.35,5486
1.351,5485
1.351,5484
1.351,5483
1.352,5482
1.355,5481
1.355,5480
1.356,5479
1.356,5478
1.357,5477
1.357,5476
1.358,5475
1.359,5474
1.359,5473
1.36,5472
1.36,5471
1.36,5470
1.361,5469
1.361,5468
1.362,5467
1.362,5466
1.362,5465
1.363,5464
1.364,5463
1.365,5462
1.365,5461
1.365,5460
1.367,5459
1.377,5458
1.377,5457
1.378,5456
1.378,5455
1.378,5454
1.379,5453
1.379,5452
1.379,5451
1.379,5450
1.38,5449
1.381,5448
1.381,5447
1.381,5446
1.381,5445
1.383,5444
1.384,5443
1.384,5442
1.385,5441
1.385,5440
1.385,5439
1.385,5438
1.387,5437
1.387,5436
1.387,5435
1.388,5434
1.388,5433
1.389,5432
1.39,5431
1.391,5430
1.391,5429
1.393,5428
1.394,5427
1.394,5426
1.394,5425
1.395,5424
1.395,5423
1.395,5422
1.395,5421
1.395,5420
1.396,5419
1.397,5418
1.397,5417
1.399,5416
1.399,5415
1.4,5414
1.4,5413
1.4,5412
1.401,5411
1.402,5410
1.402,5409
1.403,5408
1.403,5407
1.404,5406
1.404,5405
1.405,5404
1.405,5403
1.406,5402
1.406,5401
1.407,5400
1.407,5399
1.407,5398
1.41,5397
1.41,5396
1.411,5395
1.413,5394
1.414,5393
1.416,5392
1.417,5391
1.418,5390
1.418,5389
1.42,5388
1.422,5387
1.422,5386
1.422,5385
1.422,5384
1.423,5383
1.423,5382
1.423,5381
1.423,5380
1.427,5379
1.429,5378
1.429,5377
1.43,5376
1.43,5375
1.431,5374
1.435,5373
1.435,5372
1.436,5371
1.437,5370
1.438,5369
1.438,5368
1.438,5367
1.442,5366
1.442,5365
1.443,5364
1.443,5363
1.443,5362
1.444,5361
1.444,5360
1.445,5359
1.445,5358
1.445,5357
1.445,5356
1.445,5355
1.446,5354
1.446,5353
1.447,5352
1.448,5351
1.448,5350
1.448,5349
1.451,5348
1.452,5347
1.452,5346
1.453,5345
1.453,5344
1.453,5343
1.453,5342
1.453,5341
1.454,5340
1.455,5339
1.456,5338
1.456,5337
1.457,5336
1.457,5335
1.458,5334
1.458,5333
1.459,5332
1.461,5331
1.461,5330
1.462,5329
1.462,5328
1.463,5327
1.464,5326
1.464,5325
1.465,5324
1.465,5323
1.466,5322
1.466,5321
1.467,5320
1.468,5319
1.47,5318
1.471,5317
1.471,5316
1.472,5315
1.474,5314
1.474,5313
1.476,5312
1.476,5311
1.477,5310
1.477,5309
1.478,5308
1.48,5307
1.481,5306
1.481,5305
1.482,5304
1.482,5303
1.483,5302
1.483,5301
1.483,5300
1.485,5299
1.485,5298
1.486,5297
1.486,5296
1.487,5295
1.489,5294
1.49,5293
1.49,5292
1.49,5291
1.491,5290
1.492,5289
1.492,5288
1.494,5287
1.494,5286
1.494,5285
1.494,5284
1.495,5283
1.496,5282
1.496,5281
1.497,5280
1.499,5279
1.499,5278
1.5,5277
1.5,5276
1.503,5275
1.504,5274
1.504,5273
1.505,5272
1.506,5271
1.507,5270
1.507,5269
1.508,5268
1.51,5267
1.512,5266
1.513,5265
1.518,5264
1.518,5263
1.519,5262
1.519,5261
1.52,5260
1.52,5259
1.52,5258
1.522,5257
1.523,5256
1.523,5255
1.523,5254
1.524,5253
1.524,5252
1.524,5251
1.524,5250
1.527,5249
1.527,5248
1.528,5247
1.53,5246
1.53,5245
1.53,5244
1.53,5243
1.531,5242
1.532,5241
1.532,5240
1.534,5239
1.534,5238
1.535,5237
1.537,5236
1.538,5235
1.539,5234
1.539,5233
1.54,5232
1.544,5231
1.544,5230
1.545,5229
1.545,5228
1.548,5227
1.549,5226
1.552,5225
1.553,5224
1.553,5223
1.554,5222
1.554,5221
1.557,5220
1.557,5219
1.56,5218
1.563,5217
1.565,5216
1.565,5215
1.566,5214
1.568,5213
1.571,5212
1.574,5211
1.575,5210
1.576,5209
1.577,5208
1.577,5207
1.582,5206
1.583,5205
1.583,5204
1.584,5203
1.585,5202
1.585,5201
1.589,5200
1.592,5199
1.595,5198
1.598,5197
1.601,5196
1.602,5195
1.603,5194
1.603,5193
1.605,5192
1.607,5191
1.609,5190
1.615,5189
1.616,5188
1.618,5187
1.619,5186
1.62,5185
1.62,5184
1.622,5183
1.627,5182
1.627,5181
1.628,5180
1.63,5179
1.635,5178
1.64,5177
1.64,5176
1.64,5175
1.647,5174
1.651,5173
1.657,5172
1.657,5171
1.657,5170
1.661,5169
1.666,5168
1.668,5167
1.671,5166
1.673,5165
1.676,5164
1.676,5163
1.68,5162
1.681,5161
1.683,5160
1.689,5159
1.699,5158
1.707,5157
1.71,5156
1.711,5155
1.718,5154
1.723,5153
1.726,5152
1.735,5151
1.74,5150
1.755,5149
1.759,5148
1.764,5147
1.768,5146
1.771,5145
1.785,5144
1.811,5143
1.813,5142
1.819,5141
1.82,5140
1.821,5139
1.832,5138
1.867,5137
1.885,5136
1.907,5135
1.908,5134
1.919,5133
1.924,5132
1.974,5131
2.007,5130
2.379,5129
