0.002,8636
0.007,8635
0.009,8634
0.011,8633
0.011,8632
0.012,8631
0.012,8630
0.012,8629
0.012,8628
0.012,8627
0.012,8626
0.012,8625
0.012,8624
0.013,8623
0.013,8622
0.013,8621
0.013,8620
0.013,8619
0.013,8618
0.013,8617
0.013,8616
0.014,8615
0.014,8614
0.014,8613
0.014,8612
0.014,8611
0.014,8610
0.014,8609
0.015,8608
0.015,8607
0.015,8606
0.015,8605
0.015,8604
0.015,8603
0.015,8602
0.016,8601
0.016,8600
0.016,8599
0.016,8598
0.016,8597
0.016,8596
0.016,8595
0.017,8594
0.017,8593
0.017,8592
0.017,8591
0.018,8590
0.018,8589
0.018,8588
0.018,8587
0.018,8586
0.018,8585
0.018,8584
0.018,8583
0.019,8582
0.019,8581
0.019,8580
0.019,8579
0.02,8578
0.02,8577
0.02,8576
0.02,8575
0.02,8574
0.02,8573
0.02,8572
0.02,8571
0.021,8570
0.021,8569
0.021,8568
0.021,8567
0.021,8566
0.022,8565
0.022,8564
0.022,8563
0.022,8562
0.022,8561
0.022,8560
0.022,8559
0.022,8558
0.022,8557
0.022,8556
0.023,8555
0.023,8554
0.023,8553
0.023,8552
0.023,8551
0.026,8550
0.026,8549
0.026,8548
0.026,8547
0.026,8546
0.026,8545
0.026,8544
0.027,8543
0.027,8542
0.027,8541
0.027,8540
0.027,8539
0.027,8538
0.027,8537
0.027,8536
0.028,8535
0.028,8534
0.028,8533
0.028,8532
0.028,8531
0.029,8530
0.029,8529
0.029,8528
0.029,8527
0.029,8526
0.03,8525
0.03,8524
0.03,8523
0.03,8522
0.031,8521
0.031,8520
0.032,8519
0.032,8518
0.032,8517
0.033,8516
0.034,8515
0.034,8514
0.034,8513
0.034,8512
0.035,8511
0.035,8510
0.035,8509
0.035,8508
0.036,8507
0.036,8506
0.036,8505
0.036,8504
0.036,8503
0.036,8502
0.036,8501
0.037,8500
0.037,8499
0.037,8498
0.038,8497
0.038,8496
0.038,8495
0.038,8494
0.038,8493
0.038,8492
0.039,8491
0.039,8490
0.039,8489
0.039,8488
0.039,8487
0.04,8486
0.04,8485
0.04,8484
0.04,8483
0.04,8482
0.041,8481
0.041,8480
0.041,8479
0.041,8478
0.041,8477
0.041,8476
0.042,8475
0.042,8474
0.042,8473
0.042,8472
0.042,8471
0.042,8470
0.043,8469
0.043,8468
0.043,8467
0.043,8466
0.043,8465
0.044,8464
0.044,8463
0.044,8462
0.044,8461
0.044,8460
0.044,8459
0.044,8458
0.045,8457
0.045,8456
0.045,8455
0.045,8454
0.045,8453
0.045,8452
0.045,8451
0.046,8450
0.046,8449
0.046,8448
0.046,8447
0.046,8446
0.046,8445
0.046,8444
0.047,8443
0.047,8442
0.047,8441
0.047,8440
0.047,8439
0.047,8438
0.048,8437
0.048,8436
0.048,8435
0.048,8434
0.048,8433
0.048,8432
0.049,8431
0.049,8430
0.049,8429
0.049,8428
0.05,8427
0.05,8426
0.05,8425
0.05,8424
0.051,8423
0.051,8422
0.051,8421
0.051,8420
0.051,8419
0.051,8418
0.052,8417
0.052,8416
0.052,8415
0.052,8414
0.052,8413
0.052,8412
0.052,8411
0.053,8410
0.053,8409
0.053,8408
0.053,8407
0.053,8406
0.053,8405
0.054,8404
0.054,8403
0.054,8402
0.054,8401
0.054,8400
0.055,8399
0.055,8398
0.055,8397
0.055,8396
0.055,8395
0.055,8394
0.056,8393
0.056,8392
0.056,8391
0.056,8390
0.056,8389
0.056,8388
0.056,8387
0.057,8386
0.057,8385
0.057,8384
0.057,8383
0.059,8382
0.061,8381
0.061,8380
0.061,8379
0.061,8378
0.061,8377
0.062,8376
0.062,8375
0.062,8374
0.062,8373
0.062,8372
0.063,8371
0.063,8370
0.064,8369
0.064,8368
0.064,8367
0.064,8366
0.064,8365
0.064,8364
0.065,8363
0.065,8362
0.065,8361
0.065,8360
0.065,8359
0.066,8358
0.067,8357
0.067,8356
0.067,8355
0.067,8354
0.068,8353
0.068,8352
0.068,8351
0.069,8350
0.069,8349
0.069,8348
0.07,8347
0.07,8346
0.071,8345
0.071,8344
0.072,8343
0.072,8342
0.072,8341
0.072,8340
0.073,8339
0.073,8338
0.073,8337
0.074,8336
0.074,8335
0.074,8334
0.074,8333
0.074,8332
0.075,8331
0.075,8330
0.075,8329
0.076,8328
0.076,8327
0.076,8326
0.076,8325
0.076,8324
0.077,8323
0.077,8322
0.077,8321
0.077,8320
0.077,8319
0.078,8318
0.078,8317
0.078,8316
0.078,8315
0.078,8314
0.078,8313
0.079,8312
0.079,8311
0.079,8310
0.079,8309
0.079,8308
0.079,8307
0.079,8306
0.08,8305
0.081,8304
0.081,8303
0.082,8302
0.082,8301
0.082,8300
0.083,8299
0.083,8298
0.083,8297
0.083,8296
0.083,8295
0.083,8294
0.083,8293
0.084,8292
0.084,8291
0.084,8290
0.084,8289
0.084,8288
0.085,8287
0.085,8286
0.085,8285
0.086,8284
0.086,8283
0.086,8282
0.086,8281
0.086,8280
0.087,8279
0.087,8278
0.087,8277
0.087,8276
0.088,8275
0.088,8274
0.088,8273
0.088,8272
0.088,8271
0.088,8270
0.089,8269
0.089,8268
0.089,8267
0.089,8266
0.089,8265
0.089,8264
0.09,8263
0.09,8262
0.09,8261
0.091,8260
0.091,8259
0.092,8258
0.092,8257
0.092,8256
0.093,8255
0.093,8254
0.093,8253
0.093,8252
0.094,8251
0.094,8250
0.094,8249
0.094,8248
0.094,8247
0.094,8246
0.095,8245
0.095,8244
0.096,8243
0.096,8242
0.096,8241
0.096,8240
0.097,8239
0.097,8238
0.097,8237
0.098,8236
0.098,8235
0.098,8234
0.098,8233
0.098,8232
0.099,8231
0.1,8230
0.1,8229
0.1,8228
0.1,8227
0.101,8226
0.101,8225
0.101,8224
0.102,8223
0.102,8222
0.102,8221
0.103,8220
0.111,8219
0.111,8218
0.111,8217
0.112,8216
0.112,8215
0.112,8214
0.112,8213
0.113,8212
0.113,8211
0.114,8210
0.114,8209
0.114,8208
0.115,8207
0.115,8206
0.116,8205
0.117,8204
0.117,8203
0.117,8202
0.117,8201
0.117,8200
0.117,8199
0.117,8198
0.118,8197
0.118,8196
0.118,8195
0.118,8194
0.119,8193
0.119,8192
0.119,8191
0.12,8190
0.12,8189
0.12,8188
0.12,8187
0.12,8186
0.12,8185
0.12,8184
0.12,8183
0.12,8182
0.121,8181
0.121,8180
0.122,8179
0.122,8178
0.122,8177
0.122,8176
0.122,8175
0.123,8174
0.123,8173
0.123,8172
0.123,8171
0.123,8170
0.123,8169
0.123,8168
0.123,8167
0.123,8166
0.123,8165
0.123,8164
0.124,8163
0.124,8162
0.124,8161
0.124,8160
0.124,8159
0.124,8158
0.124,8157
0.124,8156
0.124,8155
0.125,8154
0.125,8153
0.126,8152
0.126,8151
0.126,8150
0.126,8149
0.126,8148
0.127,8147
0.127,8146
0.127,8145
0.127,8144
0.128,8143
0.129,8142
0.129,8141
0.129,8140
0.129,8139
0.129,8138
0.129,8137
0.13,8136
0.13,8135
0.131,8134
0.131,8133
0.131,8132
0.132,8131
0.132,8130
0.132,8129
0.133,8128
0.134,8127
0.134,8126
0.134,8125
0.135,8124
0.135,8123
0.136,8122
0.136,8121
0.136,8120
0.136,8119
0.136,8118
0.136,8117
0.137,8116
0.138,8115
0.138,8114
0.139,8113
0.139,8112
0.139,8111
0.14,8110
0.14,8109
0.14,8108
0.14,8107
0.14,8106
0.14,8105
0.14,8104
0.141,8103
0.141,8102
0.141,8101
0.141,8100
0.142,8099
0.142,8098
0.142,8097
0.142,8096
0.142,8095
0.142,8094
0.142,8093
0.142,8092
0.142,8091
0.142,8090
0.143,8089
0.143,8088
0.143,8087
0.144,8086
0.144,8085
0.144,8084
0.144,8083
0.144,8082
0.145,8081
0.145,8080
0.145,8079
0.145,8078
0.145,8077
0.145,8076
0.145,8075
0.146,8074
0.146,8073
0.146,8072
0.147,8071
0.148,8070
0.148,8069
0.148,8068
0.148,8067
0.149,8066
0.149,8065
0.149,8064
0.149,8063
0.15,8062
0.15,8061
0.151,8060
0.151,8059
0.151,8058
0.151,8057
0.151,8056
0.152,8055
0.152,8054
0.152,8053
0.153,8052
0.153,8051
0.153,8050
0.154,8049
0.154,8048
0.155,8047
0.156,8046
0.156,8045
0.156,8044
0.156,8043
0.156,8042
0.156,8041
0.156,8040
0.157,8039
0.157,8038
0.157,8037
0.157,8036
0.157,8035
0.158,8034
0.158,8033
0.158,8032
0.158,8031
0.158,8030
0.159,8029
0.159,8028
0.16,8027
0.16,8026
0.16,8025
0.162,8024
0.163,8023
0.163,8022
0.163,8021
0.163,8020
0.164,8019
0.165,8018
0.165,8017
0.165,8016
0.166,8015
0.167,8014
0.167,8013
0.167,8012
0.167,8011
0.167,8010
0.167,8009
0.168,8008
0.168,8007
0.169,8006
0.169,8005
0.169,8004
0.17,8003
0.17,8002
0.17,8001
0.17,8000
0.17,7999
0.17,7998
0.171,7997
0.172,7996
0.172,7995
0.172,7994
0.173,7993
0.173,7992
0.173,7991
0.173,7990
0.173,7989
0.175,7988
0.177,7987
0.177,7986
0.177,7985
0.177,7984
0.177,7983
0.178,7982
0.178,7981
0.178,7980
0.178,7979
0.179,7978
0.179,7977
0.179,7976
0.179,7975
0.179,7974
0.179,7973
0.18,7972
0.18,7971
0.18,7970
0.18,7969
0.181,7968
0.181,7967
0.181,7966
0.181,7965
0.182,7964
0.182,7963
0.183,7962
0.184,7961
0.184,7960
0.184,7959
0.184,7958
0.184,7957
0.185,7956
0.185,7955
0.185,7954
0.185,7953
0.186,7952
0.186,7951
0.186,7950
0.186,7949
0.186,7948
0.186,7947
0.187,7946
0.187,7945
0.187,7944
0.188,7943
0.188,7942
0.188,7941
0.188,7940
0.188,7939
0.189,7938
0.189,7937
0.191,7936
0.191,7935
0.191,7934
0.191,7933
0.191,7932
0.192,7931
0.192,7930
0.192,7929
0.193,7928
0.193,7927
0.194,7926
0.194,7925
0.194,7924
0.195,7923
0.195,7922
0.195,7921
0.197,7920
0.198,7919
0.198,7918
0.199,7917
0.199,7916
0.2,7915
0.2,7914
0.201,7913
0.202,7912
0.202,7911
0.202,7910
0.203,7909
0.203,7908
0.204,7907
0.204,7906
0.204,7905
0.204,7904
0.205,7903
0.205,7902
0.206,7901
0.206,7900
0.207,7899
0.207,7898
0.207,7897
0.208,7896
0.208,7895
0.208,7894
0.208,7893
0.208,7892
0.208,7891
0.209,7890
0.21,7889
0.211,7888
0.211,7887
0.212,7886
0.212,7885
0.212,7884
0.213,7883
0.213,7882
0.213,7881
0.213,7880
0.213,7879
0.214,7878
0.214,7877
0.215,7876
0.216,7875
0.216,7874
0.216,7873
0.217,7872
0.217,7871
0.217,7870
0.218,7869
0.218,7868
0.219,7867
0.219,7866
0.22,7865
0.22,7864
0.22,7863
0.22,7862
0.22,7861
0.221,7860
0.221,7859
0.222,7858
0.222,7857
0.222,7856
0.223,7855
0.223,7854
0.224,7853
0.224,7852
0.225,7851
0.225,7850
0.226,7849
0.227,7848
0.233,7847
0.234,7846
0.234,7845
0.235,7844
0.236,7843
0.236,7842
0.236,7841
0.238,7840
0.238,7839
0.238,7838
0.239,7837
0.239,7836
0.239,7835
0.24,7834
0.24,7833
0.24,7832
0.241,7831
0.241,7830
0.241,7829
0.241,7828
0.241,7827
0.242,7826
0.242,7825
0.243,7824
0.243,7823
0.244,7822
0.244,7821
0.245,7820
0.246,7819
0.246,7818
0.248,7817
0.248,7816
0.248,7815
0.249,7814
0.249,7813
0.251,7812
0.253,7811
0.254,7810
0.254,7809
0.255,7808
0.256,7807
0.256,7806
0.256,7805
0.256,7804
0.256,7803
0.256,7802
0.257,7801
0.257,7800
0.257,7799
0.257,7798
0.258,7797
0.258,7796
0.258,7795
0.258,7794
0.258,7793
0.259,7792
0.259,7791
0.259,7790
0.26,7789
0.26,7788
0.261,7787
0.262,7786
0.262,7785
0.262,7784
0.262,7783
0.264,7782
0.264,7781
0.264,7780
0.264,7779
0.265,7778
0.265,7777
0.265,7776
0.265,7775
0.267,7774
0.268,7773
0.268,7772
0.269,7771
0.27,7770
0.27,7769
0.271,7768
0.271,7767
0.272,7766
0.273,7765
0.274,7764
0.274,7763
0.274,7762
0.274,7761
0.275,7760
0.276,7759
0.277,7758
0.277,7757
0.277,7756
0.278,7755
0.278,7754
0.279,7753
0.279,7752
0.28,7751
0.28,7750
0.281,7749
0.281,7748
0.281,7747
0.282,7746
0.283,7745
0.283,7744
0.283,7743
0.284,7742
0.284,7741
0.284,7740
0.285,7739
0.285,7738
0.285,7737
0.286,7736
0.286,7735
0.286,7734
0.286,7733
0.287,7732
0.288,7731
0.288,7730
0.288,7729
0.289,7728
0.29,7727
0.29,7726
0.291,7725
0.291,7724
0.291,7723
0.292,7722
0.293,7721
0.293,7720
0.294,7719
0.294,7718
0.295,7717
0.295,7716
0.296,7715
0.297,7714
0.297,7713
0.298,7712
0.298,7711
0.299,7710
0.3,7709
0.3,7708
0.301,7707
0.302,7706
0.304,7705
0.305,7704
0.306,7703
0.306,7702
0.306,7701
0.307,7700
0.308,7699
0.309,7698
0.311,7697
0.312,7696
0.313,7695
0.314,7694
0.314,7693
0.314,7692
0.315,7691
0.317,7690
0.318,7689
0.318,7688
0.318,7687
0.318,7686
0.32,7685
0.322,7684
0.323,7683
0.323,7682
0.324,7681
0.325,7680
0.332,7679
0.332,7678
0.334,7677
0.334,7676
0.335,7675
0.338,7674
0.338,7673
0.338,7672
0.339,7671
0.339,7670
0.34,7669
0.341,7668
0.341,7667
0.343,7666
0.344,7665
0.345,7664
0.345,7663
0.346,7662
0.346,7661
0.347,7660
0.348,7659
0.35,7658
0.35,7657
0.35,7656
0.354,7655
0.355,7654
0.355,7653
0.356,7652
0.356,7651
0.357,7650
0.358,7649
0.358,7648
0.359,7647
0.359,7646
0.36,7645
0.36,7644
0.36,7643
0.366,7642
0.367,7641
0.368,7640
0.368,7639
0.368,7638
0.369,7637
0.37,7636
0.37,7635
0.374,7634
0.375,7633
0.379,7632
0.38,7631
0.383,7630
0.384,7629
0.386,7628
0.387,7627
0.388,7626
0.388,7625
0.389,7624
0.39,7623
0.39,7622
0.39,7621
0.391,7620
0.391,7619
0.391,7618
0.392,7617
0.393,7616
0.393,7615
0.393,7614
0.394,7613
0.395,7612
0.395,7611
0.401,7610
0.401,7609
0.403,7608
0.405,7607
0.407,7606
0.41,7605
0.411,7604
0.413,7603
0.413,7602
0.414,7601
0.414,7600
0.416,7599
0.416,7598
0.416,7597
0.417,7596
0.418,7595
0.418,7594
0.419,7593
0.42,7592
0.423,7591
0.423,7590
0.425,7589
0.436,7588
0.439,7587
0.439,7586
0.44,7585
0.447,7584
0.449,7583
0.45,7582
0.451,7581
0.452,7580
0.453,7579
0.453,7578
0.456,7577
0.458,7576
0.458,7575
0.459,7574
0.46,7573
0.461,7572
0.462,7571
0.462,7570
0.463,7569
0.466,7568
0.47,7567
0.471,7566
0.471,7565
0.474,7564
0.475,7563
0.476,7562
0.478,7561
0.478,7560
0.479,7559
0.484,7558
0.486,7557
0.486,7556
0.488,7555
0.488,7554
0.495,7553
0.496,7552
0.497,7551
0.498,7550
0.5,7549
0.503,7548
0.503,7547
0.506,7546
0.507,7545
0.507,7544
0.507,7543
0.508,7542
0.509,7541
0.511,7540
0.512,7539
0.514,7538
0.515,7537
0.518,7536
0.518,7535
0.521,7534
0.524,7533
0.525,7532
0.525,7531
0.526,7530
0.527,7529
0.527,7528
0.529,7527
0.53,7526
0.532,7525
0.535,7524
0.536,7523
0.539,7522
0.541,7521
0.544,7520
0.545,7519
0.546,7518
0.547,7517
0.547,7516
0.55,7515
0.55,7514
0.556,7513
0.566,7512
0.567,7511
0.567,7510
0.57,7509
0.571,7508
0.573,7507
0.574,7506
0.576,7505
0.577,7504
0.583,7503
0.589,7502
0.593,7501
0.598,7500
0.598,7499
0.601,7498
0.603,7497
0.607,7496
0.612,7495
0.612,7494
0.616,7493
0.617,7492
0.618,7491
0.62,7490
0.621,7489
0.623,7488
0.641,7487
0.644,7486
0.645,7485
0.646,7484
0.648,7483
0.648,7482
0.649,7481
0.651,7480
0.652,7479
0.652,7478
0.653,7477
0.66,7476
0.661,7475
0.662,7474
0.663,7473
0.666,7472
0.669,7471
0.671,7470
0.672,7469
0.675,7468
0.683,7467
0.686,7466
0.687,7465
0.688,7464
0.691,7463
0.692,7462
0.693,7461
0.694,7460
0.696,7459
0.698,7458
0.71,7457
0.712,7456
0.712,7455
0.714,7454
0.719,7453
0.72,7452
0.721,7451
0.725,7450
0.74,7449
0.741,7448
0.742,7447
0.749,7446
0.755,7445
0.757,7444
0.758,7443
0.76,7442
0.762,7441
0.766,7440
0.773,7439
0.773,7438
0.795,7437
0.808,7436
0.81,7435
0.814,7434
0.815,7433
0.825,7432
0.83,7431
0.836,7430
0.847,7429
0.849,7428
0.855,7427
0.863,7426
0.863,7425
0.875,7424
0.888,7423
0.9,7422
0.908,7421
0.913,7420
0.922,7419
0.925,7418
0.927,7417
0.928,7416
0.931,7415
0.937,7414
0.939,7413
0.958,7412
0.963,7411
0.964,7410
0.974,7409
0.98,7408
0.981,7407
0.984,7406
0.996,7405
1.001,7404
1.005,7403
1.006,7402
1.029,7401
1.034,7400
1.042,7399
1.068,7398
1.069,7397
1.095,7396
1.104,7395
1.121,7394
1.121,7393
1.167,7392
1.187,7391
1.191,7390
1.198,7389
1.201,7388
1.207,7387
1.209,7386
1.209,7385
1.22,7384
1.246,7383
1.269,7382
1.299,7381
1.389,7380
1.416,7379
1.521,7378
1.634,7377
1.769,7376
1.829,7375
1.831,7374
1.959,7373
1.989,7372
2.089,7371
2.144,7370
2.239,7369
