0.002,13440
0.025,13439
0.026,13438
0.026,13437
0.026,13436
0.027,13435
0.028,13434
0.029,13433
0.03,13432
0.031,13431
0.031,13430
0.031,13429
0.031,13428
0.031,13427
0.032,13426
0.032,13425
0.032,13424
0.032,13423
0.032,13422
0.032,13421
0.033,13420
0.033,13419
0.033,13418
0.033,13417
0.033,13416
0.034,13415
0.034,13414
0.034,13413
0.034,13412
0.035,13411
0.035,13410
0.035,13409
0.035,13408
0.035,13407
0.036,13406
0.036,13405
0.036,13404
0.036,13403
0.036,13402
0.036,13401
0.036,13400
0.037,13399
0.037,13398
0.037,13397
0.037,13396
0.037,13395
0.038,13394
0.038,13393
0.038,13392
0.038,13391
0.039,13390
0.039,13389
0.039,13388
0.039,13387
0.039,13386
0.039,13385
0.04,13384
0.04,13383
0.04,13382
0.04,13381
0.04,13380
0.04,13379
0.04,13378
0.041,13377
0.041,13376
0.042,13375
0.042,13374
0.042,13373
0.043,13372
0.043,13371
0.043,13370
0.043,13369
0.043,13368
0.044,13367
0.044,13366
0.044,13365
0.044,13364
0.044,13363
0.044,13362
0.045,13361
0.045,13360
0.045,13359
0.045,13358
0.045,13357
0.046,13356
0.046,13355
0.046,13354
0.046,13353
0.046,13352
0.047,13351
0.047,13350
0.047,13349
0.047,13348
0.047,13347
0.047,13346
0.048,13345
0.048,13344
0.048,13343
0.048,13342
0.048,13341
0.049,13340
0.051,13339
0.051,13338
0.051,13337
0.051,13336
0.051,13335
0.051,13334
0.052,13333
0.052,13332
0.052,13331
0.052,13330
0.052,13329
0.052,13328
0.052,13327
0.053,13326
0.053,13325
0.053,13324
0.053,13323
0.053,13322
0.054,13321
0.054,13320
0.054,13319
0.054,13318
0.054,13317
0.054,13316
0.055,13315
0.055,13314
0.055,13313
0.055,13312
0.055,13311
0.055,13310
0.055,13309
0.056,13308
0.056,13307
0.056,13306
0.056,13305
0.056,13304
0.057,13303
0.057,13302
0.057,13301
0.057,13300
0.057,13299
0.058,13298
0.058,13297
0.058,13296
0.058,13295
0.058,13294
0.059,13293
0.059,13292
0.059,13291
0.059,13290
0.059,13289
0.059,13288
0.059,13287
0.06,13286
0.06,13285
0.06,13284
0.06,13283
0.06,13282
0.06,13281
0.06,13280
0.061,13279
0.061,13278
0.061,13277
0.061,13276
0.061,13275
0.062,13274
0.062,13273
0.062,13272
0.062,13271
0.063,13270
0.063,13269
0.063,13268
0.063,13267
0.063,13266
0.064,13265
0.064,13264
0.064,13263
0.064,13262
0.064,13261
0.064,13260
0.064,13259
0.065,13258
0.065,13257
0.065,13256
0.065,13255
0.065,13254
0.065,13253
0.065,13252
0.066,13251
0.066,13250
0.066,13249
0.066,13248
0.066,13247
0.066,13246
0.067,13245
0.067,13244
0.067,13243
0.067,13242
0.067,13241
0.067,13240
0.067,13239
0.067,13238
0.068,13237
0.068,13236
0.068,13235
0.068,13234
0.068,13233
0.068,13232
0.068,13231
0.068,13230
0.069,13229
0.069,13228
0.069,13227
0.069,13226
0.069,13225
0.07,13224
0.07,13223
0.07,13222
0.07,13221
0.07,13220
0.07,13219
0.071,13218
0.071,13217
0.071,13216
0.071,13215
0.071,13214
0.071,13213
0.072,13212
0.072,13211
0.072,13210
0.072,13209
0.072,13208
0.073,13207
0.073,13206
0.073,13205
0.073,13204
0.083,13203
0.083,13202
0.083,13201
0.083,13200
0.083,13199
0.083,13198
0.084,13197
0.084,13196
0.084,13195
0.084,13194
0.084,13193
0.084,13192
0.084,13191
0.085,13190
0.085,13189
0.085,13188
0.085,13187
0.087,13186
0.089,13185
0.089,13184
0.089,13183
0.089,13182
0.089,13181
0.09,13180
0.09,13179
0.09,13178
0.09,13177
0.091,13176
0.091,13175
0.091,13174
0.091,13173
0.091,13172
0.092,13171
0.092,13170
0.092,13169
0.092,13168
0.092,13167
0.092,13166
0.093,13165
0.093,13164
0.093,13163
0.093,13162
0.094,13161
0.094,13160
0.094,13159
0.094,13158
0.094,13157
0.095,13156
0.095,13155
0.095,13154
0.095,13153
0.096,13152
0.096,13151
0.096,13150
0.096,13149
0.096,13148
0.096,13147
0.096,13146
0.097,13145
0.097,13144
0.097,13143
0.097,13142
0.097,13141
0.097,13140
0.097,13139
0.098,13138
0.098,13137
0.098,13136
0.098,13135
0.099,13134
0.099,13133
0.099,13132
0.1,13131
0.1,13130
0.1,13129
0.1,13128
0.1,13127
0.1,13126
0.1,13125
0.1,13124
0.101,13123
0.101,13122
0.101,13121
0.101,13120
0.101,13119
0.101,13118
0.101,13117
0.101,13116
0.102,13115
0.102,13114
0.102,13113
0.103,13112
0.103,13111
0.103,13110
0.103,13109
0.103,13108
0.103,13107
0.103,13106
0.103,13105
0.104,13104
0.104,13103
0.104,13102
0.104,13101
0.104,13100
0.104,13099
0.104,13098
0.104,13097
0.104,13096
0.105,13095
0.105,13094
0.105,13093
0.105,13092
0.105,13091
0.105,13090
0.105,13089
0.105,13088
0.106,13087
0.106,13086
0.106,13085
0.106,13084
0.106,13083
0.106,13082
0.106,13081
0.106,13080
0.106,13079
0.106,13078
0.106,13077
0.107,13076
0.107,13075
0.107,13074
0.107,13073
0.108,13072
0.108,13071
0.108,13070
0.108,13069
0.108,13068
0.108,13067
0.109,13066
0.109,13065
0.109,13064
0.109,13063
0.109,13062
0.11,13061
0.11,13060
0.11,13059
0.11,13058
0.11,13057
0.11,13056
0.11,13055
0.11,13054
0.11,13053
0.111,13052
0.111,13051
0.111,13050
0.111,13049
0.111,13048
0.111,13047
0.112,13046
0.112,13045
0.112,13044
0.112,13043
0.112,13042
0.112,13041
0.112,13040
0.113,13039
0.113,13038
0.113,13037
0.113,13036
0.113,13035
0.113,13034
0.113,13033
0.114,13032
0.114,13031
0.114,13030
0.114,13029
0.114,13028
0.114,13027
0.114,13026
0.114,13025
0.115,13024
0.115,13023
0.115,13022
0.115,13021
0.115,13020
0.116,13019
0.116,13018
0.116,13017
0.116,13016
0.116,13015
0.116,13014
0.116,13013
0.117,13012
0.117,13011
0.117,13010
0.117,13009
0.117,13008
0.117,13007
0.117,13006
0.118,13005
0.118,13004
0.118,13003
0.118,13002
0.119,13001
0.119,13000
0.119,12999
0.119,12998
0.119,12997
0.12,12996
0.12,12995
0.12,12994
0.12,12993
0.12,12992
0.12,12991
0.121,12990
0.121,12989
0.121,12988
0.121,12987
0.121,12986
0.121,12985
0.121,12984
0.121,12983
0.122,12982
0.122,12981
0.122,12980
0.122,12979
0.122,12978
0.122,12977
0.122,12976
0.122,12975
0.122,12974
0.122,12973
0.123,12972
0.123,12971
0.123,12970
0.123,12969
0.123,12968
0.123,12967
0.123,12966
0.123,12965
0.124,12964
0.124,12963
0.124,12962
0.124,12961
0.124,12960
0.124,12959
0.124,12958
0.124,12957
0.124,12956
0.125,12955
0.125,12954
0.125,12953
0.125,12952
0.125,12951
0.125,12950
0.125,12949
0.125,12948
0.125,12947
0.125,12946
0.126,12945
0.126,12944
0.126,12943
0.126,12942
0.126,12941
0.126,12940
0.126,12939
0.126,12938
0.126,12937
0.127,12936
0.127,12935
0.127,12934
0.127,12933
0.127,12932
0.127,12931
0.127,12930
0.127,12929
0.127,12928
0.128,12927
0.128,12926
0.128,12925
0.128,12924
0.128,12923
0.128,12922
0.128,12921
0.128,12920
0.128,12919
0.129,12918
0.129,12917
0.129,12916
0.129,12915
0.129,12914
0.129,12913
0.129,12912
0.13,12911
0.13,12910
0.13,12909
0.13,12908
0.13,12907
0.131,12906
0.131,12905
0.131,12904
0.131,12903
0.131,12902
0.131,12901
0.132,12900
0.132,12899
0.132,12898
0.132,12897
0.132,12896
0.132,12895
0.132,12894
0.132,12893
0.132,12892
0.132,12891
0.133,12890
0.133,12889
0.133,12888
0.133,12887
0.133,12886
0.133,12885
0.133,12884
0.133,12883
0.133,12882
0.134,12881
0.134,12880
0.134,12879
0.134,12878
0.134,12877
0.134,12876
0.134,12875
0.134,12874
0.134,12873
0.135,12872
0.135,12871
0.135,12870
0.135,12869
0.135,12868
0.135,12867
0.135,12866
0.136,12865
0.136,12864
0.136,12863
0.136,12862
0.137,12861
0.137,12860
0.137,12859
0.137,12858
0.137,12857
0.137,12856
0.137,12855
0.138,12854
0.138,12853
0.138,12852
0.138,12851
0.138,12850
0.138,12849
0.138,12848
0.139,12847
0.139,12846
0.139,12845
0.139,12844
0.139,12843
0.139,12842
0.139,12841
0.139,12840
0.139,12839
0.139,12838
0.139,12837
0.14,12836
0.14,12835
0.14,12834
0.14,12833
0.14,12832
0.14,12831
0.14,12830
0.14,12829
0.141,12828
0.141,12827
0.141,12826
0.141,12825
0.141,12824
0.141,12823
0.141,12822
0.141,12821
0.141,12820
0.142,12819
0.142,12818
0.142,12817
0.142,12816
0.142,12815
0.142,12814
0.142,12813
0.142,12812
0.143,12811
0.143,12810
0.143,12809
0.143,12808
0.143,12807
0.143,12806
0.143,12805
0.143,12804
0.143,12803
0.144,12802
0.144,12801
0.144,12800
0.144,12799
0.144,12798
0.144,12797
0.144,12796
0.144,12795
0.144,12794
0.144,12793
0.145,12792
0.145,12791
0.145,12790
0.145,12789
0.145,12788
0.145,12787
0.146,12786
0.146,12785
0.146,12784
0.146,12783
0.146,12782
0.146,12781
0.146,12780
0.146,12779
0.146,12778
0.147,12777
0.147,12776
0.147,12775
0.147,12774
0.147,12773
0.147,12772
0.147,12771
0.147,12770
0.148,12769
0.148,12768
0.148,12767
0.148,12766
0.148,12765
0.148,12764
0.148,12763
0.148,12762
0.148,12761
0.149,12760
0.149,12759
0.149,12758
0.149,12757
0.149,12756
0.149,12755
0.15,12754
0.15,12753
0.15,12752
0.15,12751
0.15,12750
0.15,12749
0.151,12748
0.151,12747
0.151,12746
0.151,12745
0.151,12744
0.151,12743
0.151,12742
0.151,12741
0.151,12740
0.152,12739
0.152,12738
0.152,12737
0.152,12736
0.152,12735
0.152,12734
0.152,12733
0.152,12732
0.152,12731
0.152,12730
0.152,12729
0.153,12728
0.153,12727
0.153,12726
0.153,12725
0.153,12724
0.153,12723
0.153,12722
0.153,12721
0.153,12720
0.153,12719
0.153,12718
0.154,12717
0.154,12716
0.154,12715
0.154,12714
0.154,12713
0.154,12712
0.154,12711
0.154,12710
0.154,12709
0.155,12708
0.155,12707
0.155,12706
0.155,12705
0.156,12704
0.156,12703
0.156,12702
0.156,12701
0.156,12700
0.156,12699
0.156,12698
0.156,12697
0.156,12696
0.156,12695
0.156,12694
0.156,12693
0.156,12692
0.157,12691
0.157,12690
0.157,12689
0.157,12688
0.157,12687
0.157,12686
0.157,12685
0.157,12684
0.157,12683
0.158,12682
0.158,12681
0.158,12680
0.158,12679
0.158,12678
0.159,12677
0.159,12676
0.159,12675
0.159,12674
0.159,12673
0.159,12672
0.159,12671
0.159,12670
0.16,12669
0.16,12668
0.16,12667
0.16,12666
0.16,12665
0.16,12664
0.16,12663
0.16,12662
0.16,12661
0.16,12660
0.161,12659
0.161,12658
0.161,12657
0.161,12656
0.161,12655
0.161,12654
0.161,12653
0.161,12652
0.161,12651
0.162,12650
0.162,12649
0.162,12648
0.162,12647
0.162,12646
0.162,12645
0.162,12644
0.162,12643
0.163,12642
0.163,12641
0.163,12640
0.163,12639
0.163,12638
0.163,12637
0.163,12636
0.163,12635
0.163,12634
0.163,12633
0.164,12632
0.164,12631
0.164,12630
0.164,12629
0.164,12628
0.164,12627
0.164,12626
0.164,12625
0.164,12624
0.164,12623
0.165,12622
0.165,12621
0.165,12620
0.165,12619
0.165,12618
0.165,12617
0.165,12616
0.165,12615
0.165,12614
0.166,12613
0.166,12612
0.166,12611
0.166,12610
0.166,12609
0.166,12608
0.166,12607
0.166,12606
0.166,12605
0.166,12604
0.166,12603
0.167,12602
0.167,12601
0.167,12600
0.167,12599
0.167,12598
0.167,12597
0.167,12596
0.167,12595
0.167,12594
0.167,12593
0.168,12592
0.168,12591
0.168,12590
0.168,12589
0.168,12588
0.169,12587
0.169,12586
0.169,12585
0.169,12584
0.169,12583
0.169,12582
0.169,12581
0.169,12580
0.169,12579
0.169,12578
0.169,12577
0.169,12576
0.169,12575
0.169,12574
0.17,12573
0.17,12572
0.17,12571
0.17,12570
0.17,12569
0.17,12568
0.17,12567
0.17,12566
0.17,12565
0.17,12564
0.171,12563
0.171,12562
0.171,12561
0.171,12560
0.171,12559
0.171,12558
0.172,12557
0.172,12556
0.172,12555
0.172,12554
0.172,12553
0.172,12552
0.172,12551
0.172,12550
0.173,12549
0.173,12548
0.173,12547
0.173,12546
0.173,12545
0.173,12544
0.173,12543
0.173,12542
0.173,12541
0.174,12540
0.174,12539
0.174,12538
0.174,12537
0.174,12536
0.174,12535
0.174,12534
0.174,12533
0.174,12532
0.175,12531
0.175,12530
0.175,12529
0.175,12528
0.175,12527
0.175,12526
0.175,12525
0.175,12524
0.175,12523
0.175,12522
0.175,12521
0.175,12520
0.175,12519
0.175,12518
0.176,12517
0.176,12516
0.176,12515
0.176,12514
0.176,12513
0.176,12512
0.177,12511
0.177,12510
0.177,12509
0.177,12508
0.177,12507
0.177,12506
0.177,12505
0.177,12504
0.178,12503
0.178,12502
0.178,12501
0.178,12500
0.178,12499
0.178,12498
0.178,12497
0.178,12496
0.178,12495
0.178,12494
0.178,12493
0.179,12492
0.179,12491
0.179,12490
0.179,12489
0.179,12488
0.18,12487
0.18,12486
0.18,12485
0.18,12484
0.18,12483
0.18,12482
0.18,12481
0.181,12480
0.181,12479
0.181,12478
0.181,12477
0.181,12476
0.181,12475
0.181,12474
0.182,12473
0.182,12472
0.182,12471
0.182,12470
0.182,12469
0.182,12468
0.182,12467
0.182,12466
0.182,12465
0.182,12464
0.182,12463
0.183,12462
0.183,12461
0.183,12460
0.183,12459
0.183,12458
0.183,12457
0.183,12456
0.183,12455
0.183,12454
0.184,12453
0.184,12452
0.184,12451
0.184,12450
0.184,12449
0.185,12448
0.185,12447
0.185,12446
0.185,12445
0.185,12444
0.185,12443
0.185,12442
0.186,12441
0.186,12440
0.186,12439
0.186,12438
0.186,12437
0.186,12436
0.186,12435
0.186,12434
0.187,12433
0.187,12432
0.187,12431
0.187,12430
0.187,12429
0.187,12428
0.188,12427
0.188,12426
0.188,12425
0.188,12424
0.188,12423
0.188,12422
0.188,12421
0.188,12420
0.188,12419
0.188,12418
0.188,12417
0.189,12416
0.189,12415
0.189,12414
0.189,12413
0.189,12412
0.189,12411
0.189,12410
0.189,12409
0.189,12408
0.189,12407
0.189,12406
0.189,12405
0.19,12404
0.19,12403
0.19,12402
0.19,12401
0.19,12400
0.19,12399
0.19,12398
0.19,12397
0.19,12396
0.191,12395
0.191,12394
0.191,12393
0.191,12392
0.191,12391
0.191,12390
0.191,12389
0.191,12388
0.191,12387
0.191,12386
0.191,12385
0.191,12384
0.192,12383
0.192,12382
0.192,12381
0.192,12380
0.192,12379
0.192,12378
0.192,12377
0.192,12376
0.192,12375
0.192,12374
0.193,12373
0.193,12372
0.193,12371
0.193,12370
0.193,12369
0.193,12368
0.193,12367
0.193,12366
0.193,12365
0.193,12364
0.194,12363
0.194,12362
0.194,12361
0.194,12360
0.194,12359
0.194,12358
0.194,12357
0.194,12356
0.194,12355
0.195,12354
0.195,12353
0.195,12352
0.195,12351
0.195,12350
0.195,12349
0.195,12348
0.195,12347
0.195,12346
0.196,12345
0.196,12344
0.196,12343
0.196,12342
0.196,12341
0.196,12340
0.196,12339
0.196,12338
0.196,12337
0.197,12336
0.197,12335
0.197,12334
0.197,12333
0.197,12332
0.197,12331
0.197,12330
0.197,12329
0.197,12328
0.197,12327
0.197,12326
0.198,12325
0.198,12324
0.198,12323
0.198,12322
0.198,12321
0.198,12320
0.198,12319
0.198,12318
0.198,12317
0.198,12316
0.199,12315
0.199,12314
0.199,12313
0.199,12312
0.199,12311
0.199,12310
0.199,12309
0.199,12308
0.199,12307
0.2,12306
0.2,12305
0.2,12304
0.2,12303
0.2,12302
0.2,12301
0.2,12300
0.2,12299
0.201,12298
0.201,12297
0.201,12296
0.201,12295
0.201,12294
0.201,12293
0.201,12292
0.201,12291
0.202,12290
0.202,12289
0.202,12288
0.202,12287
0.202,12286
0.202,12285
0.203,12284
0.203,12283
0.203,12282
0.203,12281
0.203,12280
0.203,12279
0.203,12278
0.203,12277
0.211,12276
0.212,12275
0.212,12274
0.212,12273
0.212,12272
0.212,12271
0.212,12270
0.212,12269
0.212,12268
0.213,12267
0.213,12266
0.213,12265
0.213,12264
0.213,12263
0.213,12262
0.213,12261
0.214,12260
0.214,12259
0.214,12258
0.214,12257
0.214,12256
0.214,12255
0.215,12254
0.215,12253
0.215,12252
0.215,12251
0.215,12250
0.215,12249
0.216,12248
0.216,12247
0.216,12246
0.216,12245
0.216,12244
0.216,12243
0.217,12242
0.217,12241
0.217,12240
0.217,12239
0.217,12238
0.217,12237
0.217,12236
0.218,12235
0.218,12234
0.218,12233
0.218,12232
0.218,12231
0.218,12230
0.219,12229
0.219,12228
0.219,12227
0.219,12226
0.219,12225
0.219,12224
0.219,12223
0.219,12222
0.219,12221
0.219,12220
0.219,12219
0.22,12218
0.22,12217
0.22,12216
0.22,12215
0.22,12214
0.22,12213
0.22,12212
0.221,12211
0.221,12210
0.221,12209
0.221,12208
0.221,12207
0.221,12206
0.221,12205
0.221,12204
0.221,12203
0.221,12202
0.222,12201
0.222,12200
0.222,12199
0.222,12198
0.222,12197
0.222,12196
0.222,12195
0.222,12194
0.222,12193
0.223,12192
0.223,12191
0.223,12190
0.223,12189
0.223,12188
0.223,12187
0.223,12186
0.223,12185
0.223,12184
0.224,12183
0.224,12182
0.224,12181
0.224,12180
0.225,12179
0.225,12178
0.225,12177
0.225,12176
0.225,12175
0.225,12174
0.226,12173
0.226,12172
0.226,12171
0.226,12170
0.226,12169
0.226,12168
0.227,12167
0.227,12166
0.227,12165
0.227,12164
0.227,12163
0.227,12162
0.227,12161
0.228,12160
0.228,12159
0.228,12158
0.228,12157
0.228,12156
0.229,12155
0.229,12154
0.229,12153
0.229,12152
0.229,12151
0.229,12150
0.23,12149
0.23,12148
0.23,12147
0.23,12146
0.23,12145
0.23,12144
0.23,12143
0.23,12142
0.23,12141
0.231,12140
0.231,12139
0.231,12138
0.231,12137
0.231,12136
0.231,12135
0.231,12134
0.231,12133
0.232,12132
0.232,12131
0.232,12130
0.232,12129
0.232,12128
0.232,12127
0.232,12126
0.232,12125
0.232,12124
0.232,12123
0.232,12122
0.233,12121
0.233,12120
0.233,12119
0.233,12118
0.233,12117
0.233,12116
0.233,12115
0.234,12114
0.234,12113
0.234,12112
0.234,12111
0.234,12110
0.235,12109
0.235,12108
0.235,12107
0.235,12106
0.235,12105
0.235,12104
0.235,12103
0.235,12102
0.235,12101
0.236,12100
0.236,12099
0.236,12098
0.237,12097
0.237,12096
0.237,12095
0.237,12094
0.237,12093
0.237,12092
0.237,12091
0.238,12090
0.238,12089
0.238,12088
0.238,12087
0.238,12086
0.238,12085
0.238,12084
0.238,12083
0.239,12082
0.239,12081
0.239,12080
0.239,12079
0.239,12078
0.239,12077
0.239,12076
0.239,12075
0.239,12074
0.239,12073
0.239,12072
0.239,12071
0.239,12070
0.24,12069
0.24,12068
0.24,12067
0.24,12066
0.24,12065
0.24,12064
0.24,12063
0.241,12062
0.241,12061
0.241,12060
0.241,12059
0.241,12058
0.241,12057
0.242,12056
0.242,12055
0.242,12054
0.242,12053
0.242,12052
0.242,12051
0.243,12050
0.243,12049
0.243,12048
0.243,12047
0.243,12046
0.243,12045
0.243,12044
0.244,12043
0.244,12042
0.244,12041
0.244,12040
0.244,12039
0.244,12038
0.244,12037
0.244,12036
0.244,12035
0.245,12034
0.245,12033
0.245,12032
0.245,12031
0.245,12030
0.245,12029
0.245,12028
0.245,12027
0.246,12026
0.246,12025
0.246,12024
0.246,12023
0.246,12022
0.246,12021
0.246,12020
0.246,12019
0.247,12018
0.247,12017
0.247,12016
0.247,12015
0.247,12014
0.247,12013
0.247,12012
0.248,12011
0.248,12010
0.248,12009
0.248,12008
0.248,12007
0.249,12006
0.249,12005
0.249,12004
0.249,12003
0.249,12002
0.249,12001
0.249,12000
0.249,11999
0.25,11998
0.25,11997
0.25,11996
0.25,11995
0.25,11994
0.251,11993
0.251,11992
0.251,11991
0.251,11990
0.251,11989
0.251,11988
0.251,11987
0.251,11986
0.251,11985
0.251,11984
0.251,11983
0.252,11982
0.252,11981
0.252,11980
0.252,11979
0.252,11978
0.252,11977
0.252,11976
0.252,11975
0.253,11974
0.253,11973
0.253,11972
0.253,11971
0.253,11970
0.253,11969
0.254,11968
0.254,11967
0.254,11966
0.254,11965
0.254,11964
0.254,11963
0.254,11962
0.255,11961
0.255,11960
0.255,11959
0.255,11958
0.255,11957
0.256,11956
0.256,11955
0.256,11954
0.256,11953
0.256,11952
0.256,11951
0.256,11950
0.257,11949
0.257,11948
0.257,11947
0.257,11946
0.257,11945
0.258,11944
0.258,11943
0.258,11942
0.258,11941
0.258,11940
0.258,11939
0.258,11938
0.258,11937
0.258,11936
0.259,11935
0.259,11934
0.259,11933
0.259,11932
0.26,11931
0.26,11930
0.26,11929
0.26,11928
0.26,11927
0.26,11926
0.26,11925
0.26,11924
0.26,11923
0.261,11922
0.261,11921
0.261,11920
0.261,11919
0.261,11918
0.261,11917
0.262,11916
0.262,11915
0.262,11914
0.262,11913
0.262,11912
0.262,11911
0.262,11910
0.262,11909
0.262,11908
0.263,11907
0.263,11906
0.263,11905
0.263,11904
0.263,11903
0.263,11902
0.263,11901
0.263,11900
0.264,11899
0.264,11898
0.264,11897
0.264,11896
0.264,11895
0.264,11894
0.264,11893
0.264,11892
0.264,11891
0.265,11890
0.265,11889
0.265,11888
0.265,11887
0.265,11886
0.265,11885
0.265,11884
0.265,11883
0.265,11882
0.266,11881
0.266,11880
0.266,11879
0.266,11878
0.266,11877
0.266,11876
0.266,11875
0.267,11874
0.267,11873
0.267,11872
0.268,11871
0.268,11870
0.268,11869
0.268,11868
0.268,11867
0.268,11866
0.268,11865
0.268,11864
0.269,11863
0.269,11862
0.269,11861
0.269,11860
0.269,11859
0.27,11858
0.27,11857
0.27,11856
0.27,11855
0.27,11854
0.27,11853
0.27,11852
0.271,11851
0.271,11850
0.271,11849
0.271,11848
0.271,11847
0.271,11846
0.271,11845
0.271,11844
0.272,11843
0.272,11842
0.272,11841
0.272,11840
0.272,11839
0.272,11838
0.272,11837
0.273,11836
0.273,11835
0.273,11834
0.273,11833
0.273,11832
0.274,11831
0.274,11830
0.274,11829
0.274,11828
0.274,11827
0.275,11826
0.275,11825
0.275,11824
0.275,11823
0.275,11822
0.276,11821
0.276,11820
0.276,11819
0.276,11818
0.277,11817
0.277,11816
0.277,11815
0.277,11814
0.278,11813
0.278,11812
0.278,11811
0.278,11810
0.278,11809
0.278,11808
0.278,11807
0.278,11806
0.278,11805
0.278,11804
0.279,11803
0.279,11802
0.279,11801
0.279,11800
0.279,11799
0.279,11798
0.279,11797
0.279,11796
0.28,11795
0.28,11794
0.28,11793
0.28,11792
0.28,11791
0.28,11790
0.281,11789
0.281,11788
0.281,11787
0.281,11786
0.281,11785
0.281,11784
0.281,11783
0.282,11782
0.282,11781
0.282,11780
0.282,11779
0.282,11778
0.282,11777
0.282,11776
0.282,11775
0.282,11774
0.282,11773
0.283,11772
0.283,11771
0.283,11770
0.283,11769
0.283,11768
0.283,11767
0.283,11766
0.283,11765
0.283,11764
0.284,11763
0.284,11762
0.284,11761
0.284,11760
0.284,11759
0.284,11758
0.284,11757
0.284,11756
0.284,11755
0.285,11754
0.285,11753
0.285,11752
0.285,11751
0.285,11750
0.285,11749
0.286,11748
0.286,11747
0.286,11746
0.286,11745
0.286,11744
0.286,11743
0.286,11742
0.287,11741
0.287,11740
0.287,11739
0.287,11738
0.287,11737
0.287,11736
0.287,11735
0.287,11734
0.287,11733
0.287,11732
0.288,11731
0.288,11730
0.288,11729
0.288,11728
0.288,11727
0.288,11726
0.288,11725
0.289,11724
0.289,11723
0.289,11722
0.29,11721
0.29,11720
0.29,11719
0.29,11718
0.29,11717
0.29,11716
0.29,11715
0.291,11714
0.291,11713
0.291,11712
0.291,11711
0.291,11710
0.291,11709
0.291,11708
0.292,11707
0.292,11706
0.292,11705
0.292,11704
0.292,11703
0.293,11702
0.293,11701
0.293,11700
0.293,11699
0.293,11698
0.293,11697
0.293,11696
0.294,11695
0.294,11694
0.294,11693
0.294,11692
0.295,11691
0.295,11690
0.295,11689
0.295,11688
0.296,11687
0.296,11686
0.296,11685
0.297,11684
0.297,11683
0.297,11682
0.297,11681
0.297,11680
0.298,11679
0.298,11678
0.298,11677
0.299,11676
0.299,11675
0.299,11674
0.299,11673
0.299,11672
0.299,11671
0.299,11670
0.3,11669
0.3,11668
0.3,11667
0.3,11666
0.3,11665
0.3,11664
0.3,11663
0.301,11662
0.301,11661
0.301,11660
0.301,11659
0.301,11658
0.301,11657
0.301,11656
0.301,11655
0.301,11654
0.301,11653
0.302,11652
0.302,11651
0.302,11650
0.302,11649
0.303,11648
0.303,11647
0.303,11646
0.303,11645
0.303,11644
0.303,11643
0.303,11642
0.304,11641
0.304,11640
0.304,11639
0.304,11638
0.304,11637
0.304,11636
0.304,11635
0.304,11634
0.304,11633
0.304,11632
0.305,11631
0.305,11630
0.305,11629
0.305,11628
0.305,11627
0.306,11626
0.306,11625
0.306,11624
0.306,11623
0.306,11622
0.306,11621
0.306,11620
0.306,11619
0.306,11618
0.307,11617
0.307,11616
0.307,11615
0.307,11614
0.307,11613
0.307,11612
0.307,11611
0.308,11610
0.308,11609
0.308,11608
0.308,11607
0.308,11606
0.308,11605
0.309,11604
0.309,11603
0.31,11602
0.31,11601
0.31,11600
0.31,11599
0.31,11598
0.31,11597
0.31,11596
0.31,11595
0.31,11594
0.311,11593
0.311,11592
0.311,11591
0.311,11590
0.311,11589
0.311,11588
0.311,11587
0.311,11586
0.311,11585
0.312,11584
0.312,11583
0.312,11582
0.312,11581
0.312,11580
0.312,11579
0.312,11578
0.312,11577
0.313,11576
0.313,11575
0.313,11574
0.313,11573
0.313,11572
0.314,11571
0.314,11570
0.314,11569
0.314,11568
0.314,11567
0.314,11566
0.314,11565
0.315,11564
0.315,11563
0.315,11562
0.315,11561
0.315,11560
0.315,11559
0.315,11558
0.315,11557
0.316,11556
0.316,11555
0.316,11554
0.316,11553
0.316,11552
0.316,11551
0.316,11550
0.316,11549
0.317,11548
0.317,11547
0.317,11546
0.317,11545
0.317,11544
0.317,11543
0.318,11542
0.318,11541
0.318,11540
0.318,11539
0.318,11538
0.318,11537
0.318,11536
0.318,11535
0.318,11534
0.318,11533
0.319,11532
0.319,11531
0.319,11530
0.319,11529
0.319,11528
0.319,11527
0.319,11526
0.319,11525
0.32,11524
0.32,11523
0.32,11522
0.32,11521
0.32,11520
0.32,11519
0.32,11518
0.32,11517
0.32,11516
0.321,11515
0.321,11514
0.321,11513
0.321,11512
0.321,11511
0.321,11510
0.321,11509
0.321,11508
0.322,11507
0.322,11506
0.322,11505
0.322,11504
0.322,11503
0.323,11502
0.323,11501
0.323,11500
0.323,11499
0.324,11498
0.324,11497
0.324,11496
0.325,11495
0.325,11494
0.326,11493
0.326,11492
0.326,11491
0.326,11490
0.326,11489
0.327,11488
0.327,11487
0.327,11486
0.328,11485
0.328,11484
0.328,11483
0.328,11482
0.328,11481
0.328,11480
0.328,11479
0.328,11478
0.329,11477
0.329,11476
0.329,11475
0.329,11474
0.329,11473
0.329,11472
0.329,11471
0.33,11470
0.337,11469
0.337,11468
0.337,11467
0.337,11466
0.337,11465
0.338,11464
0.338,11463
0.338,11462
0.338,11461
0.338,11460
0.338,11459
0.338,11458
0.338,11457
0.338,11456
0.338,11455
0.339,11454
0.339,11453
0.339,11452
0.339,11451
0.339,11450
0.339,11449
0.339,11448
0.339,11447
0.34,11446
0.34,11445
0.34,11444
0.34,11443
0.34,11442
0.34,11441
0.34,11440
0.34,11439
0.34,11438
0.341,11437
0.341,11436
0.341,11435
0.341,11434
0.341,11433
0.341,11432
0.341,11431
0.341,11430
0.342,11429
0.342,11428
0.342,11427
0.342,11426
0.342,11425
0.342,11424
0.342,11423
0.342,11422
0.342,11421
0.343,11420
0.343,11419
0.343,11418
0.343,11417
0.343,11416
0.343,11415
0.343,11414
0.344,11413
0.344,11412
0.344,11411
0.344,11410
0.344,11409
0.344,11408
0.344,11407
0.344,11406
0.344,11405
0.344,11404
0.344,11403
0.345,11402
0.345,11401
0.345,11400
0.345,11399
0.345,11398
0.345,11397
0.345,11396
0.345,11395
0.345,11394
0.346,11393
0.346,11392
0.346,11391
0.346,11390
0.346,11389
0.346,11388
0.346,11387
0.346,11386
0.347,11385
0.347,11384
0.347,11383
0.347,11382
0.347,11381
0.347,11380
0.347,11379
0.347,11378
0.347,11377
0.347,11376
0.348,11375
0.348,11374
0.348,11373
0.348,11372
0.349,11371
0.349,11370
0.349,11369
0.349,11368
0.349,11367
0.349,11366
0.349,11365
0.349,11364
0.349,11363
0.35,11362
0.35,11361
0.35,11360
0.35,11359
0.351,11358
0.351,11357
0.351,11356
0.351,11355
0.351,11354
0.351,11353
0.351,11352
0.351,11351
0.351,11350
0.351,11349
0.352,11348
0.352,11347
0.352,11346
0.352,11345
0.352,11344
0.352,11343
0.353,11342
0.353,11341
0.353,11340
0.353,11339
0.353,11338
0.353,11337
0.353,11336
0.353,11335
0.353,11334
0.353,11333
0.354,11332
0.354,11331
0.354,11330
0.354,11329
0.354,11328
0.354,11327
0.354,11326
0.354,11325
0.354,11324
0.354,11323
0.355,11322
0.355,11321
0.355,11320
0.355,11319
0.355,11318
0.355,11317
0.356,11316
0.356,11315
0.356,11314
0.356,11313
0.356,11312
0.356,11311
0.357,11310
0.357,11309
0.358,11308
0.358,11307
0.358,11306
0.358,11305
0.358,11304
0.358,11303
0.359,11302
0.359,11301
0.359,11300
0.359,11299
0.359,11298
0.359,11297
0.359,11296
0.359,11295
0.36,11294
0.36,11293
0.36,11292
0.36,11291
0.36,11290
0.361,11289
0.361,11288
0.361,11287
0.361,11286
0.361,11285
0.361,11284
0.361,11283
0.361,11282
0.361,11281
0.362,11280
0.362,11279
0.362,11278
0.362,11277
0.362,11276
0.362,11275
0.362,11274
0.362,11273
0.363,11272
0.363,11271
0.363,11270
0.363,11269
0.363,11268
0.363,11267
0.363,11266
0.363,11265
0.363,11264
0.364,11263
0.364,11262
0.364,11261
0.364,11260
0.364,11259
0.364,11258
0.364,11257
0.365,11256
0.365,11255
0.365,11254
0.365,11253
0.365,11252
0.366,11251
0.366,11250
0.366,11249
0.366,11248
0.366,11247
0.366,11246
0.367,11245
0.367,11244
0.367,11243
0.367,11242
0.367,11241
0.367,11240
0.367,11239
0.367,11238
0.368,11237
0.368,11236
0.368,11235
0.368,11234
0.368,11233
0.368,11232
0.369,11231
0.369,11230
0.369,11229
0.369,11228
0.37,11227
0.37,11226
0.37,11225
0.37,11224
0.37,11223
0.37,11222
0.37,11221
0.371,11220
0.371,11219
0.371,11218
0.371,11217
0.371,11216
0.371,11215
0.371,11214
0.372,11213
0.372,11212
0.372,11211
0.372,11210
0.372,11209
0.372,11208
0.372,11207
0.373,11206
0.373,11205
0.373,11204
0.373,11203
0.374,11202
0.374,11201
0.374,11200
0.374,11199
0.375,11198
0.375,11197
0.376,11196
0.376,11195
0.376,11194
0.376,11193
0.376,11192
0.377,11191
0.377,11190
0.377,11189
0.377,11188
0.377,11187
0.377,11186
0.377,11185
0.377,11184
0.378,11183
0.378,11182
0.378,11181
0.378,11180
0.379,11179
0.379,11178
0.379,11177
0.38,11176
0.38,11175
0.38,11174
0.38,11173
0.38,11172
0.381,11171
0.381,11170
0.381,11169
0.381,11168
0.382,11167
0.382,11166
0.382,11165
0.382,11164
0.382,11163
0.383,11162
0.383,11161
0.383,11160
0.383,11159
0.383,11158
0.383,11157
0.383,11156
0.384,11155
0.384,11154
0.384,11153
0.384,11152
0.384,11151
0.384,11150
0.385,11149
0.385,11148
0.385,11147
0.385,11146
0.385,11145
0.386,11144
0.386,11143
0.386,11142
0.386,11141
0.386,11140
0.386,11139
0.386,11138
0.387,11137
0.387,11136
0.387,11135
0.387,11134
0.387,11133
0.387,11132
0.387,11131
0.388,11130
0.388,11129
0.388,11128
0.388,11127
0.388,11126
0.388,11125
0.388,11124
0.388,11123
0.388,11122
0.388,11121
0.389,11120
0.389,11119
0.389,11118
0.389,11117
0.389,11116
0.389,11115
0.389,11114
0.389,11113
0.39,11112
0.39,11111
0.39,11110
0.39,11109
0.39,11108
0.39,11107
0.39,11106
0.391,11105
0.391,11104
0.391,11103
0.391,11102
0.391,11101
0.391,11100
0.391,11099
0.391,11098
0.392,11097
0.392,11096
0.392,11095
0.392,11094
0.392,11093
0.392,11092
0.392,11091
0.393,11090
0.393,11089
0.393,11088
0.393,11087
0.393,11086
0.393,11085
0.394,11084
0.394,11083
0.394,11082
0.394,11081
0.394,11080
0.395,11079
0.395,11078
0.395,11077
0.395,11076
0.395,11075
0.395,11074
0.396,11073
0.396,11072
0.396,11071
0.396,11070
0.396,11069
0.396,11068
0.396,11067
0.397,11066
0.397,11065
0.397,11064
0.397,11063
0.397,11062
0.397,11061
0.398,11060
0.398,11059
0.398,11058
0.398,11057
0.398,11056
0.399,11055
0.399,11054
0.399,11053
0.399,11052
0.399,11051
0.399,11050
0.399,11049
0.4,11048
0.4,11047
0.4,11046
0.4,11045
0.4,11044
0.4,11043
0.4,11042
0.401,11041
0.401,11040
0.401,11039
0.401,11038
0.401,11037
0.401,11036
0.401,11035
0.401,11034
0.402,11033
0.402,11032
0.402,11031
0.402,11030
0.402,11029
0.402,11028
0.402,11027
0.402,11026
0.403,11025
0.403,11024
0.403,11023
0.403,11022
0.403,11021
0.403,11020
0.404,11019
0.404,11018
0.404,11017
0.404,11016
0.404,11015
0.404,11014
0.405,11013
0.405,11012
0.405,11011
0.405,11010
0.405,11009
0.405,11008
0.405,11007
0.405,11006
0.406,11005
0.406,11004
0.406,11003
0.406,11002
0.406,11001
0.406,11000
0.406,10999
0.407,10998
0.407,10997
0.407,10996
0.407,10995
0.407,10994
0.407,10993
0.408,10992
0.408,10991
0.408,10990
0.408,10989
0.408,10988
0.408,10987
0.408,10986
0.408,10985
0.409,10984
0.409,10983
0.409,10982
0.409,10981
0.409,10980
0.409,10979
0.409,10978
0.409,10977
0.409,10976
0.41,10975
0.41,10974
0.41,10973
0.41,10972
0.41,10971
0.41,10970
0.41,10969
0.41,10968
0.411,10967
0.411,10966
0.411,10965
0.411,10964
0.411,10963
0.412,10962
0.412,10961
0.412,10960
0.412,10959
0.412,10958
0.412,10957
0.413,10956
0.413,10955
0.413,10954
0.413,10953
0.413,10952
0.413,10951
0.413,10950
0.414,10949
0.414,10948
0.414,10947
0.415,10946
0.415,10945
0.415,10944
0.415,10943
0.415,10942
0.415,10941
0.415,10940
0.416,10939
0.416,10938
0.416,10937
0.416,10936
0.416,10935
0.416,10934
0.417,10933
0.417,10932
0.417,10931
0.417,10930
0.417,10929
0.417,10928
0.417,10927
0.418,10926
0.418,10925
0.418,10924
0.418,10923
0.418,10922
0.418,10921
0.418,10920
0.419,10919
0.419,10918
0.419,10917
0.419,10916
0.419,10915
0.419,10914
0.419,10913
0.419,10912
0.42,10911
0.42,10910
0.42,10909
0.42,10908
0.42,10907
0.421,10906
0.421,10905
0.421,10904
0.421,10903
0.421,10902
0.422,10901
0.422,10900
0.422,10899
0.422,10898
0.423,10897
0.423,10896
0.423,10895
0.423,10894
0.423,10893
0.423,10892
0.423,10891
0.423,10890
0.424,10889
0.424,10888
0.424,10887
0.424,10886
0.424,10885
0.424,10884
0.424,10883
0.425,10882
0.426,10881
0.426,10880
0.426,10879
0.426,10878
0.426,10877
0.426,10876
0.426,10875
0.427,10874
0.427,10873
0.427,10872
0.427,10871
0.427,10870
0.427,10869
0.427,10868
0.427,10867
0.427,10866
0.428,10865
0.428,10864
0.429,10863
0.429,10862
0.43,10861
0.43,10860
0.43,10859
0.43,10858
0.43,10857
0.43,10856
0.43,10855
0.43,10854
0.431,10853
0.431,10852
0.431,10851
0.431,10850
0.431,10849
0.431,10848
0.431,10847
0.432,10846
0.432,10845
0.432,10844
0.432,10843
0.432,10842
0.432,10841
0.432,10840
0.433,10839
0.433,10838
0.433,10837
0.433,10836
0.433,10835
0.433,10834
0.433,10833
0.434,10832
0.434,10831
0.434,10830
0.434,10829
0.434,10828
0.434,10827
0.434,10826
0.434,10825
0.434,10824
0.434,10823
0.435,10822
0.435,10821
0.435,10820
0.435,10819
0.436,10818
0.436,10817
0.436,10816
0.436,10815
0.436,10814
0.436,10813
0.436,10812
0.437,10811
0.437,10810
0.437,10809
0.437,10808
0.437,10807
0.437,10806
0.437,10805
0.437,10804
0.437,10803
0.437,10802
0.437,10801
0.438,10800
0.438,10799
0.438,10798
0.438,10797
0.438,10796
0.439,10795
0.439,10794
0.439,10793
0.439,10792
0.439,10791
0.439,10790
0.439,10789
0.439,10788
0.439,10787
0.439,10786
0.439,10785
0.44,10784
0.44,10783
0.44,10782
0.44,10781
0.44,10780
0.441,10779
0.441,10778
0.441,10777
0.441,10776
0.441,10775
0.441,10774
0.441,10773
0.442,10772
0.442,10771
0.442,10770
0.442,10769
0.442,10768
0.442,10767
0.443,10766
0.443,10765
0.443,10764
0.443,10763
0.443,10762
0.443,10761
0.443,10760
0.443,10759
0.444,10758
0.444,10757
0.444,10756
0.444,10755
0.444,10754
0.444,10753
0.444,10752
0.444,10751
0.445,10750
0.445,10749
0.445,10748
0.445,10747
0.445,10746
0.445,10745
0.445,10744
0.445,10743
0.445,10742
0.445,10741
0.446,10740
0.446,10739
0.446,10738
0.446,10737
0.454,10736
0.454,10735
0.454,10734
0.454,10733
0.454,10732
0.455,10731
0.455,10730
0.455,10729
0.455,10728
0.455,10727
0.455,10726
0.455,10725
0.456,10724
0.456,10723
0.456,10722
0.456,10721
0.456,10720
0.456,10719
0.456,10718
0.456,10717
0.456,10716
0.456,10715
0.457,10714
0.457,10713
0.457,10712
0.457,10711
0.457,10710
0.457,10709
0.457,10708
0.457,10707
0.458,10706
0.458,10705
0.458,10704
0.458,10703
0.458,10702
0.458,10701
0.458,10700
0.459,10699
0.459,10698
0.459,10697
0.459,10696
0.459,10695
0.459,10694
0.459,10693
0.459,10692
0.46,10691
0.46,10690
0.46,10689
0.46,10688
0.46,10687
0.46,10686
0.46,10685
0.461,10684
0.461,10683
0.461,10682
0.461,10681
0.461,10680
0.462,10679
0.462,10678
0.462,10677
0.462,10676
0.462,10675
0.463,10674
0.463,10673
0.463,10672
0.463,10671
0.464,10670
0.464,10669
0.464,10668
0.464,10667
0.464,10666
0.464,10665
0.464,10664
0.464,10663
0.465,10662
0.465,10661
0.465,10660
0.465,10659
0.465,10658
0.465,10657
0.466,10656
0.466,10655
0.466,10654
0.466,10653
0.467,10652
0.467,10651
0.467,10650
0.467,10649
0.467,10648
0.467,10647
0.467,10646
0.467,10645
0.467,10644
0.467,10643
0.468,10642
0.468,10641
0.468,10640
0.468,10639
0.468,10638
0.468,10637
0.468,10636
0.468,10635
0.469,10634
0.469,10633
0.469,10632
0.469,10631
0.469,10630
0.469,10629
0.469,10628
0.47,10627
0.47,10626
0.47,10625
0.47,10624
0.47,10623
0.47,10622
0.47,10621
0.47,10620
0.47,10619
0.471,10618
0.471,10617
0.471,10616
0.471,10615
0.471,10614
0.471,10613
0.471,10612
0.472,10611
0.472,10610
0.472,10609
0.472,10608
0.472,10607
0.472,10606
0.473,10605
0.473,10604
0.473,10603
0.473,10602
0.473,10601
0.473,10600
0.473,10599
0.474,10598
0.474,10597
0.474,10596
0.474,10595
0.474,10594
0.474,10593
0.474,10592
0.475,10591
0.475,10590
0.475,10589
0.475,10588
0.475,10587
0.476,10586
0.476,10585
0.476,10584
0.477,10583
0.477,10582
0.477,10581
0.477,10580
0.477,10579
0.478,10578
0.478,10577
0.478,10576
0.478,10575
0.478,10574
0.478,10573
0.478,10572
0.479,10571
0.479,10570
0.479,10569
0.479,10568
0.479,10567
0.479,10566
0.479,10565
0.479,10564
0.479,10563
0.48,10562
0.48,10561
0.48,10560
0.48,10559
0.48,10558
0.48,10557
0.48,10556
0.48,10555
0.481,10554
0.481,10553
0.481,10552
0.481,10551
0.481,10550
0.481,10549
0.482,10548
0.482,10547
0.482,10546
0.482,10545
0.483,10544
0.483,10543
0.483,10542
0.483,10541
0.483,10540
0.483,10539
0.484,10538
0.484,10537
0.484,10536
0.484,10535
0.484,10534
0.484,10533
0.484,10532
0.484,10531
0.485,10530
0.485,10529
0.485,10528
0.485,10527
0.485,10526
0.486,10525
0.486,10524
0.486,10523
0.486,10522
0.486,10521
0.486,10520
0.487,10519
0.487,10518
0.487,10517
0.487,10516
0.488,10515
0.488,10514
0.488,10513
0.488,10512
0.488,10511
0.488,10510
0.489,10509
0.489,10508
0.489,10507
0.489,10506
0.489,10505
0.489,10504
0.489,10503
0.49,10502
0.49,10501
0.49,10500
0.49,10499
0.49,10498
0.491,10497
0.491,10496
0.491,10495
0.491,10494
0.491,10493
0.492,10492
0.492,10491
0.492,10490
0.492,10489
0.492,10488
0.492,10487
0.492,10486
0.492,10485
0.492,10484
0.493,10483
0.493,10482
0.493,10481
0.493,10480
0.493,10479
0.494,10478
0.494,10477
0.494,10476
0.494,10475
0.494,10474
0.494,10473
0.494,10472
0.494,10471
0.494,10470
0.495,10469
0.495,10468
0.495,10467
0.495,10466
0.496,10465
0.496,10464
0.496,10463
0.496,10462
0.496,10461
0.496,10460
0.496,10459
0.496,10458
0.496,10457
0.496,10456
0.497,10455
0.497,10454
0.497,10453
0.497,10452
0.497,10451
0.498,10450
0.498,10449
0.498,10448
0.498,10447
0.498,10446
0.498,10445
0.498,10444
0.499,10443
0.499,10442
0.499,10441
0.499,10440
0.499,10439
0.499,10438
0.499,10437
0.499,10436
0.499,10435
0.5,10434
0.5,10433
0.5,10432
0.5,10431
0.5,10430
0.5,10429
0.501,10428
0.501,10427
0.501,10426
0.502,10425
0.502,10424
0.502,10423
0.502,10422
0.502,10421
0.502,10420
0.503,10419
0.503,10418
0.503,10417
0.503,10416
0.503,10415
0.503,10414
0.503,10413
0.503,10412
0.503,10411
0.503,10410
0.504,10409
0.504,10408
0.504,10407
0.504,10406
0.504,10405
0.504,10404
0.504,10403
0.504,10402
0.505,10401
0.505,10400
0.505,10399
0.505,10398
0.505,10397
0.505,10396
0.505,10395
0.505,10394
0.505,10393
0.505,10392
0.506,10391
0.506,10390
0.506,10389
0.506,10388
0.506,10387
0.506,10386
0.506,10385
0.506,10384
0.506,10383
0.506,10382
0.507,10381
0.507,10380
0.507,10379
0.507,10378
0.507,10377
0.507,10376
0.507,10375
0.507,10374
0.507,10373
0.507,10372
0.508,10371
0.508,10370
0.508,10369
0.508,10368
0.508,10367
0.508,10366
0.508,10365
0.508,10364
0.509,10363
0.509,10362
0.509,10361
0.509,10360
0.509,10359
0.509,10358
0.509,10357
0.509,10356
0.51,10355
0.51,10354
0.51,10353
0.51,10352
0.51,10351
0.51,10350
0.51,10349
0.511,10348
0.511,10347
0.511,10346
0.511,10345
0.511,10344
0.511,10343
0.511,10342
0.511,10341
0.511,10340
0.512,10339
0.512,10338
0.512,10337
0.512,10336
0.512,10335
0.512,10334
0.512,10333
0.512,10332
0.513,10331
0.513,10330
0.513,10329
0.513,10328
0.513,10327
0.513,10326
0.513,10325
0.514,10324
0.514,10323
0.514,10322
0.514,10321
0.514,10320
0.514,10319
0.514,10318
0.515,10317
0.515,10316
0.515,10315
0.515,10314
0.515,10313
0.515,10312
0.515,10311
0.515,10310
0.516,10309
0.516,10308
0.516,10307
0.516,10306
0.516,10305
0.516,10304
0.516,10303
0.516,10302
0.516,10301
0.516,10300
0.517,10299
0.517,10298
0.517,10297
0.517,10296
0.517,10295
0.517,10294
0.517,10293
0.517,10292
0.518,10291
0.518,10290
0.518,10289
0.518,10288
0.518,10287
0.518,10286
0.519,10285
0.519,10284
0.519,10283
0.52,10282
0.52,10281
0.52,10280
0.52,10279
0.521,10278
0.521,10277
0.521,10276
0.521,10275
0.521,10274
0.521,10273
0.521,10272
0.521,10271
0.521,10270
0.522,10269
0.522,10268
0.522,10267
0.522,10266
0.522,10265
0.523,10264
0.523,10263
0.523,10262
0.523,10261
0.523,10260
0.523,10259
0.523,10258
0.523,10257
0.523,10256
0.523,10255
0.523,10254
0.524,10253
0.524,10252
0.524,10251
0.524,10250
0.524,10249
0.525,10248
0.525,10247
0.525,10246
0.525,10245
0.525,10244
0.525,10243
0.525,10242
0.525,10241
0.525,10240
0.526,10239
0.526,10238
0.526,10237
0.526,10236
0.527,10235
0.527,10234
0.527,10233
0.527,10232
0.527,10231
0.527,10230
0.527,10229
0.528,10228
0.528,10227
0.528,10226
0.528,10225
0.528,10224
0.528,10223
0.528,10222
0.529,10221
0.529,10220
0.529,10219
0.529,10218
0.529,10217
0.529,10216
0.529,10215
0.53,10214
0.53,10213
0.53,10212
0.53,10211
0.53,10210
0.53,10209
0.53,10208
0.53,10207
0.53,10206
0.53,10205
0.531,10204
0.531,10203
0.531,10202
0.531,10201
0.531,10200
0.531,10199
0.531,10198
0.531,10197
0.532,10196
0.532,10195
0.532,10194
0.532,10193
0.532,10192
0.532,10191
0.532,10190
0.533,10189
0.533,10188
0.533,10187
0.533,10186
0.533,10185
0.533,10184
0.533,10183
0.533,10182
0.533,10181
0.534,10180
0.534,10179
0.534,10178
0.534,10177
0.534,10176
0.534,10175
0.534,10174
0.534,10173
0.534,10172
0.535,10171
0.535,10170
0.536,10169
0.536,10168
0.536,10167
0.536,10166
0.536,10165
0.536,10164
0.537,10163
0.537,10162
0.537,10161
0.537,10160
0.537,10159
0.537,10158
0.538,10157
0.538,10156
0.538,10155
0.538,10154
0.538,10153
0.538,10152
0.539,10151
0.539,10150
0.539,10149
0.539,10148
0.539,10147
0.539,10146
0.54,10145
0.54,10144
0.54,10143
0.54,10142
0.541,10141
0.541,10140
0.541,10139
0.541,10138
0.541,10137
0.541,10136
0.541,10135
0.542,10134
0.542,10133
0.542,10132
0.542,10131
0.542,10130
0.543,10129
0.543,10128
0.543,10127
0.543,10126
0.543,10125
0.543,10124
0.543,10123
0.543,10122
0.544,10121
0.544,10120
0.544,10119
0.544,10118
0.544,10117
0.544,10116
0.544,10115
0.545,10114
0.545,10113
0.545,10112
0.545,10111
0.545,10110
0.546,10109
0.546,10108
0.546,10107
0.546,10106
0.546,10105
0.546,10104
0.546,10103
0.546,10102
0.546,10101
0.546,10100
0.547,10099
0.547,10098
0.547,10097
0.547,10096
0.547,10095
0.548,10094
0.548,10093
0.548,10092
0.548,10091
0.548,10090
0.548,10089
0.548,10088
0.548,10087
0.549,10086
0.549,10085
0.549,10084
0.549,10083
0.549,10082
0.55,10081
0.55,10080
0.55,10079
0.55,10078
0.55,10077
0.55,10076
0.551,10075
0.551,10074
0.551,10073
0.551,10072
0.551,10071
0.552,10070
0.552,10069
0.552,10068
0.552,10067
0.552,10066
0.552,10065
0.553,10064
0.553,10063
0.553,10062
0.553,10061
0.553,10060
0.553,10059
0.553,10058
0.553,10057
0.554,10056
0.554,10055
0.554,10054
0.554,10053
0.554,10052
0.554,10051
0.554,10050
0.554,10049
0.554,10048
0.554,10047
0.555,10046
0.555,10045
0.555,10044
0.555,10043
0.555,10042
0.555,10041
0.555,10040
0.555,10039
0.555,10038
0.555,10037
0.556,10036
0.556,10035
0.556,10034
0.556,10033
0.556,10032
0.556,10031
0.556,10030
0.557,10029
0.557,10028
0.557,10027
0.557,10026
0.557,10025
0.557,10024
0.558,10023
0.558,10022
0.558,10021
0.558,10020
0.558,10019
0.558,10018
0.558,10017
0.558,10016
0.558,10015
0.558,10014
0.558,10013
0.559,10012
0.559,10011
0.559,10010
0.559,10009
0.559,10008
0.559,10007
0.56,10006
0.56,10005
0.56,10004
0.56,10003
0.56,10002
0.56,10001
0.561,10000
0.561,9999
0.561,9998
0.562,9997
0.562,9996
0.563,9995
0.563,9994
0.563,9993
0.564,9992
0.564,9991
0.564,9990
0.564,9989
0.564,9988
0.565,9987
0.565,9986
0.566,9985
0.566,9984
0.566,9983
0.566,9982
0.566,9981
0.567,9980
0.567,9979
0.567,9978
0.567,9977
0.567,9976
0.567,9975
0.568,9974
0.568,9973
0.568,9972
0.569,9971
0.569,9970
0.569,9969
0.569,9968
0.569,9967
0.569,9966
0.569,9965
0.57,9964
0.57,9963
0.57,9962
0.57,9961
0.571,9960
0.571,9959
0.571,9958
0.571,9957
0.571,9956
0.571,9955
0.571,9954
0.572,9953
0.572,9952
0.572,9951
0.573,9950
0.573,9949
0.573,9948
0.573,9947
0.574,9946
0.574,9945
0.574,9944
0.574,9943
0.574,9942
0.574,9941
0.574,9940
0.575,9939
0.575,9938
0.575,9937
0.575,9936
0.575,9935
0.575,9934
0.575,9933
0.575,9932
0.575,9931
0.576,9930
0.576,9929
0.576,9928
0.576,9927
0.576,9926
0.576,9925
0.576,9924
0.577,9923
0.577,9922
0.577,9921
0.577,9920
0.577,9919
0.577,9918
0.577,9917
0.578,9916
0.578,9915
0.578,9914
0.578,9913
0.578,9912
0.578,9911
0.578,9910
0.578,9909
0.578,9908
0.578,9907
0.578,9906
0.578,9905
0.578,9904
0.579,9903
0.579,9902
0.579,9901
0.579,9900
0.579,9899
0.579,9898
0.579,9897
0.579,9896
0.58,9895
0.58,9894
0.58,9893
0.58,9892
0.58,9891
0.58,9890
0.581,9889
0.581,9888
0.581,9887
0.581,9886
0.581,9885
0.581,9884
0.581,9883
0.581,9882
0.582,9881
0.582,9880
0.582,9879
0.582,9878
0.582,9877
0.582,9876
0.582,9875
0.582,9874
0.582,9873
0.583,9872
0.583,9871
0.583,9870
0.583,9869
0.583,9868
0.583,9867
0.583,9866
0.583,9865
0.583,9864
0.583,9863
0.584,9862
0.584,9861
0.584,9860
0.584,9859
0.584,9858
0.584,9857
0.585,9856
0.585,9855
0.585,9854
0.585,9853
0.585,9852
0.585,9851
0.585,9850
0.585,9849
0.586,9848
0.586,9847
0.586,9846
0.586,9845
0.586,9844
0.587,9843
0.587,9842
0.587,9841
0.587,9840
0.587,9839
0.587,9838
0.587,9837
0.587,9836
0.588,9835
0.588,9834
0.588,9833
0.588,9832
0.589,9831
0.589,9830
0.589,9829
0.59,9828
0.59,9827
0.59,9826
0.591,9825
0.591,9824
0.592,9823
0.592,9822
0.592,9821
0.592,9820
0.593,9819
0.593,9818
0.593,9817
0.593,9816
0.593,9815
0.594,9814
0.594,9813
0.594,9812
0.595,9811
0.595,9810
0.595,9809
0.595,9808
0.595,9807
0.596,9806
0.596,9805
0.596,9804
0.596,9803
0.596,9802
0.596,9801
0.596,9800
0.597,9799
0.597,9798
0.597,9797
0.597,9796
0.598,9795
0.598,9794
0.598,9793
0.598,9792
0.598,9791
0.598,9790
0.599,9789
0.599,9788
0.599,9787
0.599,9786
0.6,9785
0.6,9784
0.6,9783
0.601,9782
0.601,9781
0.601,9780
0.601,9779
0.601,9778
0.602,9777
0.602,9776
0.602,9775
0.602,9774
0.602,9773
0.602,9772
0.603,9771
0.603,9770
0.603,9769
0.603,9768
0.603,9767
0.603,9766
0.603,9765
0.604,9764
0.604,9763
0.604,9762
0.604,9761
0.604,9760
0.604,9759
0.604,9758
0.604,9757
0.604,9756
0.605,9755
0.605,9754
0.605,9753
0.605,9752
0.605,9751
0.606,9750
0.606,9749
0.606,9748
0.606,9747
0.606,9746
0.606,9745
0.606,9744
0.607,9743
0.607,9742
0.607,9741
0.607,9740
0.607,9739
0.607,9738
0.607,9737
0.607,9736
0.607,9735
0.608,9734
0.608,9733
0.608,9732
0.608,9731
0.608,9730
0.608,9729
0.609,9728
0.609,9727
0.609,9726
0.609,9725
0.609,9724
0.61,9723
0.61,9722
0.61,9721
0.61,9720
0.61,9719
0.61,9718
0.611,9717
0.611,9716
0.611,9715
0.611,9714
0.611,9713
0.611,9712
0.611,9711
0.612,9710
0.612,9709
0.612,9708
0.612,9707
0.612,9706
0.612,9705
0.612,9704
0.612,9703
0.613,9702
0.613,9701
0.613,9700
0.613,9699
0.613,9698
0.613,9697
0.613,9696
0.614,9695
0.614,9694
0.614,9693
0.614,9692
0.614,9691
0.615,9690
0.615,9689
0.615,9688
0.615,9687
0.615,9686
0.616,9685
0.616,9684
0.616,9683
0.616,9682
0.617,9681
0.617,9680
0.617,9679
0.618,9678
0.618,9677
0.618,9676
0.618,9675
0.618,9674
0.618,9673
0.618,9672
0.619,9671
0.619,9670
0.619,9669
0.619,9668
0.619,9667
0.619,9666
0.62,9665
0.62,9664
0.62,9663
0.62,9662
0.62,9661
0.621,9660
0.621,9659
0.621,9658
0.621,9657
0.622,9656
0.622,9655
0.622,9654
0.622,9653
0.623,9652
0.623,9651
0.624,9650
0.624,9649
0.624,9648
0.624,9647
0.625,9646
0.625,9645
0.625,9644
0.625,9643
0.625,9642
0.625,9641
0.626,9640
0.626,9639
0.626,9638
0.626,9637
0.626,9636
0.627,9635
0.627,9634
0.627,9633
0.627,9632
0.627,9631
0.628,9630
0.628,9629
0.628,9628
0.628,9627
0.628,9626
0.628,9625
0.629,9624
0.629,9623
0.629,9622
0.63,9621
0.63,9620
0.63,9619
0.63,9618
0.631,9617
0.631,9616
0.631,9615
0.631,9614
0.631,9613
0.631,9612
0.632,9611
0.632,9610
0.632,9609
0.632,9608
0.632,9607
0.632,9606
0.633,9605
0.633,9604
0.633,9603
0.633,9602
0.633,9601
0.633,9600
0.634,9599
0.634,9598
0.634,9597
0.634,9596
0.634,9595
0.635,9594
0.635,9593
0.635,9592
0.635,9591
0.635,9590
0.636,9589
0.636,9588
0.636,9587
0.636,9586
0.637,9585
0.637,9584
0.637,9583
0.637,9582
0.637,9581
0.637,9580
0.637,9579
0.637,9578
0.637,9577
0.638,9576
0.638,9575
0.638,9574
0.638,9573
0.638,9572
0.638,9571
0.639,9570
0.639,9569
0.639,9568
0.64,9567
0.64,9566
0.64,9565
0.64,9564
0.64,9563
0.64,9562
0.641,9561
0.641,9560
0.641,9559
0.641,9558
0.641,9557
0.642,9556
0.642,9555
0.642,9554
0.642,9553
0.642,9552
0.643,9551
0.643,9550
0.643,9549
0.643,9548
0.643,9547
0.643,9546
0.643,9545
0.643,9544
0.644,9543
0.644,9542
0.644,9541
0.644,9540
0.644,9539
0.644,9538
0.644,9537
0.644,9536
0.645,9535
0.645,9534
0.645,9533
0.645,9532
0.646,9531
0.646,9530
0.646,9529
0.647,9528
0.647,9527
0.647,9526
0.647,9525
0.647,9524
0.647,9523
0.647,9522
0.648,9521
0.648,9520
0.648,9519
0.648,9518
0.649,9517
0.649,9516
0.649,9515
0.649,9514
0.649,9513
0.65,9512
0.65,9511
0.65,9510
0.65,9509
0.65,9508
0.651,9507
0.651,9506
0.651,9505
0.651,9504
0.651,9503
0.651,9502
0.651,9501
0.651,9500
0.652,9499
0.652,9498
0.652,9497
0.652,9496
0.652,9495
0.652,9494
0.653,9493
0.653,9492
0.653,9491
0.654,9490
0.654,9489
0.654,9488
0.655,9487
0.655,9486
0.655,9485
0.655,9484
0.656,9483
0.656,9482
0.656,9481
0.656,9480
0.657,9479
0.657,9478
0.657,9477
0.657,9476
0.657,9475
0.657,9474
0.658,9473
0.658,9472
0.658,9471
0.658,9470
0.658,9469
0.658,9468
0.658,9467
0.658,9466
0.659,9465
0.659,9464
0.659,9463
0.659,9462
0.659,9461
0.66,9460
0.66,9459
0.66,9458
0.66,9457
0.66,9456
0.661,9455
0.661,9454
0.661,9453
0.662,9452
0.662,9451
0.662,9450
0.662,9449
0.662,9448
0.662,9447
0.663,9446
0.663,9445
0.663,9444
0.663,9443
0.663,9442
0.664,9441
0.664,9440
0.664,9439
0.664,9438
0.664,9437
0.664,9436
0.664,9435
0.664,9434
0.665,9433
0.665,9432
0.665,9431
0.665,9430
0.665,9429
0.665,9428
0.665,9427
0.666,9426
0.666,9425
0.666,9424
0.666,9423
0.666,9422
0.666,9421
0.666,9420
0.667,9419
0.667,9418
0.667,9417
0.667,9416
0.667,9415
0.667,9414
0.667,9413
0.667,9412
0.667,9411
0.668,9410
0.668,9409
0.668,9408
0.668,9407
0.668,9406
0.668,9405
0.668,9404
0.668,9403
0.669,9402
0.669,9401
0.669,9400
0.669,9399
0.669,9398
0.67,9397
0.67,9396
0.67,9395
0.678,9394
0.678,9393
0.678,9392
0.679,9391
0.679,9390
0.679,9389
0.679,9388
0.679,9387
0.679,9386
0.679,9385
0.679,9384
0.679,9383
0.68,9382
0.68,9381
0.68,9380
0.68,9379
0.68,9378
0.68,9377
0.681,9376
0.681,9375
0.681,9374
0.681,9373
0.681,9372
0.681,9371
0.681,9370
0.681,9369
0.681,9368
0.682,9367
0.682,9366
0.682,9365
0.682,9364
0.682,9363
0.683,9362
0.683,9361
0.683,9360
0.683,9359
0.683,9358
0.683,9357
0.684,9356
0.684,9355
0.684,9354
0.684,9353
0.684,9352
0.684,9351
0.685,9350
0.685,9349
0.685,9348
0.685,9347
0.685,9346
0.685,9345
0.685,9344
0.685,9343
0.686,9342
0.686,9341
0.686,9340
0.686,9339
0.686,9338
0.686,9337
0.686,9336
0.687,9335
0.687,9334
0.687,9333
0.687,9332
0.687,9331
0.688,9330
0.688,9329
0.688,9328
0.688,9327
0.688,9326
0.688,9325
0.688,9324
0.689,9323
0.689,9322
0.689,9321
0.69,9320
0.69,9319
0.691,9318
0.691,9317
0.691,9316
0.691,9315
0.691,9314
0.691,9313
0.692,9312
0.692,9311
0.692,9310
0.692,9309
0.692,9308
0.693,9307
0.693,9306
0.693,9305
0.693,9304
0.693,9303
0.693,9302
0.693,9301
0.693,9300
0.693,9299
0.693,9298
0.694,9297
0.694,9296
0.694,9295
0.694,9294
0.695,9293
0.695,9292
0.695,9291
0.695,9290
0.695,9289
0.695,9288
0.696,9287
0.696,9286
0.696,9285
0.696,9284
0.696,9283
0.697,9282
0.697,9281
0.697,9280
0.697,9279
0.697,9278
0.697,9277
0.697,9276
0.697,9275
0.698,9274
0.698,9273
0.698,9272
0.698,9271
0.698,9270
0.698,9269
0.698,9268
0.698,9267
0.699,9266
0.699,9265
0.699,9264
0.699,9263
0.7,9262
0.7,9261
0.701,9260
0.701,9259
0.701,9258
0.701,9257
0.701,9256
0.702,9255
0.702,9254
0.702,9253
0.702,9252
0.702,9251
0.702,9250
0.702,9249
0.702,9248
0.703,9247
0.703,9246
0.703,9245
0.703,9244
0.703,9243
0.704,9242
0.704,9241
0.704,9240
0.704,9239
0.704,9238
0.704,9237
0.704,9236
0.705,9235
0.705,9234
0.705,9233
0.705,9232
0.705,9231
0.705,9230
0.705,9229
0.705,9228
0.706,9227
0.706,9226
0.706,9225
0.706,9224
0.706,9223
0.706,9222
0.707,9221
0.707,9220
0.707,9219
0.707,9218
0.707,9217
0.707,9216
0.707,9215
0.707,9214
0.707,9213
0.708,9212
0.708,9211
0.708,9210
0.708,9209
0.708,9208
0.708,9207
0.708,9206
0.708,9205
0.708,9204
0.709,9203
0.709,9202
0.709,9201
0.709,9200
0.709,9199
0.71,9198
0.71,9197
0.71,9196
0.71,9195
0.71,9194
0.711,9193
0.711,9192
0.711,9191
0.711,9190
0.711,9189
0.711,9188
0.711,9187
0.712,9186
0.712,9185
0.712,9184
0.713,9183
0.713,9182
0.713,9181
0.713,9180
0.713,9179
0.713,9178
0.714,9177
0.714,9176
0.714,9175
0.714,9174
0.715,9173
0.715,9172
0.715,9171
0.715,9170
0.715,9169
0.716,9168
0.716,9167
0.716,9166
0.716,9165
0.716,9164
0.717,9163
0.717,9162
0.717,9161
0.717,9160
0.718,9159
0.718,9158
0.718,9157
0.718,9156
0.719,9155
0.719,9154
0.719,9153
0.719,9152
0.72,9151
0.72,9150
0.72,9149
0.72,9148
0.72,9147
0.721,9146
0.721,9145
0.721,9144
0.721,9143
0.722,9142
0.722,9141
0.722,9140
0.722,9139
0.722,9138
0.722,9137
0.723,9136
0.723,9135
0.723,9134
0.723,9133
0.723,9132
0.723,9131
0.723,9130
0.724,9129
0.724,9128
0.724,9127
0.724,9126
0.724,9125
0.724,9124
0.725,9123
0.725,9122
0.725,9121
0.726,9120
0.726,9119
0.726,9118
0.726,9117
0.726,9116
0.727,9115
0.727,9114
0.727,9113
0.727,9112
0.727,9111
0.727,9110
0.727,9109
0.727,9108
0.727,9107
0.728,9106
0.728,9105
0.728,9104
0.728,9103
0.729,9102
0.729,9101
0.729,9100
0.729,9099
0.73,9098
0.73,9097
0.73,9096
0.73,9095
0.73,9094
0.73,9093
0.73,9092
0.73,9091
0.731,9090
0.731,9089
0.731,9088
0.731,9087
0.731,9086
0.732,9085
0.732,9084
0.732,9083
0.732,9082
0.732,9081
0.732,9080
0.732,9079
0.733,9078
0.733,9077
0.733,9076
0.733,9075
0.733,9074
0.733,9073
0.733,9072
0.733,9071
0.734,9070
0.734,9069
0.734,9068
0.734,9067
0.734,9066
0.734,9065
0.735,9064
0.735,9063
0.735,9062
0.735,9061
0.735,9060
0.735,9059
0.735,9058
0.736,9057
0.736,9056
0.736,9055
0.736,9054
0.736,9053
0.736,9052
0.736,9051
0.737,9050
0.737,9049
0.737,9048
0.737,9047
0.737,9046
0.737,9045
0.738,9044
0.738,9043
0.738,9042
0.738,9041
0.738,9040
0.739,9039
0.739,9038
0.739,9037
0.739,9036
0.739,9035
0.739,9034
0.74,9033
0.74,9032
0.74,9031
0.74,9030
0.741,9029
0.741,9028
0.741,9027
0.741,9026
0.741,9025
0.741,9024
0.741,9023
0.741,9022
0.741,9021
0.742,9020
0.742,9019
0.742,9018
0.742,9017
0.743,9016
0.743,9015
0.743,9014
0.743,9013
0.743,9012
0.743,9011
0.744,9010
0.744,9009
0.744,9008
0.744,9007
0.744,9006
0.744,9005
0.745,9004
0.745,9003
0.745,9002
0.745,9001
0.745,9000
0.745,8999
0.745,8998
0.745,8997
0.745,8996
0.746,8995
0.747,8994
0.747,8993
0.747,8992
0.747,8991
0.747,8990
0.747,8989
0.747,8988
0.748,8987
0.748,8986
0.748,8985
0.748,8984
0.748,8983
0.748,8982
0.748,8981
0.748,8980
0.749,8979
0.749,8978
0.749,8977
0.749,8976
0.749,8975
0.749,8974
0.75,8973
0.75,8972
0.75,8971
0.75,8970
0.75,8969
0.75,8968
0.75,8967
0.751,8966
0.751,8965
0.751,8964
0.751,8963
0.751,8962
0.751,8961
0.751,8960
0.751,8959
0.751,8958
0.752,8957
0.752,8956
0.752,8955
0.752,8954
0.752,8953
0.753,8952
0.753,8951
0.753,8950
0.753,8949
0.753,8948
0.753,8947
0.753,8946
0.753,8945
0.753,8944
0.753,8943
0.754,8942
0.754,8941
0.754,8940
0.754,8939
0.754,8938
0.754,8937
0.754,8936
0.754,8935
0.754,8934
0.754,8933
0.755,8932
0.755,8931
0.755,8930
0.755,8929
0.755,8928
0.755,8927
0.755,8926
0.755,8925
0.755,8924
0.755,8923
0.756,8922
0.756,8921
0.756,8920
0.756,8919
0.756,8918
0.756,8917
0.756,8916
0.756,8915
0.756,8914
0.756,8913
0.756,8912
0.757,8911
0.757,8910
0.757,8909
0.757,8908
0.757,8907
0.758,8906
0.758,8905
0.758,8904
0.758,8903
0.758,8902
0.759,8901
0.759,8900
0.759,8899
0.759,8898
0.759,8897
0.759,8896
0.76,8895
0.76,8894
0.76,8893
0.76,8892
0.761,8891
0.761,8890
0.761,8889
0.761,8888
0.761,8887
0.761,8886
0.761,8885
0.762,8884
0.762,8883
0.762,8882
0.762,8881
0.762,8880
0.762,8879
0.763,8878
0.763,8877
0.763,8876
0.763,8875
0.763,8874
0.764,8873
0.764,8872
0.764,8871
0.764,8870
0.764,8869
0.764,8868
0.764,8867
0.764,8866
0.764,8865
0.765,8864
0.765,8863
0.765,8862
0.765,8861
0.765,8860
0.765,8859
0.765,8858
0.766,8857
0.766,8856
0.766,8855
0.766,8854
0.766,8853
0.767,8852
0.767,8851
0.767,8850
0.767,8849
0.768,8848
0.768,8847
0.768,8846
0.768,8845
0.768,8844
0.768,8843
0.768,8842
0.769,8841
0.769,8840
0.769,8839
0.769,8838
0.77,8837
0.77,8836
0.77,8835
0.77,8834
0.77,8833
0.77,8832
0.77,8831
0.77,8830
0.771,8829
0.771,8828
0.771,8827
0.771,8826
0.771,8825
0.771,8824
0.771,8823
0.772,8822
0.772,8821
0.772,8820
0.772,8819
0.772,8818
0.773,8817
0.773,8816
0.773,8815
0.773,8814
0.774,8813
0.774,8812
0.774,8811
0.774,8810
0.774,8809
0.774,8808
0.774,8807
0.774,8806
0.775,8805
0.775,8804
0.775,8803
0.775,8802
0.775,8801
0.776,8800
0.776,8799
0.776,8798
0.776,8797
0.776,8796
0.776,8795
0.776,8794
0.777,8793
0.777,8792
0.777,8791
0.777,8790
0.778,8789
0.778,8788
0.778,8787
0.778,8786
0.778,8785
0.778,8784
0.778,8783
0.778,8782
0.778,8781
0.778,8780
0.779,8779
0.779,8778
0.779,8777
0.779,8776
0.779,8775
0.779,8774
0.779,8773
0.78,8772
0.78,8771
0.78,8770
0.78,8769
0.78,8768
0.781,8767
0.781,8766
0.781,8765
0.781,8764
0.781,8763
0.781,8762
0.781,8761
0.782,8760
0.782,8759
0.782,8758
0.782,8757
0.782,8756
0.783,8755
0.783,8754
0.783,8753
0.783,8752
0.783,8751
0.784,8750
0.784,8749
0.784,8748
0.784,8747
0.784,8746
0.784,8745
0.784,8744
0.785,8743
0.785,8742
0.785,8741
0.785,8740
0.786,8739
0.786,8738
0.786,8737
0.786,8736
0.786,8735
0.787,8734
0.787,8733
0.787,8732
0.787,8731
0.787,8730
0.787,8729
0.787,8728
0.788,8727
0.788,8726
0.788,8725
0.788,8724
0.788,8723
0.788,8722
0.788,8721
0.789,8720
0.789,8719
0.789,8718
0.789,8717
0.789,8716
0.789,8715
0.79,8714
0.79,8713
0.79,8712
0.79,8711
0.791,8710
0.791,8709
0.791,8708
0.791,8707
0.791,8706
0.791,8705
0.792,8704
0.792,8703
0.792,8702
0.792,8701
0.792,8700
0.792,8699
0.792,8698
0.792,8697
0.793,8696
0.793,8695
0.793,8694
0.793,8693
0.793,8692
0.793,8691
0.793,8690
0.793,8689
0.793,8688
0.794,8687
0.794,8686
0.794,8685
0.794,8684
0.794,8683
0.794,8682
0.794,8681
0.795,8680
0.795,8679
0.795,8678
0.795,8677
0.795,8676
0.795,8675
0.795,8674
0.795,8673
0.795,8672
0.795,8671
0.795,8670
0.795,8669
0.795,8668
0.795,8667
0.796,8666
0.796,8665
0.796,8664
0.796,8663
0.796,8662
0.796,8661
0.796,8660
0.796,8659
0.797,8658
0.797,8657
0.797,8656
0.797,8655
0.798,8654
0.798,8653
0.798,8652
0.799,8651
0.799,8650
0.799,8649
0.799,8648
0.799,8647
0.799,8646
0.799,8645
0.8,8644
0.8,8643
0.8,8642
0.8,8641
0.8,8640
0.8,8639
0.8,8638
0.8,8637
0.801,8636
0.801,8635
0.801,8634
0.802,8633
0.802,8632
0.802,8631
0.802,8630
0.802,8629
0.802,8628
0.802,8627
0.803,8626
0.803,8625
0.803,8624
0.803,8623
0.804,8622
0.804,8621
0.804,8620
0.805,8619
0.805,8618
0.806,8617
0.806,8616
0.807,8615
0.807,8614
0.807,8613
0.807,8612
0.807,8611
0.807,8610
0.808,8609
0.808,8608
0.808,8607
0.808,8606
0.808,8605
0.808,8604
0.808,8603
0.809,8602
0.809,8601
0.81,8600
0.81,8599
0.81,8598
0.81,8597
0.81,8596
0.811,8595
0.811,8594
0.811,8593
0.811,8592
0.811,8591
0.812,8590
0.812,8589
0.812,8588
0.812,8587
0.812,8586
0.812,8585
0.812,8584
0.813,8583
0.813,8582
0.813,8581
0.813,8580
0.813,8579
0.813,8578
0.813,8577
0.813,8576
0.813,8575
0.814,8574
0.814,8573
0.814,8572
0.814,8571
0.814,8570
0.814,8569
0.815,8568
0.815,8567
0.815,8566
0.815,8565
0.815,8564
0.816,8563
0.816,8562
0.816,8561
0.816,8560
0.816,8559
0.816,8558
0.816,8557
0.817,8556
0.817,8555
0.817,8554
0.817,8553
0.817,8552
0.818,8551
0.818,8550
0.818,8549
0.818,8548
0.818,8547
0.819,8546
0.819,8545
0.819,8544
0.819,8543
0.819,8542
0.82,8541
0.82,8540
0.82,8539
0.82,8538
0.82,8537
0.82,8536
0.82,8535
0.821,8534
0.821,8533
0.821,8532
0.821,8531
0.821,8530
0.822,8529
0.822,8528
0.822,8527
0.822,8526
0.822,8525
0.822,8524
0.822,8523
0.822,8522
0.822,8521
0.823,8520
0.823,8519
0.823,8518
0.823,8517
0.823,8516
0.823,8515
0.823,8514
0.824,8513
0.824,8512
0.824,8511
0.824,8510
0.824,8509
0.825,8508
0.825,8507
0.825,8506
0.825,8505
0.825,8504
0.826,8503
0.826,8502
0.826,8501
0.826,8500
0.826,8499
0.827,8498
0.827,8497
0.827,8496
0.827,8495
0.827,8494
0.827,8493
0.828,8492
0.828,8491
0.828,8490
0.828,8489
0.828,8488
0.829,8487
0.829,8486
0.829,8485
0.829,8484
0.829,8483
0.829,8482
0.83,8481
0.83,8480
0.83,8479
0.83,8478
0.83,8477
0.83,8476
0.831,8475
0.831,8474
0.831,8473
0.831,8472
0.831,8471
0.831,8470
0.831,8469
0.832,8468
0.832,8467
0.832,8466
0.832,8465
0.832,8464
0.832,8463
0.833,8462
0.833,8461
0.833,8460
0.833,8459
0.833,8458
0.833,8457
0.833,8456
0.834,8455
0.834,8454
0.835,8453
0.835,8452
0.835,8451
0.835,8450
0.835,8449
0.835,8448
0.835,8447
0.836,8446
0.836,8445
0.836,8444
0.836,8443
0.836,8442
0.836,8441
0.837,8440
0.837,8439
0.837,8438
0.837,8437
0.837,8436
0.838,8435
0.838,8434
0.838,8433
0.839,8432
0.839,8431
0.84,8430
0.84,8429
0.84,8428
0.84,8427
0.84,8426
0.84,8425
0.841,8424
0.841,8423
0.842,8422
0.842,8421
0.842,8420
0.843,8419
0.843,8418
0.843,8417
0.843,8416
0.844,8415
0.844,8414
0.844,8413
0.845,8412
0.845,8411
0.845,8410
0.845,8409
0.845,8408
0.845,8407
0.845,8406
0.846,8405
0.846,8404
0.846,8403
0.846,8402
0.846,8401
0.847,8400
0.847,8399
0.847,8398
0.847,8397
0.847,8396
0.847,8395
0.847,8394
0.848,8393
0.849,8392
0.849,8391
0.849,8390
0.849,8389
0.849,8388
0.849,8387
0.849,8386
0.849,8385
0.85,8384
0.85,8383
0.85,8382
0.85,8381
0.851,8380
0.851,8379
0.851,8378
0.851,8377
0.852,8376
0.852,8375
0.852,8374
0.852,8373
0.852,8372
0.852,8371
0.853,8370
0.853,8369
0.854,8368
0.854,8367
0.855,8366
0.855,8365
0.855,8364
0.855,8363
0.856,8362
0.856,8361
0.856,8360
0.856,8359
0.856,8358
0.857,8357
0.857,8356
0.857,8355
0.857,8354
0.857,8353
0.858,8352
0.858,8351
0.859,8350
0.859,8349
0.859,8348
0.859,8347
0.859,8346
0.859,8345
0.859,8344
0.86,8343
0.86,8342
0.86,8341
0.86,8340
0.861,8339
0.861,8338
0.861,8337
0.861,8336
0.861,8335
0.862,8334
0.862,8333
0.862,8332
0.862,8331
0.863,8330
0.863,8329
0.863,8328
0.864,8327
0.864,8326
0.864,8325
0.865,8324
0.865,8323
0.865,8322
0.866,8321
0.866,8320
0.866,8319
0.866,8318
0.866,8317
0.866,8316
0.866,8315
0.867,8314
0.867,8313
0.867,8312
0.867,8311
0.867,8310
0.867,8309
0.868,8308
0.868,8307
0.868,8306
0.868,8305
0.868,8304
0.868,8303
0.869,8302
0.869,8301
0.869,8300
0.869,8299
0.869,8298
0.869,8297
0.869,8296
0.87,8295
0.87,8294
0.87,8293
0.87,8292
0.87,8291
0.871,8290
0.871,8289
0.871,8288
0.871,8287
0.871,8286
0.872,8285
0.872,8284
0.872,8283
0.881,8282
0.881,8281
0.881,8280
0.881,8279
0.881,8278
0.881,8277
0.881,8276
0.882,8275
0.882,8274
0.882,8273
0.882,8272
0.882,8271
0.882,8270
0.882,8269
0.883,8268
0.883,8267
0.883,8266
0.883,8265
0.883,8264
0.884,8263
0.884,8262
0.884,8261
0.884,8260
0.884,8259
0.884,8258
0.885,8257
0.885,8256
0.885,8255
0.885,8254
0.885,8253
0.885,8252
0.886,8251
0.886,8250
0.886,8249
0.886,8248
0.886,8247
0.886,8246
0.887,8245
0.887,8244
0.887,8243
0.887,8242
0.887,8241
0.887,8240
0.887,8239
0.887,8238
0.888,8237
0.888,8236
0.888,8235
0.889,8234
0.889,8233
0.89,8232
0.89,8231
0.89,8230
0.891,8229
0.891,8228
0.891,8227
0.891,8226
0.891,8225
0.891,8224
0.891,8223
0.892,8222
0.892,8221
0.892,8220
0.892,8219
0.893,8218
0.893,8217
0.893,8216
0.893,8215
0.893,8214
0.893,8213
0.894,8212
0.894,8211
0.894,8210
0.894,8209
0.894,8208
0.895,8207
0.895,8206
0.895,8205
0.895,8204
0.896,8203
0.896,8202
0.896,8201
0.897,8200
0.897,8199
0.897,8198
0.897,8197
0.897,8196
0.897,8195
0.897,8194
0.897,8193
0.897,8192
0.898,8191
0.898,8190
0.898,8189
0.898,8188
0.898,8187
0.899,8186
0.899,8185
0.899,8184
0.899,8183
0.899,8182
0.899,8181
0.9,8180
0.9,8179
0.9,8178
0.9,8177
0.9,8176
0.9,8175
0.901,8174
0.901,8173
0.902,8172
0.902,8171
0.902,8170
0.902,8169
0.902,8168
0.902,8167
0.902,8166
0.902,8165
0.902,8164
0.903,8163
0.903,8162
0.903,8161
0.903,8160
0.903,8159
0.903,8158
0.904,8157
0.904,8156
0.904,8155
0.904,8154
0.904,8153
0.904,8152
0.904,8151
0.905,8150
0.905,8149
0.905,8148
0.905,8147
0.905,8146
0.905,8145
0.905,8144
0.906,8143
0.906,8142
0.906,8141
0.906,8140
0.906,8139
0.906,8138
0.907,8137
0.907,8136
0.907,8135
0.907,8134
0.907,8133
0.907,8132
0.907,8131
0.907,8130
0.907,8129
0.908,8128
0.908,8127
0.909,8126
0.909,8125
0.909,8124
0.91,8123
0.91,8122
0.91,8121
0.91,8120
0.91,8119
0.91,8118
0.911,8117
0.911,8116
0.911,8115
0.911,8114
0.911,8113
0.912,8112
0.912,8111
0.912,8110
0.912,8109
0.913,8108
0.913,8107
0.913,8106
0.913,8105
0.913,8104
0.913,8103
0.913,8102
0.914,8101
0.914,8100
0.914,8099
0.914,8098
0.914,8097
0.914,8096
0.914,8095
0.915,8094
0.915,8093
0.915,8092
0.915,8091
0.915,8090
0.915,8089
0.915,8088
0.915,8087
0.916,8086
0.916,8085
0.916,8084
0.916,8083
0.916,8082
0.916,8081
0.916,8080
0.916,8079
0.917,8078
0.917,8077
0.917,8076
0.918,8075
0.918,8074
0.918,8073
0.918,8072
0.918,8071
0.919,8070
0.919,8069
0.919,8068
0.919,8067
0.919,8066
0.919,8065
0.919,8064
0.92,8063
0.92,8062
0.92,8061
0.92,8060
0.92,8059
0.921,8058
0.921,8057
0.921,8056
0.921,8055
0.922,8054
0.922,8053
0.922,8052
0.922,8051
0.922,8050
0.922,8049
0.922,8048
0.922,8047
0.922,8046
0.923,8045
0.923,8044
0.923,8043
0.923,8042
0.923,8041
0.924,8040
0.924,8039
0.924,8038
0.924,8037
0.924,8036
0.924,8035
0.925,8034
0.925,8033
0.925,8032
0.925,8031
0.925,8030
0.925,8029
0.925,8028
0.925,8027
0.926,8026
0.926,8025
0.926,8024
0.926,8023
0.927,8022
0.927,8021
0.928,8020
0.928,8019
0.928,8018
0.928,8017
0.928,8016
0.928,8015
0.928,8014
0.929,8013
0.929,8012
0.929,8011
0.929,8010
0.93,8009
0.93,8008
0.93,8007
0.93,8006
0.93,8005
0.93,8004
0.931,8003
0.931,8002
0.931,8001
0.931,8000
0.931,7999
0.931,7998
0.932,7997
0.932,7996
0.932,7995
0.932,7994
0.932,7993
0.932,7992
0.932,7991
0.932,7990
0.933,7989
0.933,7988
0.933,7987
0.933,7986
0.933,7985
0.933,7984
0.933,7983
0.934,7982
0.934,7981
0.934,7980
0.934,7979
0.934,7978
0.935,7977
0.935,7976
0.935,7975
0.936,7974
0.936,7973
0.936,7972
0.936,7971
0.936,7970
0.937,7969
0.937,7968
0.937,7967
0.937,7966
0.937,7965
0.937,7964
0.937,7963
0.938,7962
0.938,7961
0.938,7960
0.938,7959
0.938,7958
0.938,7957
0.939,7956
0.939,7955
0.939,7954
0.939,7953
0.939,7952
0.939,7951
0.939,7950
0.939,7949
0.94,7948
0.94,7947
0.94,7946
0.94,7945
0.94,7944
0.94,7943
0.941,7942
0.941,7941
0.941,7940
0.941,7939
0.942,7938
0.942,7937
0.942,7936
0.943,7935
0.943,7934
0.944,7933
0.944,7932
0.944,7931
0.944,7930
0.945,7929
0.945,7928
0.945,7927
0.945,7926
0.945,7925
0.945,7924
0.946,7923
0.946,7922
0.946,7921
0.946,7920
0.947,7919
0.947,7918
0.947,7917
0.947,7916
0.947,7915
0.948,7914
0.948,7913
0.948,7912
0.948,7911
0.949,7910
0.949,7909
0.949,7908
0.949,7907
0.949,7906
0.949,7905
0.949,7904
0.95,7903
0.95,7902
0.95,7901
0.95,7900
0.95,7899
0.95,7898
0.95,7897
0.95,7896
0.95,7895
0.951,7894
0.951,7893
0.951,7892
0.951,7891
0.952,7890
0.952,7889
0.952,7888
0.952,7887
0.952,7886
0.952,7885
0.953,7884
0.953,7883
0.953,7882
0.953,7881
0.954,7880
0.954,7879
0.954,7878
0.954,7877
0.954,7876
0.954,7875
0.955,7874
0.955,7873
0.955,7872
0.955,7871
0.956,7870
0.956,7869
0.956,7868
0.956,7867
0.957,7866
0.957,7865
0.957,7864
0.957,7863
0.957,7862
0.957,7861
0.957,7860
0.958,7859
0.958,7858
0.958,7857
0.958,7856
0.958,7855
0.958,7854
0.959,7853
0.959,7852
0.959,7851
0.959,7850
0.959,7849
0.959,7848
0.959,7847
0.96,7846
0.96,7845
0.96,7844
0.96,7843
0.96,7842
0.96,7841
0.96,7840
0.96,7839
0.961,7838
0.961,7837
0.961,7836
0.962,7835
0.962,7834
0.962,7833
0.962,7832
0.963,7831
0.963,7830
0.963,7829
0.963,7828
0.963,7827
0.963,7826
0.964,7825
0.964,7824
0.964,7823
0.964,7822
0.965,7821
0.965,7820
0.965,7819
0.966,7818
0.966,7817
0.966,7816
0.966,7815
0.966,7814
0.966,7813
0.966,7812
0.966,7811
0.967,7810
0.967,7809
0.967,7808
0.967,7807
0.967,7806
0.967,7805
0.967,7804
0.968,7803
0.968,7802
0.968,7801
0.968,7800
0.968,7799
0.968,7798
0.968,7797
0.969,7796
0.969,7795
0.969,7794
0.969,7793
0.969,7792
0.97,7791
0.97,7790
0.97,7789
0.97,7788
0.971,7787
0.971,7786
0.971,7785
0.971,7784
0.971,7783
0.971,7782
0.971,7781
0.971,7780
0.971,7779
0.972,7778
0.972,7777
0.972,7776
0.972,7775
0.973,7774
0.973,7773
0.973,7772
0.973,7771
0.973,7770
0.974,7769
0.974,7768
0.974,7767
0.974,7766
0.974,7765
0.974,7764
0.974,7763
0.975,7762
0.975,7761
0.975,7760
0.975,7759
0.975,7758
0.975,7757
0.975,7756
0.976,7755
0.976,7754
0.976,7753
0.976,7752
0.976,7751
0.977,7750
0.977,7749
0.977,7748
0.977,7747
0.977,7746
0.977,7745
0.977,7744
0.978,7743
0.978,7742
0.978,7741
0.979,7740
0.979,7739
0.98,7738
0.98,7737
0.981,7736
0.981,7735
0.981,7734
0.982,7733
0.982,7732
0.982,7731
0.982,7730
0.983,7729
0.983,7728
0.983,7727
0.983,7726
0.983,7725
0.983,7724
0.984,7723
0.984,7722
0.984,7721
0.984,7720
0.985,7719
0.985,7718
0.985,7717
0.985,7716
0.985,7715
0.985,7714
0.986,7713
0.986,7712
0.986,7711
0.986,7710
0.987,7709
0.987,7708
0.988,7707
0.988,7706
0.988,7705
0.988,7704
0.988,7703
0.988,7702
0.988,7701
0.988,7700
0.989,7699
0.989,7698
0.989,7697
0.99,7696
0.99,7695
0.99,7694
0.99,7693
0.99,7692
0.99,7691
0.991,7690
0.991,7689
0.991,7688
0.991,7687
0.992,7686
0.992,7685
0.992,7684
0.992,7683
0.992,7682
0.992,7681
0.992,7680
0.993,7679
0.993,7678
0.993,7677
0.993,7676
0.993,7675
0.993,7674
0.993,7673
0.994,7672
0.994,7671
0.994,7670
0.995,7669
0.995,7668
0.995,7667
0.995,7666
0.995,7665
0.995,7664
0.996,7663
0.996,7662
0.996,7661
0.997,7660
0.997,7659
0.997,7658
0.997,7657
0.997,7656
0.997,7655
0.998,7654
0.998,7653
0.998,7652
0.998,7651
0.998,7650
0.998,7649
0.999,7648
0.999,7647
0.999,7646
0.999,7645
0.999,7644
0.999,7643
1.0,7642
1.0,7641
1.0,7640
1.0,7639
1.001,7638
1.001,7637
1.001,7636
1.001,7635
1.001,7634
1.001,7633
1.001,7632
1.002,7631
1.002,7630
1.003,7629
1.003,7628
1.003,7627
1.003,7626
1.003,7625
1.003,7624
1.003,7623
1.004,7622
1.004,7621
1.004,7620
1.004,7619
1.004,7618
1.004,7617
1.005,7616
1.005,7615
1.005,7614
1.005,7613
1.006,7612
1.006,7611
1.006,7610
1.006,7609
1.007,7608
1.007,7607
1.007,7606
1.008,7605
1.008,7604
1.008,7603
1.008,7602
1.008,7601
1.008,7600
1.008,7599
1.009,7598
1.009,7597
1.009,7596
1.009,7595
1.009,7594
1.009,7593
1.009,7592
1.01,7591
1.01,7590
1.01,7589
1.01,7588
1.01,7587
1.01,7586
1.01,7585
1.011,7584
1.011,7583
1.011,7582
1.011,7581
1.011,7580
1.012,7579
1.012,7578
1.012,7577
1.012,7576
1.013,7575
1.013,7574
1.013,7573
1.013,7572
1.013,7571
1.014,7570
1.014,7569
1.014,7568
1.014,7567
1.015,7566
1.015,7565
1.015,7564
1.016,7563
1.016,7562
1.016,7561
1.017,7560
1.017,7559
1.017,7558
1.017,7557
1.017,7556
1.018,7555
1.018,7554
1.018,7553
1.018,7552
1.019,7551
1.019,7550
1.019,7549
1.019,7548
1.019,7547
1.019,7546
1.02,7545
1.02,7544
1.02,7543
1.021,7542
1.021,7541
1.021,7540
1.021,7539
1.021,7538
1.022,7537
1.022,7536
1.022,7535
1.022,7534
1.022,7533
1.023,7532
1.023,7531
1.023,7530
1.023,7529
1.023,7528
1.023,7527
1.023,7526
1.024,7525
1.024,7524
1.024,7523
1.025,7522
1.025,7521
1.025,7520
1.025,7519
1.026,7518
1.026,7517
1.026,7516
1.026,7515
1.026,7514
1.027,7513
1.027,7512
1.028,7511
1.028,7510
1.029,7509
1.029,7508
1.029,7507
1.029,7506
1.029,7505
1.03,7504
1.03,7503
1.03,7502
1.031,7501
1.031,7500
1.031,7499
1.032,7498
1.032,7497
1.032,7496
1.032,7495
1.032,7494
1.033,7493
1.033,7492
1.033,7491
1.033,7490
1.033,7489
1.033,7488
1.033,7487
1.034,7486
1.034,7485
1.035,7484
1.035,7483
1.035,7482
1.036,7481
1.036,7480
1.036,7479
1.036,7478
1.036,7477
1.037,7476
1.037,7475
1.037,7474
1.037,7473
1.038,7472
1.038,7471
1.039,7470
1.039,7469
1.039,7468
1.039,7467
1.039,7466
1.04,7465
1.04,7464
1.04,7463
1.04,7462
1.04,7461
1.04,7460
1.041,7459
1.041,7458
1.041,7457
1.042,7456
1.042,7455
1.042,7454
1.043,7453
1.043,7452
1.043,7451
1.044,7450
1.044,7449
1.044,7448
1.045,7447
1.045,7446
1.045,7445
1.046,7444
1.046,7443
1.046,7442
1.046,7441
1.046,7440
1.046,7439
1.046,7438
1.047,7437
1.048,7436
1.048,7435
1.048,7434
1.048,7433
1.049,7432
1.049,7431
1.049,7430
1.05,7429
1.05,7428
1.05,7427
1.05,7426
1.05,7425
1.05,7424
1.051,7423
1.051,7422
1.051,7421
1.051,7420
1.052,7419
1.052,7418
1.052,7417
1.052,7416
1.053,7415
1.053,7414
1.053,7413
1.053,7412
1.053,7411
1.054,7410
1.054,7409
1.054,7408
1.054,7407
1.054,7406
1.054,7405
1.054,7404
1.055,7403
1.055,7402
1.055,7401
1.055,7400
1.055,7399
1.055,7398
1.056,7397
1.056,7396
1.056,7395
1.056,7394
1.056,7393
1.056,7392
1.057,7391
1.057,7390
1.057,7389
1.057,7388
1.057,7387
1.057,7386
1.057,7385
1.058,7384
1.058,7383
1.058,7382
1.058,7381
1.058,7380
1.058,7379
1.059,7378
1.059,7377
1.06,7376
1.061,7375
1.061,7374
1.062,7373
1.063,7372
1.063,7371
1.063,7370
1.064,7369
1.064,7368
1.065,7367
1.065,7366
1.065,7365
1.065,7364
1.065,7363
1.066,7362
1.067,7361
1.067,7360
1.067,7359
1.067,7358
1.068,7357
1.068,7356
1.069,7355
1.069,7354
1.069,7353
1.069,7352
1.07,7351
1.07,7350
1.07,7349
1.071,7348
1.071,7347
1.071,7346
1.071,7345
1.071,7344
1.071,7343
1.072,7342
1.072,7341
1.072,7340
1.072,7339
1.073,7338
1.073,7337
1.073,7336
1.073,7335
1.074,7334
1.074,7333
1.075,7332
1.075,7331
1.075,7330
1.075,7329
1.076,7328
1.076,7327
1.076,7326
1.076,7325
1.077,7324
1.077,7323
1.077,7322
1.077,7321
1.077,7320
1.078,7319
1.078,7318
1.078,7317
1.079,7316
1.079,7315
1.079,7314
1.079,7313
1.08,7312
1.08,7311
1.081,7310
1.081,7309
1.081,7308
1.081,7307
1.081,7306
1.081,7305
1.082,7304
1.083,7303
1.083,7302
1.084,7301
1.084,7300
1.085,7299
1.085,7298
1.085,7297
1.085,7296
1.085,7295
1.086,7294
1.086,7293
1.086,7292
1.086,7291
1.087,7290
1.087,7289
1.087,7288
1.088,7287
1.088,7286
1.089,7285
1.089,7284
1.089,7283
1.089,7282
1.089,7281
1.09,7280
1.091,7279
1.091,7278
1.092,7277
1.092,7276
1.092,7275
1.093,7274
1.093,7273
1.094,7272
1.094,7271
1.094,7270
1.095,7269
1.095,7268
1.095,7267
1.095,7266
1.095,7265
1.096,7264
1.096,7263
1.096,7262
1.096,7261
1.096,7260
1.096,7259
1.097,7258
1.097,7257
1.097,7256
1.097,7255
1.098,7254
1.099,7253
1.099,7252
1.099,7251
1.1,7250
1.101,7249
1.101,7248
1.101,7247
1.102,7246
1.102,7245
1.104,7244
1.104,7243
1.104,7242
1.105,7241
1.105,7240
1.106,7239
1.107,7238
1.11,7237
1.11,7236
1.11,7235
1.111,7234
1.111,7233
1.111,7232
1.111,7231
1.112,7230
1.112,7229
1.113,7228
1.113,7227
1.113,7226
1.113,7225
1.113,7224
1.113,7223
1.114,7222
1.115,7221
1.117,7220
1.118,7219
1.118,7218
1.119,7217
1.119,7216
1.119,7215
1.12,7214
1.12,7213
1.12,7212
1.12,7211
1.121,7210
1.122,7209
1.122,7208
1.122,7207
1.122,7206
1.122,7205
1.122,7204
1.123,7203
1.123,7202
1.123,7201
1.123,7200
1.124,7199
1.124,7198
1.124,7197
1.124,7196
1.124,7195
1.125,7194
1.125,7193
1.126,7192
1.127,7191
1.127,7190
1.127,7189
1.127,7188
1.127,7187
1.128,7186
1.128,7185
1.128,7184
1.128,7183
1.128,7182
1.129,7181
1.129,7180
1.13,7179
1.13,7178
1.13,7177
1.13,7176
1.13,7175
1.131,7174
1.131,7173
1.131,7172
1.132,7171
1.132,7170
1.133,7169
1.133,7168
1.133,7167
1.133,7166
1.133,7165
1.133,7164
1.133,7163
1.133,7162
1.134,7161
1.134,7160
1.134,7159
1.136,7158
1.136,7157
1.136,7156
1.136,7155
1.136,7154
1.137,7153
1.137,7152
1.137,7151
1.137,7150
1.137,7149
1.137,7148
1.138,7147
1.138,7146
1.138,7145
1.139,7144
1.139,7143
1.14,7142
1.14,7141
1.141,7140
1.141,7139
1.142,7138
1.142,7137
1.142,7136
1.143,7135
1.143,7134
1.143,7133
1.143,7132
1.145,7131
1.145,7130
1.145,7129
1.146,7128
1.147,7127
1.147,7126
1.147,7125
1.147,7124
1.148,7123
1.148,7122
1.148,7121
1.148,7120
1.149,7119
1.149,7118
1.149,7117
1.15,7116
1.15,7115
1.151,7114
1.151,7113
1.151,7112
1.153,7111
1.153,7110
1.154,7109
1.155,7108
1.156,7107
1.157,7106
1.158,7105
1.158,7104
1.159,7103
1.16,7102
1.16,7101
1.161,7100
1.161,7099
1.161,7098
1.161,7097
1.162,7096
1.162,7095
1.162,7094
1.162,7093
1.162,7092
1.163,7091
1.163,7090
1.163,7089
1.164,7088
1.164,7087
1.165,7086
1.165,7085
1.166,7084
1.166,7083
1.166,7082
1.166,7081
1.166,7080
1.167,7079
1.167,7078
1.168,7077
1.168,7076
1.168,7075
1.168,7074
1.168,7073
1.169,7072
1.169,7071
1.169,7070
1.17,7069
1.17,7068
1.17,7067
1.17,7066
1.171,7065
1.171,7064
1.172,7063
1.172,7062
1.173,7061
1.173,7060
1.174,7059
1.175,7058
1.175,7057
1.176,7056
1.177,7055
1.177,7054
1.177,7053
1.177,7052
1.177,7051
1.178,7050
1.178,7049
1.178,7048
1.178,7047
1.179,7046
1.18,7045
1.18,7044
1.181,7043
1.181,7042
1.181,7041
1.181,7040
1.181,7039
1.182,7038
1.182,7037
1.182,7036
1.183,7035
1.183,7034
1.184,7033
1.184,7032
1.184,7031
1.185,7030
1.185,7029
1.186,7028
1.186,7027
1.186,7026
1.187,7025
1.188,7024
1.188,7023
1.188,7022
1.189,7021
1.191,7020
1.192,7019
1.193,7018
1.193,7017
1.193,7016
1.194,7015
1.194,7014
1.194,7013
1.195,7012
1.196,7011
1.196,7010
1.196,7009
1.197,7008
1.197,7007
1.197,7006
1.197,7005
1.197,7004
1.197,7003
1.198,7002
1.199,7001
1.2,7000
1.201,6999
1.201,6998
1.202,6997
1.202,6996
1.203,6995
1.204,6994
1.204,6993
1.204,6992
1.204,6991
1.205,6990
1.205,6989
1.206,6988
1.206,6987
1.207,6986
1.208,6985
1.208,6984
1.208,6983
1.208,6982
1.208,6981
1.209,6980
1.209,6979
1.209,6978
1.209,6977
1.21,6976
1.21,6975
1.21,6974
1.211,6973
1.211,6972
1.211,6971
1.211,6970
1.211,6969
1.212,6968
1.212,6967
1.212,6966
1.213,6965
1.214,6964
1.215,6963
1.215,6962
1.216,6961
1.216,6960
1.216,6959
1.217,6958
1.218,6957
1.219,6956
1.219,6955
1.221,6954
1.221,6953
1.221,6952
1.222,6951
1.223,6950
1.223,6949
1.224,6948
1.224,6947
1.224,6946
1.224,6945
1.225,6944
1.225,6943
1.225,6942
1.225,6941
1.226,6940
1.227,6939
1.227,6938
1.227,6937
1.228,6936
1.228,6935
1.228,6934
1.228,6933
1.229,6932
1.229,6931
1.23,6930
1.23,6929
1.232,6928
1.232,6927
1.233,6926
1.233,6925
1.234,6924
1.234,6923
1.235,6922
1.235,6921
1.236,6920
1.236,6919
1.237,6918
1.238,6917
1.238,6916
1.24,6915
1.24,6914
1.241,6913
1.241,6912
1.244,6911
1.245,6910
1.245,6909
1.246,6908
1.246,6907
1.248,6906
1.248,6905
1.249,6904
1.249,6903
1.249,6902
1.249,6901
1.25,6900
1.25,6899
1.251,6898
1.251,6897
1.251,6896
1.252,6895
1.252,6894
1.253,6893
1.253,6892
1.254,6891
1.254,6890
1.254,6889
1.255,6888
1.256,6887
1.256,6886
1.256,6885
1.256,6884
1.257,6883
1.257,6882
1.258,6881
1.267,6880
1.268,6879
1.268,6878
1.268,6877
1.269,6876
1.269,6875
1.27,6874
1.271,6873
1.271,6872
1.272,6871
1.272,6870
1.272,6869
1.272,6868
1.273,6867
1.273,6866
1.273,6865
1.274,6864
1.275,6863
1.276,6862
1.278,6861
1.278,6860
1.279,6859
1.28,6858
1.28,6857
1.281,6856
1.282,6855
1.282,6854
1.283,6853
1.285,6852
1.285,6851
1.285,6850
1.286,6849
1.286,6848
1.287,6847
1.288,6846
1.288,6845
1.288,6844
1.288,6843
1.288,6842
1.288,6841
1.289,6840
1.289,6839
1.289,6838
1.29,6837
1.29,6836
1.29,6835
1.292,6834
1.292,6833
1.292,6832
1.292,6831
1.293,6830
1.293,6829
1.293,6828
1.293,6827
1.293,6826
1.294,6825
1.295,6824
1.295,6823
1.295,6822
1.296,6821
1.296,6820
1.297,6819
1.298,6818
1.299,6817
1.3,6816
1.3,6815
1.3,6814
1.301,6813
1.301,6812
1.301,6811
1.302,6810
1.302,6809
1.302,6808
1.302,6807
1.302,6806
1.304,6805
1.304,6804
1.304,6803
1.305,6802
1.306,6801
1.306,6800
1.306,6799
1.307,6798
1.307,6797
1.307,6796
1.307,6795
1.308,6794
1.308,6793
1.309,6792
1.31,6791
1.31,6790
1.31,6789
1.31,6788
1.31,6787
1.311,6786
1.311,6785
1.311,6784
1.311,6783
1.313,6782
1.314,6781
1.314,6780
1.314,6779
1.314,6778
1.315,6777
1.316,6776
1.317,6775
1.317,6774
1.318,6773
1.32,6772
1.32,6771
1.32,6770
1.32,6769
1.32,6768
1.321,6767
1.321,6766
1.322,6765
1.323,6764
1.323,6763
1.324,6762
1.324,6761
1.324,6760
1.325,6759
1.325,6758
1.326,6757
1.326,6756
1.327,6755
1.327,6754
1.328,6753
1.328,6752
1.328,6751
1.329,6750
1.329,6749
1.329,6748
1.33,6747
1.33,6746
1.33,6745
1.331,6744
1.331,6743
1.332,6742
1.332,6741
1.333,6740
1.334,6739
1.334,6738
1.334,6737
1.334,6736
1.334,6735
1.334,6734
1.334,6733
1.335,6732
1.336,6731
1.337,6730
1.337,6729
1.338,6728
1.338,6727
1.339,6726
1.34,6725
1.341,6724
1.341,6723
1.342,6722
1.342,6721
1.343,6720
1.345,6719
1.345,6718
1.346,6717
1.346,6716
1.346,6715
1.347,6714
1.348,6713
1.349,6712
1.35,6711
1.35,6710
1.35,6709
1.351,6708
1.351,6707
1.352,6706
1.352,6705
1.352,6704
1.352,6703
1.353,6702
1.353,6701
1.353,6700
1.355,6699
1.356,6698
1.357,6697
1.358,6696
1.359,6695
1.36,6694
1.36,6693
1.361,6692
1.361,6691
1.361,6690
1.363,6689
1.363,6688
1.363,6687
1.364,6686
1.366,6685
1.366,6684
1.366,6683
1.367,6682
1.367,6681
1.37,6680
1.371,6679
1.372,6678
1.373,6677
1.373,6676
1.374,6675
1.374,6674
1.374,6673
1.374,6672
1.374,6671
1.376,6670
1.376,6669
1.376,6668
1.376,6667
1.377,6666
1.377,6665
1.377,6664
1.378,6663
1.379,6662
1.38,6661
1.381,6660
1.384,6659
1.385,6658
1.386,6657
1.387,6656
1.387,6655
1.387,6654
1.387,6653
1.388,6652
1.388,6651
1.388,6650
1.389,6649
1.389,6648
1.39,6647
1.39,6646
1.39,6645
1.391,6644
1.391,6643
1.391,6642
1.392,6641
1.392,6640
1.392,6639
1.393,6638
1.394,6637
1.394,6636
1.394,6635
1.394,6634
1.396,6633
1.397,6632
1.397,6631
1.398,6630
1.399,6629
1.401,6628
1.403,6627
1.403,6626
1.403,6625
1.404,6624
1.405,6623
1.405,6622
1.405,6621
1.405,6620
1.405,6619
1.406,6618
1.407,6617
1.408,6616
1.409,6615
1.409,6614
1.409,6613
1.409,6612
1.411,6611
1.412,6610
1.413,6609
1.413,6608
1.414,6607
1.414,6606
1.414,6605
1.415,6604
1.415,6603
1.415,6602
1.416,6601
1.418,6600
1.418,6599
1.419,6598
1.42,6597
1.421,6596
1.421,6595
1.422,6594
1.423,6593
1.423,6592
1.424,6591
1.424,6590
1.425,6589
1.426,6588
1.427,6587
1.428,6586
1.429,6585
1.429,6584
1.429,6583
1.429,6582
1.431,6581
1.431,6580
1.433,6579
1.434,6578
1.435,6577
1.436,6576
1.436,6575
1.436,6574
1.438,6573
1.438,6572
1.438,6571
1.439,6570
1.439,6569
1.44,6568
1.441,6567
1.442,6566
1.443,6565
1.444,6564
1.446,6563
1.45,6562
1.451,6561
1.452,6560
1.453,6559
1.453,6558
1.454,6557
1.455,6556
1.456,6555
1.456,6554
1.458,6553
1.459,6552
1.459,6551
1.459,6550
1.46,6549
1.46,6548
1.46,6547
1.461,6546
1.462,6545
1.463,6544
1.463,6543
1.464,6542
1.464,6541
1.465,6540
1.465,6539
1.466,6538
1.467,6537
1.467,6536
1.468,6535
1.469,6534
1.47,6533
1.471,6532
1.471,6531
1.472,6530
1.472,6529
1.474,6528
1.474,6527
1.474,6526
1.474,6525
1.474,6524
1.476,6523
1.476,6522
1.476,6521
1.478,6520
1.478,6519
1.478,6518
1.478,6517
1.478,6516
1.48,6515
1.48,6514
1.48,6513
1.482,6512
1.482,6511
1.482,6510
1.483,6509
1.484,6508
1.485,6507
1.486,6506
1.487,6505
1.49,6504
1.491,6503
1.492,6502
1.492,6501
1.492,6500
1.493,6499
1.493,6498
1.493,6497
1.493,6496
1.494,6495
1.497,6494
1.497,6493
1.498,6492
1.499,6491
1.5,6490
1.5,6489
1.501,6488
1.503,6487
1.504,6486
1.505,6485
1.505,6484
1.507,6483
1.509,6482
1.509,6481
1.513,6480
1.516,6479
1.516,6478
1.517,6477
1.518,6476
1.518,6475
1.518,6474
1.521,6473
1.522,6472
1.522,6471
1.524,6470
1.526,6469
1.527,6468
1.529,6467
1.529,6466
1.531,6465
1.531,6464
1.534,6463
1.536,6462
1.536,6461
1.536,6460
1.539,6459
1.541,6458
1.542,6457
1.543,6456
1.548,6455
1.548,6454
1.549,6453
1.549,6452
1.553,6451
1.553,6450
1.555,6449
1.555,6448
1.556,6447
1.558,6446
1.56,6445
1.561,6444
1.561,6443
1.564,6442
1.567,6441
1.573,6440
1.573,6439
1.574,6438
1.575,6437
1.577,6436
1.577,6435
1.583,6434
1.583,6433
1.583,6432
1.585,6431
1.59,6430
1.591,6429
1.592,6428
1.593,6427
1.593,6426
1.594,6425
1.595,6424
1.603,6423
1.605,6422
1.606,6421
1.607,6420
1.609,6419
1.61,6418
1.614,6417
1.617,6416
1.617,6415
1.617,6414
1.619,6413
1.622,6412
1.627,6411
1.628,6410
1.629,6409
1.629,6408
1.631,6407
1.635,6406
1.636,6405
1.637,6404
1.637,6403
1.639,6402
1.646,6401
1.65,6400
1.653,6399
1.653,6398
1.653,6397
1.654,6396
1.658,6395
1.661,6394
1.664,6393
1.664,6392
1.666,6391
1.668,6390
1.668,6389
1.67,6388
1.671,6387
1.672,6386
1.673,6385
1.673,6384
1.678,6383
1.678,6382
1.679,6381
1.688,6380
1.688,6379
1.688,6378
1.689,6377
1.69,6376
1.694,6375
1.696,6374
1.701,6373
1.703,6372
1.706,6371
1.712,6370
1.713,6369
1.721,6368
1.726,6367
1.727,6366
1.729,6365
1.729,6364
1.735,6363
1.739,6362
1.746,6361
1.747,6360
1.753,6359
1.756,6358
1.758,6357
1.762,6356
1.762,6355
1.764,6354
1.766,6353
1.773,6352
1.779,6351
1.783,6350
1.783,6349
1.783,6348
1.795,6347
1.795,6346
1.797,6345
1.8,6344
1.802,6343
1.807,6342
1.816,6341
1.818,6340
1.821,6339
1.826,6338
1.828,6337
1.838,6336
1.841,6335
1.847,6334
1.859,6333
1.862,6332
1.868,6331
1.882,6330
1.886,6329
1.905,6328
1.915,6327
1.922,6326
1.929,6325
1.931,6324
1.933,6323
1.936,6322
1.944,6321
1.951,6320
1.956,6319
1.976,6318
2.029,6317
2.106,6316
2.109,6315
2.136,6314
2.151,6313
2.171,6312
2.209,6311
2.212,6310
2.253,6309
2.274,6308
2.286,6307
2.45,6306
