0.003,8636
0.005,8635
0.005,8634
0.009,8633
0.01,8632
0.01,8631
0.01,8630
0.01,8629
0.011,8628
0.011,8627
0.011,8626
0.011,8625
0.011,8624
0.011,8623
0.012,8622
0.012,8621
0.012,8620
0.012,8619
0.012,8618
0.012,8617
0.013,8616
0.013,8615
0.013,8614
0.013,8613
0.013,8612
0.013,8611
0.013,8610
0.013,8609
0.013,8608
0.013,8607
0.014,8606
0.014,8605
0.014,8604
0.014,8603
0.014,8602
0.014,8601
0.015,8600
0.015,8599
0.015,8598
0.015,8597
0.016,8596
0.016,8595
0.016,8594
0.016,8593
0.016,8592
0.017,8591
0.017,8590
0.017,8589
0.017,8588
0.017,8587
0.017,8586
0.017,8585
0.017,8584
0.018,8583
0.018,8582
0.018,8581
0.018,8580
0.018,8579
0.018,8578
0.019,8577
0.019,8576
0.019,8575
0.019,8574
0.019,8573
0.02,8572
0.02,8571
0.02,8570
0.02,8569
0.02,8568
0.021,8567
0.021,8566
0.021,8565
0.021,8564
0.021,8563
0.021,8562
0.021,8561
0.022,8560
0.022,8559
0.022,8558
0.024,8557
0.024,8556
0.024,8555
0.024,8554
0.025,8553
0.025,8552
0.025,8551
0.025,8550
0.025,8549
0.025,8548
0.026,8547
0.026,8546
0.026,8545
0.026,8544
0.026,8543
0.026,8542
0.026,8541
0.026,8540
0.027,8539
0.027,8538
0.027,8537
0.027,8536
0.027,8535
0.027,8534
0.027,8533
0.027,8532
0.027,8531
0.028,8530
0.028,8529
0.028,8528
0.028,8527
0.028,8526
0.028,8525
0.028,8524
0.028,8523
0.028,8522
0.029,8521
0.029,8520
0.029,8519
0.029,8518
0.029,8517
0.03,8516
0.03,8515
0.03,8514
0.03,8513
0.03,8512
0.03,8511
0.031,8510
0.031,8509
0.031,8508
0.031,8507
0.031,8506
0.032,8505
0.032,8504
0.032,8503
0.032,8502
0.032,8501
0.032,8500
0.032,8499
0.032,8498
0.032,8497
0.033,8496
0.033,8495
0.033,8494
0.033,8493
0.033,8492
0.033,8491
0.034,8490
0.034,8489
0.034,8488
0.034,8487
0.035,8486
0.035,8485
0.035,8484
0.035,8483
0.035,8482
0.035,8481
0.036,8480
0.036,8479
0.036,8478
0.036,8477
0.037,8476
0.037,8475
0.037,8474
0.037,8473
0.037,8472
0.037,8471
0.037,8470
0.038,8469
0.038,8468
0.038,8467
0.038,8466
0.038,8465
0.038,8464
0.038,8463
0.039,8462
0.039,8461
0.039,8460
0.039,8459
0.039,8458
0.04,8457
0.04,8456
0.04,8455
0.04,8454
0.04,8453
0.04,8452
0.04,8451
0.041,8450
0.041,8449
0.041,8448
0.041,8447
0.041,8446
0.042,8445
0.042,8444
0.042,8443
0.042,8442
0.043,8441
0.043,8440
0.043,8439
0.043,8438
0.043,8437
0.043,8436
0.043,8435
0.044,8434
0.044,8433
0.044,8432
0.045,8431
0.045,8430
0.045,8429
0.045,8428
0.045,8427
0.045,8426
0.045,8425
0.046,8424
0.046,8423
0.046,8422
0.046,8421
0.046,8420
0.046,8419
0.046,8418
0.047,8417
0.047,8416
0.047,8415
0.048,8414
0.049,8413
0.049,8412
0.049,8411
0.049,8410
0.05,8409
0.05,8408
0.05,8407
0.05,8406
0.051,8405
0.051,8404
0.051,8403
0.051,8402
0.052,8401
0.052,8400
0.052,8399
0.052,8398
0.052,8397
0.053,8396
0.053,8395
0.053,8394
0.053,8393
0.053,8392
0.053,8391
0.053,8390
0.054,8389
0.054,8388
0.054,8387
0.054,8386
0.054,8385
0.054,8384
0.055,8383
0.056,8382
0.058,8381
0.058,8380
0.059,8379
0.059,8378
0.059,8377
0.059,8376
0.059,8375
0.059,8374
0.06,8373
0.06,8372
0.06,8371
0.06,8370
0.06,8369
0.061,8368
0.061,8367
0.061,8366
0.061,8365
0.062,8364
0.062,8363
0.062,8362
0.062,8361
0.063,8360
0.063,8359
0.063,8358
0.064,8357
0.065,8356
0.065,8355
0.065,8354
0.065,8353
0.065,8352
0.065,8351
0.065,8350
0.065,8349
0.066,8348
0.066,8347
0.066,8346
0.066,8345
0.066,8344
0.066,8343
0.066,8342
0.067,8341
0.067,8340
0.067,8339
0.067,8338
0.067,8337
0.067,8336
0.068,8335
0.068,8334
0.068,8333
0.068,8332
0.068,8331
0.068,8330
0.068,8329
0.068,8328
0.069,8327
0.069,8326
0.069,8325
0.07,8324
0.07,8323
0.07,8322
0.071,8321
0.071,8320
0.071,8319
0.071,8318
0.071,8317
0.071,8316
0.071,8315
0.071,8314
0.072,8313
0.072,8312
0.072,8311
0.073,8310
0.073,8309
0.073,8308
0.074,8307
0.074,8306
0.074,8305
0.075,8304
0.075,8303
0.076,8302
0.076,8301
0.076,8300
0.076,8299
0.076,8298
0.077,8297
0.077,8296
0.077,8295
0.077,8294
0.077,8293
0.078,8292
0.078,8291
0.078,8290
0.078,8289
0.078,8288
0.078,8287
0.078,8286
0.079,8285
0.079,8284
0.079,8283
0.079,8282
0.079,8281
0.08,8280
0.08,8279
0.08,8278
0.08,8277
0.08,8276
0.081,8275
0.081,8274
0.081,8273
0.081,8272
0.081,8271
0.081,8270
0.081,8269
0.082,8268
0.082,8267
0.082,8266
0.082,8265
0.082,8264
0.082,8263
0.082,8262
0.083,8261
0.083,8260
0.083,8259
0.084,8258
0.085,8257
0.085,8256
0.085,8255
0.086,8254
0.086,8253
0.086,8252
0.086,8251
0.086,8250
0.087,8249
0.087,8248
0.087,8247
0.088,8246
0.089,8245
0.089,8244
0.089,8243
0.09,8242
0.09,8241
0.099,8240
0.099,8239
0.099,8238
0.099,8237
0.099,8236
0.099,8235
0.1,8234
0.1,8233
0.1,8232
0.1,8231
0.101,8230
0.101,8229
0.101,8228
0.101,8227
0.101,8226
0.101,8225
0.101,8224
0.101,8223
0.102,8222
0.102,8221
0.102,8220
0.103,8219
0.103,8218
0.103,8217
0.103,8216
0.103,8215
0.104,8214
0.104,8213
0.104,8212
0.104,8211
0.104,8210
0.111,8209
0.111,8208
0.111,8207
0.112,8206
0.112,8205
0.112,8204
0.112,8203
0.112,8202
0.112,8201
0.113,8200
0.113,8199
0.113,8198
0.113,8197
0.113,8196
0.113,8195
0.114,8194
0.114,8193
0.114,8192
0.115,8191
0.115,8190
0.115,8189
0.115,8188
0.116,8187
0.116,8186
0.116,8185
0.116,8184
0.116,8183
0.117,8182
0.117,8181
0.117,8180
0.117,8179
0.117,8178
0.117,8177
0.117,8176
0.118,8175
0.118,8174
0.118,8173
0.118,8172
0.118,8171
0.118,8170
0.118,8169
0.118,8168
0.119,8167
0.119,8166
0.119,8165
0.119,8164
0.12,8163
0.12,8162
0.12,8161
0.12,8160
0.12,8159
0.12,8158
0.12,8157
0.12,8156
0.121,8155
0.121,8154
0.121,8153
0.121,8152
0.121,8151
0.121,8150
0.122,8149
0.122,8148
0.122,8147
0.122,8146
0.122,8145
0.123,8144
0.123,8143
0.123,8142
0.124,8141
0.124,8140
0.124,8139
0.124,8138
0.124,8137
0.124,8136
0.125,8135
0.125,8134
0.125,8133
0.125,8132
0.125,8131
0.125,8130
0.125,8129
0.125,8128
0.126,8127
0.126,8126
0.126,8125
0.126,8124
0.126,8123
0.126,8122
0.127,8121
0.127,8120
0.127,8119
0.127,8118
0.127,8117
0.127,8116
0.128,8115
0.128,8114
0.128,8113
0.129,8112
0.129,8111
0.129,8110
0.129,8109
0.13,8108
0.13,8107
0.13,8106
0.131,8105
0.131,8104
0.131,8103
0.131,8102
0.131,8101
0.131,8100
0.132,8099
0.132,8098
0.132,8097
0.132,8096
0.132,8095
0.132,8094
0.133,8093
0.133,8092
0.133,8091
0.133,8090
0.133,8089
0.133,8088
0.134,8087
0.134,8086
0.134,8085
0.134,8084
0.135,8083
0.135,8082
0.135,8081
0.135,8080
0.135,8079
0.135,8078
0.136,8077
0.136,8076
0.136,8075
0.136,8074
0.136,8073
0.137,8072
0.137,8071
0.137,8070
0.137,8069
0.138,8068
0.138,8067
0.139,8066
0.14,8065
0.14,8064
0.14,8063
0.141,8062
0.141,8061
0.142,8060
0.142,8059
0.142,8058
0.142,8057
0.143,8056
0.143,8055
0.143,8054
0.143,8053
0.144,8052
0.144,8051
0.144,8050
0.144,8049
0.144,8048
0.145,8047
0.146,8046
0.146,8045
0.146,8044
0.146,8043
0.146,8042
0.146,8041
0.146,8040
0.147,8039
0.147,8038
0.147,8037
0.147,8036
0.147,8035
0.148,8034
0.148,8033
0.149,8032
0.149,8031
0.149,8030
0.149,8029
0.149,8028
0.149,8027
0.15,8026
0.15,8025
0.15,8024
0.15,8023
0.15,8022
0.15,8021
0.15,8020
0.151,8019
0.151,8018
0.151,8017
0.151,8016
0.151,8015
0.151,8014
0.151,8013
0.152,8012
0.152,8011
0.152,8010
0.153,8009
0.153,8008
0.153,8007
0.153,8006
0.153,8005
0.154,8004
0.154,8003
0.154,8002
0.154,8001
0.154,8000
0.154,7999
0.155,7998
0.155,7997
0.155,7996
0.155,7995
0.155,7994
0.156,7993
0.156,7992
0.156,7991
0.156,7990
0.156,7989
0.156,7988
0.157,7987
0.157,7986
0.157,7985
0.157,7984
0.157,7983
0.158,7982
0.158,7981
0.159,7980
0.159,7979
0.159,7978
0.159,7977
0.159,7976
0.16,7975
0.16,7974
0.16,7973
0.16,7972
0.16,7971
0.161,7970
0.161,7969
0.162,7968
0.162,7967
0.162,7966
0.162,7965
0.162,7964
0.162,7963
0.163,7962
0.163,7961
0.163,7960
0.164,7959
0.164,7958
0.164,7957
0.164,7956
0.165,7955
0.165,7954
0.165,7953
0.166,7952
0.166,7951
0.166,7950
0.167,7949
0.167,7948
0.169,7947
0.169,7946
0.169,7945
0.169,7944
0.169,7943
0.169,7942
0.17,7941
0.17,7940
0.17,7939
0.17,7938
0.171,7937
0.171,7936
0.171,7935
0.171,7934
0.172,7933
0.172,7932
0.173,7931
0.173,7930
0.173,7929
0.173,7928
0.174,7927
0.174,7926
0.174,7925
0.174,7924
0.175,7923
0.175,7922
0.175,7921
0.176,7920
0.176,7919
0.176,7918
0.177,7917
0.177,7916
0.178,7915
0.178,7914
0.178,7913
0.178,7912
0.179,7911
0.179,7910
0.18,7909
0.181,7908
0.181,7907
0.181,7906
0.182,7905
0.182,7904
0.183,7903
0.183,7902
0.183,7901
0.183,7900
0.183,7899
0.184,7898
0.184,7897
0.185,7896
0.185,7895
0.185,7894
0.185,7893
0.186,7892
0.186,7891
0.186,7890
0.187,7889
0.187,7888
0.187,7887
0.187,7886
0.187,7885
0.188,7884
0.188,7883
0.188,7882
0.188,7881
0.188,7880
0.189,7879
0.19,7878
0.19,7877
0.19,7876
0.191,7875
0.191,7874
0.191,7873
0.191,7872
0.191,7871
0.191,7870
0.192,7869
0.192,7868
0.192,7867
0.192,7866
0.192,7865
0.192,7864
0.192,7863
0.193,7862
0.193,7861
0.194,7860
0.194,7859
0.194,7858
0.194,7857
0.195,7856
0.195,7855
0.195,7854
0.196,7853
0.196,7852
0.196,7851
0.196,7850
0.196,7849
0.196,7848
0.196,7847
0.197,7846
0.197,7845
0.197,7844
0.197,7843
0.198,7842
0.198,7841
0.198,7840
0.205,7839
0.205,7838
0.205,7837
0.205,7836
0.206,7835
0.206,7834
0.207,7833
0.207,7832
0.207,7831
0.207,7830
0.207,7829
0.207,7828
0.208,7827
0.208,7826
0.208,7825
0.208,7824
0.208,7823
0.208,7822
0.209,7821
0.209,7820
0.209,7819
0.209,7818
0.209,7817
0.209,7816
0.21,7815
0.21,7814
0.21,7813
0.211,7812
0.211,7811
0.212,7810
0.212,7809
0.212,7808
0.213,7807
0.213,7806
0.214,7805
0.215,7804
0.215,7803
0.215,7802
0.217,7801
0.217,7800
0.218,7799
0.218,7798
0.218,7797
0.218,7796
0.219,7795
0.219,7794
0.221,7793
0.221,7792
0.222,7791
0.222,7790
0.222,7789
0.223,7788
0.223,7787
0.223,7786
0.224,7785
0.226,7784
0.226,7783
0.226,7782
0.227,7781
0.227,7780
0.227,7779
0.227,7778
0.228,7777
0.229,7776
0.229,7775
0.229,7774
0.23,7773
0.23,7772
0.23,7771
0.23,7770
0.23,7769
0.231,7768
0.231,7767
0.231,7766
0.232,7765
0.232,7764
0.232,7763
0.232,7762
0.233,7761
0.234,7760
0.234,7759
0.235,7758
0.235,7757
0.236,7756
0.236,7755
0.237,7754
0.238,7753
0.238,7752
0.238,7751
0.238,7750
0.239,7749
0.239,7748
0.24,7747
0.24,7746
0.24,7745
0.241,7744
0.241,7743
0.241,7742
0.241,7741
0.242,7740
0.242,7739
0.244,7738
0.244,7737
0.244,7736
0.245,7735
0.245,7734
0.246,7733
0.246,7732
0.247,7731
0.248,7730
0.248,7729
0.248,7728
0.248,7727
0.248,7726
0.248,7725
0.25,7724
0.25,7723
0.251,7722
0.251,7721
0.251,7720
0.252,7719
0.252,7718
0.252,7717
0.252,7716
0.252,7715
0.252,7714
0.253,7713
0.253,7712
0.253,7711
0.253,7710
0.253,7709
0.254,7708
0.254,7707
0.256,7706
0.256,7705
0.256,7704
0.257,7703
0.257,7702
0.258,7701
0.259,7700
0.259,7699
0.259,7698
0.26,7697
0.261,7696
0.261,7695
0.261,7694
0.262,7693
0.263,7692
0.264,7691
0.264,7690
0.266,7689
0.266,7688
0.267,7687
0.267,7686
0.267,7685
0.268,7684
0.268,7683
0.268,7682
0.269,7681
0.269,7680
0.275,7679
0.277,7678
0.277,7677
0.278,7676
0.278,7675
0.278,7674
0.279,7673
0.281,7672
0.281,7671
0.282,7670
0.282,7669
0.283,7668
0.284,7667
0.284,7666
0.285,7665
0.286,7664
0.286,7663
0.287,7662
0.287,7661
0.289,7660
0.29,7659
0.29,7658
0.291,7657
0.291,7656
0.291,7655
0.291,7654
0.291,7653
0.292,7652
0.294,7651
0.294,7650
0.294,7649
0.294,7648
0.294,7647
0.295,7646
0.295,7645
0.297,7644
0.297,7643
0.298,7642
0.298,7641
0.299,7640
0.299,7639
0.299,7638
0.299,7637
0.3,7636
0.3,7635
0.3,7634
0.301,7633
0.302,7632
0.304,7631
0.305,7630
0.305,7629
0.306,7628
0.307,7627
0.308,7626
0.31,7625
0.31,7624
0.312,7623
0.313,7622
0.313,7621
0.314,7620
0.314,7619
0.315,7618
0.317,7617
0.317,7616
0.318,7615
0.319,7614
0.32,7613
0.321,7612
0.322,7611
0.323,7610
0.324,7609
0.324,7608
0.325,7607
0.325,7606
0.326,7605
0.326,7604
0.327,7603
0.327,7602
0.327,7601
0.329,7600
0.329,7599
0.329,7598
0.329,7597
0.331,7596
0.332,7595
0.332,7594
0.333,7593
0.333,7592
0.333,7591
0.334,7590
0.334,7589
0.334,7588
0.335,7587
0.335,7586
0.336,7585
0.338,7584
0.338,7583
0.339,7582
0.339,7581
0.34,7580
0.341,7579
0.348,7578
0.348,7577
0.349,7576
0.35,7575
0.35,7574
0.351,7573
0.352,7572
0.352,7571
0.353,7570
0.353,7569
0.354,7568
0.355,7567
0.356,7566
0.356,7565
0.357,7564
0.358,7563
0.36,7562
0.36,7561
0.36,7560
0.361,7559
0.362,7558
0.362,7557
0.363,7556
0.363,7555
0.364,7554
0.366,7553
0.366,7552
0.367,7551
0.368,7550
0.369,7549
0.369,7548
0.37,7547
0.373,7546
0.373,7545
0.373,7544
0.373,7543
0.374,7542
0.375,7541
0.375,7540
0.377,7539
0.379,7538
0.38,7537
0.382,7536
0.382,7535
0.383,7534
0.386,7533
0.386,7532
0.387,7531
0.389,7530
0.39,7529
0.391,7528
0.391,7527
0.392,7526
0.392,7525
0.393,7524
0.393,7523
0.394,7522
0.394,7521
0.395,7520
0.396,7519
0.397,7518
0.398,7517
0.398,7516
0.399,7515
0.4,7514
0.402,7513
0.403,7512
0.403,7511
0.404,7510
0.405,7509
0.405,7508
0.405,7507
0.406,7506
0.407,7505
0.407,7504
0.408,7503
0.408,7502
0.409,7501
0.409,7500
0.41,7499
0.41,7498
0.41,7497
0.41,7496
0.411,7495
0.412,7494
0.413,7493
0.414,7492
0.416,7491
0.418,7490
0.418,7489
0.419,7488
0.419,7487
0.422,7486
0.427,7485
0.427,7484
0.427,7483
0.428,7482
0.428,7481
0.431,7480
0.432,7479
0.434,7478
0.439,7477
0.442,7476
0.442,7475
0.443,7474
0.447,7473
0.451,7472
0.451,7471
0.453,7470
0.454,7469
0.455,7468
0.456,7467
0.459,7466
0.459,7465
0.464,7464
0.465,7463
0.466,7462
0.466,7461
0.468,7460
0.471,7459
0.472,7458
0.472,7457
0.473,7456
0.477,7455
0.479,7454
0.482,7453
0.482,7452
0.483,7451
0.483,7450
0.487,7449
0.487,7448
0.488,7447
0.488,7446
0.489,7445
0.496,7444
0.496,7443
0.497,7442
0.498,7441
0.5,7440
0.5,7439
0.501,7438
0.503,7437
0.504,7436
0.506,7435
0.506,7434
0.508,7433
0.509,7432
0.511,7431
0.512,7430
0.519,7429
0.519,7428
0.52,7427
0.522,7426
0.523,7425
0.523,7424
0.526,7423
0.529,7422
0.53,7421
0.531,7420
0.533,7419
0.541,7418
0.542,7417
0.543,7416
0.544,7415
0.546,7414
0.547,7413
0.548,7412
0.55,7411
0.551,7410
0.553,7409
0.553,7408
0.556,7407
0.556,7406
0.556,7405
0.56,7404
0.56,7403
0.562,7402
0.565,7401
0.565,7400
0.567,7399
0.569,7398
0.569,7397
0.57,7396
0.572,7395
0.577,7394
0.579,7393
0.582,7392
0.599,7391
0.6,7390
0.605,7389
0.606,7388
0.616,7387
0.623,7386
0.624,7385
0.626,7384
0.632,7383
0.633,7382
0.638,7381
0.648,7380
0.655,7379
0.657,7378
0.666,7377
0.67,7376
0.671,7375
0.673,7374
0.677,7373
0.678,7372
0.683,7371
0.683,7370
0.687,7369
0.689,7368
0.69,7367
0.691,7366
0.698,7365
0.701,7364
0.709,7363
0.711,7362
0.713,7361
0.714,7360
0.714,7359
0.715,7358
0.717,7357
0.718,7356
0.72,7355
0.723,7354
0.736,7353
0.739,7352
0.744,7351
0.758,7350
0.76,7349
0.763,7348
0.763,7347
0.784,7346
0.784,7345
0.792,7344
0.795,7343
0.807,7342
0.822,7341
0.834,7340
0.844,7339
0.855,7338
0.856,7337
0.858,7336
0.869,7335
0.87,7334
0.877,7333
0.883,7332
0.886,7331
0.89,7330
0.891,7329
0.893,7328
0.905,7327
0.915,7326
0.919,7325
0.944,7324
0.981,7323
0.986,7322
0.992,7321
0.999,7320
1.002,7319
1.011,7318
1.013,7317
1.063,7316
1.086,7315
1.114,7314
1.125,7313
1.213,7312
1.252,7311
1.309,7310
1.374,7309
1.479,7308
