0.0,2431
0.0,2430
0.007,2429
0.01,2428
0.013,2427
0.017,2425
0.019,2424
0.022,2423
0.026,2422
0.029,2421
0.035,2419
0.043,2418
0.045,2417
0.058,2415
0.062,2414
0.075,2413
0.077,2412
0.083,2411
0.092,2410
0.095,2409
0.106,2408
0.113,2407
0.124,2406
0.127,2405
0.135,2404
0.138,2403
0.183,2402
0.194,2400
0.198,2399
0.206,2398
0.247,2397
0.265,2396
0.292,2395
0.317,2394
0.361,2391
0.369,2390
0.373,2389
0.383,2388
0.398,2387
0.547,2386
0.769,2383
0.805,2382
0.826,2381
0.849,2380
0.856,2379
0.919,2378
