0.0,2431
0.0,2430
0.04,2429
0.064,2428
0.082,2427
0.113,2426
0.134,2425
0.153,2423
0.164,2422
0.244,2420
0.251,2419
0.278,2418
0.286,2417
0.304,2416
0.312,2415
0.318,2414
0.333,2413
0.339,2412
0.345,2411
0.354,2410
0.363,2409
0.367,2408
0.372,2407
0.392,2405
0.402,2404
0.415,2403
0.42,2402
0.447,2401
0.452,2400
0.461,2399
0.474,2398
0.478,2397
0.481,2396
0.485,2395
0.497,2394
0.507,2393
0.518,2392
0.523,2391
0.53,2390
0.568,2389
0.575,2388
0.589,2387
0.622,2386
0.641,2385
0.652,2384
0.775,2382
0.808,2381
