0.0,2431
0.0,2430
0.005,2429
0.008,2428
0.012,2427
0.015,2426
0.02,2425
0.023,2424
0.027,2423
0.04,2421
0.043,2420
0.051,2419
0.053,2418
0.057,2417
0.06,2416
0.062,2415
0.065,2414
0.069,2413
0.072,2412
0.075,2411
0.078,2410
0.082,2409
0.087,2408
0.089,2407
0.095,2406
0.098,2405
0.1,2404
0.105,2403
0.115,2402
0.119,2401
0.122,2400
0.125,2399
0.136,2398
0.142,2397
0.148,2396
0.151,2395
0.157,2394
0.256,2391
0.293,2390
0.326,2389
0.346,2388
0.353,2387
0.358,2386
0.364,2385
0.376,2384
0.383,2383
0.399,2382
0.412,2381
0.412,2380
0.42,2379
0.443,2378
0.463,2377
