0.0,2431
0.0,2430
0.004,2429
0.006,2428
0.01,2427
0.013,2426
0.021,2425
0.023,2424
0.025,2423
0.028,2422
0.036,2421
0.04,2420
0.042,2419
0.053,2418
0.064,2417
0.067,2416
0.075,2415
0.101,2414
0.104,2413
0.109,2412
0.112,2411
0.117,2410
0.12,2409
0.123,2408
0.127,2407
0.13,2406
0.135,2405
0.14,2404
0.16,2403
0.163,2402
0.188,2401
0.225,2399
0.231,2398
0.237,2397
0.255,2396
0.259,2395
0.282,2394
0.285,2393
0.301,2392
0.317,2391
0.389,2390
0.409,2389
0.453,2388
0.465,2387
0.501,2386
0.505,2385
0.545,2384
0.555,2383
0.578,2382
0.584,2381
