0.0,8074
0.015,8073
0.517,8053
0.57,8052
0.57,8051
0.57,8050
0.786,8049
0.839,8048
0.856,8047
0.856,8046
0.871,8045
0.887,8044
0.902,8043
0.918,8042
0.94,8041
1.466,8040
1.481,8039
1.496,8038
1.513,8037
1.591,8036
1.605,8035
1.669,8034
1.684,8033
1.701,8032
1.714,8031
1.73,8030
1.757,8029
1.773,8028
1.788,8027
1.804,8026
1.82,8025
1.842,8024
1.857,8023
1.889,8022
1.973,8019
1.989,8018
2.02,8017
2.039,8016
2.058,8015
2.073,8014
2.104,8013
2.12,8012
2.142,8011
2.174,8010
2.22,8008
2.242,8007
2.289,8006
2.305,8005
2.339,8004
2.358,8003
2.405,8001
2.421,8000
2.443,7999
2.443,7998
2.474,7997
2.49,7996
2.506,7995
2.543,7994
2.606,7993
2.96,7991
3.023,7989
3.06,7988
3.092,7987
3.161,7986
3.208,7985
3.223,7984
3.863,7976
3.925,7975
3.925,7974
3.979,7973
3.994,7972
4.026,7971
4.048,7970
4.063,7969
4.079,7968
4.11,7967
4.163,7966
4.51,7964
4.526,7963
4.595,7962
4.626,7961
4.664,7960
4.695,7959
4.727,7958
4.749,7957
4.78,7956
4.811,7955
4.865,7954
4.88,7953
4.896,7952
5.028,7950
5.081,7949
5.128,7948
5.15,7947
5.25,7946
5.482,7944
5.498,7943
5.513,7942
5.529,7941
5.629,7940
5.714,7939
