0.0,8074
0.877,8046
0.877,8045
1.143,8041
1.143,8040
1.143,8039
1.143,8038
1.563,8034
1.563,8033
1.586,8032
1.605,8031
1.605,8030
1.605,8029
1.605,8028
1.659,8027
1.681,8025
1.706,8024
1.74,8023
1.783,8022
1.798,8021
1.834,8020
1.852,8019
1.874,8018
1.892,8017
1.923,8015
1.945,8014
1.967,8013
1.997,8012
2.034,8011
2.054,8010
2.081,8009
2.096,8008
2.13,8007
2.145,8006
2.215,8005
2.304,8004
2.326,8003
2.362,8002
2.387,8001
2.407,8000
2.514,7999
2.53,7998
2.774,7995
2.846,7994
2.912,7992
2.927,7991
2.959,7990
2.992,7989
3.015,7988
3.035,7987
3.063,7986
3.08,7985
3.21,7983
3.253,7982
3.316,7980
3.336,7979
3.437,7977
3.492,7975
3.516,7974
3.516,7973
3.547,7972
3.563,7971
3.578,7970
3.632,7969
3.694,7968
3.763,7966
3.794,7965
3.879,7963
3.932,7962
3.948,7961
3.979,7960
4.017,7959
4.064,7958
4.095,7957
4.117,7956
4.149,7955
4.164,7954
4.196,7953
4.233,7952
4.265,7951
4.265,7950
4.296,7949
4.318,7948
4.334,7947
4.38,7946
4.396,7945
4.45,7944
4.597,7942
4.797,7941
4.819,7940
4.851,7939
4.866,7938
4.898,7937
4.935,7936
5.082,7934
5.098,7933
5.136,7932
5.151,7931
5.182,7930
5.198,7929
5.236,7928
5.251,7927
5.267,7926
5.298,7925
5.351,7924
5.481,7923
5.505,7922
5.589,7921
5.614,7920
5.644,7919
5.676,7918
5.693,7917
5.779,7915
5.8,7914
5.929,7913
5.978,7911
6.044,7910
6.126,7909
6.143,7908
6.207,7907
6.229,7906
6.272,7905
6.303,7904
6.362,7903
6.566,7901
6.581,7900
6.618,7899
6.676,7898
6.676,7897
6.816,7894
6.831,7893
6.856,7892
6.874,7891
6.906,7890
6.936,7889
6.959,7888
6.995,7887
7.018,7886
7.076,7885
7.076,7884
7.208,7882
7.264,7881
7.332,7880
7.384,7879
7.483,7877
7.576,7875
7.614,7874
7.694,7872
7.733,7871
7.75,7870
7.776,7869
