0.0,8074
0.014,8073
0.345,8062
0.345,8061
0.345,8060
0.399,8058
0.446,8056
0.645,8052
0.661,8051
0.692,8050
0.692,8049
0.787,8048
0.808,8047
0.833,8045
0.847,8044
0.864,8043
0.884,8042
0.904,8041
0.941,8040
1.062,8039
1.079,8038
1.096,8037
1.111,8036
1.127,8035
1.142,8034
1.248,8033
1.265,8032
1.31,8031
1.358,8030
1.378,8029
1.402,8028
1.423,8027
1.423,8026
1.476,8025
1.513,8024
1.536,8023
1.553,8022
1.568,8021
1.584,8020
1.599,8019
1.642,8018
1.658,8017
1.674,8016
1.695,8015
1.725,8014
1.794,8013
1.83,8012
1.864,8011
1.892,8010
1.909,8009
2.052,8008
2.077,8007
2.122,8006
2.139,8005
2.161,8003
2.211,8002
2.238,8001
2.256,8000
2.272,7999
2.307,7998
2.325,7997
2.473,7996
2.489,7995
2.504,7994
2.521,7993
2.542,7992
2.644,7991
2.674,7990
2.739,7989
2.842,7988
3.182,7987
3.269,7986
3.287,7985
3.8,7976
3.892,7974
3.909,7973
3.957,7972
3.972,7971
3.988,7970
4.073,7969
4.088,7968
4.104,7967
4.127,7966
4.269,7965
4.289,7964
4.335,7963
4.356,7962
4.411,7961
4.432,7960
4.465,7959
4.538,7956
4.579,7954
4.613,7953
4.754,7952
4.776,7951
4.795,7950
4.912,7949
4.93,7948
4.951,7947
4.968,7946
4.987,7945
5.004,7944
5.23,7943
5.354,7942
5.437,7941
5.478,7940
5.527,7939
5.551,7938
5.579,7937
5.612,7936
5.703,7935
5.795,7934
5.926,7933
6.055,7932
6.081,7931
6.249,7930
6.281,7929
6.305,7928
6.326,7927
6.382,7926
6.402,7925
6.473,7924
6.505,7923
6.535,7922
6.589,7921
6.616,7920
