0.0,8074
0.47,8068
0.47,8067
0.47,8066
0.47,8065
0.539,8064
0.554,8063
0.57,8062
0.586,8061
0.618,8060
0.624,8059
0.639,8058
0.655,8057
0.686,8056
0.702,8055
0.723,8054
0.739,8053
0.755,8052
0.84,8051
0.902,8050
0.956,8049
0.987,8048
1.002,8047
1.025,8046
1.103,8045
1.119,8044
1.125,8043
1.172,8042
1.187,8041
1.222,8040
1.225,8039
1.256,8038
1.303,8037
1.874,8032
1.989,8031
1.989,8030
1.989,8029
1.989,8028
1.989,8027
1.989,8026
2.444,8025
2.478,8024
2.512,8023
2.539,8022
2.562,8021
2.583,8020
2.611,8019
2.669,8018
2.743,8017
2.779,8016
2.846,8015
2.947,8014
3.048,8013
3.129,8012
3.151,8011
3.198,8010
3.225,8009
3.396,8008
3.434,8007
3.439,8006
3.471,8005
3.587,8004
3.618,8003
3.656,8002
3.74,8001
3.771,8000
3.84,7999
3.872,7998
4.072,7997
4.42,7996
4.739,7995
4.758,7994
4.805,7993
4.821,7992
4.837,7991
4.843,7990
5.138,7988
5.138,7987
5.36,7986
5.376,7985
5.407,7984
5.545,7983
5.592,7982
