0.0,5497
0.144,5496
0.144,5495
0.359,5493
0.623,5490
0.675,5489
1.042,5488
1.092,5487
1.137,5486
1.543,5482
1.572,5481
1.766,5479
1.969,5478
2.512,5477
2.643,5476
2.763,5475
3.175,5474
3.253,5473
3.526,5472
3.779,5471
3.921,5469
4.49,5467
9.365,5456
9.941,5453
11.32,5450
12.046,5448
12.173,5447
12.209,5446
13.452,5444
13.639,5442
13.852,5440
14.933,5435
15.154,5434
15.191,5433
15.315,5432
15.511,5431
15.799,5430
16.178,5429
16.285,5428
16.524,5427
17.566,5425
17.626,5424
18.142,5423
18.24,5422
18.339,5421
18.96,5420
