0.0,8074
0.701,8050
0.701,8049
0.701,8048
0.701,8047
0.701,8046
0.701,8045
0.701,8044
1.24,8043
1.255,8042
1.302,8041
1.324,8040
1.371,8039
1.425,8036
1.487,8034
1.541,8033
1.556,8032
1.588,8031
1.62,8030
1.625,8029
1.657,8028
1.657,8027
1.741,8026
1.757,8025
1.773,8024
1.857,8023
1.873,8022
1.888,8021
1.904,8020
1.926,8019
1.973,8018
1.989,8017
2.004,8016
2.158,8015
2.204,8014
2.227,8013
2.258,8012
2.258,8011
2.305,8010
2.327,8009
2.343,8008
2.374,8007
2.389,8006
2.405,8005
2.527,8003
2.543,8002
2.574,8001
2.628,7999
2.675,7998
2.724,7997
2.843,7996
2.859,7995
2.874,7994
3.028,7993
3.075,7992
3.329,7991
3.36,7990
3.661,7989
3.677,7988
3.708,7987
3.728,7986
3.761,7985
3.792,7984
3.83,7983
3.861,7982
3.877,7981
3.908,7980
3.946,7979
3.977,7978
4.008,7976
4.093,7975
4.093,7974
4.262,7973
4.293,7972
4.347,7971
