0.0,5497
0.113,5496
0.904,5493
1.065,5492
1.433,5491
1.47,5490
1.723,5488
1.932,5486
2.041,5485
2.237,5484
2.46,5482
2.852,5481
2.944,5480
3.119,5479
3.877,5474
3.972,5473
4.338,5472
4.424,5471
4.675,5470
4.708,5469
4.758,5468
5.382,5467
5.617,5466
5.823,5465
5.927,5464
6.396,5462
6.459,5461
6.755,5460
12.744,5446
12.969,5445
13.139,5444
13.645,5443
13.671,5442
14.8,5438
16.743,5437
17.37,5434
17.625,5433
21.852,5423
22.104,5420
22.247,5419
23.629,5416
23.822,5415
24.18,5414
24.251,5413
24.551,5412
24.83,5411
25.119,5410
26.793,5403
26.85,5402
27.027,5401
27.18,5400
27.473,5399
